***** (re)Starting logger at Sat Dec 29 10:44:11 EST 2012*****


**** TL1 session opened at Sat Dec 29 10:44:11 EST 2012 ****


ÿûÿûÿý<<RTRV-HDR keep alive sent>>

                                                                                
This computer system may be accessed only by authorized users.                  
The data and programs in this system are private, proprietary,                  
confidential and protected by copyright law and international                   
treaties. Unauthorized access, use, knowledge, duplication,                     
reproduction, modification, distribution, retransmission,                       
download or disclosure of any of the data and programs in this                  
system or any portion of it may result in severe civil and                      
criminal penalties and will be enforced and prosecuted to the                   
maximum extent possible under law. Employees or other Company                   
authorized users exceeding their authorizations subject                         
themselves to Company initiated disciplinary proceedings.                       
                                                                                

--- Copyright (c) 2000 - 2011 Ciena (R) Corporation. All Rights Reserved ---
|  NOTICE: This is a private computer system.                              |
|  Unauthorized access or use may lead to prosecution.                     |
|                                                                          |
|  Ciena 6500 OPTICAL                                                      |
----------------------------------------------------------------------------

/*
 * Starting Interactive TL1 Command Mode.
 * Type ? for help while constructing TL1 commands.
 * Type .? for specific parameter/keyword help.
 */


IP 2
<

   "Asd001A_OME4T" 12-12-29 15:44:12
M  2 DENY
   PLNA
   /*Privilege, Login Not Active*/
;<<ACT-USER sent, password hidden>>
IP 3
<

   "Asd001A_OME4T" 12-12-29 15:44:16
M  3 COMPLD
;RTRV-NETYPE:"Asd001A_OME4T"::4;
IP 4
<

   "Asd001A_OME4T" 12-12-29 15:44:17
M  4 COMPLD
   "CIENA,\"6500 OPTICAL\",OCP,\"REL0810Z.HD\""
;RTRV-SW-VER:"Asd001A_OME4T"::5;
IP 5
<

   "Asd001A_OME4T" 12-12-29 15:44:17
M  5 COMPLD
   "SHELF-1:REL0810Z.HD"
;RTRV-RTG-INFO:"Asd001A_OME4T"::6:::NAME="Asd001A_OME4T";
IP 6
<

   "Asd001A_OME4T" 12-12-29 15:44:24
M  6 COMPLD
   "SHELF-1::,\"Asd001A_OME4T\",0020D8DF3386|145.145.67.68,00001600,YES"
;RTRV-SYS:"Asd001A_OME4T"::7;
IP 7
<

   "Asd001A_OME4T" 12-12-29 15:44:24
M  7 COMPLD
   "SHELF-1::ACTUALCOOLING=LOWFLOW,ACTUALPOWER=566,AINSTIMEOUT=00-05,ALMCORR=OFF,ALMHO=2.5,BAYFICINAO=FALSE,BITSMODE=SDH,CSFMCASTMAC=0180C2880001,EQPTCURRENT=40,ETHEERTH=20,ETHGFPRFI=ENABLED,ETHGFPRFIUPI=128,ETHSDTH=1,FCEERTH=20,FCSDTH=1,FIBERLOSSDETECTION=DISABLED,FILLERMGMT=ENABLED,GCC0MODE=IISIS,GCC1MODE=DISABLED,LASEROFFFARENDFAIL=DISABLED,LINEPEVSTAT=MAN&AUTO,MAJORDEGRADETHRESH=6.00,MINCOOLING=LOWFLOW,MINORDEGRADETHRESH=3.00,MONITORFAN=ENABLED,NEMODE=SDH,OSCMODE=OSPF,PATHEBERTH=3,PATHPEVSTAT=MAN,PATHSDTH=6,PATHSWCRIT=UNEQ&SD&EBER&AIS&LOP,PROVCURRENT=40,PTHAISINSERT=AIS&LOP,SHELFSYNCH=YES,STATE=NORMAL,WANFREERTH=20,WANFRSDTH=1,WANTREERTH=20,WANTRSDTH=1"
;ALW-MSG-BROADCAST:"Asd001A_OME4T":ALL:8;
IP 8
<

   "Asd001A_OME4T" 12-12-29 15:44:25
M  8 COMPLD
;RTRV-EQPT:"Asd001A_OME4T":ALL:9;
IP 9
<

   "Asd001A_OME4T" 12-12-29 15:44:25
M  9 COMPLD
   "GE-1-1::PROVPEC=NTK535LA,CTYPE=\"GE EPL 4 Port SFP\",PEC=NTK535LA,REL= 02 ,CLEI=WMOTAJ4JAB,SER=NNTM01G1D3HLB,MDAT=2004-44,AGE=07-080-01-00,ONSC=00-037-03-20:IS,IDLE"
   "PGEFC-1-1-1::PROVPEC=NTTP01CF,CTYPE=\"GE LX [10k]/FC100 SM 1310nm LC SFP\",PEC=NTTP01CF,REL=01,CLEI=WMOTAH1JAA,SER=EXLGJPD751590606:IS,IDLE"
   "PGEFC-1-1-2::PROVPEC=NTTP01CF,CTYPE=\"GE LX [10k]/FC100 SM 1310nm LC SFP\",PEC=NTTP01CF,REL=01,CLEI=WMOTAH1JAA,SER=EXLGJPM4E4260392:IS,IDLE"
   "PGEFC-1-1-3::PROVPEC=NTTP01AF,CTYPE=\"GE SX/FC100 Mx 850nm LC SFP\",PEC=NTTP01AF,REL=03,CLEI=WMOTCWXJAA,SER=BE0908420070    :IS,IDLE"
   "PGEFC-1-1-4::PROVPEC=NTTP01CF,CTYPE=\"GE LX [10k]/FC100 SM 1310nm LC SFP\",PEC=NTTP01CF,REL=01,CLEI=WMOTAH1JAA,SER=EXLGJPM4E4260298:IS,IDLE"
   "GE-1-2::PROVPEC=NTK535LA,CTYPE=\"GE EPL 4 Port SFP\",PEC=NTK535LA,REL= 02 ,CLEI=WMOTAJ4JAB,SER=NNTM01W1D3HLR,MDAT=2004-44,AGE=06-096-21-00,ONSC=00-037-03-20:IS,IDLE"
   "PGEFC-1-2-1::PROVPEC=NTTP01AF,CTYPE=\"GE SX/FC100 Mx 850nm LC SFP\",PEC=NTTP01AF,REL=01,CLEI=SOC3NNFCAA,SER=AGLTMY00005591  :IS,IDLE"
   "PGEFC-1-2-2::PROVPEC=NTTP01AF,CTYPE=\"GE SX/FC100 Mx 850nm LC SFP\",PEC=NTTP01AF,REL=01,CLEI=SOC3NNFCAA,SER=AGLTMY00005RVB  :IS,IDLE"
   "L2SS-1-4::PROVPEC=NTK531BA,CTYPE=\"L2SS 2.5G GE VT1.5/LO 4 Port SFP\",PEC=NTK531BA,REL= 08 ,CLEI=WMOTBRCJAD,SER=NNTMH1L102K75,MDAT=2011-33,AGE=00-344-20-54,ONSC=00-037-03-20,EQPTPROFILE=L2SS_NONPDH:IS,IDLE"
   "XGE-1-5::PROVPEC=NTK533AA,CTYPE=\"10GE LAN/WAN 10G EPL 1 Port XFP\",PEC=NTK533AA,REL= 02 ,CLEI=WOTRAM7KAA,SER=NNTMH8W002VXO,MDAT=2007-31,AGE=04-072-00-38,ONSC=00-037-03-20:IS,IDLE"
>

   "Asd001A_OME4T" 12-12-29 15:44:25
M  9 COMPLD
   "P10GSEL-1-5-1::PROVPEC=NTTP80BA,CTYPE=\"OC192 SR-1:I-64.1/10GBASE-LR/LW,1310 nm, XFP, 0/70C, LC, MSA\",PEC=NTTP80BA,REL=04,CLEI=WMOTBNAJAA,SER=EXLGJP8330010351:IS,IDLE"
   "10G-1-6::PROVPEC=NTK526JA,CTYPE=\"OC-192/STM-64 STS-1/HO 1 Port G.709 DWDM C-Band AM1/AM2\",PEC=NTK526JA,REL= 05 ,CLEI=WMOTCM0JAB,SER=NNTMRRJ017RDT,MDAT=2011-16,AGE=00-139-13-13,ONSC=00-037-03-18:IS,IDLE"
   "XC-1-7::PROVPEC=NTK557AA,CTYPE=\"X-Conn 80G STS-1/VC-3 Sync-ST3\",PEC=NTK557AA,REL= 06A,CLEI=WMIXCC0BAE,SER=NNTM01O1D4LO7,MDAT=2005-42,AGE=02-117-10-38,ONSC=00-037-03-20:IS,STBYH"
   "XC-1-8::PROVPEC=NTK557AA,CTYPE=\"X-Conn 80G STS-1/VC-3 Sync-ST3\",PEC=NTK557AA,REL= 05B,CLEI=WMIXCC0BAD,SER=NNTM01D1D47RJ,MDAT=2011-36,AGE=01-054-13-54,ONSC=00-037-03-20:IS,WRKTRAF&WRKSYNC"
   "10G-1-9::PROVPEC=NTK526MN,CTYPE=\"OC-192/STM-64 STS-1/HO 1 Port G.709 DWDM 1552.52nm\",PEC=NTK526MN,REL= 05 ,CLEI=WMOTBEFJAA,SER=NNTM0181D446E,MDAT=2004-48,AGE=01-315-14-37,ONSC=00-037-03-19:IS,IDLE"
   "10G-1-10::PROVPEC=NTK523DA,CTYPE=\"OC-192/STM-64 STS-1/HO 1 Port IR-2/S-64.2\",PEC=NTK523DA,REL= 02 ,CLEI=WMOTAGXJAB,SER=NNTM01B1D3EGA,MDAT=2004-35,AGE=01-315-14-23,ONSC=00-037-03-18:IS,IDLE"
   "GE-1-13::PROVPEC=NTK535LA,CTYPE=\"GE EPL 4 Port SFP\",PEC=NTK535LA,REL= 03 ,CLEI=WMOTAJ4JAC,SER=NNTM01Q1D4KQ0,MDAT=2005-25,AGE=06-203-16-41,ONSC=00-037-02-48:IS,ACT"
   "PGEFC-1-13-1::PROVPEC=NTTP01AF,CTYPE=\"GE SX/FC100 Mx 850nm LC SFP\",PEC=NTTP01AF,REL=01,CLEI=SOC3NNFCAA,SER=AGLTMY000055KF  :IS,ACT"
   "PGEFC-1-13-2::PROVPEC=NTTP01AF,CTYPE=\"GE SX/FC100 Mx 850nm LC SFP\",PEC=NTTP01AF,REL=01,CLEI=SOC3NNFCAA,SER=AGLTMY00005RU6  :IS,IDLE"
   "PGEFC-1-13-3::PROVPEC=NTTP01AF,CTYPE=\"GE SX/FC100 Mx 850nm LC SFP\",PEC=NTTP01AF,REL=01,CLEI=SOC3NNFCAA,SER=AGLTMY000055MZ  :IS,IDLE"
>

   "Asd001A_OME4T" 12-12-29 15:44:25
M  9 COMPLD
   "PGEFC-1-13-4::PROVPEC=NTTP01AF,CTYPE=\"GE SX/FC100 Mx 850nm LC SFP\",PEC=NTTP01AF,REL=01,CLEI=SOC3NNFCAA,SER=AGLTMY00005RWE  :IS,ACT"
   "SP-1-15::PROVPEC=NTK555AA,CTYPE=\"Processor SP\",PEC=NTK555AA,REL= 05 ,CLEI=WMUCAJFAAB,SER=NNTM01Z1D3S9J,MDAT=2004-42,AGE=00-037-03-21,ONSC=00-037-03-13,TCUR=21,TAVG=20:IS,"
;RTRV-OC3:"Asd001A_OME4T":OC3-1-ALL:10;
IP 10
<

   "Asd001A_OME4T" 12-12-29 15:44:25
M  10 COMPLD
;RTRV-OC12:"Asd001A_OME4T":OC12-1-ALL:11;
IP 11
<

   "Asd001A_OME4T" 12-12-29 15:44:26
M  11 COMPLD
;RTRV-OC48:"Asd001A_OME4T":OC48-1-ALL:12;
IP 12
<

   "Asd001A_OME4T" 12-12-29 15:44:26
M  12 COMPLD
;RTRV-OC192:"Asd001A_OME4T":OC192-1-ALL:13;
IP 13
<

   "Asd001A_OME4T" 12-12-29 15:44:26
M  13 COMPLD
   "OC192-1-6-1::TMGREF=N,DCC=Y,,SDTH=6,,,,,ALS=DISABLED,DUSOVERRIDE=DISABLED,EBERTH=3,PORTMODE=SDH,UNEQMODE=VC4,,,,CLFI=\"\":IS,DISCD"
   "OC192-1-9-1::TMGREF=N,DCC=Y,,SDTH=6,,,,,ALS=DISABLED,DUSOVERRIDE=DISABLED,EBERTH=3,PORTMODE=SDH,UNEQMODE=VC4,,,,CLFI=\"\":IS,DISCD"
   "OC192-1-10-1::TMGREF=N,DCC=Y,,SDTH=6,,,,,ALS=ENABLED,DUSOVERRIDE=DISABLED,EBERTH=3,PORTMODE=SDH,UNEQMODE=VC4,,,,CLFI=\"\":IS,DISCD"
;RTRV-ETH:"Asd001A_OME4T":ETH-1-ALL:14;
IP 14
<

   "Asd001A_OME4T" 12-12-29 15:44:30
M  14 COMPLD
   "ETH-1-1-1::AN=ENABLE,ANSTATUS=INPROGRESS,ANETHDPX=UNKNOWN,ANSPEED=UNKNOWN,ANPAUSETX=UNKNOWN,ANPAUSERX=UNKNOWN,ADVETHDPX=UNKNOWN,ADVSPEED=UNKNOWN,ADVFLOWCTRL=UNKNOWN,ETHDPX=FULL,SPEED=1000,FLOWCTRL=NONE,PAUSETX=DISABLE,PAUSERX=DISABLE,PAUSERXOVERRIDE=ENABLE,MTU=9600,TXCON=ENABLE,PASSCTRL=DISABLE,PAUSETXOVERRIDE=DISABLE,RXIDLE=0,CFPRF=CFPRF-1-4,PHYSADDR=0020D8DF3A0C,CLFI=\"\",AINSTIMELEFT=00-05:OOS-AU,FLT&DISCD&AINS"
   "ETH-1-1-2::AN=ENABLE,ANSTATUS=INPROGRESS,ANETHDPX=UNKNOWN,ANSPEED=UNKNOWN,ANPAUSETX=UNKNOWN,ANPAUSERX=UNKNOWN,ADVETHDPX=UNKNOWN,ADVSPEED=UNKNOWN,ADVFLOWCTRL=UNKNOWN,ETHDPX=FULL,SPEED=1000,FLOWCTRL=NONE,PAUSETX=DISABLE,PAUSERX=DISABLE,PAUSERXOVERRIDE=ENABLE,MTU=9600,TXCON=ENABLE,PASSCTRL=DISABLE,PAUSETXOVERRIDE=DISABLE,RXIDLE=0,CFPRF=CFPRF-1-4,PHYSADDR=0020D8DF3A0D,CLFI=\"\",AINSTIMELEFT=00-05:OOS-AU,FLT&DISCD&AINS"
   "ETH-1-1-3::AN=ENABLE,ANSTATUS=INPROGRESS,ANETHDPX=UNKNOWN,ANSPEED=UNKNOWN,ANPAUSETX=UNKNOWN,ANPAUSERX=UNKNOWN,ADVETHDPX=UNKNOWN,ADVSPEED=UNKNOWN,ADVFLOWCTRL=UNKNOWN,ETHDPX=FULL,SPEED=1000,FLOWCTRL=NONE,PAUSETX=DISABLE,PAUSERX=DISABLE,PAUSERXOVERRIDE=ENABLE,MTU=9600,TXCON=ENABLE,PASSCTRL=DISABLE,PAUSETXOVERRIDE=DISABLE,RXIDLE=0,CFPRF=CFPRF-1-4,PHYSADDR=0020D8DF3A0E,CLFI=\"\",AINSTIMELEFT=00-05:OOS-AU,FLT&DISCD&AINS"
   "ETH-1-1-4::AN=ENABLE,ANSTATUS=INPROGRESS,ANETHDPX=UNKNOWN,ANSPEED=UNKNOWN,ANPAUSETX=UNKNOWN,ANPAUSERX=UNKNOWN,ADVETHDPX=UNKNOWN,ADVSPEED=UNKNOWN,ADVFLOWCTRL=UNKNOWN,ETHDPX=FULL,SPEED=1000,FLOWCTRL=NONE,PAUSETX=DISABLE,PAUSERX=DISABLE,PAUSERXOVERRIDE=ENABLE,MTU=9600,TXCON=ENABLE,PASSCTRL=DISABLE,PAUSETXOVERRIDE=DISABLE,RXIDLE=0,CFPRF=CFPRF-1-4,PHYSADDR=0020D8DF3A0F,CLFI=\"\",AINSTIMELEFT=00-05:OOS-AU,FLT&DISCD&AINS"
>

   "Asd001A_OME4T" 12-12-29 15:44:30
M  14 COMPLD
   "ETH-1-2-1::AN=ENABLE,ANSTATUS=INPROGRESS,ANETHDPX=UNKNOWN,ANSPEED=UNKNOWN,ANPAUSETX=UNKNOWN,ANPAUSERX=UNKNOWN,ADVETHDPX=UNKNOWN,ADVSPEED=UNKNOWN,ADVFLOWCTRL=UNKNOWN,ETHDPX=FULL,SPEED=1000,FLOWCTRL=NONE,PAUSETX=DISABLE,PAUSERX=DISABLE,PAUSERXOVERRIDE=ENABLE,MTU=9600,TXCON=ENABLE,PASSCTRL=DISABLE,PAUSETXOVERRIDE=DISABLE,RXIDLE=0,CFPRF=CFPRF-1-4,PHYSADDR=0020D8DF39EE,CLFI=\"\",AINSTIMELEFT=00-05:OOS-AU,FLT&DISCD&AINS"
   "ETH-1-2-2::AN=ENABLE,ANSTATUS=INPROGRESS,ANETHDPX=UNKNOWN,ANSPEED=UNKNOWN,ANPAUSETX=UNKNOWN,ANPAUSERX=UNKNOWN,ADVETHDPX=UNKNOWN,ADVSPEED=UNKNOWN,ADVFLOWCTRL=UNKNOWN,ETHDPX=FULL,SPEED=1000,FLOWCTRL=NONE,PAUSETX=DISABLE,PAUSERX=DISABLE,PAUSERXOVERRIDE=ENABLE,MTU=9600,TXCON=ENABLE,PASSCTRL=DISABLE,PAUSETXOVERRIDE=DISABLE,RXIDLE=0,CFPRF=CFPRF-1-4,PHYSADDR=0020D8DF39EF,CLFI=\"\",AINSTIMELEFT=00-05:OOS-AU,FLT&DISCD&AINS"
   "ETH-1-13-1::AN=ENABLE,ANSTATUS=INPROGRESS,ANETHDPX=UNKNOWN,ANSPEED=UNKNOWN,ANPAUSETX=UNKNOWN,ANPAUSERX=UNKNOWN,ADVETHDPX=UNKNOWN,ADVSPEED=UNKNOWN,ADVFLOWCTRL=UNKNOWN,ETHDPX=FULL,SPEED=1000,FLOWCTRL=NONE,PAUSETX=DISABLE,PAUSERX=DISABLE,PAUSERXOVERRIDE=ENABLE,MTU=9600,TXCON=ENABLE,PASSCTRL=DISABLE,PAUSETXOVERRIDE=DISABLE,RXIDLE=0,CFPRF=CFPRF-1-4,PHYSADDR=001158FF61A1,CLFI=\"\",AINSTIMELEFT=00-05:OOS-AU,FLT&AINS"
   "ETH-1-13-2::AN=ENABLE,ANSTATUS=INPROGRESS,ANETHDPX=UNKNOWN,ANSPEED=UNKNOWN,ANPAUSETX=UNKNOWN,ANPAUSERX=UNKNOWN,ADVETHDPX=UNKNOWN,ADVSPEED=UNKNOWN,ADVFLOWCTRL=UNKNOWN,ETHDPX=FULL,SPEED=1000,FLOWCTRL=NONE,PAUSETX=DISABLE,PAUSERX=DISABLE,PAUSERXOVERRIDE=ENABLE,MTU=9600,TXCON=ENABLE,PASSCTRL=DISABLE,PAUSETXOVERRIDE=DISABLE,RXIDLE=0,CFPRF=CFPRF-1-4,PHYSADDR=001158FF61A2,CLFI=\"\",AINSTIMELEFT=00-05:OOS-AU,FLT&DISCD&AINS"
>

   "Asd001A_OME4T" 12-12-29 15:44:30
M  14 COMPLD
   "ETH-1-13-3::AN=ENABLE,ANSTATUS=INPROGRESS,ANETHDPX=UNKNOWN,ANSPEED=UNKNOWN,ANPAUSETX=UNKNOWN,ANPAUSERX=UNKNOWN,ADVETHDPX=UNKNOWN,ADVSPEED=UNKNOWN,ADVFLOWCTRL=UNKNOWN,ETHDPX=FULL,SPEED=1000,FLOWCTRL=NONE,PAUSETX=DISABLE,PAUSERX=DISABLE,PAUSERXOVERRIDE=ENABLE,MTU=9600,TXCON=ENABLE,PASSCTRL=DISABLE,PAUSETXOVERRIDE=DISABLE,RXIDLE=0,CFPRF=CFPRF-1-4,PHYSADDR=001158FF61A3,CLFI=\"\",AINSTIMELEFT=00-05:OOS-AU,FLT&DISCD&AINS"
   "ETH-1-13-4::AN=ENABLE,ANSTATUS=COMPLETED,ANETHDPX=FULL,ANSPEED=1000,ANPAUSETX=DISABLE,ANPAUSERX=DISABLE,ADVETHDPX=FULL,ADVSPEED=1000,ADVFLOWCTRL=BOTH,ETHDPX=FULL,SPEED=1000,FLOWCTRL=NONE,PAUSETX=DISABLE,PAUSERX=DISABLE,PAUSERXOVERRIDE=ENABLE,MTU=9600,TXCON=ENABLE,PASSCTRL=DISABLE,PAUSETXOVERRIDE=DISABLE,RXIDLE=0,CFPRF=CFPRF-1-4,PHYSADDR=001158FF61A4,CLFI=\"\":IS"
;RTRV-ETH10G:"Asd001A_OME4T":ETH10G-1-ALL:15;
IP 15
<

   "Asd001A_OME4T" 12-12-29 15:44:32
M  15 COMPLD
   "ETH10G-1-5-1::MTU=1600,FLOWCTRL=ASYM,CLFI=\"\",AINSTIMELEFT=00-05,AN=DISABLE,ANSTATUS=DISABLED,ETHDPX=FULL,SPEED=10G,TXCON=ENABLE,PAUSETX=ENABLE,PAUSERX=DISABLE,PAUSERXOVERRIDE=ENABLE,PAUSETXOVERRIDE=DISABLE,ANETHDPX=UNKNOWN,ANSPEED=UNKNOWN,ANPAUSETX=UNKNOWN,ANPAUSERX=UNKNOWN,ADVETHDPX=UNKNOWN,ADVSPEED=UNKNOWN,ADVFLOWCTRL=UNKNOWN,PASSCTRL=DISABLE,PHYSADDR=0016CA4068D6,EQPT=XGELAN,RXIDLE=0:OOS-AU,FLT&DISCD&AINS"
;RTRV-ETH100:"Asd001A_OME4T":ETH100-1-ALL:16;
IP 16
<

   "Asd001A_OME4T" 12-12-29 15:44:32
M  16 COMPLD
;RTRV-WAN:"Asd001A_OME4T":WAN-1-ALL:17;
IP 17
<

   "Asd001A_OME4T" 12-12-29 15:44:35
M  17 COMPLD
   "WAN-1-1-1::MAPPING=GFP-F,RATE=NONE,VCAT=ENABLE,LCAS=DISABLE,PROVUNITS=0,ACTUALUNITS=0,MAGICNUM=DISABLE,LCM=DISABLE,NCP=NONE,MODE=SDH,FCS=32,SCRAMBLE=ENABLE,LANFCS=ENABLE,RTDELAY=UNKNOWN,CONDTYPE=GFPCMF,GFPRFI=ENABLE,AVLBLRATE=STS1HO/STS1LO/STS3C,PROVRXUNITS=0,GFPRTDELAY=ENABLE,MAXVCDEL=14000,CURRVCDEL=0,ACTUALRXUNITS=0:IS,DISCD&AINS"
   "WAN-1-1-2::MAPPING=GFP-F,RATE=NONE,VCAT=ENABLE,LCAS=DISABLE,PROVUNITS=0,ACTUALUNITS=0,MAGICNUM=DISABLE,LCM=DISABLE,NCP=NONE,MODE=SDH,FCS=32,SCRAMBLE=ENABLE,LANFCS=ENABLE,RTDELAY=UNKNOWN,CONDTYPE=GFPCMF,GFPRFI=ENABLE,AVLBLRATE=STS1HO/STS1LO/STS3C,PROVRXUNITS=0,GFPRTDELAY=ENABLE,MAXVCDEL=14000,CURRVCDEL=0,ACTUALRXUNITS=0:IS,DISCD&AINS"
   "WAN-1-1-3::MAPPING=GFP-F,RATE=NONE,VCAT=ENABLE,LCAS=DISABLE,PROVUNITS=0,ACTUALUNITS=0,MAGICNUM=DISABLE,LCM=DISABLE,NCP=NONE,MODE=SDH,FCS=32,SCRAMBLE=ENABLE,LANFCS=ENABLE,RTDELAY=UNKNOWN,CONDTYPE=GFPCMF,GFPRFI=ENABLE,AVLBLRATE=STS1HO/STS1LO/STS3C,PROVRXUNITS=0,GFPRTDELAY=ENABLE,MAXVCDEL=14000,CURRVCDEL=0,ACTUALRXUNITS=0:IS,DISCD&AINS"
   "WAN-1-1-4::MAPPING=GFP-F,RATE=NONE,VCAT=ENABLE,LCAS=DISABLE,PROVUNITS=0,ACTUALUNITS=0,MAGICNUM=DISABLE,LCM=DISABLE,NCP=NONE,MODE=SDH,FCS=32,SCRAMBLE=ENABLE,LANFCS=ENABLE,RTDELAY=UNKNOWN,CONDTYPE=GFPCMF,GFPRFI=ENABLE,AVLBLRATE=STS1HO/STS1LO/STS3C,PROVRXUNITS=0,GFPRTDELAY=ENABLE,MAXVCDEL=14000,CURRVCDEL=0,ACTUALRXUNITS=0:IS,DISCD&AINS"
   "WAN-1-2-1::MAPPING=GFP-F,RATE=NONE,VCAT=ENABLE,LCAS=DISABLE,PROVUNITS=0,ACTUALUNITS=0,MAGICNUM=DISABLE,LCM=DISABLE,NCP=NONE,MODE=SDH,FCS=32,SCRAMBLE=ENABLE,LANFCS=ENABLE,RTDELAY=UNKNOWN,CONDTYPE=GFPCMF,GFPRFI=ENABLE,AVLBLRATE=STS1HO/STS1LO/STS3C,PROVRXUNITS=0,GFPRTDELAY=ENABLE,MAXVCDEL=14000,CURRVCDEL=0,ACTUALRXUNITS=0:IS,DISCD&AINS"
>

   "Asd001A_OME4T" 12-12-29 15:44:35
M  17 COMPLD
   "WAN-1-2-2::MAPPING=GFP-F,RATE=NONE,VCAT=ENABLE,LCAS=DISABLE,PROVUNITS=0,ACTUALUNITS=0,MAGICNUM=DISABLE,LCM=DISABLE,NCP=NONE,MODE=SDH,FCS=32,SCRAMBLE=ENABLE,LANFCS=ENABLE,RTDELAY=UNKNOWN,CONDTYPE=GFPCMF,GFPRFI=ENABLE,AVLBLRATE=STS1HO/STS1LO/STS3C,PROVRXUNITS=0,GFPRTDELAY=ENABLE,MAXVCDEL=14000,CURRVCDEL=0,ACTUALRXUNITS=0:IS,DISCD&AINS"
   "WAN-1-5-1::MAPPING=GFP-F,FCS=32,CONDTYPE=GFPCMF,GFPRFI=ENABLE,PROVRXUNITS=0,GFPRTDELAY=ENABLE,RATE=NONE,LCAS=DISABLE,VCAT=ENABLE,PROVUNITS=0,ACTUALUNITS=0,LANFCS=ENABLE,RTDELAY=UNKNOWN,MAXVCDEL=0,CURRVCDEL=0,SCRAMBLE=ENABLE,ACTUALRXUNITS=0,AVLBLRATE=STS3C:IS,DISCD&AINS"
   "WAN-1-13-1::MAPPING=GFP-F,RATE=STS3C,VCAT=ENABLE,LCAS=DISABLE,PROVUNITS=1,ACTUALUNITS=1,MAGICNUM=DISABLE,LCM=DISABLE,NCP=NONE,MODE=SDH,FCS=32,SCRAMBLE=ENABLE,LANFCS=ENABLE,RTDELAY=126,CONDTYPE=GFPCMF,GFPRFI=ENABLE,AVLBLRATE=STS3C,PROVRXUNITS=1,GFPRTDELAY=ENABLE,MAXVCDEL=14000,CURRVCDEL=0,ACTUALRXUNITS=1:IS,AINS"
   "WAN-1-13-2::MAPPING=GFP-F,RATE=NONE,VCAT=DISABLE,LCAS=DISABLE,PROVUNITS=0,ACTUALUNITS=0,MAGICNUM=DISABLE,LCM=DISABLE,NCP=NONE,MODE=SDH,FCS=32,SCRAMBLE=ENABLE,LANFCS=ENABLE,RTDELAY=UNKNOWN,CONDTYPE=GFPCMF,GFPRFI=ENABLE,AVLBLRATE=NONE,PROVRXUNITS=0,GFPRTDELAY=ENABLE,MAXVCDEL=14000,CURRVCDEL=0,ACTUALRXUNITS=0:IS,DISCD&AINS"
   "WAN-1-13-3::MAPPING=GFP-F,RATE=NONE,VCAT=ENABLE,LCAS=DISABLE,PROVUNITS=0,ACTUALUNITS=0,MAGICNUM=DISABLE,LCM=DISABLE,NCP=NONE,MODE=SDH,FCS=32,SCRAMBLE=ENABLE,LANFCS=ENABLE,RTDELAY=UNKNOWN,CONDTYPE=GFPCMF,GFPRFI=ENABLE,AVLBLRATE=STS3C,PROVRXUNITS=0,GFPRTDELAY=ENABLE,MAXVCDEL=14000,CURRVCDEL=0,ACTUALRXUNITS=0:IS,DISCD&AINS"
>

   "Asd001A_OME4T" 12-12-29 15:44:35
M  17 COMPLD
   "WAN-1-13-4::MAPPING=GFP-F,RATE=STS3C,VCAT=ENABLE,LCAS=DISABLE,PROVUNITS=1,ACTUALUNITS=1,MAGICNUM=DISABLE,LCM=DISABLE,NCP=NONE,MODE=SDH,FCS=32,SCRAMBLE=ENABLE,LANFCS=ENABLE,RTDELAY=132,CONDTYPE=GFPCMF,GFPRFI=ENABLE,AVLBLRATE=STS3C,PROVRXUNITS=1,GFPRTDELAY=ENABLE,MAXVCDEL=14000,CURRVCDEL=0,ACTUALRXUNITS=1:IS"
;RTRV-VCS:"Asd001A_OME4T":VCS-1-ALL:18;
IP 18
<

   "Asd001A_OME4T" 12-12-29 15:44:36
M  18 COMPLD
;RTRV-VCE:"Asd001A_OME4T":VCE-1-ALL:19;
IP 19
<

   "Asd001A_OME4T" 12-12-29 15:44:37
M  19 COMPLD
;RTRV-VCEMAP:"Asd001A_OME4T":VCEMAP-1-ALL:20;
IP 20
<

   "Asd001A_OME4T" 12-12-29 15:44:37
M  20 COMPLD
;RTRV-CRS-ALL:"Asd001A_OME4T"::21:::CKTID=ALL;
IP 21
<

   "Asd001A_OME4T" 12-12-29 15:44:37
M  21 COMPLD
   "STS3C-1-13-4-1,STS3C-1-13-4-1:1WAY:PRIMARYXC=SHELF,PRIME=OSS,CKTID=\"DRAC-loopback\":STS3C:"
   "STS3C-1-13-1-1,STS3C-1-13-1-1:1WAY:PRIMARYXC=SHELF,PRIME=OSS,CKTID=\"DRAC-loopback\":STS3C:"
;RTRV-AD-ALL:"Asd001A_OME4T"::22;
IP 22
<

   "Asd001A_OME4T" 12-12-29 15:44:38
M  22 COMPLD
   "OC192-1-6-1:TYP-SH-SL-PRT,LINE:TX_VERSION=\"2\",TX_TAG=\"AD_2_00:20:d8:df:33:86_001_000_006_000_001_ME_1\",RX_VERSION=\"2\",RX_ACTUAL=\"AD_2_00:20:d8:df:33:8b_001_000_009_000_001_ME_1\",RX_EXPECTED=\"\",RECONFIG=DISABLE,RX_RELIABILITY=RELIABLE,MECHANISM=IIH"
   "ADJ-1-6-1:TYP-SH-SL-PRT,PHYS:TX_VERSION=\"2\",TX_TAG=\"Asd001A_OME4T-1-6-1\",RX_VERSION=\"2\",RX_ACTUAL=\"\",RX_EXPECTED=\"\",RECONFIG=DISABLE,RX_RELIABILITY=UNRELIABLE,MECHANISM=DERIVED"
   "OC192-1-9-1:TYP-SH-SL-PRT,LINE:TX_VERSION=\"2\",TX_TAG=\"AD_2_00:20:d8:df:33:86_001_000_009_000_001_ME_1\",RX_VERSION=\"2\",RX_ACTUAL=\"AD_2_00:20:d8:df:33:59_001_000_006_000_001_ME_1\",RX_EXPECTED=\"\",RECONFIG=DISABLE,RX_RELIABILITY=RELIABLE,MECHANISM=IIH"
   "OC192-1-10-1:TYP-SH-SL-PRT,LINE:TX_VERSION=\"2\",TX_TAG=\"AD_2_00:20:d8:df:33:86_001_000_010_000_001_ME_1\",RX_VERSION=\"2\",RX_ACTUAL=\"AD_2_00:21:e1:d9:d6:89_001_000_015_000_001_ME_1\",RX_EXPECTED=\"\",RECONFIG=DISABLE,RX_RELIABILITY=RELIABLE,MECHANISM=IIH"
;RTRV-FFP-OC192:"Asd001A_OME4T":OC192-1-ALL:23;
IP 23
<

   "Asd001A_OME4T" 12-12-29 15:44:38
M  23 COMPLD
;RTRV-ALM-ALL:"Asd001A_OME4T"::24::;
IP 24
<

   "Asd001A_OME4T" 12-12-29 15:45:11
M  24 COMPLD
;<<RTRV-HDR keep alive sent>>
IP 25
<

   "Asd001A_OME4T" 12-12-29 15:46:17
M  25 COMPLD
;<<RTRV-HDR keep alive sent>>
IP 26
<

   "Asd001A_OME4T" 12-12-29 15:48:17
M  26 COMPLD
;<<RTRV-HDR keep alive sent>>
IP 27
<

   "Asd001A_OME4T" 12-12-29 15:50:17
M  27 COMPLD
;<<RTRV-HDR keep alive sent>>
IP 28
<

   "Asd001A_OME4T" 12-12-29 15:52:17
M  28 COMPLD
;<<RTRV-HDR keep alive sent>>
IP 29
<

   "Asd001A_OME4T" 12-12-29 15:54:18
M  29 COMPLD
;<<RTRV-HDR keep alive sent>>
IP 30
<

   "Asd001A_OME4T" 12-12-29 15:56:18
M  30 COMPLD
;<<RTRV-HDR keep alive sent>>
IP 31
<

   "Asd001A_OME4T" 12-12-29 15:58:18
M  31 COMPLD
;<<RTRV-HDR keep alive sent>>
IP 32
<

   "Asd001A_OME4T" 12-12-29 16:00:20
M  32 COMPLD
;<<RTRV-HDR keep alive sent>>
IP 33
<

   "Asd001A_OME4T" 12-12-29 16:02:20
M  33 COMPLD
;<<RTRV-HDR keep alive sent>>
IP 34
<

   "Asd001A_OME4T" 12-12-29 16:04:21
M  34 COMPLD
;<<RTRV-HDR keep alive sent>>
IP 35
<

   "Asd001A_OME4T" 12-12-29 16:06:21
M  35 COMPLD
;<<RTRV-HDR keep alive sent>>
IP 36
<

   "Asd001A_OME4T" 12-12-29 16:08:21
M  36 COMPLD
;<<RTRV-HDR keep alive sent>>
IP 37
<

   "Asd001A_OME4T" 12-12-29 16:10:21
M  37 COMPLD
;<<RTRV-HDR keep alive sent>>
IP 38
<

   "Asd001A_OME4T" 12-12-29 16:12:22
M  38 COMPLD
;<<RTRV-HDR keep alive sent>>
IP 39
<

   "Asd001A_OME4T" 12-12-29 16:14:22
M  39 COMPLD
;<<RTRV-HDR keep alive sent>>
IP 40
<

   "Asd001A_OME4T" 12-12-29 16:16:23
M  40 COMPLD
;<<RTRV-HDR keep alive sent>>
IP 41
<

   "Asd001A_OME4T" 12-12-29 16:18:22
M  41 COMPLD
;<<RTRV-HDR keep alive sent>>
IP 42
<

   "Asd001A_OME4T" 12-12-29 16:20:23
M  42 COMPLD
;<<RTRV-HDR keep alive sent>>
IP 43
<

   "Asd001A_OME4T" 12-12-29 16:22:23
M  43 COMPLD
;<<RTRV-HDR keep alive sent>>
IP 44
<

   "Asd001A_OME4T" 12-12-29 16:24:24
M  44 COMPLD
;<<RTRV-HDR keep alive sent>>
IP 45
<

   "Asd001A_OME4T" 12-12-29 16:26:23
M  45 COMPLD
;<<RTRV-HDR keep alive sent>>
IP 46
<

   "Asd001A_OME4T" 12-12-29 16:28:24
M  46 COMPLD
;<<RTRV-HDR keep alive sent>>
IP 47
<

   "Asd001A_OME4T" 12-12-29 16:30:24
M  47 COMPLD
;<<RTRV-HDR keep alive sent>>
IP 48
<

   "Asd001A_OME4T" 12-12-29 16:32:25
M  48 COMPLD
;<<RTRV-HDR keep alive sent>>
IP 49
<

   "Asd001A_OME4T" 12-12-29 16:34:25
M  49 COMPLD
;<<RTRV-HDR keep alive sent>>
IP 50
<

   "Asd001A_OME4T" 12-12-29 16:36:25
M  50 COMPLD
;<<RTRV-HDR keep alive sent>>
IP 51
<

   "Asd001A_OME4T" 12-12-29 16:38:25
M  51 COMPLD
;<<RTRV-HDR keep alive sent>>
IP 52
<

   "Asd001A_OME4T" 12-12-29 16:40:26
M  52 COMPLD
;<<RTRV-HDR keep alive sent>>
IP 53
<

   "Asd001A_OME4T" 12-12-29 16:42:26
M  53 COMPLD
;<<RTRV-HDR keep alive sent>>
IP 54
<

   "Asd001A_OME4T" 12-12-29 16:44:26
M  54 COMPLD
;RTRV-ALM-ALL:"Asd001A_OME4T"::55::;
IP 55
<

   "Asd001A_OME4T" 12-12-29 16:45:12
M  55 COMPLD
;<<RTRV-HDR keep alive sent>>
IP 56
<

   "Asd001A_OME4T" 12-12-29 16:46:26
M  56 COMPLD
;<<RTRV-HDR keep alive sent>>
IP 57
<

   "Asd001A_OME4T" 12-12-29 16:48:27
M  57 COMPLD
;<<RTRV-HDR keep alive sent>>
IP 58
<

   "Asd001A_OME4T" 12-12-29 16:50:28
M  58 COMPLD
;<<RTRV-HDR keep alive sent>>
IP 59
<

   "Asd001A_OME4T" 12-12-29 16:52:28
M  59 COMPLD
;<<RTRV-HDR keep alive sent>>
IP 60
<

   "Asd001A_OME4T" 12-12-29 16:54:28
M  60 COMPLD
;<<RTRV-HDR keep alive sent>>
IP 61
<

   "Asd001A_OME4T" 12-12-29 16:56:28
M  61 COMPLD
;