***** (re)Starting logger at Sat Dec 29 10:44:11 EST 2012*****


**** TL1 session opened at Sat Dec 29 10:44:11 EST 2012 ****


ÿûÿûÿý<<RTRV-HDR keep alive sent>>

                                                                                
This computer system may be accessed only by authorized users.                  
The data and programs in this system are private, proprietary,                  
confidential and protected by copyright law and international                   
treaties. Unauthorized access, use, knowledge, duplication,                     
reproduction, modification, distribution, retransmission,                       
download or disclosure of any of the data and programs in this                  
system or any portion of it may result in severe civil and                      
criminal penalties and will be enforced and prosecuted to the                   
maximum extent possible under law. Employees or other Company                   
authorized users exceeding their authorizations subject                         
themselves to Company initiated disciplinary proceedings.                       
                                                                                

--- Copyright (c) 2000 - 2011 Ciena (R) Corporation. All Rights Reserved ---
|  NOTICE: This is a private computer system.                              |
|  Unauthorized access or use may lead to prosecution.                     |
|                                                                          |
|  Ciena 6500 OPTICAL                                                      |
----------------------------------------------------------------------------

/*
 * Starting Interactive TL1 Command Mode.
 * Type ? for help while constructing TL1 commands.
 * Type .? for specific parameter/keyword help.
 */


IP 2
<

   "Asd001A_OME1T" 12-12-29 15:44:13
M  2 DENY
   PLNA
   /*Privilege, Login Not Active*/
;<<ACT-USER sent, password hidden>>
IP 3
<

   "Asd001A_OME1T" 12-12-29 15:44:14
M  3 COMPLD
;RTRV-NETYPE:"Asd001A_OME1T"::4;
IP 4
<

   "Asd001A_OME1T" 12-12-29 15:44:14
M  4 COMPLD
   "CIENA,\"6500 OPTICAL\",OCP,\"REL0810Z.HD\""
;RTRV-SW-VER:"Asd001A_OME1T"::5;
IP 5
<

   "Asd001A_OME1T" 12-12-29 15:44:15
M  5 COMPLD
   "SHELF-1:REL0810Z.HD"
;RTRV-RTG-INFO:"Asd001A_OME1T"::6:::NAME="Asd001A_OME1T";
IP 6
<

   "Asd001A_OME1T" 12-12-29 15:44:22
M  6 COMPLD
   "SHELF-1::,\"Asd001A_OME1T\",0020D8DF338B|145.145.67.65,00001600,YES"
;RTRV-SYS:"Asd001A_OME1T"::7;
IP 7
<

   "Asd001A_OME1T" 12-12-29 15:44:22
M  7 COMPLD
   "SHELF-1::ACTUALCOOLING=LOWFLOW,ACTUALPOWER=557,AINSTIMEOUT=00-05,ALMCORR=OFF,ALMHO=2.5,BAYFICINAO=FALSE,BITSMODE=SDH,CSFMCASTMAC=0180C2880001,EQPTCURRENT=40,ETHEERTH=20,ETHGFPRFI=ENABLED,ETHGFPRFIUPI=128,ETHSDTH=1,FCEERTH=20,FCSDTH=1,FIBERLOSSDETECTION=DISABLED,FILLERMGMT=ENABLED,GCC0MODE=IISIS,GCC1MODE=DISABLED,LASEROFFFARENDFAIL=DISABLED,LINEPEVSTAT=MAN&AUTO,MAJORDEGRADETHRESH=6.00,MINCOOLING=LOWFLOW,MINORDEGRADETHRESH=3.00,MONITORFAN=ENABLED,NEMODE=SDH,OSCMODE=OSPF,PATHEBERTH=3,PATHPEVSTAT=MAN,PATHSDTH=6,PATHSWCRIT=UNEQ&SD&EBER&AIS&LOP,PROVCURRENT=40,PTHAISINSERT=AIS&LOP,SHELFSYNCH=YES,STATE=NORMAL,WANFREERTH=20,WANFRSDTH=1,WANTREERTH=20,WANTRSDTH=1"
;ALW-MSG-BROADCAST:"Asd001A_OME1T":ALL:8;
IP 8
<

   "Asd001A_OME1T" 12-12-29 15:44:23
M  8 COMPLD
;RTRV-EQPT:"Asd001A_OME1T":ALL:9;
IP 9
<

   "Asd001A_OME1T" 12-12-29 15:44:23
M  9 COMPLD
   "GE-1-1::PROVPEC=NTK535LA,CTYPE=\"GE EPL 4 Port SFP\",PEC=NTK535LA,REL= 02 ,CLEI=WMOTAJ4JAB,SER=NNTM01D1D3HOT,MDAT=2004-36,AGE=07-004-15-17,ONSC=00-037-05-50:IS,IDLE"
   "PGEFC-1-1-1::PROVPEC=NTTP01CF,CTYPE=\"GE LX [10k]/FC100 SM 1310nm LC SFP\",PEC=NTTP01CF,REL=01,CLEI=WMOTAH1JAA,SER=EXLGJP9354010529:IS,IDLE"
   "PGEFC-1-1-2::PROVPEC=NTTP01CF,CTYPE=\"GE LX [10k]/FC100 SM 1310nm LC SFP\",PEC=NTTP01CF,REL=01,CLEI=WMOTAH1JAA,SER=EXLGJPM4E4260919:IS,IDLE"
   "PGEFC-1-1-3::PROVPEC=NTTP01CF,CTYPE=\"GE LX [10k]/FC100 SM 1310nm LC SFP\",PEC=NTTP01CF,REL=01,CLEI=WMOTAH1JAA,SER=EXLGJPM6T5030271:IS,IDLE"
   "PGEFC-1-1-4::PROVPEC=NTTP01CF,CTYPE=\"GE LX [10k]/FC100 SM 1310nm LC SFP\",PEC=NTTP01CF,REL=01,CLEI=WMOTAH1JAA,SER=EXLGJP9354010527:IS,IDLE"
   "GE-1-2::PROVPEC=NTK535LA,CTYPE=\"GE EPL 4 Port SFP\",PEC=NTK535LA,REL=06  ,CLEI=WMOTAJ4JAD,SER=NNTMH86002AOS,MDAT=2007-10,AGE=05-098-00-55,ONSC=00-037-05-51:IS,IDLE"
   "PGEFC-1-2-1::PROVPEC=NTK591RB,CTYPE=\"Trcvr,1.25Gb/s,24dB,CWDM,1571nm\",PEC=NTK591RB,REL=02,CLEI=WMOTBKJJAA,SER=EXLGJP8915140012:IS,IDLE"
   "PGEFC-1-2-2::PROVPEC=NTTP01AF,CTYPE=\"GE SX/FC100 Mx 850nm LC SFP\",PEC=NTTP01AF,REL=01,CLEI=SOC3NNFCAA,SER=AGLTMY00001CE5  :IS,IDLE"
   "PGEFC-1-2-3::PROVPEC=NTTP01AF,CTYPE=\"GE SX/FC100 Mx 850nm LC SFP\",PEC=NTTP01AF,REL=03,CLEI=WMOTCWXJAA,SER=BE0908420065    :IS,IDLE"
   "PGEFC-1-2-4::PROVPEC=NTTP01CF,CTYPE=\"GE LX [10k]/FC100 SM 1310nm LC SFP\",PEC=NTTP01CF,REL=01,CLEI=WMOTAH1JAA,SER=EXLGJPD751590594:IS,IDLE"
>

   "Asd001A_OME1T" 12-12-29 15:44:23
M  9 COMPLD
   "GE-1-3::PROVPEC=NTK535LA,CTYPE=\"GE EPL 4 Port SFP\",PEC=NTK535LA,REL= 03 ,CLEI=WMOTAJ4JAC,SER=NNTMH81000LUS,MDAT=2005-49,AGE=06-100-01-38,ONSC=00-037-05-51:IS,IDLE"
   "PGEFC-1-3-1::PROVPEC=NTTP01CF,CTYPE=\"GE LX [10k]/FC100 SM 1310nm LC SFP\",PEC=NTTP01CF,REL=01,CLEI=WMOTAH1JAA,SER=EXLGJPM4E4260922:IS,IDLE"
   "GE-1-4::PROVPEC=NTK535LA,CTYPE=\"GE EPL 4 Port SFP\",PEC=NTK535LA,REL= 04 ,CLEI=WMOTAJ4JAC,SER=NNTMH8A000FZ6,MDAT=2005-41,AGE=06-104-23-20,ONSC=00-037-05-50:IS,IDLE"
   "PGEFC-1-4-2::PROVPEC=NTTP01CF,CTYPE=\"GE LX [10k]/FC100 SM 1310nm LC SFP\",PEC=NTTP01CF,REL=01,CLEI=WMOTAH1JAA,SER=EXLGJPM6E6850004:IS,IDLE"
   "20GL2SS-1-5::PROVPEC=NTK531HA,CTYPE=\"20G L2SS 16 Port I/O 2xXFP/8xSFP\",PEC=NTK531HA,REL= 01 ,CLEI=WOCUAC9MAA,SER=NNTMEY0006YK,MDAT=2009-05,AGE=03-171-06-20,ONSC=00-037-05-50,MAPMODE=AU3_VT2,WANCONFIG=8HI56LOCAP,CARRIER1=NONE,CARRIER2=NONE:IS,IDLE"
   "P10GSOEL-1-5-1::PROVPEC=NTTP84BA,CTYPE=\"OC192 SR1/I64.1 10G LR/LW OTU2/10GFC 1200SMLLL 100m 1310 nm XFP\",PEC=NTTP84BA,REL=01,CLEI=WOTRANAKAA,SER=OPNXTHT09B56075 :IS,IDLE"
   "P10GSOEL-1-5-2::PROVPEC=NTTP84BA,CTYPE=\"OC192 SR1/I64.1 10G LR/LW OTU2/10GFC 1200SMLLL 100m 1310 nm XFP\",PEC=NTTP84BA,REL=01,CLEI=WOTRANAKAA,SER=OPNXTHT09B56096 :IS,IDLE"
   "PGEFC-1-5-3::PROVPEC=NTTP01CF,CTYPE=\"GE LX [10k]/FC100 SM 1310nm LC SFP\",PEC=NTTP01CF,REL=01,CLEI=WMOTAH1JAA,SER=EXLGJPM5E4260082:IS,IDLE"
   "10G-1-6::PROVPEC=NTK526LA,CTYPE=\"OC-192/STM-64 STS-1/HO 1 Port G.709 DWDM 1538.19nm\",PEC=NTK526LA,REL= 05 ,CLEI=WMOTBD0JAA,SER=NNTM01Q1D46W8,MDAT=2004-50,AGE=01-317-05-57,ONSC=00-037-05-49:IS,IDLE"
   "XC-1-7::PROVPEC=NTK557AA,CTYPE=\"X-Conn 80G STS-1/VC-3 Sync-ST3\",PEC=NTK557AA,REL= 03 ,CLEI=WMIXCC0BAC,SER=NNTM01C1D3DBP,MDAT=2004-34,AGE=02-118-19-14,ONSC=00-030-23-06:IS,WRKTRAF&WRKSYNC"
>

   "Asd001A_OME1T" 12-12-29 15:44:23
M  9 COMPLD
   "XC-1-8::PROVPEC=NTK557AA,CTYPE=\"X-Conn 80G STS-1/VC-3 Sync-ST3\",PEC=NTK557AA,REL= 03 ,CLEI=WMIXCC0BAC,SER=NNTM0161D3G7O,MDAT=2004-35,AGE=02-118-19-24,ONSC=00-030-23-05:IS,STBYH"
   "10G-1-9::PROVPEC=NTK526LN,CTYPE=\"OC-192/STM-64 STS-1/HO 1 Port G.709 DWDM 1542.94nm\",PEC=NTK526LN,REL= 05 ,CLEI=WMOTBD5JAA,SER=NNTM0121D4468,MDAT=2004-48,AGE=01-314-17-07,ONSC=00-037-05-48:IS,IDLE"
   "SP-1-15::PROVPEC=NTK555AA,CTYPE=\"Processor SP\",PEC=NTK555AA,REL= 05 ,CLEI=WMUCAJFAAB,SER=NNTM01F1D3O88,MDAT=2004-39,AGE=00-037-06-50,ONSC=00-037-05-42,TCUR=21,TAVG=20:IS,"
;RTRV-OC3:"Asd001A_OME1T":OC3-1-ALL:10;
IP 10
<

   "Asd001A_OME1T" 12-12-29 15:44:24
M  10 COMPLD
;RTRV-OC12:"Asd001A_OME1T":OC12-1-ALL:11;
IP 11
<

   "Asd001A_OME1T" 12-12-29 15:44:24
M  11 COMPLD
;RTRV-OC48:"Asd001A_OME1T":OC48-1-ALL:12;
IP 12
<

   "Asd001A_OME1T" 12-12-29 15:44:24
M  12 COMPLD
;RTRV-OC192:"Asd001A_OME1T":OC192-1-ALL:13;
IP 13
<

   "Asd001A_OME1T" 12-12-29 15:44:25
M  13 COMPLD
   "OC192-1-6-1::TMGREF=N,DCC=Y,,SDTH=6,,,,,ALS=DISABLED,DUSOVERRIDE=DISABLED,EBERTH=3,PORTMODE=SDH,UNEQMODE=VC4,,,,CLFI=\"\":IS,DISCD"
   "OC192-1-9-1::TMGREF=N,DCC=Y,,SDTH=6,,,,,ALS=DISABLED,DUSOVERRIDE=DISABLED,EBERTH=3,PORTMODE=SDH,UNEQMODE=VC4,,,,CLFI=\"\":IS,DISCD"
;RTRV-ETH:"Asd001A_OME1T":ETH-1-ALL:14;
IP 14
<

   "Asd001A_OME1T" 12-12-29 15:44:28
M  14 COMPLD
   "ETH-1-1-1::AN=ENABLE,ANSTATUS=INPROGRESS,ANETHDPX=UNKNOWN,ANSPEED=UNKNOWN,ANPAUSETX=UNKNOWN,ANPAUSERX=UNKNOWN,ADVETHDPX=UNKNOWN,ADVSPEED=UNKNOWN,ADVFLOWCTRL=UNKNOWN,ETHDPX=FULL,SPEED=1000,FLOWCTRL=NONE,PAUSETX=DISABLE,PAUSERX=DISABLE,PAUSERXOVERRIDE=ENABLE,MTU=9600,TXCON=ENABLE,PASSCTRL=DISABLE,PAUSETXOVERRIDE=DISABLE,RXIDLE=0,CFPRF=CFPRF-1-4,PHYSADDR=0020D8DF39BD,CLFI=\"\",AINSTIMELEFT=00-05:OOS-AU,FLT&DISCD&AINS"
   "ETH-1-1-2::AN=ENABLE,ANSTATUS=INPROGRESS,ANETHDPX=UNKNOWN,ANSPEED=UNKNOWN,ANPAUSETX=UNKNOWN,ANPAUSERX=UNKNOWN,ADVETHDPX=UNKNOWN,ADVSPEED=UNKNOWN,ADVFLOWCTRL=UNKNOWN,ETHDPX=FULL,SPEED=1000,FLOWCTRL=NONE,PAUSETX=DISABLE,PAUSERX=DISABLE,PAUSERXOVERRIDE=ENABLE,MTU=9600,TXCON=ENABLE,PASSCTRL=DISABLE,PAUSETXOVERRIDE=DISABLE,RXIDLE=0,CFPRF=CFPRF-1-4,PHYSADDR=0020D8DF39BE,CLFI=\"\",AINSTIMELEFT=00-05:OOS-AU,FLT&DISCD&AINS"
   "ETH-1-1-3::AN=ENABLE,ANSTATUS=INPROGRESS,ANETHDPX=UNKNOWN,ANSPEED=UNKNOWN,ANPAUSETX=UNKNOWN,ANPAUSERX=UNKNOWN,ADVETHDPX=UNKNOWN,ADVSPEED=UNKNOWN,ADVFLOWCTRL=UNKNOWN,ETHDPX=FULL,SPEED=1000,FLOWCTRL=NONE,PAUSETX=DISABLE,PAUSERX=DISABLE,PAUSERXOVERRIDE=ENABLE,MTU=9600,TXCON=ENABLE,PASSCTRL=DISABLE,PAUSETXOVERRIDE=DISABLE,RXIDLE=0,CFPRF=CFPRF-1-4,PHYSADDR=0020D8DF39BF,CLFI=\"\",AINSTIMELEFT=00-05:OOS-AU,FLT&DISCD&AINS"
   "ETH-1-1-4::AN=ENABLE,ANSTATUS=INPROGRESS,ANETHDPX=UNKNOWN,ANSPEED=UNKNOWN,ANPAUSETX=UNKNOWN,ANPAUSERX=UNKNOWN,ADVETHDPX=UNKNOWN,ADVSPEED=UNKNOWN,ADVFLOWCTRL=UNKNOWN,ETHDPX=FULL,SPEED=1000,FLOWCTRL=NONE,PAUSETX=DISABLE,PAUSERX=DISABLE,PAUSERXOVERRIDE=ENABLE,MTU=9600,TXCON=ENABLE,PASSCTRL=DISABLE,PAUSETXOVERRIDE=DISABLE,RXIDLE=0,CFPRF=CFPRF-1-4,PHYSADDR=0020D8DF39C0,CLFI=\"\",AINSTIMELEFT=00-05:OOS-AU,FLT&DISCD&AINS"
>

   "Asd001A_OME1T" 12-12-29 15:44:28
M  14 COMPLD
   "ETH-1-2-1::AN=ENABLE,ANSTATUS=INPROGRESS,ANETHDPX=UNKNOWN,ANSPEED=UNKNOWN,ANPAUSETX=UNKNOWN,ANPAUSERX=UNKNOWN,ADVETHDPX=UNKNOWN,ADVSPEED=UNKNOWN,ADVFLOWCTRL=UNKNOWN,ETHDPX=FULL,SPEED=1000,FLOWCTRL=NONE,PAUSETX=DISABLE,PAUSERX=DISABLE,PAUSERXOVERRIDE=ENABLE,MTU=1600,TXCON=ENABLE,PASSCTRL=DISABLE,PAUSETXOVERRIDE=DISABLE,RXIDLE=0,CFPRF=CFPRF-1-4,PHYSADDR=0016CA4055F1,CLFI=\"\":OOS-MA,DISCD"
   "ETH-1-2-2::AN=ENABLE,ANSTATUS=INPROGRESS,ANETHDPX=UNKNOWN,ANSPEED=UNKNOWN,ANPAUSETX=UNKNOWN,ANPAUSERX=UNKNOWN,ADVETHDPX=UNKNOWN,ADVSPEED=UNKNOWN,ADVFLOWCTRL=UNKNOWN,ETHDPX=FULL,SPEED=1000,FLOWCTRL=NONE,PAUSETX=DISABLE,PAUSERX=DISABLE,PAUSERXOVERRIDE=ENABLE,MTU=9600,TXCON=ENABLE,PASSCTRL=DISABLE,PAUSETXOVERRIDE=DISABLE,RXIDLE=0,CFPRF=CFPRF-1-4,PHYSADDR=0016CA4055F2,CLFI=\"\",AINSTIMELEFT=00-05:OOS-MA,DISCD&AINS"
   "ETH-1-2-3::AN=ENABLE,ANSTATUS=INPROGRESS,ANETHDPX=UNKNOWN,ANSPEED=UNKNOWN,ANPAUSETX=UNKNOWN,ANPAUSERX=UNKNOWN,ADVETHDPX=UNKNOWN,ADVSPEED=UNKNOWN,ADVFLOWCTRL=UNKNOWN,ETHDPX=FULL,SPEED=1000,FLOWCTRL=NONE,PAUSETX=DISABLE,PAUSERX=DISABLE,PAUSERXOVERRIDE=ENABLE,MTU=9600,TXCON=ENABLE,PASSCTRL=DISABLE,PAUSETXOVERRIDE=DISABLE,RXIDLE=0,CFPRF=CFPRF-1-4,PHYSADDR=0016CA4055F3,CLFI=\"\",AINSTIMELEFT=00-05:OOS-MA,DISCD&AINS"
   "ETH-1-2-4::AN=ENABLE,ANSTATUS=INPROGRESS,ANETHDPX=UNKNOWN,ANSPEED=UNKNOWN,ANPAUSETX=UNKNOWN,ANPAUSERX=UNKNOWN,ADVETHDPX=UNKNOWN,ADVSPEED=UNKNOWN,ADVFLOWCTRL=UNKNOWN,ETHDPX=FULL,SPEED=1000,FLOWCTRL=NONE,PAUSETX=DISABLE,PAUSERX=DISABLE,PAUSERXOVERRIDE=ENABLE,MTU=9600,TXCON=ENABLE,PASSCTRL=DISABLE,PAUSETXOVERRIDE=DISABLE,RXIDLE=0,CFPRF=CFPRF-1-4,PHYSADDR=0016CA4055F4,CLFI=\"\",AINSTIMELEFT=00-05:OOS-AU,FLT&DISCD&AINS"
>

   "Asd001A_OME1T" 12-12-29 15:44:28
M  14 COMPLD
   "ETH-1-3-1::AN=ENABLE,ANSTATUS=INPROGRESS,ANETHDPX=UNKNOWN,ANSPEED=UNKNOWN,ANPAUSETX=UNKNOWN,ANPAUSERX=UNKNOWN,ADVETHDPX=UNKNOWN,ADVSPEED=UNKNOWN,ADVFLOWCTRL=UNKNOWN,ETHDPX=FULL,SPEED=1000,FLOWCTRL=NONE,PAUSETX=DISABLE,PAUSERX=DISABLE,PAUSERXOVERRIDE=ENABLE,MTU=9600,TXCON=ENABLE,PASSCTRL=DISABLE,PAUSETXOVERRIDE=DISABLE,RXIDLE=0,CFPRF=CFPRF-1-4,PHYSADDR=00140D0346F6,CLFI=\"\",AINSTIMELEFT=00-05:OOS-AU,FLT&DISCD&AINS"
   "ETH-1-4-2::AN=ENABLE,ANSTATUS=INPROGRESS,ANETHDPX=UNKNOWN,ANSPEED=UNKNOWN,ANPAUSETX=UNKNOWN,ANPAUSERX=UNKNOWN,ADVETHDPX=UNKNOWN,ADVSPEED=UNKNOWN,ADVFLOWCTRL=UNKNOWN,ETHDPX=FULL,SPEED=1000,FLOWCTRL=NONE,PAUSETX=DISABLE,PAUSERX=DISABLE,PAUSERXOVERRIDE=ENABLE,MTU=9600,TXCON=ENABLE,PASSCTRL=DISABLE,PAUSETXOVERRIDE=DISABLE,RXIDLE=0,CFPRF=CFPRF-1-4,PHYSADDR=001158FF8DE0,CLFI=\"\",AINSTIMELEFT=00-05:OOS-AU,FLT&DISCD&AINS"
;RTRV-ETH10G:"Asd001A_OME1T":ETH10G-1-ALL:15;
IP 15
<

   "Asd001A_OME1T" 12-12-29 15:44:29
M  15 COMPLD
;RTRV-ETH100:"Asd001A_OME1T":ETH100-1-ALL:16;
IP 16
<

   "Asd001A_OME1T" 12-12-29 15:44:29
M  16 COMPLD
;RTRV-WAN:"Asd001A_OME1T":WAN-1-ALL:17;
IP 17
<

   "Asd001A_OME1T" 12-12-29 15:44:32
M  17 COMPLD
   "WAN-1-1-1::MAPPING=GFP-F,RATE=NONE,VCAT=ENABLE,LCAS=DISABLE,PROVUNITS=0,ACTUALUNITS=0,MAGICNUM=DISABLE,LCM=DISABLE,NCP=NONE,MODE=SDH,FCS=32,SCRAMBLE=ENABLE,LANFCS=ENABLE,RTDELAY=UNKNOWN,CONDTYPE=GFPCMF,GFPRFI=ENABLE,AVLBLRATE=STS1HO/STS1LO/STS3C,PROVRXUNITS=0,GFPRTDELAY=ENABLE,MAXVCDEL=14000,CURRVCDEL=0,ACTUALRXUNITS=0:IS,DISCD&AINS"
   "WAN-1-1-2::MAPPING=GFP-F,RATE=NONE,VCAT=ENABLE,LCAS=DISABLE,PROVUNITS=0,ACTUALUNITS=0,MAGICNUM=DISABLE,LCM=DISABLE,NCP=NONE,MODE=SDH,FCS=32,SCRAMBLE=ENABLE,LANFCS=ENABLE,RTDELAY=UNKNOWN,CONDTYPE=GFPCMF,GFPRFI=ENABLE,AVLBLRATE=STS1HO/STS1LO/STS3C,PROVRXUNITS=0,GFPRTDELAY=ENABLE,MAXVCDEL=14000,CURRVCDEL=0,ACTUALRXUNITS=0:IS,DISCD&AINS"
   "WAN-1-1-3::MAPPING=GFP-F,RATE=NONE,VCAT=ENABLE,LCAS=DISABLE,PROVUNITS=0,ACTUALUNITS=0,MAGICNUM=DISABLE,LCM=DISABLE,NCP=NONE,MODE=SDH,FCS=32,SCRAMBLE=ENABLE,LANFCS=ENABLE,RTDELAY=UNKNOWN,CONDTYPE=GFPCMF,GFPRFI=ENABLE,AVLBLRATE=STS1HO/STS1LO/STS3C,PROVRXUNITS=0,GFPRTDELAY=ENABLE,MAXVCDEL=14000,CURRVCDEL=0,ACTUALRXUNITS=0:IS,DISCD&AINS"
   "WAN-1-1-4::MAPPING=GFP-F,RATE=NONE,VCAT=ENABLE,LCAS=DISABLE,PROVUNITS=0,ACTUALUNITS=0,MAGICNUM=DISABLE,LCM=DISABLE,NCP=NONE,MODE=SDH,FCS=32,SCRAMBLE=ENABLE,LANFCS=ENABLE,RTDELAY=UNKNOWN,CONDTYPE=GFPCMF,GFPRFI=ENABLE,AVLBLRATE=STS1HO/STS1LO/STS3C,PROVRXUNITS=0,GFPRTDELAY=ENABLE,MAXVCDEL=14000,CURRVCDEL=0,ACTUALRXUNITS=0:IS,DISCD&AINS"
   "WAN-1-2-1::MAPPING=GFP-F,RATE=NONE,VCAT=ENABLE,LCAS=DISABLE,PROVUNITS=0,ACTUALUNITS=0,MAGICNUM=DISABLE,LCM=DISABLE,NCP=NONE,MODE=SDH,FCS=32,SCRAMBLE=ENABLE,LANFCS=ENABLE,RTDELAY=UNKNOWN,CONDTYPE=GFPCMF,GFPRFI=ENABLE,AVLBLRATE=STS1HO/STS1LO/STS3C,PROVRXUNITS=0,GFPRTDELAY=ENABLE,MAXVCDEL=14000,CURRVCDEL=0,ACTUALRXUNITS=0:OOS-MA,DISCD"
>

   "Asd001A_OME1T" 12-12-29 15:44:32
M  17 COMPLD
   "WAN-1-2-2::MAPPING=GFP-F,RATE=NONE,VCAT=ENABLE,LCAS=DISABLE,PROVUNITS=0,ACTUALUNITS=0,MAGICNUM=DISABLE,LCM=DISABLE,NCP=NONE,MODE=SDH,FCS=32,SCRAMBLE=ENABLE,LANFCS=ENABLE,RTDELAY=UNKNOWN,CONDTYPE=GFPCMF,GFPRFI=ENABLE,AVLBLRATE=STS1HO/STS1LO/STS3C,PROVRXUNITS=0,GFPRTDELAY=ENABLE,MAXVCDEL=14000,CURRVCDEL=0,ACTUALRXUNITS=0:OOS-MA,DISCD&AINS"
   "WAN-1-2-3::MAPPING=GFP-F,RATE=NONE,VCAT=ENABLE,LCAS=DISABLE,PROVUNITS=0,ACTUALUNITS=0,MAGICNUM=DISABLE,LCM=DISABLE,NCP=NONE,MODE=SDH,FCS=32,SCRAMBLE=ENABLE,LANFCS=ENABLE,RTDELAY=UNKNOWN,CONDTYPE=GFPCMF,GFPRFI=ENABLE,AVLBLRATE=STS1HO/STS1LO/STS3C,PROVRXUNITS=0,GFPRTDELAY=ENABLE,MAXVCDEL=14000,CURRVCDEL=0,ACTUALRXUNITS=0:OOS-MA,DISCD&AINS"
   "WAN-1-2-4::MAPPING=GFP-F,RATE=NONE,VCAT=ENABLE,LCAS=DISABLE,PROVUNITS=0,ACTUALUNITS=0,MAGICNUM=DISABLE,LCM=DISABLE,NCP=NONE,MODE=SDH,FCS=32,SCRAMBLE=ENABLE,LANFCS=ENABLE,RTDELAY=UNKNOWN,CONDTYPE=GFPCMF,GFPRFI=ENABLE,AVLBLRATE=STS1HO/STS1LO/STS3C,PROVRXUNITS=0,GFPRTDELAY=ENABLE,MAXVCDEL=14000,CURRVCDEL=0,ACTUALRXUNITS=0:IS,DISCD&AINS"
   "WAN-1-3-1::MAPPING=GFP-F,RATE=NONE,VCAT=ENABLE,LCAS=DISABLE,PROVUNITS=0,ACTUALUNITS=0,MAGICNUM=DISABLE,LCM=DISABLE,NCP=NONE,MODE=SDH,FCS=32,SCRAMBLE=ENABLE,LANFCS=ENABLE,RTDELAY=UNKNOWN,CONDTYPE=GFPCMF,GFPRFI=ENABLE,AVLBLRATE=STS1HO/STS1LO/STS3C,PROVRXUNITS=0,GFPRTDELAY=ENABLE,MAXVCDEL=14000,CURRVCDEL=0,ACTUALRXUNITS=0:IS,DISCD&AINS"
   "WAN-1-4-2::MAPPING=GFP-F,RATE=NONE,VCAT=ENABLE,LCAS=DISABLE,PROVUNITS=0,ACTUALUNITS=0,MAGICNUM=DISABLE,LCM=DISABLE,NCP=NONE,MODE=SDH,FCS=32,SCRAMBLE=ENABLE,LANFCS=ENABLE,RTDELAY=UNKNOWN,CONDTYPE=GFPCMF,GFPRFI=ENABLE,AVLBLRATE=STS1HO/STS1LO/STS3C,PROVRXUNITS=0,GFPRTDELAY=ENABLE,MAXVCDEL=14000,CURRVCDEL=0,ACTUALRXUNITS=0:IS,DISCD&AINS"
>

   "Asd001A_OME1T" 12-12-29 15:44:32
M  17 COMPLD
;RTRV-VCS:"Asd001A_OME1T":VCS-1-ALL:18;
IP 18
<

   "Asd001A_OME1T" 12-12-29 15:44:33
M  18 COMPLD
;RTRV-VCE:"Asd001A_OME1T":VCE-1-ALL:19;
IP 19
<

   "Asd001A_OME1T" 12-12-29 15:44:33
M  19 COMPLD
;RTRV-VCEMAP:"Asd001A_OME1T":VCEMAP-1-ALL:20;
IP 20
<

   "Asd001A_OME1T" 12-12-29 15:44:33
M  20 COMPLD
;RTRV-CRS-ALL:"Asd001A_OME1T"::21:::CKTID=ALL;
IP 21
<

   "Asd001A_OME1T" 12-12-29 15:44:34
M  21 COMPLD
;RTRV-AD-ALL:"Asd001A_OME1T"::22;
IP 22
<

   "Asd001A_OME1T" 12-12-29 15:44:34
M  22 COMPLD
   "OC192-1-6-1:TYP-SH-SL-PRT,LINE:TX_VERSION=\"2\",TX_TAG=\"AD_2_00:20:d8:df:33:8b_001_000_006_000_001_ME_1\",RX_VERSION=\"2\",RX_ACTUAL=\"AD_2_00:20:d8:df:33:59_001_000_009_000_001_ME_1\",RX_EXPECTED=\"\",RECONFIG=DISABLE,RX_RELIABILITY=RELIABLE,MECHANISM=IIH"
   "OC192-1-9-1:TYP-SH-SL-PRT,LINE:TX_VERSION=\"2\",TX_TAG=\"AD_2_00:20:d8:df:33:8b_001_000_009_000_001_ME_1\",RX_VERSION=\"2\",RX_ACTUAL=\"AD_2_00:20:d8:df:33:86_001_000_006_000_001_ME_1\",RX_EXPECTED=\"\",RECONFIG=DISABLE,RX_RELIABILITY=RELIABLE,MECHANISM=IIH"
;RTRV-FFP-OC192:"Asd001A_OME1T":OC192-1-ALL:23;
IP 23
<

   "Asd001A_OME1T" 12-12-29 15:44:34
M  23 COMPLD
;RTRV-ALM-ALL:"Asd001A_OME1T"::24::;
IP 24
<

   "Asd001A_OME1T" 12-12-29 15:45:13
M  24 COMPLD
   "SHELF-1,COM:MN,BKUP_FAIL,NSA,12-29,06-03-12,NEND,NA:\"Database Save Failed\",NONE:0100000393-6240-1263,:YEAR=2012,MODE=NONE"
;<<RTRV-HDR keep alive sent>>
IP 25
<

   "Asd001A_OME1T" 12-12-29 15:46:15
M  25 COMPLD
;<<RTRV-HDR keep alive sent>>
IP 26
<

   "Asd001A_OME1T" 12-12-29 15:48:14
M  26 COMPLD
;<<RTRV-HDR keep alive sent>>
IP 27
<

   "Asd001A_OME1T" 12-12-29 15:50:15
M  27 COMPLD
;<<RTRV-HDR keep alive sent>>
IP 28
<

   "Asd001A_OME1T" 12-12-29 15:52:15
M  28 COMPLD
;<<RTRV-HDR keep alive sent>>
IP 29
<

   "Asd001A_OME1T" 12-12-29 15:54:16
M  29 COMPLD
;<<RTRV-HDR keep alive sent>>
IP 30
<

   "Asd001A_OME1T" 12-12-29 15:56:16
M  30 COMPLD
;<<RTRV-HDR keep alive sent>>
IP 31
<

   "Asd001A_OME1T" 12-12-29 15:58:16
M  31 COMPLD
;<<RTRV-HDR keep alive sent>>
IP 32
<

   "Asd001A_OME1T" 12-12-29 16:00:17
M  32 COMPLD
;<<RTRV-HDR keep alive sent>>
IP 33
<

   "Asd001A_OME1T" 12-12-29 16:02:17
M  33 COMPLD
;<<RTRV-HDR keep alive sent>>
IP 34
<

   "Asd001A_OME1T" 12-12-29 16:04:19
M  34 COMPLD
;<<RTRV-HDR keep alive sent>>
IP 35
<

   "Asd001A_OME1T" 12-12-29 16:06:19
M  35 COMPLD
;<<RTRV-HDR keep alive sent>>
IP 36
<

   "Asd001A_OME1T" 12-12-29 16:08:19
M  36 COMPLD
;<<RTRV-HDR keep alive sent>>
IP 37
<

   "Asd001A_OME1T" 12-12-29 16:10:20
M  37 COMPLD
;<<RTRV-HDR keep alive sent>>
IP 38
<

   "Asd001A_OME1T" 12-12-29 16:12:21
M  38 COMPLD
;<<RTRV-HDR keep alive sent>>
IP 39
<

   "Asd001A_OME1T" 12-12-29 16:14:21
M  39 COMPLD
;<<RTRV-HDR keep alive sent>>
IP 40
<

   "Asd001A_OME1T" 12-12-29 16:16:22
M  40 COMPLD
;<<RTRV-HDR keep alive sent>>
IP 41
<

   "Asd001A_OME1T" 12-12-29 16:18:21
M  41 COMPLD
;<<RTRV-HDR keep alive sent>>
IP 42
<

   "Asd001A_OME1T" 12-12-29 16:20:22
M  42 COMPLD
;<<RTRV-HDR keep alive sent>>
IP 43
<

   "Asd001A_OME1T" 12-12-29 16:22:22
M  43 COMPLD
;<<RTRV-HDR keep alive sent>>
IP 44
<

   "Asd001A_OME1T" 12-12-29 16:24:23
M  44 COMPLD
;<<RTRV-HDR keep alive sent>>
IP 45
<

   "Asd001A_OME1T" 12-12-29 16:26:22
M  45 COMPLD
;<<RTRV-HDR keep alive sent>>
IP 46
<

   "Asd001A_OME1T" 12-12-29 16:28:23
M  46 COMPLD
;<<RTRV-HDR keep alive sent>>
IP 47
<

   "Asd001A_OME1T" 12-12-29 16:30:23
M  47 COMPLD
;<<RTRV-HDR keep alive sent>>
IP 48
<

   "Asd001A_OME1T" 12-12-29 16:32:24
M  48 COMPLD
;<<RTRV-HDR keep alive sent>>
IP 49
<

   "Asd001A_OME1T" 12-12-29 16:34:24
M  49 COMPLD
;<<RTRV-HDR keep alive sent>>
IP 50
<

   "Asd001A_OME1T" 12-12-29 16:36:24
M  50 COMPLD
;<<RTRV-HDR keep alive sent>>
IP 51
<

   "Asd001A_OME1T" 12-12-29 16:38:24
M  51 COMPLD
;<<RTRV-HDR keep alive sent>>
IP 52
<

   "Asd001A_OME1T" 12-12-29 16:40:25
M  52 COMPLD
;<<RTRV-HDR keep alive sent>>
IP 53
<

   "Asd001A_OME1T" 12-12-29 16:42:25
M  53 COMPLD
;<<RTRV-HDR keep alive sent>>
IP 54
<

   "Asd001A_OME1T" 12-12-29 16:44:25
M  54 COMPLD
;RTRV-ALM-ALL:"Asd001A_OME1T"::55::;
IP 55
<

   "Asd001A_OME1T" 12-12-29 16:45:13
M  55 COMPLD
   "SHELF-1,COM:MN,BKUP_FAIL,NSA,12-29,06-03-12,NEND,NA:\"Database Save Failed\",NONE:0100000393-6240-1263,:YEAR=2012,MODE=NONE"
;<<RTRV-HDR keep alive sent>>
IP 56
<

   "Asd001A_OME1T" 12-12-29 16:46:25
M  56 COMPLD
;<<RTRV-HDR keep alive sent>>
IP 57
<

   "Asd001A_OME1T" 12-12-29 16:48:26
M  57 COMPLD
;<<RTRV-HDR keep alive sent>>
IP 58
<

   "Asd001A_OME1T" 12-12-29 16:50:27
M  58 COMPLD
;<<RTRV-HDR keep alive sent>>
IP 59
<

   "Asd001A_OME1T" 12-12-29 16:52:27
M  59 COMPLD
;<<RTRV-HDR keep alive sent>>
IP 60
<

   "Asd001A_OME1T" 12-12-29 16:54:27
M  60 COMPLD
;<<RTRV-HDR keep alive sent>>
IP 61
<

   "Asd001A_OME1T" 12-12-29 16:56:27
M  61 COMPLD
;