***** (re)Starting logger at Mon Apr 13 16:42:50 EDT 2009*****



**** TL1 session opened at Mon Apr 13 16:42:50 EDT 2009 ****


??????
<<RTRV-HDR keep alive sent>>



                                                                                

This computer system may be accessed only by authorized users.                  

The data and programs in this system are private, proprietary,                  

confidential and protected by copyright law and international                   

treaties. Unauthorized access, use, knowledge, duplication,                     

reproduction, modification, distribution, retransmission,                       

download or disclosure of any of the data and programs in this                  

system or any portion of it may result in severe civil and                      

criminal penalties and will be enforced and prosecuted to the                   

maximum extent possible under law. Employees or other Company                   
authorized users exceeding their authorizations subject                         
themselves to Company initiated disciplinary proceedings.                       

                                                                                


------------ (c) 2000 - 2007 Nortel Networks. All Rights Reserved ----------
|  NOTICE: This is a private computer system.                              |
|  Unauthorized access or use may lead to prosecution.                     |
|                                                                          |

|  NORTEL Optical Multiservice Edge 6500 OPTICAL                           |

----------------------------------------------------------------------------

/*
 * Starting Interactive TL1 Command Mode.
 * Type ? for help while constructing TL1 commands.
 * Type .? for specific parameter/keyword help.
 */


IP 2
<


   OME0307 01-12-06 08:43:49
M  2 DENY
   PLNA
   /*Privilege, Login Not Active*/
;
<<ACT-USER sent, password hidden>>

IP 3
<


   OME0307 01-12-06 08:43:49
M  3 COMPLD
;
RTRV-NETYPE:OME0307::4;

IP 4
<


   OME0307 01-12-06 08:43:49
M  4 COMPLD
   "NORTEL,\"Optical Multiservice Edge 6500 OPTICAL  \",OCP,\"REL0500Z.CF\""
;
RTRV-SW-VER:OME0307::5;

IP 5
<


   OME0307 01-12-06 08:43:50
M  5 COMPLD
   "SHELF-1:REL0500Z.CF"
;
RTRV-RTG-INFO:OME0307::6:::NAME="OME0307";

IP 6
<


   OME0307 01-12-06 08:43:50
M  6 COMPLD
   ",\"OME0307\",001B252D5C55,00001600,YES"
;
RTRV-SYS:OME0307::7;

IP 7
<


   OME0307 01-12-06 08:43:50
M  7 COMPLD
   "ALMHO=2.5,GCC0MODE=IISIS,GCC1MODE=DISABLED,LINEPEVSTAT=MAN&AUTO,PATHSDTH=6,PATHEBERTH=3,PATHSWCRIT=AIS&LOP&UNEQ&EBER&SD,PTHAISINSERT=AIS&LOP,PATHPEVSTAT=MAN,PROVCURRENT=40,EQPTCURRENT=40,ACTUALPOWER=367,MONITORFAN=ENABLED,MINCOOLING=LOWFLOW,ACTUALCOOLING=LOWFLOW,LASEROFFFARENDFAIL=DISABLED,NEMODE=SONET,BITSMODE=SONET,ETHSDTH=1,ETHEERTH=20,FCSDTH=1,FCEERTH=20,WANFRSDTH=1,WANFREERTH=20,WANTRSDTH=1,WANTREERTH=20,ETHGFPRFI=ENABLED,OSCMODE=OSPF"
;
ALW-MSG-BROADCAST:OME0307:ALL:8;

IP 8
<


   OME0307 01-12-06 08:43:50
M  8 COMPLD
;
RTRV-OC3:OME0307:OC3-1-ALL:9;

IP 9
<


   OME0307 01-12-06 08:43:50
M  9 COMPLD
;
RTRV-OC12:OME0307:OC12-1-ALL:10;

IP 10
<


   OME0307 01-12-06 08:43:51
M  10 COMPLD
   "OC12-1-11-1::TMGREF=N,DCC=Y,,SDTH=6,,,,,ALS=DISABLED,DUSOVERRIDE=DISABLED,EBERTH=3,PORTMODE=SONET,UNEQMODE=STS1,,:OOS-MAANR,FLT"
   "OC12-1-12-1::TMGREF=N,DCC=Y,,SDTH=6,,,,,ALS=DISABLED,DUSOVERRIDE=DISABLED,EBERTH=3,PORTMODE=SONET,UNEQMODE=STS1,,:IS,"
;
RTRV-OC48:OME0307:OC48-1-ALL:11;

IP 11
<


   OME0307 01-12-06 08:43:51
M  11 COMPLD
;
RTRV-OC192:OME0307:OC192-1-ALL:12;

IP 12
<


   OME0307 01-12-06 08:43:51
M  12 COMPLD
;
RTRV-WAN:OME0307:WAN-1-ALL:13;

IP 13
<


   OME0307 01-12-06 08:43:51
M  13 COMPLD
;
RTRV-CRS-ALL:OME0307::14:::CKTID=ALL;

IP 14
<


   OME0307 01-12-06 08:43:51
M  14 COMPLD
   "STS3C-1-12-1-4,STS3C-1-11-1-4:2WAY:PRIMARYXC=SHELF,CKTID=\"DRAC-b928862f-1239146615831\":STS3C:"
;
RTRV-AD-ALL:OME0307::15;

IP 15
<


   OME0307 01-12-06 08:43:52
M  15 COMPLD
   "OC12-1-11-1:TYP-SH-SL-PRT,SECT:TX_VERSION=\"2\",TX_TAG=\"AD_2_00:1b:25:2d:5c:55_001_000_011_000_001_ME_1\",RX_VERSION=\"2\",RX_ACTUAL=\"AD_2_00:1b:25:2d:5c:7a_000_000_012_000_001_ME_1\",RX_RELIABILITY=RELIABLE,MECHANISM=IIH"
   "OC12-1-12-1:TYP-SH-SL-PRT,SECT:TX_VERSION=\"2\",TX_TAG=\"AD_2_00:1b:25:2d:5c:55_001_000_012_000_001_ME_1\",RX_VERSION=\"2\",RX_ACTUAL=\"AD_2_00:1b:25:2d:5b:e6_000_000_011_000_001_ME_1\",RX_RELIABILITY=RELIABLE,MECHANISM=IIH"
;
RTRV-FFP-OC192:OME0307:OC192-1-ALL:16;

IP 16
<


   OME0307 01-12-06 08:43:52
M  16 COMPLD
;
<<RTRV-HDR keep alive sent>>

IP 17
<


   OME0307 01-12-06 08:44:17
M  17 COMPLD
;
<<RTRV-HDR keep alive sent>>

IP 18
<


   OME0307 01-12-06 08:44:47
M  18 COMPLD
;
<<RTRV-HDR keep alive sent>>

IP 19
<


   OME0307 01-12-06 08:45:20
M  19 COMPLD
;
<<RTRV-HDR keep alive sent>>

IP 20
<


   OME0307 01-12-06 08:45:52
M  20 COMPLD
;
<<RTRV-HDR keep alive sent>>

IP 21
<


   OME0307 01-12-06 08:46:22
M  21 COMPLD
;
<<RTRV-HDR keep alive sent>>

IP 22
<


   OME0307 01-12-06 08:46:54
M  22 COMPLD
;
<<RTRV-HDR keep alive sent>>

IP 23
<


   OME0307 01-12-06 08:47:26
M  23 COMPLD
;
<<RTRV-HDR keep alive sent>>

IP 24
<


   OME0307 01-12-06 08:47:58
M  24 COMPLD
;
<<RTRV-HDR keep alive sent>>

IP 25
<


   OME0307 01-12-06 08:48:28
M  25 COMPLD
;
<<RTRV-HDR keep alive sent>>

IP 26
<


   OME0307 01-12-06 08:49:01
M  26 COMPLD
;
<<RTRV-HDR keep alive sent>>

IP 27
<


   OME0307 01-12-06 08:49:32
M  27 COMPLD
;
<<RTRV-HDR keep alive sent>>

IP 28
<


   OME0307 01-12-06 08:50:04
M  28 COMPLD
;
<<RTRV-HDR keep alive sent>>

IP 29
<


   OME0307 01-12-06 08:50:35
M  29 COMPLD
;
<<RTRV-HDR keep alive sent>>

IP 30
<


   OME0307 01-12-06 08:51:07
M  30 COMPLD
;
<<RTRV-HDR keep alive sent>>

IP 31
<


   OME0307 01-12-06 08:51:39
M  31 COMPLD
;
<<RTRV-HDR keep alive sent>>

IP 32
<


   OME0307 01-12-06 08:52:09
M  32 COMPLD
;
<<RTRV-HDR keep alive sent>>

IP 33
<


   OME0307 01-12-06 08:52:41
M  33 COMPLD
;
<<RTRV-HDR keep alive sent>>

IP 34
<


   OME0307 01-12-06 08:53:13
M  34 COMPLD
;
<<RTRV-HDR keep alive sent>>

IP 35
<


   OME0307 01-12-06 08:53:45
M  35 COMPLD
;
<<RTRV-HDR keep alive sent>>

IP 36
<


   OME0307 01-12-06 08:54:16
M  36 COMPLD
;
<<RTRV-HDR keep alive sent>>

IP 37
<


   OME0307 01-12-06 08:54:49
M  37 COMPLD
;
<<RTRV-HDR keep alive sent>>

IP 38
<


   OME0307 01-12-06 08:55:20
M  38 COMPLD
;


   OME0307 01-12-06 08:55:22
A  0000036343 REPT EVT LOG
   "DATE=01-12-06,TIME=08-55-22:USERID=UNKNOWN,PRIORITY=GEN_TL1_CMD,STATUS=PRTL:ACT-USER:USAGETRACK:A::DOMAIN=CHALLENGE::"
;


   OME0307 01-12-06 08:55:22
A  0000036344 REPT EVT LOG
   "DATE=01-12-06,TIME=08-55-22:USERID=USAGETRACK,PRIORITY=GEN_TL1_CMD,STATUS=COMPLD:ENT-CHALLENGE-RESPONSE::10002:\"2Nwghj3W\":::"
;


   OME0307 01-12-06 08:55:23
A  0000036345 REPT EVT LOG
   "DATE=01-12-06,TIME=08-55-23:USERID=USAGETRACK,PRIORITY=GEN_TL1_CMD,STATUS=COMPLD:RTRV-SECU-USER:ALL:10005::::"
;


   OME0307 01-12-06 08:55:24
A  0000036346 REPT EVT LOG
   "DATE=01-12-06,TIME=08-55-24:USERID=USAGETRACK,PRIORITY=GEN_TL1_CMD,STATUS=COMPLD:RTRV-AUDIT-SECULOG::10006:14:PORTTYPE=ALL,LOGNAME=SECU406::"
;
<<RTRV-HDR keep alive sent>>

IP 39
<


   OME0307 01-12-06 08:55:54
M  39 COMPLD
;
<<RTRV-HDR keep alive sent>>

IP 40
<


   OME0307 01-12-06 08:56:26
M  40 COMPLD
;
<<RTRV-HDR keep alive sent>>

IP 41
<


   OME0307 01-12-06 08:56:58
M  41 COMPLD
;
<<RTRV-HDR keep alive sent>>

IP 42
<


   OME0307 01-12-06 08:57:30
M  42 COMPLD
;
<<RTRV-HDR keep alive sent>>

IP 43
<


   OME0307 01-12-06 08:58:02
M  43 COMPLD
;
<<RTRV-HDR keep alive sent>>

IP 44
<


   OME0307 01-12-06 08:58:33
M  44 COMPLD
;
<<RTRV-HDR keep alive sent>>

IP 45
<


   OME0307 01-12-06 08:59:05
M  45 COMPLD
;
<<RTRV-HDR keep alive sent>>

IP 46
<


   OME0307 01-12-06 08:59:37
M  46 COMPLD
;
<<RTRV-HDR keep alive sent>>

IP 47
<


   OME0307 01-12-06 09:00:09
M  47 COMPLD
;
<<RTRV-HDR keep alive sent>>

IP 48
<


   OME0307 01-12-06 09:00:40
M  48 COMPLD
;
<<RTRV-HDR keep alive sent>>

IP 49
<


   OME0307 01-12-06 09:01:12
M  49 COMPLD
;
<<RTRV-HDR keep alive sent>>

IP 50
<


   OME0307 01-12-06 09:01:48
M  50 COMPLD
;
<<RTRV-HDR keep alive sent>>

IP 51
<


   OME0307 01-12-06 09:02:20
M  51 COMPLD
;
<<RTRV-HDR keep alive sent>>

IP 52
<


   OME0307 01-12-06 09:02:51
M  52 COMPLD
;
<<RTRV-HDR keep alive sent>>

IP 53
<


   OME0307 01-12-06 09:03:23
M  53 COMPLD
;
<<RTRV-HDR keep alive sent>>

IP 54
<


   OME0307 01-12-06 09:03:55
M  54 COMPLD
;
<<RTRV-HDR keep alive sent>>

IP 55
<


   OME0307 01-12-06 09:04:27
M  55 COMPLD
;
<<RTRV-HDR keep alive sent>>

IP 56
<


   OME0307 01-12-06 09:04:58
M  56 COMPLD
;
<<RTRV-HDR keep alive sent>>

IP 57
<


   OME0307 01-12-06 09:05:31
M  57 COMPLD
;
<<RTRV-HDR keep alive sent>>

IP 58
<


   OME0307 01-12-06 09:06:03
M  58 COMPLD
;
<<RTRV-HDR keep alive sent>>

IP 59
<


   OME0307 01-12-06 09:06:34
M  59 COMPLD
;
<<RTRV-HDR keep alive sent>>

IP 60
<


   OME0307 01-12-06 09:07:06
M  60 COMPLD
;
<<RTRV-HDR keep alive sent>>

IP 61
<


   OME0307 01-12-06 09:07:38
M  61 COMPLD
;
<<RTRV-HDR keep alive sent>>

IP 62
<


   OME0307 01-12-06 09:08:10
M  62 COMPLD
;
<<RTRV-HDR keep alive sent>>

IP 63
<


   OME0307 01-12-06 09:08:41
M  63 COMPLD
;
<<RTRV-HDR keep alive sent>>

IP 64
<


   OME0307 01-12-06 09:09:13
M  64 COMPLD
;
<<RTRV-HDR keep alive sent>>

IP 65
<


   OME0307 01-12-06 09:09:45
M  65 COMPLD
;
<<RTRV-HDR keep alive sent>>

IP 66
<


   OME0307 01-12-06 09:10:17
M  66 COMPLD
;
<<RTRV-HDR keep alive sent>>

IP 67
<


   OME0307 01-12-06 09:10:48
M  67 COMPLD
;
<<RTRV-HDR keep alive sent>>

IP 68
<


   OME0307 01-12-06 09:11:20
M  68 COMPLD
;
<<RTRV-HDR keep alive sent>>

IP 69
<


   OME0307 01-12-06 09:11:52
M  69 COMPLD
;
<<RTRV-HDR keep alive sent>>

IP 70
<


   OME0307 01-12-06 09:12:24
M  70 COMPLD
;
<<RTRV-HDR keep alive sent>>

IP 71
<


   OME0307 01-12-06 09:12:55
M  71 COMPLD
;
<<RTRV-HDR keep alive sent>>

IP 72
<


   OME0307 01-12-06 09:13:27
M  72 COMPLD
;
<<RTRV-HDR keep alive sent>>

IP 73
<


   OME0307 01-12-06 09:13:59
M  73 COMPLD
;
<<RTRV-HDR keep alive sent>>

IP 74
<


   OME0307 01-12-06 09:14:30
M  74 COMPLD
;
<<RTRV-HDR keep alive sent>>

IP 75
<


   OME0307 01-12-06 09:15:02
M  75 COMPLD
;
<<RTRV-HDR keep alive sent>>

IP 76
<


   OME0307 01-12-06 09:15:34
M  76 COMPLD
;
<<RTRV-HDR keep alive sent>>

IP 77
<


   OME0307 01-12-06 09:16:06
M  77 COMPLD
;
<<RTRV-HDR keep alive sent>>

IP 78
<


   OME0307 01-12-06 09:16:38
M  78 COMPLD
;
<<RTRV-HDR keep alive sent>>

IP 79
<


   OME0307 01-12-06 09:17:09
M  79 COMPLD
;
<<RTRV-HDR keep alive sent>>

IP 80
<


   OME0307 01-12-06 09:17:42
M  80 COMPLD
;
<<RTRV-HDR keep alive sent>>

IP 81
<


   OME0307 01-12-06 09:18:14
M  81 COMPLD
;
<<RTRV-HDR keep alive sent>>

IP 82
<


   OME0307 01-12-06 09:18:45
M  82 COMPLD
;
<<RTRV-HDR keep alive sent>>

IP 83
<


   OME0307 01-12-06 09:19:17
M  83 COMPLD
;
<<RTRV-HDR keep alive sent>>

IP 84
<


   OME0307 01-12-06 09:19:49
M  84 COMPLD
;
<<RTRV-HDR keep alive sent>>

IP 85
<


   OME0307 01-12-06 09:20:21
M  85 COMPLD
;
<<RTRV-HDR keep alive sent>>

IP 86
<


   OME0307 01-12-06 09:20:52
M  86 COMPLD
;
<<RTRV-HDR keep alive sent>>

IP 87
<


   OME0307 01-12-06 09:21:24
M  87 COMPLD
;
<<RTRV-HDR keep alive sent>>

IP 88
<


   OME0307 01-12-06 09:21:56
M  88 COMPLD
;
<<RTRV-HDR keep alive sent>>

IP 89
<


   OME0307 01-12-06 09:22:28
M  89 COMPLD
;
<<RTRV-HDR keep alive sent>>

IP 90
<


   OME0307 01-12-06 09:22:59
M  90 COMPLD
;
<<RTRV-HDR keep alive sent>>

IP 91
<


   OME0307 01-12-06 09:23:31
M  91 COMPLD
;
<<RTRV-HDR keep alive sent>>

IP 92
<


   OME0307 01-12-06 09:24:03
M  92 COMPLD
;
<<RTRV-HDR keep alive sent>>

IP 93
<


   OME0307 01-12-06 09:24:34
M  93 COMPLD
;
<<RTRV-HDR keep alive sent>>

IP 94
<


   OME0307 01-12-06 09:25:06
M  94 COMPLD
;
<<RTRV-HDR keep alive sent>>

IP 95
<


   OME0307 01-12-06 09:25:39
M  95 COMPLD
;
<<RTRV-HDR keep alive sent>>

IP 96
<


   OME0307 01-12-06 09:26:11
M  96 COMPLD
;
<<RTRV-HDR keep alive sent>>

IP 97
<


   OME0307 01-12-06 09:26:42
M  97 COMPLD
;
<<RTRV-HDR keep alive sent>>

IP 98
<


   OME0307 01-12-06 09:27:14
M  98 COMPLD
;
<<RTRV-HDR keep alive sent>>

IP 99
<


   OME0307 01-12-06 09:27:46
M  99 COMPLD
;
<<RTRV-HDR keep alive sent>>

IP 100
<


   OME0307 01-12-06 09:28:18
M  100 COMPLD
;
<<RTRV-HDR keep alive sent>>

IP 101
<


   OME0307 01-12-06 09:28:49
M  101 COMPLD
;
<<RTRV-HDR keep alive sent>>

IP 102
<


   OME0307 01-12-06 09:29:21
M  102 COMPLD
;
<<RTRV-HDR keep alive sent>>

IP 103
<


   OME0307 01-12-06 09:29:53
M  103 COMPLD
;
<<RTRV-HDR keep alive sent>>

IP 104
<


   OME0307 01-12-06 09:30:25
M  104 COMPLD
;
<<RTRV-HDR keep alive sent>>

IP 105
<


   OME0307 01-12-06 09:30:56
M  105 COMPLD
;
<<RTRV-HDR keep alive sent>>

IP 106
<


   OME0307 01-12-06 09:31:28
M  106 COMPLD
;
<<RTRV-HDR keep alive sent>>

IP 107
<


   OME0307 01-12-06 09:32:00
M  107 COMPLD
;
<<RTRV-HDR keep alive sent>>

IP 108
<


   OME0307 01-12-06 09:32:31
M  108 COMPLD
;
<<RTRV-HDR keep alive sent>>

IP 109
<


   OME0307 01-12-06 09:33:03
M  109 COMPLD
;
<<RTRV-HDR keep alive sent>>

IP 110
<


   OME0307 01-12-06 09:33:35
M  110 COMPLD
;
<<RTRV-HDR keep alive sent>>

IP 111
<


   OME0307 01-12-06 09:34:07
M  111 COMPLD
;
<<RTRV-HDR keep alive sent>>

IP 112
<


   OME0307 01-12-06 09:34:38
M  112 COMPLD
;
<<RTRV-HDR keep alive sent>>

IP 113
<


   OME0307 01-12-06 09:35:10
M  113 COMPLD
;
<<RTRV-HDR keep alive sent>>

IP 114
<


   OME0307 01-12-06 09:35:42
M  114 COMPLD
;
<<RTRV-HDR keep alive sent>>

IP 115
<


   OME0307 01-12-06 09:36:14
M  115 COMPLD
;
<<RTRV-HDR keep alive sent>>

IP 116
<


   OME0307 01-12-06 09:36:45
M  116 COMPLD
;
<<RTRV-HDR keep alive sent>>

IP 117
<


   OME0307 01-12-06 09:37:17
M  117 COMPLD
;
<<RTRV-HDR keep alive sent>>

IP 118
<


   OME0307 01-12-06 09:37:49
M  118 COMPLD
;
<<RTRV-HDR keep alive sent>>

IP 119
<


   OME0307 01-12-06 09:38:21
M  119 COMPLD
;
<<RTRV-HDR keep alive sent>>

IP 120
<


   OME0307 01-12-06 09:38:52
M  120 COMPLD
;
<<RTRV-HDR keep alive sent>>

IP 121
<


   OME0307 01-12-06 09:39:24
M  121 COMPLD
;
<<RTRV-HDR keep alive sent>>

IP 122
<


   OME0307 01-12-06 09:39:56
M  122 COMPLD
;
<<RTRV-HDR keep alive sent>>

IP 123
<


   OME0307 01-12-06 09:40:27
M  123 COMPLD
;
<<RTRV-HDR keep alive sent>>

IP 124
<


   OME0307 01-12-06 09:41:01
M  124 COMPLD
;
<<RTRV-HDR keep alive sent>>

IP 125
<


   OME0307 01-12-06 09:41:38
M  125 COMPLD
;
<<RTRV-HDR keep alive sent>>

IP 126
<


   OME0307 01-12-06 09:42:11
M  126 COMPLD
;
<<RTRV-HDR keep alive sent>>

IP 127
<


   OME0307 01-12-06 09:42:42
M  127 COMPLD
;
<<RTRV-HDR keep alive sent>>

IP 128
<


   OME0307 01-12-06 09:43:12
M  128 COMPLD
;
<<RTRV-HDR keep alive sent>>

IP 129
<


   OME0307 01-12-06 09:43:44
M  129 COMPLD
;
<<RTRV-HDR keep alive sent>>

IP 130
<


   OME0307 01-12-06 09:44:17
M  130 COMPLD
;
<<RTRV-HDR keep alive sent>>

IP 131
<


   OME0307 01-12-06 09:44:47
M  131 COMPLD
;
<<RTRV-HDR keep alive sent>>

IP 132
<


   OME0307 01-12-06 09:45:20
M  132 COMPLD
;
<<RTRV-HDR keep alive sent>>

IP 133
<


   OME0307 01-12-06 09:45:52
M  133 COMPLD
;
<<RTRV-HDR keep alive sent>>

IP 134
<


   OME0307 01-12-06 09:46:24
M  134 COMPLD
;
<<RTRV-HDR keep alive sent>>

IP 135
<


   OME0307 01-12-06 09:46:55
M  135 COMPLD
;
<<RTRV-HDR keep alive sent>>

IP 136
<


   OME0307 01-12-06 09:47:27
M  136 COMPLD
;
<<RTRV-HDR keep alive sent>>

IP 137
<


   OME0307 01-12-06 09:47:59
M  137 COMPLD
;
<<RTRV-HDR keep alive sent>>

IP 138
<


   OME0307 01-12-06 09:48:31
M  138 COMPLD
;
<<RTRV-HDR keep alive sent>>

IP 139
<


   OME0307 01-12-06 09:49:02
M  139 COMPLD
;
<<RTRV-HDR keep alive sent>>

IP 140
<


   OME0307 01-12-06 09:49:34
M  140 COMPLD
;
<<RTRV-HDR keep alive sent>>

IP 141
<


   OME0307 01-12-06 09:50:06
M  141 COMPLD
;
<<RTRV-HDR keep alive sent>>

IP 142
<


   OME0307 01-12-06 09:50:38
M  142 COMPLD
;
<<RTRV-HDR keep alive sent>>

IP 143
<


   OME0307 01-12-06 09:51:09
M  143 COMPLD
;
<<RTRV-HDR keep alive sent>>

IP 144
<


   OME0307 01-12-06 09:51:41
M  144 COMPLD
;
<<RTRV-HDR keep alive sent>>

IP 145
<


   OME0307 01-12-06 09:52:13
M  145 COMPLD
;
<<RTRV-HDR keep alive sent>>

IP 146
<


   OME0307 01-12-06 09:52:45
M  146 COMPLD
;
<<RTRV-HDR keep alive sent>>

IP 147
<


   OME0307 01-12-06 09:53:16
M  147 COMPLD
;
<<RTRV-HDR keep alive sent>>

IP 148
<


   OME0307 01-12-06 09:53:48
M  148 COMPLD
;
<<RTRV-HDR keep alive sent>>

IP 149
<


   OME0307 01-12-06 09:54:20
M  149 COMPLD
;
<<RTRV-HDR keep alive sent>>

IP 150
<


   OME0307 01-12-06 09:54:51
M  150 COMPLD
;
<<RTRV-HDR keep alive sent>>

IP 151
<


   OME0307 01-12-06 09:55:23
M  151 COMPLD
;
<<RTRV-HDR keep alive sent>>

IP 152
<


   OME0307 01-12-06 09:55:55
M  152 COMPLD
;
<<RTRV-HDR keep alive sent>>

IP 153
<


   OME0307 01-12-06 09:56:26
M  153 COMPLD
;
<<RTRV-HDR keep alive sent>>

IP 154
<


   OME0307 01-12-06 09:56:56
M  154 COMPLD
;
<<RTRV-HDR keep alive sent>>

IP 155
<


   OME0307 01-12-06 09:57:28
M  155 COMPLD
;
<<RTRV-HDR keep alive sent>>

IP 156
<


   OME0307 01-12-06 09:58:00
M  156 COMPLD
;
<<RTRV-HDR keep alive sent>>

IP 157
<


   OME0307 01-12-06 09:58:32
M  157 COMPLD
;
<<RTRV-HDR keep alive sent>>

IP 158
<


   OME0307 01-12-06 09:59:03
M  158 COMPLD
;
<<RTRV-HDR keep alive sent>>

IP 159
<


   OME0307 01-12-06 09:59:36
M  159 COMPLD
;
<<RTRV-HDR keep alive sent>>

IP 160
<


   OME0307 01-12-06 10:00:08
M  160 COMPLD
;
<<RTRV-HDR keep alive sent>>

IP 161
<


   OME0307 01-12-06 10:00:40
M  161 COMPLD
;
<<RTRV-HDR keep alive sent>>

IP 162
<


   OME0307 01-12-06 10:01:11
M  162 COMPLD
;
<<RTRV-HDR keep alive sent>>

IP 163
<


   OME0307 01-12-06 10:01:48
M  163 COMPLD
;
<<RTRV-HDR keep alive sent>>

IP 164
<


   OME0307 01-12-06 10:02:20
M  164 COMPLD
;
<<RTRV-HDR keep alive sent>>

IP 165
<


   OME0307 01-12-06 10:02:52
M  165 COMPLD
;
<<RTRV-HDR keep alive sent>>

IP 166
<


   OME0307 01-12-06 10:03:23
M  166 COMPLD
;
<<RTRV-HDR keep alive sent>>

IP 167
<


   OME0307 01-12-06 10:03:55
M  167 COMPLD
;
<<RTRV-HDR keep alive sent>>

IP 168
<


   OME0307 01-12-06 10:04:27
M  168 COMPLD
;
<<RTRV-HDR keep alive sent>>

IP 169
<


   OME0307 01-12-06 10:04:58
M  169 COMPLD
;
<<RTRV-HDR keep alive sent>>

IP 170
<


   OME0307 01-12-06 10:05:30
M  170 COMPLD
;
<<RTRV-HDR keep alive sent>>

IP 171
<


   OME0307 01-12-06 10:06:02
M  171 COMPLD
;
<<RTRV-HDR keep alive sent>>

IP 172
<


   OME0307 01-12-06 10:06:34
M  172 COMPLD
;
<<RTRV-HDR keep alive sent>>

IP 173
<


   OME0307 01-12-06 10:07:05
M  173 COMPLD
;
<<RTRV-HDR keep alive sent>>

IP 174
<


   OME0307 01-12-06 10:07:37
M  174 COMPLD
;
<<RTRV-HDR keep alive sent>>

IP 175
<


   OME0307 01-12-06 10:08:09
M  175 COMPLD
;
<<RTRV-HDR keep alive sent>>

IP 176
<


   OME0307 01-12-06 10:08:42
M  176 COMPLD
;
<<RTRV-HDR keep alive sent>>

IP 177
<


   OME0307 01-12-06 10:09:13
M  177 COMPLD
;
<<RTRV-HDR keep alive sent>>

IP 178
<


   OME0307 01-12-06 10:09:45
M  178 COMPLD
;
<<RTRV-HDR keep alive sent>>

IP 179
<


   OME0307 01-12-06 10:10:17
M  179 COMPLD
;
<<RTRV-HDR keep alive sent>>

IP 180
<


   OME0307 01-12-06 10:10:49
M  180 COMPLD
;
<<RTRV-HDR keep alive sent>>

IP 181
<


   OME0307 01-12-06 10:11:20
M  181 COMPLD
;
<<RTRV-HDR keep alive sent>>

IP 182
<


   OME0307 01-12-06 10:11:52
M  182 COMPLD
;
<<RTRV-HDR keep alive sent>>

IP 183
<


   OME0307 01-12-06 10:12:24
M  183 COMPLD
;
<<RTRV-HDR keep alive sent>>

IP 184
<


   OME0307 01-12-06 10:12:56
M  184 COMPLD
;
<<RTRV-HDR keep alive sent>>

IP 185
<


   OME0307 01-12-06 10:13:27
M  185 COMPLD
;
<<RTRV-HDR keep alive sent>>

IP 186
<


   OME0307 01-12-06 10:13:59
M  186 COMPLD
;
<<RTRV-HDR keep alive sent>>

IP 187
<


   OME0307 01-12-06 10:14:31
M  187 COMPLD
;
<<RTRV-HDR keep alive sent>>

IP 188
<


   OME0307 01-12-06 10:15:02
M  188 COMPLD
;
<<RTRV-HDR keep alive sent>>

IP 189
<


   OME0307 01-12-06 10:15:34
M  189 COMPLD
;
<<RTRV-HDR keep alive sent>>

IP 190
<


   OME0307 01-12-06 10:16:06
M  190 COMPLD
;
<<RTRV-HDR keep alive sent>>

IP 191
<


   OME0307 01-12-06 10:16:38
M  191 COMPLD
;
<<RTRV-HDR keep alive sent>>

IP 192
<


   OME0307 01-12-06 10:17:09
M  192 COMPLD
;
<<RTRV-HDR keep alive sent>>

IP 193
<


   OME0307 01-12-06 10:17:41
M  193 COMPLD
;
<<RTRV-HDR keep alive sent>>

IP 194
<


   OME0307 01-12-06 10:18:13
M  194 COMPLD
;
<<RTRV-HDR keep alive sent>>

IP 195
<


   OME0307 01-12-06 10:18:45
M  195 COMPLD
;
<<RTRV-HDR keep alive sent>>

IP 196
<


   OME0307 01-12-06 10:19:17
M  196 COMPLD
;
<<RTRV-HDR keep alive sent>>

IP 197
<


   OME0307 01-12-06 10:19:49
M  197 COMPLD
;
<<RTRV-HDR keep alive sent>>

IP 198
<


   OME0307 01-12-06 10:20:21
M  198 COMPLD
;
<<RTRV-HDR keep alive sent>>

IP 199
<


   OME0307 01-12-06 10:20:53
M  199 COMPLD
;
<<RTRV-HDR keep alive sent>>

IP 200
<


   OME0307 01-12-06 10:21:24
M  200 COMPLD
;
<<RTRV-HDR keep alive sent>>

IP 201
<


   OME0307 01-12-06 10:21:56
M  201 COMPLD
;
<<RTRV-HDR keep alive sent>>

IP 202
<


   OME0307 01-12-06 10:22:28
M  202 COMPLD
;
<<RTRV-HDR keep alive sent>>

IP 203
<


   OME0307 01-12-06 10:22:59
M  203 COMPLD
;
<<RTRV-HDR keep alive sent>>

IP 204
<


   OME0307 01-12-06 10:23:31
M  204 COMPLD
;
<<RTRV-HDR keep alive sent>>

IP 205
<


   OME0307 01-12-06 10:24:03
M  205 COMPLD
;
<<RTRV-HDR keep alive sent>>

IP 206
<


   OME0307 01-12-06 10:24:35
M  206 COMPLD
;
<<RTRV-HDR keep alive sent>>

IP 207
<


   OME0307 01-12-06 10:25:06
M  207 COMPLD
;
<<RTRV-HDR keep alive sent>>

IP 208
<


   OME0307 01-12-06 10:25:38
M  208 COMPLD
;
<<RTRV-HDR keep alive sent>>

IP 209
<


   OME0307 01-12-06 10:26:10
M  209 COMPLD
;
<<RTRV-HDR keep alive sent>>

IP 210
<


   OME0307 01-12-06 10:26:42
M  210 COMPLD
;
<<RTRV-HDR keep alive sent>>

IP 211
<


   OME0307 01-12-06 10:27:13
M  211 COMPLD
;
<<RTRV-HDR keep alive sent>>

IP 212
<


   OME0307 01-12-06 10:27:45
M  212 COMPLD
;
<<RTRV-HDR keep alive sent>>

IP 213
<


   OME0307 01-12-06 10:28:17
M  213 COMPLD
;
<<RTRV-HDR keep alive sent>>

IP 214
<


   OME0307 01-12-06 10:28:49
M  214 COMPLD
;
<<RTRV-HDR keep alive sent>>

IP 215
<


   OME0307 01-12-06 10:29:20
M  215 COMPLD
;
<<RTRV-HDR keep alive sent>>

IP 216
<


   OME0307 01-12-06 10:29:52
M  216 COMPLD
;
<<RTRV-HDR keep alive sent>>

IP 217
<


   OME0307 01-12-06 10:30:24
M  217 COMPLD
;
<<RTRV-HDR keep alive sent>>

IP 218
<


   OME0307 01-12-06 10:30:55
M  218 COMPLD
;
<<RTRV-HDR keep alive sent>>

IP 219
<


   OME0307 01-12-06 10:31:27
M  219 COMPLD
;
<<RTRV-HDR keep alive sent>>

IP 220
<


   OME0307 01-12-06 10:31:59
M  220 COMPLD
;
<<RTRV-HDR keep alive sent>>

IP 221
<


   OME0307 01-12-06 10:32:31
M  221 COMPLD
;
<<RTRV-HDR keep alive sent>>

IP 222
<


   OME0307 01-12-06 10:33:02
M  222 COMPLD
;
<<RTRV-HDR keep alive sent>>

IP 223
<


   OME0307 01-12-06 10:33:34
M  223 COMPLD
;
<<RTRV-HDR keep alive sent>>

IP 224
<


   OME0307 01-12-06 10:34:06
M  224 COMPLD
;
<<RTRV-HDR keep alive sent>>

IP 225
<


   OME0307 01-12-06 10:34:38
M  225 COMPLD
;
<<RTRV-HDR keep alive sent>>

IP 226
<


   OME0307 01-12-06 10:35:09
M  226 COMPLD
;
<<RTRV-HDR keep alive sent>>

IP 227
<


   OME0307 01-12-06 10:35:41
M  227 COMPLD
;
<<RTRV-HDR keep alive sent>>

IP 228
<


   OME0307 01-12-06 10:36:13
M  228 COMPLD
;
<<RTRV-HDR keep alive sent>>

IP 229
<


   OME0307 01-12-06 10:36:46
M  229 COMPLD
;
<<RTRV-HDR keep alive sent>>

IP 230
<


   OME0307 01-12-06 10:37:16
M  230 COMPLD
;
<<RTRV-HDR keep alive sent>>

IP 231
<


   OME0307 01-12-06 10:37:49
M  231 COMPLD
;
<<RTRV-HDR keep alive sent>>

IP 232
<


   OME0307 01-12-06 10:38:21
M  232 COMPLD
;
<<RTRV-HDR keep alive sent>>

IP 233
<


   OME0307 01-12-06 10:38:53
M  233 COMPLD
;
<<RTRV-HDR keep alive sent>>

IP 234
<


   OME0307 01-12-06 10:39:24
M  234 COMPLD
;
<<RTRV-HDR keep alive sent>>

IP 235
<


   OME0307 01-12-06 10:39:56
M  235 COMPLD
;
<<RTRV-HDR keep alive sent>>

IP 236
<


   OME0307 01-12-06 10:40:28
M  236 COMPLD
;
<<RTRV-HDR keep alive sent>>

IP 237
<


   OME0307 01-12-06 10:40:59
M  237 COMPLD
;
<<RTRV-HDR keep alive sent>>

IP 238
<


   OME0307 01-12-06 10:41:31
M  238 COMPLD
;
<<RTRV-HDR keep alive sent>>

IP 239
<


   OME0307 01-12-06 10:42:03
M  239 COMPLD
;
<<RTRV-HDR keep alive sent>>

IP 240
<


   OME0307 01-12-06 10:42:35
M  240 COMPLD
;
<<RTRV-HDR keep alive sent>>

IP 241
<


   OME0307 01-12-06 10:43:04
M  241 COMPLD
;
<<RTRV-HDR keep alive sent>>

IP 242
<


   OME0307 01-12-06 10:43:36
M  242 COMPLD
;
<<RTRV-HDR keep alive sent>>

IP 243
<


   OME0307 01-12-06 10:44:09
M  243 COMPLD
;
<<RTRV-HDR keep alive sent>>

IP 244
<


   OME0307 01-12-06 10:44:41
M  244 COMPLD
;
<<RTRV-HDR keep alive sent>>

IP 245
<


   OME0307 01-12-06 10:45:12
M  245 COMPLD
;
<<RTRV-HDR keep alive sent>>

IP 246
<


   OME0307 01-12-06 10:45:44
M  246 COMPLD
;
<<RTRV-HDR keep alive sent>>

IP 247
<


   OME0307 01-12-06 10:46:16
M  247 COMPLD
;
<<RTRV-HDR keep alive sent>>

IP 248
<


   OME0307 01-12-06 10:46:48
M  248 COMPLD
;
<<RTRV-HDR keep alive sent>>

IP 249
<


   OME0307 01-12-06 10:47:19
M  249 COMPLD
;
<<RTRV-HDR keep alive sent>>

IP 250
<


   OME0307 01-12-06 10:47:53
M  250 COMPLD
;
<<RTRV-HDR keep alive sent>>

IP 251
<


   OME0307 01-12-06 10:48:25
M  251 COMPLD
;
<<RTRV-HDR keep alive sent>>

IP 252
<


   OME0307 01-12-06 10:48:56
M  252 COMPLD
;
<<RTRV-HDR keep alive sent>>

IP 253
<


   OME0307 01-12-06 10:49:28
M  253 COMPLD
;
<<RTRV-HDR keep alive sent>>

IP 254
<


   OME0307 01-12-06 10:50:00
M  254 COMPLD
;
<<RTRV-HDR keep alive sent>>

IP 255
<


   OME0307 01-12-06 10:50:32
M  255 COMPLD
;
<<RTRV-HDR keep alive sent>>

IP 256
<


   OME0307 01-12-06 10:51:03
M  256 COMPLD
;
<<RTRV-HDR keep alive sent>>

IP 257
<


   OME0307 01-12-06 10:51:35
M  257 COMPLD
;
<<RTRV-HDR keep alive sent>>

IP 258
<


   OME0307 01-12-06 10:52:08
M  258 COMPLD
;
<<RTRV-HDR keep alive sent>>

IP 259
<


   OME0307 01-12-06 10:52:40
M  259 COMPLD
;
<<RTRV-HDR keep alive sent>>

IP 260
<


   OME0307 01-12-06 10:53:11
M  260 COMPLD
;
<<RTRV-HDR keep alive sent>>

IP 261
<


   OME0307 01-12-06 10:53:43
M  261 COMPLD
;
<<RTRV-HDR keep alive sent>>

IP 262
<


   OME0307 01-12-06 10:54:15
M  262 COMPLD
;
<<RTRV-HDR keep alive sent>>

IP 263
<


   OME0307 01-12-06 10:54:47
M  263 COMPLD
;
<<RTRV-HDR keep alive sent>>

IP 264
<


   OME0307 01-12-06 10:55:18
M  264 COMPLD
;
<<RTRV-HDR keep alive sent>>

IP 265
<


   OME0307 01-12-06 10:55:50
M  265 COMPLD
;
<<RTRV-HDR keep alive sent>>

IP 266
<


   OME0307 01-12-06 10:56:22
M  266 COMPLD
;
<<RTRV-HDR keep alive sent>>

IP 267
<


   OME0307 01-12-06 10:56:54
M  267 COMPLD
;
<<RTRV-HDR keep alive sent>>

IP 268
<


   OME0307 01-12-06 10:57:25
M  268 COMPLD
;
<<RTRV-HDR keep alive sent>>

IP 269
<


   OME0307 01-12-06 10:57:57
M  269 COMPLD
;
<<RTRV-HDR keep alive sent>>

IP 270
<


   OME0307 01-12-06 10:58:30
M  270 COMPLD
;
<<RTRV-HDR keep alive sent>>

IP 271
<


   OME0307 01-12-06 10:59:01
M  271 COMPLD
;
<<RTRV-HDR keep alive sent>>

IP 272
<


   OME0307 01-12-06 10:59:33
M  272 COMPLD
;
<<RTRV-HDR keep alive sent>>

IP 273
<


   OME0307 01-12-06 11:00:05
M  273 COMPLD
;
<<RTRV-HDR keep alive sent>>

IP 274
<


   OME0307 01-12-06 11:00:37
M  274 COMPLD
;
<<RTRV-HDR keep alive sent>>

IP 275
<


   OME0307 01-12-06 11:01:09
M  275 COMPLD
;
<<RTRV-HDR keep alive sent>>

IP 276
<


   OME0307 01-12-06 11:01:45
M  276 COMPLD
;
<<RTRV-HDR keep alive sent>>

IP 277
<


   OME0307 01-12-06 11:02:17
M  277 COMPLD
;
<<RTRV-HDR keep alive sent>>

IP 278
<


   OME0307 01-12-06 11:02:49
M  278 COMPLD
;
<<RTRV-HDR keep alive sent>>

IP 279
<


   OME0307 01-12-06 11:03:20
M  279 COMPLD
;
<<RTRV-HDR keep alive sent>>

IP 280
<


   OME0307 01-12-06 11:03:52
M  280 COMPLD
;
<<RTRV-HDR keep alive sent>>

IP 281
<


   OME0307 01-12-06 11:04:25
M  281 COMPLD
;
<<RTRV-HDR keep alive sent>>

IP 282
<


   OME0307 01-12-06 11:04:57
M  282 COMPLD
;
<<RTRV-HDR keep alive sent>>

IP 283
<


   OME0307 01-12-06 11:05:28
M  283 COMPLD
;
<<RTRV-HDR keep alive sent>>

IP 284
<


   OME0307 01-12-06 11:06:00
M  284 COMPLD
;
<<RTRV-HDR keep alive sent>>

IP 285
<


   OME0307 01-12-06 11:06:32
M  285 COMPLD
;
<<RTRV-HDR keep alive sent>>

IP 286
<


   OME0307 01-12-06 11:07:04
M  286 COMPLD
;
<<RTRV-HDR keep alive sent>>

IP 287
<


   OME0307 01-12-06 11:07:35
M  287 COMPLD
;
<<RTRV-HDR keep alive sent>>

IP 288
<


   OME0307 01-12-06 11:08:07
M  288 COMPLD
;
<<RTRV-HDR keep alive sent>>

IP 289
<


   OME0307 01-12-06 11:08:39
M  289 COMPLD
;
<<RTRV-HDR keep alive sent>>

IP 290
<


   OME0307 01-12-06 11:09:11
M  290 COMPLD
;
<<RTRV-HDR keep alive sent>>

IP 291
<


   OME0307 01-12-06 11:09:42
M  291 COMPLD
;
<<RTRV-HDR keep alive sent>>

IP 292
<


   OME0307 01-12-06 11:10:14
M  292 COMPLD
;
<<RTRV-HDR keep alive sent>>

IP 293
<


   OME0307 01-12-06 11:10:47
M  293 COMPLD
;
<<RTRV-HDR keep alive sent>>

IP 294
<


   OME0307 01-12-06 11:11:19
M  294 COMPLD
;
<<RTRV-HDR keep alive sent>>

IP 295
<


   OME0307 01-12-06 11:11:50
M  295 COMPLD
;
<<RTRV-HDR keep alive sent>>

IP 296
<


   OME0307 01-12-06 11:12:22
M  296 COMPLD
;
<<RTRV-HDR keep alive sent>>

IP 297
<


   OME0307 01-12-06 11:12:54
M  297 COMPLD
;
<<RTRV-HDR keep alive sent>>

IP 298
<


   OME0307 01-12-06 11:13:25
M  298 COMPLD
;
<<RTRV-HDR keep alive sent>>

IP 299
<


   OME0307 01-12-06 11:13:57
M  299 COMPLD
;
<<RTRV-HDR keep alive sent>>

IP 300
<


   OME0307 01-12-06 11:14:29
M  300 COMPLD
;
<<RTRV-HDR keep alive sent>>

IP 301
<


   OME0307 01-12-06 11:15:01
M  301 COMPLD
;
<<RTRV-HDR keep alive sent>>

IP 302
<


   OME0307 01-12-06 11:15:32
M  302 COMPLD
;
<<RTRV-HDR keep alive sent>>

IP 303
<


   OME0307 01-12-06 11:16:04
M  303 COMPLD
;
<<RTRV-HDR keep alive sent>>

IP 304
<


   OME0307 01-12-06 11:16:36
M  304 COMPLD
;
<<RTRV-HDR keep alive sent>>

IP 305
<


   OME0307 01-12-06 11:17:08
M  305 COMPLD
;
<<RTRV-HDR keep alive sent>>

IP 306
<


   OME0307 01-12-06 11:17:39
M  306 COMPLD
;
<<RTRV-HDR keep alive sent>>

IP 307
<


   OME0307 01-12-06 11:18:11
M  307 COMPLD
;
<<RTRV-HDR keep alive sent>>

IP 308
<


   OME0307 01-12-06 11:18:43
M  308 COMPLD
;
<<RTRV-HDR keep alive sent>>

IP 309
<


   OME0307 01-12-06 11:19:15
M  309 COMPLD
;
<<RTRV-HDR keep alive sent>>

IP 310
<


   OME0307 01-12-06 11:19:46
M  310 COMPLD
;
<<RTRV-HDR keep alive sent>>

IP 311
<


   OME0307 01-12-06 11:20:18
M  311 COMPLD
;
<<RTRV-HDR keep alive sent>>

IP 312
<


   OME0307 01-12-06 11:20:50
M  312 COMPLD
;
<<RTRV-HDR keep alive sent>>

IP 313
<


   OME0307 01-12-06 11:21:21
M  313 COMPLD
;
<<RTRV-HDR keep alive sent>>

IP 314
<


   OME0307 01-12-06 11:21:53
M  314 COMPLD
;
<<RTRV-HDR keep alive sent>>

IP 315
<


   OME0307 01-12-06 11:22:26
M  315 COMPLD
;
<<RTRV-HDR keep alive sent>>

IP 316
<


   OME0307 01-12-06 11:22:58
M  316 COMPLD
;
<<RTRV-HDR keep alive sent>>

IP 317
<


   OME0307 01-12-06 11:23:29
M  317 COMPLD
;
<<RTRV-HDR keep alive sent>>

IP 318
<


   OME0307 01-12-06 11:24:01
M  318 COMPLD
;
<<RTRV-HDR keep alive sent>>

IP 319
<


   OME0307 01-12-06 11:24:33
M  319 COMPLD
;
<<RTRV-HDR keep alive sent>>

IP 320
<


   OME0307 01-12-06 11:25:05
M  320 COMPLD
;
<<RTRV-HDR keep alive sent>>

IP 321
<


   OME0307 01-12-06 11:25:36
M  321 COMPLD
;
<<RTRV-HDR keep alive sent>>

IP 322
<


   OME0307 01-12-06 11:26:08
M  322 COMPLD
;
<<RTRV-HDR keep alive sent>>

IP 323
<


   OME0307 01-12-06 11:26:40
M  323 COMPLD
;
<<RTRV-HDR keep alive sent>>

IP 324
<


   OME0307 01-12-06 11:27:12
M  324 COMPLD
;
<<RTRV-HDR keep alive sent>>

IP 325
<


   OME0307 01-12-06 11:27:43
M  325 COMPLD
;
<<RTRV-HDR keep alive sent>>

IP 326
<


   OME0307 01-12-06 11:28:15
M  326 COMPLD
;
<<RTRV-HDR keep alive sent>>

IP 327
<


   OME0307 01-12-06 11:28:47
M  327 COMPLD
;
<<RTRV-HDR keep alive sent>>

IP 328
<


   OME0307 01-12-06 11:29:19
M  328 COMPLD
;
<<RTRV-HDR keep alive sent>>

IP 329
<


   OME0307 01-12-06 11:29:50
M  329 COMPLD
;
<<RTRV-HDR keep alive sent>>

IP 330
<


   OME0307 01-12-06 11:30:22
M  330 COMPLD
;
<<RTRV-HDR keep alive sent>>

IP 331
<


   OME0307 01-12-06 11:30:54
M  331 COMPLD
;
<<RTRV-HDR keep alive sent>>

IP 332
<


   OME0307 01-12-06 11:31:25
M  332 COMPLD
;
<<RTRV-HDR keep alive sent>>

IP 333
<


   OME0307 01-12-06 11:31:57
M  333 COMPLD
;
<<RTRV-HDR keep alive sent>>

IP 334
<


   OME0307 01-12-06 11:32:29
M  334 COMPLD
;
<<RTRV-HDR keep alive sent>>

IP 335
<


   OME0307 01-12-06 11:33:01
M  335 COMPLD
;
<<RTRV-HDR keep alive sent>>

IP 336
<


   OME0307 01-12-06 11:33:32
M  336 COMPLD
;
<<RTRV-HDR keep alive sent>>

IP 337
<


   OME0307 01-12-06 11:34:05
M  337 COMPLD
;
<<RTRV-HDR keep alive sent>>

IP 338
<


   OME0307 01-12-06 11:34:37
M  338 COMPLD
;
<<RTRV-HDR keep alive sent>>

IP 339
<


   OME0307 01-12-06 11:35:09
M  339 COMPLD
;
<<RTRV-HDR keep alive sent>>

IP 340
<


   OME0307 01-12-06 11:35:40
M  340 COMPLD
;
<<RTRV-HDR keep alive sent>>

IP 341
<


   OME0307 01-12-06 11:36:12
M  341 COMPLD
;
<<RTRV-HDR keep alive sent>>

IP 342
<


   OME0307 01-12-06 11:36:44
M  342 COMPLD
;
<<RTRV-HDR keep alive sent>>

IP 343
<


   OME0307 01-12-06 11:37:16
M  343 COMPLD
;
<<RTRV-HDR keep alive sent>>

IP 344
<


   OME0307 01-12-06 11:37:47
M  344 COMPLD
;
<<RTRV-HDR keep alive sent>>

IP 345
<


   OME0307 01-12-06 11:38:19
M  345 COMPLD
;
<<RTRV-HDR keep alive sent>>

IP 346
<


   OME0307 01-12-06 11:38:51
M  346 COMPLD
;
<<RTRV-HDR keep alive sent>>

IP 347
<


   OME0307 01-12-06 11:39:23
M  347 COMPLD
;
<<RTRV-HDR keep alive sent>>

IP 348
<


   OME0307 01-12-06 11:39:55
M  348 COMPLD
;
<<RTRV-HDR keep alive sent>>

IP 349
<


   OME0307 01-12-06 11:40:27
M  349 COMPLD
;
<<RTRV-HDR keep alive sent>>

IP 350
<


   OME0307 01-12-06 11:40:59
M  350 COMPLD
;
<<RTRV-HDR keep alive sent>>

IP 351
<


   OME0307 01-12-06 11:41:30
M  351 COMPLD
;
<<RTRV-HDR keep alive sent>>

IP 352
<


   OME0307 01-12-06 11:42:02
M  352 COMPLD
;
<<RTRV-HDR keep alive sent>>

IP 353
<


   OME0307 01-12-06 11:42:34
M  353 COMPLD
;
<<RTRV-HDR keep alive sent>>

IP 354
<


   OME0307 01-12-06 11:43:06
M  354 COMPLD
;
<<RTRV-HDR keep alive sent>>

IP 355
<


   OME0307 01-12-06 11:43:37
M  355 COMPLD
;
<<RTRV-HDR keep alive sent>>

IP 356
<


   OME0307 01-12-06 11:44:09
M  356 COMPLD
;
<<RTRV-HDR keep alive sent>>

IP 357
<


   OME0307 01-12-06 11:44:41
M  357 COMPLD
;
<<RTRV-HDR keep alive sent>>

IP 358
<


   OME0307 01-12-06 11:45:13
M  358 COMPLD
;
<<RTRV-HDR keep alive sent>>

IP 359
<


   OME0307 01-12-06 11:45:44
M  359 COMPLD
;
<<RTRV-HDR keep alive sent>>

IP 360
<


   OME0307 01-12-06 11:46:16
M  360 COMPLD
;
<<RTRV-HDR keep alive sent>>

IP 361
<


   OME0307 01-12-06 11:46:48
M  361 COMPLD
;
<<RTRV-HDR keep alive sent>>

IP 362
<


   OME0307 01-12-06 11:47:20
M  362 COMPLD
;
<<RTRV-HDR keep alive sent>>

IP 363
<


   OME0307 01-12-06 11:47:51
M  363 COMPLD
;
<<RTRV-HDR keep alive sent>>

IP 364
<


   OME0307 01-12-06 11:48:23
M  364 COMPLD
;
<<RTRV-HDR keep alive sent>>

IP 365
<


   OME0307 01-12-06 11:48:55
M  365 COMPLD
;
<<RTRV-HDR keep alive sent>>

IP 366
<


   OME0307 01-12-06 11:49:27
M  366 COMPLD
;
<<RTRV-HDR keep alive sent>>

IP 367
<


   OME0307 01-12-06 11:49:59
M  367 COMPLD
;
<<RTRV-HDR keep alive sent>>

IP 368
<


   OME0307 01-12-06 11:50:31
M  368 COMPLD
;
<<RTRV-HDR keep alive sent>>

IP 369
<


   OME0307 01-12-06 11:51:03
M  369 COMPLD
;
<<RTRV-HDR keep alive sent>>

IP 370
<


   OME0307 01-12-06 11:51:34
M  370 COMPLD
;
<<RTRV-HDR keep alive sent>>

IP 371
<


   OME0307 01-12-06 11:52:06
M  371 COMPLD
;
<<RTRV-HDR keep alive sent>>

IP 372
<


   OME0307 01-12-06 11:52:38
M  372 COMPLD
;
<<RTRV-HDR keep alive sent>>

IP 373
<


   OME0307 01-12-06 11:53:10
M  373 COMPLD
;
<<RTRV-HDR keep alive sent>>

IP 374
<


   OME0307 01-12-06 11:53:41
M  374 COMPLD
;
<<RTRV-HDR keep alive sent>>

IP 375
<


   OME0307 01-12-06 11:54:14
M  375 COMPLD
;
<<RTRV-HDR keep alive sent>>

IP 376
<


   OME0307 01-12-06 11:54:46
M  376 COMPLD
;
<<RTRV-HDR keep alive sent>>

IP 377
<


   OME0307 01-12-06 11:55:18
M  377 COMPLD
;


   OME0307 01-12-06 11:55:21
A  0000036347 REPT EVT LOG
   "DATE=01-12-06,TIME=11-55-21:USERID=UNKNOWN,PRIORITY=GEN_TL1_CMD,STATUS=PRTL:ACT-USER:USAGETRACK:A::DOMAIN=CHALLENGE::"
;


   OME0307 01-12-06 11:55:21
A  0000036348 REPT EVT LOG
   "DATE=01-12-06,TIME=11-55-21:USERID=USAGETRACK,PRIORITY=GEN_TL1_CMD,STATUS=COMPLD:ENT-CHALLENGE-RESPONSE::10002:\"fUvhiZcu\":::"
;


   OME0307 01-12-06 11:55:22
A  0000036349 REPT EVT LOG
   "DATE=01-12-06,TIME=11-55-22:USERID=USAGETRACK,PRIORITY=GEN_TL1_CMD,STATUS=COMPLD:RTRV-SECU-USER:ALL:10005::::"
;


   OME0307 01-12-06 11:55:23
A  0000036350 REPT EVT LOG
   "DATE=01-12-06,TIME=11-55-23:USERID=USAGETRACK,PRIORITY=GEN_TL1_CMD,STATUS=COMPLD:RTRV-AUDIT-SECULOG::10006:14:PORTTYPE=ALL,LOGNAME=SECU406::"
;
<<RTRV-HDR keep alive sent>>

IP 378
<


   OME0307 01-12-06 11:55:49
M  378 COMPLD
;
<<RTRV-HDR keep alive sent>>

IP 379
<


   OME0307 01-12-06 11:56:21
M  379 COMPLD
;
<<RTRV-HDR keep alive sent>>

IP 380
<


   OME0307 01-12-06 11:56:53
M  380 COMPLD
;
<<RTRV-HDR keep alive sent>>

IP 381
<


   OME0307 01-12-06 11:57:24
M  381 COMPLD
;
<<RTRV-HDR keep alive sent>>

IP 382
<


   OME0307 01-12-06 11:57:56
M  382 COMPLD
;
<<RTRV-HDR keep alive sent>>

IP 383
<


   OME0307 01-12-06 11:58:28
M  383 COMPLD
;
<<RTRV-HDR keep alive sent>>

IP 384
<


   OME0307 01-12-06 11:59:00
M  384 COMPLD
;
<<RTRV-HDR keep alive sent>>

IP 385
<


   OME0307 01-12-06 11:59:31
M  385 COMPLD
;
<<RTRV-HDR keep alive sent>>

IP 386
<


   OME0307 01-12-06 12:00:04
M  386 COMPLD
;
<<RTRV-HDR keep alive sent>>

IP 387
<


   OME0307 01-12-06 12:00:36
M  387 COMPLD
;
<<RTRV-HDR keep alive sent>>

IP 388
<


   OME0307 01-12-06 12:01:08
M  388 COMPLD
;
<<RTRV-HDR keep alive sent>>

IP 389
<


   OME0307 01-12-06 12:01:45
M  389 COMPLD
;
<<RTRV-HDR keep alive sent>>

IP 390
<


   OME0307 01-12-06 12:02:16
M  390 COMPLD
;
<<RTRV-HDR keep alive sent>>

IP 391
<


   OME0307 01-12-06 12:02:48
M  391 COMPLD
;
<<RTRV-HDR keep alive sent>>

IP 392
<


   OME0307 01-12-06 12:03:20
M  392 COMPLD
;
<<RTRV-HDR keep alive sent>>

IP 393
<


   OME0307 01-12-06 12:03:51
M  393 COMPLD
;
<<RTRV-HDR keep alive sent>>

IP 394
<


   OME0307 01-12-06 12:04:23
M  394 COMPLD
;
<<RTRV-HDR keep alive sent>>

IP 395
<


   OME0307 01-12-06 12:04:55
M  395 COMPLD
;
<<RTRV-HDR keep alive sent>>

IP 396
<


   OME0307 01-12-06 12:05:27
M  396 COMPLD
;
<<RTRV-HDR keep alive sent>>

IP 397
<


   OME0307 01-12-06 12:05:59
M  397 COMPLD
;
<<RTRV-HDR keep alive sent>>

IP 398
<


   OME0307 01-12-06 12:06:31
M  398 COMPLD
;
<<RTRV-HDR keep alive sent>>

IP 399
<


   OME0307 01-12-06 12:07:03
M  399 COMPLD
;
<<RTRV-HDR keep alive sent>>

IP 400
<


   OME0307 01-12-06 12:07:35
M  400 COMPLD
;
<<RTRV-HDR keep alive sent>>

IP 401
<


   OME0307 01-12-06 12:08:06
M  401 COMPLD
;
<<RTRV-HDR keep alive sent>>

IP 402
<


   OME0307 01-12-06 12:08:38
M  402 COMPLD
;
<<RTRV-HDR keep alive sent>>

IP 403
<


   OME0307 01-12-06 12:09:10
M  403 COMPLD
;
<<RTRV-HDR keep alive sent>>

IP 404
<


   OME0307 01-12-06 12:09:42
M  404 COMPLD
;
<<RTRV-HDR keep alive sent>>

IP 405
<


   OME0307 01-12-06 12:10:13
M  405 COMPLD
;
<<RTRV-HDR keep alive sent>>

IP 406
<


   OME0307 01-12-06 12:10:45
M  406 COMPLD
;
<<RTRV-HDR keep alive sent>>

IP 407
<


   OME0307 01-12-06 12:11:18
M  407 COMPLD
;
<<RTRV-HDR keep alive sent>>

IP 408
<


   OME0307 01-12-06 12:11:49
M  408 COMPLD
;
<<RTRV-HDR keep alive sent>>

IP 409
<


   OME0307 01-12-06 12:12:21
M  409 COMPLD
;
<<RTRV-HDR keep alive sent>>

IP 410
<


   OME0307 01-12-06 12:12:53
M  410 COMPLD
;
<<RTRV-HDR keep alive sent>>

IP 411
<


   OME0307 01-12-06 12:13:25
M  411 COMPLD
;
<<RTRV-HDR keep alive sent>>

IP 412
<


   OME0307 01-12-06 12:13:56
M  412 COMPLD
;
<<RTRV-HDR keep alive sent>>

IP 413
<


   OME0307 01-12-06 12:14:28
M  413 COMPLD
;
<<RTRV-HDR keep alive sent>>

IP 414
<


   OME0307 01-12-06 12:15:00
M  414 COMPLD
;
<<RTRV-HDR keep alive sent>>

IP 415
<


   OME0307 01-12-06 12:15:32
M  415 COMPLD
;
<<RTRV-HDR keep alive sent>>

IP 416
<


   OME0307 01-12-06 12:16:03
M  416 COMPLD
;
<<RTRV-HDR keep alive sent>>

IP 417
<


   OME0307 01-12-06 12:16:35
M  417 COMPLD
;
<<RTRV-HDR keep alive sent>>

IP 418
<


   OME0307 01-12-06 12:17:07
M  418 COMPLD
;
<<RTRV-HDR keep alive sent>>

IP 419
<


   OME0307 01-12-06 12:17:39
M  419 COMPLD
;
<<RTRV-HDR keep alive sent>>

IP 420
<


   OME0307 01-12-06 12:18:11
M  420 COMPLD
;
<<RTRV-HDR keep alive sent>>

IP 421
<


   OME0307 01-12-06 12:18:43
M  421 COMPLD
;
<<RTRV-HDR keep alive sent>>

IP 422
<


   OME0307 01-12-06 12:19:15
M  422 COMPLD
;
<<RTRV-HDR keep alive sent>>

IP 423
<


   OME0307 01-12-06 12:19:47
M  423 COMPLD
;
<<RTRV-HDR keep alive sent>>

IP 424
<


   OME0307 01-12-06 12:20:18
M  424 COMPLD
;
<<RTRV-HDR keep alive sent>>

IP 425
<


   OME0307 01-12-06 12:20:50
M  425 COMPLD
;
<<RTRV-HDR keep alive sent>>

IP 426
<


   OME0307 01-12-06 12:21:22
M  426 COMPLD
;
<<RTRV-HDR keep alive sent>>

IP 427
<


   OME0307 01-12-06 12:21:53
M  427 COMPLD
;
<<RTRV-HDR keep alive sent>>

IP 428
<


   OME0307 01-12-06 12:22:25
M  428 COMPLD
;
<<RTRV-HDR keep alive sent>>

IP 429
<


   OME0307 01-12-06 12:22:57
M  429 COMPLD
;
<<RTRV-HDR keep alive sent>>

IP 430
<


   OME0307 01-12-06 12:23:30
M  430 COMPLD
;
<<RTRV-HDR keep alive sent>>

IP 431
<


   OME0307 01-12-06 12:24:01
M  431 COMPLD
;
<<RTRV-HDR keep alive sent>>

IP 432
<


   OME0307 01-12-06 12:24:33
M  432 COMPLD
;
<<RTRV-HDR keep alive sent>>

IP 433
<


   OME0307 01-12-06 12:25:05
M  433 COMPLD
;
<<RTRV-HDR keep alive sent>>

IP 434
<


   OME0307 01-12-06 12:25:37
M  434 COMPLD
;
<<RTRV-HDR keep alive sent>>

IP 435
<


   OME0307 01-12-06 12:26:08
M  435 COMPLD
;
<<RTRV-HDR keep alive sent>>

IP 436
<


   OME0307 01-12-06 12:26:40
M  436 COMPLD
;
<<RTRV-HDR keep alive sent>>

IP 437
<


   OME0307 01-12-06 12:27:12
M  437 COMPLD
;
<<RTRV-HDR keep alive sent>>

IP 438
<


   OME0307 01-12-06 12:27:44
M  438 COMPLD
;
<<RTRV-HDR keep alive sent>>

IP 439
<


   OME0307 01-12-06 12:28:15
M  439 COMPLD
;
<<RTRV-HDR keep alive sent>>

IP 440
<


   OME0307 01-12-06 12:28:47
M  440 COMPLD
;
<<RTRV-HDR keep alive sent>>

IP 441
<


   OME0307 01-12-06 12:29:20
M  441 COMPLD
;
<<RTRV-HDR keep alive sent>>

IP 442
<


   OME0307 01-12-06 12:29:52
M  442 COMPLD
;
<<RTRV-HDR keep alive sent>>

IP 443
<


   OME0307 01-12-06 12:30:23
M  443 COMPLD
;
<<RTRV-HDR keep alive sent>>

IP 444
<


   OME0307 01-12-06 12:30:54
M  444 COMPLD
;
<<RTRV-HDR keep alive sent>>

IP 445
<


   OME0307 01-12-06 12:31:27
M  445 COMPLD
;
<<RTRV-HDR keep alive sent>>

IP 446
<


   OME0307 01-12-06 12:31:58
M  446 COMPLD
;
<<RTRV-HDR keep alive sent>>

IP 447
<


   OME0307 01-12-06 12:32:30
M  447 COMPLD
;
<<RTRV-HDR keep alive sent>>

IP 448
<


   OME0307 01-12-06 12:33:02
M  448 COMPLD
;
<<RTRV-HDR keep alive sent>>

IP 449
<


   OME0307 01-12-06 12:33:34
M  449 COMPLD
;
<<RTRV-HDR keep alive sent>>

IP 450
<


   OME0307 01-12-06 12:34:05
M  450 COMPLD
;
<<RTRV-HDR keep alive sent>>

IP 451
<


   OME0307 01-12-06 12:34:37
M  451 COMPLD
;
<<RTRV-HDR keep alive sent>>

IP 452
<


   OME0307 01-12-06 12:35:09
M  452 COMPLD
;
<<RTRV-HDR keep alive sent>>

IP 453
<


   OME0307 01-12-06 12:35:41
M  453 COMPLD
;
<<RTRV-HDR keep alive sent>>

IP 454
<


   OME0307 01-12-06 12:36:12
M  454 COMPLD
;
<<RTRV-HDR keep alive sent>>

IP 455
<


   OME0307 01-12-06 12:36:44
M  455 COMPLD
;
<<RTRV-HDR keep alive sent>>

IP 456
<


   OME0307 01-12-06 12:37:16
M  456 COMPLD
;
<<RTRV-HDR keep alive sent>>

IP 457
<


   OME0307 01-12-06 12:37:48
M  457 COMPLD
;
<<RTRV-HDR keep alive sent>>

IP 458
<


   OME0307 01-12-06 12:38:20
M  458 COMPLD
;
<<RTRV-HDR keep alive sent>>

IP 459
<


   OME0307 01-12-06 12:38:52
M  459 COMPLD
;
<<RTRV-HDR keep alive sent>>

IP 460
<


   OME0307 01-12-06 12:39:24
M  460 COMPLD
;
<<RTRV-HDR keep alive sent>>

IP 461
<


   OME0307 01-12-06 12:39:55
M  461 COMPLD
;
<<RTRV-HDR keep alive sent>>

IP 462
<


   OME0307 01-12-06 12:40:27
M  462 COMPLD
;
<<RTRV-HDR keep alive sent>>

IP 463
<


   OME0307 01-12-06 12:40:59
M  463 COMPLD
;
<<RTRV-HDR keep alive sent>>

IP 464
<


   OME0307 01-12-06 12:41:31
M  464 COMPLD
;
<<RTRV-HDR keep alive sent>>

IP 465
<


   OME0307 01-12-06 12:42:03
M  465 COMPLD
;
<<RTRV-HDR keep alive sent>>

IP 466
<


   OME0307 01-12-06 12:42:35
M  466 COMPLD
;
<<RTRV-HDR keep alive sent>>

IP 467
<


   OME0307 01-12-06 12:43:07
M  467 COMPLD
;
<<RTRV-HDR keep alive sent>>

IP 468
<


   OME0307 01-12-06 12:43:39
M  468 COMPLD
;
<<RTRV-HDR keep alive sent>>

IP 469
<


   OME0307 01-12-06 12:44:10
M  469 COMPLD
;
<<RTRV-HDR keep alive sent>>

IP 470
<


   OME0307 01-12-06 12:44:42
M  470 COMPLD
;
<<RTRV-HDR keep alive sent>>

IP 471
<


   OME0307 01-12-06 12:45:14
M  471 COMPLD
;
<<RTRV-HDR keep alive sent>>

IP 472
<


   OME0307 01-12-06 12:45:46
M  472 COMPLD
;
<<RTRV-HDR keep alive sent>>

IP 473
<


   OME0307 01-12-06 12:46:17
M  473 COMPLD
;
<<RTRV-HDR keep alive sent>>

IP 474
<


   OME0307 01-12-06 12:46:49
M  474 COMPLD
;
<<RTRV-HDR keep alive sent>>

IP 475
<


   OME0307 01-12-06 12:47:21
M  475 COMPLD
;
<<RTRV-HDR keep alive sent>>

IP 476
<


   OME0307 01-12-06 12:47:53
M  476 COMPLD
;
<<RTRV-HDR keep alive sent>>

IP 477
<


   OME0307 01-12-06 12:48:24
M  477 COMPLD
;
<<RTRV-HDR keep alive sent>>

IP 478
<


   OME0307 01-12-06 12:48:56
M  478 COMPLD
;
<<RTRV-HDR keep alive sent>>

IP 479
<


   OME0307 01-12-06 12:49:28
M  479 COMPLD
;
<<RTRV-HDR keep alive sent>>

IP 480
<


   OME0307 01-12-06 12:49:59
M  480 COMPLD
;
<<RTRV-HDR keep alive sent>>

IP 481
<


   OME0307 01-12-06 12:50:32
M  481 COMPLD
;
<<RTRV-HDR keep alive sent>>

IP 482
<


   OME0307 01-12-06 12:51:04
M  482 COMPLD
;
<<RTRV-HDR keep alive sent>>

IP 483
<


   OME0307 01-12-06 12:51:36
M  483 COMPLD
;
<<RTRV-HDR keep alive sent>>

IP 484
<


   OME0307 01-12-06 12:52:07
M  484 COMPLD
;
<<RTRV-HDR keep alive sent>>

IP 485
<


   OME0307 01-12-06 12:52:39
M  485 COMPLD
;
<<RTRV-HDR keep alive sent>>

IP 486
<


   OME0307 01-12-06 12:53:11
M  486 COMPLD
;
<<RTRV-HDR keep alive sent>>

IP 487
<


   OME0307 01-12-06 12:53:43
M  487 COMPLD
;
<<RTRV-HDR keep alive sent>>

IP 488
<


   OME0307 01-12-06 12:54:14
M  488 COMPLD
;
<<RTRV-HDR keep alive sent>>

IP 489
<


   OME0307 01-12-06 12:54:46
M  489 COMPLD
;
<<RTRV-HDR keep alive sent>>

IP 490
<


   OME0307 01-12-06 12:55:19
M  490 COMPLD
;
<<RTRV-HDR keep alive sent>>

IP 491
<


   OME0307 01-12-06 12:55:51
M  491 COMPLD
;
<<RTRV-HDR keep alive sent>>

IP 492
<


   OME0307 01-12-06 12:56:22
M  492 COMPLD
;
<<RTRV-HDR keep alive sent>>

IP 493
<


   OME0307 01-12-06 12:56:54
M  493 COMPLD
;
<<RTRV-HDR keep alive sent>>

IP 494
<


   OME0307 01-12-06 12:57:26
M  494 COMPLD
;
<<RTRV-HDR keep alive sent>>

IP 495
<


   OME0307 01-12-06 12:57:58
M  495 COMPLD
;
<<RTRV-HDR keep alive sent>>

IP 496
<


   OME0307 01-12-06 12:58:29
M  496 COMPLD
;
<<RTRV-HDR keep alive sent>>

IP 497
<


   OME0307 01-12-06 12:59:01
M  497 COMPLD
;
<<RTRV-HDR keep alive sent>>

IP 498
<


   OME0307 01-12-06 12:59:33
M  498 COMPLD
;
<<RTRV-HDR keep alive sent>>

IP 499
<


   OME0307 01-12-06 13:00:04
M  499 COMPLD
;
<<RTRV-HDR keep alive sent>>

IP 500
<


   OME0307 01-12-06 13:00:36
M  500 COMPLD
;
<<RTRV-HDR keep alive sent>>

IP 501
<


   OME0307 01-12-06 13:01:08
M  501 COMPLD
;
<<RTRV-HDR keep alive sent>>

IP 502
<


   OME0307 01-12-06 13:01:45
M  502 COMPLD
;
<<RTRV-HDR keep alive sent>>

IP 503
<


   OME0307 01-12-06 13:02:16
M  503 COMPLD
;
<<RTRV-HDR keep alive sent>>

IP 504
<


   OME0307 01-12-06 13:02:48
M  504 COMPLD
;
<<RTRV-HDR keep alive sent>>

IP 505
<


   OME0307 01-12-06 13:03:20
M  505 COMPLD
;
<<RTRV-HDR keep alive sent>>

IP 506
<


   OME0307 01-12-06 13:03:52
M  506 COMPLD
;
<<RTRV-HDR keep alive sent>>

IP 507
<


   OME0307 01-12-06 13:04:23
M  507 COMPLD
;
<<RTRV-HDR keep alive sent>>

IP 508
<


   OME0307 01-12-06 13:04:55
M  508 COMPLD
;
<<RTRV-HDR keep alive sent>>

IP 509
<


   OME0307 01-12-06 13:05:27
M  509 COMPLD
;
<<RTRV-HDR keep alive sent>>

IP 510
<


   OME0307 01-12-06 13:05:59
M  510 COMPLD
;
<<RTRV-HDR keep alive sent>>

IP 511
<


   OME0307 01-12-06 13:06:30
M  511 COMPLD
;
<<RTRV-HDR keep alive sent>>

IP 512
<


   OME0307 01-12-06 13:07:03
M  512 COMPLD
;
<<RTRV-HDR keep alive sent>>

IP 513
<


   OME0307 01-12-06 13:07:35
M  513 COMPLD
;
<<RTRV-HDR keep alive sent>>

IP 514
<


   OME0307 01-12-06 13:08:07
M  514 COMPLD
;
<<RTRV-HDR keep alive sent>>

IP 515
<


   OME0307 01-12-06 13:08:38
M  515 COMPLD
;
<<RTRV-HDR keep alive sent>>

IP 516
<


   OME0307 01-12-06 13:09:10
M  516 COMPLD
;
<<RTRV-HDR keep alive sent>>

IP 517
<


   OME0307 01-12-06 13:09:42
M  517 COMPLD
;
<<RTRV-HDR keep alive sent>>

IP 518
<


   OME0307 01-12-06 13:10:14
M  518 COMPLD
;
<<RTRV-HDR keep alive sent>>

IP 519
<


   OME0307 01-12-06 13:10:45
M  519 COMPLD
;
<<RTRV-HDR keep alive sent>>

IP 520
<


   OME0307 01-12-06 13:11:17
M  520 COMPLD
;
<<RTRV-HDR keep alive sent>>

IP 521
<


   OME0307 01-12-06 13:11:49
M  521 COMPLD
;
<<RTRV-HDR keep alive sent>>

IP 522
<


   OME0307 01-12-06 13:12:20
M  522 COMPLD
;
<<RTRV-HDR keep alive sent>>

IP 523
<


   OME0307 01-12-06 13:12:52
M  523 COMPLD
;
<<RTRV-HDR keep alive sent>>

IP 524
<


   OME0307 01-12-06 13:13:25
M  524 COMPLD
;
<<RTRV-HDR keep alive sent>>

IP 525
<


   OME0307 01-12-06 13:13:57
M  525 COMPLD
;
<<RTRV-HDR keep alive sent>>

IP 526
<


   OME0307 01-12-06 13:14:28
M  526 COMPLD
;
<<RTRV-HDR keep alive sent>>

IP 527
<


   OME0307 01-12-06 13:15:00
M  527 COMPLD
;
<<RTRV-HDR keep alive sent>>

IP 528
<


   OME0307 01-12-06 13:15:32
M  528 COMPLD
;
<<RTRV-HDR keep alive sent>>

IP 529
<


   OME0307 01-12-06 13:16:04
M  529 COMPLD
;
<<RTRV-HDR keep alive sent>>

IP 530
<


   OME0307 01-12-06 13:16:35
M  530 COMPLD
;
<<RTRV-HDR keep alive sent>>

IP 531
<


   OME0307 01-12-06 13:17:07
M  531 COMPLD
;
<<RTRV-HDR keep alive sent>>

IP 532
<


   OME0307 01-12-06 13:17:39
M  532 COMPLD
;
<<RTRV-HDR keep alive sent>>

IP 533
<


   OME0307 01-12-06 13:18:11
M  533 COMPLD
;
<<RTRV-HDR keep alive sent>>

IP 534
<


   OME0307 01-12-06 13:18:42
M  534 COMPLD
;
<<RTRV-HDR keep alive sent>>

IP 535
<


   OME0307 01-12-06 13:19:15
M  535 COMPLD
;
<<RTRV-HDR keep alive sent>>

IP 536
<


   OME0307 01-12-06 13:19:47
M  536 COMPLD
;
<<RTRV-HDR keep alive sent>>

IP 537
<


   OME0307 01-12-06 13:20:19
M  537 COMPLD
;
<<RTRV-HDR keep alive sent>>

IP 538
<


   OME0307 01-12-06 13:20:50
M  538 COMPLD
;
<<RTRV-HDR keep alive sent>>

IP 539
<


   OME0307 01-12-06 13:21:22
M  539 COMPLD
;
<<RTRV-HDR keep alive sent>>

IP 540
<


   OME0307 01-12-06 13:21:54
M  540 COMPLD
;
<<RTRV-HDR keep alive sent>>

IP 541
<


   OME0307 01-12-06 13:22:25
M  541 COMPLD
;
<<RTRV-HDR keep alive sent>>

IP 542
<


   OME0307 01-12-06 13:22:57
M  542 COMPLD
;
<<RTRV-HDR keep alive sent>>

IP 543
<


   OME0307 01-12-06 13:23:29
M  543 COMPLD
;
<<RTRV-HDR keep alive sent>>

IP 544
<


   OME0307 01-12-06 13:24:01
M  544 COMPLD
;
<<RTRV-HDR keep alive sent>>

IP 545
<


   OME0307 01-12-06 13:24:33
M  545 COMPLD
;
<<RTRV-HDR keep alive sent>>

IP 546
<


   OME0307 01-12-06 13:25:05
M  546 COMPLD
;
<<RTRV-HDR keep alive sent>>

IP 547
<


   OME0307 01-12-06 13:25:37
M  547 COMPLD
;
<<RTRV-HDR keep alive sent>>

IP 548
<


   OME0307 01-12-06 13:26:09
M  548 COMPLD
;
<<RTRV-HDR keep alive sent>>

IP 549
<


   OME0307 01-12-06 13:26:40
M  549 COMPLD
;
<<RTRV-HDR keep alive sent>>

IP 550
<


   OME0307 01-12-06 13:27:12
M  550 COMPLD
;
<<RTRV-HDR keep alive sent>>

IP 551
<


   OME0307 01-12-06 13:27:44
M  551 COMPLD
;
<<RTRV-HDR keep alive sent>>

IP 552
<


   OME0307 01-12-06 13:28:16
M  552 COMPLD
;
<<RTRV-HDR keep alive sent>>

IP 553
<


   OME0307 01-12-06 13:28:48
M  553 COMPLD
;
<<RTRV-HDR keep alive sent>>

IP 554
<


   OME0307 01-12-06 13:29:20
M  554 COMPLD
;
<<RTRV-HDR keep alive sent>>

IP 555
<


   OME0307 01-12-06 13:29:52
M  555 COMPLD
;
<<RTRV-HDR keep alive sent>>

IP 556
<


   OME0307 01-12-06 13:30:24
M  556 COMPLD
;
<<RTRV-HDR keep alive sent>>

IP 557
<


   OME0307 01-12-06 13:30:55
M  557 COMPLD
;
<<RTRV-HDR keep alive sent>>

IP 558
<


   OME0307 01-12-06 13:31:27
M  558 COMPLD
;
<<RTRV-HDR keep alive sent>>

IP 559
<


   OME0307 01-12-06 13:31:59
M  559 COMPLD
;
<<RTRV-HDR keep alive sent>>

IP 560
<


   OME0307 01-12-06 13:32:30
M  560 COMPLD
;
<<RTRV-HDR keep alive sent>>

IP 561
<


   OME0307 01-12-06 13:33:02
M  561 COMPLD
;
<<RTRV-HDR keep alive sent>>

IP 562
<


   OME0307 01-12-06 13:33:34
M  562 COMPLD
;
<<RTRV-HDR keep alive sent>>

IP 563
<


   OME0307 01-12-06 13:34:06
M  563 COMPLD
;
<<RTRV-HDR keep alive sent>>

IP 564
<


   OME0307 01-12-06 13:34:37
M  564 COMPLD
;
<<RTRV-HDR keep alive sent>>

IP 565
<


   OME0307 01-12-06 13:35:09
M  565 COMPLD
;
<<RTRV-HDR keep alive sent>>

IP 566
<


   OME0307 01-12-06 13:35:41
M  566 COMPLD
;
<<RTRV-HDR keep alive sent>>

IP 567
<


   OME0307 01-12-06 13:36:13
M  567 COMPLD
;
<<RTRV-HDR keep alive sent>>

IP 568
<


   OME0307 01-12-06 13:36:44
M  568 COMPLD
;
<<RTRV-HDR keep alive sent>>

IP 569
<


   OME0307 01-12-06 13:37:16
M  569 COMPLD
;
<<RTRV-HDR keep alive sent>>

IP 570
<


   OME0307 01-12-06 13:37:48
M  570 COMPLD
;
<<RTRV-HDR keep alive sent>>

IP 571
<


   OME0307 01-12-06 13:38:21
M  571 COMPLD
;
<<RTRV-HDR keep alive sent>>

IP 572
<


   OME0307 01-12-06 13:38:51
M  572 COMPLD
;
<<RTRV-HDR keep alive sent>>

IP 573
<


   OME0307 01-12-06 13:39:24
M  573 COMPLD
;
<<RTRV-HDR keep alive sent>>

IP 574
<


   OME0307 01-12-06 13:39:56
M  574 COMPLD
;
<<RTRV-HDR keep alive sent>>

IP 575
<


   OME0307 01-12-06 13:40:27
M  575 COMPLD
;
<<RTRV-HDR keep alive sent>>

IP 576
<


   OME0307 01-12-06 13:40:59
M  576 COMPLD
;
<<RTRV-HDR keep alive sent>>

IP 577
<


   OME0307 01-12-06 13:41:31
M  577 COMPLD
;
<<RTRV-HDR keep alive sent>>

IP 578
<


   OME0307 01-12-06 13:42:03
M  578 COMPLD
;
<<RTRV-HDR keep alive sent>>

IP 579
<


   OME0307 01-12-06 13:42:34
M  579 COMPLD
;
<<RTRV-HDR keep alive sent>>

IP 580
<


   OME0307 01-12-06 13:43:06
M  580 COMPLD
;
<<RTRV-HDR keep alive sent>>

IP 581
<


   OME0307 01-12-06 13:43:38
M  581 COMPLD
;
<<RTRV-HDR keep alive sent>>

IP 582
<


   OME0307 01-12-06 13:44:10
M  582 COMPLD
;
<<RTRV-HDR keep alive sent>>

IP 583
<


   OME0307 01-12-06 13:44:41
M  583 COMPLD
;
<<RTRV-HDR keep alive sent>>

IP 584
<


   OME0307 01-12-06 13:45:14
M  584 COMPLD
;
<<RTRV-HDR keep alive sent>>

IP 585
<


   OME0307 01-12-06 13:45:45
M  585 COMPLD
;
<<RTRV-HDR keep alive sent>>

IP 586
<


   OME0307 01-12-06 13:46:18
M  586 COMPLD
;
<<RTRV-HDR keep alive sent>>

IP 587
<


   OME0307 01-12-06 13:46:49
M  587 COMPLD
;
<<RTRV-HDR keep alive sent>>

IP 588
<


   OME0307 01-12-06 13:47:21
M  588 COMPLD
;
<<RTRV-HDR keep alive sent>>

IP 589
<


   OME0307 01-12-06 13:47:53
M  589 COMPLD
;
<<RTRV-HDR keep alive sent>>

IP 590
<


   OME0307 01-12-06 13:48:25
M  590 COMPLD
;
<<RTRV-HDR keep alive sent>>

IP 591
<


   OME0307 01-12-06 13:48:56
M  591 COMPLD
;
<<RTRV-HDR keep alive sent>>

IP 592
<


   OME0307 01-12-06 13:49:28
M  592 COMPLD
;
<<RTRV-HDR keep alive sent>>

IP 593
<


   OME0307 01-12-06 13:50:00
M  593 COMPLD
;
<<RTRV-HDR keep alive sent>>

IP 594
<


   OME0307 01-12-06 13:50:31
M  594 COMPLD
;
<<RTRV-HDR keep alive sent>>

IP 595
<


   OME0307 01-12-06 13:51:04
M  595 COMPLD
;
<<RTRV-HDR keep alive sent>>

IP 596
<


   OME0307 01-12-06 13:51:36
M  596 COMPLD
;
<<RTRV-HDR keep alive sent>>

IP 597
<


   OME0307 01-12-06 13:52:08
M  597 COMPLD
;
<<RTRV-HDR keep alive sent>>

IP 598
<


   OME0307 01-12-06 13:52:39
M  598 COMPLD
;
<<RTRV-HDR keep alive sent>>

IP 599
<


   OME0307 01-12-06 13:53:11
M  599 COMPLD
;
<<RTRV-HDR keep alive sent>>

IP 600
<


   OME0307 01-12-06 13:53:43
M  600 COMPLD
;
<<RTRV-HDR keep alive sent>>

IP 601
<


   OME0307 01-12-06 13:54:16
M  601 COMPLD
;
<<RTRV-HDR keep alive sent>>

IP 602
<


   OME0307 01-12-06 13:54:46
M  602 COMPLD
;
<<RTRV-HDR keep alive sent>>

IP 603
<


   OME0307 01-12-06 13:55:19
M  603 COMPLD
;
<<RTRV-HDR keep alive sent>>

IP 604
<


   OME0307 01-12-06 13:55:51
M  604 COMPLD
;
<<RTRV-HDR keep alive sent>>

IP 605
<


   OME0307 01-12-06 13:56:23
M  605 COMPLD
;
<<RTRV-HDR keep alive sent>>

IP 606
<


   OME0307 01-12-06 13:56:54
M  606 COMPLD
;
<<RTRV-HDR keep alive sent>>

IP 607
<


   OME0307 01-12-06 13:57:26
M  607 COMPLD
;
<<RTRV-HDR keep alive sent>>

IP 608
<


   OME0307 01-12-06 13:57:58
M  608 COMPLD
;
<<RTRV-HDR keep alive sent>>

IP 609
<


   OME0307 01-12-06 13:58:29
M  609 COMPLD
;
<<RTRV-HDR keep alive sent>>

IP 610
<


   OME0307 01-12-06 13:59:01
M  610 COMPLD
;
<<RTRV-HDR keep alive sent>>

IP 611
<


   OME0307 01-12-06 13:59:33
M  611 COMPLD
;
<<RTRV-HDR keep alive sent>>

IP 612
<


   OME0307 01-12-06 14:00:05
M  612 COMPLD
;
<<RTRV-HDR keep alive sent>>

IP 613
<


   OME0307 01-12-06 14:00:36
M  613 COMPLD
;
<<RTRV-HDR keep alive sent>>

IP 614
<


   OME0307 01-12-06 14:01:09
M  614 COMPLD
;
<<RTRV-HDR keep alive sent>>

IP 615
<


   OME0307 01-12-06 14:01:45
M  615 COMPLD
;
<<RTRV-HDR keep alive sent>>

IP 616
<


   OME0307 01-12-06 14:02:17
M  616 COMPLD
;
<<RTRV-HDR keep alive sent>>

IP 617
<


   OME0307 01-12-06 14:02:50
M  617 COMPLD
;
<<RTRV-HDR keep alive sent>>

IP 618
<


   OME0307 01-12-06 14:03:21
M  618 COMPLD
;
<<RTRV-HDR keep alive sent>>

IP 619
<


   OME0307 01-12-06 14:03:53
M  619 COMPLD
;
<<RTRV-HDR keep alive sent>>

IP 620
<


   OME0307 01-12-06 14:04:25
M  620 COMPLD
;
<<RTRV-HDR keep alive sent>>

IP 621
<


   OME0307 01-12-06 14:04:56
M  621 COMPLD
;
<<RTRV-HDR keep alive sent>>

IP 622
<


   OME0307 01-12-06 14:05:28
M  622 COMPLD
;
<<RTRV-HDR keep alive sent>>

IP 623
<


   OME0307 01-12-06 14:06:00
M  623 COMPLD
;
<<RTRV-HDR keep alive sent>>

IP 624
<


   OME0307 01-12-06 14:06:32
M  624 COMPLD
;
<<RTRV-HDR keep alive sent>>

IP 625
<


   OME0307 01-12-06 14:07:03
M  625 COMPLD
;
<<RTRV-HDR keep alive sent>>

IP 626
<


   OME0307 01-12-06 14:07:35
M  626 COMPLD
;
<<RTRV-HDR keep alive sent>>

IP 627
<


   OME0307 01-12-06 14:08:07
M  627 COMPLD
;
<<RTRV-HDR keep alive sent>>

IP 628
<


   OME0307 01-12-06 14:08:40
M  628 COMPLD
;
<<RTRV-HDR keep alive sent>>

IP 629
<


   OME0307 01-12-06 14:09:11
M  629 COMPLD
;
<<RTRV-HDR keep alive sent>>

IP 630
<


   OME0307 01-12-06 14:09:43
M  630 COMPLD
;
<<RTRV-HDR keep alive sent>>

IP 631
<


   OME0307 01-12-06 14:10:15
M  631 COMPLD
;
<<RTRV-HDR keep alive sent>>

IP 632
<


   OME0307 01-12-06 14:10:47
M  632 COMPLD
;
<<RTRV-HDR keep alive sent>>

IP 633
<


   OME0307 01-12-06 14:11:18
M  633 COMPLD
;
<<RTRV-HDR keep alive sent>>

IP 634
<


   OME0307 01-12-06 14:11:50
M  634 COMPLD
;
<<RTRV-HDR keep alive sent>>

IP 635
<


   OME0307 01-12-06 14:12:22
M  635 COMPLD
;
<<RTRV-HDR keep alive sent>>

IP 636
<


   OME0307 01-12-06 14:12:53
M  636 COMPLD
;
<<RTRV-HDR keep alive sent>>

IP 637
<


   OME0307 01-12-06 14:13:25
M  637 COMPLD
;
<<RTRV-HDR keep alive sent>>

IP 638
<


   OME0307 01-12-06 14:13:58
M  638 COMPLD
;
<<RTRV-HDR keep alive sent>>

IP 639
<


   OME0307 01-12-06 14:14:30
M  639 COMPLD
;
<<RTRV-HDR keep alive sent>>

IP 640
<


   OME0307 01-12-06 14:15:01
M  640 COMPLD
;
<<RTRV-HDR keep alive sent>>

IP 641
<


   OME0307 01-12-06 14:15:33
M  641 COMPLD
;
<<RTRV-HDR keep alive sent>>

IP 642
<


   OME0307 01-12-06 14:16:05
M  642 COMPLD
;
<<RTRV-HDR keep alive sent>>

IP 643
<


   OME0307 01-12-06 14:16:37
M  643 COMPLD
;
<<RTRV-HDR keep alive sent>>

IP 644
<


   OME0307 01-12-06 14:17:08
M  644 COMPLD
;
<<RTRV-HDR keep alive sent>>

IP 645
<


   OME0307 01-12-06 14:17:40
M  645 COMPLD
;
<<RTRV-HDR keep alive sent>>

IP 646
<


   OME0307 01-12-06 14:18:12
M  646 COMPLD
;
<<RTRV-HDR keep alive sent>>

IP 647
<


   OME0307 01-12-06 14:18:45
M  647 COMPLD
;
<<RTRV-HDR keep alive sent>>

IP 648
<


   OME0307 01-12-06 14:19:16
M  648 COMPLD
;
<<RTRV-HDR keep alive sent>>

IP 649
<


   OME0307 01-12-06 14:19:48
M  649 COMPLD
;
<<RTRV-HDR keep alive sent>>

IP 650
<


   OME0307 01-12-06 14:20:20
M  650 COMPLD
;
<<RTRV-HDR keep alive sent>>

IP 651
<


   OME0307 01-12-06 14:20:52
M  651 COMPLD
;
<<RTRV-HDR keep alive sent>>

IP 652
<


   OME0307 01-12-06 14:21:23
M  652 COMPLD
;
<<RTRV-HDR keep alive sent>>

IP 653
<


   OME0307 01-12-06 14:21:55
M  653 COMPLD
;
<<RTRV-HDR keep alive sent>>

IP 654
<


   OME0307 01-12-06 14:22:27
M  654 COMPLD
;
<<RTRV-HDR keep alive sent>>

IP 655
<


   OME0307 01-12-06 14:22:58
M  655 COMPLD
;
<<RTRV-HDR keep alive sent>>

IP 656
<


   OME0307 01-12-06 14:23:30
M  656 COMPLD
;
<<RTRV-HDR keep alive sent>>

IP 657
<


   OME0307 01-12-06 14:24:03
M  657 COMPLD
;
<<RTRV-HDR keep alive sent>>

IP 658
<


   OME0307 01-12-06 14:24:35
M  658 COMPLD
;
<<RTRV-HDR keep alive sent>>

IP 659
<


   OME0307 01-12-06 14:25:06
M  659 COMPLD
;
<<RTRV-HDR keep alive sent>>

IP 660
<


   OME0307 01-12-06 14:25:38
M  660 COMPLD
;
<<RTRV-HDR keep alive sent>>

IP 661
<


   OME0307 01-12-06 14:26:10
M  661 COMPLD
;
<<RTRV-HDR keep alive sent>>

IP 662
<


   OME0307 01-12-06 14:26:42
M  662 COMPLD
;
<<RTRV-HDR keep alive sent>>

IP 663
<


   OME0307 01-12-06 14:27:13
M  663 COMPLD
;
<<RTRV-HDR keep alive sent>>

IP 664
<


   OME0307 01-12-06 14:27:45
M  664 COMPLD
;
<<RTRV-HDR keep alive sent>>

IP 665
<


   OME0307 01-12-06 14:28:17
M  665 COMPLD
;
<<RTRV-HDR keep alive sent>>

IP 666
<


   OME0307 01-12-06 14:28:49
M  666 COMPLD
;
<<RTRV-HDR keep alive sent>>

IP 667
<


   OME0307 01-12-06 14:29:20
M  667 COMPLD
;
<<RTRV-HDR keep alive sent>>

IP 668
<


   OME0307 01-12-06 14:29:52
M  668 COMPLD
;
<<RTRV-HDR keep alive sent>>

IP 669
<


   OME0307 01-12-06 14:30:24
M  669 COMPLD
;
<<RTRV-HDR keep alive sent>>

IP 670
<


   OME0307 01-12-06 14:30:55
M  670 COMPLD
;
<<RTRV-HDR keep alive sent>>

IP 671
<


   OME0307 01-12-06 14:31:27
M  671 COMPLD
;
<<RTRV-HDR keep alive sent>>

IP 672
<


   OME0307 01-12-06 14:31:59
M  672 COMPLD
;
<<RTRV-HDR keep alive sent>>

IP 673
<


   OME0307 01-12-06 14:32:31
M  673 COMPLD
;
<<RTRV-HDR keep alive sent>>

IP 674
<


   OME0307 01-12-06 14:33:02
M  674 COMPLD
;
<<RTRV-HDR keep alive sent>>

IP 675
<


   OME0307 01-12-06 14:33:35
M  675 COMPLD
;
<<RTRV-HDR keep alive sent>>

IP 676
<


   OME0307 01-12-06 14:34:07
M  676 COMPLD
;
<<RTRV-HDR keep alive sent>>

IP 677
<


   OME0307 01-12-06 14:34:39
M  677 COMPLD
;
<<RTRV-HDR keep alive sent>>

IP 678
<


   OME0307 01-12-06 14:35:10
M  678 COMPLD
;
<<RTRV-HDR keep alive sent>>

IP 679
<


   OME0307 01-12-06 14:35:42
M  679 COMPLD
;
<<RTRV-HDR keep alive sent>>

IP 680
<


   OME0307 01-12-06 14:36:14
M  680 COMPLD
;
<<RTRV-HDR keep alive sent>>

IP 681
<


   OME0307 01-12-06 14:36:46
M  681 COMPLD
;
<<RTRV-HDR keep alive sent>>

IP 682
<


   OME0307 01-12-06 14:37:17
M  682 COMPLD
;
<<RTRV-HDR keep alive sent>>

IP 683
<


   OME0307 01-12-06 14:37:49
M  683 COMPLD
;
<<RTRV-HDR keep alive sent>>

IP 684
<


   OME0307 01-12-06 14:38:21
M  684 COMPLD
;
<<RTRV-HDR keep alive sent>>

IP 685
<


   OME0307 01-12-06 14:38:53
M  685 COMPLD
;
<<RTRV-HDR keep alive sent>>

IP 686
<


   OME0307 01-12-06 14:39:24
M  686 COMPLD
;
<<RTRV-HDR keep alive sent>>

IP 687
<


   OME0307 01-12-06 14:39:56
M  687 COMPLD
;
<<RTRV-HDR keep alive sent>>

IP 688
<


   OME0307 01-12-06 14:40:29
M  688 COMPLD
;
<<RTRV-HDR keep alive sent>>

IP 689
<


   OME0307 01-12-06 14:41:00
M  689 COMPLD
;
<<RTRV-HDR keep alive sent>>

IP 690
<


   OME0307 01-12-06 14:41:32
M  690 COMPLD
;
<<RTRV-HDR keep alive sent>>

IP 691
<


   OME0307 01-12-06 14:42:04
M  691 COMPLD
;
<<RTRV-HDR keep alive sent>>

IP 692
<


   OME0307 01-12-06 14:42:36
M  692 COMPLD
;
<<RTRV-HDR keep alive sent>>

IP 693
<


   OME0307 01-12-06 14:43:07
M  693 COMPLD
;
<<RTRV-HDR keep alive sent>>

IP 694
<


   OME0307 01-12-06 14:43:39
M  694 COMPLD
;
<<RTRV-HDR keep alive sent>>

IP 695
<


   OME0307 01-12-06 14:44:11
M  695 COMPLD
;
<<RTRV-HDR keep alive sent>>

IP 696
<


   OME0307 01-12-06 14:44:43
M  696 COMPLD
;
<<RTRV-HDR keep alive sent>>

IP 697
<


   OME0307 01-12-06 14:45:14
M  697 COMPLD
;
<<RTRV-HDR keep alive sent>>

IP 698
<


   OME0307 01-12-06 14:45:46
M  698 COMPLD
;
<<RTRV-HDR keep alive sent>>

IP 699
<


   OME0307 01-12-06 14:46:18
M  699 COMPLD
;
<<RTRV-HDR keep alive sent>>

IP 700
<


   OME0307 01-12-06 14:46:50
M  700 COMPLD
;
<<RTRV-HDR keep alive sent>>

IP 701
<


   OME0307 01-12-06 14:47:21
M  701 COMPLD
;
<<RTRV-HDR keep alive sent>>

IP 702
<


   OME0307 01-12-06 14:47:53
M  702 COMPLD
;
<<RTRV-HDR keep alive sent>>

IP 703
<


   OME0307 01-12-06 14:48:25
M  703 COMPLD
;
<<RTRV-HDR keep alive sent>>

IP 704
<


   OME0307 01-12-06 14:48:56
M  704 COMPLD
;
<<RTRV-HDR keep alive sent>>

IP 705
<


   OME0307 01-12-06 14:49:28
M  705 COMPLD
;
<<RTRV-HDR keep alive sent>>

IP 706
<


   OME0307 01-12-06 14:50:01
M  706 COMPLD
;
<<RTRV-HDR keep alive sent>>

IP 707
<


   OME0307 01-12-06 14:50:33
M  707 COMPLD
;
<<RTRV-HDR keep alive sent>>

IP 708
<


   OME0307 01-12-06 14:51:04
M  708 COMPLD
;
<<RTRV-HDR keep alive sent>>

IP 709
<


   OME0307 01-12-06 14:51:36
M  709 COMPLD
;
<<RTRV-HDR keep alive sent>>

IP 710
<


   OME0307 01-12-06 14:52:08
M  710 COMPLD
;
<<RTRV-HDR keep alive sent>>

IP 711
<


   OME0307 01-12-06 14:52:40
M  711 COMPLD
;
<<RTRV-HDR keep alive sent>>

IP 712
<


   OME0307 01-12-06 14:53:11
M  712 COMPLD
;
<<RTRV-HDR keep alive sent>>

IP 713
<


   OME0307 01-12-06 14:53:43
M  713 COMPLD
;
<<RTRV-HDR keep alive sent>>

IP 714
<


   OME0307 01-12-06 14:54:15
M  714 COMPLD
;
<<RTRV-HDR keep alive sent>>

IP 715
<


   OME0307 01-12-06 14:54:47
M  715 COMPLD
;
<<RTRV-HDR keep alive sent>>

IP 716
<


   OME0307 01-12-06 14:55:18
M  716 COMPLD
;


   OME0307 01-12-06 14:55:20
A  0000036351 REPT EVT LOG
   "DATE=01-12-06,TIME=14-55-20:USERID=UNKNOWN,PRIORITY=GEN_TL1_CMD,STATUS=PRTL:ACT-USER:USAGETRACK:A::DOMAIN=CHALLENGE::"
;


   OME0307 01-12-06 14:55:20
A  0000036352 REPT EVT LOG
   "DATE=01-12-06,TIME=14-55-20:USERID=USAGETRACK,PRIORITY=GEN_TL1_CMD,STATUS=COMPLD:ENT-CHALLENGE-RESPONSE::10002:\"gfPYSdgb\":::"
;


   OME0307 01-12-06 14:55:21
A  0000036353 REPT EVT LOG
   "DATE=01-12-06,TIME=14-55-21:USERID=USAGETRACK,PRIORITY=GEN_TL1_CMD,STATUS=COMPLD:RTRV-SECU-USER:ALL:10005::::"
;


   OME0307 01-12-06 14:55:22
A  0000036354 REPT EVT LOG
   "DATE=01-12-06,TIME=14-55-22:USERID=USAGETRACK,PRIORITY=GEN_TL1_CMD,STATUS=COMPLD:RTRV-AUDIT-SECULOG::10006:14:PORTTYPE=ALL,LOGNAME=SECU406::"
;
<<RTRV-HDR keep alive sent>>

IP 717
<


   OME0307 01-12-06 14:55:50
M  717 COMPLD
;
<<RTRV-HDR keep alive sent>>

IP 718
<


   OME0307 01-12-06 14:56:22
M  718 COMPLD
;
<<RTRV-HDR keep alive sent>>

IP 719
<


   OME0307 01-12-06 14:56:55
M  719 COMPLD
;
<<RTRV-HDR keep alive sent>>

IP 720
<


   OME0307 01-12-06 14:57:26
M  720 COMPLD
;
<<RTRV-HDR keep alive sent>>

IP 721
<


   OME0307 01-12-06 14:57:58
M  721 COMPLD
;
<<RTRV-HDR keep alive sent>>

IP 722
<


   OME0307 01-12-06 14:58:30
M  722 COMPLD
;
<<RTRV-HDR keep alive sent>>

IP 723
<


   OME0307 01-12-06 14:59:01
M  723 COMPLD
;
<<RTRV-HDR keep alive sent>>

IP 724
<


   OME0307 01-12-06 14:59:33
M  724 COMPLD
;
<<RTRV-HDR keep alive sent>>

IP 725
<


   OME0307 01-12-06 15:00:05
M  725 COMPLD
;
<<RTRV-HDR keep alive sent>>

IP 726
<


   OME0307 01-12-06 15:00:37
M  726 COMPLD
;
<<RTRV-HDR keep alive sent>>

IP 727
<


   OME0307 01-12-06 15:01:08
M  727 COMPLD
;
<<RTRV-HDR keep alive sent>>

IP 728
<


   OME0307 01-12-06 15:01:45
M  728 COMPLD
;
<<RTRV-HDR keep alive sent>>

IP 729
<


   OME0307 01-12-06 15:02:17
M  729 COMPLD
;
<<RTRV-HDR keep alive sent>>

IP 730
<


   OME0307 01-12-06 15:02:49
M  730 COMPLD
;
<<RTRV-HDR keep alive sent>>

IP 731
<


   OME0307 01-12-06 15:03:20
M  731 COMPLD
;
<<RTRV-HDR keep alive sent>>

IP 732
<


   OME0307 01-12-06 15:03:52
M  732 COMPLD
;
<<RTRV-HDR keep alive sent>>

IP 733
<


   OME0307 01-12-06 15:04:24
M  733 COMPLD
;
<<RTRV-HDR keep alive sent>>

IP 734
<


   OME0307 01-12-06 15:04:56
M  734 COMPLD
;
<<RTRV-HDR keep alive sent>>

IP 735
<


   OME0307 01-12-06 15:05:27
M  735 COMPLD
;
<<RTRV-HDR keep alive sent>>

IP 736
<


   OME0307 01-12-06 15:05:59
M  736 COMPLD
;
<<RTRV-HDR keep alive sent>>

IP 737
<


   OME0307 01-12-06 15:06:31
M  737 COMPLD
;
<<RTRV-HDR keep alive sent>>

IP 738
<


   OME0307 01-12-06 15:07:04
M  738 COMPLD
;
<<RTRV-HDR keep alive sent>>

IP 739
<


   OME0307 01-12-06 15:07:35
M  739 COMPLD
;
<<RTRV-HDR keep alive sent>>

IP 740
<


   OME0307 01-12-06 15:08:07
M  740 COMPLD
;
<<RTRV-HDR keep alive sent>>

IP 741
<


   OME0307 01-12-06 15:08:39
M  741 COMPLD
;
<<RTRV-HDR keep alive sent>>

IP 742
<


   OME0307 01-12-06 15:09:11
M  742 COMPLD
;
<<RTRV-HDR keep alive sent>>

IP 743
<


   OME0307 01-12-06 15:09:42
M  743 COMPLD
;
<<RTRV-HDR keep alive sent>>

IP 744
<


   OME0307 01-12-06 15:10:14
M  744 COMPLD
;
<<RTRV-HDR keep alive sent>>

IP 745
<


   OME0307 01-12-06 15:10:46
M  745 COMPLD
;
<<RTRV-HDR keep alive sent>>

IP 746
<


   OME0307 01-12-06 15:11:18
M  746 COMPLD
;
<<RTRV-HDR keep alive sent>>

IP 747
<


   OME0307 01-12-06 15:11:49
M  747 COMPLD
;
<<RTRV-HDR keep alive sent>>

IP 748
<


   OME0307 01-12-06 15:12:21
M  748 COMPLD
;
<<RTRV-HDR keep alive sent>>

IP 749
<


   OME0307 01-12-06 15:12:53
M  749 COMPLD
;
<<RTRV-HDR keep alive sent>>

IP 750
<


   OME0307 01-12-06 15:13:24
M  750 COMPLD
;
<<RTRV-HDR keep alive sent>>

IP 751
<


   OME0307 01-12-06 15:13:56
M  751 COMPLD
;
<<RTRV-HDR keep alive sent>>

IP 752
<


   OME0307 01-12-06 15:14:28
M  752 COMPLD
;
<<RTRV-HDR keep alive sent>>

IP 753
<


   OME0307 01-12-06 15:15:01
M  753 COMPLD
;
<<RTRV-HDR keep alive sent>>

IP 754
<


   OME0307 01-12-06 15:15:32
M  754 COMPLD
;
<<RTRV-HDR keep alive sent>>

IP 755
<


   OME0307 01-12-06 15:16:04
M  755 COMPLD
;
<<RTRV-HDR keep alive sent>>

IP 756
<


   OME0307 01-12-06 15:16:36
M  756 COMPLD
;
<<RTRV-HDR keep alive sent>>

IP 757
<


   OME0307 01-12-06 15:17:08
M  757 COMPLD
;
<<RTRV-HDR keep alive sent>>

IP 758
<


   OME0307 01-12-06 15:17:39
M  758 COMPLD
;
<<RTRV-HDR keep alive sent>>

IP 759
<


   OME0307 01-12-06 15:18:11
M  759 COMPLD
;
<<RTRV-HDR keep alive sent>>

IP 760
<


   OME0307 01-12-06 15:18:43
M  760 COMPLD
;
<<RTRV-HDR keep alive sent>>

IP 761
<


   OME0307 01-12-06 15:19:15
M  761 COMPLD
;
<<RTRV-HDR keep alive sent>>

IP 762
<


   OME0307 01-12-06 15:19:46
M  762 COMPLD
;
<<RTRV-HDR keep alive sent>>

IP 763
<


   OME0307 01-12-06 15:20:18
M  763 COMPLD
;
<<RTRV-HDR keep alive sent>>

IP 764
<


   OME0307 01-12-06 15:20:50
M  764 COMPLD
;
<<RTRV-HDR keep alive sent>>

IP 765
<


   OME0307 01-12-06 15:21:22
M  765 COMPLD
;
<<RTRV-HDR keep alive sent>>

IP 766
<


   OME0307 01-12-06 15:21:54
M  766 COMPLD
;
<<RTRV-HDR keep alive sent>>

IP 767
<


   OME0307 01-12-06 15:22:26
M  767 COMPLD
;
<<RTRV-HDR keep alive sent>>

IP 768
<


   OME0307 01-12-06 15:22:58
M  768 COMPLD
;
<<RTRV-HDR keep alive sent>>

IP 769
<


   OME0307 01-12-06 15:23:29
M  769 COMPLD
;
<<RTRV-HDR keep alive sent>>

IP 770
<


   OME0307 01-12-06 15:24:01
M  770 COMPLD
;
<<RTRV-HDR keep alive sent>>

IP 771
<


   OME0307 01-12-06 15:24:33
M  771 COMPLD
;
<<RTRV-HDR keep alive sent>>

IP 772
<


   OME0307 01-12-06 15:25:05
M  772 COMPLD
;
<<RTRV-HDR keep alive sent>>

IP 773
<


   OME0307 01-12-06 15:25:37
M  773 COMPLD
;
<<RTRV-HDR keep alive sent>>

IP 774
<


   OME0307 01-12-06 15:26:09
M  774 COMPLD
;
<<RTRV-HDR keep alive sent>>

IP 775
<


   OME0307 01-12-06 15:26:41
M  775 COMPLD
;
<<RTRV-HDR keep alive sent>>

IP 776
<


   OME0307 01-12-06 15:27:13
M  776 COMPLD
;
<<RTRV-HDR keep alive sent>>

IP 777
<


   OME0307 01-12-06 15:27:44
M  777 COMPLD
;
<<RTRV-HDR keep alive sent>>

IP 778
<


   OME0307 01-12-06 15:28:16
M  778 COMPLD
;
<<RTRV-HDR keep alive sent>>

IP 779
<


   OME0307 01-12-06 15:28:48
M  779 COMPLD
;
<<RTRV-HDR keep alive sent>>

IP 780
<


   OME0307 01-12-06 15:29:20
M  780 COMPLD
;
<<RTRV-HDR keep alive sent>>

IP 781
<


   OME0307 01-12-06 15:29:51
M  781 COMPLD
;
<<RTRV-HDR keep alive sent>>

IP 782
<


   OME0307 01-12-06 15:30:23
M  782 COMPLD
;
<<RTRV-HDR keep alive sent>>

IP 783
<


   OME0307 01-12-06 15:30:55
M  783 COMPLD
;
<<RTRV-HDR keep alive sent>>

IP 784
<


   OME0307 01-12-06 15:31:26
M  784 COMPLD
;
<<RTRV-HDR keep alive sent>>

IP 785
<


   OME0307 01-12-06 15:31:58
M  785 COMPLD
;
<<RTRV-HDR keep alive sent>>

IP 786
<


   OME0307 01-12-06 15:32:31
M  786 COMPLD
;
<<RTRV-HDR keep alive sent>>

IP 787
<


   OME0307 01-12-06 15:33:03
M  787 COMPLD
;
<<RTRV-HDR keep alive sent>>

IP 788
<


   OME0307 01-12-06 15:33:34
M  788 COMPLD
;
<<RTRV-HDR keep alive sent>>

IP 789
<


   OME0307 01-12-06 15:34:06
M  789 COMPLD
;
<<RTRV-HDR keep alive sent>>

IP 790
<


   OME0307 01-12-06 15:34:38
M  790 COMPLD
;
<<RTRV-HDR keep alive sent>>

IP 791
<


   OME0307 01-12-06 15:35:10
M  791 COMPLD
;
<<RTRV-HDR keep alive sent>>

IP 792
<


   OME0307 01-12-06 15:35:41
M  792 COMPLD
;
<<RTRV-HDR keep alive sent>>

IP 793
<


   OME0307 01-12-06 15:36:13
M  793 COMPLD
;
<<RTRV-HDR keep alive sent>>

IP 794
<


   OME0307 01-12-06 15:36:45
M  794 COMPLD
;
<<RTRV-HDR keep alive sent>>

IP 795
<


   OME0307 01-12-06 15:37:17
M  795 COMPLD
;
<<RTRV-HDR keep alive sent>>

IP 796
<


   OME0307 01-12-06 15:37:48
M  796 COMPLD
;
<<RTRV-HDR keep alive sent>>

IP 797
<


   OME0307 01-12-06 15:38:20
M  797 COMPLD
;
<<RTRV-HDR keep alive sent>>

IP 798
<


   OME0307 01-12-06 15:38:52
M  798 COMPLD
;
<<RTRV-HDR keep alive sent>>

IP 799
<


   OME0307 01-12-06 15:39:25
M  799 COMPLD
;
<<RTRV-HDR keep alive sent>>

IP 800
<


   OME0307 01-12-06 15:39:56
M  800 COMPLD
;
<<RTRV-HDR keep alive sent>>

IP 801
<


   OME0307 01-12-06 15:40:28
M  801 COMPLD
;
<<RTRV-HDR keep alive sent>>

IP 802
<


   OME0307 01-12-06 15:41:00
M  802 COMPLD
;
<<RTRV-HDR keep alive sent>>

IP 803
<


   OME0307 01-12-06 15:41:31
M  803 COMPLD
;
<<RTRV-HDR keep alive sent>>

IP 804
<


   OME0307 01-12-06 15:42:03
M  804 COMPLD
;
<<RTRV-HDR keep alive sent>>

IP 805
<


   OME0307 01-12-06 15:42:35
M  805 COMPLD
;
<<RTRV-HDR keep alive sent>>

IP 806
<


   OME0307 01-12-06 15:43:07
M  806 COMPLD
;
<<RTRV-HDR keep alive sent>>

IP 807
<


   OME0307 01-12-06 15:43:38
M  807 COMPLD
;
<<RTRV-HDR keep alive sent>>

IP 808
<


   OME0307 01-12-06 15:44:10
M  808 COMPLD
;
<<RTRV-HDR keep alive sent>>

IP 809
<


   OME0307 01-12-06 15:44:42
M  809 COMPLD
;
<<RTRV-HDR keep alive sent>>

IP 810
<


   OME0307 01-12-06 15:45:14
M  810 COMPLD
;
<<RTRV-HDR keep alive sent>>

IP 811
<


   OME0307 01-12-06 15:45:45
M  811 COMPLD
;
<<RTRV-HDR keep alive sent>>

IP 812
<


   OME0307 01-12-06 15:46:17
M  812 COMPLD
;
<<RTRV-HDR keep alive sent>>

IP 813
<


   OME0307 01-12-06 15:46:49
M  813 COMPLD
;
<<RTRV-HDR keep alive sent>>

IP 814
<


   OME0307 01-12-06 15:47:21
M  814 COMPLD
;
<<RTRV-HDR keep alive sent>>

IP 815
<


   OME0307 01-12-06 15:47:52
M  815 COMPLD
;
<<RTRV-HDR keep alive sent>>

IP 816
<


   OME0307 01-12-06 15:48:24
M  816 COMPLD
;
<<RTRV-HDR keep alive sent>>

IP 817
<


   OME0307 01-12-06 15:48:56
M  817 COMPLD
;
<<RTRV-HDR keep alive sent>>

IP 818
<


   OME0307 01-12-06 15:49:27
M  818 COMPLD
;
<<RTRV-HDR keep alive sent>>

IP 819
<


   OME0307 01-12-06 15:49:59
M  819 COMPLD
;
<<RTRV-HDR keep alive sent>>

IP 820
<


   OME0307 01-12-06 15:50:32
M  820 COMPLD
;
<<RTRV-HDR keep alive sent>>

IP 821
<


   OME0307 01-12-06 15:51:04
M  821 COMPLD
;
<<RTRV-HDR keep alive sent>>

IP 822
<


   OME0307 01-12-06 15:51:35
M  822 COMPLD
;
<<RTRV-HDR keep alive sent>>

IP 823
<


   OME0307 01-12-06 15:52:07
M  823 COMPLD
;
<<RTRV-HDR keep alive sent>>

IP 824
<


   OME0307 01-12-06 15:52:39
M  824 COMPLD
;
<<RTRV-HDR keep alive sent>>

IP 825
<


   OME0307 01-12-06 15:53:11
M  825 COMPLD
;
<<RTRV-HDR keep alive sent>>

IP 826
<


   OME0307 01-12-06 15:53:42
M  826 COMPLD
;
<<RTRV-HDR keep alive sent>>

IP 827
<


   OME0307 01-12-06 15:54:14
M  827 COMPLD
;
<<RTRV-HDR keep alive sent>>

IP 828
<


   OME0307 01-12-06 15:54:46
M  828 COMPLD
;
<<RTRV-HDR keep alive sent>>

IP 829
<


   OME0307 01-12-06 15:55:19
M  829 COMPLD
;
<<RTRV-HDR keep alive sent>>

IP 830
<


   OME0307 01-12-06 15:55:50
M  830 COMPLD
;
<<RTRV-HDR keep alive sent>>

IP 831
<


   OME0307 01-12-06 15:56:22
M  831 COMPLD
;
<<RTRV-HDR keep alive sent>>

IP 832
<


   OME0307 01-12-06 15:56:54
M  832 COMPLD
;
<<RTRV-HDR keep alive sent>>

IP 833
<


   OME0307 01-12-06 15:57:26
M  833 COMPLD
;
<<RTRV-HDR keep alive sent>>

IP 834
<


   OME0307 01-12-06 15:57:57
M  834 COMPLD
;
<<RTRV-HDR keep alive sent>>

IP 835
<


   OME0307 01-12-06 15:58:29
M  835 COMPLD
;
<<RTRV-HDR keep alive sent>>

IP 836
<


   OME0307 01-12-06 15:59:01
M  836 COMPLD
;
<<RTRV-HDR keep alive sent>>

IP 837
<


   OME0307 01-12-06 15:59:33
M  837 COMPLD
;
