***** (re)Starting logger at Sat Dec 29 10:44:11 EST 2012*****


**** TL1 session opened at Sat Dec 29 10:44:11 EST 2012 ****


ÿûÿûÿý<<RTRV-HDR keep alive sent>>


WARNING! This computer system and network is PRIVATE and PROPRIETARY of [SUR
Fnet] and may only be accesses by authorized users.  Unauthorized use of th
is computer system or network is strictly prohibited and may be subject to 
criminal prosecution, employee discipline up to and including discharge, or
 the termination of the vendor/service contracts.  The owner, or its agents
, may monitor any activity or communication on the computer system or netwo
RK.

--- Copyright (c) 2000 - 2011 Ciena (R) Corporation. All Rights Reserved ---
|  NOTICE: This is a private computer system.                              |
|  Unauthorized access or use may lead to prosecution.                     |
|                                                                          |
|  Ciena 6500 OPTICAL                                                      |
----------------------------------------------------------------------------

/*
 * Starting Interactive TL1 Command Mode.
 * Type ? for help while constructing TL1 commands.
 * Type .? for specific parameter/keyword help.
 */


IP 2
<

   "Ut001A_OME02" 12-12-29 15:44:12
M  2 DENY
   PLNA
   /*Privilege, Login Not Active*/
;<<ACT-USER sent, password hidden>>
IP 3
<

   "Ut001A_OME02" 12-12-29 15:44:15
M  3 COMPLD
;RTRV-NETYPE:"Ut001A_OME02"::4;
IP 4
<

   "Ut001A_OME02" 12-12-29 15:44:15
M  4 COMPLD
   "CIENA,\"6500 OPTICAL\",OCP,\"REL0810Z.HD\""
;RTRV-SW-VER:"Ut001A_OME02"::5;
IP 5
<

   "Ut001A_OME02" 12-12-29 15:44:15
M  5 COMPLD
   "SHELF-1:REL0810Z.HD"
;RTRV-RTG-INFO:"Ut001A_OME02"::6:::NAME="Ut001A_OME02";
IP 6
<

   "Ut001A_OME02" 12-12-29 15:44:23
M  6 COMPLD
   "SHELF-1::,\"Ut001A_OME02\",00140D035034|145.145.74.83,00001600,YES"
;RTRV-SYS:"Ut001A_OME02"::7;
IP 7
<

   "Ut001A_OME02" 12-12-29 15:44:23
M  7 COMPLD
   "SHELF-1::ACTUALCOOLING=LOWFLOW,ACTUALPOWER=607,AINSTIMEOUT=00-05,ALMCORR=OFF,ALMHO=2.5,BAYFICINAO=FALSE,BITSMODE=SDH,CSFMCASTMAC=0180C2880001,EQPTCURRENT=40,ETHEERTH=20,ETHGFPRFI=ENABLED,ETHGFPRFIUPI=128,ETHSDTH=1,FCEERTH=20,FCSDTH=1,FIBERLOSSDETECTION=DISABLED,FILLERMGMT=ENABLED,GCC0MODE=IISIS,GCC1MODE=DISABLED,LASEROFFFARENDFAIL=DISABLED,LINEPEVSTAT=MAN&AUTO,MAJORDEGRADETHRESH=6.00,MINCOOLING=LOWFLOW,MINORDEGRADETHRESH=3.00,MONITORFAN=ENABLED,NEMODE=SDH,OSCMODE=OSPF,PATHEBERTH=3,PATHPEVSTAT=MAN,PATHSDTH=6,PATHSWCRIT=UNEQ&SD&EBER&AIS&LOP,PROVCURRENT=40,PTHAISINSERT=AIS&LOP,SHELFSYNCH=NO,STATE=NORMAL,WANFREERTH=20,WANFRSDTH=1,WANTREERTH=20,WANTRSDTH=1"
;ALW-MSG-BROADCAST:"Ut001A_OME02":ALL:8;
IP 8
<

   "Ut001A_OME02" 12-12-29 15:44:23
M  8 COMPLD
;RTRV-EQPT:"Ut001A_OME02":ALL:9;
IP 9
<

   "Ut001A_OME02" 12-12-29 15:44:24
M  9 COMPLD
   "GE-1-1::PROVPEC=NTK535LA,CTYPE=\"GE EPL 4 Port SFP\",SNMPINDEX=671220736,PEC=NTK535LA,REL=06  ,CLEI=WMOTAJ4JAD,SER=NNTMH1R100HXE,MDAT=2007-41,AGE=04-218-07-55,ONSC=04-218-07-55:IS,ACT"
   "PGEFC-1-1-1::PROVPEC=NTTP01CF,CTYPE=\"GE LX [10k]/FC100 SM 1310nm LC SFP\",SNMPINDEX=671220737,PEC=NTTP01CF,REL=01,CLEI=WMOTAH1JAA,SER=EXLGJPD851592335:IS,ACT"
   "PGEFC200-1-1-2::PROVPEC=NTTP06CF,CTYPE=\"GE LX [10k]/FC100/FC200 SM 1310nm LC SFP\",SNMPINDEX=671220738,PEC=NTTP06CF,REL=01,CLEI=WM1TTTLDAA,SER=FNSRMYPEK187J   :IS,ACT"
   "PGEFC-1-1-3::PROVPEC=NTTP01CF,CTYPE=\"GE LX [10k]/FC100 SM 1310nm LC SFP\",SNMPINDEX=671220739,PEC=NTTP01CF,REL=01,CLEI=WMOTAH1JAA,SER=EXLGJP8751590554:IS,ACT"
   "PGEFC-1-1-4::PROVPEC=NTTP01CF,CTYPE=\"GE LX [10k]/FC100 SM 1310nm LC SFP\",SNMPINDEX=671220740,PEC=NTTP01CF,REL=01,CLEI=WMOTAH1JAA,SER=EXLGJPD951590043:IS,IDLE"
   "GE-1-2::PROVPEC=NTK535LA,CTYPE=\"GE EPL 4 Port SFP\",SNMPINDEX=671221760,PEC=NTK535LA,REL=06  ,CLEI=WMOTAJ4JAD,SER=NNTMH1R101JN9,MDAT=2008-38,AGE=04-039-05-55,ONSC=04-039-05-55:IS,ACT"
   "PGEFC-1-2-1::PROVPEC=NTTP01CF,CTYPE=\"GE LX [10k]/FC100 SM 1310nm LC SFP\",SNMPINDEX=671221761,PEC=NTTP01CF,REL=01,CLEI=WMOTAH1JAA,SER=EXLGJPD851592533:IS,ACT"
   "PGEFC-1-2-2::PROVPEC=NTTP01CF,CTYPE=\"GE LX [10k]/FC100 SM 1310nm LC SFP\",SNMPINDEX=671221762,PEC=NTTP01CF,REL=01,CLEI=WMOTAH1JAA,SER=EXLGJP8751590564:IS,ACT"
   "PGEFC-1-2-3::PROVPEC=NTTP01CF,CTYPE=\"GE LX [10k]/FC100 SM 1310nm LC SFP\",SNMPINDEX=671221763,PEC=NTTP01CF,REL=01,CLEI=WMOTAH1JAA,SER=EXLGJPM6T5030228:IS,IDLE"
   "PGEFC-1-2-4::PROVPEC=NTTP01CF,CTYPE=\"GE LX [10k]/FC100 SM 1310nm LC SFP\",SNMPINDEX=671221764,PEC=NTTP01CF,REL=01,CLEI=WMOTAH1JAA,SER=EXLGJPC4E4110230:IS,ACT"
>

   "Ut001A_OME02" 12-12-29 15:44:24
M  9 COMPLD
   "GE-1-3::PROVPEC=NTK535LA,CTYPE=\"GE EPL 4 Port SFP\",SNMPINDEX=671222784,PEC=NTK535LA,REL= 03 ,CLEI=WMOTAJ4JAC,SER=NNTMH8R0005RP,MDAT=2005-25,AGE=07-000-04-08,ONSC=03-315-08-53:IS,ACT"
   "PGEFC-1-3-1::PROVPEC=NTTP01CF,CTYPE=\"GE LX [10k]/FC100 SM 1310nm LC SFP\",SNMPINDEX=671222785,PEC=NTTP01CF,REL=01,CLEI=WMOTAH1JAA,SER=EXLGJP9354010274:IS,IDLE"
   "PGEFC200-1-3-2::PROVPEC=NTTP06CF,CTYPE=\"GE LX [10k]/FC100/FC200 SM 1310nm LC SFP\",SNMPINDEX=671222786,PEC=NTTP06CF,REL=01,CLEI=WM1TTTLDAA,SER=FNSRMYPEK181P   :IS,ACT"
   "PGEFC-1-3-3::PROVPEC=NTTP01CF,CTYPE=\"GE LX [10k]/FC100 SM 1310nm LC SFP\",SNMPINDEX=671222787,PEC=NTTP01CF,REL=01,CLEI=WMOTAH1JAA,SER=EXLGJPM4E4260438:IS,ACT"
   "PGEFC-1-3-4::PROVPEC=NTTP01CF,CTYPE=\"GE LX [10k]/FC100 SM 1310nm LC SFP\",SNMPINDEX=671222788,PEC=NTTP01CF,REL=01,CLEI=WMOTAH1JAA,SER=EXLGJPM4E4260439:IS,IDLE"
   "XGE-1-4::PROVPEC=NTK533AA,CTYPE=\"10GE LAN/WAN 10G EPL 1 Port XFP\",SNMPINDEX=671223808,PEC=NTK533AA,REL= 02 ,CLEI=WOTRAM7KAA,SER=NNTMH1I102CLO,MDAT=2009-48,AGE=02-192-07-51,ONSC=02-192-07-51:IS,ACT"
   "P10GSOEL-1-4-1::PROVPEC=NTTP84BA,CTYPE=\"OC192 SR1/I64.1 10G LR/LW OTU2/10GFC 1200SMLLL 100m 1310 nm XFP\",SNMPINDEX=671223809,PEC=NTTP84BA,REL=02,CLEI=WOTRANAKAB,SER=EXLGJP0132660096:IS,ACT"
   "10G-1-5::PROVPEC=NTK523BA,CTYPE=\"OC-192/STM-64 STS-1/HO 1 Port SR-1/I-64.1\",SNMPINDEX=671224832,PEC=NTK523BA,REL= 11 ,CLEI=WMOTAHVJAB,SER=NNTMH1C101VV2,MDAT=2008-50,AGE=01-308-06-22,ONSC=01-308-06-22:IS,ACT"
   "10G-1-6::PROVPEC=NTK523BA,CTYPE=\"OC-192/STM-64 STS-1/HO 1 Port SR-1/I-64.1\",SNMPINDEX=671225856,PEC=NTK523BA,REL= 11 ,CLEI=WMOTAHVJAB,SER=NNTMH8Y003LO4,MDAT=2007-40,AGE=01-308-06-13,ONSC=01-308-06-13:IS,ACT"
   "XC-1-7::PROVPEC=NTK557BA,CTYPE=\"X-Conn 160G+ STS-1/VC-3 Sync-ST3\",SNMPINDEX=671226880,PEC=NTK557BA,REL= 10 ,CLEI=WMIXCE0BAF,SER=NNTMH1T100N0V,MDAT=2007-49,AGE=02-209-03-33,ONSC=02-209-03-33:IS,WRKTRAF&WRKSYNC"
>

   "Ut001A_OME02" 12-12-29 15:44:24
M  9 COMPLD
   "XC-1-8::PROVPEC=NTK557BA,CTYPE=\"X-Conn 160G+ STS-1/VC-3 Sync-ST3\",SNMPINDEX=671227904,PEC=NTK557BA,REL= 10 ,CLEI=WMIXCE0BAF,SER=NNTMH1Q100NGW,MDAT=2007-49,AGE=02-209-03-35,ONSC=02-209-03-35:IS,STBYH"
   "10G-1-9::PROVPEC=NTK526JA,CTYPE=\"OC-192/STM-64 STS-1/HO 1 Port G.709 DWDM C-Band AM1/AM2\",SNMPINDEX=671228928,PEC=NTK526JA,REL= 01 ,CLEI=WMOTCM0JAA,SER=NNTMH8K004721,MDAT=2008-04,AGE=01-307-16-44,ONSC=00-251-15-47:IS,ACT"
   "10G-1-10::PROVPEC=NTK526JA,CTYPE=\"OC-192/STM-64 STS-1/HO 1 Port G.709 DWDM C-Band AM1/AM2\",SNMPINDEX=671229952,PEC=NTK526JA,REL= 02 ,CLEI=WMOTCM0JAB,SER=NNTMH1F101XMO,MDAT=2008-48,AGE=01-306-16-34,ONSC=00-228-12-15:IS,ACT"
   "10G-1-13::PROVPEC=NTK526JA,CTYPE=\"OC-192/STM-64 STS-1/HO 1 Port G.709 DWDM C-Band AM1/AM2\",SNMPINDEX=671233024,PEC=NTK526JA,REL= 01 ,CLEI=WMOTCM0JAA,SER=NNTMH8M003INO,MDAT=2007-40,AGE=01-307-16-23,ONSC=00-251-15-33:IS,ACT"
   "10G-1-14::PROVPEC=NTK526JA,CTYPE=\"OC-192/STM-64 STS-1/HO 1 Port G.709 DWDM C-Band AM1/AM2\",SNMPINDEX=671234048,PEC=NTK526JA,REL= 01 ,CLEI=WMOTCM0JAA,SER=NNTMH8R003ZV8,MDAT=2007-49,AGE=01-307-16-30,ONSC=00-251-15-34:IS,ACT"
   "SP-1-15::PROVPEC=NTK555AA,CTYPE=\"Processor SP\",SNMPINDEX=671235072,PEC=NTK555AA,REL= 07 ,CLEI=WMUCAJFAAB,SER=NNTMH8C000011,MDAT=2005-42,AGE=05-328-10-22,ONSC=04-194-09-06,TCUR=24,TAVG=23:IS,"
;RTRV-OC3:"Ut001A_OME02":OC3-1-ALL:10;
IP 10
<

   "Ut001A_OME02" 12-12-29 15:44:24
M  10 COMPLD
;RTRV-OC12:"Ut001A_OME02":OC12-1-ALL:11;
IP 11
<

   "Ut001A_OME02" 12-12-29 15:44:25
M  11 COMPLD
;RTRV-OC48:"Ut001A_OME02":OC48-1-ALL:12;
IP 12
<

   "Ut001A_OME02" 12-12-29 15:44:25
M  12 COMPLD
;RTRV-OC192:"Ut001A_OME02":OC192-1-ALL:13;
IP 13
<

   "Ut001A_OME02" 12-12-29 15:44:25
M  13 COMPLD
   "OC192-1-5-1::TMGREF=N,DCC=Y,,SDTH=6,,,,,ALS=DISABLED,DUSOVERRIDE=DISABLED,EBERTH=3,PORTMODE=SDH,UNEQMODE=VC4,,,,CLFI=\"\":IS,"
   "OC192-1-6-1::TMGREF=N,DCC=Y,,SDTH=6,,,,,ALS=ENABLED,DUSOVERRIDE=DISABLED,EBERTH=3,PORTMODE=SDH,UNEQMODE=VC4,,,,CLFI=\"\":IS,"
   "OC192-1-9-1::TMGREF=N,DCC=Y,,SDTH=6,,,,,ALS=DISABLED,DUSOVERRIDE=DISABLED,EBERTH=3,PORTMODE=SDH,UNEQMODE=VC4,,,,CLFI=\"\":IS,"
   "OC192-1-10-1::TMGREF=N,DCC=N,,SDTH=6,,,,,ALS=DISABLED,DUSOVERRIDE=DISABLED,EBERTH=3,PORTMODE=SDH,UNEQMODE=VC4,,,,CLFI=\"\":IS,"
   "OC192-1-13-1::TMGREF=N,DCC=Y,,SDTH=6,,,,,ALS=DISABLED,DUSOVERRIDE=DISABLED,EBERTH=3,PORTMODE=SDH,UNEQMODE=VC4,,,,CLFI=\"\":IS,"
   "OC192-1-14-1::TMGREF=N,DCC=Y,,SDTH=6,,,,,ALS=DISABLED,DUSOVERRIDE=DISABLED,EBERTH=3,PORTMODE=SDH,UNEQMODE=VC4,,,,CLFI=\"\":IS,"
;RTRV-ETH:"Ut001A_OME02":ETH-1-ALL:14;
IP 14
<

   "Ut001A_OME02" 12-12-29 15:44:28
M  14 COMPLD
   "ETH-1-1-1::AN=ENABLE,ANSTATUS=COMPLETED,ANETHDPX=FULL,ANSPEED=1000,ANPAUSETX=DISABLE,ANPAUSERX=DISABLE,ADVETHDPX=FULL,ADVSPEED=1000,ADVFLOWCTRL=BOTH,ETHDPX=FULL,SPEED=1000,FLOWCTRL=NONE,PAUSETX=DISABLE,PAUSERX=DISABLE,PAUSERXOVERRIDE=ENABLE,MTU=9600,TXCON=ENABLE,PASSCTRL=DISABLE,PAUSETXOVERRIDE=DISABLE,RXIDLE=0,CFPRF=CFPRF-1-4,PHYSADDR=0019E1EF6F38,CLFI=\"\":IS"
   "ETH-1-1-2::AN=ENABLE,ANSTATUS=COMPLETED,ANETHDPX=FULL,ANSPEED=1000,ANPAUSETX=DISABLE,ANPAUSERX=DISABLE,ADVETHDPX=FULL,ADVSPEED=1000,ADVFLOWCTRL=SYM,ETHDPX=FULL,SPEED=1000,FLOWCTRL=NONE,PAUSETX=DISABLE,PAUSERX=DISABLE,PAUSERXOVERRIDE=ENABLE,MTU=9600,TXCON=ENABLE,PASSCTRL=DISABLE,PAUSETXOVERRIDE=DISABLE,RXIDLE=0,CFPRF=CFPRF-1-4,PHYSADDR=0019E1EF6F39,CLFI=\"\":IS"
   "ETH-1-1-3::AN=ENABLE,ANSTATUS=COMPLETED,ANETHDPX=FULL,ANSPEED=1000,ANPAUSETX=DISABLE,ANPAUSERX=DISABLE,ADVETHDPX=FULL,ADVSPEED=1000,ADVFLOWCTRL=SYM,ETHDPX=FULL,SPEED=1000,FLOWCTRL=NONE,PAUSETX=DISABLE,PAUSERX=DISABLE,PAUSERXOVERRIDE=ENABLE,MTU=9600,TXCON=ENABLE,PASSCTRL=DISABLE,PAUSETXOVERRIDE=DISABLE,RXIDLE=0,CFPRF=CFPRF-1-4,PHYSADDR=0019E1EF6F3A,CLFI=\"\":IS"
   "ETH-1-1-4::AN=ENABLE,ANSTATUS=INPROGRESS,ANETHDPX=UNKNOWN,ANSPEED=UNKNOWN,ANPAUSETX=UNKNOWN,ANPAUSERX=UNKNOWN,ADVETHDPX=UNKNOWN,ADVSPEED=UNKNOWN,ADVFLOWCTRL=UNKNOWN,ETHDPX=FULL,SPEED=1000,FLOWCTRL=NONE,PAUSETX=DISABLE,PAUSERX=DISABLE,PAUSERXOVERRIDE=ENABLE,MTU=9600,TXCON=ENABLE,PASSCTRL=DISABLE,PAUSETXOVERRIDE=DISABLE,RXIDLE=0,CFPRF=CFPRF-1-4,PHYSADDR=0019E1EF6F3B,CLFI=\"\":OOS-MA,DISCD"
>

   "Ut001A_OME02" 12-12-29 15:44:28
M  14 COMPLD
   "ETH-1-2-1::AN=ENABLE,ANSTATUS=COMPLETED,ANETHDPX=FULL,ANSPEED=1000,ANPAUSETX=DISABLE,ANPAUSERX=DISABLE,ADVETHDPX=FULL,ADVSPEED=1000,ADVFLOWCTRL=SYM,ETHDPX=FULL,SPEED=1000,FLOWCTRL=NONE,PAUSETX=DISABLE,PAUSERX=DISABLE,PAUSERXOVERRIDE=ENABLE,MTU=9600,TXCON=ENABLE,PASSCTRL=DISABLE,PAUSETXOVERRIDE=DISABLE,RXIDLE=0,CFPRF=CFPRF-1-4,PHYSADDR=0021E1D49EC7,CLFI=\"\":IS"
   "ETH-1-2-2::AN=ENABLE,ANSTATUS=COMPLETED,ANETHDPX=FULL,ANSPEED=1000,ANPAUSETX=DISABLE,ANPAUSERX=DISABLE,ADVETHDPX=FULL,ADVSPEED=1000,ADVFLOWCTRL=NONE,ETHDPX=FULL,SPEED=1000,FLOWCTRL=NONE,PAUSETX=DISABLE,PAUSERX=DISABLE,PAUSERXOVERRIDE=ENABLE,MTU=9600,TXCON=ENABLE,PASSCTRL=DISABLE,PAUSETXOVERRIDE=DISABLE,RXIDLE=0,CFPRF=CFPRF-1-4,PHYSADDR=0021E1D49EC8,CLFI=\"\":IS"
   "ETH-1-2-3::AN=ENABLE,ANSTATUS=INPROGRESS,ANETHDPX=UNKNOWN,ANSPEED=UNKNOWN,ANPAUSETX=UNKNOWN,ANPAUSERX=UNKNOWN,ADVETHDPX=UNKNOWN,ADVSPEED=UNKNOWN,ADVFLOWCTRL=UNKNOWN,ETHDPX=FULL,SPEED=1000,FLOWCTRL=NONE,PAUSETX=DISABLE,PAUSERX=DISABLE,PAUSERXOVERRIDE=ENABLE,MTU=9600,TXCON=ENABLE,PASSCTRL=DISABLE,PAUSETXOVERRIDE=DISABLE,RXIDLE=0,CFPRF=CFPRF-1-4,PHYSADDR=0021E1D49EC9,CLFI=\"\":OOS-MA,DISCD"
   "ETH-1-2-4::AN=DISABLE,ANSTATUS=DISABLED,ANETHDPX=UNKNOWN,ANSPEED=UNKNOWN,ANPAUSETX=UNKNOWN,ANPAUSERX=UNKNOWN,ADVETHDPX=UNKNOWN,ADVSPEED=UNKNOWN,ADVFLOWCTRL=UNKNOWN,ETHDPX=FULL,SPEED=1000,FLOWCTRL=NONE,PAUSETX=DISABLE,PAUSERX=DISABLE,PAUSERXOVERRIDE=ENABLE,MTU=9600,TXCON=ENABLE,PASSCTRL=DISABLE,PAUSETXOVERRIDE=DISABLE,RXIDLE=0,CFPRF=CFPRF-1-4,PHYSADDR=0021E1D49ECA,CLFI=\"\":IS"
>

   "Ut001A_OME02" 12-12-29 15:44:28
M  14 COMPLD
   "ETH-1-3-1::AN=ENABLE,ANSTATUS=INPROGRESS,ANETHDPX=UNKNOWN,ANSPEED=UNKNOWN,ANPAUSETX=UNKNOWN,ANPAUSERX=UNKNOWN,ADVETHDPX=UNKNOWN,ADVSPEED=UNKNOWN,ADVFLOWCTRL=UNKNOWN,ETHDPX=FULL,SPEED=1000,FLOWCTRL=NONE,PAUSETX=DISABLE,PAUSERX=DISABLE,PAUSERXOVERRIDE=ENABLE,MTU=9600,TXCON=ENABLE,PASSCTRL=DISABLE,PAUSETXOVERRIDE=DISABLE,RXIDLE=0,CFPRF=CFPRF-1-4,PHYSADDR=001158FF6F86,CLFI=\"\":OOS-MA,DISCD"
   "ETH-1-3-2::AN=ENABLE,ANSTATUS=COMPLETED,ANETHDPX=FULL,ANSPEED=1000,ANPAUSETX=DISABLE,ANPAUSERX=DISABLE,ADVETHDPX=FULL,ADVSPEED=1000,ADVFLOWCTRL=SYM,ETHDPX=FULL,SPEED=1000,FLOWCTRL=NONE,PAUSETX=DISABLE,PAUSERX=DISABLE,PAUSERXOVERRIDE=ENABLE,MTU=9600,TXCON=ENABLE,PASSCTRL=DISABLE,PAUSETXOVERRIDE=DISABLE,RXIDLE=0,CFPRF=CFPRF-1-4,PHYSADDR=001158FF6F87,CLFI=\"\":IS"
   "ETH-1-3-3::AN=ENABLE,ANSTATUS=COMPLETED,ANETHDPX=FULL,ANSPEED=1000,ANPAUSETX=DISABLE,ANPAUSERX=DISABLE,ADVETHDPX=FULL,ADVSPEED=1000,ADVFLOWCTRL=BOTH,ETHDPX=FULL,SPEED=1000,FLOWCTRL=NONE,PAUSETX=DISABLE,PAUSERX=DISABLE,PAUSERXOVERRIDE=ENABLE,MTU=9600,TXCON=ENABLE,PASSCTRL=DISABLE,PAUSETXOVERRIDE=DISABLE,RXIDLE=0,CFPRF=CFPRF-1-4,PHYSADDR=001158FF6F88,CLFI=\"\":IS"
   "ETH-1-3-4::AN=ENABLE,ANSTATUS=INPROGRESS,ANETHDPX=UNKNOWN,ANSPEED=UNKNOWN,ANPAUSETX=UNKNOWN,ANPAUSERX=UNKNOWN,ADVETHDPX=UNKNOWN,ADVSPEED=UNKNOWN,ADVFLOWCTRL=UNKNOWN,ETHDPX=FULL,SPEED=1000,FLOWCTRL=NONE,PAUSETX=DISABLE,PAUSERX=DISABLE,PAUSERXOVERRIDE=ENABLE,MTU=9600,TXCON=ENABLE,PASSCTRL=DISABLE,PAUSETXOVERRIDE=DISABLE,RXIDLE=0,CFPRF=CFPRF-1-4,PHYSADDR=001158FF6F89,CLFI=\"\":OOS-MA,DISCD"
>

   "Ut001A_OME02" 12-12-29 15:44:28
M  14 COMPLD
;RTRV-ETH10G:"Ut001A_OME02":ETH10G-1-ALL:15;
IP 15
<

   "Ut001A_OME02" 12-12-29 15:44:31
M  15 COMPLD
   "ETH10G-1-4-1::MTU=9018,FLOWCTRL=ASYM,CLFI=\"\",AN=DISABLE,ANSTATUS=DISABLED,ETHDPX=FULL,SPEED=10G,TXCON=ENABLE,PAUSETX=DISABLE,PAUSERX=DISABLE,PAUSERXOVERRIDE=ENABLE,PAUSETXOVERRIDE=DISABLE,ANETHDPX=UNKNOWN,ANSPEED=UNKNOWN,ANPAUSETX=UNKNOWN,ANPAUSERX=UNKNOWN,ADVETHDPX=UNKNOWN,ADVSPEED=UNKNOWN,ADVFLOWCTRL=UNKNOWN,PASSCTRL=DISABLE,PHYSADDR=0016CA40C020,EQPT=XGELAN,RXIDLE=0:IS"
;RTRV-ETH100:"Ut001A_OME02":ETH100-1-ALL:16;
IP 16
<

   "Ut001A_OME02" 12-12-29 15:44:31
M  16 COMPLD
;RTRV-WAN:"Ut001A_OME02":WAN-1-ALL:17;
IP 17
<

   "Ut001A_OME02" 12-12-29 15:44:34
M  17 COMPLD
   "WAN-1-1-1::MAPPING=GFP-F,RATE=STS3C,VCAT=ENABLE,LCAS=DISABLE,PROVUNITS=7,ACTUALUNITS=7,MAGICNUM=DISABLE,LCM=DISABLE,NCP=NONE,MODE=SDH,FCS=32,SCRAMBLE=ENABLE,LANFCS=ENABLE,RTDELAY=531,CONDTYPE=GFPCMF,GFPRFI=ENABLE,AVLBLRATE=STS3C,PROVRXUNITS=7,GFPRTDELAY=ENABLE,MAXVCDEL=14000,CURRVCDEL=0,ACTUALRXUNITS=7:IS"
   "WAN-1-1-2::MAPPING=GFP-F,RATE=STS3C,VCAT=ENABLE,LCAS=DISABLE,PROVUNITS=7,ACTUALUNITS=7,MAGICNUM=DISABLE,LCM=DISABLE,NCP=NONE,MODE=SDH,FCS=32,SCRAMBLE=ENABLE,LANFCS=ENABLE,RTDELAY=1042,CONDTYPE=GFPCMF,GFPRFI=ENABLE,AVLBLRATE=STS3C,PROVRXUNITS=7,GFPRTDELAY=ENABLE,MAXVCDEL=14000,CURRVCDEL=0,ACTUALRXUNITS=7:IS"
   "WAN-1-1-3::MAPPING=GFP-F,RATE=STS3C,VCAT=ENABLE,LCAS=DISABLE,PROVUNITS=4,ACTUALUNITS=4,MAGICNUM=DISABLE,LCM=DISABLE,NCP=NONE,MODE=SDH,FCS=32,SCRAMBLE=ENABLE,LANFCS=ENABLE,RTDELAY=1029,CONDTYPE=GFPCMF,GFPRFI=ENABLE,AVLBLRATE=STS3C,PROVRXUNITS=4,GFPRTDELAY=ENABLE,MAXVCDEL=14000,CURRVCDEL=0,ACTUALRXUNITS=4:IS"
   "WAN-1-1-4::MAPPING=GFP-F,RATE=NONE,VCAT=ENABLE,LCAS=DISABLE,PROVUNITS=0,ACTUALUNITS=0,MAGICNUM=DISABLE,LCM=DISABLE,NCP=NONE,MODE=SDH,FCS=32,SCRAMBLE=ENABLE,LANFCS=ENABLE,RTDELAY=UNKNOWN,CONDTYPE=GFPCMF,GFPRFI=ENABLE,AVLBLRATE=STS3C,PROVRXUNITS=0,GFPRTDELAY=ENABLE,MAXVCDEL=14000,CURRVCDEL=0,ACTUALRXUNITS=0:OOS-MA,DISCD"
   "WAN-1-2-1::MAPPING=GFP-F,RATE=STS3C,VCAT=ENABLE,LCAS=DISABLE,PROVUNITS=4,ACTUALUNITS=4,MAGICNUM=DISABLE,LCM=DISABLE,NCP=NONE,MODE=SDH,FCS=32,SCRAMBLE=ENABLE,LANFCS=ENABLE,RTDELAY=2299,CONDTYPE=GFPCMF,GFPRFI=ENABLE,AVLBLRATE=STS3C,PROVRXUNITS=4,GFPRTDELAY=ENABLE,MAXVCDEL=14000,CURRVCDEL=0,ACTUALRXUNITS=4:IS"
>

   "Ut001A_OME02" 12-12-29 15:44:34
M  17 COMPLD
   "WAN-1-2-2::MAPPING=GFP-F,RATE=STS3C,VCAT=ENABLE,LCAS=DISABLE,PROVUNITS=7,ACTUALUNITS=7,MAGICNUM=DISABLE,LCM=DISABLE,NCP=NONE,MODE=SDH,FCS=32,SCRAMBLE=ENABLE,LANFCS=ENABLE,RTDELAY=2806,CONDTYPE=GFPCMF,GFPRFI=ENABLE,AVLBLRATE=STS3C,PROVRXUNITS=7,GFPRTDELAY=ENABLE,MAXVCDEL=14000,CURRVCDEL=0,ACTUALRXUNITS=7:IS"
   "WAN-1-2-3::MAPPING=GFP-F,RATE=NONE,VCAT=ENABLE,LCAS=DISABLE,PROVUNITS=0,ACTUALUNITS=0,MAGICNUM=DISABLE,LCM=DISABLE,NCP=NONE,MODE=SDH,FCS=32,SCRAMBLE=ENABLE,LANFCS=ENABLE,RTDELAY=UNKNOWN,CONDTYPE=GFPCMF,GFPRFI=ENABLE,AVLBLRATE=STS3C,PROVRXUNITS=0,GFPRTDELAY=ENABLE,MAXVCDEL=14000,CURRVCDEL=0,ACTUALRXUNITS=0:OOS-MA,DISCD"
   "WAN-1-2-4::MAPPING=GFP-F,RATE=STS3C,VCAT=ENABLE,LCAS=DISABLE,PROVUNITS=7,ACTUALUNITS=7,MAGICNUM=DISABLE,LCM=DISABLE,NCP=NONE,MODE=SDH,FCS=32,SCRAMBLE=ENABLE,LANFCS=ENABLE,RTDELAY=3827,CONDTYPE=GFPCMF,GFPRFI=ENABLE,AVLBLRATE=STS3C,PROVRXUNITS=7,GFPRTDELAY=ENABLE,MAXVCDEL=14000,CURRVCDEL=0,ACTUALRXUNITS=7:IS"
   "WAN-1-3-1::MAPPING=GFP-F,RATE=NONE,VCAT=ENABLE,LCAS=DISABLE,PROVUNITS=0,ACTUALUNITS=0,MAGICNUM=DISABLE,LCM=DISABLE,NCP=NONE,MODE=SDH,FCS=32,SCRAMBLE=ENABLE,LANFCS=ENABLE,RTDELAY=UNKNOWN,CONDTYPE=GFPCMF,GFPRFI=ENABLE,AVLBLRATE=STS3C,PROVRXUNITS=0,GFPRTDELAY=ENABLE,MAXVCDEL=14000,CURRVCDEL=0,ACTUALRXUNITS=0:OOS-MA,DISCD"
   "WAN-1-3-2::MAPPING=GFP-F,RATE=STS3C,VCAT=ENABLE,LCAS=DISABLE,PROVUNITS=7,ACTUALUNITS=7,MAGICNUM=DISABLE,LCM=DISABLE,NCP=NONE,MODE=SDH,FCS=32,SCRAMBLE=ENABLE,LANFCS=ENABLE,RTDELAY=2888,CONDTYPE=GFPCMF,GFPRFI=ENABLE,AVLBLRATE=STS3C,PROVRXUNITS=7,GFPRTDELAY=ENABLE,MAXVCDEL=14000,CURRVCDEL=0,ACTUALRXUNITS=7:IS"
>

   "Ut001A_OME02" 12-12-29 15:44:34
M  17 COMPLD
   "WAN-1-3-3::MAPPING=GFP-F,RATE=STS3C,VCAT=ENABLE,LCAS=DISABLE,PROVUNITS=7,ACTUALUNITS=7,MAGICNUM=DISABLE,LCM=DISABLE,NCP=NONE,MODE=SDH,FCS=32,SCRAMBLE=ENABLE,LANFCS=ENABLE,RTDELAY=545,CONDTYPE=GFPCMF,GFPRFI=ENABLE,AVLBLRATE=STS3C,PROVRXUNITS=7,GFPRTDELAY=ENABLE,MAXVCDEL=14000,CURRVCDEL=0,ACTUALRXUNITS=7:IS"
   "WAN-1-3-4::MAPPING=GFP-F,RATE=NONE,VCAT=ENABLE,LCAS=DISABLE,PROVUNITS=0,ACTUALUNITS=0,MAGICNUM=DISABLE,LCM=DISABLE,NCP=NONE,MODE=SDH,FCS=32,SCRAMBLE=ENABLE,LANFCS=ENABLE,RTDELAY=UNKNOWN,CONDTYPE=GFPCMF,GFPRFI=ENABLE,AVLBLRATE=STS3C,PROVRXUNITS=0,GFPRTDELAY=ENABLE,MAXVCDEL=14000,CURRVCDEL=0,ACTUALRXUNITS=0:OOS-MA,DISCD"
   "WAN-1-4-1::MAPPING=GFP-F,FCS=32,CONDTYPE=GFPCMF,GFPRFI=ENABLE,PROVRXUNITS=15,GFPRTDELAY=ENABLE,RATE=STS3C,LCAS=DISABLE,VCAT=ENABLE,PROVUNITS=15,ACTUALUNITS=15,LANFCS=ENABLE,RTDELAY=UNKNOWN,MAXVCDEL=0,CURRVCDEL=0,SCRAMBLE=ENABLE,ACTUALRXUNITS=15,AVLBLRATE=STS3C:IS"
;RTRV-VCS:"Ut001A_OME02":VCS-1-ALL:18;
IP 18
<

   "Ut001A_OME02" 12-12-29 15:44:35
M  18 COMPLD
;RTRV-VCE:"Ut001A_OME02":VCE-1-ALL:19;
IP 19
<

   "Ut001A_OME02" 12-12-29 15:44:35
M  19 COMPLD
;RTRV-VCEMAP:"Ut001A_OME02":VCEMAP-1-ALL:20;
IP 20
<

   "Ut001A_OME02" 12-12-29 15:44:35
M  20 COMPLD
;RTRV-CRS-ALL:"Ut001A_OME02"::21:::CKTID=ALL;
IP 21
<

   "Ut001A_OME02" 12-12-29 15:44:36
M  21 COMPLD
   "STS3C-1-9-1-37,STS3C-1-1-3-1:2WAY:PRIMARYXC=SHELF,PRIME=OSS,CKTID=\"2114LR1_Ut01-Asd01_RIVM-O13(DigiBobOPN Preventicon@Ut27)\":STS3C:"
   "STS3C-1-9-1-40,STS3C-1-1-3-4:2WAY:PRIMARYXC=SHELF,PRIME=OSS,CKTID=\"2114LR1_Ut01-Asd01_RIVM-O13(DigiBobOPN Preventicon@Ut27)\":STS3C:"
   "STS3C-1-9-1-43,STS3C-1-1-3-7:2WAY:PRIMARYXC=SHELF,PRIME=OSS,CKTID=\"2114LR1_Ut01-Asd01_RIVM-O13(DigiBobOPN Preventicon@Ut27)\":STS3C:"
   "STS3C-1-9-1-46,STS3C-1-1-3-10:2WAY:PRIMARYXC=SHELF,PRIME=OSS,CKTID=\"2114LR1_Ut01-Asd01_RIVM-O13(DigiBobOPN Preventicon@Ut27)\":STS3C:"
   "STS3C-1-9-1-97,STS3C-1-1-2-1:2WAY:PRIMARYXC=SHELF,PRIME=OSS,CKTID=\"2138LR1_Ut01-Asd01_Amarantis(@Ut31-Ut01_2-Asd01)\":STS3C:"
   "STS3C-1-9-1-100,STS3C-1-1-2-4:2WAY:PRIMARYXC=SHELF,PRIME=OSS,CKTID=\"2138LR1_Ut01-Asd01_Amarantis(@Ut31-Ut01_2-Asd01)\":STS3C:"
   "STS3C-1-9-1-103,STS3C-1-1-2-7:2WAY:PRIMARYXC=SHELF,PRIME=OSS,CKTID=\"2138LR1_Ut01-Asd01_Amarantis(@Ut31-Ut01_2-Asd01)\":STS3C:"
   "STS3C-1-9-1-106,STS3C-1-1-2-10:2WAY:PRIMARYXC=SHELF,PRIME=OSS,CKTID=\"2138LR1_Ut01-Asd01_Amarantis(@Ut31-Ut01_2-Asd01)\":STS3C:"
   "STS3C-1-9-1-109,STS3C-1-1-2-13:2WAY:PRIMARYXC=SHELF,PRIME=OSS,CKTID=\"2138LR1_Ut01-Asd01_Amarantis(@Ut31-Ut01_2-Asd01)\":STS3C:"
   "STS3C-1-9-1-112,STS3C-1-1-2-16:2WAY:PRIMARYXC=SHELF,PRIME=OSS,CKTID=\"2138LR1_Ut01-Asd01_Amarantis(@Ut31-Ut01_2-Asd01)\":STS3C:"
   "STS3C-1-9-1-115,STS3C-1-1-2-19:2WAY:PRIMARYXC=SHELF,PRIME=OSS,CKTID=\"2138LR1_Ut01-Asd01_Amarantis(@Ut31-Ut01_2-Asd01)\":STS3C:"
   "STS3C-1-13-1-1,STS3C-1-1-1-1:2WAYPR:SWMATE=STS3C-1-14-1-1,PRIMARYXC=SHELF,PRIME=OSS,CKTID=\"0066IP_Ut15-Ut01_UMCU(Ut01-ome02)\":STS3C:"
   "STS3C-1-13-1-4,STS3C-1-1-1-4:2WAYPR:SWMATE=STS3C-1-14-1-4,PRIMARYXC=SHELF,PRIME=OSS,CKTID=\"0066IP_Ut15-Ut01_UMCU(Ut01-ome02)\":STS3C:"
   "STS3C-1-13-1-7,STS3C-1-1-1-7:2WAYPR:SWMATE=STS3C-1-14-1-7,PRIMARYXC=SHELF,PRIME=OSS,CKTID=\"0066IP_Ut15-Ut01_UMCU(Ut01-ome02)\":STS3C:"
   "STS3C-1-13-1-10,STS3C-1-1-1-10:2WAYPR:SWMATE=STS3C-1-14-1-10,PRIMARYXC=SHELF,PRIME=OSS,CKTID=\"0066IP_Ut15-Ut01_UMCU(Ut01-ome02)\":STS3C:"
   "STS3C-1-13-1-13,STS3C-1-1-1-13:2WAYPR:SWMATE=STS3C-1-14-1-13,PRIMARYXC=SHELF,PRIME=OSS,CKTID=\"0066IP_Ut15-Ut01_UMCU(Ut01-ome02)\":STS3C:"
   "STS3C-1-13-1-16,STS3C-1-1-1-16:2WAYPR:SWMATE=STS3C-1-14-1-16,PRIMARYXC=SHELF,PRIME=OSS,CKTID=\"0066IP_Ut15-Ut01_UMCU(Ut01-ome02)\":STS3C:"
   "STS3C-1-13-1-19,STS3C-1-1-1-19:2WAYPR:SWMATE=STS3C-1-14-1-19,PRIMARYXC=SHELF,PRIME=OSS,CKTID=\"0066IP_Ut15-Ut01_UMCU(Ut01-ome02)\":STS3C:"
>

   "Ut001A_OME02" 12-12-29 15:44:36
M  21 COMPLD
   "STS3C-1-6-1-19,STS3C-1-2-4-1:2WAY:PRIMARYXC=SHELF,PRIME=OSS,CKTID=\"0029IE_Amf01-Ut01_PBL(Bhv)\":STS3C:"
   "STS3C-1-6-1-22,STS3C-1-2-4-4:2WAY:PRIMARYXC=SHELF,PRIME=OSS,CKTID=\"0029IE_Amf01-Ut01_PBL(Bhv)\":STS3C:"
   "STS3C-1-6-1-25,STS3C-1-2-4-7:2WAY:PRIMARYXC=SHELF,PRIME=OSS,CKTID=\"0029IE_Amf01-Ut01_PBL(Bhv)\":STS3C:"
   "STS3C-1-6-1-28,STS3C-1-2-4-10:2WAY:PRIMARYXC=SHELF,PRIME=OSS,CKTID=\"0029IE_Amf01-Ut01_PBL(Bhv)\":STS3C:"
   "STS3C-1-6-1-31,STS3C-1-2-4-13:2WAY:PRIMARYXC=SHELF,PRIME=OSS,CKTID=\"0029IE_Amf01-Ut01_PBL(Bhv)\":STS3C:"
   "STS3C-1-6-1-34,STS3C-1-2-4-16:2WAY:PRIMARYXC=SHELF,PRIME=OSS,CKTID=\"0029IE_Amf01-Ut01_PBL(Bhv)\":STS3C:"
   "STS3C-1-6-1-37,STS3C-1-2-4-19:2WAY:PRIMARYXC=SHELF,PRIME=OSS,CKTID=\"0029IE_Amf01-Ut01_PBL(Bhv)\":STS3C:"
   "STS3C-1-9-1-52,STS3C-1-2-2-1:2WAYPR:SWMATE=STS3C-1-6-1-73,PRIMARYXC=SHELF,PRIME=OSS,CKTID=\"2124LP_Ut01-Asd01_TNO-Utrecht(Ut17-Asd40)\":STS3C:"
   "STS3C-1-9-1-55,STS3C-1-2-2-4:2WAYPR:SWMATE=STS3C-1-6-1-76,PRIMARYXC=SHELF,PRIME=OSS,CKTID=\"2124LP_Ut01-Asd01_TNO-Utrecht(Ut17-Asd40)\":STS3C:"
   "STS3C-1-9-1-58,STS3C-1-2-2-7:2WAYPR:SWMATE=STS3C-1-6-1-79,PRIMARYXC=SHELF,PRIME=OSS,CKTID=\"2124LP_Ut01-Asd01_TNO-Utrecht(Ut17-Asd40)\":STS3C:"
   "STS3C-1-9-1-61,STS3C-1-2-2-10:2WAYPR:SWMATE=STS3C-1-6-1-82,PRIMARYXC=SHELF,PRIME=OSS,CKTID=\"2124LP_Ut01-Asd01_TNO-Utrecht(Ut17-Asd40)\":STS3C:"
   "STS3C-1-9-1-64,STS3C-1-2-2-13:2WAYPR:SWMATE=STS3C-1-6-1-85,PRIMARYXC=SHELF,PRIME=OSS,CKTID=\"2124LP_Ut01-Asd01_TNO-Utrecht(Ut17-Asd40)\":STS3C:"
   "STS3C-1-9-1-67,STS3C-1-2-2-16:2WAYPR:SWMATE=STS3C-1-6-1-88,PRIMARYXC=SHELF,PRIME=OSS,CKTID=\"2124LP_Ut01-Asd01_TNO-Utrecht(Ut17-Asd40)\":STS3C:"
   "STS3C-1-9-1-70,STS3C-1-2-2-19:2WAYPR:SWMATE=STS3C-1-6-1-91,PRIMARYXC=SHELF,PRIME=OSS,CKTID=\"2124LP_Ut01-Asd01_TNO-Utrecht(Ut17-Asd40)\":STS3C:"
   "STS3C-1-6-1-58,STS3C-1-2-1-1:2WAY:PRIMARYXC=SHELF,PRIME=OSS,CKTID=\"2114LR2_Ut01-Asd01_RIVM-O13(DigiBobOPN Preventicon@Ut27)\":STS3C:"
   "STS3C-1-6-1-61,STS3C-1-2-1-4:2WAY:PRIMARYXC=SHELF,PRIME=OSS,CKTID=\"2114LR2_Ut01-Asd01_RIVM-O13(DigiBobOPN Preventicon@Ut27)\":STS3C:"
   "STS3C-1-6-1-64,STS3C-1-2-1-7:2WAY:PRIMARYXC=SHELF,PRIME=OSS,CKTID=\"2114LR2_Ut01-Asd01_RIVM-O13(DigiBobOPN Preventicon@Ut27)\":STS3C:"
   "STS3C-1-6-1-67,STS3C-1-2-1-10:2WAY:PRIMARYXC=SHELF,PRIME=OSS,CKTID=\"2114LR2_Ut01-Asd01_RIVM-O13(DigiBobOPN Preventicon@Ut27)\":STS3C:"
>

   "Ut001A_OME02" 12-12-29 15:44:36
M  21 COMPLD
   "STS3C-1-13-1-43,STS3C-1-3-3-1:2WAYPR:SWMATE=STS3C-1-14-1-22,PRIMARYXC=SHELF,PRIME=OSS,CKTID=\"0035IP_Ut01-Ut15_Wibi(Ut15)\":STS3C:"
   "STS3C-1-13-1-46,STS3C-1-3-3-4:2WAYPR:SWMATE=STS3C-1-14-1-25,PRIMARYXC=SHELF,PRIME=OSS,CKTID=\"0035IP_Ut01-Ut15_Wibi(Ut15)\":STS3C:"
   "STS3C-1-13-1-49,STS3C-1-3-3-7:2WAYPR:SWMATE=STS3C-1-14-1-28,PRIMARYXC=SHELF,PRIME=OSS,CKTID=\"0035IP_Ut01-Ut15_Wibi(Ut15)\":STS3C:"
   "STS3C-1-13-1-52,STS3C-1-3-3-10:2WAYPR:SWMATE=STS3C-1-14-1-31,PRIMARYXC=SHELF,PRIME=OSS,CKTID=\"0035IP_Ut01-Ut15_Wibi(Ut15)\":STS3C:"
   "STS3C-1-13-1-55,STS3C-1-3-3-13:2WAYPR:SWMATE=STS3C-1-14-1-34,PRIMARYXC=SHELF,PRIME=OSS,CKTID=\"0035IP_Ut01-Ut15_Wibi(Ut15)\":STS3C:"
   "STS3C-1-13-1-58,STS3C-1-3-3-16:2WAYPR:SWMATE=STS3C-1-14-1-37,PRIMARYXC=SHELF,PRIME=OSS,CKTID=\"0035IP_Ut01-Ut15_Wibi(Ut15)\":STS3C:"
   "STS3C-1-13-1-61,STS3C-1-3-3-19:2WAYPR:SWMATE=STS3C-1-14-1-40,PRIMARYXC=SHELF,PRIME=OSS,CKTID=\"0035IP_Ut01-Ut15_Wibi(Ut15)\":STS3C:"
   "STS3C-1-6-1-118,STS3C-1-3-2-1:2WAY:PRIMARYXC=SHELF,PRIME=OSS,CKTID=\"2138LR2_Ut01-Asd01_Amarantis(@Ut31-Ut01_2-Asd01)\":STS3C:"
   "STS3C-1-6-1-121,STS3C-1-3-2-4:2WAY:PRIMARYXC=SHELF,PRIME=OSS,CKTID=\"2138LR2_Ut01-Asd01_Amarantis(@Ut31-Ut01_2-Asd01)\":STS3C:"
   "STS3C-1-6-1-136,STS3C-1-3-2-7:2WAY:PRIMARYXC=SHELF,PRIME=OSS,CKTID=\"2138LR2_Ut01-Asd01_Amarantis(@Ut31-Ut01_2-Asd01)\":STS3C:"
   "STS3C-1-6-1-139,STS3C-1-3-2-10:2WAY:PRIMARYXC=SHELF,PRIME=OSS,CKTID=\"2138LR2_Ut01-Asd01_Amarantis(@Ut31-Ut01_2-Asd01)\":STS3C:"
   "STS3C-1-6-1-142,STS3C-1-3-2-13:2WAY:PRIMARYXC=SHELF,PRIME=OSS,CKTID=\"2138LR2_Ut01-Asd01_Amarantis(@Ut31-Ut01_2-Asd01)\":STS3C:"
   "STS3C-1-6-1-145,STS3C-1-3-2-16:2WAY:PRIMARYXC=SHELF,PRIME=OSS,CKTID=\"2138LR2_Ut01-Asd01_Amarantis(@Ut31-Ut01_2-Asd01)\":STS3C:"
   "STS3C-1-6-1-148,STS3C-1-3-2-19:2WAY:PRIMARYXC=SHELF,PRIME=OSS,CKTID=\"2138LR2_Ut01-Asd01_Amarantis(@Ut31-Ut01_2-Asd01)\":STS3C:"
   "STS3C-1-14-1-148,STS3C-1-4-1-1:2WAYPR:SWMATE=STS3C-1-13-1-169,PRIMARYXC=SHELF,PRIME=OSS,CKTID=\"0040IP_Ut01-Ut02_SURFnetKantoor(Ut02)\":STS3C:"
   "STS3C-1-14-1-151,STS3C-1-4-1-4:2WAYPR:SWMATE=STS3C-1-13-1-172,PRIMARYXC=SHELF,PRIME=OSS,CKTID=\"0040IP_Ut01-Ut02_SURFnetKantoor(Ut02)\":STS3C:"
   "STS3C-1-14-1-154,STS3C-1-4-1-7:2WAYPR:SWMATE=STS3C-1-13-1-175,PRIMARYXC=SHELF,PRIME=OSS,CKTID=\"0040IP_Ut01-Ut02_SURFnetKantoor(Ut02)\":STS3C:"
   "STS3C-1-14-1-157,STS3C-1-4-1-10:2WAYPR:SWMATE=STS3C-1-13-1-178,PRIMARYXC=SHELF,PRIME=OSS,CKTID=\"0040IP_Ut01-Ut02_SURFnetKantoor(Ut02)\":STS3C:"
>

   "Ut001A_OME02" 12-12-29 15:44:36
M  21 COMPLD
   "STS3C-1-14-1-160,STS3C-1-4-1-13:2WAYPR:SWMATE=STS3C-1-13-1-181,PRIMARYXC=SHELF,PRIME=OSS,CKTID=\"0040IP_Ut01-Ut02_SURFnetKantoor(Ut02)\":STS3C:"
   "STS3C-1-14-1-163,STS3C-1-4-1-16:2WAYPR:SWMATE=STS3C-1-13-1-184,PRIMARYXC=SHELF,PRIME=OSS,CKTID=\"0040IP_Ut01-Ut02_SURFnetKantoor(Ut02)\":STS3C:"
   "STS3C-1-14-1-166,STS3C-1-4-1-19:2WAYPR:SWMATE=STS3C-1-13-1-187,PRIMARYXC=SHELF,PRIME=OSS,CKTID=\"0040IP_Ut01-Ut02_SURFnetKantoor(Ut02)\":STS3C:"
   "STS3C-1-14-1-169,STS3C-1-4-1-22:2WAYPR:SWMATE=STS3C-1-13-1-190,PRIMARYXC=SHELF,PRIME=OSS,CKTID=\"0040IP_Ut01-Ut02_SURFnetKantoor(Ut02)\":STS3C:"
   "STS3C-1-14-1-43,STS3C-1-4-1-25:2WAYPR:SWMATE=STS3C-1-13-1-64,PRIMARYXC=SHELF,PRIME=OSS,CKTID=\"0040IP_Ut01-Ut02_SURFnetKantoor(Ut02)\":STS3C:"
   "STS3C-1-14-1-46,STS3C-1-4-1-28:2WAYPR:SWMATE=STS3C-1-13-1-67,PRIMARYXC=SHELF,PRIME=OSS,CKTID=\"0040IP_Ut01-Ut02_SURFnetKantoor(Ut02)\":STS3C:"
   "STS3C-1-14-1-49,STS3C-1-4-1-31:2WAYPR:SWMATE=STS3C-1-13-1-70,PRIMARYXC=SHELF,PRIME=OSS,CKTID=\"0040IP_Ut01-Ut02_SURFnetKantoor(Ut02)\":STS3C:"
   "STS3C-1-14-1-52,STS3C-1-4-1-34:2WAYPR:SWMATE=STS3C-1-13-1-73,PRIMARYXC=SHELF,PRIME=OSS,CKTID=\"0040IP_Ut01-Ut02_SURFnetKantoor(Ut02)\":STS3C:"
   "STS3C-1-14-1-55,STS3C-1-4-1-37:2WAYPR:SWMATE=STS3C-1-13-1-76,PRIMARYXC=SHELF,PRIME=OSS,CKTID=\"0040IP_Ut01-Ut02_SURFnetKantoor(Ut02)\":STS3C:"
   "STS3C-1-14-1-58,STS3C-1-4-1-40:2WAYPR:SWMATE=STS3C-1-13-1-79,PRIMARYXC=SHELF,PRIME=OSS,CKTID=\"0040IP_Ut01-Ut02_SURFnetKantoor(Ut02)\":STS3C:"
   "STS3C-1-14-1-61,STS3C-1-4-1-43:2WAYPR:SWMATE=STS3C-1-13-1-82,PRIMARYXC=SHELF,PRIME=OSS,CKTID=\"0040IP_Ut01-Ut02_SURFnetKantoor(Ut02)\":STS3C:"
   "STS3C-1-13-1-127,STS3C-1-5-1-43:2WAY:PRIMARYXC=SHELF,PRIME=OSS,CKTID=\"2157LP_Ut02-Tb01_SURFnet\":STS3C:"
   "STS3C-1-13-1-130,STS3C-1-5-1-46:2WAY:PRIMARYXC=SHELF,PRIME=OSS,CKTID=\"2157LP_Ut02-Tb01_SURFnet\":STS3C:"
   "STS3C-1-13-1-133,STS3C-1-5-1-49:2WAY:PRIMARYXC=SHELF,PRIME=OSS,CKTID=\"2157LP_Ut02-Tb01_SURFnet\":STS3C:"
   "STS3C-1-13-1-136,STS3C-1-5-1-52:2WAY:PRIMARYXC=SHELF,PRIME=OSS,CKTID=\"2172LP_Ut01-Asd01_SURFnet\":STS3C:"
   "STS3C-1-13-1-139,STS3C-1-5-1-55:2WAY:PRIMARYXC=SHELF,PRIME=OSS,CKTID=\"2172LP_Ut01-Asd01_SURFnet\":STS3C:"
   "STS3C-1-13-1-142,STS3C-1-5-1-58:2WAY:PRIMARYXC=SHELF,PRIME=OSS,CKTID=\"2172LP_Ut01-Asd01_SURFnet\":STS3C:"
   "STS3C-1-13-1-145,STS3C-1-5-1-61:2WAY:PRIMARYXC=SHELF,PRIME=OSS,CKTID=\"2172LP_Ut01-Asd01_SURFnet\":STS3C:"
>

   "Ut001A_OME02" 12-12-29 15:44:36
M  21 COMPLD
   "STS3C-1-13-1-148,STS3C-1-5-1-67:2WAY:PRIMARYXC=SHELF,PRIME=OSS,CKTID=\"2084LP_Ut02-Asd01_SURFdiensten\":STS3C:"
   "STS3C-1-13-1-151,STS3C-1-5-1-70:2WAY:PRIMARYXC=SHELF,PRIME=OSS,CKTID=\"2084LP_Ut02-Asd01_SURFdiensten\":STS3C:"
   "STS3C-1-13-1-154,STS3C-1-5-1-73:2WAY:PRIMARYXC=SHELF,PRIME=OSS,CKTID=\"2084LP_Ut02-Asd01_SURFdiensten\":STS3C:"
   "STS3C-1-13-1-157,STS3C-1-5-1-76:2WAY:PRIMARYXC=SHELF,PRIME=OSS,CKTID=\"2084LP_Ut02-Asd01_SURFdiensten\":STS3C:"
   "STS3C-1-13-1-160,STS3C-1-5-1-79:2WAY:PRIMARYXC=SHELF,PRIME=OSS,CKTID=\"2084LP_Ut02-Asd01_SURFdiensten\":STS3C:"
   "STS3C-1-13-1-163,STS3C-1-5-1-82:2WAY:PRIMARYXC=SHELF,PRIME=OSS,CKTID=\"2084LP_Ut02-Asd01_SURFdiensten\":STS3C:"
   "STS3C-1-13-1-166,STS3C-1-5-1-85:2WAY:PRIMARYXC=SHELF,PRIME=OSS,CKTID=\"2084LP_Ut02-Asd01_SURFdiensten\":STS3C:"
   "STS3C-1-13-1-106,STS3C-1-5-1-172:2WAY:PRIMARYXC=SHELF,PRIME=OSS,CKTID=\"2198LP_Ut15-Ut01_SURFNETNETWERK(SNETlan@Ut15)\":STS3C:"
   "STS3C-1-13-1-109,STS3C-1-5-1-175:2WAY:PRIMARYXC=SHELF,PRIME=OSS,CKTID=\"2198LP_Ut15-Ut01_SURFNETNETWERK(SNETlan@Ut15)\":STS3C:"
   "STS3C-1-13-1-112,STS3C-1-5-1-178:2WAY:PRIMARYXC=SHELF,PRIME=OSS,CKTID=\"2198LP_Ut15-Ut01_SURFNETNETWERK(SNETlan@Ut15)\":STS3C:"
   "STS3C-1-13-1-115,STS3C-1-5-1-181:2WAY:PRIMARYXC=SHELF,PRIME=OSS,CKTID=\"2198LP_Ut15-Ut01_SURFNETNETWERK(SNETlan@Ut15)\":STS3C:"
   "STS3C-1-13-1-118,STS3C-1-5-1-184:2WAY:PRIMARYXC=SHELF,PRIME=OSS,CKTID=\"2198LP_Ut15-Ut01_SURFNETNETWERK(SNETlan@Ut15)\":STS3C:"
   "STS3C-1-13-1-121,STS3C-1-5-1-187:2WAY:PRIMARYXC=SHELF,PRIME=OSS,CKTID=\"2198LP_Ut15-Ut01_SURFNETNETWERK(SNETlan@Ut15)\":STS3C:"
   "STS3C-1-13-1-124,STS3C-1-5-1-190:2WAY:PRIMARYXC=SHELF,PRIME=OSS,CKTID=\"2198LP_Ut15-Ut01_SURFNETNETWERK(SNETlan@Ut15)\":STS3C:"
   "STS3C-1-14-1-172,STS3C-1-6-1-1:2WAY:PRIMARYXC=SHELF,PRIME=OSS,CKTID=\"2195LP_Nm01-Ut15_SURFNETNETWERK(SNETlan@Ut)\":STS3C:"
   "STS3C-1-13-1-28,STS3C-1-6-1-4:2WAY:PRIMARYXC=SHELF,PRIME=OSS,CKTID=\"5086LP_Ut02-Asd01_KPN\":STS3C:"
   "STS3C-1-10-1-133,STS3C-1-6-1-46:2WAY:PRIMARYXC=SHELF,PRIME=OSS,CKTID=\"2079LR1_Ut01-Dt08_TNO-O22(Ut01-OPN)\":STS3C:"
   "STS3C-1-10-1-136,STS3C-1-6-1-49:2WAY:PRIMARYXC=SHELF,PRIME=OSS,CKTID=\"2079LR1_Ut01-Dt08_TNO-O22(Ut01-OPN)\":STS3C:"
>

   "Ut001A_OME02" 12-12-29 15:44:36
M  21 COMPLD
   "STS3C-1-10-1-139,STS3C-1-6-1-52:2WAY:PRIMARYXC=SHELF,PRIME=OSS,CKTID=\"2079LR1_Ut01-Dt08_TNO-O22(Ut01-OPN)\":STS3C:"
   "STS3C-1-10-1-142,STS3C-1-6-1-55:2WAY:PRIMARYXC=SHELF,PRIME=OSS,CKTID=\"2079LR1_Ut01-Dt08_TNO-O22(Ut01-OPN)\":STS3C:"
   "STS3C-1-9-1-49,STS3C-1-6-1-70:2WAY:PRIMARYXC=SHELF,PRIME=OSS,CKTID=\"2042LP_Ut01-Gv01_NWO-STW(Gv04-Ut06)\":STS3C:"
   "STS3C-1-10-1-145,STS3C-1-6-1-124:2WAY:PRIMARYXC=SHELF,PRIME=OSS,CKTID=\"2078LR2_Ut01-Dt08_TNO-O22(Zt01-OPN)\":STS3C:"
   "STS3C-1-10-1-148,STS3C-1-6-1-127:2WAY:PRIMARYXC=SHELF,PRIME=OSS,CKTID=\"2078LR2_Ut01-Dt08_TNO-O22(Zt01-OPN)\":STS3C:"
   "STS3C-1-10-1-151,STS3C-1-6-1-130:2WAY:PRIMARYXC=SHELF,PRIME=OSS,CKTID=\"2078LR2_Ut01-Dt08_TNO-O22(Zt01-OPN)\":STS3C:"
   "STS3C-1-10-1-154,STS3C-1-6-1-133:2WAY:PRIMARYXC=SHELF,PRIME=OSS,CKTID=\"2078LR2_Ut01-Dt08_TNO-O22(Zt01-OPN)\":STS3C:"
   "STS3C-1-14-1-85,STS3C-1-6-1-172:2WAY:PRIMARYXC=SHELF,PRIME=OSS,CKTID=\"2198LP_Ut15-Ut01_SURFNETNETWERK(SNETlan@Ut15)\":STS3C:"
   "STS3C-1-14-1-88,STS3C-1-6-1-175:2WAY:PRIMARYXC=SHELF,PRIME=OSS,CKTID=\"2198LP_Ut15-Ut01_SURFNETNETWERK(SNETlan@Ut15)\":STS3C:"
   "STS3C-1-14-1-91,STS3C-1-6-1-178:2WAY:PRIMARYXC=SHELF,PRIME=OSS,CKTID=\"2198LP_Ut15-Ut01_SURFNETNETWERK(SNETlan@Ut15)\":STS3C:"
   "STS3C-1-14-1-94,STS3C-1-6-1-181:2WAY:PRIMARYXC=SHELF,PRIME=OSS,CKTID=\"2198LP_Ut15-Ut01_SURFNETNETWERK(SNETlan@Ut15)\":STS3C:"
   "STS3C-1-14-1-97,STS3C-1-6-1-184:2WAY:PRIMARYXC=SHELF,PRIME=OSS,CKTID=\"2198LP_Ut15-Ut01_SURFNETNETWERK(SNETlan@Ut15)\":STS3C:"
   "STS3C-1-14-1-100,STS3C-1-6-1-187:2WAY:PRIMARYXC=SHELF,PRIME=OSS,CKTID=\"2198LP_Ut15-Ut01_SURFNETNETWERK(SNETlan@Ut15)\":STS3C:"
   "STS3C-1-14-1-103,STS3C-1-6-1-190:2WAY:PRIMARYXC=SHELF,PRIME=OSS,CKTID=\"2198LP_Ut15-Ut01_SURFNETNETWERK(SNETlan@Ut15)\":STS3C:"
   "STS3C-1-13-1-22,STS3C-1-9-1-1:2WAY:PRIMARYXC=SHELF,PRIME=OSS,CKTID=\"2195LP_Nm01-Ut15_SURFNETNETWERK(SNETlan@Ut)\":STS3C:"
   "STS3C-1-14-1-178,STS3C-1-9-1-4:2WAY:PRIMARYXC=SHELF,PRIME=OSS,CKTID=\"5086LP_Ut02-Asd01_KPN\":STS3C:"
   "STS3C-1-14-1-106,STS3C-1-9-1-76:2WAY:PRIMARYXC=SHELF,PRIME=OSS,CKTID=\"2157LP_Ut02-Tb01_SURFnet\":STS3C:"
   "STS3C-1-14-1-109,STS3C-1-9-1-79:2WAY:PRIMARYXC=SHELF,PRIME=OSS,CKTID=\"2157LP_Ut02-Tb01_SURFnet\":STS3C:"
>

   "Ut001A_OME02" 12-12-29 15:44:36
M  21 COMPLD
   "STS3C-1-14-1-112,STS3C-1-9-1-82:2WAY:PRIMARYXC=SHELF,PRIME=OSS,CKTID=\"2157LP_Ut02-Tb01_SURFnet\":STS3C:"
   "STS3C-1-14-1-115,STS3C-1-9-1-85:2WAY:PRIMARYXC=SHELF,PRIME=OSS,CKTID=\"2172LP_Ut01-Asd01_SURFnet\":STS3C:"
   "STS3C-1-14-1-118,STS3C-1-9-1-88:2WAY:PRIMARYXC=SHELF,PRIME=OSS,CKTID=\"2172LP_Ut01-Asd01_SURFnet\":STS3C:"
   "STS3C-1-14-1-121,STS3C-1-9-1-91:2WAY:PRIMARYXC=SHELF,PRIME=OSS,CKTID=\"2172LP_Ut01-Asd01_SURFnet\":STS3C:"
   "STS3C-1-14-1-124,STS3C-1-9-1-94:2WAY:PRIMARYXC=SHELF,PRIME=OSS,CKTID=\"2172LP_Ut01-Asd01_SURFnet\":STS3C:"
   "STS3C-1-14-1-127,STS3C-1-9-1-121:2WAY:PRIMARYXC=SHELF,PRIME=OSS,CKTID=\"2084LP_Ut02-Asd01_SURFdiensten\":STS3C:"
   "STS3C-1-14-1-130,STS3C-1-9-1-136:2WAY:PRIMARYXC=SHELF,PRIME=OSS,CKTID=\"2084LP_Ut02-Asd01_SURFdiensten\":STS3C:"
   "STS3C-1-14-1-133,STS3C-1-9-1-139:2WAY:PRIMARYXC=SHELF,PRIME=OSS,CKTID=\"2084LP_Ut02-Asd01_SURFdiensten\":STS3C:"
   "STS3C-1-14-1-136,STS3C-1-9-1-142:2WAY:PRIMARYXC=SHELF,PRIME=OSS,CKTID=\"2084LP_Ut02-Asd01_SURFdiensten\":STS3C:"
   "STS3C-1-14-1-139,STS3C-1-9-1-145:2WAY:PRIMARYXC=SHELF,PRIME=OSS,CKTID=\"2084LP_Ut02-Asd01_SURFdiensten\":STS3C:"
   "STS3C-1-14-1-142,STS3C-1-9-1-148:2WAY:PRIMARYXC=SHELF,PRIME=OSS,CKTID=\"2084LP_Ut02-Asd01_SURFdiensten\":STS3C:"
   "STS3C-1-14-1-145,STS3C-1-9-1-151:2WAY:PRIMARYXC=SHELF,PRIME=OSS,CKTID=\"2084LP_Ut02-Asd01_SURFdiensten\":STS3C:"
   "STS3C-1-14-1-175,STS3C-1-13-1-25:2WAY:PRIMARYXC=SHELF,PRIME=OSS,CKTID=\"2196LP_Ut15-Ut02_SURFNETNETWERK(SNETlan@Ut)\":STS3C:"
   "STS3C-1-14-1-181,STS3C-1-13-1-31:2WAY:PRIMARYXC=SHELF,PRIME=OSS,CKTID=\"2196LP_Ut15-Ut02_SURFNETNETWERK(SNETlan@Ut)\":STS3C:"
   "STS3C-1-14-1-184,STS3C-1-13-1-34:2WAY:PRIMARYXC=SHELF,PRIME=OSS,CKTID=\"2196LP_Ut15-Ut02_SURFNETNETWERK(SNETlan@Ut)\":STS3C:"
   "STS3C-1-14-1-187,STS3C-1-13-1-37:2WAY:PRIMARYXC=SHELF,PRIME=OSS,CKTID=\"2196LP_Ut15-Ut02_SURFNETNETWERK(SNETlan@Ut)\":STS3C:"
   "STS3C-1-14-1-190,STS3C-1-13-1-40:2WAY:PRIMARYXC=SHELF,PRIME=OSS,CKTID=\"2196LP_Ut15-Ut02_SURFNETNETWERK(SNETlan@Ut)\":STS3C:"
;RTRV-AD-ALL:"Ut001A_OME02"::22;
IP 22
<

   "Ut001A_OME02" 12-12-29 15:44:37
M  22 COMPLD
   "OC192-1-5-1:TYP-SH-SL-PRT,LINE:TX_VERSION=\"2\",TX_TAG=\"AD_2_00:14:0d:03:50:34_001_000_005_000_001_ME_1\",RX_VERSION=\"2\",RX_ACTUAL=\"AD_2_00:20:d8:df:3b:fb_001_000_013_000_001_ME_1\",RX_EXPECTED=\"\",RECONFIG=DISABLE,RX_RELIABILITY=RELIABLE,MECHANISM=IIH"
   "OC192-1-6-1:TYP-SH-SL-PRT,LINE:TX_VERSION=\"2\",TX_TAG=\"AD_2_00:14:0d:03:50:34_001_000_006_000_001_ME_1\",RX_VERSION=\"2\",RX_ACTUAL=\"AD_2_00:20:d8:df:3b:fb_001_000_012_000_001_ME_1\",RX_EXPECTED=\"\",RECONFIG=DISABLE,RX_RELIABILITY=RELIABLE,MECHANISM=IIH"
   "OC192-1-9-1:TYP-SH-SL-PRT,LINE:TX_VERSION=\"2\",TX_TAG=\"AD_2_00:14:0d:03:50:34_001_000_009_000_001_ME_1\",RX_VERSION=\"2\",RX_ACTUAL=\"AD_2_00:21:e1:d9:ac:20_001_000_027_000_001_ME_1\",RX_EXPECTED=\"\",RECONFIG=DISABLE,RX_RELIABILITY=RELIABLE,MECHANISM=IIH"
   "ADJ-1-9-1:TYP-SH-SL-PRT,PHYS:TX_VERSION=\"2\",TX_TAG=\"Ut001A_OME02-1-9-1\",RX_VERSION=\"2\",RX_ACTUAL=\"\",RX_EXPECTED=\"\",RECONFIG=DISABLE,RX_RELIABILITY=UNRELIABLE,MECHANISM=DERIVED"
   "ADJ-1-10-1:TYP-SH-SL-PRT,PHYS:TX_VERSION=\"2\",TX_TAG=\"Ut001A_OME02-1-10-1\",RX_VERSION=\"2\",RX_ACTUAL=\"\",RX_EXPECTED=\"\",RECONFIG=DISABLE,RX_RELIABILITY=UNRELIABLE,MECHANISM=DERIVED"
   "OC192-1-13-1:TYP-SH-SL-PRT,LINE:TX_VERSION=\"2\",TX_TAG=\"AD_2_00:14:0d:03:50:34_001_000_013_000_001_ME_1\",RX_VERSION=\"2\",RX_ACTUAL=\"AD_2_00:17:d1:ff:c2:8e_001_000_006_000_001_ME_1\",RX_EXPECTED=\"\",RECONFIG=DISABLE,RX_RELIABILITY=RELIABLE,MECHANISM=IIH"
   "ADJ-1-13-1:TYP-SH-SL-PRT,PHYS:TX_VERSION=\"2\",TX_TAG=\"Ut001A_OME02-1-13-1\",RX_VERSION=\"2\",RX_ACTUAL=\"\",RX_EXPECTED=\"\",RECONFIG=DISABLE,RX_RELIABILITY=UNRELIABLE,MECHANISM=DERIVED"
   "OC192-1-14-1:TYP-SH-SL-PRT,LINE:TX_VERSION=\"2\",TX_TAG=\"AD_2_00:14:0d:03:50:34_001_000_014_000_001_ME_1\",RX_VERSION=\"2\",RX_ACTUAL=\"AD_2_00:1b:25:2d:da:65_001_000_009_000_001_ME_1\",RX_EXPECTED=\"\",RECONFIG=DISABLE,RX_RELIABILITY=RELIABLE,MECHANISM=IIH"
   "ADJ-1-14-1:TYP-SH-SL-PRT,PHYS:TX_VERSION=\"2\",TX_TAG=\"Ut001A_OME02-1-14-1\",RX_VERSION=\"2\",RX_ACTUAL=\"\",RX_EXPECTED=\"\",RECONFIG=DISABLE,RX_RELIABILITY=UNRELIABLE,MECHANISM=DERIVED"
;RTRV-FFP-OC192:"Ut001A_OME02":OC192-1-ALL:23;
IP 23
<

   "Ut001A_OME02" 12-12-29 15:44:37
M  23 COMPLD
;

   "Ut001A_OME02" 12-12-29 15:45:28
A  0001699278 REPT EVT COM
   "SP-1-15:PMFTPI,TC,12-29,15-45-28,NEND,NA,,,:\"file 'sftp://sftpuser@145.145.64.26:22//opt/nortel/omea/NE_info/pmdata/00140D035034/pm_Ut001A_OME02_20121229154513_date_201212291530.gz' has started\",NONE:0100000000-0000-0647,:YEAR=2012,MODE=NONE,SIGLAYER=\"\""
;

   "Ut001A_OME02" 12-12-29 15:45:43
A  0001699279 REPT EVT COM
   "SP-1-15:PMFTPC,TC,12-29,15-45-43,NEND,NA,,,:\"file 'sftp://sftpuser@145.145.64.26:22//opt/nortel/omea/NE_info/pmdata/00140D035034/pm_Ut001A_OME02_20121229154513_date_201212291530.gz' has completed\",NONE:0100000000-0000-0648,:YEAR=2012,MODE=NONE,SIGLAYER=\"\""
;<<RTRV-HDR keep alive sent>>
IP 24
<

   "Ut001A_OME02" 12-12-29 15:46:15
M  24 COMPLD
;

   "Ut001A_OME02" 12-12-29 15:47:06
A  0001699280 REPT EVT LOG
   "DATE=12-12-29,TIME=15-47-06:USERID=SNSCRIPT,PRIORITY=GEN_TL1_CMD,STATUS=COMPLD:ACT-USER:SNSCRIPT:1::::"
;

   "Ut001A_OME02" 12-12-29 15:47:06
A  0001699281 REPT EVT LOG
   "DATE=12-12-29,TIME=15-47-06:USERID=SNSCRIPT,PRIORITY=GEN_TL1_CMD,STATUS=COMPLD:CANC-USER:SNSCRIPT:1::::"
;<<RTRV-HDR keep alive sent>>
IP 25
<

   "Ut001A_OME02" 12-12-29 15:48:16
M  25 COMPLD
;<<RTRV-HDR keep alive sent>>
IP 26
<

   "Ut001A_OME02" 12-12-29 15:50:15
M  26 COMPLD
;<<RTRV-HDR keep alive sent>>
IP 27
<

   "Ut001A_OME02" 12-12-29 15:52:16
M  27 COMPLD
;

   "Ut001A_OME02" 12-12-29 15:53:57
A  0001699282 REPT EVT LOG
   "DATE=12-12-29,TIME=15-53-57:USERID=SNSCRIPT,PRIORITY=GEN_TL1_CMD,STATUS=COMPLD:ACT-USER:SNSCRIPT:1::::"
;

   "Ut001A_OME02" 12-12-29 15:53:58
A  0001699283 REPT EVT LOG
   "DATE=12-12-29,TIME=15-53-58:USERID=SNSCRIPT,PRIORITY=GEN_TL1_CMD,STATUS=COMPLD:CANC-USER:SNSCRIPT:1::::"
;<<RTRV-HDR keep alive sent>>
IP 28
<

   "Ut001A_OME02" 12-12-29 15:54:16
M  28 COMPLD
;<<RTRV-HDR keep alive sent>>
IP 29
<

   "Ut001A_OME02" 12-12-29 15:56:17
M  29 COMPLD
;<<RTRV-HDR keep alive sent>>
IP 30
<

   "Ut001A_OME02" 12-12-29 15:58:18
M  30 COMPLD
;<<RTRV-HDR keep alive sent>>
IP 31
<

   "Ut001A_OME02" 12-12-29 16:00:20
M  31 COMPLD
;

   "Ut001A_OME02" 12-12-29 16:02:06
A  0001699284 REPT EVT LOG
   "DATE=12-12-29,TIME=16-02-06:USERID=SNSCRIPT,PRIORITY=GEN_TL1_CMD,STATUS=COMPLD:ACT-USER:SNSCRIPT:1::::"
;

   "Ut001A_OME02" 12-12-29 16:02:07
A  0001699285 REPT EVT LOG
   "DATE=12-12-29,TIME=16-02-07:USERID=SNSCRIPT,PRIORITY=GEN_TL1_CMD,STATUS=COMPLD:CANC-USER:SNSCRIPT:1::::"
;<<RTRV-HDR keep alive sent>>
IP 32
<

   "Ut001A_OME02" 12-12-29 16:02:20
M  32 COMPLD
;<<RTRV-HDR keep alive sent>>
IP 33
<

   "Ut001A_OME02" 12-12-29 16:04:21
M  33 COMPLD
;<<RTRV-HDR keep alive sent>>
IP 34
<

   "Ut001A_OME02" 12-12-29 16:06:21
M  34 COMPLD
;<<RTRV-HDR keep alive sent>>
IP 35
<

   "Ut001A_OME02" 12-12-29 16:08:21
M  35 COMPLD
;<<RTRV-HDR keep alive sent>>
IP 36
<

   "Ut001A_OME02" 12-12-29 16:10:21
M  36 COMPLD
;<<RTRV-HDR keep alive sent>>
IP 37
<

   "Ut001A_OME02" 12-12-29 16:12:22
M  37 COMPLD
;<<RTRV-HDR keep alive sent>>
IP 38
<

   "Ut001A_OME02" 12-12-29 16:14:22
M  38 COMPLD
;

   "Ut001A_OME02" 12-12-29 16:16:03
A  0001699286 REPT EVT LOG
   "DATE=12-12-29,TIME=16-16-03:USERID=SNSCRIPT,PRIORITY=GEN_TL1_CMD,STATUS=COMPLD:ACT-USER:SNSCRIPT:1::::"
;

   "Ut001A_OME02" 12-12-29 16:16:04
A  0001699287 REPT EVT LOG
   "DATE=12-12-29,TIME=16-16-04:USERID=SNSCRIPT,PRIORITY=GEN_TL1_CMD,STATUS=COMPLD:CANC-USER:SNSCRIPT:1::::"
;<<RTRV-HDR keep alive sent>>
IP 39
<

   "Ut001A_OME02" 12-12-29 16:16:23
M  39 COMPLD
;

   "Ut001A_OME02" 12-12-29 16:17:06
A  0001699288 REPT EVT LOG
   "DATE=12-12-29,TIME=16-17-06:USERID=SNSCRIPT,PRIORITY=GEN_TL1_CMD,STATUS=COMPLD:ACT-USER:SNSCRIPT:1::::"
;

   "Ut001A_OME02" 12-12-29 16:17:06
A  0001699289 REPT EVT LOG
   "DATE=12-12-29,TIME=16-17-06:USERID=SNSCRIPT,PRIORITY=GEN_TL1_CMD,STATUS=COMPLD:CANC-USER:SNSCRIPT:1::::"
;<<RTRV-HDR keep alive sent>>
IP 40
<

   "Ut001A_OME02" 12-12-29 16:18:23
M  40 COMPLD
;<<RTRV-HDR keep alive sent>>
IP 41
<

   "Ut001A_OME02" 12-12-29 16:20:23
M  41 COMPLD
;<<RTRV-HDR keep alive sent>>
IP 42
<

   "Ut001A_OME02" 12-12-29 16:22:24
M  42 COMPLD
;<<RTRV-HDR keep alive sent>>
IP 43
<

   "Ut001A_OME02" 12-12-29 16:24:24
M  43 COMPLD
;<<RTRV-HDR keep alive sent>>
IP 44
<

   "Ut001A_OME02" 12-12-29 16:26:24
M  44 COMPLD
;<<RTRV-HDR keep alive sent>>
IP 45
<

   "Ut001A_OME02" 12-12-29 16:28:24
M  45 COMPLD
;<<RTRV-HDR keep alive sent>>
IP 46
<

   "Ut001A_OME02" 12-12-29 16:30:25
M  46 COMPLD
;

   "Ut001A_OME02" 12-12-29 16:32:07
A  0001699290 REPT EVT LOG
   "DATE=12-12-29,TIME=16-32-07:USERID=SNSCRIPT,PRIORITY=GEN_TL1_CMD,STATUS=COMPLD:ACT-USER:SNSCRIPT:1::::"
;

   "Ut001A_OME02" 12-12-29 16:32:07
A  0001699291 REPT EVT LOG
   "DATE=12-12-29,TIME=16-32-07:USERID=SNSCRIPT,PRIORITY=GEN_TL1_CMD,STATUS=COMPLD:CANC-USER:SNSCRIPT:1::::"
;<<RTRV-HDR keep alive sent>>
IP 47
<

   "Ut001A_OME02" 12-12-29 16:32:25
M  47 COMPLD
;<<RTRV-HDR keep alive sent>>
IP 48
<

   "Ut001A_OME02" 12-12-29 16:34:26
M  48 COMPLD
;<<RTRV-HDR keep alive sent>>
IP 49
<

   "Ut001A_OME02" 12-12-29 16:36:25
M  49 COMPLD
;<<RTRV-HDR keep alive sent>>
IP 50
<

   "Ut001A_OME02" 12-12-29 16:38:26
M  50 COMPLD
;<<RTRV-HDR keep alive sent>>
IP 51
<

   "Ut001A_OME02" 12-12-29 16:40:26
M  51 COMPLD
;<<RTRV-HDR keep alive sent>>
IP 52
<

   "Ut001A_OME02" 12-12-29 16:42:27
M  52 COMPLD
;<<RTRV-HDR keep alive sent>>
IP 53
<

   "Ut001A_OME02" 12-12-29 16:44:27
M  53 COMPLD
;<<RTRV-HDR keep alive sent>>
IP 54
<

   "Ut001A_OME02" 12-12-29 16:46:28
M  54 COMPLD
;

   "Ut001A_OME02" 12-12-29 16:47:10
A  0001699292 REPT EVT LOG
   "DATE=12-12-29,TIME=16-47-10:USERID=SNSCRIPT,PRIORITY=GEN_TL1_CMD,STATUS=COMPLD:ACT-USER:SNSCRIPT:1::::"
;

   "Ut001A_OME02" 12-12-29 16:47:10
A  0001699293 REPT EVT LOG
   "DATE=12-12-29,TIME=16-47-10:USERID=SNSCRIPT,PRIORITY=GEN_TL1_CMD,STATUS=COMPLD:CANC-USER:SNSCRIPT:1::::"
;<<RTRV-HDR keep alive sent>>
IP 55
<

   "Ut001A_OME02" 12-12-29 16:48:28
M  55 COMPLD
;<<RTRV-HDR keep alive sent>>
IP 56
<

   "Ut001A_OME02" 12-12-29 16:50:29
M  56 COMPLD
;<<RTRV-HDR keep alive sent>>
IP 57
<

   "Ut001A_OME02" 12-12-29 16:52:29
M  57 COMPLD
;<<RTRV-HDR keep alive sent>>
IP 58
<

   "Ut001A_OME02" 12-12-29 16:54:29
M  58 COMPLD
;<<RTRV-HDR keep alive sent>>
IP 59
<

   "Ut001A_OME02" 12-12-29 16:56:29
M  59 COMPLD
;