***** (re)Starting logger at Sat Dec 29 10:44:11 EST 2012*****


**** TL1 session opened at Sat Dec 29 10:44:11 EST 2012 ****


ÿûÿûÿý<<RTRV-HDR keep alive sent>>


WARNING! This computer system and network is PRIVATE and PROPRIETARY of [SUR
Fnet] and may only be accesses by authorized users.  Unauthorized use of th
is computer system or network is strictly prohibited and may be subject to 
criminal prosecution, employee discipline up to and including discharge, or
 the termination of the vendor/service contracts.  The owner, or its agents
, may monitor any activity or communication on the computer system or netwo
RK.

--- Copyright (c) 2000 - 2011 Ciena (R) Corporation. All Rights Reserved ---
|  NOTICE: This is a private computer system.                              |
|  Unauthorized access or use may lead to prosecution.                     |
|                                                                          |
|  Ciena 6500 OPTICAL                                                      |
----------------------------------------------------------------------------

/*
 * Starting Interactive TL1 Command Mode.
 * Type ? for help while constructing TL1 commands.
 * Type .? for specific parameter/keyword help.
 */


IP 2
<

   "Ut002A_OME01" 12-12-29 15:44:11
M  2 DENY
   PLNA
   /*Privilege, Login Not Active*/
;<<ACT-USER sent, password hidden>>
IP 3
<

   "Ut002A_OME01" 12-12-29 15:44:13
M  3 COMPLD
;RTRV-NETYPE:"Ut002A_OME01"::4;
IP 4
<

   "Ut002A_OME01" 12-12-29 15:44:13
M  4 COMPLD
   "CIENA,\"6500 OPTICAL\",OCP,\"REL0810Z.HD\""
;RTRV-SW-VER:"Ut002A_OME01"::5;
IP 5
<

   "Ut002A_OME01" 12-12-29 15:44:14
M  5 COMPLD
   "SHELF-1:REL0810Z.HD"
;RTRV-RTG-INFO:"Ut002A_OME01"::6:::NAME="Ut002A_OME01";
IP 6
<

   "Ut002A_OME01" 12-12-29 15:44:21
M  6 COMPLD
   "SHELF-1::,\"Ut002A_OME01\",001B252DDA65|145.145.74.82,00001600,YES"
;RTRV-SYS:"Ut002A_OME01"::7;
IP 7
<

   "Ut002A_OME01" 12-12-29 15:44:21
M  7 COMPLD
   "SHELF-1::ACTUALCOOLING=HIGHFLOW,ACTUALPOWER=452,AINSTIMEOUT=00-05,ALMCORR=OFF,ALMHO=2.5,BAYFICINAO=FALSE,BITSMODE=SDH,CSFMCASTMAC=0180C2880001,EQPTCURRENT=60,ETHEERTH=20,ETHGFPRFI=ENABLED,ETHGFPRFIUPI=128,ETHSDTH=1,FCEERTH=20,FCSDTH=1,FIBERLOSSDETECTION=DISABLED,FILLERMGMT=ENABLED,GCC0MODE=IISIS,GCC1MODE=DISABLED,LASEROFFFARENDFAIL=DISABLED,LINEPEVSTAT=MAN&AUTO,MAJORDEGRADETHRESH=6.00,MINCOOLING=LOWFLOW,MINORDEGRADETHRESH=3.00,MONITORFAN=ENABLED,NEMODE=SDH,OSCMODE=OSPF,PATHEBERTH=3,PATHPEVSTAT=MAN,PATHSDTH=6,PATHSWCRIT=UNEQ&SD&EBER&AIS&LOP,PROVCURRENT=60,PTHAISINSERT=AIS&LOP,SHELFSYNCH=NO,STATE=NORMAL,WANFREERTH=20,WANFRSDTH=1,WANTREERTH=20,WANTRSDTH=1"
;ALW-MSG-BROADCAST:"Ut002A_OME01":ALL:8;
IP 8
<

   "Ut002A_OME01" 12-12-29 15:44:22
M  8 COMPLD
;RTRV-EQPT:"Ut002A_OME01":ALL:9;
IP 9
<

   "Ut002A_OME01" 12-12-29 15:44:22
M  9 COMPLD
   "GE-1-1::PROVPEC=NTK535LA,CTYPE=\"GE EPL 4 Port SFP\",SNMPINDEX=671220736,PEC=NTK535LA,REL=06  ,CLEI=WMOTAJ4JAD,SER=NNTM0101D6JLQ,MDAT=2006-42,AGE=05-344-23-00,ONSC=03-321-06-12:IS,ACT"
   "PGEFC-1-1-1::PROVPEC=NTTP01AF,CTYPE=\"GE SX/FC100 Mx 850nm LC SFP\",SNMPINDEX=671220737,PEC=NTTP01AF,REL=01,CLEI=SOC3NNFCAA,SER=AVAGMY50000NDN  :IS,ACT"
   "PGEFC-1-1-2::PROVPEC=NTTP01AF,CTYPE=\"GE SX/FC100 Mx 850nm LC SFP\",SNMPINDEX=671220738,PEC=NTTP01AF,REL=01,CLEI=SOC3NNFCAA,SER=AVAGMY50000NE2  :IS,ACT"
   "PGEFC-1-1-3::PROVPEC=NTTP01AF,CTYPE=\"GE SX/FC100 Mx 850nm LC SFP\",SNMPINDEX=671220739,PEC=NTTP01AF,REL=01,CLEI=SOC3NNFCAA,SER=AVAGMY50000NFB  :IS,IDLE"
   "PGE-1-1-4::PROVPEC=NTTP61AA,CTYPE=\"1000 BaseT, 0/+70C, SFP, 20 pins, RJ45, Basic MSA\",SNMPINDEX=671220740,PEC=NTTP61AA,REL=03,CLEI=WMOTBKRJAB,SER=AVAGMY50000S0T  :IS,ACT"
   "GE-1-2::PROVPEC=NTK535LA,CTYPE=\"GE EPL 4 Port SFP\",SNMPINDEX=671221760,PEC=NTK535LA,REL=06  ,CLEI=WMOTAJ4JAD,SER=NNTMH1N100H3G,MDAT=2007-39,AGE=04-324-03-23,ONSC=03-321-06-02:IS,ACT"
   "PGEFC-1-2-1::PROVPEC=NTTP01AF,CTYPE=\"GE SX/FC100 Mx 850nm LC SFP\",SNMPINDEX=671221761,PEC=NTTP01AF,REL=01,CLEI=SOC3NNFCAA,SER=AVAGMY50000D5G  :IS,ACT"
   "PGEFC-1-2-2::PROVPEC=NTTP01AF,CTYPE=\"GE SX/FC100 Mx 850nm LC SFP\",SNMPINDEX=671221762,PEC=NTTP01AF,REL=01,CLEI=SOC3NNFCAA,SER=AVAGMY50000AZE  :IS,ACT"
   "PGEFC-1-2-3::PROVPEC=NTTP01AF,CTYPE=\"GE SX/FC100 Mx 850nm LC SFP\",SNMPINDEX=671221763,PEC=NTTP01AF,REL=01,CLEI=SOC3NNFCAA,SER=AGLTMY00003UEG  :IS,ACT"
   "PGE-1-2-4::PROVPEC=NTTP61AA,CTYPE=\"1000 BaseT, 0/+70C, SFP, 20 pins, RJ45, Basic MSA\",SNMPINDEX=671221764,PEC=NTTP61AA,REL=03,CLEI=WMOTBKRJAB,SER=AVAGMY50000SF0  :IS,ACT"
>

   "Ut002A_OME01" 12-12-29 15:44:22
M  9 COMPLD
   "XGE-1-3::PROVPEC=NTK533AA,CTYPE=\"10GE LAN/WAN 10G EPL 1 Port XFP\",SNMPINDEX=671222784,PEC=NTK533AA,REL= 02 ,CLEI=WOTRAM7KAA,SER=NNTMH1L101CUZ,MDAT=2009-46,AGE=02-192-05-31,ONSC=02-192-05-31:IS,ACT"
   "P10GSOEL-1-3-1::PROVPEC=NTTP84BA,CTYPE=\"OC192 SR1/I64.1 10G LR/LW OTU2/10GFC 1200SMLLL 100m 1310 nm XFP\",SNMPINDEX=671222785,PEC=NTTP84BA,REL=02,CLEI=WOTRANAKAB,SER=EXLGJP0132660037:IS,ACT"
   "10G-1-6::PROVPEC=NTK526JA,CTYPE=\"OC-192/STM-64 STS-1/HO 1 Port G.709 DWDM C-Band AM1/AM2\",SNMPINDEX=671225856,PEC=NTK526JA,REL= 02 ,CLEI=WMOTCM0JAB,SER=NNTMH1A101OFF,MDAT=2008-42,AGE=01-307-17-04,ONSC=00-251-15-27:IS,ACT"
   "XC-1-7::PROVPEC=NTK557AA,CTYPE=\"X-Conn 80G STS-1/VC-3 Sync-ST3\",SNMPINDEX=671226880,PEC=NTK557AA,REL= 05 ,CLEI=WMIXCC0BAD,SER=NNTM0161D47RC,MDAT=2004-50,AGE=02-209-03-40,ONSC=02-209-03-40:IS,WRKTRAF&WRKSYNC"
   "XC-1-8::PROVPEC=NTK557AA,CTYPE=\"X-Conn 80G STS-1/VC-3 Sync-ST3\",SNMPINDEX=671227904,PEC=NTK557AA,REL= 05 ,CLEI=WMIXCC0BAD,SER=NNTM0111D47PT,MDAT=2004-50,AGE=02-209-03-32,ONSC=02-209-03-32:IS,STBYH"
   "10G-1-9::PROVPEC=NTK526JA,CTYPE=\"OC-192/STM-64 STS-1/HO 1 Port G.709 DWDM C-Band AM1/AM2\",SNMPINDEX=671228928,PEC=NTK526JA,REL= 02 ,CLEI=WMOTCM0JAB,SER=NNTMH15101OCP,MDAT=2008-42,AGE=01-307-17-07,ONSC=00-251-15-26:IS,ACT"
   "SP-1-15::PROVPEC=NTK555AA,CTYPE=\"Processor SP\",SNMPINDEX=671235072,PEC=NTK555AA,REL= 12 ,CLEI=WMUCAJFAAC,SER=NNTMH1N100SDF,MDAT=2008-04,AGE=03-320-23-14,ONSC=03-320-23-14,TCUR=19,TAVG=18:IS,"
;RTRV-OC3:"Ut002A_OME01":OC3-1-ALL:10;
IP 10
<

   "Ut002A_OME01" 12-12-29 15:44:23
M  10 COMPLD
;RTRV-OC12:"Ut002A_OME01":OC12-1-ALL:11;
IP 11
<

   "Ut002A_OME01" 12-12-29 15:44:23
M  11 COMPLD
;RTRV-OC48:"Ut002A_OME01":OC48-1-ALL:12;
IP 12
<

   "Ut002A_OME01" 12-12-29 15:44:23
M  12 COMPLD
;RTRV-OC192:"Ut002A_OME01":OC192-1-ALL:13;
IP 13
<

   "Ut002A_OME01" 12-12-29 15:44:24
M  13 COMPLD
   "OC192-1-6-1::TMGREF=Y,DCC=Y,,SDTH=6,,,,,ALS=DISABLED,DUSOVERRIDE=DISABLED,EBERTH=3,PORTMODE=SDH,UNEQMODE=VC4,,,,CLFI=\"\":IS,"
   "OC192-1-9-1::TMGREF=Y,DCC=Y,,SDTH=6,,,,,ALS=DISABLED,DUSOVERRIDE=DISABLED,EBERTH=3,PORTMODE=SDH,UNEQMODE=VC4,,,,CLFI=\"\":IS,"
;RTRV-ETH:"Ut002A_OME01":ETH-1-ALL:14;
IP 14
<

   "Ut002A_OME01" 12-12-29 15:44:26
M  14 COMPLD
   "ETH-1-1-1::AN=ENABLE,ANSTATUS=COMPLETED,ANETHDPX=FULL,ANSPEED=1000,ANPAUSETX=DISABLE,ANPAUSERX=DISABLE,ADVETHDPX=FULL,ADVSPEED=1000,ADVFLOWCTRL=ASYM,ETHDPX=FULL,SPEED=1000,FLOWCTRL=NONE,PAUSETX=DISABLE,PAUSERX=DISABLE,PAUSERXOVERRIDE=ENABLE,MTU=9600,TXCON=ENABLE,PASSCTRL=DISABLE,PAUSETXOVERRIDE=DISABLE,RXIDLE=0,CFPRF=CFPRF-1-4,PHYSADDR=0016CA402385,CLFI=\"Ut002A_ODF01-P1\":IS"
   "ETH-1-1-2::AN=ENABLE,ANSTATUS=COMPLETED,ANETHDPX=FULL,ANSPEED=1000,ANPAUSETX=DISABLE,ANPAUSERX=DISABLE,ADVETHDPX=FULL,ADVSPEED=1000,ADVFLOWCTRL=ASYM,ETHDPX=FULL,SPEED=1000,FLOWCTRL=NONE,PAUSETX=DISABLE,PAUSERX=DISABLE,PAUSERXOVERRIDE=ENABLE,MTU=9600,TXCON=ENABLE,PASSCTRL=DISABLE,PAUSETXOVERRIDE=DISABLE,RXIDLE=0,CFPRF=CFPRF-1-4,PHYSADDR=0016CA402386,CLFI=\"\":IS"
   "ETH-1-1-3::AN=ENABLE,ANSTATUS=INPROGRESS,ANETHDPX=UNKNOWN,ANSPEED=UNKNOWN,ANPAUSETX=UNKNOWN,ANPAUSERX=UNKNOWN,ADVETHDPX=UNKNOWN,ADVSPEED=UNKNOWN,ADVFLOWCTRL=UNKNOWN,ETHDPX=FULL,SPEED=1000,FLOWCTRL=NONE,PAUSETX=DISABLE,PAUSERX=DISABLE,PAUSERXOVERRIDE=ENABLE,MTU=9600,TXCON=ENABLE,PASSCTRL=DISABLE,PAUSETXOVERRIDE=DISABLE,RXIDLE=0,CFPRF=CFPRF-1-4,PHYSADDR=0016CA402387,CLFI=\"\":OOS-MA,DISCD"
   "ETH-1-1-4::AN=ENABLE,ANSTATUS=INPROGRESS,ANETHDPX=UNKNOWN,ANSPEED=UNKNOWN,ANPAUSETX=UNKNOWN,ANPAUSERX=UNKNOWN,ADVETHDPX=UNKNOWN,ADVSPEED=UNKNOWN,ADVFLOWCTRL=UNKNOWN,ETHDPX=FULL,SPEED=1000,FLOWCTRL=ASYM,PAUSETX=ENABLE,PAUSERX=DISABLE,PAUSERXOVERRIDE=ENABLE,MTU=9600,TXCON=ENABLE,PASSCTRL=DISABLE,PAUSETXOVERRIDE=DISABLE,RXIDLE=0,CFPRF=CFPRF-1-4,PHYSADDR=0016CA402388,CLFI=\"\":OOS-AU,FLT"
>

   "Ut002A_OME01" 12-12-29 15:44:26
M  14 COMPLD
   "ETH-1-2-1::AN=ENABLE,ANSTATUS=COMPLETED,ANETHDPX=FULL,ANSPEED=1000,ANPAUSETX=DISABLE,ANPAUSERX=DISABLE,ADVETHDPX=FULL,ADVSPEED=1000,ADVFLOWCTRL=SYM,ETHDPX=FULL,SPEED=1000,FLOWCTRL=NONE,PAUSETX=DISABLE,PAUSERX=DISABLE,PAUSERXOVERRIDE=ENABLE,MTU=9600,TXCON=ENABLE,PASSCTRL=DISABLE,PAUSETXOVERRIDE=DISABLE,RXIDLE=0,CFPRF=CFPRF-1-4,PHYSADDR=0019E1EF6DDA,CLFI=\"\":IS"
   "ETH-1-2-2::AN=ENABLE,ANSTATUS=COMPLETED,ANETHDPX=FULL,ANSPEED=1000,ANPAUSETX=DISABLE,ANPAUSERX=DISABLE,ADVETHDPX=FULL,ADVSPEED=1000,ADVFLOWCTRL=SYM,ETHDPX=FULL,SPEED=1000,FLOWCTRL=NONE,PAUSETX=DISABLE,PAUSERX=DISABLE,PAUSERXOVERRIDE=ENABLE,MTU=9600,TXCON=ENABLE,PASSCTRL=DISABLE,PAUSETXOVERRIDE=DISABLE,RXIDLE=0,CFPRF=CFPRF-1-4,PHYSADDR=0019E1EF6DDB,CLFI=\"Ut002A_ODF01_6\":IS"
   "ETH-1-2-3::AN=ENABLE,ANSTATUS=COMPLETED,ANETHDPX=FULL,ANSPEED=1000,ANPAUSETX=DISABLE,ANPAUSERX=DISABLE,ADVETHDPX=FULL,ADVSPEED=1000,ADVFLOWCTRL=NONE,ETHDPX=FULL,SPEED=1000,FLOWCTRL=NONE,PAUSETX=DISABLE,PAUSERX=DISABLE,PAUSERXOVERRIDE=ENABLE,MTU=9600,TXCON=ENABLE,PASSCTRL=DISABLE,PAUSETXOVERRIDE=DISABLE,RXIDLE=0,CFPRF=CFPRF-1-4,PHYSADDR=0019E1EF6DDC,CLFI=\"\":IS"
   "ETH-1-2-4::AN=ENABLE,ANSTATUS=INPROGRESS,ANETHDPX=UNKNOWN,ANSPEED=UNKNOWN,ANPAUSETX=UNKNOWN,ANPAUSERX=UNKNOWN,ADVETHDPX=UNKNOWN,ADVSPEED=UNKNOWN,ADVFLOWCTRL=UNKNOWN,ETHDPX=FULL,SPEED=1000,FLOWCTRL=ASYM,PAUSETX=ENABLE,PAUSERX=DISABLE,PAUSERXOVERRIDE=ENABLE,MTU=9600,TXCON=ENABLE,PASSCTRL=DISABLE,PAUSETXOVERRIDE=DISABLE,RXIDLE=0,CFPRF=CFPRF-1-4,PHYSADDR=0019E1EF6DDD,CLFI=\"\":OOS-MA"
>

   "Ut002A_OME01" 12-12-29 15:44:26
M  14 COMPLD
;RTRV-ETH10G:"Ut002A_OME01":ETH10G-1-ALL:15;
IP 15
<

   "Ut002A_OME01" 12-12-29 15:44:28
M  15 COMPLD
   "ETH10G-1-3-1::MTU=9018,FLOWCTRL=ASYM,CLFI=\"\",AN=DISABLE,ANSTATUS=DISABLED,ETHDPX=FULL,SPEED=10G,TXCON=ENABLE,PAUSETX=DISABLE,PAUSERX=DISABLE,PAUSERXOVERRIDE=ENABLE,PAUSETXOVERRIDE=DISABLE,ANETHDPX=UNKNOWN,ANSPEED=UNKNOWN,ANPAUSETX=UNKNOWN,ANPAUSERX=UNKNOWN,ADVETHDPX=UNKNOWN,ADVSPEED=UNKNOWN,ADVFLOWCTRL=UNKNOWN,PASSCTRL=DISABLE,PHYSADDR=0021E1D493C4,EQPT=XGELAN,RXIDLE=0:IS"
;RTRV-ETH100:"Ut002A_OME01":ETH100-1-ALL:16;
IP 16
<

   "Ut002A_OME01" 12-12-29 15:44:28
M  16 COMPLD
;RTRV-WAN:"Ut002A_OME01":WAN-1-ALL:17;
IP 17
<

   "Ut002A_OME01" 12-12-29 15:44:31
M  17 COMPLD
   "WAN-1-1-1::MAPPING=GFP-F,RATE=STS3C,VCAT=ENABLE,LCAS=DISABLE,PROVUNITS=5,ACTUALUNITS=5,MAGICNUM=DISABLE,LCM=DISABLE,NCP=NONE,MODE=SDH,FCS=32,SCRAMBLE=ENABLE,LANFCS=ENABLE,RTDELAY=348,CONDTYPE=GFPCMF,GFPRFI=ENABLE,AVLBLRATE=STS3C,PROVRXUNITS=5,GFPRTDELAY=ENABLE,MAXVCDEL=14000,CURRVCDEL=0,ACTUALRXUNITS=5:IS"
   "WAN-1-1-2::MAPPING=GFP-F,RATE=STS3C,VCAT=ENABLE,LCAS=DISABLE,PROVUNITS=4,ACTUALUNITS=4,MAGICNUM=DISABLE,LCM=DISABLE,NCP=NONE,MODE=SDH,FCS=32,SCRAMBLE=ENABLE,LANFCS=ENABLE,RTDELAY=3468,CONDTYPE=GFPCMF,GFPRFI=ENABLE,AVLBLRATE=STS3C,PROVRXUNITS=4,GFPRTDELAY=ENABLE,MAXVCDEL=14000,CURRVCDEL=0,ACTUALRXUNITS=4:IS"
   "WAN-1-1-3::MAPPING=GFP-F,RATE=NONE,VCAT=ENABLE,LCAS=DISABLE,PROVUNITS=0,ACTUALUNITS=0,MAGICNUM=DISABLE,LCM=DISABLE,NCP=NONE,MODE=SDH,FCS=32,SCRAMBLE=ENABLE,LANFCS=ENABLE,RTDELAY=UNKNOWN,CONDTYPE=GFPCMF,GFPRFI=ENABLE,AVLBLRATE=STS3C,PROVRXUNITS=0,GFPRTDELAY=ENABLE,MAXVCDEL=14000,CURRVCDEL=0,ACTUALRXUNITS=0:OOS-MA,DISCD"
   "WAN-1-1-4::MAPPING=GFP-F,RATE=STS3C,VCAT=ENABLE,LCAS=DISABLE,PROVUNITS=1,ACTUALUNITS=1,MAGICNUM=DISABLE,LCM=DISABLE,NCP=NONE,MODE=SDH,FCS=32,SCRAMBLE=ENABLE,LANFCS=ENABLE,RTDELAY=87,CONDTYPE=GFPCMF,GFPRFI=ENABLE,AVLBLRATE=STS3C,PROVRXUNITS=1,GFPRTDELAY=ENABLE,MAXVCDEL=14000,CURRVCDEL=0,ACTUALRXUNITS=1:IS"
   "WAN-1-2-1::MAPPING=GFP-F,RATE=STS3C,VCAT=ENABLE,LCAS=DISABLE,PROVUNITS=3,ACTUALUNITS=3,MAGICNUM=DISABLE,LCM=DISABLE,NCP=NONE,MODE=SDH,FCS=32,SCRAMBLE=ENABLE,LANFCS=ENABLE,RTDELAY=6661,CONDTYPE=GFPCMF,GFPRFI=ENABLE,AVLBLRATE=STS3C,PROVRXUNITS=3,GFPRTDELAY=ENABLE,MAXVCDEL=14000,CURRVCDEL=0,ACTUALRXUNITS=3:IS"
>

   "Ut002A_OME01" 12-12-29 15:44:31
M  17 COMPLD
   "WAN-1-2-2::MAPPING=GFP-F,RATE=STS3C,VCAT=ENABLE,LCAS=DISABLE,PROVUNITS=1,ACTUALUNITS=1,MAGICNUM=DISABLE,LCM=DISABLE,NCP=NONE,MODE=SDH,FCS=32,SCRAMBLE=ENABLE,LANFCS=ENABLE,RTDELAY=UNKNOWN,CONDTYPE=GFPCMF,GFPRFI=ENABLE,AVLBLRATE=STS3C,PROVRXUNITS=1,GFPRTDELAY=ENABLE,MAXVCDEL=14000,CURRVCDEL=0,ACTUALRXUNITS=1:IS"
   "WAN-1-2-3::MAPPING=GFP-F,RATE=STS3C,VCAT=ENABLE,LCAS=DISABLE,PROVUNITS=7,ACTUALUNITS=7,MAGICNUM=DISABLE,LCM=DISABLE,NCP=NONE,MODE=SDH,FCS=32,SCRAMBLE=ENABLE,LANFCS=ENABLE,RTDELAY=3530,CONDTYPE=GFPCMF,GFPRFI=ENABLE,AVLBLRATE=STS3C,PROVRXUNITS=7,GFPRTDELAY=ENABLE,MAXVCDEL=14000,CURRVCDEL=125,ACTUALRXUNITS=7:IS"
   "WAN-1-2-4::MAPPING=GFP-F,RATE=STS3C,VCAT=ENABLE,LCAS=DISABLE,PROVUNITS=1,ACTUALUNITS=1,MAGICNUM=DISABLE,LCM=DISABLE,NCP=NONE,MODE=SDH,FCS=32,SCRAMBLE=ENABLE,LANFCS=ENABLE,RTDELAY=89,CONDTYPE=GFPCMF,GFPRFI=ENABLE,AVLBLRATE=STS3C,PROVRXUNITS=1,GFPRTDELAY=ENABLE,MAXVCDEL=14000,CURRVCDEL=0,ACTUALRXUNITS=1:OOS-MA"
   "WAN-1-3-1::MAPPING=GFP-F,FCS=32,CONDTYPE=GFPCMF,GFPRFI=ENABLE,PROVRXUNITS=15,GFPRTDELAY=ENABLE,RATE=STS3C,LCAS=DISABLE,VCAT=ENABLE,PROVUNITS=15,ACTUALUNITS=15,LANFCS=ENABLE,RTDELAY=UNKNOWN,MAXVCDEL=0,CURRVCDEL=0,SCRAMBLE=ENABLE,ACTUALRXUNITS=15,AVLBLRATE=STS3C:IS"
;RTRV-VCS:"Ut002A_OME01":VCS-1-ALL:18;
IP 18
<

   "Ut002A_OME01" 12-12-29 15:44:32
M  18 COMPLD
;RTRV-VCE:"Ut002A_OME01":VCE-1-ALL:19;
IP 19
<

   "Ut002A_OME01" 12-12-29 15:44:32
M  19 COMPLD
;RTRV-VCEMAP:"Ut002A_OME01":VCEMAP-1-ALL:20;
IP 20
<

   "Ut002A_OME01" 12-12-29 15:44:32
M  20 COMPLD
;RTRV-CRS-ALL:"Ut002A_OME01"::21:::CKTID=ALL;
IP 21
<

   "Ut002A_OME01" 12-12-29 15:44:33
M  21 COMPLD
   "STS3C-1-1-4-1,STS3C-1-1-4-1:1WAY:PRIMARYXC=SHELF,PRIME=OSS,CKTID=\"DRAC-loopback\":STS3C:"
   "STS3C-1-6-1-118,STS3C-1-1-2-1:2WAYPR:SWMATE=STS3C-1-9-1-118,PRIMARYXC=SHELF,PRIME=OSS,CKTID=\"2172LP_Ut01-Asd01_SURFnet\":STS3C:"
   "STS3C-1-6-1-121,STS3C-1-1-2-4:2WAYPR:SWMATE=STS3C-1-9-1-121,PRIMARYXC=SHELF,PRIME=OSS,CKTID=\"2172LP_Ut01-Asd01_SURFnet\":STS3C:"
   "STS3C-1-6-1-124,STS3C-1-1-2-7:2WAYPR:SWMATE=STS3C-1-9-1-124,PRIMARYXC=SHELF,PRIME=OSS,CKTID=\"2172LP_Ut01-Asd01_SURFnet\":STS3C:"
   "STS3C-1-9-1-115,STS3C-1-1-2-10:2WAYPR:SWMATE=STS3C-1-6-1-115,PRIMARYXC=SHELF,PRIME=OSS,CKTID=\"2172LP_Ut01-Asd01_SURFnet\":STS3C:"
   "STS3C-1-6-1-175,STS3C-1-1-1-1:2WAYPR:SWMATE=STS3C-1-9-1-175,PRIMARYXC=SHELF,PRIME=OSS,CKTID=\"2196LP_Ut15-Ut02_SURFNETNETWERK(SNETlan@Ut)\":STS3C:"
   "STS3C-1-6-1-181,STS3C-1-1-1-4:2WAYPR:SWMATE=STS3C-1-9-1-181,PRIMARYXC=SHELF,PRIME=OSS,CKTID=\"2196LP_Ut15-Ut02_SURFNETNETWERK(SNETlan@Ut)\":STS3C:"
   "STS3C-1-6-1-184,STS3C-1-1-1-7:2WAYPR:SWMATE=STS3C-1-9-1-184,PRIMARYXC=SHELF,PRIME=OSS,CKTID=\"2196LP_Ut15-Ut02_SURFNETNETWERK(SNETlan@Ut)\":STS3C:"
   "STS3C-1-6-1-187,STS3C-1-1-1-10:2WAYPR:SWMATE=STS3C-1-9-1-187,PRIMARYXC=SHELF,PRIME=OSS,CKTID=\"2196LP_Ut15-Ut02_SURFNETNETWERK(SNETlan@Ut)\":STS3C:"
   "STS3C-1-6-1-190,STS3C-1-1-1-13:2WAYPR:SWMATE=STS3C-1-9-1-190,PRIMARYXC=SHELF,PRIME=OSS,CKTID=\"2196LP_Ut15-Ut02_SURFNETNETWERK(SNETlan@Ut)\":STS3C:"
   "STS3C-1-2-4-1,STS3C-1-2-4-1:1WAY:PRIMARYXC=SHELF,PRIME=OSS,CKTID=\"DRAC-loopback\":STS3C:"
   "STS3C-1-9-1-127,STS3C-1-2-3-1:2WAYPR:SWMATE=STS3C-1-6-1-127,PRIMARYXC=SHELF,PRIME=OSS,CKTID=\"2084LP_Ut02-Asd01_SURFdiensten\":STS3C:"
   "STS3C-1-9-1-130,STS3C-1-2-3-4:2WAYPR:SWMATE=STS3C-1-6-1-130,PRIMARYXC=SHELF,PRIME=OSS,CKTID=\"2084LP_Ut02-Asd01_SURFdiensten\":STS3C:"
   "STS3C-1-9-1-133,STS3C-1-2-3-7:2WAYPR:SWMATE=STS3C-1-6-1-133,PRIMARYXC=SHELF,PRIME=OSS,CKTID=\"2084LP_Ut02-Asd01_SURFdiensten\":STS3C:"
   "STS3C-1-9-1-136,STS3C-1-2-3-10:2WAYPR:SWMATE=STS3C-1-6-1-136,PRIMARYXC=SHELF,PRIME=OSS,CKTID=\"2084LP_Ut02-Asd01_SURFdiensten\":STS3C:"
   "STS3C-1-9-1-139,STS3C-1-2-3-13:2WAYPR:SWMATE=STS3C-1-6-1-139,PRIMARYXC=SHELF,PRIME=OSS,CKTID=\"2084LP_Ut02-Asd01_SURFdiensten\":STS3C:"
   "STS3C-1-9-1-142,STS3C-1-2-3-16:2WAYPR:SWMATE=STS3C-1-6-1-142,PRIMARYXC=SHELF,PRIME=OSS,CKTID=\"2084LP_Ut02-Asd01_SURFdiensten\":STS3C:"
   "STS3C-1-9-1-145,STS3C-1-2-3-19:2WAYPR:SWMATE=STS3C-1-6-1-145,PRIMARYXC=SHELF,PRIME=OSS,CKTID=\"2084LP_Ut02-Asd01_SURFdiensten\":STS3C:"
>

   "Ut002A_OME01" 12-12-29 15:44:33
M  21 COMPLD
   "STS3C-1-9-1-178,STS3C-1-2-2-1:2WAYPR:SWMATE=STS3C-1-6-1-178,PRIMARYXC=SHELF,PRIME=OSS,CKTID=\"5086LP_Ut02-Asd01_KPN\":STS3C:"
   "STS3C-1-9-1-106,STS3C-1-2-1-1:2WAYPR:SWMATE=STS3C-1-6-1-106,PRIMARYXC=SHELF,PRIME=OSS,CKTID=\"2157LP_Ut02-Tb01_SURFnet\":STS3C:"
   "STS3C-1-9-1-109,STS3C-1-2-1-4:2WAYPR:SWMATE=STS3C-1-6-1-109,PRIMARYXC=SHELF,PRIME=OSS,CKTID=\"2157LP_Ut02-Tb01_SURFnet\":STS3C:"
   "STS3C-1-9-1-112,STS3C-1-2-1-7:2WAYPR:SWMATE=STS3C-1-6-1-112,PRIMARYXC=SHELF,PRIME=OSS,CKTID=\"2157LP_Ut02-Tb01_SURFnet\":STS3C:"
   "STS3C-1-9-1-148,STS3C-1-3-1-1:2WAYPR:SWMATE=STS3C-1-6-1-148,PRIMARYXC=SHELF,PRIME=OSS,CKTID=\"0040IP_Ut01-Ut02_SURFnetKantoor(Ut02)\":STS3C:"
   "STS3C-1-9-1-151,STS3C-1-3-1-4:2WAYPR:SWMATE=STS3C-1-6-1-151,PRIMARYXC=SHELF,PRIME=OSS,CKTID=\"0040IP_Ut01-Ut02_SURFnetKantoor(Ut02)\":STS3C:"
   "STS3C-1-9-1-154,STS3C-1-3-1-7:2WAYPR:SWMATE=STS3C-1-6-1-154,PRIMARYXC=SHELF,PRIME=OSS,CKTID=\"0040IP_Ut01-Ut02_SURFnetKantoor(Ut02)\":STS3C:"
   "STS3C-1-9-1-157,STS3C-1-3-1-10:2WAYPR:SWMATE=STS3C-1-6-1-157,PRIMARYXC=SHELF,PRIME=OSS,CKTID=\"0040IP_Ut01-Ut02_SURFnetKantoor(Ut02)\":STS3C:"
   "STS3C-1-9-1-160,STS3C-1-3-1-13:2WAYPR:SWMATE=STS3C-1-6-1-160,PRIMARYXC=SHELF,PRIME=OSS,CKTID=\"0040IP_Ut01-Ut02_SURFnetKantoor(Ut02)\":STS3C:"
   "STS3C-1-9-1-163,STS3C-1-3-1-16:2WAYPR:SWMATE=STS3C-1-6-1-163,PRIMARYXC=SHELF,PRIME=OSS,CKTID=\"0040IP_Ut01-Ut02_SURFnetKantoor(Ut02)\":STS3C:"
   "STS3C-1-9-1-166,STS3C-1-3-1-19:2WAYPR:SWMATE=STS3C-1-6-1-166,PRIMARYXC=SHELF,PRIME=OSS,CKTID=\"0040IP_Ut01-Ut02_SURFnetKantoor(Ut02)\":STS3C:"
   "STS3C-1-9-1-169,STS3C-1-3-1-22:2WAYPR:SWMATE=STS3C-1-6-1-169,PRIMARYXC=SHELF,PRIME=OSS,CKTID=\"0040IP_Ut01-Ut02_SURFnetKantoor(Ut02)\":STS3C:"
   "STS3C-1-9-1-43,STS3C-1-3-1-25:2WAYPR:SWMATE=STS3C-1-6-1-64,PRIMARYXC=SHELF,PRIME=OSS,CKTID=\"0040IP_Ut01-Ut02_SURFnetKantoor(Ut02)\":STS3C:"
   "STS3C-1-9-1-46,STS3C-1-3-1-28:2WAYPR:SWMATE=STS3C-1-6-1-67,PRIMARYXC=SHELF,PRIME=OSS,CKTID=\"0040IP_Ut01-Ut02_SURFnetKantoor(Ut02)\":STS3C:"
   "STS3C-1-9-1-49,STS3C-1-3-1-31:2WAYPR:SWMATE=STS3C-1-6-1-70,PRIMARYXC=SHELF,PRIME=OSS,CKTID=\"0040IP_Ut01-Ut02_SURFnetKantoor(Ut02)\":STS3C:"
   "STS3C-1-9-1-52,STS3C-1-3-1-34:2WAYPR:SWMATE=STS3C-1-6-1-73,PRIMARYXC=SHELF,PRIME=OSS,CKTID=\"0040IP_Ut01-Ut02_SURFnetKantoor(Ut02)\":STS3C:"
   "STS3C-1-9-1-55,STS3C-1-3-1-37:2WAYPR:SWMATE=STS3C-1-6-1-76,PRIMARYXC=SHELF,PRIME=OSS,CKTID=\"0040IP_Ut01-Ut02_SURFnetKantoor(Ut02)\":STS3C:"
   "STS3C-1-9-1-58,STS3C-1-3-1-40:2WAYPR:SWMATE=STS3C-1-6-1-79,PRIMARYXC=SHELF,PRIME=OSS,CKTID=\"0040IP_Ut01-Ut02_SURFnetKantoor(Ut02)\":STS3C:"
>

   "Ut002A_OME01" 12-12-29 15:44:33
M  21 COMPLD
   "STS3C-1-9-1-61,STS3C-1-3-1-43:2WAYPR:SWMATE=STS3C-1-6-1-82,PRIMARYXC=SHELF,PRIME=OSS,CKTID=\"0040IP_Ut01-Ut02_SURFnetKantoor(Ut02)\":STS3C:"
   "STS3C-1-9-1-1,STS3C-1-6-1-1:2WAY:PRIMARYXC=SHELF,PRIME=OSS,CKTID=\"0066IP_Ut15-Ut01_UMCU(Ut01-ome02)\":STS3C:"
   "STS3C-1-9-1-4,STS3C-1-6-1-4:2WAY:PRIMARYXC=SHELF,PRIME=OSS,CKTID=\"0066IP_Ut15-Ut01_UMCU(Ut01-ome02)\":STS3C:"
   "STS3C-1-9-1-7,STS3C-1-6-1-7:2WAY:PRIMARYXC=SHELF,PRIME=OSS,CKTID=\"0066IP_Ut15-Ut01_UMCU(Ut01-ome02)\":STS3C:"
   "STS3C-1-9-1-10,STS3C-1-6-1-10:2WAY:PRIMARYXC=SHELF,PRIME=OSS,CKTID=\"0066IP_Ut15-Ut01_UMCU(Ut01-ome02)\":STS3C:"
   "STS3C-1-9-1-13,STS3C-1-6-1-13:2WAY:PRIMARYXC=SHELF,PRIME=OSS,CKTID=\"0066IP_Ut15-Ut01_UMCU(Ut01-ome02)\":STS3C:"
   "STS3C-1-9-1-16,STS3C-1-6-1-16:2WAY:PRIMARYXC=SHELF,PRIME=OSS,CKTID=\"0066IP_Ut15-Ut01_UMCU(Ut01-ome02)\":STS3C:"
   "STS3C-1-9-1-19,STS3C-1-6-1-19:2WAY:PRIMARYXC=SHELF,PRIME=OSS,CKTID=\"0066IP_Ut15-Ut01_UMCU(Ut01-ome02)\":STS3C:"
   "STS3C-1-9-1-22,STS3C-1-6-1-43:2WAY:PRIMARYXC=SHELF,PRIME=OSS,CKTID=\"0035IP_Ut01-Ut15_Wibi(Ut15)\":STS3C:"
   "STS3C-1-9-1-25,STS3C-1-6-1-46:2WAY:PRIMARYXC=SHELF,PRIME=OSS,CKTID=\"0035IP_Ut01-Ut15_Wibi(Ut15)\":STS3C:"
   "STS3C-1-9-1-28,STS3C-1-6-1-49:2WAY:PRIMARYXC=SHELF,PRIME=OSS,CKTID=\"0035IP_Ut01-Ut15_Wibi(Ut15)\":STS3C:"
   "STS3C-1-9-1-31,STS3C-1-6-1-52:2WAY:PRIMARYXC=SHELF,PRIME=OSS,CKTID=\"0035IP_Ut01-Ut15_Wibi(Ut15)\":STS3C:"
   "STS3C-1-9-1-34,STS3C-1-6-1-55:2WAY:PRIMARYXC=SHELF,PRIME=OSS,CKTID=\"0035IP_Ut01-Ut15_Wibi(Ut15)\":STS3C:"
   "STS3C-1-9-1-37,STS3C-1-6-1-58:2WAY:PRIMARYXC=SHELF,PRIME=OSS,CKTID=\"0035IP_Ut01-Ut15_Wibi(Ut15)\":STS3C:"
   "STS3C-1-9-1-40,STS3C-1-6-1-61:2WAY:PRIMARYXC=SHELF,PRIME=OSS,CKTID=\"0035IP_Ut01-Ut15_Wibi(Ut15)\":STS3C:"
   "STS3C-1-9-1-85,STS3C-1-6-1-85:2WAY:PRIMARYXC=SHELF,PRIME=OSS,CKTID=\"2198LP_Ut15-Ut01_SURFNETNETWERK(SNETlan@Ut15)\":STS3C:"
   "STS3C-1-9-1-88,STS3C-1-6-1-88:2WAY:PRIMARYXC=SHELF,PRIME=OSS,CKTID=\"2198LP_Ut15-Ut01_SURFNETNETWERK(SNETlan@Ut15)\":STS3C:"
   "STS3C-1-9-1-91,STS3C-1-6-1-91:2WAY:PRIMARYXC=SHELF,PRIME=OSS,CKTID=\"2198LP_Ut15-Ut01_SURFNETNETWERK(SNETlan@Ut15)\":STS3C:"
>

   "Ut002A_OME01" 12-12-29 15:44:33
M  21 COMPLD
   "STS3C-1-9-1-94,STS3C-1-6-1-94:2WAY:PRIMARYXC=SHELF,PRIME=OSS,CKTID=\"2198LP_Ut15-Ut01_SURFNETNETWERK(SNETlan@Ut15)\":STS3C:"
   "STS3C-1-9-1-97,STS3C-1-6-1-97:2WAY:PRIMARYXC=SHELF,PRIME=OSS,CKTID=\"2198LP_Ut15-Ut01_SURFNETNETWERK(SNETlan@Ut15)\":STS3C:"
   "STS3C-1-9-1-100,STS3C-1-6-1-100:2WAY:PRIMARYXC=SHELF,PRIME=OSS,CKTID=\"2198LP_Ut15-Ut01_SURFNETNETWERK(SNETlan@Ut15)\":STS3C:"
   "STS3C-1-9-1-103,STS3C-1-6-1-103:2WAY:PRIMARYXC=SHELF,PRIME=OSS,CKTID=\"2198LP_Ut15-Ut01_SURFNETNETWERK(SNETlan@Ut15)\":STS3C:"
   "STS3C-1-9-1-172,STS3C-1-6-1-172:2WAY:PRIMARYXC=SHELF,PRIME=OSS,CKTID=\"2195LP_Nm01-Ut15_SURFNETNETWERK(SNETlan@Ut)\":STS3C:"
;RTRV-AD-ALL:"Ut002A_OME01"::22;
IP 22
<

   "Ut002A_OME01" 12-12-29 15:44:33
M  22 COMPLD
   "OC192-1-6-1:TYP-SH-SL-PRT,LINE:TX_VERSION=\"2\",TX_TAG=\"AD_2_00:1b:25:2d:da:65_001_000_006_000_001_ME_1\",RX_VERSION=\"2\",RX_ACTUAL=\"AD_2_00:17:d1:ff:c2:8e_001_000_009_000_001_ME_1\",RX_EXPECTED=\"\",RECONFIG=DISABLE,RX_RELIABILITY=RELIABLE,MECHANISM=IIH"
   "ADJ-1-6-1:TYP-SH-SL-PRT,PHYS:TX_VERSION=\"2\",TX_TAG=\"Ut002A_OME01-1-6-1\",RX_VERSION=\"2\",RX_ACTUAL=\"\",RX_EXPECTED=\"\",RECONFIG=DISABLE,RX_RELIABILITY=UNRELIABLE,MECHANISM=DERIVED"
   "OC192-1-9-1:TYP-SH-SL-PRT,LINE:TX_VERSION=\"2\",TX_TAG=\"AD_2_00:1b:25:2d:da:65_001_000_009_000_001_ME_1\",RX_VERSION=\"2\",RX_ACTUAL=\"AD_2_00:14:0d:03:50:34_001_000_014_000_001_ME_1\",RX_EXPECTED=\"\",RECONFIG=DISABLE,RX_RELIABILITY=RELIABLE,MECHANISM=IIH"
   "ADJ-1-9-1:TYP-SH-SL-PRT,PHYS:TX_VERSION=\"2\",TX_TAG=\"Ut002A_OME01-1-9-1\",RX_VERSION=\"2\",RX_ACTUAL=\"\",RX_EXPECTED=\"\",RECONFIG=DISABLE,RX_RELIABILITY=UNRELIABLE,MECHANISM=DERIVED"
;RTRV-FFP-OC192:"Ut002A_OME01":OC192-1-ALL:23;
IP 23
<

   "Ut002A_OME01" 12-12-29 15:44:34
M  23 COMPLD
;RTRV-ALM-ALL:"Ut002A_OME01"::24::;
IP 24
<

   "Ut002A_OME01" 12-12-29 15:45:12
M  24 COMPLD
   "ETH-1-1-4,ETH:CR,DATASYNCLOS_PCS,SA,12-12,16-45-17,NEND,RCV:\"Loss of Data Synch\",NONE:0100000038-6212-0348,:YEAR=2012,MODE=NONE"
   "ETH-1-1-4,ETH:CR,LOSSLNK,SA,12-12,16-45-17,NEND,RCV:\"Link Down\",NONE:0100000039-6000-0333,:YEAR=2012,MODE=NONE"
   "ETH-1-1-4,ETH:CR,FECRF,SA,12-12,16-45-31,FEND,NA:\"Far End Client Signal Fail\",NONE:0100000042-6271-0349,:YEAR=2012,MODE=NONE"
;

   "Ut002A_OME01" 12-12-29 15:45:14
A  0000935158 REPT EVT ETH
   "ETH-1-1-4:T-UAS-E,TC,12-29,15-45-14,NEND,RCV,10,10,15-MIN:\"T-UAS-E\":0100000000-0000-0000,:YEAR=2012,MODE=NONE"
;

   "Ut002A_OME01" 12-12-29 15:45:26
A  0000935159 REPT EVT COM
   "SP-1-15:PMFTPI,TC,12-29,15-45-26,NEND,NA,,,:\"file 'sftp://sftpuser@145.145.64.26:22//opt/nortel/omea/NE_info/pmdata/001B252DDA65/pm_Ut002A_OME01_20121229154512_date_201212291530.gz' has started\",NONE:0100000000-0000-0647,:YEAR=2012,MODE=NONE,SIGLAYER=\"\""
;

   "Ut002A_OME01" 12-12-29 15:45:36
A  0000935160 REPT EVT COM
   "SP-1-15:PMFTPC,TC,12-29,15-45-36,NEND,NA,,,:\"file 'sftp://sftpuser@145.145.64.26:22//opt/nortel/omea/NE_info/pmdata/001B252DDA65/pm_Ut002A_OME01_20121229154512_date_201212291530.gz' has completed\",NONE:0100000000-0000-0648,:YEAR=2012,MODE=NONE,SIGLAYER=\"\""
;<<RTRV-HDR keep alive sent>>
IP 25
<

   "Ut002A_OME01" 12-12-29 15:46:13
M  25 COMPLD
;

   "Ut002A_OME01" 12-12-29 15:47:07
A  0000935161 REPT EVT LOG
   "DATE=12-12-29,TIME=15-47-07:USERID=SNSCRIPT,PRIORITY=GEN_TL1_CMD,STATUS=COMPLD:ACT-USER:SNSCRIPT:1::::"
;

   "Ut002A_OME01" 12-12-29 15:47:07
A  0000935162 REPT EVT LOG
   "DATE=12-12-29,TIME=15-47-07:USERID=SNSCRIPT,PRIORITY=GEN_TL1_CMD,STATUS=COMPLD:CANC-USER:SNSCRIPT:1::::"
;<<RTRV-HDR keep alive sent>>
IP 26
<

   "Ut002A_OME01" 12-12-29 15:48:13
M  26 COMPLD
;<<RTRV-HDR keep alive sent>>
IP 27
<

   "Ut002A_OME01" 12-12-29 15:50:14
M  27 COMPLD
;<<RTRV-HDR keep alive sent>>
IP 28
<

   "Ut002A_OME01" 12-12-29 15:52:14
M  28 COMPLD
;

   "Ut002A_OME01" 12-12-29 15:53:59
A  0000935163 REPT EVT LOG
   "DATE=12-12-29,TIME=15-53-59:USERID=SNSCRIPT,PRIORITY=GEN_TL1_CMD,STATUS=COMPLD:ACT-USER:SNSCRIPT:1::::"
;

   "Ut002A_OME01" 12-12-29 15:54:00
A  0000935164 REPT EVT LOG
   "DATE=12-12-29,TIME=15-54-00:USERID=SNSCRIPT,PRIORITY=GEN_TL1_CMD,STATUS=COMPLD:CANC-USER:SNSCRIPT:1::::"
;<<RTRV-HDR keep alive sent>>
IP 29
<

   "Ut002A_OME01" 12-12-29 15:54:15
M  29 COMPLD
;<<RTRV-HDR keep alive sent>>
IP 30
<

   "Ut002A_OME01" 12-12-29 15:56:15
M  30 COMPLD
;<<RTRV-HDR keep alive sent>>
IP 31
<

   "Ut002A_OME01" 12-12-29 15:58:16
M  31 COMPLD
;

   "Ut002A_OME01" 12-12-29 16:00:14
A  0000935165 REPT EVT ETH
   "ETH-1-1-4:T-UAS-E,TC,12-29,16-00-14,NEND,RCV,10,10,15-MIN:\"T-UAS-E\":0100000000-0000-0000,:YEAR=2012,MODE=NONE"
;<<RTRV-HDR keep alive sent>>
IP 32
<

   "Ut002A_OME01" 12-12-29 16:00:17
M  32 COMPLD
;

   "Ut002A_OME01" 12-12-29 16:02:07
A  0000935166 REPT EVT LOG
   "DATE=12-12-29,TIME=16-02-07:USERID=SNSCRIPT,PRIORITY=GEN_TL1_CMD,STATUS=COMPLD:ACT-USER:SNSCRIPT:1::::"
;

   "Ut002A_OME01" 12-12-29 16:02:07
A  0000935167 REPT EVT LOG
   "DATE=12-12-29,TIME=16-02-07:USERID=SNSCRIPT,PRIORITY=GEN_TL1_CMD,STATUS=COMPLD:CANC-USER:SNSCRIPT:1::::"
;<<RTRV-HDR keep alive sent>>
IP 33
<

   "Ut002A_OME01" 12-12-29 16:02:17
M  33 COMPLD
;<<RTRV-HDR keep alive sent>>
IP 34
<

   "Ut002A_OME01" 12-12-29 16:04:18
M  34 COMPLD
;<<RTRV-HDR keep alive sent>>
IP 35
<

   "Ut002A_OME01" 12-12-29 16:06:19
M  35 COMPLD
;<<RTRV-HDR keep alive sent>>
IP 36
<

   "Ut002A_OME01" 12-12-29 16:08:18
M  36 COMPLD
;<<RTRV-HDR keep alive sent>>
IP 37
<

   "Ut002A_OME01" 12-12-29 16:10:19
M  37 COMPLD
;<<RTRV-HDR keep alive sent>>
IP 38
<

   "Ut002A_OME01" 12-12-29 16:12:20
M  38 COMPLD
;<<RTRV-HDR keep alive sent>>
IP 39
<

   "Ut002A_OME01" 12-12-29 16:14:21
M  39 COMPLD
;

   "Ut002A_OME01" 12-12-29 16:15:15
A  0000935168 REPT EVT ETH
   "ETH-1-1-4:T-UAS-E,TC,12-29,16-15-15,NEND,RCV,10,10,15-MIN:\"T-UAS-E\":0100000000-0000-0000,:YEAR=2012,MODE=NONE"
;

   "Ut002A_OME01" 12-12-29 16:16:05
A  0000935169 REPT EVT LOG
   "DATE=12-12-29,TIME=16-16-05:USERID=SNSCRIPT,PRIORITY=GEN_TL1_CMD,STATUS=COMPLD:ACT-USER:SNSCRIPT:1::::"
;

   "Ut002A_OME01" 12-12-29 16:16:06
A  0000935170 REPT EVT LOG
   "DATE=12-12-29,TIME=16-16-06:USERID=SNSCRIPT,PRIORITY=GEN_TL1_CMD,STATUS=COMPLD:CANC-USER:SNSCRIPT:1::::"
;<<RTRV-HDR keep alive sent>>
IP 40
<

   "Ut002A_OME01" 12-12-29 16:16:20
M  40 COMPLD
;

   "Ut002A_OME01" 12-12-29 16:17:07
A  0000935171 REPT EVT LOG
   "DATE=12-12-29,TIME=16-17-07:USERID=SNSCRIPT,PRIORITY=GEN_TL1_CMD,STATUS=COMPLD:ACT-USER:SNSCRIPT:1::::"
;

   "Ut002A_OME01" 12-12-29 16:17:07
A  0000935172 REPT EVT LOG
   "DATE=12-12-29,TIME=16-17-07:USERID=SNSCRIPT,PRIORITY=GEN_TL1_CMD,STATUS=COMPLD:CANC-USER:SNSCRIPT:1::::"
;<<RTRV-HDR keep alive sent>>
IP 41
<

   "Ut002A_OME01" 12-12-29 16:18:21
M  41 COMPLD
;<<RTRV-HDR keep alive sent>>
IP 42
<

   "Ut002A_OME01" 12-12-29 16:20:21
M  42 COMPLD
;<<RTRV-HDR keep alive sent>>
IP 43
<

   "Ut002A_OME01" 12-12-29 16:22:22
M  43 COMPLD
;<<RTRV-HDR keep alive sent>>
IP 44
<

   "Ut002A_OME01" 12-12-29 16:24:22
M  44 COMPLD
;<<RTRV-HDR keep alive sent>>
IP 45
<

   "Ut002A_OME01" 12-12-29 16:26:22
M  45 COMPLD
;<<RTRV-HDR keep alive sent>>
IP 46
<

   "Ut002A_OME01" 12-12-29 16:28:22
M  46 COMPLD
;

   "Ut002A_OME01" 12-12-29 16:30:15
A  0000935173 REPT EVT ETH
   "ETH-1-1-4:T-UAS-E,TC,12-29,16-30-15,NEND,RCV,10,10,15-MIN:\"T-UAS-E\":0100000000-0000-0000,:YEAR=2012,MODE=NONE"
;<<RTRV-HDR keep alive sent>>
IP 47
<

   "Ut002A_OME01" 12-12-29 16:30:23
M  47 COMPLD
;

   "Ut002A_OME01" 12-12-29 16:32:07
A  0000935174 REPT EVT LOG
   "DATE=12-12-29,TIME=16-32-07:USERID=SNSCRIPT,PRIORITY=GEN_TL1_CMD,STATUS=COMPLD:ACT-USER:SNSCRIPT:1::::"
;

   "Ut002A_OME01" 12-12-29 16:32:08
A  0000935175 REPT EVT LOG
   "DATE=12-12-29,TIME=16-32-08:USERID=SNSCRIPT,PRIORITY=GEN_TL1_CMD,STATUS=COMPLD:CANC-USER:SNSCRIPT:1::::"
;<<RTRV-HDR keep alive sent>>
IP 48
<

   "Ut002A_OME01" 12-12-29 16:32:23
M  48 COMPLD
;<<RTRV-HDR keep alive sent>>
IP 49
<

   "Ut002A_OME01" 12-12-29 16:34:24
M  49 COMPLD
;<<RTRV-HDR keep alive sent>>
IP 50
<

   "Ut002A_OME01" 12-12-29 16:36:24
M  50 COMPLD
;<<RTRV-HDR keep alive sent>>
IP 51
<

   "Ut002A_OME01" 12-12-29 16:38:24
M  51 COMPLD
;<<RTRV-HDR keep alive sent>>
IP 52
<

   "Ut002A_OME01" 12-12-29 16:40:25
M  52 COMPLD
;<<RTRV-HDR keep alive sent>>
IP 53
<

   "Ut002A_OME01" 12-12-29 16:42:25
M  53 COMPLD
;<<RTRV-HDR keep alive sent>>
IP 54
<

   "Ut002A_OME01" 12-12-29 16:44:25
M  54 COMPLD
;RTRV-ALM-ALL:"Ut002A_OME01"::55::;
IP 55
<

   "Ut002A_OME01" 12-12-29 16:45:12
M  55 COMPLD
   "ETH-1-1-4,ETH:CR,DATASYNCLOS_PCS,SA,12-12,16-45-17,NEND,RCV:\"Loss of Data Synch\",NONE:0100000038-6212-0348,:YEAR=2012,MODE=NONE"
   "ETH-1-1-4,ETH:CR,LOSSLNK,SA,12-12,16-45-17,NEND,RCV:\"Link Down\",NONE:0100000039-6000-0333,:YEAR=2012,MODE=NONE"
   "ETH-1-1-4,ETH:CR,FECRF,SA,12-12,16-45-31,FEND,NA:\"Far End Client Signal Fail\",NONE:0100000042-6271-0349,:YEAR=2012,MODE=NONE"
;

   "Ut002A_OME01" 12-12-29 16:45:15
A  0000935176 REPT EVT ETH
   "ETH-1-1-4:T-UAS-E,TC,12-29,16-45-15,NEND,RCV,10,10,15-MIN:\"T-UAS-E\":0100000000-0000-0000,:YEAR=2012,MODE=NONE"
;<<RTRV-HDR keep alive sent>>
IP 56
<

   "Ut002A_OME01" 12-12-29 16:46:26
M  56 COMPLD
;

   "Ut002A_OME01" 12-12-29 16:47:11
A  0000935177 REPT EVT LOG
   "DATE=12-12-29,TIME=16-47-11:USERID=SNSCRIPT,PRIORITY=GEN_TL1_CMD,STATUS=COMPLD:ACT-USER:SNSCRIPT:1::::"
;

   "Ut002A_OME01" 12-12-29 16:47:11
A  0000935178 REPT EVT LOG
   "DATE=12-12-29,TIME=16-47-11:USERID=SNSCRIPT,PRIORITY=GEN_TL1_CMD,STATUS=COMPLD:CANC-USER:SNSCRIPT:1::::"
;<<RTRV-HDR keep alive sent>>
IP 57
<

   "Ut002A_OME01" 12-12-29 16:48:27
M  57 COMPLD
;<<RTRV-HDR keep alive sent>>
IP 58
<

   "Ut002A_OME01" 12-12-29 16:50:27
M  58 COMPLD
;<<RTRV-HDR keep alive sent>>
IP 59
<

   "Ut002A_OME01" 12-12-29 16:52:28
M  59 COMPLD
;<<RTRV-HDR keep alive sent>>
IP 60
<

   "Ut002A_OME01" 12-12-29 16:54:27
M  60 COMPLD
;<<RTRV-HDR keep alive sent>>
IP 61
<

   "Ut002A_OME01" 12-12-29 16:56:28
M  61 COMPLD
;