***** (re)Starting logger at Sat Dec 29 10:44:16 EST 2012*****


**** TL1 session opened at Sat Dec 29 10:44:16 EST 2012 ****


<<RTRV-HDR keep alive sent>>
ÿûÿûÿý

WARNING! This computer system and network is PRIVATE and PROPRIETARY of
[SURFnet] and may only be accesses by authorized users. Unauthorized use of
this computer system or network is strictly prohibited and may be subject
to criminal prosecution, employee discipline up to and including discharge,
or the termination of the vendor/service contracts. The owner, or its
agents, may monitor any activity or communication on the computer system or
NETWORK.

--- Copyright (c) 2000 - 2011 Ciena (R) Corporation. All Rights Reserved ---
|  NOTICE: This is a private computer system.                              |
|  Unauthorized access or use may lead to prosecution.                     |
|                                                                          |
|  Ciena 6500 OPTICAL                                                      |
----------------------------------------------------------------------------

/*
 * Starting Interactive TL1 Command Mode.
 * Type ? for help while constructing TL1 commands.
 * Type .? for specific parameter/keyword help.
 */


IP 2
<

   "Asd009A_OME01" 12-12-29 15:44:16
M  2 DENY
   PLNA
   /*Privilege, Login Not Active*/
;<<ACT-USER sent, password hidden>>
IP 3
<

   "Asd009A_OME01" 12-12-29 15:44:18
M  3 COMPLD
;RTRV-NETYPE:"Asd009A_OME01"::4;
IP 4
<

   "Asd009A_OME01" 12-12-29 15:44:18
M  4 COMPLD
   "CIENA,\"6500 OPTICAL\",OCP,\"REL0810Z.HD\""
;RTRV-SW-VER:"Asd009A_OME01"::5;
IP 5
<

   "Asd009A_OME01" 12-12-29 15:44:19
M  5 COMPLD
   "SHELF-1:REL0810Z.HD"
;RTRV-RTG-INFO:"Asd009A_OME01"::6:::NAME="Asd009A_OME01";
IP 6
<

   "Asd009A_OME01" 12-12-29 15:44:40
M  6 COMPLD
   "SHELF-1::,\"Asd009A_OME01\",001158FF8791|145.145.68.3,00001600,YES"
;RTRV-SYS:"Asd009A_OME01"::7;
IP 7
<

   "Asd009A_OME01" 12-12-29 15:44:40
M  7 COMPLD
   "SHELF-1::ACTUALCOOLING=LOWFLOW,ACTUALPOWER=355,AINSTIMEOUT=00-05,ALMCORR=OFF,ALMHO=2.5,BAYFICINAO=FALSE,BITSMODE=SDH,CSFMCASTMAC=0180C2880001,EQPTCURRENT=40,ETHEERTH=20,ETHGFPRFI=ENABLED,ETHGFPRFIUPI=128,ETHSDTH=1,FCEERTH=20,FCSDTH=1,FIBERLOSSDETECTION=DISABLED,FILLERMGMT=ENABLED,GCC0MODE=IISIS,GCC1MODE=DISABLED,LASEROFFFARENDFAIL=DISABLED,LINEPEVSTAT=MAN&AUTO,MAJORDEGRADETHRESH=6.00,MINCOOLING=LOWFLOW,MINORDEGRADETHRESH=3.00,MONITORFAN=ENABLED,NEMODE=SDH,OSCMODE=OSPF,PATHEBERTH=3,PATHPEVSTAT=MAN,PATHSDTH=6,PATHSWCRIT=UNEQ&SD&EBER&AIS&LOP,PROVCURRENT=40,PTHAISINSERT=AIS&LOP,SHELFSYNCH=NO,STATE=NORMAL,WANFREERTH=20,WANFRSDTH=1,WANTREERTH=20,WANTRSDTH=1"
;ALW-MSG-BROADCAST:"Asd009A_OME01":ALL:8;
IP 8
<

   "Asd009A_OME01" 12-12-29 15:44:46
M  8 COMPLD
;RTRV-EQPT:"Asd009A_OME01":ALL:9;
IP 9
<

   "Asd009A_OME01" 12-12-29 15:44:46
M  9 COMPLD
   "GE-1-1::PROVPEC=NTK535LA,CTYPE=\"GE EPL 4 Port SFP\",SNMPINDEX=671220736,PEC=NTK535LA,REL= 03 ,CLEI=WMOTAJ4JAC,SER=NNTMH8D0002V6,MDAT=2005-27,AGE=06-253-17-14,ONSC=06-176-08-11:IS,ACT"
   "PGEFC-1-1-1::PROVPEC=NTTP01AF,CTYPE=\"GE SX/FC100 Mx 850nm LC SFP\",SNMPINDEX=671220737,PEC=NTTP01AF,REL=01,CLEI=SOC3NNFCAA,SER=AGLTMY00003XA3  :IS,IDLE"
   "PGEFC-1-1-2::PROVPEC=NTK591LB,CTYPE=\"Trcvr,1.25Gb/s,24dB,CWDM,1471nm\",SNMPINDEX=671220738,PEC=NTK591LB,REL=02,CLEI=WMOTBKDJAA,SER=EXLGJPF3E3490027:IS,ACT"
   "PGEFC-1-1-3::PROVPEC=NTTP01AF,CTYPE=\"GE SX/FC100 Mx 850nm LC SFP\",SNMPINDEX=671220739,PEC=NTTP01AF,REL=01,CLEI=SOC3NNFCAA,SER=AGLTMY00002S8K  :IS,IDLE"
   "PGEFC-1-1-4::PROVPEC=NTK591MB,CTYPE=\"Trcvr,1.25Gb/s,24dB,CWDM,1491nm\",SNMPINDEX=671220740,PEC=NTK591MB,REL=02,CLEI=WMOTBKEJAA,SER=EXLGJPF3E3480076:IS,IDLE"
   "GE-1-2::PROVPEC=NTK535LA,CTYPE=\"GE EPL 4 Port SFP\",SNMPINDEX=671221760,PEC=NTK535LA,REL=06  ,CLEI=WMOTAJ4JAD,SER=NNTMH1R100O2U,MDAT=2007-51,AGE=04-049-06-39,ONSC=04-049-06-39:IS,IDLE"
   "PGEFC-1-2-3::PROVPEC=NTK591TB,CTYPE=\"Trcvr,1.25Gb/s,24dB,CWDM,1611nm\",SNMPINDEX=671221763,PEC=NTK591TB,REL=02,CLEI=WMOTBKLJAA,SER=EXLGJPFYEX530047:IS,IDLE"
   "10G-1-6::PROVPEC=NTK526KE,CTYPE=\"OC-192/STM-64 STS-1/HO 1 Port G.709 DWDM 1530.33nm\",SNMPINDEX=671225856,PEC=NTK526KE,REL= 05 ,CLEI=WMOTBDSJAA,SER=NNTM0181D45GZ,MDAT=2004-50,AGE=01-309-04-25,ONSC=01-309-04-25:IS,ACT"
   "XC-1-7::PROVPEC=NTK557AA,CTYPE=\"X-Conn 80G STS-1/VC-3 Sync-ST3\",SNMPINDEX=671226880,PEC=NTK557AA,REL= 06A,CLEI=WMIXCC0BAE,SER=NNTM01A1D2WWC,MDAT=2005-42,AGE=02-192-01-25,ONSC=02-192-01-25:IS,WRKTRAF&WRKSYNC"
   "XC-1-8::PROVPEC=NTK557AA,CTYPE=\"X-Conn 80G STS-1/VC-3 Sync-ST3\",SNMPINDEX=671227904,PEC=NTK557AA,REL= 06A,CLEI=WMIXCC0BAE,SER=NNTMH8O0000GA,MDAT=2005-42,AGE=02-192-01-24,ONSC=02-192-01-24:IS,STBYH"
>

   "Asd009A_OME01" 12-12-29 15:44:46
M  9 COMPLD
   "2G5-1-11::PROVPEC=NTK519BA,CTYPE=\"OC-48/STM-16 STS-1/HO 2 Port DPO\",SNMPINDEX=671230976,PEC=NTK519BA,REL= 02 ,CLEI=WMOTAHZJAB,SER=NNTMH8V0004JM,MDAT=2005-22,AGE=01-309-04-23,ONSC=01-309-04-23:IS,ACT"
   "P2G5-1-11-1::PROVPEC=NTK580AJ,CTYPE=\"Trcvr,2.5Gb/s,175km,1531.90nm,DWDM\",SNMPINDEX=671230977,PEC=NTK580AJ,REL=,CLEI=WMOTAMJJAA,SER=NNTM72DP000985  :IS,ACT"
   "P2G5-1-11-2::PROVPEC=NTK580CJ,CTYPE=\"Trcvr,2.5Gb/s,175km,1550.92nm,DWDM\",SNMPINDEX=671230978,PEC=NTK580CJ,REL=,CLEI=WMOTAMWJAA,SER=NNTM72DP000828  :IS,ACT"
   "SP-1-15::PROVPEC=NTK555AA,CTYPE=\"Processor SP\",SNMPINDEX=671235072,PEC=NTK555AA,REL= 07 ,CLEI=WMUCAJFAAB,SER=NNTMH8Z000B82,MDAT=2005-35,AGE=07-042-15-42,ONSC=04-194-04-59,TCUR=26,TAVG=25:IS,"
;RTRV-OC3:"Asd009A_OME01":OC3-1-ALL:10;
IP 10
<

   "Asd009A_OME01" 12-12-29 15:44:47
M  10 COMPLD
;RTRV-OC12:"Asd009A_OME01":OC12-1-ALL:11;
IP 11
<

   "Asd009A_OME01" 12-12-29 15:44:47
M  11 COMPLD
;RTRV-OC48:"Asd009A_OME01":OC48-1-ALL:12;
IP 12
<

   "Asd009A_OME01" 12-12-29 15:44:47
M  12 COMPLD
   "OC48-1-11-1::TMGREF=Y,DCC=Y,,SDTH=6,,,,,ALS=DISABLED,DUSOVERRIDE=DISABLED,EBERTH=3,PORTMODE=SDH,UNEQMODE=VC4,,,,CLFI=\"\":IS,"
   "OC48-1-11-2::TMGREF=N,DCC=Y,,SDTH=6,,,,,ALS=DISABLED,DUSOVERRIDE=DISABLED,EBERTH=3,PORTMODE=SDH,UNEQMODE=VC4,,,,CLFI=\"\":IS,"
;RTRV-OC192:"Asd009A_OME01":OC192-1-ALL:13;
IP 13
<

   "Asd009A_OME01" 12-12-29 15:44:51
M  13 COMPLD
   "OC192-1-6-1::TMGREF=Y,DCC=Y,,SDTH=6,,,,,ALS=DISABLED,DUSOVERRIDE=DISABLED,EBERTH=3,PORTMODE=SDH,UNEQMODE=VC4,,,,CLFI=\"\":IS,"
;RTRV-ETH:"Asd009A_OME01":ETH-1-ALL:14;
IP 14
<

   "Asd009A_OME01" 12-12-29 15:44:53
M  14 COMPLD
   "ETH-1-1-1::AN=ENABLE,ANSTATUS=COMPLETED,ANETHDPX=FULL,ANSPEED=1000,ANPAUSETX=DISABLE,ANPAUSERX=DISABLE,ADVETHDPX=FULL,ADVSPEED=1000,ADVFLOWCTRL=NONE,ETHDPX=FULL,SPEED=1000,FLOWCTRL=NONE,PAUSETX=DISABLE,PAUSERX=DISABLE,PAUSERXOVERRIDE=ENABLE,MTU=9600,TXCON=ENABLE,PASSCTRL=DISABLE,PAUSETXOVERRIDE=DISABLE,RXIDLE=0,CFPRF=CFPRF-1-4,PHYSADDR=001158FF691B,CLFI=\"\":OOS-MA,DISCD&LPBK"
   "ETH-1-1-2::AN=ENABLE,ANSTATUS=COMPLETED,ANETHDPX=FULL,ANSPEED=1000,ANPAUSETX=DISABLE,ANPAUSERX=DISABLE,ADVETHDPX=FULL,ADVSPEED=1000,ADVFLOWCTRL=NONE,ETHDPX=FULL,SPEED=1000,FLOWCTRL=NONE,PAUSETX=DISABLE,PAUSERX=DISABLE,PAUSERXOVERRIDE=ENABLE,MTU=9600,TXCON=ENABLE,PASSCTRL=DISABLE,PAUSETXOVERRIDE=DISABLE,RXIDLE=0,CFPRF=CFPRF-1-4,PHYSADDR=001158FF691C,CLFI=\"\":IS"
   "ETH-1-1-3::AN=ENABLE,ANSTATUS=INPROGRESS,ANETHDPX=UNKNOWN,ANSPEED=UNKNOWN,ANPAUSETX=UNKNOWN,ANPAUSERX=UNKNOWN,ADVETHDPX=UNKNOWN,ADVSPEED=UNKNOWN,ADVFLOWCTRL=UNKNOWN,ETHDPX=FULL,SPEED=1000,FLOWCTRL=ASYM,PAUSETX=ENABLE,PAUSERX=DISABLE,PAUSERXOVERRIDE=ENABLE,MTU=9600,TXCON=ENABLE,PASSCTRL=DISABLE,PAUSETXOVERRIDE=DISABLE,RXIDLE=0,CFPRF=CFPRF-1-4,PHYSADDR=001158FF691D,CLFI=\"\":OOS-MA,DISCD"
   "ETH-1-1-4::AN=ENABLE,ANSTATUS=INPROGRESS,ANETHDPX=UNKNOWN,ANSPEED=UNKNOWN,ANPAUSETX=UNKNOWN,ANPAUSERX=UNKNOWN,ADVETHDPX=UNKNOWN,ADVSPEED=UNKNOWN,ADVFLOWCTRL=UNKNOWN,ETHDPX=FULL,SPEED=1000,FLOWCTRL=ASYM,PAUSETX=ENABLE,PAUSERX=DISABLE,PAUSERXOVERRIDE=ENABLE,MTU=9600,TXCON=ENABLE,PASSCTRL=DISABLE,PAUSETXOVERRIDE=DISABLE,RXIDLE=0,CFPRF=CFPRF-1-4,PHYSADDR=001158FF691E,CLFI=\"\":OOS-MA,DISCD"
>

   "Asd009A_OME01" 12-12-29 15:44:53
M  14 COMPLD
   "ETH-1-2-3::AN=ENABLE,ANSTATUS=INPROGRESS,ANETHDPX=UNKNOWN,ANSPEED=UNKNOWN,ANPAUSETX=UNKNOWN,ANPAUSERX=UNKNOWN,ADVETHDPX=UNKNOWN,ADVSPEED=UNKNOWN,ADVFLOWCTRL=UNKNOWN,ETHDPX=FULL,SPEED=1000,FLOWCTRL=NONE,PAUSETX=DISABLE,PAUSERX=DISABLE,PAUSERXOVERRIDE=ENABLE,MTU=9600,TXCON=ENABLE,PASSCTRL=DISABLE,PAUSETXOVERRIDE=DISABLE,RXIDLE=0,CFPRF=CFPRF-1-4,PHYSADDR=0019E1EF7822,CLFI=\"\":OOS-MA,DISCD"
;RTRV-ETH10G:"Asd009A_OME01":ETH10G-1-ALL:15;
IP 15
<

   "Asd009A_OME01" 12-12-29 15:44:54
M  15 COMPLD
;RTRV-ETH100:"Asd009A_OME01":ETH100-1-ALL:16;
IP 16
<

   "Asd009A_OME01" 12-12-29 15:44:54
M  16 COMPLD
;RTRV-WAN:"Asd009A_OME01":WAN-1-ALL:17;
IP 17
<

   "Asd009A_OME01" 12-12-29 15:44:56
M  17 COMPLD
   "WAN-1-1-1::MAPPING=GFP-F,RATE=NONE,VCAT=ENABLE,LCAS=DISABLE,PROVUNITS=0,ACTUALUNITS=0,MAGICNUM=DISABLE,LCM=DISABLE,NCP=NONE,MODE=SDH,FCS=32,SCRAMBLE=ENABLE,LANFCS=ENABLE,RTDELAY=UNKNOWN,CONDTYPE=GFPCMF,GFPRFI=ENABLE,AVLBLRATE=STS3C,PROVRXUNITS=0,GFPRTDELAY=ENABLE,MAXVCDEL=14000,CURRVCDEL=0,ACTUALRXUNITS=0:OOS-MA,DISCD"
   "WAN-1-1-2::MAPPING=GFP-F,RATE=STS3C,VCAT=ENABLE,LCAS=DISABLE,PROVUNITS=1,ACTUALUNITS=1,MAGICNUM=DISABLE,LCM=DISABLE,NCP=NONE,MODE=SDH,FCS=32,SCRAMBLE=ENABLE,LANFCS=ENABLE,RTDELAY=258,CONDTYPE=GFPCMF,GFPRFI=ENABLE,AVLBLRATE=STS3C,PROVRXUNITS=1,GFPRTDELAY=ENABLE,MAXVCDEL=14000,CURRVCDEL=0,ACTUALRXUNITS=1:IS"
   "WAN-1-1-3::MAPPING=GFP-F,RATE=NONE,VCAT=ENABLE,LCAS=DISABLE,PROVUNITS=0,ACTUALUNITS=0,MAGICNUM=DISABLE,LCM=DISABLE,NCP=NONE,MODE=SDH,FCS=32,SCRAMBLE=ENABLE,LANFCS=ENABLE,RTDELAY=UNKNOWN,CONDTYPE=GFPCMF,GFPRFI=ENABLE,AVLBLRATE=STS1HO/STS1LO/STS3C,PROVRXUNITS=0,GFPRTDELAY=ENABLE,MAXVCDEL=14000,CURRVCDEL=0,ACTUALRXUNITS=0:OOS-MA,DISCD"
   "WAN-1-1-4::MAPPING=GFP-F,RATE=NONE,VCAT=ENABLE,LCAS=DISABLE,PROVUNITS=0,ACTUALUNITS=0,MAGICNUM=DISABLE,LCM=DISABLE,NCP=NONE,MODE=SDH,FCS=32,SCRAMBLE=ENABLE,LANFCS=ENABLE,RTDELAY=UNKNOWN,CONDTYPE=GFPCMF,GFPRFI=ENABLE,AVLBLRATE=STS1HO/STS1LO/STS3C,PROVRXUNITS=0,GFPRTDELAY=ENABLE,MAXVCDEL=14000,CURRVCDEL=0,ACTUALRXUNITS=0:OOS-MA,DISCD"
   "WAN-1-2-3::MAPPING=GFP-F,RATE=NONE,VCAT=ENABLE,LCAS=DISABLE,PROVUNITS=0,ACTUALUNITS=0,MAGICNUM=DISABLE,LCM=DISABLE,NCP=NONE,MODE=SDH,FCS=32,SCRAMBLE=ENABLE,LANFCS=ENABLE,RTDELAY=UNKNOWN,CONDTYPE=GFPCMF,GFPRFI=ENABLE,AVLBLRATE=STS1HO/STS1LO/STS3C,PROVRXUNITS=0,GFPRTDELAY=ENABLE,MAXVCDEL=14000,CURRVCDEL=0,ACTUALRXUNITS=0:OOS-MA,DISCD"
>

   "Asd009A_OME01" 12-12-29 15:44:56
M  17 COMPLD
;RTRV-VCS:"Asd009A_OME01":VCS-1-ALL:18;
IP 18
<

   "Asd009A_OME01" 12-12-29 15:44:57
M  18 COMPLD
;RTRV-VCE:"Asd009A_OME01":VCE-1-ALL:19;
IP 19
<

   "Asd009A_OME01" 12-12-29 15:44:57
M  19 COMPLD
;RTRV-VCEMAP:"Asd009A_OME01":VCEMAP-1-ALL:20;
IP 20
<

   "Asd009A_OME01" 12-12-29 15:44:58
M  20 COMPLD
;RTRV-CRS-ALL:"Asd009A_OME01"::21:::CKTID=ALL;
IP 21
<

   "Asd009A_OME01" 12-12-29 15:44:58
M  21 COMPLD
   "STS3C-1-6-1-43,STS3C-1-1-2-1:2WAY:PRIMARYXC=SHELF,PRIME=OSS,CKTID=\"2004LE4_Asd01-Asd09_OU-O15(NR_Asd01-Asd08)\":STS3C:"
   "STS3C-1-11-2-22,STS3C-1-6-1-22:2WAY:PRIMARYXC=SHELF,PRIME=OSS,CKTID=\"0005IP2_Asd06-Asd02_AMC\":STS3C:"
   "STS3C-1-11-2-25,STS3C-1-6-1-25:2WAY:PRIMARYXC=SHELF,PRIME=OSS,CKTID=\"0005IP2_Asd06-Asd02_AMC\":STS3C:"
   "STS3C-1-11-2-28,STS3C-1-6-1-28:2WAY:PRIMARYXC=SHELF,PRIME=OSS,CKTID=\"0005IP2_Asd06-Asd02_AMC\":STS3C:"
   "STS3C-1-11-2-31,STS3C-1-6-1-31:2WAY:PRIMARYXC=SHELF,PRIME=OSS,CKTID=\"0005IP2_Asd06-Asd02_AMC\":STS3C:"
   "STS3C-1-11-2-34,STS3C-1-6-1-34:2WAY:PRIMARYXC=SHELF,PRIME=OSS,CKTID=\"0005IP2_Asd06-Asd02_AMC\":STS3C:"
   "STS3C-1-11-2-37,STS3C-1-6-1-37:2WAY:PRIMARYXC=SHELF,PRIME=OSS,CKTID=\"0005IP2_Asd06-Asd02_AMC\":STS3C:"
   "STS3C-1-11-2-40,STS3C-1-6-1-40:2WAY:PRIMARYXC=SHELF,PRIME=OSS,CKTID=\"0005IP2_Asd06-Asd02_AMC\":STS3C:"
   "STS3C-1-11-1-1,STS3C-1-6-1-46:2WAY:PRIMARYXC=SHELF,PRIME=OSS,CKTID=\"2000LP_Asd06-Asd01_AMC-SARA\":STS3C:"
   "STS3C-1-11-1-4,STS3C-1-6-1-49:2WAY:PRIMARYXC=SHELF,PRIME=OSS,CKTID=\"2000LP_Asd06-Asd01_AMC-SARA\":STS3C:"
   "STS3C-1-11-1-7,STS3C-1-6-1-52:2WAY:PRIMARYXC=SHELF,PRIME=OSS,CKTID=\"2000LP_Asd06-Asd01_AMC-SARA\":STS3C:"
   "STS3C-1-11-1-10,STS3C-1-6-1-55:2WAY:PRIMARYXC=SHELF,PRIME=OSS,CKTID=\"2000LP_Asd06-Asd01_AMC-SARA\":STS3C:"
   "STS3C-1-11-1-13,STS3C-1-6-1-58:2WAY:PRIMARYXC=SHELF,PRIME=OSS,CKTID=\"2000LP_Asd06-Asd01_AMC-SARA\":STS3C:"
   "STS3C-1-11-1-16,STS3C-1-6-1-61:2WAY:PRIMARYXC=SHELF,PRIME=OSS,CKTID=\"2000LP_Asd06-Asd01_AMC-SARA\":STS3C:"
   "STS3C-1-11-1-22,STS3C-1-6-1-64:2WAY:PRIMARYXC=SHELF,PRIME=OSS,CKTID=\"0004IP_Asd06-Asd01_AMC\":STS3C:"
   "STS3C-1-11-1-25,STS3C-1-6-1-67:2WAY:PRIMARYXC=SHELF,PRIME=OSS,CKTID=\"0004IP_Asd06-Asd01_AMC\":STS3C:"
   "STS3C-1-11-1-28,STS3C-1-6-1-70:2WAY:PRIMARYXC=SHELF,PRIME=OSS,CKTID=\"0004IP_Asd06-Asd01_AMC\":STS3C:"
   "STS3C-1-11-1-31,STS3C-1-6-1-73:2WAY:PRIMARYXC=SHELF,PRIME=OSS,CKTID=\"0004IP_Asd06-Asd01_AMC\":STS3C:"
>

   "Asd009A_OME01" 12-12-29 15:44:58
M  21 COMPLD
   "STS3C-1-11-1-34,STS3C-1-6-1-76:2WAY:PRIMARYXC=SHELF,PRIME=OSS,CKTID=\"0004IP_Asd06-Asd01_AMC\":STS3C:"
   "STS3C-1-11-1-37,STS3C-1-6-1-79:2WAY:PRIMARYXC=SHELF,PRIME=OSS,CKTID=\"0004IP_Asd06-Asd01_AMC\":STS3C:"
   "STS3C-1-11-1-40,STS3C-1-6-1-82:2WAY:PRIMARYXC=SHELF,PRIME=OSS,CKTID=\"0004IP_Asd06-Asd01_AMC\":STS3C:"
   "STS3C-1-11-1-19,STS3C-1-6-1-130:2WAY:PRIMARYXC=SHELF,PRIME=OSS,CKTID=\"2000LP_Asd06-Asd01_AMC-SARA\":STS3C:"
;RTRV-AD-ALL:"Asd009A_OME01"::22;
IP 22
<

   "Asd009A_OME01" 12-12-29 15:44:58
M  22 COMPLD
   "OC192-1-6-1:TYP-SH-SL-PRT,LINE:TX_VERSION=\"2\",TX_TAG=\"AD_2_00:11:58:ff:87:91_001_000_006_000_001_ME_1\",RX_VERSION=\"2\",RX_ACTUAL=\"AD_2_00:21:e1:d9:cc:70_001_000_035_000_001_ME_1\",RX_EXPECTED=\"\",RECONFIG=DISABLE,RX_RELIABILITY=RELIABLE,MECHANISM=IIH"
   "OC48-1-11-1:TYP-SH-SL-PRT,LINE:TX_VERSION=\"2\",TX_TAG=\"AD_2_00:11:58:ff:87:91_001_000_011_000_001_ME_1\",RX_VERSION=\"2\",RX_ACTUAL=\"AD_2_00:21:e1:d9:1b:90_001_000_004_000_001_ME_1\",RX_EXPECTED=\"\",RECONFIG=DISABLE,RX_RELIABILITY=RELIABLE,MECHANISM=IIH"
   "OC48-1-11-2:TYP-SH-SL-PRT,LINE:TX_VERSION=\"2\",TX_TAG=\"AD_2_00:11:58:ff:87:91_001_000_011_000_002_ME_1\",RX_VERSION=\"2\",RX_ACTUAL=\"AD_2_00:21:e1:d9:1b:90_001_000_004_000_002_ME_1\",RX_EXPECTED=\"\",RECONFIG=DISABLE,RX_RELIABILITY=RELIABLE,MECHANISM=IIH"
;RTRV-FFP-OC192:"Asd009A_OME01":OC192-1-ALL:23;
IP 23
<

   "Asd009A_OME01" 12-12-29 15:44:59
M  23 COMPLD
;

   "Asd009A_OME01" 12-12-29 15:45:08
A  0001194085 REPT EVT COM
   "SP-1-15:PMFTPI,TC,12-29,15-45-08,NEND,NA,,,:\"file 'sftp://sftpuser@145.145.64.26:22//opt/nortel/omea/NE_info/pmdata/001158FF8791/pm_Asd009A_OME01_20121229154508_date_201212291530.gz' has started\",NONE:0100000000-0000-0647,:YEAR=2012,MODE=NONE,SIGLAYER=\"\""
;

   "Asd009A_OME01" 12-12-29 15:45:13
A  0001194086 REPT EVT COM
   "SP-1-15:PMFTPC,TC,12-29,15-45-13,NEND,NA,,,:\"file 'sftp://sftpuser@145.145.64.26:22//opt/nortel/omea/NE_info/pmdata/001158FF8791/pm_Asd009A_OME01_20121229154508_date_201212291530.gz' has completed\",NONE:0100000000-0000-0648,:YEAR=2012,MODE=NONE,SIGLAYER=\"\""
;

   "Asd009A_OME01" 12-12-29 15:45:33
A  0001194087 REPT EVT LOG
   "DATE=12-12-29,TIME=15-45-33:USERID=SNSCRIPT,PRIORITY=GEN_TL1_CMD,STATUS=COMPLD:ACT-USER:SNSCRIPT:1::::"
;

   "Asd009A_OME01" 12-12-29 15:45:33
A  0001194088 REPT EVT LOG
   "DATE=12-12-29,TIME=15-45-33:USERID=SNSCRIPT,PRIORITY=GEN_TL1_CMD,STATUS=COMPLD:CANC-USER:SNSCRIPT:1::::"
;<<RTRV-HDR keep alive sent>>
IP 24
<

   "Asd009A_OME01" 12-12-29 15:46:18
M  24 COMPLD
;<<RTRV-HDR keep alive sent>>
IP 25
<

   "Asd009A_OME01" 12-12-29 15:48:19
M  25 COMPLD
;<<RTRV-HDR keep alive sent>>
IP 26
<

   "Asd009A_OME01" 12-12-29 15:50:19
M  26 COMPLD
;

   "Asd009A_OME01" 12-12-29 15:51:31
A  0001194089 REPT EVT LOG
   "DATE=12-12-29,TIME=15-51-31:USERID=SNSCRIPT,PRIORITY=GEN_TL1_CMD,STATUS=COMPLD:ACT-USER:SNSCRIPT:1::::"
;

   "Asd009A_OME01" 12-12-29 15:51:32
A  0001194090 REPT EVT LOG
   "DATE=12-12-29,TIME=15-51-32:USERID=SNSCRIPT,PRIORITY=GEN_TL1_CMD,STATUS=COMPLD:CANC-USER:SNSCRIPT:1::::"
;<<RTRV-HDR keep alive sent>>
IP 27
<

   "Asd009A_OME01" 12-12-29 15:52:19
M  27 COMPLD
;<<RTRV-HDR keep alive sent>>
IP 28
<

   "Asd009A_OME01" 12-12-29 15:54:20
M  28 COMPLD
;<<RTRV-HDR keep alive sent>>
IP 29
<

   "Asd009A_OME01" 12-12-29 15:56:20
M  29 COMPLD
;<<RTRV-HDR keep alive sent>>
IP 30
<

   "Asd009A_OME01" 12-12-29 15:58:21
M  30 COMPLD
;<<RTRV-HDR keep alive sent>>
IP 31
<

   "Asd009A_OME01" 12-12-29 16:00:22
M  31 COMPLD
;

   "Asd009A_OME01" 12-12-29 16:00:32
A  0001194091 REPT EVT LOG
   "DATE=12-12-29,TIME=16-00-32:USERID=SNSCRIPT,PRIORITY=GEN_TL1_CMD,STATUS=COMPLD:ACT-USER:SNSCRIPT:1::::"
;

   "Asd009A_OME01" 12-12-29 16:00:33
A  0001194092 REPT EVT LOG
   "DATE=12-12-29,TIME=16-00-33:USERID=SNSCRIPT,PRIORITY=GEN_TL1_CMD,STATUS=COMPLD:CANC-USER:SNSCRIPT:1::::"
;<<RTRV-HDR keep alive sent>>
IP 32
<

   "Asd009A_OME01" 12-12-29 16:02:22
M  32 COMPLD
;<<RTRV-HDR keep alive sent>>
IP 33
<

   "Asd009A_OME01" 12-12-29 16:04:23
M  33 COMPLD
;<<RTRV-HDR keep alive sent>>
IP 34
<

   "Asd009A_OME01" 12-12-29 16:06:24
M  34 COMPLD
;<<RTRV-HDR keep alive sent>>
IP 35
<

   "Asd009A_OME01" 12-12-29 16:08:23
M  35 COMPLD
;<<RTRV-HDR keep alive sent>>
IP 36
<

   "Asd009A_OME01" 12-12-29 16:10:24
M  36 COMPLD
;<<RTRV-HDR keep alive sent>>
IP 37
<

   "Asd009A_OME01" 12-12-29 16:12:25
M  37 COMPLD
;

   "Asd009A_OME01" 12-12-29 16:13:37
A  0001194093 REPT EVT LOG
   "DATE=12-12-29,TIME=16-13-37:USERID=SNSCRIPT,PRIORITY=GEN_TL1_CMD,STATUS=COMPLD:ACT-USER:SNSCRIPT:1::::"
;

   "Asd009A_OME01" 12-12-29 16:13:38
A  0001194094 REPT EVT LOG
   "DATE=12-12-29,TIME=16-13-38:USERID=SNSCRIPT,PRIORITY=GEN_TL1_CMD,STATUS=COMPLD:CANC-USER:SNSCRIPT:1::::"
;<<RTRV-HDR keep alive sent>>
IP 38
<

   "Asd009A_OME01" 12-12-29 16:14:25
M  38 COMPLD
;

   "Asd009A_OME01" 12-12-29 16:15:32
A  0001194095 REPT EVT LOG
   "DATE=12-12-29,TIME=16-15-32:USERID=SNSCRIPT,PRIORITY=GEN_TL1_CMD,STATUS=COMPLD:ACT-USER:SNSCRIPT:1::::"
;

   "Asd009A_OME01" 12-12-29 16:15:33
A  0001194096 REPT EVT LOG
   "DATE=12-12-29,TIME=16-15-33:USERID=SNSCRIPT,PRIORITY=GEN_TL1_CMD,STATUS=COMPLD:CANC-USER:SNSCRIPT:1::::"
;<<RTRV-HDR keep alive sent>>
IP 39
<

   "Asd009A_OME01" 12-12-29 16:16:26
M  39 COMPLD
;<<RTRV-HDR keep alive sent>>
IP 40
<

   "Asd009A_OME01" 12-12-29 16:18:25
M  40 COMPLD
;<<RTRV-HDR keep alive sent>>
IP 41
<

   "Asd009A_OME01" 12-12-29 16:20:26
M  41 COMPLD
;<<RTRV-HDR keep alive sent>>
IP 42
<

   "Asd009A_OME01" 12-12-29 16:22:26
M  42 COMPLD
;<<RTRV-HDR keep alive sent>>
IP 43
<

   "Asd009A_OME01" 12-12-29 16:24:27
M  43 COMPLD
;<<RTRV-HDR keep alive sent>>
IP 44
<

   "Asd009A_OME01" 12-12-29 16:26:28
M  44 COMPLD
;<<RTRV-HDR keep alive sent>>
IP 45
<

   "Asd009A_OME01" 12-12-29 16:28:27
M  45 COMPLD
;<<RTRV-HDR keep alive sent>>
IP 46
<

   "Asd009A_OME01" 12-12-29 16:30:28
M  46 COMPLD
;

   "Asd009A_OME01" 12-12-29 16:30:35
A  0001194097 REPT EVT LOG
   "DATE=12-12-29,TIME=16-30-35:USERID=SNSCRIPT,PRIORITY=GEN_TL1_CMD,STATUS=COMPLD:ACT-USER:SNSCRIPT:1::::"
;

   "Asd009A_OME01" 12-12-29 16:30:35
A  0001194098 REPT EVT LOG
   "DATE=12-12-29,TIME=16-30-35:USERID=SNSCRIPT,PRIORITY=GEN_TL1_CMD,STATUS=COMPLD:CANC-USER:SNSCRIPT:1::::"
;<<RTRV-HDR keep alive sent>>
IP 47
<

   "Asd009A_OME01" 12-12-29 16:32:28
M  47 COMPLD
;<<RTRV-HDR keep alive sent>>
IP 48
<

   "Asd009A_OME01" 12-12-29 16:34:29
M  48 COMPLD
;<<RTRV-HDR keep alive sent>>
IP 49
<

   "Asd009A_OME01" 12-12-29 16:36:28
M  49 COMPLD
;<<RTRV-HDR keep alive sent>>
IP 50
<

   "Asd009A_OME01" 12-12-29 16:38:29
M  50 COMPLD
;<<RTRV-HDR keep alive sent>>
IP 51
<

   "Asd009A_OME01" 12-12-29 16:40:29
M  51 COMPLD
;<<RTRV-HDR keep alive sent>>
IP 52
<

   "Asd009A_OME01" 12-12-29 16:42:30
M  52 COMPLD
;<<RTRV-HDR keep alive sent>>
IP 53
<

   "Asd009A_OME01" 12-12-29 16:44:31
M  53 COMPLD
;

   "Asd009A_OME01" 12-12-29 16:45:31
A  0001194099 REPT EVT LOG
   "DATE=12-12-29,TIME=16-45-31:USERID=SNSCRIPT,PRIORITY=GEN_TL1_CMD,STATUS=COMPLD:ACT-USER:SNSCRIPT:1::::"
;

   "Asd009A_OME01" 12-12-29 16:45:32
A  0001194100 REPT EVT LOG
   "DATE=12-12-29,TIME=16-45-32:USERID=SNSCRIPT,PRIORITY=GEN_TL1_CMD,STATUS=COMPLD:CANC-USER:SNSCRIPT:1::::"
;<<RTRV-HDR keep alive sent>>
IP 54
<

   "Asd009A_OME01" 12-12-29 16:46:30
M  54 COMPLD
;<<RTRV-HDR keep alive sent>>
IP 55
<

   "Asd009A_OME01" 12-12-29 16:48:31
M  55 COMPLD
;<<RTRV-HDR keep alive sent>>
IP 56
<

   "Asd009A_OME01" 12-12-29 16:50:31
M  56 COMPLD
;<<RTRV-HDR keep alive sent>>
IP 57
<

   "Asd009A_OME01" 12-12-29 16:52:32
M  57 COMPLD
;<<RTRV-HDR keep alive sent>>
IP 58
<

   "Asd009A_OME01" 12-12-29 16:54:31
M  58 COMPLD
;<<RTRV-HDR keep alive sent>>
IP 59
<

   "Asd009A_OME01" 12-12-29 16:56:32
M  59 COMPLD
;