***** (re)Starting logger at Sat Dec 29 10:44:16 EST 2012*****


**** TL1 session opened at Sat Dec 29 10:44:16 EST 2012 ****


<<RTRV-HDR keep alive sent>>
ÿûÿûÿý

WARNING! This computer system and network is PRIVATE and PROPRIETARY of
[SURFnet] and may only be accesses by authorized users. Unauthorized use of
this computer system or network is strictly prohibited and may be subject
to criminal prosecution, employee discipline up to and including discharge,
or the termination of the vendor/service contracts. The owner, or its
agents, may monitor any activity or communication on the computer system or
NETWORK.

--- Copyright (c) 2000 - 2011 Ciena (R) Corporation. All Rights Reserved ---
|  NOTICE: This is a private computer system.                              |
|  Unauthorized access or use may lead to prosecution.                     |
|                                                                          |
|  Ciena 6500 OPTICAL                                                      |
----------------------------------------------------------------------------

/*
 * Starting Interactive TL1 Command Mode.
 * Type ? for help while constructing TL1 commands.
 * Type .? for specific parameter/keyword help.
 */


IP 2
<

   "Asd001A_OME09" 12-12-29 15:44:16
M  2 DENY
   PLNA
   /*Privilege, Login Not Active*/
;<<ACT-USER sent, password hidden>>
IP 3
<

   "Asd001A_OME09" 12-12-29 15:44:16
M  3 COMPLD
;RTRV-NETYPE:"Asd001A_OME09"::4;
IP 4
<

   "Asd001A_OME09" 12-12-29 15:44:16
M  4 COMPLD
   "CIENA,\"6500 OPTICAL\",OCP,\"REL0810Z.HD\""
;RTRV-SW-VER:"Asd001A_OME09"::5;
IP 5
<

   "Asd001A_OME09" 12-12-29 15:44:17
M  5 COMPLD
   "SHELF-1:REL0810Z.HD"
;RTRV-RTG-INFO:"Asd001A_OME09"::6:::NAME="Asd001A_OME09";
IP 6
<

   "Asd001A_OME09" 12-12-29 15:44:34
M  6 COMPLD
   "SHELF-1::,\"Asd001A_OME09\",001158FF8859|145.145.68.1,00001600,YES"
;RTRV-SYS:"Asd001A_OME09"::7;
IP 7
<

   "Asd001A_OME09" 12-12-29 15:44:35
M  7 COMPLD
   "SHELF-1::ACTUALCOOLING=LOWFLOW,ACTUALPOWER=640,AINSTIMEOUT=00-05,ALMCORR=OFF,ALMHO=2.5,BAYFICINAO=FALSE,BITSMODE=SDH,CSFMCASTMAC=0180C2880001,EQPTCURRENT=40,ETHEERTH=20,ETHGFPRFI=ENABLED,ETHGFPRFIUPI=128,ETHSDTH=1,FCEERTH=20,FCSDTH=1,FIBERLOSSDETECTION=DISABLED,FILLERMGMT=ENABLED,GCC0MODE=IISIS,GCC1MODE=DISABLED,LASEROFFFARENDFAIL=DISABLED,LINEPEVSTAT=MAN&AUTO,MAJORDEGRADETHRESH=6.00,MINCOOLING=LOWFLOW,MINORDEGRADETHRESH=3.00,MONITORFAN=ENABLED,NEMODE=SDH,OSCMODE=OSPF,PATHEBERTH=3,PATHPEVSTAT=MAN,PATHSDTH=6,PATHSWCRIT=UNEQ&SD&EBER&AIS&LOP,PROVCURRENT=40,PTHAISINSERT=AIS&LOP,SHELFSYNCH=NO,STATE=NORMAL,WANFREERTH=20,WANFRSDTH=1,WANTREERTH=20,WANTRSDTH=1"
;ALW-MSG-BROADCAST:"Asd001A_OME09":ALL:8;
IP 8
<

   "Asd001A_OME09" 12-12-29 15:44:35
M  8 COMPLD
;RTRV-EQPT:"Asd001A_OME09":ALL:9;
IP 9
<

   "Asd001A_OME09" 12-12-29 15:44:35
M  9 COMPLD
   "GE-1-1::PROVPEC=NTK535LA,CTYPE=\"GE EPL 4 Port SFP\",SNMPINDEX=671220736,PEC=NTK535LA,REL= 03 ,CLEI=WMOTAJ4JAC,SER=NNTMH8T0008WN,MDAT=2005-31,AGE=05-174-05-29,ONSC=05-174-05-29:IS,ACT"
   "PGEFC-1-1-1::PROVPEC=NTTP01CF,CTYPE=\"GE LX [10k]/FC100 SM 1310nm LC SFP\",SNMPINDEX=671220737,PEC=NTTP01CF,REL=01,CLEI=WMOTAH1JAA,SER=EXLGJPM4E4260090:IS,ACT"
   "PGEFC-1-1-2::PROVPEC=NTTP01CF,CTYPE=\"GE LX [10k]/FC100 SM 1310nm LC SFP\",SNMPINDEX=671220738,PEC=NTTP01CF,REL=01,CLEI=WMOTAH1JAA,SER=EXLGJPM4E4260067:IS,ACT"
   "PGEFC-1-1-3::PROVPEC=NTTP01CF,CTYPE=\"GE LX [10k]/FC100 SM 1310nm LC SFP\",SNMPINDEX=671220739,PEC=NTTP01CF,REL=01,CLEI=WMOTAH1JAA,SER=EXLGJPM4E4260319:IS,ACT"
   "PGEFC-1-1-4::PROVPEC=NTTP01CF,CTYPE=\"GE LX [10k]/FC100 SM 1310nm LC SFP\",SNMPINDEX=671220740,PEC=NTTP01CF,REL=01,CLEI=WMOTAH1JAA,SER=EXLGJPM4E4260431:IS,IDLE"
   "GE-1-2::PROVPEC=NTK535LA,CTYPE=\"GE EPL 4 Port SFP\",SNMPINDEX=671221760,PEC=NTK535LA,REL= 03 ,CLEI=WMOTAJ4JAC,SER=NNTM01V1D3SZH,MDAT=2004-42,AGE=06-320-18-56,ONSC=06-216-03-39:IS,ACT"
   "PGEFC-1-2-1::PROVPEC=NTTP01CF,CTYPE=\"GE LX [10k]/FC100 SM 1310nm LC SFP\",SNMPINDEX=671221761,PEC=NTTP01CF,REL=01,CLEI=WMOTAH1JAA,SER=EXLGJPM5T5030170:IS,ACT"
   "PGEFC-1-2-2::PROVPEC=NTTP01AF,CTYPE=\"GE SX/FC100 Mx 850nm LC SFP\",SNMPINDEX=671221762,PEC=NTTP01AF,REL=01,CLEI=SOC3NNFCAA,SER=AGLTMY000018L7  :IS,ACT"
   "PGEFC-1-2-3::PROVPEC=NTTP01CF,CTYPE=\"GE LX [10k]/FC100 SM 1310nm LC SFP\",SNMPINDEX=671221763,PEC=NTTP01CF,REL=01,CLEI=WMOTAH1JAA,SER=EXLGJPM4E4260052:IS,IDLE"
   "PGEFC-1-2-4::PROVPEC=NTTP01CF,CTYPE=\"GE LX [10k]/FC100 SM 1310nm LC SFP\",SNMPINDEX=671221764,PEC=NTTP01CF,REL=01,CLEI=WMOTAH1JAA,SER=EXLGJPM4E4260213:IS,ACT"
>

   "Asd001A_OME09" 12-12-29 15:44:35
M  9 COMPLD
   "GE-1-3::PROVPEC=NTK535LA,CTYPE=\"GE EPL 4 Port SFP\",SNMPINDEX=671222784,PEC=NTK535LA,REL= 02 ,CLEI=WMOTAJ4JAB,SER=NNTM01M1D3HCQ,MDAT=2004-36,AGE=06-320-18-38,ONSC=06-216-03-30:IS,ACT"
   "PGEFC-1-3-1::PROVPEC=NTTP01CF,CTYPE=\"GE LX [10k]/FC100 SM 1310nm LC SFP\",SNMPINDEX=671222785,PEC=NTTP01CF,REL=01,CLEI=WMOTAH1JAA,SER=EXLGJPC4E4110115:IS,ACT"
   "PGEFC-1-3-2::PROVPEC=NTTP01CF,CTYPE=\"GE LX [10k]/FC100 SM 1310nm LC SFP\",SNMPINDEX=671222786,PEC=NTTP01CF,REL=01,CLEI=WMOTAH1JAA,SER=EXLGJPM6T5030278:IS,ACT"
   "PGEFC-1-3-3::PROVPEC=NTTP01CF,CTYPE=\"GE LX [10k]/FC100 SM 1310nm LC SFP\",SNMPINDEX=671222787,PEC=NTTP01CF,REL=01,CLEI=WMOTAH1JAA,SER=EXLGJPM5E4260176:IS,ACT"
   "PGEFC-1-3-4::PROVPEC=NTTP01CF,CTYPE=\"GE LX [10k]/FC100 SM 1310nm LC SFP\",SNMPINDEX=671222788,PEC=NTTP01CF,REL=01,CLEI=WMOTAH1JAA,SER=EXLGJPMYEY340153:IS,ACT"
   "10G-1-4::PROVPEC=NTK523BA,CTYPE=\"OC-192/STM-64 STS-1/HO 1 Port SR-1/I-64.1\",SNMPINDEX=671223808,PEC=NTK523BA,REL= 11 ,CLEI=WMOTAHVJAB,SER=NNTMH18101SEQ,MDAT=2008-46,AGE=01-309-03-43,ONSC=01-309-03-43:IS,ACT"
   "10G-1-6::PROVPEC=NTK526KE,CTYPE=\"OC-192/STM-64 STS-1/HO 1 Port G.709 DWDM 1530.33nm\",SNMPINDEX=671225856,PEC=NTK526KE,REL= 07 ,CLEI=WMOTBDSJAA,SER=NNTMH8P000JCO,MDAT=2005-47,AGE=01-309-03-43,ONSC=01-309-03-43:IS,ACT"
   "XC-1-7::PROVPEC=NTK557BA,CTYPE=\"X-Conn 160G+ STS-1/VC-3 Sync-ST3\",SNMPINDEX=671226880,PEC=NTK557BA,REL= 10 ,CLEI=WMIXCE0BAF,SER=NNTMH8T0024L0,MDAT=2007-04,AGE=02-192-01-15,ONSC=02-192-01-15:IS,WRKTRAF&WRKSYNC"
   "XC-1-8::PROVPEC=NTK557BA,CTYPE=\"X-Conn 160G+ STS-1/VC-3 Sync-ST3\",SNMPINDEX=671227904,PEC=NTK557BA,REL= 10 ,CLEI=WMIXCE0BAF,SER=NNTMH19100BGR,MDAT=2007-26,AGE=02-192-01-21,ONSC=02-192-01-21:IS,STBYH"
   "10G-1-9::PROVPEC=NTK526KE,CTYPE=\"OC-192/STM-64 STS-1/HO 1 Port G.709 DWDM 1530.33nm\",SNMPINDEX=671228928,PEC=NTK526KE,REL= 07 ,CLEI=WMOTBDSJAA,SER=NNTMH8O000JCN,MDAT=2005-46,AGE=01-309-03-46,ONSC=01-309-03-46:IS,ACT"
>

   "Asd001A_OME09" 12-12-29 15:44:35
M  9 COMPLD
   "2G5-1-10::PROVPEC=NTK519BA,CTYPE=\"OC-48/STM-16 STS-1/HO 2 Port DPO\",SNMPINDEX=671229952,PEC=NTK519BA,REL= 01 ,CLEI=WMOTAHZJAA,SER=NNTMH870000H0,MDAT=2005-19,AGE=01-309-03-47,ONSC=01-309-03-47:IS,ACT"
   "P2G5-1-10-1::PROVPEC=NTK580AJ,CTYPE=\"Trcvr,2.5Gb/s,175km,1531.90nm,DWDM\",SNMPINDEX=671229953,PEC=NTK580AJ,REL=,CLEI=WMOTAMJJAA,SER=NNTM72DP000972  :IS,ACT"
   "P2G5-1-10-2::PROVPEC=NTK580CJ,CTYPE=\"Trcvr,2.5Gb/s,175km,1550.92nm,DWDM\",SNMPINDEX=671229954,PEC=NTK580CJ,REL=,CLEI=WMOTAMWJAA,SER=NNTM72DP001037  :IS,ACT"
   "10G-1-11::PROVPEC=NTK526JA,CTYPE=\"OC-192/STM-64 STS-1/HO 1 Port G.709 DWDM C-Band AM1/AM2\",SNMPINDEX=671230976,PEC=NTK526JA,REL= 02 ,CLEI=WMOTCM0JAB,SER=NNTMH1R101ZG4,MDAT=2008-52,AGE=01-309-00-53,ONSC=00-251-21-25:IS,ACT"
   "10G-1-12::PROVPEC=NTK526JA,CTYPE=\"OC-192/STM-64 STS-1/HO 1 Port G.709 DWDM C-Band AM1/AM2\",SNMPINDEX=671232000,PEC=NTK526JA,REL= 01 ,CLEI=WMOTCM0JAA,SER=NNTMH82004FLC,MDAT=2008-12,AGE=01-309-00-58,ONSC=00-251-21-26:IS,ACT"
   "GE-1-13::PROVPEC=NTK535LA,CTYPE=\"GE EPL 4 Port SFP\",SNMPINDEX=671233024,PEC=NTK535LA,REL=06  ,CLEI=WMOTAJ4JAD,SER=NNTMH1Y10255J,MDAT=2009-13,AGE=03-187-09-40,ONSC=03-187-09-40:IS,IDLE"
   "PGEFC-1-13-1::PROVPEC=NTTP01CF,CTYPE=\"GE LX [10k]/FC100 SM 1310nm LC SFP\",SNMPINDEX=671233025,PEC=NTTP01CF,REL=01,CLEI=WMOTAH1JAA,SER=EXLGJPM5T5030050:IS,IDLE"
   "PGEFC-1-13-2::PROVPEC=NTTP01CF,CTYPE=\"GE LX [10k]/FC100 SM 1310nm LC SFP\",SNMPINDEX=671233026,PEC=NTTP01CF,REL=01,CLEI=WMOTAH1JAA,SER=EXLGJP9354010341:IS,IDLE"
   "PGEFC-1-13-3::PROVPEC=NTTP01CF,CTYPE=\"GE LX [10k]/FC100 SM 1310nm LC SFP\",SNMPINDEX=671233027:OOS-AUMA,UEQ"
   "PGEFC-1-13-4::PROVPEC=NTK591LB,CTYPE=\"Trcvr,1.25Gb/s,24dB,CWDM,1471nm\",SNMPINDEX=671233028:OOS-AUMA,UEQ"
>

   "Asd001A_OME09" 12-12-29 15:44:36
M  9 COMPLD
   "GE-1-14::PROVPEC=NTK535LA,CTYPE=\"GE EPL 4 Port SFP\",SNMPINDEX=671234048,PEC=NTK535LA,REL=06  ,CLEI=WMOTAJ4JAD,SER=NNTMH1W10255H,MDAT=2009-13,AGE=03-187-09-32,ONSC=03-187-09-32:IS,ACT"
   "PGEFC-1-14-1::PROVPEC=NTTP01CF,CTYPE=\"GE LX [10k]/FC100 SM 1310nm LC SFP\",SNMPINDEX=671234049,PEC=NTTP01CF,REL=01,CLEI=WMOTAH1JAA,SER=EXLGJP9354010343:IS,ACT"
   "PGEFC-1-14-2::PROVPEC=NTTP01CF,CTYPE=\"GE LX [10k]/FC100 SM 1310nm LC SFP\",SNMPINDEX=671234050,PEC=NTTP01CF,REL=01,CLEI=WMOTAH1JAA,SER=EXLGJP9354010342:IS,ACT"
   "PGEFC-1-14-3::PROVPEC=NTTP01CF,CTYPE=\"GE LX [10k]/FC100 SM 1310nm LC SFP\",SNMPINDEX=671234051,PEC=NTTP01CF,REL=01,CLEI=WMOTAH1JAA,SER=EXLGJP9354010346:OOS-MA,IDLE"
   "PGEFC-1-14-4::PROVPEC=NTTP01CF,CTYPE=\"GE LX [10k]/FC100 SM 1310nm LC SFP\",SNMPINDEX=671234052:OOS-AUMA,UEQ"
   "SP-1-15::PROVPEC=NTK555AA,CTYPE=\"Processor SP\",SNMPINDEX=671235072,PEC=NTK555AA,REL= 07 ,CLEI=WMUCAJFAAB,SER=NNTM01J1D41WU,MDAT=2005-36,AGE=06-324-03-53,ONSC=04-194-02-16,TCUR=29,TAVG=28:IS,"
;RTRV-OC3:"Asd001A_OME09":OC3-1-ALL:10;
IP 10
<

   "Asd001A_OME09" 12-12-29 15:44:36
M  10 COMPLD
;RTRV-OC12:"Asd001A_OME09":OC12-1-ALL:11;
IP 11
<

   "Asd001A_OME09" 12-12-29 15:44:36
M  11 COMPLD
;RTRV-OC48:"Asd001A_OME09":OC48-1-ALL:12;
IP 12
<

   "Asd001A_OME09" 12-12-29 15:44:36
M  12 COMPLD
   "OC48-1-10-1::TMGREF=N,DCC=Y,,SDTH=6,,,,,ALS=DISABLED,DUSOVERRIDE=DISABLED,EBERTH=3,PORTMODE=SDH,UNEQMODE=VC4,,,,CLFI=\"\":IS,"
   "OC48-1-10-2::TMGREF=N,DCC=Y,,SDTH=6,,,,,ALS=DISABLED,DUSOVERRIDE=DISABLED,EBERTH=3,PORTMODE=SDH,UNEQMODE=VC4,,,,CLFI=\"\":IS,"
;RTRV-OC192:"Asd001A_OME09":OC192-1-ALL:13;
IP 13
<

   "Asd001A_OME09" 12-12-29 15:44:37
M  13 COMPLD
   "OC192-1-4-1::TMGREF=N,DCC=Y,,SDTH=6,,,,,ALS=ENABLED,DUSOVERRIDE=DISABLED,EBERTH=3,PORTMODE=SDH,UNEQMODE=VC4,,,,CLFI=\"\":IS,"
   "OC192-1-6-1::TMGREF=N,DCC=Y,,SDTH=6,,,,,ALS=DISABLED,DUSOVERRIDE=DISABLED,EBERTH=3,PORTMODE=SDH,UNEQMODE=VC4,,,,CLFI=\"\":IS,"
   "OC192-1-9-1::TMGREF=N,DCC=Y,,SDTH=6,,,,,ALS=DISABLED,DUSOVERRIDE=DISABLED,EBERTH=3,PORTMODE=SDH,UNEQMODE=VC4,,,,CLFI=\"\":IS,"
   "OC192-1-11-1::TMGREF=N,DCC=Y,,SDTH=6,,,,,ALS=DISABLED,DUSOVERRIDE=DISABLED,EBERTH=3,PORTMODE=SDH,UNEQMODE=VC4,,,,CLFI=\"\":IS,"
   "OC192-1-12-1::TMGREF=N,DCC=Y,,SDTH=6,,,,,ALS=DISABLED,DUSOVERRIDE=DISABLED,EBERTH=3,PORTMODE=SDH,UNEQMODE=VC4,,,,CLFI=\"\":IS,"
;RTRV-ETH:"Asd001A_OME09":ETH-1-ALL:14;
IP 14
<

   "Asd001A_OME09" 12-12-29 15:44:41
M  14 COMPLD
   "ETH-1-1-1::AN=ENABLE,ANSTATUS=COMPLETED,ANETHDPX=FULL,ANSPEED=1000,ANPAUSETX=DISABLE,ANPAUSERX=DISABLE,ADVETHDPX=FULL,ADVSPEED=1000,ADVFLOWCTRL=BOTH,ETHDPX=FULL,SPEED=1000,FLOWCTRL=NONE,PAUSETX=DISABLE,PAUSERX=DISABLE,PAUSERXOVERRIDE=ENABLE,MTU=9600,TXCON=ENABLE,PASSCTRL=DISABLE,PAUSETXOVERRIDE=DISABLE,RXIDLE=0,CFPRF=CFPRF-1-4,PHYSADDR=001158FF7D17,CLFI=\"\":IS"
   "ETH-1-1-2::AN=DISABLE,ANSTATUS=DISABLED,ANETHDPX=UNKNOWN,ANSPEED=UNKNOWN,ANPAUSETX=UNKNOWN,ANPAUSERX=UNKNOWN,ADVETHDPX=UNKNOWN,ADVSPEED=UNKNOWN,ADVFLOWCTRL=UNKNOWN,ETHDPX=FULL,SPEED=1000,FLOWCTRL=NONE,PAUSETX=DISABLE,PAUSERX=DISABLE,PAUSERXOVERRIDE=ENABLE,MTU=9600,TXCON=ENABLE,PASSCTRL=DISABLE,PAUSETXOVERRIDE=DISABLE,RXIDLE=0,CFPRF=CFPRF-1-4,PHYSADDR=001158FF7D18,CLFI=\"\":IS"
   "ETH-1-1-3::AN=ENABLE,ANSTATUS=COMPLETED,ANETHDPX=FULL,ANSPEED=1000,ANPAUSETX=DISABLE,ANPAUSERX=DISABLE,ADVETHDPX=FULL,ADVSPEED=1000,ADVFLOWCTRL=NONE,ETHDPX=FULL,SPEED=1000,FLOWCTRL=NONE,PAUSETX=DISABLE,PAUSERX=DISABLE,PAUSERXOVERRIDE=ENABLE,MTU=9600,TXCON=ENABLE,PASSCTRL=DISABLE,PAUSETXOVERRIDE=DISABLE,RXIDLE=0,CFPRF=CFPRF-1-4,PHYSADDR=001158FF7D19,CLFI=\"\":IS"
   "ETH-1-1-4::AN=ENABLE,ANSTATUS=INPROGRESS,ANETHDPX=UNKNOWN,ANSPEED=UNKNOWN,ANPAUSETX=UNKNOWN,ANPAUSERX=UNKNOWN,ADVETHDPX=UNKNOWN,ADVSPEED=UNKNOWN,ADVFLOWCTRL=UNKNOWN,ETHDPX=FULL,SPEED=1000,FLOWCTRL=NONE,PAUSETX=DISABLE,PAUSERX=DISABLE,PAUSERXOVERRIDE=ENABLE,MTU=9600,TXCON=ENABLE,PASSCTRL=DISABLE,PAUSETXOVERRIDE=DISABLE,RXIDLE=0,CFPRF=CFPRF-1-4,PHYSADDR=001158FF7D1A,CLFI=\"\":OOS-MA,DISCD"
>

   "Asd001A_OME09" 12-12-29 15:44:41
M  14 COMPLD
   "ETH-1-2-1::AN=ENABLE,ANSTATUS=COMPLETED,ANETHDPX=FULL,ANSPEED=1000,ANPAUSETX=DISABLE,ANPAUSERX=DISABLE,ADVETHDPX=FULL,ADVSPEED=1000,ADVFLOWCTRL=BOTH,ETHDPX=FULL,SPEED=1000,FLOWCTRL=NONE,PAUSETX=DISABLE,PAUSERX=DISABLE,PAUSERXOVERRIDE=ENABLE,MTU=9600,TXCON=ENABLE,PASSCTRL=DISABLE,PAUSETXOVERRIDE=DISABLE,RXIDLE=0,CFPRF=CFPRF-1-4,PHYSADDR=001158FF5330,CLFI=\"\":IS"
   "ETH-1-2-2::AN=ENABLE,ANSTATUS=COMPLETED,ANETHDPX=FULL,ANSPEED=1000,ANPAUSETX=DISABLE,ANPAUSERX=DISABLE,ADVETHDPX=FULL,ADVSPEED=1000,ADVFLOWCTRL=SYM,ETHDPX=FULL,SPEED=1000,FLOWCTRL=ASYM,PAUSETX=ENABLE,PAUSERX=DISABLE,PAUSERXOVERRIDE=ENABLE,MTU=9600,TXCON=ENABLE,PASSCTRL=DISABLE,PAUSETXOVERRIDE=DISABLE,RXIDLE=0,CFPRF=CFPRF-1-4,PHYSADDR=001158FF5331,CLFI=\"\":IS"
   "ETH-1-2-3::AN=ENABLE,ANSTATUS=INPROGRESS,ANETHDPX=UNKNOWN,ANSPEED=UNKNOWN,ANPAUSETX=UNKNOWN,ANPAUSERX=UNKNOWN,ADVETHDPX=UNKNOWN,ADVSPEED=UNKNOWN,ADVFLOWCTRL=UNKNOWN,ETHDPX=FULL,SPEED=1000,FLOWCTRL=NONE,PAUSETX=DISABLE,PAUSERX=DISABLE,PAUSERXOVERRIDE=ENABLE,MTU=9600,TXCON=ENABLE,PASSCTRL=DISABLE,PAUSETXOVERRIDE=DISABLE,RXIDLE=0,CFPRF=CFPRF-1-4,PHYSADDR=001158FF5332,CLFI=\"\":OOS-MA,DISCD"
   "ETH-1-2-4::AN=ENABLE,ANSTATUS=COMPLETED,ANETHDPX=FULL,ANSPEED=1000,ANPAUSETX=DISABLE,ANPAUSERX=DISABLE,ADVETHDPX=FULL,ADVSPEED=1000,ADVFLOWCTRL=BOTH,ETHDPX=FULL,SPEED=1000,FLOWCTRL=NONE,PAUSETX=DISABLE,PAUSERX=DISABLE,PAUSERXOVERRIDE=ENABLE,MTU=9600,TXCON=ENABLE,PASSCTRL=DISABLE,PAUSETXOVERRIDE=DISABLE,RXIDLE=0,CFPRF=CFPRF-1-4,PHYSADDR=001158FF5333,CLFI=\"\":IS"
>

   "Asd001A_OME09" 12-12-29 15:44:41
M  14 COMPLD
   "ETH-1-3-1::AN=ENABLE,ANSTATUS=INPROGRESS,ANETHDPX=UNKNOWN,ANSPEED=UNKNOWN,ANPAUSETX=UNKNOWN,ANPAUSERX=UNKNOWN,ADVETHDPX=UNKNOWN,ADVSPEED=UNKNOWN,ADVFLOWCTRL=UNKNOWN,ETHDPX=FULL,SPEED=1000,FLOWCTRL=NONE,PAUSETX=DISABLE,PAUSERX=DISABLE,PAUSERXOVERRIDE=ENABLE,MTU=9600,TXCON=ENABLE,PASSCTRL=DISABLE,PAUSETXOVERRIDE=DISABLE,RXIDLE=0,CFPRF=CFPRF-1-4,PHYSADDR=0020D8DF3979,CLFI=\"\":OOS-AU,FLT"
   "ETH-1-3-2::AN=DISABLE,ANSTATUS=DISABLED,ANETHDPX=UNKNOWN,ANSPEED=UNKNOWN,ANPAUSETX=UNKNOWN,ANPAUSERX=UNKNOWN,ADVETHDPX=UNKNOWN,ADVSPEED=UNKNOWN,ADVFLOWCTRL=UNKNOWN,ETHDPX=FULL,SPEED=1000,FLOWCTRL=NONE,PAUSETX=DISABLE,PAUSERX=DISABLE,PAUSERXOVERRIDE=ENABLE,MTU=9600,TXCON=ENABLE,PASSCTRL=DISABLE,PAUSETXOVERRIDE=DISABLE,RXIDLE=0,CFPRF=CFPRF-1-4,PHYSADDR=0020D8DF397A,CLFI=\"\":OOS-MA,LPBK"
   "ETH-1-3-3::AN=ENABLE,ANSTATUS=COMPLETED,ANETHDPX=FULL,ANSPEED=1000,ANPAUSETX=DISABLE,ANPAUSERX=DISABLE,ADVETHDPX=FULL,ADVSPEED=1000,ADVFLOWCTRL=NONE,ETHDPX=FULL,SPEED=1000,FLOWCTRL=NONE,PAUSETX=DISABLE,PAUSERX=DISABLE,PAUSERXOVERRIDE=ENABLE,MTU=9600,TXCON=ENABLE,PASSCTRL=DISABLE,PAUSETXOVERRIDE=DISABLE,RXIDLE=0,CFPRF=CFPRF-1-4,PHYSADDR=0020D8DF397B,CLFI=\"\":IS"
   "ETH-1-3-4::AN=ENABLE,ANSTATUS=COMPLETED,ANETHDPX=FULL,ANSPEED=1000,ANPAUSETX=DISABLE,ANPAUSERX=DISABLE,ADVETHDPX=FULL,ADVSPEED=1000,ADVFLOWCTRL=BOTH,ETHDPX=FULL,SPEED=1000,FLOWCTRL=NONE,PAUSETX=DISABLE,PAUSERX=DISABLE,PAUSERXOVERRIDE=ENABLE,MTU=9600,TXCON=ENABLE,PASSCTRL=DISABLE,PAUSETXOVERRIDE=DISABLE,RXIDLE=0,CFPRF=CFPRF-1-4,PHYSADDR=0020D8DF397C,CLFI=\"\":IS"
>

   "Asd001A_OME09" 12-12-29 15:44:41
M  14 COMPLD
   "ETH-1-13-1::AN=ENABLE,ANSTATUS=INPROGRESS,ANETHDPX=UNKNOWN,ANSPEED=UNKNOWN,ANPAUSETX=UNKNOWN,ANPAUSERX=UNKNOWN,ADVETHDPX=UNKNOWN,ADVSPEED=UNKNOWN,ADVFLOWCTRL=UNKNOWN,ETHDPX=FULL,SPEED=1000,FLOWCTRL=NONE,PAUSETX=DISABLE,PAUSERX=DISABLE,PAUSERXOVERRIDE=ENABLE,MTU=9600,TXCON=ENABLE,PASSCTRL=DISABLE,PAUSETXOVERRIDE=DISABLE,RXIDLE=0,CFPRF=CFPRF-1-4,PHYSADDR=0016CA40B4F4,CLFI=\"\":OOS-MA,DISCD"
   "ETH-1-13-2::AN=DISABLE,ANSTATUS=DISABLED,ANETHDPX=UNKNOWN,ANSPEED=UNKNOWN,ANPAUSETX=UNKNOWN,ANPAUSERX=UNKNOWN,ADVETHDPX=UNKNOWN,ADVSPEED=UNKNOWN,ADVFLOWCTRL=UNKNOWN,ETHDPX=FULL,SPEED=1000,FLOWCTRL=NONE,PAUSETX=DISABLE,PAUSERX=DISABLE,PAUSERXOVERRIDE=ENABLE,MTU=9600,TXCON=ENABLE,PASSCTRL=DISABLE,PAUSETXOVERRIDE=DISABLE,RXIDLE=0,CFPRF=CFPRF-1-4,PHYSADDR=0016CA40B4F5,CLFI=\"\":OOS-MA,DISCD"
   "ETH-1-14-1::AN=ENABLE,ANSTATUS=COMPLETED,ANETHDPX=FULL,ANSPEED=1000,ANPAUSETX=DISABLE,ANPAUSERX=DISABLE,ADVETHDPX=FULL,ADVSPEED=1000,ADVFLOWCTRL=BOTH,ETHDPX=FULL,SPEED=1000,FLOWCTRL=NONE,PAUSETX=DISABLE,PAUSERX=DISABLE,PAUSERXOVERRIDE=ENABLE,MTU=9600,TXCON=ENABLE,PASSCTRL=DISABLE,PAUSETXOVERRIDE=DISABLE,RXIDLE=0,CFPRF=CFPRF-1-4,PHYSADDR=0016CA40B528,CLFI=\"\":IS"
   "ETH-1-14-2::AN=DISABLE,ANSTATUS=DISABLED,ANETHDPX=UNKNOWN,ANSPEED=UNKNOWN,ANPAUSETX=UNKNOWN,ANPAUSERX=UNKNOWN,ADVETHDPX=UNKNOWN,ADVSPEED=UNKNOWN,ADVFLOWCTRL=UNKNOWN,ETHDPX=FULL,SPEED=1000,FLOWCTRL=NONE,PAUSETX=DISABLE,PAUSERX=DISABLE,PAUSERXOVERRIDE=ENABLE,MTU=9600,TXCON=ENABLE,PASSCTRL=DISABLE,PAUSETXOVERRIDE=DISABLE,RXIDLE=0,CFPRF=CFPRF-1-4,PHYSADDR=0016CA40B529,CLFI=\"\":IS"
>

   "Asd001A_OME09" 12-12-29 15:44:41
M  14 COMPLD
;RTRV-ETH10G:"Asd001A_OME09":ETH10G-1-ALL:15;
IP 15
<

   "Asd001A_OME09" 12-12-29 15:44:41
M  15 COMPLD
;RTRV-ETH100:"Asd001A_OME09":ETH100-1-ALL:16;
IP 16
<

   "Asd001A_OME09" 12-12-29 15:44:42
M  16 COMPLD
;RTRV-WAN:"Asd001A_OME09":WAN-1-ALL:17;
IP 17
<

   "Asd001A_OME09" 12-12-29 15:44:45
M  17 COMPLD
   "WAN-1-1-1::MAPPING=GFP-F,RATE=STS3C,VCAT=ENABLE,LCAS=DISABLE,PROVUNITS=7,ACTUALUNITS=7,MAGICNUM=DISABLE,LCM=DISABLE,NCP=NONE,MODE=SDH,FCS=32,SCRAMBLE=ENABLE,LANFCS=ENABLE,RTDELAY=408,CONDTYPE=GFPCMF,GFPRFI=ENABLE,AVLBLRATE=STS3C,PROVRXUNITS=7,GFPRTDELAY=ENABLE,MAXVCDEL=14000,CURRVCDEL=0,ACTUALRXUNITS=7:IS"
   "WAN-1-1-2::MAPPING=GFP-F,RATE=STS3C,VCAT=ENABLE,LCAS=DISABLE,PROVUNITS=7,ACTUALUNITS=7,MAGICNUM=DISABLE,LCM=DISABLE,NCP=NONE,MODE=SDH,FCS=32,SCRAMBLE=ENABLE,LANFCS=ENABLE,RTDELAY=292,CONDTYPE=GFPCMF,GFPRFI=ENABLE,AVLBLRATE=STS3C,PROVRXUNITS=7,GFPRTDELAY=ENABLE,MAXVCDEL=14000,CURRVCDEL=0,ACTUALRXUNITS=7:IS"
   "WAN-1-1-3::MAPPING=GFP-F,RATE=STS3C,VCAT=ENABLE,LCAS=DISABLE,PROVUNITS=1,ACTUALUNITS=1,MAGICNUM=DISABLE,LCM=DISABLE,NCP=NONE,MODE=SDH,FCS=32,SCRAMBLE=ENABLE,LANFCS=ENABLE,RTDELAY=235,CONDTYPE=GFPCMF,GFPRFI=ENABLE,AVLBLRATE=STS3C,PROVRXUNITS=1,GFPRTDELAY=ENABLE,MAXVCDEL=14000,CURRVCDEL=0,ACTUALRXUNITS=1:IS"
   "WAN-1-1-4::MAPPING=GFP-F,RATE=NONE,VCAT=ENABLE,LCAS=DISABLE,PROVUNITS=0,ACTUALUNITS=0,MAGICNUM=DISABLE,LCM=DISABLE,NCP=NONE,MODE=SDH,FCS=32,SCRAMBLE=ENABLE,LANFCS=ENABLE,RTDELAY=UNKNOWN,CONDTYPE=GFPCMF,GFPRFI=ENABLE,AVLBLRATE=STS3C,PROVRXUNITS=0,GFPRTDELAY=ENABLE,MAXVCDEL=14000,CURRVCDEL=0,ACTUALRXUNITS=0:OOS-MA,DISCD"
   "WAN-1-2-1::MAPPING=GFP-F,RATE=STS3C,VCAT=ENABLE,LCAS=DISABLE,PROVUNITS=7,ACTUALUNITS=7,MAGICNUM=DISABLE,LCM=DISABLE,NCP=NONE,MODE=SDH,FCS=32,SCRAMBLE=ENABLE,LANFCS=ENABLE,RTDELAY=281,CONDTYPE=GFPCMF,GFPRFI=ENABLE,AVLBLRATE=STS3C,PROVRXUNITS=7,GFPRTDELAY=ENABLE,MAXVCDEL=14000,CURRVCDEL=0,ACTUALRXUNITS=7:IS"
>

   "Asd001A_OME09" 12-12-29 15:44:45
M  17 COMPLD
   "WAN-1-2-2::MAPPING=GFP-F,RATE=STS3C,VCAT=ENABLE,LCAS=DISABLE,PROVUNITS=7,ACTUALUNITS=7,MAGICNUM=DISABLE,LCM=DISABLE,NCP=NONE,MODE=SDH,FCS=32,SCRAMBLE=ENABLE,LANFCS=ENABLE,RTDELAY=270,CONDTYPE=GFPCMF,GFPRFI=ENABLE,AVLBLRATE=STS3C,PROVRXUNITS=7,GFPRTDELAY=ENABLE,MAXVCDEL=14000,CURRVCDEL=0,ACTUALRXUNITS=7:IS"
   "WAN-1-2-3::MAPPING=GFP-F,RATE=NONE,VCAT=ENABLE,LCAS=DISABLE,PROVUNITS=0,ACTUALUNITS=0,MAGICNUM=DISABLE,LCM=DISABLE,NCP=NONE,MODE=SDH,FCS=32,SCRAMBLE=ENABLE,LANFCS=ENABLE,RTDELAY=UNKNOWN,CONDTYPE=GFPCMF,GFPRFI=ENABLE,AVLBLRATE=STS3C,PROVRXUNITS=0,GFPRTDELAY=ENABLE,MAXVCDEL=14000,CURRVCDEL=0,ACTUALRXUNITS=0:OOS-MA,DISCD"
   "WAN-1-2-4::MAPPING=GFP-F,RATE=STS3C,VCAT=ENABLE,LCAS=DISABLE,PROVUNITS=7,ACTUALUNITS=7,MAGICNUM=DISABLE,LCM=DISABLE,NCP=NONE,MODE=SDH,FCS=32,SCRAMBLE=ENABLE,LANFCS=ENABLE,RTDELAY=287,CONDTYPE=GFPCMF,GFPRFI=ENABLE,AVLBLRATE=STS3C,PROVRXUNITS=7,GFPRTDELAY=ENABLE,MAXVCDEL=14000,CURRVCDEL=0,ACTUALRXUNITS=7:IS"
   "WAN-1-3-1::MAPPING=GFP-F,RATE=STS3C,VCAT=ENABLE,LCAS=DISABLE,PROVUNITS=7,ACTUALUNITS=7,MAGICNUM=DISABLE,LCM=DISABLE,NCP=NONE,MODE=SDH,FCS=32,SCRAMBLE=ENABLE,LANFCS=ENABLE,RTDELAY=657,CONDTYPE=GFPCMF,GFPRFI=ENABLE,AVLBLRATE=STS3C,PROVRXUNITS=7,GFPRTDELAY=ENABLE,MAXVCDEL=14000,CURRVCDEL=0,ACTUALRXUNITS=7:IS"
   "WAN-1-3-2::MAPPING=GFP-F,RATE=STS3C,VCAT=ENABLE,LCAS=DISABLE,PROVUNITS=7,ACTUALUNITS=7,MAGICNUM=DISABLE,LCM=DISABLE,NCP=NONE,MODE=SDH,FCS=32,SCRAMBLE=ENABLE,LANFCS=ENABLE,RTDELAY=UNKNOWN,CONDTYPE=GFPCMF,GFPRFI=ENABLE,AVLBLRATE=STS3C,PROVRXUNITS=7,GFPRTDELAY=ENABLE,MAXVCDEL=14000,CURRVCDEL=0,ACTUALRXUNITS=7:OOS-MA"
>

   "Asd001A_OME09" 12-12-29 15:44:45
M  17 COMPLD
   "WAN-1-3-3::MAPPING=GFP-F,RATE=STS3C,VCAT=ENABLE,LCAS=DISABLE,PROVUNITS=1,ACTUALUNITS=1,MAGICNUM=DISABLE,LCM=DISABLE,NCP=NONE,MODE=SDH,FCS=32,SCRAMBLE=ENABLE,LANFCS=ENABLE,RTDELAY=149,CONDTYPE=GFPCMF,GFPRFI=ENABLE,AVLBLRATE=STS3C,PROVRXUNITS=1,GFPRTDELAY=ENABLE,MAXVCDEL=14000,CURRVCDEL=0,ACTUALRXUNITS=1:IS"
   "WAN-1-3-4::MAPPING=GFP-F,RATE=STS3C,VCAT=ENABLE,LCAS=DISABLE,PROVUNITS=7,ACTUALUNITS=7,MAGICNUM=DISABLE,LCM=DISABLE,NCP=NONE,MODE=SDH,FCS=32,SCRAMBLE=ENABLE,LANFCS=ENABLE,RTDELAY=182,CONDTYPE=GFPCMF,GFPRFI=ENABLE,AVLBLRATE=STS3C,PROVRXUNITS=7,GFPRTDELAY=ENABLE,MAXVCDEL=14000,CURRVCDEL=0,ACTUALRXUNITS=7:IS"
   "WAN-1-13-1::MAPPING=GFP-F,RATE=NONE,VCAT=ENABLE,LCAS=DISABLE,PROVUNITS=0,ACTUALUNITS=0,MAGICNUM=DISABLE,LCM=DISABLE,NCP=NONE,MODE=SDH,FCS=32,SCRAMBLE=ENABLE,LANFCS=ENABLE,RTDELAY=UNKNOWN,CONDTYPE=GFPCMF,GFPRFI=ENABLE,AVLBLRATE=STS1HO/STS1LO/STS3C,PROVRXUNITS=0,GFPRTDELAY=ENABLE,MAXVCDEL=14000,CURRVCDEL=0,ACTUALRXUNITS=0:OOS-MA,DISCD"
   "WAN-1-13-2::MAPPING=GFP-F,RATE=NONE,VCAT=ENABLE,LCAS=DISABLE,PROVUNITS=0,ACTUALUNITS=0,MAGICNUM=DISABLE,LCM=DISABLE,NCP=NONE,MODE=SDH,FCS=32,SCRAMBLE=ENABLE,LANFCS=ENABLE,RTDELAY=UNKNOWN,CONDTYPE=GFPCMF,GFPRFI=ENABLE,AVLBLRATE=STS1HO/STS1LO/STS3C,PROVRXUNITS=0,GFPRTDELAY=ENABLE,MAXVCDEL=14000,CURRVCDEL=0,ACTUALRXUNITS=0:OOS-MA,DISCD"
   "WAN-1-14-1::MAPPING=GFP-F,RATE=STS3C,VCAT=ENABLE,LCAS=DISABLE,PROVUNITS=7,ACTUALUNITS=7,MAGICNUM=DISABLE,LCM=DISABLE,NCP=NONE,MODE=SDH,FCS=32,SCRAMBLE=ENABLE,LANFCS=ENABLE,RTDELAY=388,CONDTYPE=GFPCMF,GFPRFI=ENABLE,AVLBLRATE=STS3C,PROVRXUNITS=7,GFPRTDELAY=ENABLE,MAXVCDEL=14000,CURRVCDEL=0,ACTUALRXUNITS=7:IS"
>

   "Asd001A_OME09" 12-12-29 15:44:45
M  17 COMPLD
   "WAN-1-14-2::MAPPING=GFP-F,RATE=STS3C,VCAT=ENABLE,LCAS=DISABLE,PROVUNITS=7,ACTUALUNITS=7,MAGICNUM=DISABLE,LCM=DISABLE,NCP=NONE,MODE=SDH,FCS=32,SCRAMBLE=ENABLE,LANFCS=ENABLE,RTDELAY=752,CONDTYPE=GFPCMF,GFPRFI=ENABLE,AVLBLRATE=STS3C,PROVRXUNITS=7,GFPRTDELAY=ENABLE,MAXVCDEL=14000,CURRVCDEL=0,ACTUALRXUNITS=7:IS"
;RTRV-VCS:"Asd001A_OME09":VCS-1-ALL:18;
IP 18
<

   "Asd001A_OME09" 12-12-29 15:44:46
M  18 COMPLD
;RTRV-VCE:"Asd001A_OME09":VCE-1-ALL:19;
IP 19
<

   "Asd001A_OME09" 12-12-29 15:44:47
M  19 COMPLD
;RTRV-VCEMAP:"Asd001A_OME09":VCEMAP-1-ALL:20;
IP 20
<

   "Asd001A_OME09" 12-12-29 15:44:47
M  20 COMPLD
;RTRV-CRS-ALL:"Asd001A_OME09"::21:::CKTID=ALL;
IP 21
<

   "Asd001A_OME09" 12-12-29 15:44:50
M  21 COMPLD
   "STS3C-1-4-1-43,STS3C-1-1-3-1:2WAY:PRIMARYXC=SHELF,PRIME=OSS,CKTID=\"2004LE4_Asd01-Asd09_OU-O15(NR_Asd01-Asd08)\":STS3C:"
   "STS3C-1-6-1-43,STS3C-1-1-2-1:2WAY:PRIMARYXC=SHELF,PRIME=OSS,CKTID=\"0031IE3_Asd12-Asd01_NKI(NP_NKI@Asd10)\":STS3C:"
   "STS3C-1-6-1-46,STS3C-1-1-2-4:2WAY:PRIMARYXC=SHELF,PRIME=OSS,CKTID=\"0031IE3_Asd12-Asd01_NKI(NP_NKI@Asd10)\":STS3C:"
   "STS3C-1-6-1-49,STS3C-1-1-2-7:2WAY:PRIMARYXC=SHELF,PRIME=OSS,CKTID=\"0031IE3_Asd12-Asd01_NKI(NP_NKI@Asd10)\":STS3C:"
   "STS3C-1-6-1-52,STS3C-1-1-2-10:2WAY:PRIMARYXC=SHELF,PRIME=OSS,CKTID=\"0031IE3_Asd12-Asd01_NKI(NP_NKI@Asd10)\":STS3C:"
   "STS3C-1-6-1-55,STS3C-1-1-2-13:2WAY:PRIMARYXC=SHELF,PRIME=OSS,CKTID=\"0031IE3_Asd12-Asd01_NKI(NP_NKI@Asd10)\":STS3C:"
   "STS3C-1-6-1-58,STS3C-1-1-2-16:2WAY:PRIMARYXC=SHELF,PRIME=OSS,CKTID=\"0031IE3_Asd12-Asd01_NKI(NP_NKI@Asd10)\":STS3C:"
   "STS3C-1-6-1-61,STS3C-1-1-2-19:2WAY:PRIMARYXC=SHELF,PRIME=OSS,CKTID=\"0031IE3_Asd12-Asd01_NKI(NP_NKI@Asd10)\":STS3C:"
   "STS3C-1-12-1-64,STS3C-1-1-1-1:2WAYPR:SWMATE=STS3C-1-11-1-64,PRIMARYXC=SHELF,PRIME=OSS,CKTID=\"0021IP_Asd42-Asd01_Horizon\":STS3C:"
   "STS3C-1-12-1-67,STS3C-1-1-1-4:2WAYPR:SWMATE=STS3C-1-11-1-67,PRIMARYXC=SHELF,PRIME=OSS,CKTID=\"0021IP_Asd42-Asd01_Horizon\":STS3C:"
   "STS3C-1-12-1-70,STS3C-1-1-1-7:2WAYPR:SWMATE=STS3C-1-11-1-70,PRIMARYXC=SHELF,PRIME=OSS,CKTID=\"0021IP_Asd42-Asd01_Horizon\":STS3C:"
   "STS3C-1-12-1-73,STS3C-1-1-1-10:2WAYPR:SWMATE=STS3C-1-11-1-73,PRIMARYXC=SHELF,PRIME=OSS,CKTID=\"0021IP_Asd42-Asd01_Horizon\":STS3C:"
   "STS3C-1-12-1-76,STS3C-1-1-1-13:2WAYPR:SWMATE=STS3C-1-11-1-76,PRIMARYXC=SHELF,PRIME=OSS,CKTID=\"0021IP_Asd42-Asd01_Horizon\":STS3C:"
   "STS3C-1-12-1-79,STS3C-1-1-1-16:2WAYPR:SWMATE=STS3C-1-11-1-79,PRIMARYXC=SHELF,PRIME=OSS,CKTID=\"0021IP_Asd42-Asd01_Horizon\":STS3C:"
   "STS3C-1-12-1-82,STS3C-1-1-1-19:2WAYPR:SWMATE=STS3C-1-11-1-82,PRIMARYXC=SHELF,PRIME=OSS,CKTID=\"0021IP_Asd42-Asd01_Horizon\":STS3C:"
   "STS3C-1-6-1-1,STS3C-1-2-4-1:2WAYPR:SWMATE=STS3C-1-9-1-1,PRIMARYXC=SHELF,PRIME=OSS,CKTID=\"0007IP_Asd12-Asd01_Terena\":STS3C:"
   "STS3C-1-6-1-4,STS3C-1-2-4-4:2WAYPR:SWMATE=STS3C-1-9-1-4,PRIMARYXC=SHELF,PRIME=OSS,CKTID=\"0007IP_Asd12-Asd01_Terena\":STS3C:"
   "STS3C-1-6-1-7,STS3C-1-2-4-7:2WAYPR:SWMATE=STS3C-1-9-1-7,PRIMARYXC=SHELF,PRIME=OSS,CKTID=\"0007IP_Asd12-Asd01_Terena\":STS3C:"
>

   "Asd001A_OME09" 12-12-29 15:44:50
M  21 COMPLD
   "STS3C-1-6-1-10,STS3C-1-2-4-10:2WAYPR:SWMATE=STS3C-1-9-1-10,PRIMARYXC=SHELF,PRIME=OSS,CKTID=\"0007IP_Asd12-Asd01_Terena\":STS3C:"
   "STS3C-1-6-1-13,STS3C-1-2-4-13:2WAYPR:SWMATE=STS3C-1-9-1-13,PRIMARYXC=SHELF,PRIME=OSS,CKTID=\"0007IP_Asd12-Asd01_Terena\":STS3C:"
   "STS3C-1-6-1-16,STS3C-1-2-4-16:2WAYPR:SWMATE=STS3C-1-9-1-16,PRIMARYXC=SHELF,PRIME=OSS,CKTID=\"0007IP_Asd12-Asd01_Terena\":STS3C:"
   "STS3C-1-6-1-19,STS3C-1-2-4-19:2WAYPR:SWMATE=STS3C-1-9-1-19,PRIMARYXC=SHELF,PRIME=OSS,CKTID=\"0007IP_Asd12-Asd01_Terena\":STS3C:"
   "STS3C-1-4-1-46,STS3C-1-2-2-1:2WAYPR:SWMATE=STS3C-1-10-2-25,PRIMARYXC=SHELF,PRIME=OSS,CKTID=\"2000LP_Asd06-Asd01_AMC-SARA\":STS3C:"
   "STS3C-1-4-1-49,STS3C-1-2-2-4:2WAYPR:SWMATE=STS3C-1-10-2-28,PRIMARYXC=SHELF,PRIME=OSS,CKTID=\"2000LP_Asd06-Asd01_AMC-SARA\":STS3C:"
   "STS3C-1-4-1-52,STS3C-1-2-2-7:2WAYPR:SWMATE=STS3C-1-10-2-31,PRIMARYXC=SHELF,PRIME=OSS,CKTID=\"2000LP_Asd06-Asd01_AMC-SARA\":STS3C:"
   "STS3C-1-4-1-55,STS3C-1-2-2-10:2WAYPR:SWMATE=STS3C-1-10-2-34,PRIMARYXC=SHELF,PRIME=OSS,CKTID=\"2000LP_Asd06-Asd01_AMC-SARA\":STS3C:"
   "STS3C-1-4-1-58,STS3C-1-2-2-13:2WAYPR:SWMATE=STS3C-1-10-2-37,PRIMARYXC=SHELF,PRIME=OSS,CKTID=\"2000LP_Asd06-Asd01_AMC-SARA\":STS3C:"
   "STS3C-1-4-1-61,STS3C-1-2-2-16:2WAYPR:SWMATE=STS3C-1-10-2-40,PRIMARYXC=SHELF,PRIME=OSS,CKTID=\"2000LP_Asd06-Asd01_AMC-SARA\":STS3C:"
   "STS3C-1-4-1-130,STS3C-1-2-2-19:2WAYPR:SWMATE=STS3C-1-10-2-43,PRIMARYXC=SHELF,PRIME=OSS,CKTID=\"2000LP_Asd06-Asd01_AMC-SARA\":STS3C:"
   "STS3C-1-4-1-64,STS3C-1-2-1-1:2WAYPR:SWMATE=STS3C-1-10-1-22,PRIMARYXC=SHELF,PRIME=OSS,CKTID=\"0004IP_Asd06-Asd01_AMC\":STS3C:"
   "STS3C-1-4-1-67,STS3C-1-2-1-4:2WAYPR:SWMATE=STS3C-1-10-1-25,PRIMARYXC=SHELF,PRIME=OSS,CKTID=\"0004IP_Asd06-Asd01_AMC\":STS3C:"
   "STS3C-1-4-1-70,STS3C-1-2-1-7:2WAYPR:SWMATE=STS3C-1-10-1-28,PRIMARYXC=SHELF,PRIME=OSS,CKTID=\"0004IP_Asd06-Asd01_AMC\":STS3C:"
   "STS3C-1-4-1-73,STS3C-1-2-1-10:2WAYPR:SWMATE=STS3C-1-10-1-31,PRIMARYXC=SHELF,PRIME=OSS,CKTID=\"0004IP_Asd06-Asd01_AMC\":STS3C:"
   "STS3C-1-4-1-76,STS3C-1-2-1-13:2WAYPR:SWMATE=STS3C-1-10-1-34,PRIMARYXC=SHELF,PRIME=OSS,CKTID=\"0004IP_Asd06-Asd01_AMC\":STS3C:"
   "STS3C-1-4-1-79,STS3C-1-2-1-16:2WAYPR:SWMATE=STS3C-1-10-1-37,PRIMARYXC=SHELF,PRIME=OSS,CKTID=\"0004IP_Asd06-Asd01_AMC\":STS3C:"
   "STS3C-1-4-1-82,STS3C-1-2-1-19:2WAYPR:SWMATE=STS3C-1-10-1-40,PRIMARYXC=SHELF,PRIME=OSS,CKTID=\"0004IP_Asd06-Asd01_AMC\":STS3C:"
>

   "Asd001A_OME09" 12-12-29 15:44:50
M  21 COMPLD
   "STS3C-1-10-1-1,STS3C-1-3-4-1:2WAY:PRIMARYXC=SHELF,PRIME=OSS,CKTID=\"0004IP2_Asd06A-Asd01A_AMC\":STS3C:"
   "STS3C-1-10-1-4,STS3C-1-3-4-4:2WAY:PRIMARYXC=SHELF,PRIME=OSS,CKTID=\"0004IP2_Asd06A-Asd01A_AMC\":STS3C:"
   "STS3C-1-10-1-7,STS3C-1-3-4-7:2WAY:PRIMARYXC=SHELF,PRIME=OSS,CKTID=\"0004IP2_Asd06A-Asd01A_AMC\":STS3C:"
   "STS3C-1-10-1-10,STS3C-1-3-4-10:2WAY:PRIMARYXC=SHELF,PRIME=OSS,CKTID=\"0004IP2_Asd06A-Asd01A_AMC\":STS3C:"
   "STS3C-1-10-1-13,STS3C-1-3-4-13:2WAY:PRIMARYXC=SHELF,PRIME=OSS,CKTID=\"0004IP2_Asd06A-Asd01A_AMC\":STS3C:"
   "STS3C-1-10-1-16,STS3C-1-3-4-16:2WAY:PRIMARYXC=SHELF,PRIME=OSS,CKTID=\"0004IP2_Asd06A-Asd01A_AMC\":STS3C:"
   "STS3C-1-10-1-19,STS3C-1-3-4-19:2WAY:PRIMARYXC=SHELF,PRIME=OSS,CKTID=\"0004IP2_Asd06A-Asd01A_AMC\":STS3C:"
   "STS3C-1-10-2-22,STS3C-1-3-3-1:2WAY:PRIMARYXC=SHELF,PRIME=OSS,CKTID=\"2004LE3_Asd01-Asd06_OU-O15(NR_Asd02-Asd08)\":STS3C:"
   "STS3C-1-9-1-43,STS3C-1-3-2-1:2WAY:PRIMARYXC=SHELF,PRIME=OSS,CKTID=\"0031IE4_Asd11-Asd01_NKI(NP_NKI@Asd10)\":STS3C:"
   "STS3C-1-9-1-46,STS3C-1-3-2-4:2WAY:PRIMARYXC=SHELF,PRIME=OSS,CKTID=\"0031IE4_Asd11-Asd01_NKI(NP_NKI@Asd10)\":STS3C:"
   "STS3C-1-9-1-49,STS3C-1-3-2-7:2WAY:PRIMARYXC=SHELF,PRIME=OSS,CKTID=\"0031IE4_Asd11-Asd01_NKI(NP_NKI@Asd10)\":STS3C:"
   "STS3C-1-9-1-52,STS3C-1-3-2-10:2WAY:PRIMARYXC=SHELF,PRIME=OSS,CKTID=\"0031IE4_Asd11-Asd01_NKI(NP_NKI@Asd10)\":STS3C:"
   "STS3C-1-9-1-55,STS3C-1-3-2-13:2WAY:PRIMARYXC=SHELF,PRIME=OSS,CKTID=\"0031IE4_Asd11-Asd01_NKI(NP_NKI@Asd10)\":STS3C:"
   "STS3C-1-9-1-58,STS3C-1-3-2-16:2WAY:PRIMARYXC=SHELF,PRIME=OSS,CKTID=\"0031IE4_Asd11-Asd01_NKI(NP_NKI@Asd10)\":STS3C:"
   "STS3C-1-9-1-61,STS3C-1-3-2-19:2WAY:PRIMARYXC=SHELF,PRIME=OSS,CKTID=\"0031IE4_Asd11-Asd01_NKI(NP_NKI@Asd10)\":STS3C:"
   "STS3C-1-6-1-22,STS3C-1-3-1-1:2WAY:PRIMARYXC=SHELF,PRIME=OSS,CKTID=\"0006IR2_Asd11-Asd01_NLR\":STS3C:"
   "STS3C-1-6-1-25,STS3C-1-3-1-4:2WAY:PRIMARYXC=SHELF,PRIME=OSS,CKTID=\"0006IR2_Asd11-Asd01_NLR\":STS3C:"
   "STS3C-1-6-1-28,STS3C-1-3-1-7:2WAY:PRIMARYXC=SHELF,PRIME=OSS,CKTID=\"0006IR2_Asd11-Asd01_NLR\":STS3C:"
>

   "Asd001A_OME09" 12-12-29 15:44:50
M  21 COMPLD
   "STS3C-1-6-1-31,STS3C-1-3-1-10:2WAY:PRIMARYXC=SHELF,PRIME=OSS,CKTID=\"0006IR2_Asd11-Asd01_NLR\":STS3C:"
   "STS3C-1-6-1-34,STS3C-1-3-1-13:2WAY:PRIMARYXC=SHELF,PRIME=OSS,CKTID=\"0006IR2_Asd11-Asd01_NLR\":STS3C:"
   "STS3C-1-6-1-37,STS3C-1-3-1-16:2WAY:PRIMARYXC=SHELF,PRIME=OSS,CKTID=\"0006IR2_Asd11-Asd01_NLR\":STS3C:"
   "STS3C-1-6-1-40,STS3C-1-3-1-19:2WAY:PRIMARYXC=SHELF,PRIME=OSS,CKTID=\"0006IR2_Asd11-Asd01_NLR\":STS3C:"
   "STS3C-1-12-1-40,STS3C-1-4-1-22:2WAYPR:SWMATE=STS3C-1-11-1-40,PRIMARYXC=SHELF,PRIME=OSS,CKTID=\"2148LP_Hgv01-Asd42_Alfa-College(Hgv02-Asd42)\":STS3C:"
   "STS3C-1-12-1-43,STS3C-1-4-1-25:2WAYPR:SWMATE=STS3C-1-11-1-43,PRIMARYXC=SHELF,PRIME=OSS,CKTID=\"2148LP_Hgv01-Asd42_Alfa-College(Hgv02-Asd42)\":STS3C:"
   "STS3C-1-12-1-46,STS3C-1-4-1-28:2WAYPR:SWMATE=STS3C-1-11-1-46,PRIMARYXC=SHELF,PRIME=OSS,CKTID=\"2148LP_Hgv01-Asd42_Alfa-College(Hgv02-Asd42)\":STS3C:"
   "STS3C-1-12-1-49,STS3C-1-4-1-31:2WAYPR:SWMATE=STS3C-1-11-1-49,PRIMARYXC=SHELF,PRIME=OSS,CKTID=\"2148LP_Hgv01-Asd42_Alfa-College(Hgv02-Asd42)\":STS3C:"
   "STS3C-1-12-1-52,STS3C-1-4-1-34:2WAYPR:SWMATE=STS3C-1-11-1-52,PRIMARYXC=SHELF,PRIME=OSS,CKTID=\"2148LP_Hgv01-Asd42_Alfa-College(Hgv02-Asd42)\":STS3C:"
   "STS3C-1-12-1-55,STS3C-1-4-1-37:2WAYPR:SWMATE=STS3C-1-11-1-55,PRIMARYXC=SHELF,PRIME=OSS,CKTID=\"2148LP_Hgv01-Asd42_Alfa-College(Hgv02-Asd42)\":STS3C:"
   "STS3C-1-12-1-61,STS3C-1-4-1-40:2WAYPR:SWMATE=STS3C-1-11-1-61,PRIMARYXC=SHELF,PRIME=OSS,CKTID=\"2148LP_Hgv01-Asd42_Alfa-College(Hgv02-Asd42)\":STS3C:"
   "STS3C-1-11-1-22,STS3C-1-4-1-85:2WAY:PRIMARYXC=SHELF,PRIME=OSS,CKTID=\"2147LR1_Gn01-Asd42_Alfa-College(Gn01-Asd42)\":STS3C:"
   "STS3C-1-11-1-25,STS3C-1-4-1-88:2WAY:PRIMARYXC=SHELF,PRIME=OSS,CKTID=\"2147LR1_Gn01-Asd42_Alfa-College(Gn01-Asd42)\":STS3C:"
   "STS3C-1-11-1-28,STS3C-1-4-1-91:2WAY:PRIMARYXC=SHELF,PRIME=OSS,CKTID=\"2147LR1_Gn01-Asd42_Alfa-College(Gn01-Asd42)\":STS3C:"
   "STS3C-1-11-1-31,STS3C-1-4-1-94:2WAY:PRIMARYXC=SHELF,PRIME=OSS,CKTID=\"2147LR1_Gn01-Asd42_Alfa-College(Gn01-Asd42)\":STS3C:"
   "STS3C-1-11-1-34,STS3C-1-4-1-97:2WAY:PRIMARYXC=SHELF,PRIME=OSS,CKTID=\"2147LR1_Gn01-Asd42_Alfa-College(Gn01-Asd42)\":STS3C:"
   "STS3C-1-11-1-37,STS3C-1-4-1-100:2WAY:PRIMARYXC=SHELF,PRIME=OSS,CKTID=\"2147LR1_Gn01-Asd42_Alfa-College(Gn01-Asd42)\":STS3C:"
   "STS3C-1-11-1-58,STS3C-1-4-1-103:2WAY:PRIMARYXC=SHELF,PRIME=OSS,CKTID=\"2147LR1_Gn01-Asd42_Alfa-College(Gn01-Asd42)\":STS3C:"
>

   "Asd001A_OME09" 12-12-29 15:44:50
M  21 COMPLD
   "STS3C-1-11-1-85,STS3C-1-4-1-106:2WAY:PRIMARYXC=SHELF,PRIME=OSS,CKTID=\"2149LR2_Ut01-Asd42_UU(Ut30-Asd42)\":STS3C:"
   "STS3C-1-11-1-88,STS3C-1-4-1-109:2WAY:PRIMARYXC=SHELF,PRIME=OSS,CKTID=\"2149LR2_Ut01-Asd42_UU(Ut30-Asd42)\":STS3C:"
   "STS3C-1-11-1-91,STS3C-1-4-1-112:2WAY:PRIMARYXC=SHELF,PRIME=OSS,CKTID=\"2149LR2_Ut01-Asd42_UU(Ut30-Asd42)\":STS3C:"
   "STS3C-1-11-1-94,STS3C-1-4-1-115:2WAY:PRIMARYXC=SHELF,PRIME=OSS,CKTID=\"2149LR2_Ut01-Asd42_UU(Ut30-Asd42)\":STS3C:"
   "STS3C-1-11-1-97,STS3C-1-4-1-118:2WAY:PRIMARYXC=SHELF,PRIME=OSS,CKTID=\"2149LR2_Ut01-Asd42_UU(Ut30-Asd42)\":STS3C:"
   "STS3C-1-11-1-100,STS3C-1-4-1-121:2WAY:PRIMARYXC=SHELF,PRIME=OSS,CKTID=\"2149LR2_Ut01-Asd42_UU(Ut30-Asd42)\":STS3C:"
   "STS3C-1-11-1-103,STS3C-1-4-1-124:2WAY:PRIMARYXC=SHELF,PRIME=OSS,CKTID=\"2149LR2_Ut01-Asd42_UU(Ut30-Asd42)\":STS3C:"
   "STS3C-1-12-1-85,STS3C-1-4-1-127:2WAY:PRIMARYXC=SHELF,PRIME=OSS,CKTID=\"2149LR1_Amf01-Asd42_UU(Ut30-Asd42)\":STS3C:"
   "STS3C-1-12-1-88,STS3C-1-4-1-133:2WAY:PRIMARYXC=SHELF,PRIME=OSS,CKTID=\"2149LR1_Amf01-Asd42_UU(Ut30-Asd42)\":STS3C:"
   "STS3C-1-12-1-91,STS3C-1-4-1-136:2WAY:PRIMARYXC=SHELF,PRIME=OSS,CKTID=\"2149LR1_Amf01-Asd42_UU(Ut30-Asd42)\":STS3C:"
   "STS3C-1-12-1-94,STS3C-1-4-1-139:2WAY:PRIMARYXC=SHELF,PRIME=OSS,CKTID=\"2149LR1_Amf01-Asd42_UU(Ut30-Asd42)\":STS3C:"
   "STS3C-1-12-1-97,STS3C-1-4-1-142:2WAY:PRIMARYXC=SHELF,PRIME=OSS,CKTID=\"2149LR1_Amf01-Asd42_UU(Ut30-Asd42)\":STS3C:"
   "STS3C-1-12-1-100,STS3C-1-4-1-145:2WAY:PRIMARYXC=SHELF,PRIME=OSS,CKTID=\"2149LR1_Amf01-Asd42_UU(Ut30-Asd42)\":STS3C:"
   "STS3C-1-12-1-103,STS3C-1-4-1-148:2WAY:PRIMARYXC=SHELF,PRIME=OSS,CKTID=\"2149LR1_Amf01-Asd42_UU(Ut30-Asd42)\":STS3C:"
   "STS3C-1-14-2-1,STS3C-1-12-1-22:2WAY:PRIMARYXC=SHELF,PRIME=OSS,CKTID=\"2147LR2_Asd42-Asd01_Alfa-College(Gn01-Asd42)\":STS3C:"
   "STS3C-1-14-2-4,STS3C-1-12-1-25:2WAY:PRIMARYXC=SHELF,PRIME=OSS,CKTID=\"2147LR2_Asd42-Asd01_Alfa-College(Gn01-Asd42)\":STS3C:"
   "STS3C-1-14-2-7,STS3C-1-12-1-28:2WAY:PRIMARYXC=SHELF,PRIME=OSS,CKTID=\"2147LR2_Asd42-Asd01_Alfa-College(Gn01-Asd42)\":STS3C:"
   "STS3C-1-14-2-10,STS3C-1-12-1-31:2WAY:PRIMARYXC=SHELF,PRIME=OSS,CKTID=\"2147LR2_Asd42-Asd01_Alfa-College(Gn01-Asd42)\":STS3C:"
>

   "Asd001A_OME09" 12-12-29 15:44:51
M  21 COMPLD
   "STS3C-1-14-2-13,STS3C-1-12-1-34:2WAY:PRIMARYXC=SHELF,PRIME=OSS,CKTID=\"2147LR2_Asd42-Asd01_Alfa-College(Gn01-Asd42)\":STS3C:"
   "STS3C-1-14-2-16,STS3C-1-12-1-37:2WAY:PRIMARYXC=SHELF,PRIME=OSS,CKTID=\"2147LR2_Asd42-Asd01_Alfa-College(Gn01-Asd42)\":STS3C:"
   "STS3C-1-14-2-19,STS3C-1-12-1-58:2WAY:PRIMARYXC=SHELF,PRIME=OSS,CKTID=\"2147LR2_Asd42-Asd01_Alfa-College(Gn01-Asd42)\":STS3C:"
   "STS3C-1-11-1-1,STS3C-1-14-1-1:2WAYPR:SWMATE=STS3C-1-12-1-1,PRIMARYXC=SHELF,PRIME=OSS,CKTID=\"0022IP_Asd42-Asd01_Alfa-College\":STS3C:"
   "STS3C-1-11-1-4,STS3C-1-14-1-4:2WAYPR:SWMATE=STS3C-1-12-1-4,PRIMARYXC=SHELF,PRIME=OSS,CKTID=\"0022IP_Asd42-Asd01_Alfa-College\":STS3C:"
   "STS3C-1-11-1-7,STS3C-1-14-1-7:2WAYPR:SWMATE=STS3C-1-12-1-7,PRIMARYXC=SHELF,PRIME=OSS,CKTID=\"0022IP_Asd42-Asd01_Alfa-College\":STS3C:"
   "STS3C-1-11-1-10,STS3C-1-14-1-10:2WAYPR:SWMATE=STS3C-1-12-1-10,PRIMARYXC=SHELF,PRIME=OSS,CKTID=\"0022IP_Asd42-Asd01_Alfa-College\":STS3C:"
   "STS3C-1-11-1-13,STS3C-1-14-1-13:2WAYPR:SWMATE=STS3C-1-12-1-13,PRIMARYXC=SHELF,PRIME=OSS,CKTID=\"0022IP_Asd42-Asd01_Alfa-College\":STS3C:"
   "STS3C-1-11-1-16,STS3C-1-14-1-16:2WAYPR:SWMATE=STS3C-1-12-1-16,PRIMARYXC=SHELF,PRIME=OSS,CKTID=\"0022IP_Asd42-Asd01_Alfa-College\":STS3C:"
   "STS3C-1-11-1-19,STS3C-1-14-1-19:2WAYPR:SWMATE=STS3C-1-12-1-19,PRIMARYXC=SHELF,PRIME=OSS,CKTID=\"0022IP_Asd42-Asd01_Alfa-College\":STS3C:"
;RTRV-AD-ALL:"Asd001A_OME09"::22;
IP 22
<

   "Asd001A_OME09" 12-12-29 15:44:52
M  22 COMPLD
   "OC192-1-4-1:TYP-SH-SL-PRT,LINE:TX_VERSION=\"2\",TX_TAG=\"AD_2_00:11:58:ff:88:59_001_000_004_000_001_ME_1\",RX_VERSION=\"2\",RX_ACTUAL=\"AD_2_00:21:e1:d9:cc:70_001_000_013_000_001_ME_1\",RX_EXPECTED=\"\",RECONFIG=DISABLE,RX_RELIABILITY=RELIABLE,MECHANISM=IIH"
   "OC192-1-6-1:TYP-SH-SL-PRT,LINE:TX_VERSION=\"2\",TX_TAG=\"AD_2_00:11:58:ff:88:59_001_000_006_000_001_ME_1\",RX_VERSION=\"2\",RX_ACTUAL=\"AD_2_00:11:58:ff:85:54_001_000_006_000_001_ME_1\",RX_EXPECTED=\"\",RECONFIG=DISABLE,RX_RELIABILITY=RELIABLE,MECHANISM=IIH"
   "OC192-1-9-1:TYP-SH-SL-PRT,LINE:TX_VERSION=\"2\",TX_TAG=\"AD_2_00:11:58:ff:88:59_001_000_009_000_001_ME_1\",RX_VERSION=\"2\",RX_ACTUAL=\"AD_2_00:20:d8:df:33:5e_001_000_009_000_001_ME_1\",RX_EXPECTED=\"\",RECONFIG=DISABLE,RX_RELIABILITY=RELIABLE,MECHANISM=IIH"
   "OC48-1-10-1:TYP-SH-SL-PRT,LINE:TX_VERSION=\"2\",TX_TAG=\"AD_2_00:11:58:ff:88:59_001_000_010_000_001_ME_1\",RX_VERSION=\"2\",RX_ACTUAL=\"AD_2_00:21:e1:d9:1b:90_001_000_011_000_001_ME_1\",RX_EXPECTED=\"\",RECONFIG=DISABLE,RX_RELIABILITY=RELIABLE,MECHANISM=IIH"
   "OC48-1-10-2:TYP-SH-SL-PRT,LINE:TX_VERSION=\"2\",TX_TAG=\"AD_2_00:11:58:ff:88:59_001_000_010_000_002_ME_1\",RX_VERSION=\"2\",RX_ACTUAL=\"AD_2_00:21:e1:d9:1b:90_001_000_011_000_002_ME_1\",RX_EXPECTED=\"\",RECONFIG=DISABLE,RX_RELIABILITY=RELIABLE,MECHANISM=IIH"
   "OC192-1-11-1:TYP-SH-SL-PRT,LINE:TX_VERSION=\"2\",TX_TAG=\"AD_2_00:11:58:ff:88:59_001_000_011_000_001_ME_1\",RX_VERSION=\"2\",RX_ACTUAL=\"AD_2_00:21:e1:d8:39:bc_001_000_009_000_001_ME_1\",RX_EXPECTED=\"\",RECONFIG=DISABLE,RX_RELIABILITY=RELIABLE,MECHANISM=IIH"
   "ADJ-1-11-1:TYP-SH-SL-PRT,PHYS:TX_VERSION=\"2\",TX_TAG=\"Asd001A_OME09-1-11-1\",RX_VERSION=\"2\",RX_ACTUAL=\"\",RX_EXPECTED=\"\",RECONFIG=DISABLE,RX_RELIABILITY=UNRELIABLE,MECHANISM=DERIVED"
   "OC192-1-12-1:TYP-SH-SL-PRT,LINE:TX_VERSION=\"2\",TX_TAG=\"AD_2_00:11:58:ff:88:59_001_000_012_000_001_ME_1\",RX_VERSION=\"2\",RX_ACTUAL=\"AD_2_00:21:e1:d8:39:bc_001_000_006_000_001_ME_1\",RX_EXPECTED=\"\",RECONFIG=DISABLE,RX_RELIABILITY=RELIABLE,MECHANISM=IIH"
   "ADJ-1-12-1:TYP-SH-SL-PRT,PHYS:TX_VERSION=\"2\",TX_TAG=\"Asd001A_OME09-1-12-1\",RX_VERSION=\"2\",RX_ACTUAL=\"\",RX_EXPECTED=\"\",RECONFIG=DISABLE,RX_RELIABILITY=UNRELIABLE,MECHANISM=DERIVED"
;RTRV-FFP-OC192:"Asd001A_OME09":OC192-1-ALL:23;
IP 23
<

   "Asd001A_OME09" 12-12-29 15:44:52
M  23 COMPLD
;

   "Asd001A_OME09" 12-12-29 15:45:12
A  0001136787 REPT EVT LOG
   "DATE=12-12-29,TIME=15-45-12:USERID=SNSCRIPT,PRIORITY=GEN_TL1_CMD,STATUS=COMPLD:ACT-USER:SNSCRIPT:1::::"
;

   "Asd001A_OME09" 12-12-29 15:45:12
A  0001136788 REPT EVT LOG
   "DATE=12-12-29,TIME=15-45-12:USERID=SNSCRIPT,PRIORITY=GEN_TL1_CMD,STATUS=COMPLD:CANC-USER:SNSCRIPT:1::::"
;

   "Asd001A_OME09" 12-12-29 15:45:14
A  0001136789 REPT EVT ETH
   "ETH-1-3-1:T-UAS-E,TC,12-29,15-45-14,NEND,RCV,10,10,15-MIN:\"T-UAS-E\":0100000000-0000-0000,:YEAR=2012,MODE=NONE"
;<<RTRV-HDR keep alive sent>>
IP 24
<

   "Asd001A_OME09" 12-12-29 15:46:17
M  24 COMPLD
;<<RTRV-HDR keep alive sent>>
IP 25
<

   "Asd001A_OME09" 12-12-29 15:48:17
M  25 COMPLD
;<<RTRV-HDR keep alive sent>>
IP 26
<

   "Asd001A_OME09" 12-12-29 15:50:17
M  26 COMPLD
;

   "Asd001A_OME09" 12-12-29 15:50:18
A  0001136790 REPT EVT LOG
   "DATE=12-12-29,TIME=15-50-18:USERID=SNSCRIPT,PRIORITY=GEN_TL1_CMD,STATUS=COMPLD:ACT-USER:SNSCRIPT:1::::"
;

   "Asd001A_OME09" 12-12-29 15:50:19
A  0001136791 REPT EVT LOG
   "DATE=12-12-29,TIME=15-50-19:USERID=SNSCRIPT,PRIORITY=GEN_TL1_CMD,STATUS=COMPLD:CANC-USER:SNSCRIPT:1::::"
;<<RTRV-HDR keep alive sent>>
IP 27
<

   "Asd001A_OME09" 12-12-29 15:52:17
M  27 COMPLD
;<<RTRV-HDR keep alive sent>>
IP 28
<

   "Asd001A_OME09" 12-12-29 15:54:18
M  28 COMPLD
;<<RTRV-HDR keep alive sent>>
IP 29
<

   "Asd001A_OME09" 12-12-29 15:56:18
M  29 COMPLD
;<<RTRV-HDR keep alive sent>>
IP 30
<

   "Asd001A_OME09" 12-12-29 15:58:18
M  30 COMPLD
;

   "Asd001A_OME09" 12-12-29 16:00:11
A  0001136792 REPT EVT LOG
   "DATE=12-12-29,TIME=16-00-11:USERID=SNSCRIPT,PRIORITY=GEN_TL1_CMD,STATUS=COMPLD:ACT-USER:SNSCRIPT:1::::"
;

   "Asd001A_OME09" 12-12-29 16:00:11
A  0001136793 REPT EVT LOG
   "DATE=12-12-29,TIME=16-00-11:USERID=SNSCRIPT,PRIORITY=GEN_TL1_CMD,STATUS=COMPLD:CANC-USER:SNSCRIPT:1::::"
;

   "Asd001A_OME09" 12-12-29 16:00:14
A  0001136794 REPT EVT ETH
   "ETH-1-3-1:T-UAS-E,TC,12-29,16-00-14,NEND,RCV,10,10,15-MIN:\"T-UAS-E\":0100000000-0000-0000,:YEAR=2012,MODE=NONE"
;<<RTRV-HDR keep alive sent>>
IP 31
<

   "Asd001A_OME09" 12-12-29 16:00:20
M  31 COMPLD
;<<RTRV-HDR keep alive sent>>
IP 32
<

   "Asd001A_OME09" 12-12-29 16:02:20
M  32 COMPLD
;<<RTRV-HDR keep alive sent>>
IP 33
<

   "Asd001A_OME09" 12-12-29 16:04:21
M  33 COMPLD
;<<RTRV-HDR keep alive sent>>
IP 34
<

   "Asd001A_OME09" 12-12-29 16:06:21
M  34 COMPLD
;<<RTRV-HDR keep alive sent>>
IP 35
<

   "Asd001A_OME09" 12-12-29 16:08:21
M  35 COMPLD
;

   "Asd001A_OME09" 12-12-29 16:10:18
A  0001136795 REPT EVT LOG
   "DATE=12-12-29,TIME=16-10-18:USERID=SNSCRIPT,PRIORITY=GEN_TL1_CMD,STATUS=COMPLD:ACT-USER:SNSCRIPT:1::::"
;

   "Asd001A_OME09" 12-12-29 16:10:19
A  0001136796 REPT EVT LOG
   "DATE=12-12-29,TIME=16-10-19:USERID=SNSCRIPT,PRIORITY=GEN_TL1_CMD,STATUS=COMPLD:CANC-USER:SNSCRIPT:1::::"
;<<RTRV-HDR keep alive sent>>
IP 36
<

   "Asd001A_OME09" 12-12-29 16:10:21
M  36 COMPLD
;<<RTRV-HDR keep alive sent>>
IP 37
<

   "Asd001A_OME09" 12-12-29 16:12:22
M  37 COMPLD
;<<RTRV-HDR keep alive sent>>
IP 38
<

   "Asd001A_OME09" 12-12-29 16:14:22
M  38 COMPLD
;

   "Asd001A_OME09" 12-12-29 16:15:12
A  0001136797 REPT EVT LOG
   "DATE=12-12-29,TIME=16-15-12:USERID=SNSCRIPT,PRIORITY=GEN_TL1_CMD,STATUS=COMPLD:ACT-USER:SNSCRIPT:1::::"
;

   "Asd001A_OME09" 12-12-29 16:15:12
A  0001136798 REPT EVT LOG
   "DATE=12-12-29,TIME=16-15-12:USERID=SNSCRIPT,PRIORITY=GEN_TL1_CMD,STATUS=COMPLD:CANC-USER:SNSCRIPT:1::::"
;

   "Asd001A_OME09" 12-12-29 16:15:15
A  0001136799 REPT EVT ETH
   "ETH-1-3-1:T-UAS-E,TC,12-29,16-15-15,NEND,RCV,10,10,15-MIN:\"T-UAS-E\":0100000000-0000-0000,:YEAR=2012,MODE=NONE"
;<<RTRV-HDR keep alive sent>>
IP 39
<

   "Asd001A_OME09" 12-12-29 16:16:23
M  39 COMPLD
;<<RTRV-HDR keep alive sent>>
IP 40
<

   "Asd001A_OME09" 12-12-29 16:18:22
M  40 COMPLD
;<<RTRV-HDR keep alive sent>>
IP 41
<

   "Asd001A_OME09" 12-12-29 16:20:23
M  41 COMPLD
;<<RTRV-HDR keep alive sent>>
IP 42
<

   "Asd001A_OME09" 12-12-29 16:22:23
M  42 COMPLD
;<<RTRV-HDR keep alive sent>>
IP 43
<

   "Asd001A_OME09" 12-12-29 16:24:24
M  43 COMPLD
;<<RTRV-HDR keep alive sent>>
IP 44
<

   "Asd001A_OME09" 12-12-29 16:26:23
M  44 COMPLD
;<<RTRV-HDR keep alive sent>>
IP 45
<

   "Asd001A_OME09" 12-12-29 16:28:24
M  45 COMPLD
;

   "Asd001A_OME09" 12-12-29 16:30:15
A  0001136800 REPT EVT ETH
   "ETH-1-3-1:T-UAS-E,TC,12-29,16-30-15,NEND,RCV,10,10,15-MIN:\"T-UAS-E\":0100000000-0000-0000,:YEAR=2012,MODE=NONE"
;

   "Asd001A_OME09" 12-12-29 16:30:15
A  0001136801 REPT EVT LOG
   "DATE=12-12-29,TIME=16-30-15:USERID=SNSCRIPT,PRIORITY=GEN_TL1_CMD,STATUS=COMPLD:ACT-USER:SNSCRIPT:1::::"
;

   "Asd001A_OME09" 12-12-29 16:30:15
A  0001136802 REPT EVT LOG
   "DATE=12-12-29,TIME=16-30-15:USERID=SNSCRIPT,PRIORITY=GEN_TL1_CMD,STATUS=COMPLD:CANC-USER:SNSCRIPT:1::::"
;

   "Asd001A_OME09" 12-12-29 16:30:20
A  0001136803 REPT EVT LOG
   "DATE=12-12-29,TIME=16-30-20:USERID=SNSCRIPT,PRIORITY=GEN_TL1_CMD,STATUS=COMPLD:ACT-USER:SNSCRIPT:1::::"
;

   "Asd001A_OME09" 12-12-29 16:30:22
A  0001136804 REPT EVT LOG
   "DATE=12-12-29,TIME=16-30-22:USERID=SNSCRIPT,PRIORITY=GEN_TL1_CMD,STATUS=COMPLD:CANC-USER:SNSCRIPT:1::::"
;<<RTRV-HDR keep alive sent>>
IP 46
<

   "Asd001A_OME09" 12-12-29 16:30:24
M  46 COMPLD
;<<RTRV-HDR keep alive sent>>
IP 47
<

   "Asd001A_OME09" 12-12-29 16:32:25
M  47 COMPLD
;<<RTRV-HDR keep alive sent>>
IP 48
<

   "Asd001A_OME09" 12-12-29 16:34:25
M  48 COMPLD
;<<RTRV-HDR keep alive sent>>
IP 49
<

   "Asd001A_OME09" 12-12-29 16:36:25
M  49 COMPLD
;<<RTRV-HDR keep alive sent>>
IP 50
<

   "Asd001A_OME09" 12-12-29 16:38:25
M  50 COMPLD
;<<RTRV-HDR keep alive sent>>
IP 51
<

   "Asd001A_OME09" 12-12-29 16:40:26
M  51 COMPLD
;<<RTRV-HDR keep alive sent>>
IP 52
<

   "Asd001A_OME09" 12-12-29 16:42:27
M  52 COMPLD
;<<RTRV-HDR keep alive sent>>
IP 53
<

   "Asd001A_OME09" 12-12-29 16:44:26
M  53 COMPLD
;

   "Asd001A_OME09" 12-12-29 16:45:12
A  0001136805 REPT EVT LOG
   "DATE=12-12-29,TIME=16-45-12:USERID=SNSCRIPT,PRIORITY=GEN_TL1_CMD,STATUS=COMPLD:ACT-USER:SNSCRIPT:1::::"
;

   "Asd001A_OME09" 12-12-29 16:45:12
A  0001136806 REPT EVT LOG
   "DATE=12-12-29,TIME=16-45-12:USERID=SNSCRIPT,PRIORITY=GEN_TL1_CMD,STATUS=COMPLD:CANC-USER:SNSCRIPT:1::::"
;

   "Asd001A_OME09" 12-12-29 16:45:15
A  0001136807 REPT EVT ETH
   "ETH-1-3-1:T-UAS-E,TC,12-29,16-45-15,NEND,RCV,10,10,15-MIN:\"T-UAS-E\":0100000000-0000-0000,:YEAR=2012,MODE=NONE"
;<<RTRV-HDR keep alive sent>>
IP 54
<

   "Asd001A_OME09" 12-12-29 16:46:27
M  54 COMPLD
;<<RTRV-HDR keep alive sent>>
IP 55
<

   "Asd001A_OME09" 12-12-29 16:48:27
M  55 COMPLD
;

   "Asd001A_OME09" 12-12-29 16:50:18
A  0001136808 REPT EVT LOG
   "DATE=12-12-29,TIME=16-50-18:USERID=SNSCRIPT,PRIORITY=GEN_TL1_CMD,STATUS=COMPLD:ACT-USER:SNSCRIPT:1::::"
;

   "Asd001A_OME09" 12-12-29 16:50:19
A  0001136809 REPT EVT LOG
   "DATE=12-12-29,TIME=16-50-19:USERID=SNSCRIPT,PRIORITY=GEN_TL1_CMD,STATUS=COMPLD:CANC-USER:SNSCRIPT:1::::"
;<<RTRV-HDR keep alive sent>>
IP 56
<

   "Asd001A_OME09" 12-12-29 16:50:28
M  56 COMPLD
;<<RTRV-HDR keep alive sent>>
IP 57
<

   "Asd001A_OME09" 12-12-29 16:52:28
M  57 COMPLD
;<<RTRV-HDR keep alive sent>>
IP 58
<

   "Asd001A_OME09" 12-12-29 16:54:28
M  58 COMPLD
;<<RTRV-HDR keep alive sent>>
IP 59
<

   "Asd001A_OME09" 12-12-29 16:56:28
M  59 COMPLD
;