***** (re)Starting logger at Sat Dec 29 10:44:21 EST 2012*****


**** TL1 session opened at Sat Dec 29 10:44:21 EST 2012 ****


<<RTRV-HDR keep alive sent>>
ÿûÿûÿý
                                                                                
This computer system may be accessed only by authorized users.                  
The data and programs in this system are private, proprietary,                  
confidential and protected by copyright law and international                   
treaties. Unauthorized access, use, knowledge, duplication,                     
reproduction, modification, distribution, retransmission,                       
download or disclosure of any of the data and programs in this                  
system or any portion of it may result in severe civil and                      
criminal penalties and will be enforced and prosecuted to the                   
maximum extent possible under law. Employees or other Company                   
authorized users exceeding their authorizations subject                         
themselves to Company initiated disciplinary proceedings.                       
                                                                                

--- Copyright (c) 2000 - 2011 Ciena (R) Corporation. All Rights Reserved ---
|  NOTICE: This is a private computer system.                              |
|  Unauthorized access or use may lead to prosecution.                     |
|                                                                          |
|  Ciena 6500 OPTICAL                                                      |
----------------------------------------------------------------------------

/*
 * Starting Interactive TL1 Command Mode.
 * Type ? for help while constructing TL1 commands.
 * Type .? for specific parameter/keyword help.
 */


IP 2
<

   "Ehv017A_OME01" 12-12-29 15:44:22
M  2 DENY
   PLNA
   /*Privilege, Login Not Active*/
;<<ACT-USER sent, password hidden>>
IP 3
<

   "Ehv017A_OME01" 12-12-29 15:44:23
M  3 COMPLD
;RTRV-NETYPE:"Ehv017A_OME01"::4;
IP 4
<

   "Ehv017A_OME01" 12-12-29 15:44:23
M  4 COMPLD
   "CIENA,\"6500 OPTICAL\",OCP,\"REL0810Z.HD\""
;RTRV-SW-VER:"Ehv017A_OME01"::5;
IP 5
<

   "Ehv017A_OME01" 12-12-29 15:44:24
M  5 COMPLD
   "SHELF-1:REL0810Z.HD"
;RTRV-RTG-INFO:"Ehv017A_OME01"::6:::NAME="Ehv017A_OME01";
IP 6
<

   "Ehv017A_OME01" 12-12-29 15:45:04
M  6 COMPLD
   "SHELF-1::,\"Ehv017A_OME01\",0020D8DF3C55|145.145.74.76,00001600,YES"
;RTRV-SYS:"Ehv017A_OME01"::7;
IP 7
<

   "Ehv017A_OME01" 12-12-29 15:45:05
M  7 COMPLD
   "SHELF-1::ACTUALCOOLING=LOWFLOW,ACTUALPOWER=330,AINSTIMEOUT=00-05,ALMCORR=OFF,ALMHO=2.5,BAYFICINAO=FALSE,BITSMODE=SDH,CSFMCASTMAC=0180C2880001,EQPTCURRENT=40,ETHEERTH=20,ETHGFPRFI=ENABLED,ETHGFPRFIUPI=128,ETHSDTH=1,FCEERTH=20,FCSDTH=1,FIBERLOSSDETECTION=DISABLED,FILLERMGMT=ENABLED,GCC0MODE=DISABLED,GCC1MODE=DISABLED,LASEROFFFARENDFAIL=DISABLED,LINEPEVSTAT=MAN&AUTO,MAJORDEGRADETHRESH=6.00,MINCOOLING=LOWFLOW,MINORDEGRADETHRESH=3.00,MONITORFAN=ENABLED,NEMODE=SDH,OSCMODE=OSPF,PATHEBERTH=3,PATHPEVSTAT=MAN,PATHSDTH=6,PATHSWCRIT=UNEQ&SD&EBER&AIS&LOP,PROVCURRENT=40,PTHAISINSERT=AIS&LOP,SHELFSYNCH=NO,STATE=NORMAL,WANFREERTH=20,WANFRSDTH=1,WANTREERTH=20,WANTRSDTH=1"
;ALW-MSG-BROADCAST:"Ehv017A_OME01":ALL:8;
IP 8
<

   "Ehv017A_OME01" 12-12-29 15:45:05
M  8 COMPLD
;RTRV-EQPT:"Ehv017A_OME01":ALL:9;
IP 9
<

   "Ehv017A_OME01" 12-12-29 15:45:06
M  9 COMPLD
   "GE-1-1::PROVPEC=NTK535LA,CTYPE=\"GE EPL 4 Port SFP\",PEC=NTK535LA,REL= 02 ,CLEI=WMOTAJ4JAB,SER=NNTM01N1D38S4,MDAT=2004-31,AGE=04-282-06-29,ONSC=00-162-03-12:IS,ACT"
   "PGEFC-1-1-1::PROVPEC=NTTP01CF,CTYPE=\"GE LX [10k]/FC100 SM 1310nm LC SFP\",PEC=NTTP01CF,REL=03,CLEI=WMOTCWWJAA,SER=BE0923860181    :IS,ACT"
   "10G-1-6::PROVPEC=NTK526JA,CTYPE=\"OC-192/STM-64 STS-1/HO 1 Port G.709 DWDM C-Band AM1/AM2\",PEC=NTK526JA,REL= 03A,CLEI=WMOTCM0JAB,SER=NNTMH1Q1032M8,MDAT=2012-01,AGE=00-186-01-30,ONSC=00-186-01-30:IS,IDLE"
   "XC-1-7::PROVPEC=NTK557BA,CTYPE=\"X-Conn 160G+ STS-1/VC-3 Sync-ST3\",PEC=NTK557BA,REL= 05 ,CLEI=WMIXCE0BAC,SER=NNTM01A1D37N5,MDAT=2004-46,AGE=00-186-01-27,ONSC=00-186-01-27:IS,WRKTRAF&WRKSYNC"
   "XC-1-8::PROVPEC=NTK557BA,CTYPE=\"X-Conn 160G+ STS-1/VC-3 Sync-ST3\",PEC=NTK557BA,REL= 08 ,CLEI=WMIXCE0BAE,SER=NNTMH8A000LYT,MDAT=2007-12,AGE=00-186-01-25,ONSC=00-186-01-25:IS,STBYH"
   "10G-1-9::PROVPEC=NTK526JA,CTYPE=\"OC-192/STM-64 STS-1/HO 1 Port G.709 DWDM C-Band AM1/AM2\",PEC=NTK526JA,REL= 01 ,CLEI=WMOTCM0JAA,SER=NNTMH82003J91,MDAT=2007-38,AGE=01-303-04-57,ONSC=00-186-01-40:IS,IDLE"
   "SP-1-15::PROVPEC=NTK555AA,CTYPE=\"Processor SP\",PEC=NTK555AA,REL= 05 ,CLEI=WMUCAJFAAB,SER=NNTM0141D3TUE,MDAT=2004-42,AGE=00-186-02-00,ONSC=00-186-02-00,TCUR=24,TAVG=23:IS,"
;RTRV-OC3:"Ehv017A_OME01":OC3-1-ALL:10;
IP 10
<

   "Ehv017A_OME01" 12-12-29 15:45:06
M  10 COMPLD
;RTRV-OC12:"Ehv017A_OME01":OC12-1-ALL:11;
IP 11
<

   "Ehv017A_OME01" 12-12-29 15:45:06
M  11 COMPLD
;RTRV-OC48:"Ehv017A_OME01":OC48-1-ALL:12;
IP 12
<

   "Ehv017A_OME01" 12-12-29 15:45:07
M  12 COMPLD
;RTRV-OC192:"Ehv017A_OME01":OC192-1-ALL:13;
IP 13
<

   "Ehv017A_OME01" 12-12-29 15:45:07
M  13 COMPLD
   "OC192-1-6-1::TMGREF=Y,DCC=Y,,SDTH=6,,,,,ALS=DISABLED,DUSOVERRIDE=DISABLED,EBERTH=3,PORTMODE=SDH,UNEQMODE=VC4,,,,CLFI=\"\":IS,DISCD"
   "OC192-1-9-1::TMGREF=Y,DCC=Y,,SDTH=6,,,,,ALS=DISABLED,DUSOVERRIDE=DISABLED,EBERTH=3,PORTMODE=SDH,UNEQMODE=VC4,,,,CLFI=\"\":IS,DISCD"
;RTRV-ETH:"Ehv017A_OME01":ETH-1-ALL:14;
IP 14
<

   "Ehv017A_OME01" 12-12-29 15:45:09
M  14 COMPLD
   "ETH-1-1-1::AN=ENABLE,ANSTATUS=INPROGRESS,ANETHDPX=UNKNOWN,ANSPEED=UNKNOWN,ANPAUSETX=UNKNOWN,ANPAUSERX=UNKNOWN,ADVETHDPX=UNKNOWN,ADVSPEED=UNKNOWN,ADVFLOWCTRL=UNKNOWN,ETHDPX=FULL,SPEED=1000,FLOWCTRL=NONE,PAUSETX=DISABLE,PAUSERX=DISABLE,PAUSERXOVERRIDE=ENABLE,MTU=9600,TXCON=ENABLE,PASSCTRL=DISABLE,PAUSETXOVERRIDE=DISABLE,RXIDLE=0,CFPRF=CFPRF-1-4,PHYSADDR=0020D8DF35E9,CLFI=\"\",AINSTIMELEFT=00-05:OOS-AU,FLT&AINS"
;RTRV-ETH10G:"Ehv017A_OME01":ETH10G-1-ALL:15;
IP 15
<

   "Ehv017A_OME01" 12-12-29 15:45:09
M  15 COMPLD
;RTRV-ETH100:"Ehv017A_OME01":ETH100-1-ALL:16;
IP 16
<

   "Ehv017A_OME01" 12-12-29 15:45:09
M  16 COMPLD
;RTRV-WAN:"Ehv017A_OME01":WAN-1-ALL:17;
IP 17
<

   "Ehv017A_OME01" 12-12-29 15:45:11
M  17 COMPLD
   "WAN-1-1-1::MAPPING=GFP-F,RATE=STS3C,VCAT=ENABLE,LCAS=DISABLE,PROVUNITS=1,ACTUALUNITS=1,MAGICNUM=DISABLE,LCM=DISABLE,NCP=NONE,MODE=SDH,FCS=32,SCRAMBLE=ENABLE,LANFCS=ENABLE,RTDELAY=127,CONDTYPE=GFPCMF,GFPRFI=ENABLE,AVLBLRATE=STS3C,PROVRXUNITS=1,GFPRTDELAY=ENABLE,MAXVCDEL=14000,CURRVCDEL=0,ACTUALRXUNITS=1:IS,AINS"
;RTRV-VCS:"Ehv017A_OME01":VCS-1-ALL:18;
IP 18
<

   "Ehv017A_OME01" 12-12-29 15:45:12
M  18 COMPLD
;RTRV-VCE:"Ehv017A_OME01":VCE-1-ALL:19;
IP 19
<

   "Ehv017A_OME01" 12-12-29 15:45:12
M  19 COMPLD
;RTRV-VCEMAP:"Ehv017A_OME01":VCEMAP-1-ALL:20;
IP 20
<

   "Ehv017A_OME01" 12-12-29 15:45:12
M  20 COMPLD
;RTRV-CRS-ALL:"Ehv017A_OME01"::21:::CKTID=ALL;
IP 21
<

   "Ehv017A_OME01" 12-12-29 15:45:13
M  21 COMPLD
   "STS3C-1-1-1-1,STS3C-1-1-1-1:1WAY:PRIMARYXC=SHELF,PRIME=OSS,CKTID=\"DRAC-loopback\":STS3C:"
;RTRV-AD-ALL:"Ehv017A_OME01"::22;
IP 22
<

   "Ehv017A_OME01" 12-12-29 15:45:13
M  22 COMPLD
   "OC192-1-6-1:TYP-SH-SL-PRT,LINE:TX_VERSION=\"2\",TX_TAG=\"AD_2_00:20:d8:df:3c:55_001_000_006_000_001_ME_1\",RX_VERSION=\"2\",RX_ACTUAL=\"AD_2_80:17:7d:e7:74:8a_001_000_034_000_001_ME_1\",RX_EXPECTED=\"\",RECONFIG=DISABLE,RX_RELIABILITY=RELIABLE,MECHANISM=IIH"
   "ADJ-1-6-1:TYP-SH-SL-PRT,PHYS:TX_VERSION=\"2\",TX_TAG=\"Ehv017A_OME01-1-6-1\",RX_VERSION=\"2\",RX_ACTUAL=\"\",RX_EXPECTED=\"\",RECONFIG=DISABLE,RX_RELIABILITY=UNRELIABLE,MECHANISM=DERIVED"
   "OC192-1-9-1:TYP-SH-SL-PRT,LINE:TX_VERSION=\"2\",TX_TAG=\"AD_2_00:20:d8:df:3c:55_001_000_009_000_001_ME_1\",RX_VERSION=\"2\",RX_ACTUAL=\"AD_2_00:20:d8:df:3c:00_001_000_006_000_001_ME_1\",RX_EXPECTED=\"\",RECONFIG=DISABLE,RX_RELIABILITY=RELIABLE,MECHANISM=IIH"
   "ADJ-1-9-1:TYP-SH-SL-PRT,PHYS:TX_VERSION=\"2\",TX_TAG=\"Ehv017A_OME01-1-9-1\",RX_VERSION=\"2\",RX_ACTUAL=\"\",RX_EXPECTED=\"\",RECONFIG=DISABLE,RX_RELIABILITY=UNRELIABLE,MECHANISM=DERIVED"
;RTRV-FFP-OC192:"Ehv017A_OME01":OC192-1-ALL:23;
IP 23
<

   "Ehv017A_OME01" 12-12-29 15:45:13
M  23 COMPLD
;

   "Ehv017A_OME01" 12-12-29 15:46:00
A  0000124178 REPT EVT LOG
   "DATE=12-12-29,TIME=15-46-00:USERID=SNSCRIPT,PRIORITY=GEN_TL1_CMD,STATUS=COMPLD:ACT-USER:SNSCRIPT:1::::"
;

   "Ehv017A_OME01" 12-12-29 15:46:00
A  0000124179 REPT EVT LOG
   "DATE=12-12-29,TIME=15-46-00:USERID=SNSCRIPT,PRIORITY=GEN_TL1_CMD,STATUS=COMPLD:CANC-USER:SNSCRIPT:1::::"
;

   "Ehv017A_OME01" 12-12-29 15:46:09
A  0000124180 REPT EVT LOG
   "DATE=12-12-29,TIME=15-46-09:USERID=OMEAMAN,PRIORITY=GEN_TL1_CMD,STATUS=COMPLD:ACT-USER:OMEAMAN:3::::"
;

   "Ehv017A_OME01" 12-12-29 15:46:11
A  0000124181 REPT EVT LOG
   "DATE=12-12-29,TIME=15-46-11:USERID=OMEAMAN,PRIORITY=GEN_TL1_CMD,STATUS=COMPLD:CANC-USER:OMEAMAN:9::::"
;

   "Ehv017A_OME01" 12-12-29 15:46:13
A  0000124182 REPT EVT LOG
   "DATE=12-12-29,TIME=15-46-13:USERID=OMEAMAN,PRIORITY=GEN_TL1_CMD,STATUS=COMPLD:ACT-USER:OMEAMAN:2::::"
;

   "Ehv017A_OME01" 12-12-29 15:46:14
A  0000124183 REPT EVT LOG
   "DATE=12-12-29,TIME=15-46-14:USERID=OMEAMAN,PRIORITY=GEN_TL1_CMD,STATUS=COMPLD:RTRV-ATTR-CSA::8::::"
;<<RTRV-HDR keep alive sent>>
IP 24
<

   "Ehv017A_OME01" 12-12-29 15:46:24
M  24 COMPLD
;<<RTRV-HDR keep alive sent>>
IP 25
<

   "Ehv017A_OME01" 12-12-29 15:48:24
M  25 COMPLD
;<<RTRV-HDR keep alive sent>>
IP 26
<

   "Ehv017A_OME01" 12-12-29 15:50:24
M  26 COMPLD
;

   "Ehv017A_OME01" 12-12-29 15:52:12
A  0000124184 REPT EVT LOG
   "DATE=12-12-29,TIME=15-52-12:USERID=SNSCRIPT,PRIORITY=GEN_TL1_CMD,STATUS=COMPLD:ACT-USER:SNSCRIPT:1::::"
;

   "Ehv017A_OME01" 12-12-29 15:52:13
A  0000124185 REPT EVT LOG
   "DATE=12-12-29,TIME=15-52-13:USERID=SNSCRIPT,PRIORITY=GEN_TL1_CMD,STATUS=COMPLD:CANC-USER:SNSCRIPT:1::::"
;<<RTRV-HDR keep alive sent>>
IP 27
<

   "Ehv017A_OME01" 12-12-29 15:52:24
M  27 COMPLD
;<<RTRV-HDR keep alive sent>>
IP 28
<

   "Ehv017A_OME01" 12-12-29 15:54:25
M  28 COMPLD
;<<RTRV-HDR keep alive sent>>
IP 29
<

   "Ehv017A_OME01" 12-12-29 15:56:25
M  29 COMPLD
;<<RTRV-HDR keep alive sent>>
IP 30
<

   "Ehv017A_OME01" 12-12-29 15:58:27
M  30 COMPLD
;<<RTRV-HDR keep alive sent>>
IP 31
<

   "Ehv017A_OME01" 12-12-29 16:00:26
M  31 COMPLD
;

   "Ehv017A_OME01" 12-12-29 16:00:39
A  0000124186 REPT EVT LOG
   "DATE=12-12-29,TIME=16-00-39:USERID=OMEAMAN,PRIORITY=GEN_TL1_CMD,STATUS=COMPLD:ACT-USER:OMEAMAN:3::::"
;

   "Ehv017A_OME01" 12-12-29 16:00:40
A  0000124187 REPT EVT LOG
   "DATE=12-12-29,TIME=16-00-40:USERID=OMEAMAN,PRIORITY=GEN_TL1_CMD,STATUS=COMPLD:CANC-USER:OMEAMAN:9::::"
;

   "Ehv017A_OME01" 12-12-29 16:00:42
A  0000124188 REPT EVT LOG
   "DATE=12-12-29,TIME=16-00-42:USERID=OMEAMAN,PRIORITY=GEN_TL1_CMD,STATUS=COMPLD:ACT-USER:OMEAMAN:2::::"
;

   "Ehv017A_OME01" 12-12-29 16:00:44
A  0000124189 REPT EVT LOG
   "DATE=12-12-29,TIME=16-00-44:USERID=OMEAMAN,PRIORITY=GEN_TL1_CMD,STATUS=COMPLD:RTRV-ATTR-CSA::8::::"
;

   "Ehv017A_OME01" 12-12-29 16:01:00
A  0000124190 REPT EVT LOG
   "DATE=12-12-29,TIME=16-01-00:USERID=SNSCRIPT,PRIORITY=GEN_TL1_CMD,STATUS=COMPLD:ACT-USER:SNSCRIPT:1::::"
;

   "Ehv017A_OME01" 12-12-29 16:01:00
A  0000124191 REPT EVT LOG
   "DATE=12-12-29,TIME=16-01-00:USERID=SNSCRIPT,PRIORITY=GEN_TL1_CMD,STATUS=COMPLD:CANC-USER:SNSCRIPT:1::::"
;<<RTRV-HDR keep alive sent>>
IP 32
<

   "Ehv017A_OME01" 12-12-29 16:02:27
M  32 COMPLD
;<<RTRV-HDR keep alive sent>>
IP 33
<

   "Ehv017A_OME01" 12-12-29 16:04:27
M  33 COMPLD
;<<RTRV-HDR keep alive sent>>
IP 34
<

   "Ehv017A_OME01" 12-12-29 16:06:28
M  34 COMPLD
;<<RTRV-HDR keep alive sent>>
IP 35
<

   "Ehv017A_OME01" 12-12-29 16:08:29
M  35 COMPLD
;<<RTRV-HDR keep alive sent>>
IP 36
<

   "Ehv017A_OME01" 12-12-29 16:10:28
M  36 COMPLD
;<<RTRV-HDR keep alive sent>>
IP 37
<

   "Ehv017A_OME01" 12-12-29 16:12:29
M  37 COMPLD
;

   "Ehv017A_OME01" 12-12-29 16:14:18
A  0000124192 REPT EVT LOG
   "DATE=12-12-29,TIME=16-14-18:USERID=SNSCRIPT,PRIORITY=GEN_TL1_CMD,STATUS=COMPLD:ACT-USER:SNSCRIPT:1::::"
;

   "Ehv017A_OME01" 12-12-29 16:14:18
A  0000124193 REPT EVT LOG
   "DATE=12-12-29,TIME=16-14-18:USERID=SNSCRIPT,PRIORITY=GEN_TL1_CMD,STATUS=COMPLD:CANC-USER:SNSCRIPT:1::::"
;<<RTRV-HDR keep alive sent>>
IP 38
<

   "Ehv017A_OME01" 12-12-29 16:14:29
M  38 COMPLD
;

   "Ehv017A_OME01" 12-12-29 16:16:00
A  0000124194 REPT EVT LOG
   "DATE=12-12-29,TIME=16-16-00:USERID=SNSCRIPT,PRIORITY=GEN_TL1_CMD,STATUS=COMPLD:ACT-USER:SNSCRIPT:1::::"
;

   "Ehv017A_OME01" 12-12-29 16:16:01
A  0000124195 REPT EVT LOG
   "DATE=12-12-29,TIME=16-16-01:USERID=SNSCRIPT,PRIORITY=GEN_TL1_CMD,STATUS=COMPLD:CANC-USER:SNSCRIPT:1::::"
;<<RTRV-HDR keep alive sent>>
IP 39
<

   "Ehv017A_OME01" 12-12-29 16:16:30
M  39 COMPLD
;<<RTRV-HDR keep alive sent>>
IP 40
<

   "Ehv017A_OME01" 12-12-29 16:18:29
M  40 COMPLD
;<<RTRV-HDR keep alive sent>>
IP 41
<

   "Ehv017A_OME01" 12-12-29 16:20:30
M  41 COMPLD
;<<RTRV-HDR keep alive sent>>
IP 42
<

   "Ehv017A_OME01" 12-12-29 16:22:30
M  42 COMPLD
;<<RTRV-HDR keep alive sent>>
IP 43
<

   "Ehv017A_OME01" 12-12-29 16:24:31
M  43 COMPLD
;<<RTRV-HDR keep alive sent>>
IP 44
<

   "Ehv017A_OME01" 12-12-29 16:26:31
M  44 COMPLD
;<<RTRV-HDR keep alive sent>>
IP 45
<

   "Ehv017A_OME01" 12-12-29 16:28:31
M  45 COMPLD
;<<RTRV-HDR keep alive sent>>
IP 46
<

   "Ehv017A_OME01" 12-12-29 16:30:32
M  46 COMPLD
;

   "Ehv017A_OME01" 12-12-29 16:31:02
A  0000124196 REPT EVT LOG
   "DATE=12-12-29,TIME=16-31-02:USERID=SNSCRIPT,PRIORITY=GEN_TL1_CMD,STATUS=COMPLD:ACT-USER:SNSCRIPT:1::::"
;

   "Ehv017A_OME01" 12-12-29 16:31:03
A  0000124197 REPT EVT LOG
   "DATE=12-12-29,TIME=16-31-03:USERID=SNSCRIPT,PRIORITY=GEN_TL1_CMD,STATUS=COMPLD:CANC-USER:SNSCRIPT:1::::"
;<<RTRV-HDR keep alive sent>>
IP 47
<

   "Ehv017A_OME01" 12-12-29 16:32:32
M  47 COMPLD
;<<RTRV-HDR keep alive sent>>
IP 48
<

   "Ehv017A_OME01" 12-12-29 16:34:33
M  48 COMPLD
;<<RTRV-HDR keep alive sent>>
IP 49
<

   "Ehv017A_OME01" 12-12-29 16:36:33
M  49 COMPLD
;<<RTRV-HDR keep alive sent>>
IP 50
<

   "Ehv017A_OME01" 12-12-29 16:38:33
M  50 COMPLD
;<<RTRV-HDR keep alive sent>>
IP 51
<

   "Ehv017A_OME01" 12-12-29 16:40:33
M  51 COMPLD
;<<RTRV-HDR keep alive sent>>
IP 52
<

   "Ehv017A_OME01" 12-12-29 16:42:34
M  52 COMPLD
;<<RTRV-HDR keep alive sent>>
IP 53
<

   "Ehv017A_OME01" 12-12-29 16:44:34
M  53 COMPLD
;

   "Ehv017A_OME01" 12-12-29 16:46:02
A  0000124198 REPT EVT LOG
   "DATE=12-12-29,TIME=16-46-02:USERID=SNSCRIPT,PRIORITY=GEN_TL1_CMD,STATUS=COMPLD:ACT-USER:SNSCRIPT:1::::"
;

   "Ehv017A_OME01" 12-12-29 16:46:03
A  0000124199 REPT EVT LOG
   "DATE=12-12-29,TIME=16-46-03:USERID=SNSCRIPT,PRIORITY=GEN_TL1_CMD,STATUS=COMPLD:CANC-USER:SNSCRIPT:1::::"
;<<RTRV-HDR keep alive sent>>
IP 54
<

   "Ehv017A_OME01" 12-12-29 16:46:34
M  54 COMPLD
;<<RTRV-HDR keep alive sent>>
IP 55
<

   "Ehv017A_OME01" 12-12-29 16:48:35
M  55 COMPLD
;<<RTRV-HDR keep alive sent>>
IP 56
<

   "Ehv017A_OME01" 12-12-29 16:50:35
M  56 COMPLD
;<<RTRV-HDR keep alive sent>>
IP 57
<

   "Ehv017A_OME01" 12-12-29 16:52:36
M  57 COMPLD
;<<RTRV-HDR keep alive sent>>
IP 58
<

   "Ehv017A_OME01" 12-12-29 16:54:36
M  58 COMPLD
;<<RTRV-HDR keep alive sent>>
IP 59
<

   "Ehv017A_OME01" 12-12-29 16:56:36
M  59 COMPLD
;