***** (re)Starting logger at Thu Feb 03 10:28:12 CET 2011*****


**** TL1 session opened at Thu Feb 03 10:28:12 CET 2011 ****


<<RTRV-HDR keep alive sent>>
??????

WARNING! This computer system and network is PRIVATE and PROPRIETARY of SURF
net and may only be accesses by authorized users.  Unauthorized use of this
 computer system or network is strictly prohibited and may be subject to cr
iminal prosecution, employee discipline up to and including discharge, or t
he termination of the vendor/service contracts.  The owner, or its agents,
may monitor any activity or communication on the computer system or network
.

----- Copyright (c) 2000 - 2010 Ciena Corporation. All Rights Reserved -----
|  NOTICE: This is a private computer system.                              |
|  Unauthorized access or use may lead to prosecution.                     |
|                                                                          |
|  Ciena Optical Multiservice Edge 6500 OPTICAL                            |
----------------------------------------------------------------------------

/*
 * Starting Interactive TL1 Command Mode.
 * Type ? for help while constructing TL1 commands.
 * Type .? for specific parameter/keyword help.
 */


IP 2
<

   "Asd001A_OME1T" 11-02-03 09:28:14
M  2 DENY
   PLNA
   /*Privilege, Login Not Active*/
;<<ACT-USER sent, password hidden>>
IP 3
<

   "Asd001A_OME1T" 11-02-03 09:28:16
M  3 COMPLD
;RTRV-NETYPE:"Asd001A_OME1T"::4;
IP 4
<

   "Asd001A_OME1T" 11-02-03 09:28:16
M  4 COMPLD
   "NORTEL,\"Optical Multiservice Edge 6500 OPTICAL\",OCP,\"REL0603Z.BC\""
;RTRV-SW-VER:"Asd001A_OME1T"::5;
IP 5
<

   "Asd001A_OME1T" 11-02-03 09:28:16
M  5 COMPLD
   "SHELF-1:REL0603Z.BC"
;RTRV-RTG-INFO:"Asd001A_OME1T"::6:::NAME="Asd001A_OME1T";
IP 6
<

   "Asd001A_OME1T" 11-02-03 09:28:16
M  6 COMPLD
   "SHELF-1::,\"Asd001A_OME1T\",0020D8DF338B|192.168.100.1,00001600,YES"
;RTRV-SYS:"Asd001A_OME1T"::7;
IP 7
<

   "Asd001A_OME1T" 11-02-03 09:28:16
M  7 COMPLD
   "ALMHO=2.5,ALMCORR=OFF,BAYFICINAO=FALSE,LINEPEVSTAT=MAN&AUTO,GCC0MODE=IISIS,GCC1MODE=DISABLED,PATHSDTH=6,PATHEBERTH=3,PATHSWCRIT=AIS&LOP&UNEQ&EBER&SD,PTHAISINSERT=AIS&LOP,PATHPEVSTAT=MAN,PROVCURRENT=40,EQPTCURRENT=40,ACTUALPOWER=485,MONITORFAN=ENABLED,MINCOOLING=LOWFLOW,ACTUALCOOLING=LOWFLOW,LASEROFFFARENDFAIL=DISABLED,NEMODE=SDH,FILLERMGMT=ENABLED,CSFMCASTMAC=0180c2880001,BITSMODE=SDH,ETHSDTH=1,ETHEERTH=20,FCSDTH=1,FCEERTH=20,WANFRSDTH=1,WANFREERTH=20,WANTRSDTH=1,WANTREERTH=20,ETHGFPRFI=ENABLED,ETHGFPRFIUPI=128,OSCMODE=OSPF"
;ALW-MSG-BROADCAST:"Asd001A_OME1T":ALL:8;
IP 8
<

   "Asd001A_OME1T" 11-02-03 09:28:17
M  8 COMPLD
;RTRV-EQPT:"Asd001A_OME1T":ALL:9;
IP 9
<

   "Asd001A_OME1T" 11-02-03 09:28:17
M  9 COMPLD
   "GE-1-1::PROVPEC=NTK535LA,CTYPE=\"4xGbE/GFP/p-p Optical\",SNMPINDEX=285476864,PEC=NTK535LA,REL= 02 ,CLEI=WMOTAJ4JAB,SER=NNTM01D1D3HOT,MDAT=2004-36,AGE=05-041-19-58,ONSC=02-132-22-35:IS,ACT"
   "PGEFC-1-1-1::PROVPEC=NTTP01CF,CTYPE=\"GE LX [10k]/FC100 SM 1310nm LC SFP\",SNMPINDEX=285476865,PEC=NTTP01CF,REL=01,CLEI=WMOTAH1JAA,SER=EXLGJP9354010529:IS,IDLE"
   "PGEFC-1-1-2::PROVPEC=NTTP01CF,CTYPE=\"GE LX [10k]/FC100 SM 1310nm LC SFP\",SNMPINDEX=285476866,PEC=NTTP01CF,REL=01,CLEI=WMOTAH1JAA,SER=EXLGJPM4E4260919:IS,IDLE"
   "PGEFC-1-1-3::PROVPEC=NTTP01CF,CTYPE=\"GE LX [10k]/FC100 SM 1310nm LC SFP\",SNMPINDEX=285476867,PEC=NTTP01CF,REL=01,CLEI=WMOTAH1JAA,SER=EXLGJPM6T5030271:IS,ACT"
   "PGEFC-1-1-4::PROVPEC=NTTP01CF,CTYPE=\"GE LX [10k]/FC100 SM 1310nm LC SFP\",SNMPINDEX=285476868,PEC=NTTP01CF,REL=01,CLEI=WMOTAH1JAA,SER=EXLGJP9354010527:IS,IDLE"
   "GE-1-2::PROVPEC=NTK535LA,CTYPE=\"4xGbE/GFP/p-p Optical\",SNMPINDEX=285478912,PEC=NTK535LA,REL=06  ,CLEI=WMOTAJ4JAD,SER=NNTMH86002AOS,MDAT=2007-10,AGE=03-135-05-48,ONSC=01-242-20-09:IS,ACT"
   "PGEFC-1-2-1::PROVPEC=NTK591RB,CTYPE=\"Trcvr,1.25Gb/s,24dB,CWDM,1571nm\",SNMPINDEX=285478913,PEC=NTK591RB,REL=02,CLEI=WMOTBKJJAA,SER=EXLGJP8915140012:IS,ACT"
   "PGEFC-1-2-2::PROVPEC=NTTP01AF,CTYPE=\"GE SX/FC100 Mx 850nm LC SFP\",SNMPINDEX=285478914,PEC=NTTP01AF,REL=01,CLEI=SOC3NNFCAA,SER=AGLTMY00001CE5  :IS,ACT"
   "PGEFC-1-2-3::PROVPEC=NTTP01CF,CTYPE=\"GE LX [10k]/FC100 SM 1310nm LC SFP\",SNMPINDEX=285478915,PEC=NTTP01CF,REL=01,CLEI=WMOTAH1JAA,SER=EXLGJPD851590253:IS,ACT"
   "PGEFC-1-2-4::PROVPEC=NTTP01CF,CTYPE=\"GE LX [10k]/FC100 SM 1310nm LC SFP\",SNMPINDEX=285478916,PEC=NTTP01CF,REL=01,CLEI=WMOTAH1JAA,SER=EXLGJPD751590594:IS,ACT"
>

   "Asd001A_OME1T" 11-02-03 09:28:17
M  9 COMPLD
   "20GL2SS-1-5::PROVPEC=NTK531HA,CTYPE=\"20G L2SS 16 Port I/O 2xXFP 8xSFP\",SNMPINDEX=285485056,PEC=NTK531HA,REL= 01 ,CLEI=WOCUAC9MAA,SER=NNTMEY0006YK,MDAT=2009-05,AGE=01-208-09-14,ONSC=00-093-17-52,MAPMODE=AU4_VT2,WANCONFIG=8HI56LOCAP,CARRIER1=NONE,CARRIER2=NONE:IS,IDLE"
   "P10GSOEL-1-5-1::PROVPEC=NTTP84BA,CTYPE=\"OC192 SR1/I64.1 10G LR/LW OTU2/10GFC 1200SMLLL 100m 1310 nm XFP\",SNMPINDEX=285485057,PEC=NTTP84BA,REL=01,CLEI=WOTRANAKAA,SER=OPNXTHT09B56075 :IS,IDLE"
   "P10GSOEL-1-5-2::PROVPEC=NTTP84BA,CTYPE=\"OC192 SR1/I64.1 10G LR/LW OTU2/10GFC 1200SMLLL 100m 1310 nm XFP\",SNMPINDEX=285485058,PEC=NTTP84BA,REL=01,CLEI=WOTRANAKAA,SER=OPNXTHT09B56096 :OOS-MA,IDLE"
   "PGEFC-1-5-3::PROVPEC=NTTP01CF,CTYPE=\"GE LX [10k]/FC100 SM 1310nm LC SFP\",SNMPINDEX=285485059,PEC=NTTP01CF,REL=01,CLEI=WMOTAH1JAA,SER=EXLGJPM5E4260082:IS,IDLE"
   "10G-1-6::PROVPEC=NTK526LA,CTYPE=\"1xOC-192/STM-64 STS-1/HO DWDM 1538.19nm\",SNMPINDEX=285487104,PEC=NTK526LA,REL= 05 ,CLEI=WMOTBD0JAA,SER=NNTM01Q1D46W8,MDAT=2004-50,AGE=05-234-01-03,ONSC=02-200-22-54:IS,IDLE"
   "XC-1-7::PROVPEC=NTK557AA,CTYPE=\"X-CONN 80G STS-1/VC-3 SYNC-ST3\",SNMPINDEX=285489152,PEC=NTK557AA,REL= 03 ,CLEI=WMIXCC0BAC,SER=NNTM01C1D3DBP,MDAT=2004-34,AGE=00-153-19-13,ONSC=00-153-19-13:IS,WRKTRAF&WRKSYNC"
   "XC-1-8::PROVPEC=NTK557AA,CTYPE=\"X-CONN 80G STS-1/VC-3 SYNC-ST3\",SNMPINDEX=285491200,PEC=NTK557AA,REL= 03 ,CLEI=WMIXCC0BAC,SER=NNTM0161D3G7O,MDAT=2004-35,AGE=00-153-19-17,ONSC=00-153-19-17:IS,STBYH"
   "10G-1-9::PROVPEC=NTK526LN,CTYPE=\"1xOC-192/STM-64 STS-1/HO DWDM 1542.94nm\",SNMPINDEX=285493248,PEC=NTK526LN,REL= 05 ,CLEI=WMOTBD5JAA,SER=NNTM0121D4468,MDAT=2004-48,AGE=05-165-23-31,ONSC=01-180-21-57:IS,IDLE"
   "SP-1-15::PROVPEC=NTK555AA,CTYPE=\"Processor SP\",SNMPINDEX=285505536,PEC=NTK555AA,REL= 05 ,CLEI=WMUCAJFAAB,SER=NNTM01F1D3O88,MDAT=2004-39,AGE=05-331-19-36,ONSC=00-190-17-55:IS,"
;RTRV-OC3:"Asd001A_OME1T":OC3-1-ALL:10;
IP 10
<

   "Asd001A_OME1T" 11-02-03 09:28:17
M  10 COMPLD
;RTRV-OC12:"Asd001A_OME1T":OC12-1-ALL:11;
IP 11
<

   "Asd001A_OME1T" 11-02-03 09:28:17
M  11 COMPLD
;RTRV-OC48:"Asd001A_OME1T":OC48-1-ALL:12;
IP 12
<

   "Asd001A_OME1T" 11-02-03 09:28:17
M  12 COMPLD
;RTRV-OC192:"Asd001A_OME1T":OC192-1-ALL:13;
IP 13
<

   "Asd001A_OME1T" 11-02-03 09:28:17
M  13 COMPLD
   "OC192-1-6-1::TMGREF=N,DCC=Y,,SDTH=6,,,,,ALS=DISABLED,DUSOVERRIDE=DISABLED,EBERTH=3,PORTMODE=SDH,UNEQMODE=VC4,,:IS,DISCD"
   "OC192-1-9-1::TMGREF=Y,DCC=Y,,SDTH=6,,,,,ALS=DISABLED,DUSOVERRIDE=DISABLED,EBERTH=3,PORTMODE=SDH,UNEQMODE=VC4,,:IS,DISCD"
;RTRV-ETH:"Asd001A_OME1T":ETH-1-ALL:14;
IP 14
<

   "Asd001A_OME1T" 11-02-03 09:28:21
M  14 COMPLD
   "ETH-1-1-1::AN=ENABLE,ANSTATUS=INPROGRESS,ANETHDPX=UNKNOWN,ANSPEED=UNKNOWN,ANPAUSETX=UNKNOWN,ANPAUSERX=UNKNOWN,ADVETHDPX=UNKNOWN,ADVSPEED=UNKNOWN,ADVFLOWCTRL=UNKNOWN,ETHDPX=FULL,SPEED=1000,FLOWCTRL=ASYM,PAUSETX=ENABLE,PAUSERX=DISABLE,PAUSERXOVERRIDE=ENABLE,MTU=9600,TXCON=ENABLE,PASSCTRL=DISABLE,PAUSETXOVERRIDE=DISABLE,RXIDLE=0,CFPRF=CFPRF-1-4,PHYSADDR=0020D8DF39BD:OOS-AU,FLT&DISCD"
   "ETH-1-1-2::AN=ENABLE,ANSTATUS=INPROGRESS,ANETHDPX=UNKNOWN,ANSPEED=UNKNOWN,ANPAUSETX=UNKNOWN,ANPAUSERX=UNKNOWN,ADVETHDPX=UNKNOWN,ADVSPEED=UNKNOWN,ADVFLOWCTRL=UNKNOWN,ETHDPX=FULL,SPEED=1000,FLOWCTRL=NONE,PAUSETX=ENABLE,PAUSERX=DISABLE,PAUSERXOVERRIDE=ENABLE,MTU=9600,TXCON=ENABLE,PASSCTRL=DISABLE,PAUSETXOVERRIDE=DISABLE,RXIDLE=0,CFPRF=CFPRF-1-4,PHYSADDR=0020D8DF39BE:OOS-AU,FLT&DISCD"
   "ETH-1-1-3::AN=ENABLE,ANSTATUS=INPROGRESS,ANETHDPX=UNKNOWN,ANSPEED=UNKNOWN,ANPAUSETX=UNKNOWN,ANPAUSERX=UNKNOWN,ADVETHDPX=UNKNOWN,ADVSPEED=UNKNOWN,ADVFLOWCTRL=UNKNOWN,ETHDPX=FULL,SPEED=1000,FLOWCTRL=ASYM,PAUSETX=ENABLE,PAUSERX=DISABLE,PAUSERXOVERRIDE=ENABLE,MTU=9600,TXCON=ENABLE,PASSCTRL=DISABLE,PAUSETXOVERRIDE=DISABLE,RXIDLE=0,CFPRF=CFPRF-1-4,PHYSADDR=0020D8DF39BF:OOS-AU,FLT"
   "ETH-1-1-4::AN=ENABLE,ANSTATUS=INPROGRESS,ANETHDPX=UNKNOWN,ANSPEED=UNKNOWN,ANPAUSETX=UNKNOWN,ANPAUSERX=UNKNOWN,ADVETHDPX=UNKNOWN,ADVSPEED=UNKNOWN,ADVFLOWCTRL=UNKNOWN,ETHDPX=FULL,SPEED=1000,FLOWCTRL=ASYM,PAUSETX=ENABLE,PAUSERX=DISABLE,PAUSERXOVERRIDE=ENABLE,MTU=9600,TXCON=ENABLE,PASSCTRL=DISABLE,PAUSETXOVERRIDE=DISABLE,RXIDLE=0,CFPRF=CFPRF-1-4,PHYSADDR=0020D8DF39C0:OOS-MA,DISCD"
   "ETH-1-2-1::AN=ENABLE,ANSTATUS=COMPLETED,ANETHDPX=FULL,ANSPEED=1000,ANPAUSETX=DISABLE,ANPAUSERX=DISABLE,ADVETHDPX=FULL,ADVSPEED=1000,ADVFLOWCTRL=SYM,ETHDPX=FULL,SPEED=1000,FLOWCTRL=ASYM,PAUSETX=ENABLE,PAUSERX=DISABLE,PAUSERXOVERRIDE=ENABLE,MTU=9600,TXCON=DISABLE,PASSCTRL=DISABLE,PAUSETXOVERRIDE=DISABLE,RXIDLE=0,CFPRF=CFPRF-1-4,PHYSADDR=0016CA4055F1:IS"
>

   "Asd001A_OME1T" 11-02-03 09:28:21
M  14 COMPLD
   "ETH-1-2-2::AN=ENABLE,ANSTATUS=INPROGRESS,ANETHDPX=UNKNOWN,ANSPEED=UNKNOWN,ANPAUSETX=UNKNOWN,ANPAUSERX=UNKNOWN,ADVETHDPX=UNKNOWN,ADVSPEED=UNKNOWN,ADVFLOWCTRL=UNKNOWN,ETHDPX=FULL,SPEED=1000,FLOWCTRL=ASYM,PAUSETX=DISABLE,PAUSERX=DISABLE,PAUSERXOVERRIDE=ENABLE,MTU=9600,TXCON=ENABLE,PASSCTRL=DISABLE,PAUSETXOVERRIDE=DISABLE,RXIDLE=0,CFPRF=CFPRF-1-4,PHYSADDR=0016CA4055F2:OOS-MA"
   "ETH-1-2-3::AN=ENABLE,ANSTATUS=COMPLETED,ANETHDPX=FULL,ANSPEED=1000,ANPAUSETX=DISABLE,ANPAUSERX=DISABLE,ADVETHDPX=FULL,ADVSPEED=1000,ADVFLOWCTRL=BOTH,ETHDPX=FULL,SPEED=1000,FLOWCTRL=NONE,PAUSETX=DISABLE,PAUSERX=DISABLE,PAUSERXOVERRIDE=ENABLE,MTU=9600,TXCON=ENABLE,PASSCTRL=DISABLE,PAUSETXOVERRIDE=DISABLE,RXIDLE=0,CFPRF=CFPRF-1-4,PHYSADDR=0016CA4055F3:IS"
   "ETH-1-2-4::AN=ENABLE,ANSTATUS=INPROGRESS,ANETHDPX=UNKNOWN,ANSPEED=UNKNOWN,ANPAUSETX=UNKNOWN,ANPAUSERX=UNKNOWN,ADVETHDPX=UNKNOWN,ADVSPEED=UNKNOWN,ADVFLOWCTRL=UNKNOWN,ETHDPX=FULL,SPEED=1000,FLOWCTRL=NONE,PAUSETX=ENABLE,PAUSERX=DISABLE,PAUSERXOVERRIDE=ENABLE,MTU=9600,TXCON=DISABLE,PASSCTRL=DISABLE,PAUSETXOVERRIDE=DISABLE,RXIDLE=0,CFPRF=CFPRF-1-4,PHYSADDR=0016CA4055F4:OOS-AU,FLT"
   "ETH-1-5-3::AN=ENABLE,ANSTATUS=INPROGRESS,ANETHDPX=UNKNOWN,ANSPEED=UNKNOWN,ANPAUSETX=UNKNOWN,ANPAUSERX=UNKNOWN,ADVETHDPX=UNKNOWN,ADVSPEED=UNKNOWN,ADVFLOWCTRL=UNKNOWN,ETHDPX=FULL,SPEED=1000,FLOWCTRL=NONE,PAUSETX=DISABLE,PAUSERX=DISABLE,MTU=9216,IFTYPE=UNI,POLICING=DISABLE,ETYPE=8100,PMODE=PBITS,TXCOSPRF=TXCOSPRF-1-30,RXCOSPRF=RXCOSPRF-1-30,URXCOS=0,CFPRF=CFPRF-1-1,SCHPRF=SCHPRF-1-1,QGRP1=QGRP-1-68,QGRP2=QGRP-1-68,PHYSADDR=0021E1DB2DA3,SNMPINDEX=537198690,PBTLISTSUP=0,PORTBW=BWPRF-1-0:OOS-AUMA,FLT&DSBLD"
;RTRV-ETH10G:"Asd001A_OME1T":ETH10G-1-ALL:15;
IP 15
<

   "Asd001A_OME1T" 11-02-03 09:28:24
M  15 COMPLD
   "ETH10G-1-5-1::MTU=9216,FLOWCTRL=NONE,IFTYPE=UNI,CFPRF=CFPRF-1-1,TXCOSPRF=TXCOSPRF-1-3,RXCOSPRF=RXCOSPRF-1-3,URXCOS=6,SCHPRF=SCHPRF-1-1,QGRP1=QGRP-1-68,QGRP2=QGRP-1-68,POLICING=ENABLE,ETYPE=8100,PMODE=PBITS,SNMPINDEX=537198632,PORTBW=BWPRF-1-0,PBTLISTSUP=0,AN=DISABLE,ANSTATUS=DISABLED,ETHDPX=FULL,SPEED=10G,PAUSETX=DISABLE,PAUSERX=DISABLE,ANETHDPX=UNKNOWN,ANSPEED=UNKNOWN,ANPAUSETX=UNKNOWN,ANPAUSERX=UNKNOWN,ADVETHDPX=UNKNOWN,ADVSPEED=UNKNOWN,ADVFLOWCTRL=UNKNOWN,PHYSADDR=0021E1DB2DA1,EQPT=XGELAN:IS,DSBLD"
   "ETH10G-1-5-2::MTU=9216,FLOWCTRL=NONE,IFTYPE=UNI,CFPRF=CFPRF-1-1,TXCOSPRF=TXCOSPRF-1-30,RXCOSPRF=RXCOSPRF-1-30,URXCOS=0,SCHPRF=SCHPRF-1-1,QGRP1=QGRP-1-68,QGRP2=QGRP-1-68,POLICING=DISABLE,ETYPE=8100,PMODE=PBITS,SNMPINDEX=537198664,PORTBW=BWPRF-1-0,PBTLISTSUP=0,AN=DISABLE,ANSTATUS=DISABLED,ETHDPX=FULL,SPEED=10G,PAUSETX=DISABLE,PAUSERX=DISABLE,ANETHDPX=UNKNOWN,ANSPEED=UNKNOWN,ANPAUSETX=UNKNOWN,ANPAUSERX=UNKNOWN,ADVETHDPX=UNKNOWN,ADVSPEED=UNKNOWN,ADVFLOWCTRL=UNKNOWN,PHYSADDR=0021E1DB2DA2,EQPT=XGELAN:OOS-AUMA,FLT&DSBLD"
;RTRV-ETH100:"Asd001A_OME1T":ETH100-1-ALL:16;
IP 16
<

   "Asd001A_OME1T" 11-02-03 09:28:24
M  16 COMPLD
;RTRV-WAN:"Asd001A_OME1T":WAN-1-ALL:17;
IP 17
<

   "Asd001A_OME1T" 11-02-03 09:28:25
M  17 COMPLD
   "WAN-1-1-1::MAPPING=GFP-F,RATE=NONE,VCAT=ENABLE,LCAS=DISABLE,PROVUNITS=0,ACTUALUNITS=0,MAGICNUM=DISABLE,LCM=DISABLE,NCP=NONE,MODE=SDH,FCS=32,SCRAMBLE=ENABLE,LANFCS=ENABLE,RTDELAY=UNKNOWN,CONDTYPE=GFPCMF,GFPRFI=ENABLE,PROVRXUNITS=0,GFPRTDELAY=ENABLE,MAXVCDEL=14000,CURRVCDEL=0,ACTUALRXUNITS=0:IS,DISCD"
   "WAN-1-1-2::MAPPING=GFP-F,RATE=NONE,VCAT=ENABLE,LCAS=DISABLE,PROVUNITS=0,ACTUALUNITS=0,MAGICNUM=DISABLE,LCM=DISABLE,NCP=NONE,MODE=SDH,FCS=32,SCRAMBLE=ENABLE,LANFCS=ENABLE,RTDELAY=UNKNOWN,CONDTYPE=GFPCMF,GFPRFI=ENABLE,PROVRXUNITS=0,GFPRTDELAY=ENABLE,MAXVCDEL=14000,CURRVCDEL=0,ACTUALRXUNITS=0:IS,DISCD"
   "WAN-1-1-3::MAPPING=GFP-F,RATE=STS3C,VCAT=ENABLE,LCAS=DISABLE,PROVUNITS=1,ACTUALUNITS=1,MAGICNUM=DISABLE,LCM=DISABLE,NCP=NONE,MODE=SDH,FCS=32,SCRAMBLE=ENABLE,LANFCS=ENABLE,RTDELAY=85,CONDTYPE=GFPCMF,GFPRFI=ENABLE,PROVRXUNITS=1,GFPRTDELAY=ENABLE,MAXVCDEL=14000,CURRVCDEL=0,ACTUALRXUNITS=1:IS"
   "WAN-1-1-4::MAPPING=GFP-F,RATE=NONE,VCAT=ENABLE,LCAS=DISABLE,PROVUNITS=0,ACTUALUNITS=0,MAGICNUM=DISABLE,LCM=DISABLE,NCP=NONE,MODE=SDH,FCS=32,SCRAMBLE=ENABLE,LANFCS=ENABLE,RTDELAY=UNKNOWN,CONDTYPE=GFPCMF,GFPRFI=ENABLE,PROVRXUNITS=0,GFPRTDELAY=ENABLE,MAXVCDEL=14000,CURRVCDEL=0,ACTUALRXUNITS=0:OOS-MA,DISCD"
   "WAN-1-2-1::MAPPING=GFP-F,RATE=STS3C,VCAT=ENABLE,LCAS=DISABLE,PROVUNITS=1,ACTUALUNITS=1,MAGICNUM=DISABLE,LCM=DISABLE,NCP=NONE,MODE=SDH,FCS=32,SCRAMBLE=ENABLE,LANFCS=ENABLE,RTDELAY=48,CONDTYPE=GFPCMF,GFPRFI=ENABLE,PROVRXUNITS=1,GFPRTDELAY=ENABLE,MAXVCDEL=14000,CURRVCDEL=0,ACTUALRXUNITS=1:IS"
>

   "Asd001A_OME1T" 11-02-03 09:28:25
M  17 COMPLD
   "WAN-1-2-2::MAPPING=GFP-F,RATE=STS3C,VCAT=ENABLE,LCAS=DISABLE,PROVUNITS=1,ACTUALUNITS=1,MAGICNUM=DISABLE,LCM=DISABLE,NCP=NONE,MODE=SDH,FCS=32,SCRAMBLE=ENABLE,LANFCS=ENABLE,RTDELAY=49,CONDTYPE=GFPCMF,GFPRFI=ENABLE,PROVRXUNITS=1,GFPRTDELAY=ENABLE,MAXVCDEL=14000,CURRVCDEL=0,ACTUALRXUNITS=1:OOS-MA"
   "WAN-1-2-3::MAPPING=GFP-F,RATE=STS3C,VCAT=ENABLE,LCAS=DISABLE,PROVUNITS=1,ACTUALUNITS=UNKNOWN,MAGICNUM=DISABLE,LCM=DISABLE,NCP=NONE,MODE=SDH,FCS=32,SCRAMBLE=ENABLE,LANFCS=ENABLE,RTDELAY=UNKNOWN,CONDTYPE=GFPCMF,GFPRFI=ENABLE,PROVRXUNITS=1,GFPRTDELAY=ENABLE,MAXVCDEL=UNKNOWN,CURRVCDEL=UNKNOWN,ACTUALRXUNITS=UNKNOWN:IS"
   "WAN-1-2-4::MAPPING=GFP-F,RATE=STS3C,VCAT=ENABLE,LCAS=DISABLE,PROVUNITS=1,ACTUALUNITS=UNKNOWN,MAGICNUM=DISABLE,LCM=DISABLE,NCP=NONE,MODE=SDH,FCS=32,SCRAMBLE=ENABLE,LANFCS=ENABLE,RTDELAY=UNKNOWN,CONDTYPE=GFPCMF,GFPRFI=ENABLE,PROVRXUNITS=1,GFPRTDELAY=ENABLE,MAXVCDEL=UNKNOWN,CURRVCDEL=UNKNOWN,ACTUALRXUNITS=UNKNOWN:IS"
;RTRV-VCS:"Asd001A_OME1T":VCS-1-ALL:18;
IP 18
<

   "Asd001A_OME1T" 11-02-03 09:28:26
M  18 COMPLD
;RTRV-VCE:"Asd001A_OME1T":VCE-1-ALL:19;
IP 19
<

   "Asd001A_OME1T" 11-02-03 09:28:26
M  19 COMPLD
;RTRV-VCEMAP:"Asd001A_OME1T":VCEMAP-1-ALL:20;
IP 20
<

   "Asd001A_OME1T" 11-02-03 09:28:26
M  20 COMPLD
;RTRV-CRS-ALL:"Asd001A_OME1T"::21:::CKTID=ALL;
IP 21
<

   "Asd001A_OME1T" 11-02-03 09:28:26
M  21 COMPLD
   "STS3C-1-1-3-1,STS3C-1-1-3-1:1WAY:PRIMARYXC=SHELF,PRIME=OSS,CKTID=\"DRAC-loopback\":STS3C:"
   "STS3C-1-2-4-1,STS3C-1-2-4-1:1WAY:PRIMARYXC=SHELF,PRIME=OSS,CKTID=\"DRAC-loopback\":STS3C:"
   "STS3C-1-2-3-1,STS3C-1-2-3-1:1WAY:PRIMARYXC=SHELF,PRIME=OSS,CKTID=\"DRAC-loopback\":STS3C:"
   "STS3C-1-2-2-1,STS3C-1-2-2-1:1WAY:PRIMARYXC=SHELF,PRIME=OSS,CKTID=\"DRAC-loopback\":STS3C:"
   "STS3C-1-2-1-1,STS3C-1-2-1-1:1WAY:PRIMARYXC=SHELF,PRIME=OSS,CKTID=\"DRAC-loopback\":STS3C:"
;RTRV-AD-ALL:"Asd001A_OME1T"::22;
IP 22
<

   "Asd001A_OME1T" 11-02-03 09:28:26
M  22 COMPLD
   "OC192-1-6-1:TYP-SH-SL-PRT,LINE:TX_VERSION=\"2\",TX_TAG=\"AD_2_00:20:d8:df:33:8b_001_000_006_000_001_ME_1\",RX_VERSION=\"2\",RX_ACTUAL=\"AD_2_00:20:d8:df:33:59_001_000_009_000_001_ME_1\",RX_RELIABILITY=RELIABLE,MECHANISM=IIH"
   "OC192-1-9-1:TYP-SH-SL-PRT,LINE:TX_VERSION=\"2\",TX_TAG=\"AD_2_00:20:d8:df:33:8b_001_000_009_000_001_ME_1\",RX_VERSION=\"2\",RX_ACTUAL=\"AD_2_00:20:d8:df:33:86_001_000_006_000_001_ME_1\",RX_RELIABILITY=RELIABLE,MECHANISM=IIH"
;RTRV-FFP-OC192:"Asd001A_OME1T":OC192-1-ALL:23;
IP 23
<

   "Asd001A_OME1T" 11-02-03 09:28:26
M  23 COMPLD
;

   "Asd001A_OME1T" 11-02-03 09:30:14
A  0003501436 REPT EVT ETH
   "ETH-1-2-4:T-UAS-E,TC,02-03,09-30-14,NEND,RCV,10,10,15-MIN:\"T-UAS-E\":0100000000-0000-0000,:YEAR=2011,MODE=NONE"
;

   "Asd001A_OME1T" 11-02-03 09:30:14
A  0003501437 REPT EVT ETH
   "ETH-1-1-1:T-UAS-E,TC,02-03,09-30-14,NEND,RCV,10,10,15-MIN:\"T-UAS-E\":0100000000-0000-0000,:YEAR=2011,MODE=NONE"
;

   "Asd001A_OME1T" 11-02-03 09:30:14
A  0003501438 REPT EVT ETH
   "ETH-1-1-2:T-UAS-E,TC,02-03,09-30-14,NEND,RCV,10,10,15-MIN:\"T-UAS-E\":0100000000-0000-0000,:YEAR=2011,MODE=NONE"
;

   "Asd001A_OME1T" 11-02-03 09:30:14
A  0003501439 REPT EVT ETH
   "ETH-1-1-3:T-UAS-E,TC,02-03,09-30-14,NEND,RCV,10,10,15-MIN:\"T-UAS-E\":0100000000-0000-0000,:YEAR=2011,MODE=NONE"
;<<RTRV-HDR keep alive sent>>
IP 24
<

   "Asd001A_OME1T" 11-02-03 09:30:16
M  24 COMPLD
;<<RTRV-HDR keep alive sent>>
IP 25
<

   "Asd001A_OME1T" 11-02-03 09:32:16
M  25 COMPLD
;<<RTRV-HDR keep alive sent>>
IP 26
<

   "Asd001A_OME1T" 11-02-03 09:34:16
M  26 COMPLD
;***** (re)Starting logger at Thu Feb 03 10:35:17 CET 2011*****


**** TL1 session opened at Thu Feb 03 10:35:17 CET 2011 ****


<<RTRV-HDR keep alive sent>>
??????

WARNING! This computer system and network is PRIVATE and PROPRIETARY of SURF
net and may only be accesses by authorized users.  Unauthorized use of this
 computer system or network is strictly prohibited and may be subject to cr
iminal prosecution, employee discipline up to and including discharge, or t
he termination of the vendor/service contracts.  The owner, or its agents,
may monitor any activity or communication on the computer system or network
.

----- Copyright (c) 2000 - 2010 Ciena Corporation. All Rights Reserved -----
|  NOTICE: This is a private computer system.                              |
|  Unauthorized access or use may lead to prosecution.                     |
|                                                                          |
|  Ciena Optical Multiservice Edge 6500 OPTICAL                            |
----------------------------------------------------------------------------

/*
 * Starting Interactive TL1 Command Mode.
 * Type ? for help while constructing TL1 commands.
 * Type .? for specific parameter/keyword help.
 */


IP 2
<

   "Asd001A_OME1T" 11-02-03 09:35:19
M  2 DENY
   PLNA
   /*Privilege, Login Not Active*/
;<<ACT-USER sent, password hidden>>
IP 3
<

   "Asd001A_OME1T" 11-02-03 09:35:21
M  3 COMPLD
;RTRV-NETYPE:"Asd001A_OME1T"::4;
IP 4
<

   "Asd001A_OME1T" 11-02-03 09:35:21
M  4 COMPLD
   "NORTEL,\"Optical Multiservice Edge 6500 OPTICAL\",OCP,\"REL0603Z.BC\""
;RTRV-SW-VER:"Asd001A_OME1T"::5;
IP 5
<

   "Asd001A_OME1T" 11-02-03 09:35:21
M  5 COMPLD
   "SHELF-1:REL0603Z.BC"
;RTRV-RTG-INFO:"Asd001A_OME1T"::6:::NAME="Asd001A_OME1T";
IP 6
<

   "Asd001A_OME1T" 11-02-03 09:35:22
M  6 COMPLD
   "SHELF-1::,\"Asd001A_OME1T\",0020D8DF338B|192.168.100.1,00001600,YES"
;RTRV-SYS:"Asd001A_OME1T"::7;
IP 7
<

   "Asd001A_OME1T" 11-02-03 09:35:22
M  7 COMPLD
   "ALMHO=2.5,ALMCORR=OFF,BAYFICINAO=FALSE,LINEPEVSTAT=MAN&AUTO,GCC0MODE=IISIS,GCC1MODE=DISABLED,PATHSDTH=6,PATHEBERTH=3,PATHSWCRIT=AIS&LOP&UNEQ&EBER&SD,PTHAISINSERT=AIS&LOP,PATHPEVSTAT=MAN,PROVCURRENT=40,EQPTCURRENT=40,ACTUALPOWER=485,MONITORFAN=ENABLED,MINCOOLING=LOWFLOW,ACTUALCOOLING=LOWFLOW,LASEROFFFARENDFAIL=DISABLED,NEMODE=SDH,FILLERMGMT=ENABLED,CSFMCASTMAC=0180c2880001,BITSMODE=SDH,ETHSDTH=1,ETHEERTH=20,FCSDTH=1,FCEERTH=20,WANFRSDTH=1,WANFREERTH=20,WANTRSDTH=1,WANTREERTH=20,ETHGFPRFI=ENABLED,ETHGFPRFIUPI=128,OSCMODE=OSPF"
;ALW-MSG-BROADCAST:"Asd001A_OME1T":ALL:8;
IP 8
<

   "Asd001A_OME1T" 11-02-03 09:35:22
M  8 COMPLD
;RTRV-EQPT:"Asd001A_OME1T":ALL:9;
IP 9
<

   "Asd001A_OME1T" 11-02-03 09:35:22
M  9 COMPLD
   "GE-1-1::PROVPEC=NTK535LA,CTYPE=\"4xGbE/GFP/p-p Optical\",SNMPINDEX=285476864,PEC=NTK535LA,REL= 02 ,CLEI=WMOTAJ4JAB,SER=NNTM01D1D3HOT,MDAT=2004-36,AGE=05-041-20-05,ONSC=02-132-22-42:IS,ACT"
   "PGEFC-1-1-1::PROVPEC=NTTP01CF,CTYPE=\"GE LX [10k]/FC100 SM 1310nm LC SFP\",SNMPINDEX=285476865,PEC=NTTP01CF,REL=01,CLEI=WMOTAH1JAA,SER=EXLGJP9354010529:IS,IDLE"
   "PGEFC-1-1-2::PROVPEC=NTTP01CF,CTYPE=\"GE LX [10k]/FC100 SM 1310nm LC SFP\",SNMPINDEX=285476866,PEC=NTTP01CF,REL=01,CLEI=WMOTAH1JAA,SER=EXLGJPM4E4260919:IS,IDLE"
   "PGEFC-1-1-3::PROVPEC=NTTP01CF,CTYPE=\"GE LX [10k]/FC100 SM 1310nm LC SFP\",SNMPINDEX=285476867,PEC=NTTP01CF,REL=01,CLEI=WMOTAH1JAA,SER=EXLGJPM6T5030271:IS,ACT"
   "PGEFC-1-1-4::PROVPEC=NTTP01CF,CTYPE=\"GE LX [10k]/FC100 SM 1310nm LC SFP\",SNMPINDEX=285476868,PEC=NTTP01CF,REL=01,CLEI=WMOTAH1JAA,SER=EXLGJP9354010527:IS,IDLE"
   "GE-1-2::PROVPEC=NTK535LA,CTYPE=\"4xGbE/GFP/p-p Optical\",SNMPINDEX=285478912,PEC=NTK535LA,REL=06  ,CLEI=WMOTAJ4JAD,SER=NNTMH86002AOS,MDAT=2007-10,AGE=03-135-05-55,ONSC=01-242-20-16:IS,ACT"
   "PGEFC-1-2-1::PROVPEC=NTK591RB,CTYPE=\"Trcvr,1.25Gb/s,24dB,CWDM,1571nm\",SNMPINDEX=285478913,PEC=NTK591RB,REL=02,CLEI=WMOTBKJJAA,SER=EXLGJP8915140012:IS,ACT"
   "PGEFC-1-2-2::PROVPEC=NTTP01AF,CTYPE=\"GE SX/FC100 Mx 850nm LC SFP\",SNMPINDEX=285478914,PEC=NTTP01AF,REL=01,CLEI=SOC3NNFCAA,SER=AGLTMY00001CE5  :IS,ACT"
   "PGEFC-1-2-3::PROVPEC=NTTP01CF,CTYPE=\"GE LX [10k]/FC100 SM 1310nm LC SFP\",SNMPINDEX=285478915,PEC=NTTP01CF,REL=01,CLEI=WMOTAH1JAA,SER=EXLGJPD851590253:IS,ACT"
   "PGEFC-1-2-4::PROVPEC=NTTP01CF,CTYPE=\"GE LX [10k]/FC100 SM 1310nm LC SFP\",SNMPINDEX=285478916,PEC=NTTP01CF,REL=01,CLEI=WMOTAH1JAA,SER=EXLGJPD751590594:IS,ACT"
>

   "Asd001A_OME1T" 11-02-03 09:35:22
M  9 COMPLD
   "20GL2SS-1-5::PROVPEC=NTK531HA,CTYPE=\"20G L2SS 16 Port I/O 2xXFP 8xSFP\",SNMPINDEX=285485056,PEC=NTK531HA,REL= 01 ,CLEI=WOCUAC9MAA,SER=NNTMEY0006YK,MDAT=2009-05,AGE=01-208-09-21,ONSC=00-093-17-59,MAPMODE=AU4_VT2,WANCONFIG=8HI56LOCAP,CARRIER1=NONE,CARRIER2=NONE:IS,IDLE"
   "P10GSOEL-1-5-1::PROVPEC=NTTP84BA,CTYPE=\"OC192 SR1/I64.1 10G LR/LW OTU2/10GFC 1200SMLLL 100m 1310 nm XFP\",SNMPINDEX=285485057,PEC=NTTP84BA,REL=01,CLEI=WOTRANAKAA,SER=OPNXTHT09B56075 :IS,IDLE"
   "P10GSOEL-1-5-2::PROVPEC=NTTP84BA,CTYPE=\"OC192 SR1/I64.1 10G LR/LW OTU2/10GFC 1200SMLLL 100m 1310 nm XFP\",SNMPINDEX=285485058,PEC=NTTP84BA,REL=01,CLEI=WOTRANAKAA,SER=OPNXTHT09B56096 :OOS-MA,IDLE"
   "PGEFC-1-5-3::PROVPEC=NTTP01CF,CTYPE=\"GE LX [10k]/FC100 SM 1310nm LC SFP\",SNMPINDEX=285485059,PEC=NTTP01CF,REL=01,CLEI=WMOTAH1JAA,SER=EXLGJPM5E4260082:IS,IDLE"
   "10G-1-6::PROVPEC=NTK526LA,CTYPE=\"1xOC-192/STM-64 STS-1/HO DWDM 1538.19nm\",SNMPINDEX=285487104,PEC=NTK526LA,REL= 05 ,CLEI=WMOTBD0JAA,SER=NNTM01Q1D46W8,MDAT=2004-50,AGE=05-234-01-10,ONSC=02-200-23-01:IS,IDLE"
   "XC-1-7::PROVPEC=NTK557AA,CTYPE=\"X-CONN 80G STS-1/VC-3 SYNC-ST3\",SNMPINDEX=285489152,PEC=NTK557AA,REL= 03 ,CLEI=WMIXCC0BAC,SER=NNTM01C1D3DBP,MDAT=2004-34,AGE=00-153-19-20,ONSC=00-153-19-20:IS,WRKTRAF&WRKSYNC"
   "XC-1-8::PROVPEC=NTK557AA,CTYPE=\"X-CONN 80G STS-1/VC-3 SYNC-ST3\",SNMPINDEX=285491200,PEC=NTK557AA,REL= 03 ,CLEI=WMIXCC0BAC,SER=NNTM0161D3G7O,MDAT=2004-35,AGE=00-153-19-24,ONSC=00-153-19-24:IS,STBYH"
   "10G-1-9::PROVPEC=NTK526LN,CTYPE=\"1xOC-192/STM-64 STS-1/HO DWDM 1542.94nm\",SNMPINDEX=285493248,PEC=NTK526LN,REL= 05 ,CLEI=WMOTBD5JAA,SER=NNTM0121D4468,MDAT=2004-48,AGE=05-165-23-38,ONSC=01-180-22-04:IS,IDLE"
   "SP-1-15::PROVPEC=NTK555AA,CTYPE=\"Processor SP\",SNMPINDEX=285505536,PEC=NTK555AA,REL= 05 ,CLEI=WMUCAJFAAB,SER=NNTM01F1D3O88,MDAT=2004-39,AGE=05-331-19-43,ONSC=00-190-18-02:IS,"
;RTRV-OC3:"Asd001A_OME1T":OC3-1-ALL:10;
IP 10
<

   "Asd001A_OME1T" 11-02-03 09:35:22
M  10 COMPLD
;RTRV-OC12:"Asd001A_OME1T":OC12-1-ALL:11;
IP 11
<

   "Asd001A_OME1T" 11-02-03 09:35:23
M  11 COMPLD
;RTRV-OC48:"Asd001A_OME1T":OC48-1-ALL:12;
IP 12
<

   "Asd001A_OME1T" 11-02-03 09:35:23
M  12 COMPLD
;RTRV-OC192:"Asd001A_OME1T":OC192-1-ALL:13;
IP 13
<

   "Asd001A_OME1T" 11-02-03 09:35:23
M  13 COMPLD
   "OC192-1-6-1::TMGREF=N,DCC=Y,,SDTH=6,,,,,ALS=DISABLED,DUSOVERRIDE=DISABLED,EBERTH=3,PORTMODE=SDH,UNEQMODE=VC4,,:IS,DISCD"
   "OC192-1-9-1::TMGREF=Y,DCC=Y,,SDTH=6,,,,,ALS=DISABLED,DUSOVERRIDE=DISABLED,EBERTH=3,PORTMODE=SDH,UNEQMODE=VC4,,:IS,DISCD"
;RTRV-ETH:"Asd001A_OME1T":ETH-1-ALL:14;
IP 14
<

   "Asd001A_OME1T" 11-02-03 09:35:26
M  14 COMPLD
   "ETH-1-1-1::AN=ENABLE,ANSTATUS=INPROGRESS,ANETHDPX=UNKNOWN,ANSPEED=UNKNOWN,ANPAUSETX=UNKNOWN,ANPAUSERX=UNKNOWN,ADVETHDPX=UNKNOWN,ADVSPEED=UNKNOWN,ADVFLOWCTRL=UNKNOWN,ETHDPX=FULL,SPEED=1000,FLOWCTRL=ASYM,PAUSETX=ENABLE,PAUSERX=DISABLE,PAUSERXOVERRIDE=ENABLE,MTU=9600,TXCON=ENABLE,PASSCTRL=DISABLE,PAUSETXOVERRIDE=DISABLE,RXIDLE=0,CFPRF=CFPRF-1-4,PHYSADDR=0020D8DF39BD:OOS-AU,FLT&DISCD"
   "ETH-1-1-2::AN=ENABLE,ANSTATUS=INPROGRESS,ANETHDPX=UNKNOWN,ANSPEED=UNKNOWN,ANPAUSETX=UNKNOWN,ANPAUSERX=UNKNOWN,ADVETHDPX=UNKNOWN,ADVSPEED=UNKNOWN,ADVFLOWCTRL=UNKNOWN,ETHDPX=FULL,SPEED=1000,FLOWCTRL=NONE,PAUSETX=ENABLE,PAUSERX=DISABLE,PAUSERXOVERRIDE=ENABLE,MTU=9600,TXCON=ENABLE,PASSCTRL=DISABLE,PAUSETXOVERRIDE=DISABLE,RXIDLE=0,CFPRF=CFPRF-1-4,PHYSADDR=0020D8DF39BE:OOS-AU,FLT&DISCD"
   "ETH-1-1-3::AN=ENABLE,ANSTATUS=INPROGRESS,ANETHDPX=UNKNOWN,ANSPEED=UNKNOWN,ANPAUSETX=UNKNOWN,ANPAUSERX=UNKNOWN,ADVETHDPX=UNKNOWN,ADVSPEED=UNKNOWN,ADVFLOWCTRL=UNKNOWN,ETHDPX=FULL,SPEED=1000,FLOWCTRL=ASYM,PAUSETX=ENABLE,PAUSERX=DISABLE,PAUSERXOVERRIDE=ENABLE,MTU=9600,TXCON=ENABLE,PASSCTRL=DISABLE,PAUSETXOVERRIDE=DISABLE,RXIDLE=0,CFPRF=CFPRF-1-4,PHYSADDR=0020D8DF39BF:OOS-AU,FLT"
   "ETH-1-1-4::AN=ENABLE,ANSTATUS=INPROGRESS,ANETHDPX=UNKNOWN,ANSPEED=UNKNOWN,ANPAUSETX=UNKNOWN,ANPAUSERX=UNKNOWN,ADVETHDPX=UNKNOWN,ADVSPEED=UNKNOWN,ADVFLOWCTRL=UNKNOWN,ETHDPX=FULL,SPEED=1000,FLOWCTRL=ASYM,PAUSETX=ENABLE,PAUSERX=DISABLE,PAUSERXOVERRIDE=ENABLE,MTU=9600,TXCON=ENABLE,PASSCTRL=DISABLE,PAUSETXOVERRIDE=DISABLE,RXIDLE=0,CFPRF=CFPRF-1-4,PHYSADDR=0020D8DF39C0:OOS-MA,DISCD"
   "ETH-1-2-1::AN=ENABLE,ANSTATUS=COMPLETED,ANETHDPX=FULL,ANSPEED=1000,ANPAUSETX=DISABLE,ANPAUSERX=DISABLE,ADVETHDPX=FULL,ADVSPEED=1000,ADVFLOWCTRL=SYM,ETHDPX=FULL,SPEED=1000,FLOWCTRL=ASYM,PAUSETX=ENABLE,PAUSERX=DISABLE,PAUSERXOVERRIDE=ENABLE,MTU=9600,TXCON=DISABLE,PASSCTRL=DISABLE,PAUSETXOVERRIDE=DISABLE,RXIDLE=0,CFPRF=CFPRF-1-4,PHYSADDR=0016CA4055F1:IS"
>

   "Asd001A_OME1T" 11-02-03 09:35:26
M  14 COMPLD
   "ETH-1-2-2::AN=ENABLE,ANSTATUS=INPROGRESS,ANETHDPX=UNKNOWN,ANSPEED=UNKNOWN,ANPAUSETX=UNKNOWN,ANPAUSERX=UNKNOWN,ADVETHDPX=UNKNOWN,ADVSPEED=UNKNOWN,ADVFLOWCTRL=UNKNOWN,ETHDPX=FULL,SPEED=1000,FLOWCTRL=ASYM,PAUSETX=DISABLE,PAUSERX=DISABLE,PAUSERXOVERRIDE=ENABLE,MTU=9600,TXCON=ENABLE,PASSCTRL=DISABLE,PAUSETXOVERRIDE=DISABLE,RXIDLE=0,CFPRF=CFPRF-1-4,PHYSADDR=0016CA4055F2:OOS-MA"
   "ETH-1-2-3::AN=ENABLE,ANSTATUS=COMPLETED,ANETHDPX=FULL,ANSPEED=1000,ANPAUSETX=DISABLE,ANPAUSERX=DISABLE,ADVETHDPX=FULL,ADVSPEED=1000,ADVFLOWCTRL=BOTH,ETHDPX=FULL,SPEED=1000,FLOWCTRL=NONE,PAUSETX=DISABLE,PAUSERX=DISABLE,PAUSERXOVERRIDE=ENABLE,MTU=9600,TXCON=ENABLE,PASSCTRL=DISABLE,PAUSETXOVERRIDE=DISABLE,RXIDLE=0,CFPRF=CFPRF-1-4,PHYSADDR=0016CA4055F3:IS"
   "ETH-1-2-4::AN=ENABLE,ANSTATUS=INPROGRESS,ANETHDPX=UNKNOWN,ANSPEED=UNKNOWN,ANPAUSETX=UNKNOWN,ANPAUSERX=UNKNOWN,ADVETHDPX=UNKNOWN,ADVSPEED=UNKNOWN,ADVFLOWCTRL=UNKNOWN,ETHDPX=FULL,SPEED=1000,FLOWCTRL=NONE,PAUSETX=ENABLE,PAUSERX=DISABLE,PAUSERXOVERRIDE=ENABLE,MTU=9600,TXCON=DISABLE,PASSCTRL=DISABLE,PAUSETXOVERRIDE=DISABLE,RXIDLE=0,CFPRF=CFPRF-1-4,PHYSADDR=0016CA4055F4:OOS-AU,FLT"
   "ETH-1-5-3::AN=ENABLE,ANSTATUS=INPROGRESS,ANETHDPX=UNKNOWN,ANSPEED=UNKNOWN,ANPAUSETX=UNKNOWN,ANPAUSERX=UNKNOWN,ADVETHDPX=UNKNOWN,ADVSPEED=UNKNOWN,ADVFLOWCTRL=UNKNOWN,ETHDPX=FULL,SPEED=1000,FLOWCTRL=NONE,PAUSETX=DISABLE,PAUSERX=DISABLE,MTU=9216,IFTYPE=UNI,POLICING=DISABLE,ETYPE=8100,PMODE=PBITS,TXCOSPRF=TXCOSPRF-1-30,RXCOSPRF=RXCOSPRF-1-30,URXCOS=0,CFPRF=CFPRF-1-1,SCHPRF=SCHPRF-1-1,QGRP1=QGRP-1-68,QGRP2=QGRP-1-68,PHYSADDR=0021E1DB2DA3,SNMPINDEX=537198690,PBTLISTSUP=0,PORTBW=BWPRF-1-0:OOS-AUMA,FLT&DSBLD"
;RTRV-ETH10G:"Asd001A_OME1T":ETH10G-1-ALL:15;
IP 15
<

   "Asd001A_OME1T" 11-02-03 09:35:29
M  15 COMPLD
   "ETH10G-1-5-1::MTU=9216,FLOWCTRL=NONE,IFTYPE=UNI,CFPRF=CFPRF-1-1,TXCOSPRF=TXCOSPRF-1-3,RXCOSPRF=RXCOSPRF-1-3,URXCOS=6,SCHPRF=SCHPRF-1-1,QGRP1=QGRP-1-68,QGRP2=QGRP-1-68,POLICING=ENABLE,ETYPE=8100,PMODE=PBITS,SNMPINDEX=537198632,PORTBW=BWPRF-1-0,PBTLISTSUP=0,AN=DISABLE,ANSTATUS=DISABLED,ETHDPX=FULL,SPEED=10G,PAUSETX=DISABLE,PAUSERX=DISABLE,ANETHDPX=UNKNOWN,ANSPEED=UNKNOWN,ANPAUSETX=UNKNOWN,ANPAUSERX=UNKNOWN,ADVETHDPX=UNKNOWN,ADVSPEED=UNKNOWN,ADVFLOWCTRL=UNKNOWN,PHYSADDR=0021E1DB2DA1,EQPT=XGELAN:IS,DSBLD"
   "ETH10G-1-5-2::MTU=9216,FLOWCTRL=NONE,IFTYPE=UNI,CFPRF=CFPRF-1-1,TXCOSPRF=TXCOSPRF-1-30,RXCOSPRF=RXCOSPRF-1-30,URXCOS=0,SCHPRF=SCHPRF-1-1,QGRP1=QGRP-1-68,QGRP2=QGRP-1-68,POLICING=DISABLE,ETYPE=8100,PMODE=PBITS,SNMPINDEX=537198664,PORTBW=BWPRF-1-0,PBTLISTSUP=0,AN=DISABLE,ANSTATUS=DISABLED,ETHDPX=FULL,SPEED=10G,PAUSETX=DISABLE,PAUSERX=DISABLE,ANETHDPX=UNKNOWN,ANSPEED=UNKNOWN,ANPAUSETX=UNKNOWN,ANPAUSERX=UNKNOWN,ADVETHDPX=UNKNOWN,ADVSPEED=UNKNOWN,ADVFLOWCTRL=UNKNOWN,PHYSADDR=0021E1DB2DA2,EQPT=XGELAN:OOS-AUMA,FLT&DSBLD"
;RTRV-ETH100:"Asd001A_OME1T":ETH100-1-ALL:16;
IP 16
<

   "Asd001A_OME1T" 11-02-03 09:35:29
M  16 COMPLD
;RTRV-WAN:"Asd001A_OME1T":WAN-1-ALL:17;
IP 17
<

   "Asd001A_OME1T" 11-02-03 09:35:31
M  17 COMPLD
   "WAN-1-1-1::MAPPING=GFP-F,RATE=NONE,VCAT=ENABLE,LCAS=DISABLE,PROVUNITS=0,ACTUALUNITS=0,MAGICNUM=DISABLE,LCM=DISABLE,NCP=NONE,MODE=SDH,FCS=32,SCRAMBLE=ENABLE,LANFCS=ENABLE,RTDELAY=UNKNOWN,CONDTYPE=GFPCMF,GFPRFI=ENABLE,PROVRXUNITS=0,GFPRTDELAY=ENABLE,MAXVCDEL=14000,CURRVCDEL=0,ACTUALRXUNITS=0:IS,DISCD"
   "WAN-1-1-2::MAPPING=GFP-F,RATE=NONE,VCAT=ENABLE,LCAS=DISABLE,PROVUNITS=0,ACTUALUNITS=0,MAGICNUM=DISABLE,LCM=DISABLE,NCP=NONE,MODE=SDH,FCS=32,SCRAMBLE=ENABLE,LANFCS=ENABLE,RTDELAY=UNKNOWN,CONDTYPE=GFPCMF,GFPRFI=ENABLE,PROVRXUNITS=0,GFPRTDELAY=ENABLE,MAXVCDEL=14000,CURRVCDEL=0,ACTUALRXUNITS=0:IS,DISCD"
   "WAN-1-1-3::MAPPING=GFP-F,RATE=STS3C,VCAT=ENABLE,LCAS=DISABLE,PROVUNITS=1,ACTUALUNITS=1,MAGICNUM=DISABLE,LCM=DISABLE,NCP=NONE,MODE=SDH,FCS=32,SCRAMBLE=ENABLE,LANFCS=ENABLE,RTDELAY=81,CONDTYPE=GFPCMF,GFPRFI=ENABLE,PROVRXUNITS=1,GFPRTDELAY=ENABLE,MAXVCDEL=14000,CURRVCDEL=0,ACTUALRXUNITS=1:IS"
   "WAN-1-1-4::MAPPING=GFP-F,RATE=NONE,VCAT=ENABLE,LCAS=DISABLE,PROVUNITS=0,ACTUALUNITS=0,MAGICNUM=DISABLE,LCM=DISABLE,NCP=NONE,MODE=SDH,FCS=32,SCRAMBLE=ENABLE,LANFCS=ENABLE,RTDELAY=UNKNOWN,CONDTYPE=GFPCMF,GFPRFI=ENABLE,PROVRXUNITS=0,GFPRTDELAY=ENABLE,MAXVCDEL=14000,CURRVCDEL=0,ACTUALRXUNITS=0:OOS-MA,DISCD"
   "WAN-1-2-1::MAPPING=GFP-F,RATE=STS3C,VCAT=ENABLE,LCAS=DISABLE,PROVUNITS=1,ACTUALUNITS=1,MAGICNUM=DISABLE,LCM=DISABLE,NCP=NONE,MODE=SDH,FCS=32,SCRAMBLE=ENABLE,LANFCS=ENABLE,RTDELAY=46,CONDTYPE=GFPCMF,GFPRFI=ENABLE,PROVRXUNITS=1,GFPRTDELAY=ENABLE,MAXVCDEL=14000,CURRVCDEL=0,ACTUALRXUNITS=1:IS"
>

   "Asd001A_OME1T" 11-02-03 09:35:31
M  17 COMPLD
   "WAN-1-2-2::MAPPING=GFP-F,RATE=STS3C,VCAT=ENABLE,LCAS=DISABLE,PROVUNITS=1,ACTUALUNITS=1,MAGICNUM=DISABLE,LCM=DISABLE,NCP=NONE,MODE=SDH,FCS=32,SCRAMBLE=ENABLE,LANFCS=ENABLE,RTDELAY=52,CONDTYPE=GFPCMF,GFPRFI=ENABLE,PROVRXUNITS=1,GFPRTDELAY=ENABLE,MAXVCDEL=14000,CURRVCDEL=0,ACTUALRXUNITS=1:OOS-MA"
   "WAN-1-2-3::MAPPING=GFP-F,RATE=STS3C,VCAT=ENABLE,LCAS=DISABLE,PROVUNITS=1,ACTUALUNITS=UNKNOWN,MAGICNUM=DISABLE,LCM=DISABLE,NCP=NONE,MODE=SDH,FCS=32,SCRAMBLE=ENABLE,LANFCS=ENABLE,RTDELAY=UNKNOWN,CONDTYPE=GFPCMF,GFPRFI=ENABLE,PROVRXUNITS=1,GFPRTDELAY=ENABLE,MAXVCDEL=UNKNOWN,CURRVCDEL=UNKNOWN,ACTUALRXUNITS=UNKNOWN:IS"
   "WAN-1-2-4::MAPPING=GFP-F,RATE=STS3C,VCAT=ENABLE,LCAS=DISABLE,PROVUNITS=1,ACTUALUNITS=UNKNOWN,MAGICNUM=DISABLE,LCM=DISABLE,NCP=NONE,MODE=SDH,FCS=32,SCRAMBLE=ENABLE,LANFCS=ENABLE,RTDELAY=UNKNOWN,CONDTYPE=GFPCMF,GFPRFI=ENABLE,PROVRXUNITS=1,GFPRTDELAY=ENABLE,MAXVCDEL=UNKNOWN,CURRVCDEL=UNKNOWN,ACTUALRXUNITS=UNKNOWN:IS"
;RTRV-VCS:"Asd001A_OME1T":VCS-1-ALL:18;
IP 18
<

   "Asd001A_OME1T" 11-02-03 09:35:31
M  18 COMPLD
;RTRV-VCE:"Asd001A_OME1T":VCE-1-ALL:19;
IP 19
<

   "Asd001A_OME1T" 11-02-03 09:35:31
M  19 COMPLD
;RTRV-VCEMAP:"Asd001A_OME1T":VCEMAP-1-ALL:20;
IP 20
<

   "Asd001A_OME1T" 11-02-03 09:35:31
M  20 COMPLD
;RTRV-CRS-ALL:"Asd001A_OME1T"::21:::CKTID=ALL;
IP 21
<

   "Asd001A_OME1T" 11-02-03 09:35:31
M  21 COMPLD
   "STS3C-1-1-3-1,STS3C-1-1-3-1:1WAY:PRIMARYXC=SHELF,PRIME=OSS,CKTID=\"DRAC-loopback\":STS3C:"
   "STS3C-1-2-4-1,STS3C-1-2-4-1:1WAY:PRIMARYXC=SHELF,PRIME=OSS,CKTID=\"DRAC-loopback\":STS3C:"
   "STS3C-1-2-3-1,STS3C-1-2-3-1:1WAY:PRIMARYXC=SHELF,PRIME=OSS,CKTID=\"DRAC-loopback\":STS3C:"
   "STS3C-1-2-2-1,STS3C-1-2-2-1:1WAY:PRIMARYXC=SHELF,PRIME=OSS,CKTID=\"DRAC-loopback\":STS3C:"
   "STS3C-1-2-1-1,STS3C-1-2-1-1:1WAY:PRIMARYXC=SHELF,PRIME=OSS,CKTID=\"DRAC-loopback\":STS3C:"
;RTRV-AD-ALL:"Asd001A_OME1T"::22;
IP 22
<

   "Asd001A_OME1T" 11-02-03 09:35:31
M  22 COMPLD
   "OC192-1-6-1:TYP-SH-SL-PRT,LINE:TX_VERSION=\"2\",TX_TAG=\"AD_2_00:20:d8:df:33:8b_001_000_006_000_001_ME_1\",RX_VERSION=\"2\",RX_ACTUAL=\"AD_2_00:20:d8:df:33:59_001_000_009_000_001_ME_1\",RX_RELIABILITY=RELIABLE,MECHANISM=IIH"
   "OC192-1-9-1:TYP-SH-SL-PRT,LINE:TX_VERSION=\"2\",TX_TAG=\"AD_2_00:20:d8:df:33:8b_001_000_009_000_001_ME_1\",RX_VERSION=\"2\",RX_ACTUAL=\"AD_2_00:20:d8:df:33:86_001_000_006_000_001_ME_1\",RX_RELIABILITY=RELIABLE,MECHANISM=IIH"
;RTRV-FFP-OC192:"Asd001A_OME1T":OC192-1-ALL:23;
IP 23
<

   "Asd001A_OME1T" 11-02-03 09:35:31
M  23 COMPLD
;<<RTRV-HDR keep alive sent>>
IP 24
<

   "Asd001A_OME1T" 11-02-03 09:37:21
M  24 COMPLD
;<<RTRV-HDR keep alive sent>>
IP 25
<

   "Asd001A_OME1T" 11-02-03 09:39:21
M  25 COMPLD
;<<RTRV-HDR keep alive sent>>
IP 26
<

   "Asd001A_OME1T" 11-02-03 09:41:21
M  26 COMPLD
;<<RTRV-HDR keep alive sent>>
IP 27
<

   "Asd001A_OME1T" 11-02-03 09:43:21
M  27 COMPLD
;

   "Asd001A_OME1T" 11-02-03 09:45:13
A  0003501441 REPT EVT ETH
   "ETH-1-2-4:T-UAS-E,TC,02-03,09-45-13,NEND,RCV,10,10,15-MIN:\"T-UAS-E\":0100000000-0000-0000,:YEAR=2011,MODE=NONE"
;

   "Asd001A_OME1T" 11-02-03 09:45:13
A  0003501442 REPT EVT ETH
   "ETH-1-1-1:T-UAS-E,TC,02-03,09-45-13,NEND,RCV,10,10,15-MIN:\"T-UAS-E\":0100000000-0000-0000,:YEAR=2011,MODE=NONE"
;

   "Asd001A_OME1T" 11-02-03 09:45:13
A  0003501443 REPT EVT ETH
   "ETH-1-1-2:T-UAS-E,TC,02-03,09-45-13,NEND,RCV,10,10,15-MIN:\"T-UAS-E\":0100000000-0000-0000,:YEAR=2011,MODE=NONE"
;

   "Asd001A_OME1T" 11-02-03 09:45:13
A  0003501444 REPT EVT ETH
   "ETH-1-1-3:T-UAS-E,TC,02-03,09-45-13,NEND,RCV,10,10,15-MIN:\"T-UAS-E\":0100000000-0000-0000,:YEAR=2011,MODE=NONE"
;<<RTRV-HDR keep alive sent>>
IP 28
<

   "Asd001A_OME1T" 11-02-03 09:45:22
M  28 COMPLD
;<<RTRV-HDR keep alive sent>>
IP 29
<

   "Asd001A_OME1T" 11-02-03 09:47:21
M  29 COMPLD
;<<RTRV-HDR keep alive sent>>
IP 30
<

   "Asd001A_OME1T" 11-02-03 09:49:22
M  30 COMPLD
;<<RTRV-HDR keep alive sent>>
IP 31
<

   "Asd001A_OME1T" 11-02-03 09:51:22
M  31 COMPLD
;<<RTRV-HDR keep alive sent>>
IP 32
<

   "Asd001A_OME1T" 11-02-03 09:53:22
M  32 COMPLD
;<<RTRV-HDR keep alive sent>>
IP 33
<

   "Asd001A_OME1T" 11-02-03 09:55:23
M  33 COMPLD
;<<RTRV-HDR keep alive sent>>
IP 34
<

   "Asd001A_OME1T" 11-02-03 09:57:22
M  34 COMPLD
;<<RTRV-HDR keep alive sent>>
IP 35
<

   "Asd001A_OME1T" 11-02-03 09:59:22
M  35 COMPLD
;

   "Asd001A_OME1T" 11-02-03 10:00:13
A  0003501445 REPT EVT ETH
   "ETH-1-2-4:T-UAS-E,TC,02-03,10-00-13,NEND,RCV,10,10,15-MIN:\"T-UAS-E\":0100000000-0000-0000,:YEAR=2011,MODE=NONE"
;

   "Asd001A_OME1T" 11-02-03 10:00:13
A  0003501446 REPT EVT ETH
   "ETH-1-1-1:T-UAS-E,TC,02-03,10-00-13,NEND,RCV,10,10,15-MIN:\"T-UAS-E\":0100000000-0000-0000,:YEAR=2011,MODE=NONE"
;

   "Asd001A_OME1T" 11-02-03 10:00:14
A  0003501447 REPT EVT ETH
   "ETH-1-1-2:T-UAS-E,TC,02-03,10-00-14,NEND,RCV,10,10,15-MIN:\"T-UAS-E\":0100000000-0000-0000,:YEAR=2011,MODE=NONE"
;

   "Asd001A_OME1T" 11-02-03 10:00:14
A  0003501448 REPT EVT ETH
   "ETH-1-1-3:T-UAS-E,TC,02-03,10-00-14,NEND,RCV,10,10,15-MIN:\"T-UAS-E\":0100000000-0000-0000,:YEAR=2011,MODE=NONE"
;<<RTRV-HDR keep alive sent>>
IP 36
<

   "Asd001A_OME1T" 11-02-03 10:01:23
M  36 COMPLD
;<<RTRV-HDR keep alive sent>>
IP 37
<

   "Asd001A_OME1T" 11-02-03 10:03:23
M  37 COMPLD
;<<RTRV-HDR keep alive sent>>
IP 38
<

   "Asd001A_OME1T" 11-02-03 10:05:22
M  38 COMPLD
;<<RTRV-HDR keep alive sent>>
IP 39
<

   "Asd001A_OME1T" 11-02-03 10:07:23
M  39 COMPLD
;<<RTRV-HDR keep alive sent>>
IP 40
<

   "Asd001A_OME1T" 11-02-03 10:09:23
M  40 COMPLD
;<<RTRV-HDR keep alive sent>>
IP 41
<

   "Asd001A_OME1T" 11-02-03 10:11:23
M  41 COMPLD
;<<RTRV-HDR keep alive sent>>
IP 42
<

   "Asd001A_OME1T" 11-02-03 10:13:24
M  42 COMPLD
;

   "Asd001A_OME1T" 11-02-03 10:15:14
A  0003501449 REPT EVT ETH
   "ETH-1-2-4:T-UAS-E,TC,02-03,10-15-14,NEND,RCV,10,10,15-MIN:\"T-UAS-E\":0100000000-0000-0000,:YEAR=2011,MODE=NONE"
;

   "Asd001A_OME1T" 11-02-03 10:15:14
A  0003501450 REPT EVT ETH
   "ETH-1-1-1:T-UAS-E,TC,02-03,10-15-14,NEND,RCV,10,10,15-MIN:\"T-UAS-E\":0100000000-0000-0000,:YEAR=2011,MODE=NONE"
;

   "Asd001A_OME1T" 11-02-03 10:15:14
A  0003501451 REPT EVT ETH
   "ETH-1-1-2:T-UAS-E,TC,02-03,10-15-14,NEND,RCV,10,10,15-MIN:\"T-UAS-E\":0100000000-0000-0000,:YEAR=2011,MODE=NONE"
;

   "Asd001A_OME1T" 11-02-03 10:15:14
A  0003501452 REPT EVT ETH
   "ETH-1-1-3:T-UAS-E,TC,02-03,10-15-14,NEND,RCV,10,10,15-MIN:\"T-UAS-E\":0100000000-0000-0000,:YEAR=2011,MODE=NONE"
;<<RTRV-HDR keep alive sent>>
IP 43
<

   "Asd001A_OME1T" 11-02-03 10:15:23
M  43 COMPLD
;<<RTRV-HDR keep alive sent>>
IP 44
<

   "Asd001A_OME1T" 11-02-03 10:17:23
M  44 COMPLD
;<<RTRV-HDR keep alive sent>>
IP 45
<

   "Asd001A_OME1T" 11-02-03 10:19:24
M  45 COMPLD
;<<RTRV-HDR keep alive sent>>
IP 46
<

   "Asd001A_OME1T" 11-02-03 10:21:24
M  46 COMPLD
;<<RTRV-HDR keep alive sent>>
IP 47
<

   "Asd001A_OME1T" 11-02-03 10:23:23
M  47 COMPLD
;<<RTRV-HDR keep alive sent>>
IP 48
<

   "Asd001A_OME1T" 11-02-03 10:25:24
M  48 COMPLD
;<<RTRV-HDR keep alive sent>>
IP 49
<

   "Asd001A_OME1T" 11-02-03 10:27:24
M  49 COMPLD
;<<RTRV-HDR keep alive sent>>
IP 50
<

   "Asd001A_OME1T" 11-02-03 10:29:24
M  50 COMPLD
;

   "Asd001A_OME1T" 11-02-03 10:30:14
A  0003501453 REPT EVT ETH
   "ETH-1-1-1:T-UAS-E,TC,02-03,10-30-14,NEND,RCV,10,10,15-MIN:\"T-UAS-E\":0100000000-0000-0000,:YEAR=2011,MODE=NONE"
;

   "Asd001A_OME1T" 11-02-03 10:30:14
A  0003501454 REPT EVT ETH
   "ETH-1-1-2:T-UAS-E,TC,02-03,10-30-14,NEND,RCV,10,10,15-MIN:\"T-UAS-E\":0100000000-0000-0000,:YEAR=2011,MODE=NONE"
;

   "Asd001A_OME1T" 11-02-03 10:30:14
A  0003501455 REPT EVT ETH
   "ETH-1-1-3:T-UAS-E,TC,02-03,10-30-14,NEND,RCV,10,10,15-MIN:\"T-UAS-E\":0100000000-0000-0000,:YEAR=2011,MODE=NONE"
;

   "Asd001A_OME1T" 11-02-03 10:30:14
A  0003501456 REPT EVT ETH
   "ETH-1-2-4:T-UAS-E,TC,02-03,10-30-14,NEND,RCV,10,10,15-MIN:\"T-UAS-E\":0100000000-0000-0000,:YEAR=2011,MODE=NONE"
;<<RTRV-HDR keep alive sent>>
IP 51
<

   "Asd001A_OME1T" 11-02-03 10:31:25
M  51 COMPLD
;<<RTRV-HDR keep alive sent>>
IP 52
<

   "Asd001A_OME1T" 11-02-03 10:33:24
M  52 COMPLD
;<<RTRV-HDR keep alive sent>>
IP 53
<

   "Asd001A_OME1T" 11-02-03 10:35:25
M  53 COMPLD
;<<RTRV-HDR keep alive sent>>
IP 54
<

   "Asd001A_OME1T" 11-02-03 10:37:25
M  54 COMPLD
;<<RTRV-HDR keep alive sent>>
IP 55
<

   "Asd001A_OME1T" 11-02-03 10:39:25
M  55 COMPLD
;<<RTRV-HDR keep alive sent>>
IP 56
<

   "Asd001A_OME1T" 11-02-03 10:41:25
M  56 COMPLD
;<<RTRV-HDR keep alive sent>>
IP 57
<

   "Asd001A_OME1T" 11-02-03 10:43:25
M  57 COMPLD
;

   "Asd001A_OME1T" 11-02-03 10:45:14
A  0003501457 REPT EVT ETH
   "ETH-1-1-1:T-UAS-E,TC,02-03,10-45-14,NEND,RCV,10,10,15-MIN:\"T-UAS-E\":0100000000-0000-0000,:YEAR=2011,MODE=NONE"
;

   "Asd001A_OME1T" 11-02-03 10:45:14
A  0003501458 REPT EVT ETH
   "ETH-1-2-4:T-UAS-E,TC,02-03,10-45-14,NEND,RCV,10,10,15-MIN:\"T-UAS-E\":0100000000-0000-0000,:YEAR=2011,MODE=NONE"
;

   "Asd001A_OME1T" 11-02-03 10:45:14
A  0003501459 REPT EVT ETH
   "ETH-1-1-2:T-UAS-E,TC,02-03,10-45-14,NEND,RCV,10,10,15-MIN:\"T-UAS-E\":0100000000-0000-0000,:YEAR=2011,MODE=NONE"
;

   "Asd001A_OME1T" 11-02-03 10:45:14
A  0003501460 REPT EVT ETH
   "ETH-1-1-3:T-UAS-E,TC,02-03,10-45-14,NEND,RCV,10,10,15-MIN:\"T-UAS-E\":0100000000-0000-0000,:YEAR=2011,MODE=NONE"
;<<RTRV-HDR keep alive sent>>
IP 58
<

   "Asd001A_OME1T" 11-02-03 10:45:25
M  58 COMPLD
;<<RTRV-HDR keep alive sent>>
IP 59
<

   "Asd001A_OME1T" 11-02-03 10:47:26
M  59 COMPLD
;<<RTRV-HDR keep alive sent>>
IP 60
<

   "Asd001A_OME1T" 11-02-03 10:49:26
M  60 COMPLD
;<<RTRV-HDR keep alive sent>>
IP 61
<

   "Asd001A_OME1T" 11-02-03 10:51:25
M  61 COMPLD
;<<RTRV-HDR keep alive sent>>
IP 62
<

   "Asd001A_OME1T" 11-02-03 10:53:26
M  62 COMPLD
;<<RTRV-HDR keep alive sent>>
IP 63
<

   "Asd001A_OME1T" 11-02-03 10:55:26
M  63 COMPLD
;<<RTRV-HDR keep alive sent>>
IP 64
<

   "Asd001A_OME1T" 11-02-03 10:57:26
M  64 COMPLD
;<<RTRV-HDR keep alive sent>>
IP 65
<

   "Asd001A_OME1T" 11-02-03 10:59:26
M  65 COMPLD
;

   "Asd001A_OME1T" 11-02-03 11:00:14
A  0003501461 REPT EVT ETH
   "ETH-1-2-4:T-UAS-E,TC,02-03,11-00-14,NEND,RCV,10,10,15-MIN:\"T-UAS-E\":0100000000-0000-0000,:YEAR=2011,MODE=NONE"
;

   "Asd001A_OME1T" 11-02-03 11:00:14
A  0003501462 REPT EVT ETH
   "ETH-1-1-1:T-UAS-E,TC,02-03,11-00-14,NEND,RCV,10,10,15-MIN:\"T-UAS-E\":0100000000-0000-0000,:YEAR=2011,MODE=NONE"
;

   "Asd001A_OME1T" 11-02-03 11:00:14
A  0003501463 REPT EVT ETH
   "ETH-1-1-2:T-UAS-E,TC,02-03,11-00-14,NEND,RCV,10,10,15-MIN:\"T-UAS-E\":0100000000-0000-0000,:YEAR=2011,MODE=NONE"
;

   "Asd001A_OME1T" 11-02-03 11:00:14
A  0003501464 REPT EVT ETH
   "ETH-1-1-3:T-UAS-E,TC,02-03,11-00-14,NEND,RCV,10,10,15-MIN:\"T-UAS-E\":0100000000-0000-0000,:YEAR=2011,MODE=NONE"
;<<RTRV-HDR keep alive sent>>
IP 66
<

   "Asd001A_OME1T" 11-02-03 11:01:26
M  66 COMPLD
;<<RTRV-HDR keep alive sent>>
IP 67
<

   "Asd001A_OME1T" 11-02-03 11:03:26
M  67 COMPLD
;<<RTRV-HDR keep alive sent>>
IP 68
<

   "Asd001A_OME1T" 11-02-03 11:05:27
M  68 COMPLD
;<<RTRV-HDR keep alive sent>>
IP 69
<

   "Asd001A_OME1T" 11-02-03 11:07:27
M  69 COMPLD
;<<RTRV-HDR keep alive sent>>
IP 70
<

   "Asd001A_OME1T" 11-02-03 11:09:26
M  70 COMPLD
;<<RTRV-HDR keep alive sent>>
IP 71
<

   "Asd001A_OME1T" 11-02-03 11:11:27
M  71 COMPLD
;<<RTRV-HDR keep alive sent>>
IP 72
<

   "Asd001A_OME1T" 11-02-03 11:13:27
M  72 COMPLD
;

   "Asd001A_OME1T" 11-02-03 11:15:13
A  0003501465 REPT EVT ETH
   "ETH-1-2-4:T-UAS-E,TC,02-03,11-15-13,NEND,RCV,10,10,15-MIN:\"T-UAS-E\":0100000000-0000-0000,:YEAR=2011,MODE=NONE"
;

   "Asd001A_OME1T" 11-02-03 11:15:13
A  0003501466 REPT EVT ETH
   "ETH-1-1-1:T-UAS-E,TC,02-03,11-15-13,NEND,RCV,10,10,15-MIN:\"T-UAS-E\":0100000000-0000-0000,:YEAR=2011,MODE=NONE"
;

   "Asd001A_OME1T" 11-02-03 11:15:13
A  0003501467 REPT EVT ETH
   "ETH-1-1-2:T-UAS-E,TC,02-03,11-15-13,NEND,RCV,10,10,15-MIN:\"T-UAS-E\":0100000000-0000-0000,:YEAR=2011,MODE=NONE"
;

   "Asd001A_OME1T" 11-02-03 11:15:14
A  0003501468 REPT EVT ETH
   "ETH-1-1-3:T-UAS-E,TC,02-03,11-15-14,NEND,RCV,10,10,15-MIN:\"T-UAS-E\":0100000000-0000-0000,:YEAR=2011,MODE=NONE"
;<<RTRV-HDR keep alive sent>>
IP 73
<

   "Asd001A_OME1T" 11-02-03 11:15:27
M  73 COMPLD
;<<RTRV-HDR keep alive sent>>
IP 74
<

   "Asd001A_OME1T" 11-02-03 11:17:27
M  74 COMPLD
;<<RTRV-HDR keep alive sent>>
IP 75
<

   "Asd001A_OME1T" 11-02-03 11:19:27
M  75 COMPLD
;<<RTRV-HDR keep alive sent>>
IP 76
<

   "Asd001A_OME1T" 11-02-03 11:21:28
M  76 COMPLD
;<<RTRV-HDR keep alive sent>>
IP 77
<

   "Asd001A_OME1T" 11-02-03 11:23:28
M  77 COMPLD
;<<RTRV-HDR keep alive sent>>
IP 78
<

   "Asd001A_OME1T" 11-02-03 11:25:28
M  78 COMPLD
;<<RTRV-HDR keep alive sent>>
IP 79
<

   "Asd001A_OME1T" 11-02-03 11:27:28
M  79 COMPLD
;<<RTRV-HDR keep alive sent>>
IP 80
<

   "Asd001A_OME1T" 11-02-03 11:29:28
M  80 COMPLD
;

   "Asd001A_OME1T" 11-02-03 11:30:14
A  0003501469 REPT EVT ETH
   "ETH-1-1-1:T-UAS-E,TC,02-03,11-30-14,NEND,RCV,10,10,15-MIN:\"T-UAS-E\":0100000000-0000-0000,:YEAR=2011,MODE=NONE"
;

   "Asd001A_OME1T" 11-02-03 11:30:14
A  0003501470 REPT EVT ETH
   "ETH-1-2-4:T-UAS-E,TC,02-03,11-30-14,NEND,RCV,10,10,15-MIN:\"T-UAS-E\":0100000000-0000-0000,:YEAR=2011,MODE=NONE"
;

   "Asd001A_OME1T" 11-02-03 11:30:14
A  0003501471 REPT EVT ETH
   "ETH-1-1-2:T-UAS-E,TC,02-03,11-30-14,NEND,RCV,10,10,15-MIN:\"T-UAS-E\":0100000000-0000-0000,:YEAR=2011,MODE=NONE"
;

   "Asd001A_OME1T" 11-02-03 11:30:14
A  0003501472 REPT EVT ETH
   "ETH-1-1-3:T-UAS-E,TC,02-03,11-30-14,NEND,RCV,10,10,15-MIN:\"T-UAS-E\":0100000000-0000-0000,:YEAR=2011,MODE=NONE"
;<<RTRV-HDR keep alive sent>>
IP 81
<

   "Asd001A_OME1T" 11-02-03 11:31:28
M  81 COMPLD
;<<RTRV-HDR keep alive sent>>
IP 82
<

   "Asd001A_OME1T" 11-02-03 11:33:29
M  82 COMPLD
;<<RTRV-HDR keep alive sent>>
IP 83
<

   "Asd001A_OME1T" 11-02-03 11:35:28
M  83 COMPLD
;<<RTRV-HDR keep alive sent>>
IP 84
<

   "Asd001A_OME1T" 11-02-03 11:37:28
M  84 COMPLD
;<<RTRV-HDR keep alive sent>>
IP 85
<

   "Asd001A_OME1T" 11-02-03 11:39:29
M  85 COMPLD
;<<RTRV-HDR keep alive sent>>
IP 86
<

   "Asd001A_OME1T" 11-02-03 11:41:29
M  86 COMPLD
;<<RTRV-HDR keep alive sent>>
IP 87
<

   "Asd001A_OME1T" 11-02-03 11:43:29
M  87 COMPLD
;

   "Asd001A_OME1T" 11-02-03 11:45:14
A  0003501473 REPT EVT ETH
   "ETH-1-2-4:T-UAS-E,TC,02-03,11-45-14,NEND,RCV,10,10,15-MIN:\"T-UAS-E\":0100000000-0000-0000,:YEAR=2011,MODE=NONE"
;

   "Asd001A_OME1T" 11-02-03 11:45:14
A  0003501474 REPT EVT ETH
   "ETH-1-1-1:T-UAS-E,TC,02-03,11-45-14,NEND,RCV,10,10,15-MIN:\"T-UAS-E\":0100000000-0000-0000,:YEAR=2011,MODE=NONE"
;

   "Asd001A_OME1T" 11-02-03 11:45:14
A  0003501475 REPT EVT ETH
   "ETH-1-1-2:T-UAS-E,TC,02-03,11-45-14,NEND,RCV,10,10,15-MIN:\"T-UAS-E\":0100000000-0000-0000,:YEAR=2011,MODE=NONE"
;

   "Asd001A_OME1T" 11-02-03 11:45:14
A  0003501476 REPT EVT ETH
   "ETH-1-1-3:T-UAS-E,TC,02-03,11-45-14,NEND,RCV,10,10,15-MIN:\"T-UAS-E\":0100000000-0000-0000,:YEAR=2011,MODE=NONE"
;<<RTRV-HDR keep alive sent>>
IP 88
<

   "Asd001A_OME1T" 11-02-03 11:45:29
M  88 COMPLD
;<<RTRV-HDR keep alive sent>>
IP 89
<

   "Asd001A_OME1T" 11-02-03 11:47:29
M  89 COMPLD
;<<RTRV-HDR keep alive sent>>
IP 90
<

   "Asd001A_OME1T" 11-02-03 11:49:29
M  90 COMPLD
;<<RTRV-HDR keep alive sent>>
IP 91
<

   "Asd001A_OME1T" 11-02-03 11:51:30
M  91 COMPLD
;<<RTRV-HDR keep alive sent>>
IP 92
<

   "Asd001A_OME1T" 11-02-03 11:53:29
M  92 COMPLD
;<<RTRV-HDR keep alive sent>>
IP 93
<

   "Asd001A_OME1T" 11-02-03 11:55:29
M  93 COMPLD
;<<RTRV-HDR keep alive sent>>
IP 94
<

   "Asd001A_OME1T" 11-02-03 11:57:30
M  94 COMPLD
;<<RTRV-HDR keep alive sent>>
IP 95
<

   "Asd001A_OME1T" 11-02-03 11:59:30
M  95 COMPLD
;

   "Asd001A_OME1T" 11-02-03 12:00:14
A  0003501477 REPT EVT ETH
   "ETH-1-2-4:T-UAS-E,TC,02-03,12-00-14,NEND,RCV,10,10,15-MIN:\"T-UAS-E\":0100000000-0000-0000,:YEAR=2011,MODE=NONE"
;

   "Asd001A_OME1T" 11-02-03 12:00:14
A  0003501478 REPT EVT ETH
   "ETH-1-1-1:T-UAS-E,TC,02-03,12-00-14,NEND,RCV,10,10,15-MIN:\"T-UAS-E\":0100000000-0000-0000,:YEAR=2011,MODE=NONE"
;

   "Asd001A_OME1T" 11-02-03 12:00:14
A  0003501479 REPT EVT ETH
   "ETH-1-1-2:T-UAS-E,TC,02-03,12-00-14,NEND,RCV,10,10,15-MIN:\"T-UAS-E\":0100000000-0000-0000,:YEAR=2011,MODE=NONE"
;

   "Asd001A_OME1T" 11-02-03 12:00:14
A  0003501480 REPT EVT ETH
   "ETH-1-1-3:T-UAS-E,TC,02-03,12-00-14,NEND,RCV,10,10,15-MIN:\"T-UAS-E\":0100000000-0000-0000,:YEAR=2011,MODE=NONE"
;<<RTRV-HDR keep alive sent>>
IP 96
<

   "Asd001A_OME1T" 11-02-03 12:01:31
M  96 COMPLD
;<<RTRV-HDR keep alive sent>>
IP 97
<

   "Asd001A_OME1T" 11-02-03 12:03:30
M  97 COMPLD
;<<RTRV-HDR keep alive sent>>
IP 98
<

   "Asd001A_OME1T" 11-02-03 12:05:30
M  98 COMPLD
;<<RTRV-HDR keep alive sent>>
IP 99
<

   "Asd001A_OME1T" 11-02-03 12:07:31
M  99 COMPLD
;<<RTRV-HDR keep alive sent>>
IP 100
<

   "Asd001A_OME1T" 11-02-03 12:09:31
M  100 COMPLD
;<<RTRV-HDR keep alive sent>>
IP 101
<

   "Asd001A_OME1T" 11-02-03 12:11:30
M  101 COMPLD
;<<RTRV-HDR keep alive sent>>
IP 102
<

   "Asd001A_OME1T" 11-02-03 12:13:31
M  102 COMPLD
;

   "Asd001A_OME1T" 11-02-03 12:15:14
A  0003501481 REPT EVT ETH
   "ETH-1-1-1:T-UAS-E,TC,02-03,12-15-14,NEND,RCV,10,10,15-MIN:\"T-UAS-E\":0100000000-0000-0000,:YEAR=2011,MODE=NONE"
;

   "Asd001A_OME1T" 11-02-03 12:15:14
A  0003501482 REPT EVT ETH
   "ETH-1-2-4:T-UAS-E,TC,02-03,12-15-14,NEND,RCV,10,10,15-MIN:\"T-UAS-E\":0100000000-0000-0000,:YEAR=2011,MODE=NONE"
;

   "Asd001A_OME1T" 11-02-03 12:15:14
A  0003501483 REPT EVT ETH
   "ETH-1-1-2:T-UAS-E,TC,02-03,12-15-14,NEND,RCV,10,10,15-MIN:\"T-UAS-E\":0100000000-0000-0000,:YEAR=2011,MODE=NONE"
;

   "Asd001A_OME1T" 11-02-03 12:15:14
A  0003501484 REPT EVT ETH
   "ETH-1-1-3:T-UAS-E,TC,02-03,12-15-14,NEND,RCV,10,10,15-MIN:\"T-UAS-E\":0100000000-0000-0000,:YEAR=2011,MODE=NONE"
;<<RTRV-HDR keep alive sent>>
IP 103
<

   "Asd001A_OME1T" 11-02-03 12:15:31
M  103 COMPLD
;<<RTRV-HDR keep alive sent>>
IP 104
<

   "Asd001A_OME1T" 11-02-03 12:17:31
M  104 COMPLD
;<<RTRV-HDR keep alive sent>>
IP 105
<

   "Asd001A_OME1T" 11-02-03 12:19:32
M  105 COMPLD
;<<RTRV-HDR keep alive sent>>
IP 106
<

   "Asd001A_OME1T" 11-02-03 12:21:31
M  106 COMPLD
;<<RTRV-HDR keep alive sent>>
IP 107
<

   "Asd001A_OME1T" 11-02-03 12:23:31
M  107 COMPLD
;<<RTRV-HDR keep alive sent>>
IP 108
<

   "Asd001A_OME1T" 11-02-03 12:25:32
M  108 COMPLD
;<<RTRV-HDR keep alive sent>>
IP 109
<

   "Asd001A_OME1T" 11-02-03 12:27:32
M  109 COMPLD
;<<RTRV-HDR keep alive sent>>
IP 110
<

   "Asd001A_OME1T" 11-02-03 12:29:31
M  110 COMPLD
;

   "Asd001A_OME1T" 11-02-03 12:30:13
A  0003501485 REPT EVT ETH
   "ETH-1-2-4:T-UAS-E,TC,02-03,12-30-13,NEND,RCV,10,10,15-MIN:\"T-UAS-E\":0100000000-0000-0000,:YEAR=2011,MODE=NONE"
;

   "Asd001A_OME1T" 11-02-03 12:30:13
A  0003501486 REPT EVT ETH
   "ETH-1-1-1:T-UAS-E,TC,02-03,12-30-13,NEND,RCV,10,10,15-MIN:\"T-UAS-E\":0100000000-0000-0000,:YEAR=2011,MODE=NONE"
;

   "Asd001A_OME1T" 11-02-03 12:30:13
A  0003501487 REPT EVT ETH
   "ETH-1-1-2:T-UAS-E,TC,02-03,12-30-13,NEND,RCV,10,10,15-MIN:\"T-UAS-E\":0100000000-0000-0000,:YEAR=2011,MODE=NONE"
;

   "Asd001A_OME1T" 11-02-03 12:30:13
A  0003501488 REPT EVT ETH
   "ETH-1-1-3:T-UAS-E,TC,02-03,12-30-13,NEND,RCV,10,10,15-MIN:\"T-UAS-E\":0100000000-0000-0000,:YEAR=2011,MODE=NONE"
;<<RTRV-HDR keep alive sent>>
IP 111
<

   "Asd001A_OME1T" 11-02-03 12:31:32
M  111 COMPLD
;<<RTRV-HDR keep alive sent>>
IP 112
<

   "Asd001A_OME1T" 11-02-03 12:33:32
M  112 COMPLD
;<<RTRV-HDR keep alive sent>>
IP 113
<

   "Asd001A_OME1T" 11-02-03 12:35:32
M  113 COMPLD
;<<RTRV-HDR keep alive sent>>
IP 114
<

   "Asd001A_OME1T" 11-02-03 12:37:33
M  114 COMPLD
;<<RTRV-HDR keep alive sent>>
IP 115
<

   "Asd001A_OME1T" 11-02-03 12:39:32
M  115 COMPLD
;<<RTRV-HDR keep alive sent>>
IP 116
<

   "Asd001A_OME1T" 11-02-03 12:41:32
M  116 COMPLD
;<<RTRV-HDR keep alive sent>>
IP 117
<

   "Asd001A_OME1T" 11-02-03 12:43:33
M  117 COMPLD
;

   "Asd001A_OME1T" 11-02-03 12:45:14
A  0003501489 REPT EVT ETH
   "ETH-1-2-4:T-UAS-E,TC,02-03,12-45-14,NEND,RCV,10,10,15-MIN:\"T-UAS-E\":0100000000-0000-0000,:YEAR=2011,MODE=NONE"
;

   "Asd001A_OME1T" 11-02-03 12:45:14
A  0003501490 REPT EVT ETH
   "ETH-1-1-1:T-UAS-E,TC,02-03,12-45-14,NEND,RCV,10,10,15-MIN:\"T-UAS-E\":0100000000-0000-0000,:YEAR=2011,MODE=NONE"
;

   "Asd001A_OME1T" 11-02-03 12:45:14
A  0003501491 REPT EVT ETH
   "ETH-1-1-2:T-UAS-E,TC,02-03,12-45-14,NEND,RCV,10,10,15-MIN:\"T-UAS-E\":0100000000-0000-0000,:YEAR=2011,MODE=NONE"
;

   "Asd001A_OME1T" 11-02-03 12:45:14
A  0003501492 REPT EVT ETH
   "ETH-1-1-3:T-UAS-E,TC,02-03,12-45-14,NEND,RCV,10,10,15-MIN:\"T-UAS-E\":0100000000-0000-0000,:YEAR=2011,MODE=NONE"
;<<RTRV-HDR keep alive sent>>
IP 118
<

   "Asd001A_OME1T" 11-02-03 12:45:33
M  118 COMPLD
;<<RTRV-HDR keep alive sent>>
IP 119
<

   "Asd001A_OME1T" 11-02-03 12:47:33
M  119 COMPLD
;<<RTRV-HDR keep alive sent>>
IP 120
<

   "Asd001A_OME1T" 11-02-03 12:49:33
M  120 COMPLD
;<<RTRV-HDR keep alive sent>>
IP 121
<

   "Asd001A_OME1T" 11-02-03 12:51:33
M  121 COMPLD
;<<RTRV-HDR keep alive sent>>
IP 122
<

   "Asd001A_OME1T" 11-02-03 12:53:34
M  122 COMPLD
;<<RTRV-HDR keep alive sent>>
IP 123
<

   "Asd001A_OME1T" 11-02-03 12:55:34
M  123 COMPLD
;<<RTRV-HDR keep alive sent>>
IP 124
<

   "Asd001A_OME1T" 11-02-03 12:57:33
M  124 COMPLD
;<<RTRV-HDR keep alive sent>>
IP 125
<

   "Asd001A_OME1T" 11-02-03 12:59:34
M  125 COMPLD
;

   "Asd001A_OME1T" 11-02-03 13:00:14
A  0003501493 REPT EVT ETH
   "ETH-1-2-4:T-UAS-E,TC,02-03,13-00-14,NEND,RCV,10,10,15-MIN:\"T-UAS-E\":0100000000-0000-0000,:YEAR=2011,MODE=NONE"
;

   "Asd001A_OME1T" 11-02-03 13:00:14
A  0003501494 REPT EVT ETH
   "ETH-1-1-1:T-UAS-E,TC,02-03,13-00-14,NEND,RCV,10,10,15-MIN:\"T-UAS-E\":0100000000-0000-0000,:YEAR=2011,MODE=NONE"
;

   "Asd001A_OME1T" 11-02-03 13:00:14
A  0003501495 REPT EVT ETH
   "ETH-1-1-2:T-UAS-E,TC,02-03,13-00-14,NEND,RCV,10,10,15-MIN:\"T-UAS-E\":0100000000-0000-0000,:YEAR=2011,MODE=NONE"
;

   "Asd001A_OME1T" 11-02-03 13:00:14
A  0003501496 REPT EVT ETH
   "ETH-1-1-3:T-UAS-E,TC,02-03,13-00-14,NEND,RCV,10,10,15-MIN:\"T-UAS-E\":0100000000-0000-0000,:YEAR=2011,MODE=NONE"
;<<RTRV-HDR keep alive sent>>
IP 126
<

   "Asd001A_OME1T" 11-02-03 13:01:34
M  126 COMPLD
;<<RTRV-HDR keep alive sent>>
IP 127
<

   "Asd001A_OME1T" 11-02-03 13:03:34
M  127 COMPLD
;<<RTRV-HDR keep alive sent>>
IP 128
<

   "Asd001A_OME1T" 11-02-03 13:05:34
M  128 COMPLD
;<<RTRV-HDR keep alive sent>>
IP 129
<

   "Asd001A_OME1T" 11-02-03 13:07:34
M  129 COMPLD
;<<RTRV-HDR keep alive sent>>
IP 130
<

   "Asd001A_OME1T" 11-02-03 13:09:34
M  130 COMPLD
;<<RTRV-HDR keep alive sent>>
IP 131
<

   "Asd001A_OME1T" 11-02-03 13:11:35
M  131 COMPLD
;<<RTRV-HDR keep alive sent>>
IP 132
<

   "Asd001A_OME1T" 11-02-03 13:13:35
M  132 COMPLD
;

   "Asd001A_OME1T" 11-02-03 13:15:14
A  0003501497 REPT EVT ETH
   "ETH-1-2-4:T-UAS-E,TC,02-03,13-15-14,NEND,RCV,10,10,15-MIN:\"T-UAS-E\":0100000000-0000-0000,:YEAR=2011,MODE=NONE"
;

   "Asd001A_OME1T" 11-02-03 13:15:14
A  0003501498 REPT EVT ETH
   "ETH-1-1-1:T-UAS-E,TC,02-03,13-15-14,NEND,RCV,10,10,15-MIN:\"T-UAS-E\":0100000000-0000-0000,:YEAR=2011,MODE=NONE"
;

   "Asd001A_OME1T" 11-02-03 13:15:14
A  0003501499 REPT EVT ETH
   "ETH-1-1-2:T-UAS-E,TC,02-03,13-15-14,NEND,RCV,10,10,15-MIN:\"T-UAS-E\":0100000000-0000-0000,:YEAR=2011,MODE=NONE"
;

   "Asd001A_OME1T" 11-02-03 13:15:14
A  0003501500 REPT EVT ETH
   "ETH-1-1-3:T-UAS-E,TC,02-03,13-15-14,NEND,RCV,10,10,15-MIN:\"T-UAS-E\":0100000000-0000-0000,:YEAR=2011,MODE=NONE"
;<<RTRV-HDR keep alive sent>>
IP 133
<

   "Asd001A_OME1T" 11-02-03 13:15:34
M  133 COMPLD
;<<RTRV-HDR keep alive sent>>
IP 134
<

   "Asd001A_OME1T" 11-02-03 13:17:35
M  134 COMPLD
;<<RTRV-HDR keep alive sent>>
IP 135
<

   "Asd001A_OME1T" 11-02-03 13:19:35
M  135 COMPLD
;<<RTRV-HDR keep alive sent>>
IP 136
<

   "Asd001A_OME1T" 11-02-03 13:21:35
M  136 COMPLD
;<<RTRV-HDR keep alive sent>>
IP 137
<

   "Asd001A_OME1T" 11-02-03 13:23:35
M  137 COMPLD
;<<RTRV-HDR keep alive sent>>
IP 138
<

   "Asd001A_OME1T" 11-02-03 13:25:35
M  138 COMPLD
;<<RTRV-HDR keep alive sent>>
IP 139
<

   "Asd001A_OME1T" 11-02-03 13:27:35
M  139 COMPLD
;<<RTRV-HDR keep alive sent>>
IP 140
<

   "Asd001A_OME1T" 11-02-03 13:29:36
M  140 COMPLD
;

   "Asd001A_OME1T" 11-02-03 13:30:14
A  0003501501 REPT EVT ETH
   "ETH-1-1-1:T-UAS-E,TC,02-03,13-30-14,NEND,RCV,10,10,15-MIN:\"T-UAS-E\":0100000000-0000-0000,:YEAR=2011,MODE=NONE"
;

   "Asd001A_OME1T" 11-02-03 13:30:14
A  0003501502 REPT EVT ETH
   "ETH-1-2-4:T-UAS-E,TC,02-03,13-30-14,NEND,RCV,10,10,15-MIN:\"T-UAS-E\":0100000000-0000-0000,:YEAR=2011,MODE=NONE"
;

   "Asd001A_OME1T" 11-02-03 13:30:14
A  0003501503 REPT EVT ETH
   "ETH-1-1-2:T-UAS-E,TC,02-03,13-30-14,NEND,RCV,10,10,15-MIN:\"T-UAS-E\":0100000000-0000-0000,:YEAR=2011,MODE=NONE"
;

   "Asd001A_OME1T" 11-02-03 13:30:14
A  0003501504 REPT EVT ETH
   "ETH-1-1-3:T-UAS-E,TC,02-03,13-30-14,NEND,RCV,10,10,15-MIN:\"T-UAS-E\":0100000000-0000-0000,:YEAR=2011,MODE=NONE"
;<<RTRV-HDR keep alive sent>>
IP 141
<

   "Asd001A_OME1T" 11-02-03 13:31:36
M  141 COMPLD
;<<RTRV-HDR keep alive sent>>
IP 142
<

   "Asd001A_OME1T" 11-02-03 13:33:36
M  142 COMPLD
;<<RTRV-HDR keep alive sent>>
IP 143
<

   "Asd001A_OME1T" 11-02-03 13:35:36
M  143 COMPLD
;<<RTRV-HDR keep alive sent>>
IP 144
<

   "Asd001A_OME1T" 11-02-03 13:37:36
M  144 COMPLD
;<<RTRV-HDR keep alive sent>>
IP 145
<

   "Asd001A_OME1T" 11-02-03 13:39:37
M  145 COMPLD
;<<RTRV-HDR keep alive sent>>
IP 146
<

   "Asd001A_OME1T" 11-02-03 13:41:36
M  146 COMPLD
;<<RTRV-HDR keep alive sent>>
IP 147
<

   "Asd001A_OME1T" 11-02-03 13:43:36
M  147 COMPLD
;

   "Asd001A_OME1T" 11-02-03 13:45:13
A  0003501505 REPT EVT ETH
   "ETH-1-2-4:T-UAS-E,TC,02-03,13-45-13,NEND,RCV,10,10,15-MIN:\"T-UAS-E\":0100000000-0000-0000,:YEAR=2011,MODE=NONE"
;

   "Asd001A_OME1T" 11-02-03 13:45:13
A  0003501506 REPT EVT ETH
   "ETH-1-1-1:T-UAS-E,TC,02-03,13-45-13,NEND,RCV,10,10,15-MIN:\"T-UAS-E\":0100000000-0000-0000,:YEAR=2011,MODE=NONE"
;

   "Asd001A_OME1T" 11-02-03 13:45:13
A  0003501507 REPT EVT ETH
   "ETH-1-1-2:T-UAS-E,TC,02-03,13-45-13,NEND,RCV,10,10,15-MIN:\"T-UAS-E\":0100000000-0000-0000,:YEAR=2011,MODE=NONE"
;

   "Asd001A_OME1T" 11-02-03 13:45:13
A  0003501508 REPT EVT ETH
   "ETH-1-1-3:T-UAS-E,TC,02-03,13-45-13,NEND,RCV,10,10,15-MIN:\"T-UAS-E\":0100000000-0000-0000,:YEAR=2011,MODE=NONE"
;<<RTRV-HDR keep alive sent>>
IP 148
<

   "Asd001A_OME1T" 11-02-03 13:45:37
M  148 COMPLD
;<<RTRV-HDR keep alive sent>>
IP 149
<

   "Asd001A_OME1T" 11-02-03 13:47:37
M  149 COMPLD
;<<RTRV-HDR keep alive sent>>
IP 150
<

   "Asd001A_OME1T" 11-02-03 13:49:37
M  150 COMPLD
;<<RTRV-HDR keep alive sent>>
IP 151
<

   "Asd001A_OME1T" 11-02-03 13:51:37
M  151 COMPLD
;<<RTRV-HDR keep alive sent>>
IP 152
<

   "Asd001A_OME1T" 11-02-03 13:53:37
M  152 COMPLD
;<<RTRV-HDR keep alive sent>>
IP 153
<

   "Asd001A_OME1T" 11-02-03 13:55:37
M  153 COMPLD
;<<RTRV-HDR keep alive sent>>
IP 154
<

   "Asd001A_OME1T" 11-02-03 13:57:38
M  154 COMPLD
;<<RTRV-HDR keep alive sent>>
IP 155
<

   "Asd001A_OME1T" 11-02-03 13:59:37
M  155 COMPLD
;

   "Asd001A_OME1T" 11-02-03 14:00:14
A  0003501509 REPT EVT ETH
   "ETH-1-1-1:T-UAS-E,TC,02-03,14-00-14,NEND,RCV,10,10,15-MIN:\"T-UAS-E\":0100000000-0000-0000,:YEAR=2011,MODE=NONE"
;

   "Asd001A_OME1T" 11-02-03 14:00:14
A  0003501510 REPT EVT ETH
   "ETH-1-2-4:T-UAS-E,TC,02-03,14-00-14,NEND,RCV,10,10,15-MIN:\"T-UAS-E\":0100000000-0000-0000,:YEAR=2011,MODE=NONE"
;

   "Asd001A_OME1T" 11-02-03 14:00:14
A  0003501511 REPT EVT ETH
   "ETH-1-1-2:T-UAS-E,TC,02-03,14-00-14,NEND,RCV,10,10,15-MIN:\"T-UAS-E\":0100000000-0000-0000,:YEAR=2011,MODE=NONE"
;

   "Asd001A_OME1T" 11-02-03 14:00:14
A  0003501512 REPT EVT ETH
   "ETH-1-1-3:T-UAS-E,TC,02-03,14-00-14,NEND,RCV,10,10,15-MIN:\"T-UAS-E\":0100000000-0000-0000,:YEAR=2011,MODE=NONE"
;<<RTRV-HDR keep alive sent>>
IP 156
<

   "Asd001A_OME1T" 11-02-03 14:01:37
M  156 COMPLD
;<<RTRV-HDR keep alive sent>>
IP 157
<

   "Asd001A_OME1T" 11-02-03 14:03:38
M  157 COMPLD
;<<RTRV-HDR keep alive sent>>
IP 158
<

   "Asd001A_OME1T" 11-02-03 14:05:38
M  158 COMPLD
;<<RTRV-HDR keep alive sent>>
IP 159
<

   "Asd001A_OME1T" 11-02-03 14:07:38
M  159 COMPLD
;<<RTRV-HDR keep alive sent>>
IP 160
<

   "Asd001A_OME1T" 11-02-03 14:09:38
M  160 COMPLD
;<<RTRV-HDR keep alive sent>>
IP 161
<

   "Asd001A_OME1T" 11-02-03 14:11:38
M  161 COMPLD
;<<RTRV-HDR keep alive sent>>
IP 162
<

   "Asd001A_OME1T" 11-02-03 14:13:39
M  162 COMPLD
;

   "Asd001A_OME1T" 11-02-03 14:15:14
A  0003501513 REPT EVT ETH
   "ETH-1-1-1:T-UAS-E,TC,02-03,14-15-14,NEND,RCV,10,10,15-MIN:\"T-UAS-E\":0100000000-0000-0000,:YEAR=2011,MODE=NONE"
;

   "Asd001A_OME1T" 11-02-03 14:15:14
A  0003501514 REPT EVT ETH
   "ETH-1-2-4:T-UAS-E,TC,02-03,14-15-14,NEND,RCV,10,10,15-MIN:\"T-UAS-E\":0100000000-0000-0000,:YEAR=2011,MODE=NONE"
;

   "Asd001A_OME1T" 11-02-03 14:15:14
A  0003501515 REPT EVT ETH
   "ETH-1-1-2:T-UAS-E,TC,02-03,14-15-14,NEND,RCV,10,10,15-MIN:\"T-UAS-E\":0100000000-0000-0000,:YEAR=2011,MODE=NONE"
;

   "Asd001A_OME1T" 11-02-03 14:15:14
A  0003501516 REPT EVT ETH
   "ETH-1-1-3:T-UAS-E,TC,02-03,14-15-14,NEND,RCV,10,10,15-MIN:\"T-UAS-E\":0100000000-0000-0000,:YEAR=2011,MODE=NONE"
;<<RTRV-HDR keep alive sent>>
IP 163
<

   "Asd001A_OME1T" 11-02-03 14:15:39
M  163 COMPLD
;<<RTRV-HDR keep alive sent>>
IP 164
<

   "Asd001A_OME1T" 11-02-03 14:17:38
M  164 COMPLD
;<<RTRV-HDR keep alive sent>>
IP 165
<

   "Asd001A_OME1T" 11-02-03 14:19:39
M  165 COMPLD
;<<RTRV-HDR keep alive sent>>
IP 166
<

   "Asd001A_OME1T" 11-02-03 14:21:39
M  166 COMPLD
;<<RTRV-HDR keep alive sent>>
IP 167
<

   "Asd001A_OME1T" 11-02-03 14:23:39
M  167 COMPLD
;<<RTRV-HDR keep alive sent>>
IP 168
<

   "Asd001A_OME1T" 11-02-03 14:25:40
M  168 COMPLD
;<<RTRV-HDR keep alive sent>>
IP 169
<

   "Asd001A_OME1T" 11-02-03 14:27:39
M  169 COMPLD
;<<RTRV-HDR keep alive sent>>
IP 170
<

   "Asd001A_OME1T" 11-02-03 14:29:39
M  170 COMPLD
;

   "Asd001A_OME1T" 11-02-03 14:30:14
A  0003501517 REPT EVT ETH
   "ETH-1-1-1:T-UAS-E,TC,02-03,14-30-14,NEND,RCV,10,10,15-MIN:\"T-UAS-E\":0100000000-0000-0000,:YEAR=2011,MODE=NONE"
;

   "Asd001A_OME1T" 11-02-03 14:30:14
A  0003501518 REPT EVT ETH
   "ETH-1-2-4:T-UAS-E,TC,02-03,14-30-14,NEND,RCV,10,10,15-MIN:\"T-UAS-E\":0100000000-0000-0000,:YEAR=2011,MODE=NONE"
;

   "Asd001A_OME1T" 11-02-03 14:30:14
A  0003501519 REPT EVT ETH
   "ETH-1-1-2:T-UAS-E,TC,02-03,14-30-14,NEND,RCV,10,10,15-MIN:\"T-UAS-E\":0100000000-0000-0000,:YEAR=2011,MODE=NONE"
;

   "Asd001A_OME1T" 11-02-03 14:30:14
A  0003501520 REPT EVT ETH
   "ETH-1-1-3:T-UAS-E,TC,02-03,14-30-14,NEND,RCV,10,10,15-MIN:\"T-UAS-E\":0100000000-0000-0000,:YEAR=2011,MODE=NONE"
;<<RTRV-HDR keep alive sent>>
IP 171
<

   "Asd001A_OME1T" 11-02-03 14:31:40
M  171 COMPLD
;<<RTRV-HDR keep alive sent>>
IP 172
<

   "Asd001A_OME1T" 11-02-03 14:33:40
M  172 COMPLD
;<<RTRV-HDR keep alive sent>>
IP 173
<

   "Asd001A_OME1T" 11-02-03 14:35:39
M  173 COMPLD
;<<RTRV-HDR keep alive sent>>
IP 174
<

   "Asd001A_OME1T" 11-02-03 14:37:40
M  174 COMPLD
;<<RTRV-HDR keep alive sent>>
IP 175
<

   "Asd001A_OME1T" 11-02-03 14:39:40
M  175 COMPLD
;<<RTRV-HDR keep alive sent>>
IP 176
<

   "Asd001A_OME1T" 11-02-03 14:41:40
M  176 COMPLD
;<<RTRV-HDR keep alive sent>>
IP 177
<

   "Asd001A_OME1T" 11-02-03 14:43:41
M  177 COMPLD
;

   "Asd001A_OME1T" 11-02-03 14:45:14
A  0003501521 REPT EVT ETH
   "ETH-1-1-1:T-UAS-E,TC,02-03,14-45-14,NEND,RCV,10,10,15-MIN:\"T-UAS-E\":0100000000-0000-0000,:YEAR=2011,MODE=NONE"
;

   "Asd001A_OME1T" 11-02-03 14:45:14
A  0003501522 REPT EVT ETH
   "ETH-1-1-2:T-UAS-E,TC,02-03,14-45-14,NEND,RCV,10,10,15-MIN:\"T-UAS-E\":0100000000-0000-0000,:YEAR=2011,MODE=NONE"
;

   "Asd001A_OME1T" 11-02-03 14:45:14
A  0003501523 REPT EVT ETH
   "ETH-1-1-3:T-UAS-E,TC,02-03,14-45-14,NEND,RCV,10,10,15-MIN:\"T-UAS-E\":0100000000-0000-0000,:YEAR=2011,MODE=NONE"
;

   "Asd001A_OME1T" 11-02-03 14:45:14
A  0003501524 REPT EVT ETH
   "ETH-1-2-4:T-UAS-E,TC,02-03,14-45-14,NEND,RCV,10,10,15-MIN:\"T-UAS-E\":0100000000-0000-0000,:YEAR=2011,MODE=NONE"
;<<RTRV-HDR keep alive sent>>
IP 178
<

   "Asd001A_OME1T" 11-02-03 14:45:40
M  178 COMPLD
;<<RTRV-HDR keep alive sent>>
IP 179
<

   "Asd001A_OME1T" 11-02-03 14:47:40
M  179 COMPLD
;<<RTRV-HDR keep alive sent>>
IP 180
<

   "Asd001A_OME1T" 11-02-03 14:49:41
M  180 COMPLD
;<<RTRV-HDR keep alive sent>>
IP 181
<

   "Asd001A_OME1T" 11-02-03 14:51:41
M  181 COMPLD
;<<RTRV-HDR keep alive sent>>
IP 182
<

   "Asd001A_OME1T" 11-02-03 14:53:41
M  182 COMPLD
;<<RTRV-HDR keep alive sent>>
IP 183
<

   "Asd001A_OME1T" 11-02-03 14:55:41
M  183 COMPLD
;<<RTRV-HDR keep alive sent>>
IP 184
<

   "Asd001A_OME1T" 11-02-03 14:57:41
M  184 COMPLD
;<<RTRV-HDR keep alive sent>>
IP 185
<

   "Asd001A_OME1T" 11-02-03 14:59:42
M  185 COMPLD
;

   "Asd001A_OME1T" 11-02-03 15:00:14
A  0003501525 REPT EVT ETH
   "ETH-1-1-1:T-UAS-E,TC,02-03,15-00-14,NEND,RCV,10,10,15-MIN:\"T-UAS-E\":0100000000-0000-0000,:YEAR=2011,MODE=NONE"
;

   "Asd001A_OME1T" 11-02-03 15:00:14
A  0003501526 REPT EVT ETH
   "ETH-1-2-4:T-UAS-E,TC,02-03,15-00-14,NEND,RCV,10,10,15-MIN:\"T-UAS-E\":0100000000-0000-0000,:YEAR=2011,MODE=NONE"
;

   "Asd001A_OME1T" 11-02-03 15:00:14
A  0003501527 REPT EVT ETH
   "ETH-1-1-2:T-UAS-E,TC,02-03,15-00-14,NEND,RCV,10,10,15-MIN:\"T-UAS-E\":0100000000-0000-0000,:YEAR=2011,MODE=NONE"
;

   "Asd001A_OME1T" 11-02-03 15:00:14
A  0003501528 REPT EVT ETH
   "ETH-1-1-3:T-UAS-E,TC,02-03,15-00-14,NEND,RCV,10,10,15-MIN:\"T-UAS-E\":0100000000-0000-0000,:YEAR=2011,MODE=NONE"
;<<RTRV-HDR keep alive sent>>
IP 186
<

   "Asd001A_OME1T" 11-02-03 15:01:42
M  186 COMPLD
;<<RTRV-HDR keep alive sent>>
IP 187
<

   "Asd001A_OME1T" 11-02-03 15:03:41
M  187 COMPLD
