***** (re)Starting logger at Fri Apr 17 19:23:58 CEST 2009*****



**** TL1 session opened at Fri Apr 17 19:23:58 CEST 2009 ****


<<RTRV-HDR keep alive sent>>

????

NOTICE: This is a private computer system.
Unauthorized access or use may lead to prosecution.

------------ (c) 2000 - 2006 Nortel Networks. All Rights Reserved ----------
|  NOTICE: This is a private computer system.                              |
|  Unauthorized access or use may lead to prosecution.                     |
|                                                                          |
|  NORTEL Common Photonic Layer CHA                                        |
---------
----------
---------------------------------------------------------

/*
 * Starting Interactive TL1 Command Mode.
 * Type ? for help while constructing TL1 commands.
 * Type .? for specific parameter/keyword help.
 */



< IP 2
<


   ASD001A-CPL14 09-04-17 17:25:46
M  2 DENY
   PLNA
   /*Privilege, Login Not Active*/
;
<<ACT-USER sent, password hidden>>

IP 3
<


   ASD001A-CPL14 09-04-17 17:25:46
M  3 COMPLD
;
RTRV-NETYPE:ASD001A-CPL14::4;

IP 4
<


   ASD001A-CPL14 09-04-17 17:25:46
M  4 COMPLD
   "NORTEL,\"Common Photonic Layer CHA\",CHA,\"REL0310P.FP\""
;
RTRV-SW-VER:ASD001A-CPL14::5;

IP 5
<


   ASD001A-CPL14 09-04-17 17:25:47
M  5 COMPLD
   "SHELF-14:REL0310P.FP"
;
<<RTRV-HDR keep alive sent>>

IP 6
<


   ASD001A-CPL14 09-04-17 17:26:06
M  6 COMPLD
;
RTRV-RTG-INFO:ASD001A-CPL14::7:::NAME="ASD001A-CPL14";

IP 7
<


   ASD001A-CPL14 09-04-17 17:26:18
M  7 COMPLD
   "SHELF-14:,ASD001A-CPL14,0016CA3FD16F,00011700,NO"
;
RTRV-SHELF:ASD001A-CPL14:ALL:8;

IP 8
<


   ASD001A-CPL14 09-04-17 17:26:18
M  8 COMPLD
   "SHELF-14::OSID=\"12\",SITEID=111,SITENAME=\"Asd001A\",OSC1TXPATHID=2,DOCSITEIND=YES,FIXCFGTYPE=NOFIXC,OSCMODE=SDH,OSC1TXPATHDOC=\"\",OTHERPATHDOC=\"\",ASSOCSHELVES=\"\",DISC_ASSOCSHELVES=\"\",OSC1AMPSLOT=2,OSC2AMPSLOT=0,PRIMARY=DISABLE,TIDC=DISABLE"
;
ALW-MSG-BROADCAST:ASD001A-CPL14:ALL:9;

IP 9
<


   ASD001A-CPL14 09-04-17 17:26:18
M  9 COMPLD
;
RTRV-INVENTORY:ASD001A-CPL14::10;

IP 10
<


   ASD001A-CPL14 09-04-17 17:26:21
M  10 COMPLD
   "EMPTY-14-1::"
   "LIM-14-2::CTYPE=\"CPL EDFA Module 1 (SLA)\",PEC=NTT830AA,REL= 07A,CLEI=WMANUW0GAA,SER=NNTM72W80342,MDAT=2005-17,AGE=03-131-14-32,ONSC=00-010-07-04"
   "EMPTY-14-3::"
   "GMD-14-4::CTYPE=\"Group Mux/Demux Type 2 w/OSC\",PEC=NTT801BA,REL= 06 ,CLEI=WMOMAMFGAB,SER=NNTMH9002396,MDAT=2006-19,AGE=01-196-08-41,ONSC=01-197-02-00"
   "EMPTY-14-5::"
   "EMPTY-14-6::"
   "EMPTY-14-7::"
   "EMPTY-14-8::"
   "EMPTY-14-9::"
   "EMPTY-14-
10::"
   "EMPTY-14-11::"
   "CMD8-14-12::CTYPE=\"SCMD8 Gr8 Filtered\",PEC=NTT861AH,REL= 04 ,CLEI=WMOMAESGAA,SER=NNTMGF004495,MDAT=2006-09,AGE=02-264-22-48,ONSC=00-049-07-38"
   "EMPTY-14-13::"
>


   ASD001A-CPL14 09-04-17 17:26:21
M  10 COMPLD
   "EMPTY-14-14::"
   "EMPTY-14-15::"
;
RTRV-ADJ:ASD001A-CPL14:ALL:11;

IP 11
<


   ASD001A-CPL14 09-04-17 17:26:21
M  11 COMPLD
   "ADJ-14-2-5::ADJTYPE=LINE,PROVFEADDR=\"ASD001A-CPL2P-13-2-8\",PADDRFORM=TID-SH-SL-PRT,DISCFEADDR=\"ASD001A-CPL2P-13-2-8\",DADDRFORM=TID-SH-SL-PRT,ADJSTAT=RELIABLE,CLFI=\"\":IS"
   "ADJ-14-2-7::ADJTYPE=GMD,PROVFEADDR=\"ASD001A-CPL14-14-4-22\",PADDRFORM=TID-SH-SL-PRT,DISCFEADDR=\"\",DADDRFORM=NULL,ADJSTAT=DERIVED,CLFI=\"\":IS"
   "ADJ-14-2-2::ADJTYPE=OPM,PROVFEADDR=\"\",PADDRFORM=NULL,DISCFEADDR=\"\",DADDRFORM=NULL,ADJSTAT=UNVERIFIED,CLFI=\
"\":IS"
   "ADJ-14-2-1::ADJTYPE=OPM,PROVFEADDR=\"\",PADDRFORM=NULL,DISCFEADDR=\"\",DADDRFORM=NULL,ADJSTAT=UNVERIFIED,CLFI=\"\":IS"
   "ADJ-14-4-2::ADJTYPE=UNKNOWN,PROVFEADDR=\"\",PADDRFORM=NULL,DISCFEADDR=\"\",DADDRFORM=NULL,ADJSTAT=UNVERIFIED,CLFI=\"\":OOS-MA"
   "ADJ-14-4-4::ADJTYPE=UNKNOWN,PROVFEADDR=\"\",PADDRFORM=NULL,DISCFEADDR=\"\",DADDRFORM=NULL,ADJSTAT=UNVERIFIED,CLFI=\"\":OOS-MA"
   "ADJ-14-4-6::ADJTYPE=UNKNOWN,PROVFEADDR=\"\",PADDRFORM=NULL,DISCFEADDR=\"\",DADDRFORM=NULL,ADJSTAT=U
NVERIFIED,CLFI=\"\":
OOS-
MA"
   "ADJ-14-4-8::ADJTYPE=UNKNOWN,PROVFEADDR=\"\",PADDRFORM=NULL,DISCFEADDR=\"\",DADDRFORM=NULL,ADJSTAT=UNVERIFIED,CLFI=\"\":OOS-MA"
   "ADJ-14-4-10::ADJTYPE=UNKNOWN,PROVFEADDR=\"\",PADDRFORM=NULL,DISCFEADDR=\"\",DADDRFORM=NULL,ADJSTAT=UNVERIFIED,CLFI=\"\":OOS-MA"
   "ADJ-14-4-12::ADJTYPE=UNKNOWN,PROVFEADDR=\"\",PADDRFORM=NULL,DISCFEADDR=\"\",DADDRFORM=NULL,ADJSTAT=UNVERIFIED,CLFI=\"\":OOS-MA"
   "ADJ-14-4-14::ADJTYPE=UNKNOWN,PROVFEADDR=\"\",PADDRFORM=NULL,DISCFEADDR=\"\",DADDRFORM=NULL,ADJSTAT=UNVE
RIFIED,CLFI=\"\":OOS-MA"
   "ADJ-14-4-16::ADJTYPE=CMD,PROVFEADDR=\"ASD001A-CPL14-14-12-1\",PADDRFORM=TID-SH-SL-PRT,DISCFEADDR=\"\",DADDRFORM=NULL,ADJSTAT=DERIVED,CLFI=\"\":IS"
>


   ASD001A-CPL14 09-04-17 17:26:21
M  11 COMPLD
   "ADJ-14-4-18::ADJTYPE=UNKNOWN,PROVFEADDR=\"\",PADDRFORM=NULL,DISCFEADDR=\"\",DADDRFORM=NULL,ADJSTAT=UNVERIFIED,CLFI=\"\":OOS-MA"
   "ADJ-14-4-23::ADJTYPE=LIM,PROVFEADDR=\"ASD001A-CPL14-14-2-6\",PADDRFORM=TID-SH-SL-PRT,DISCFEADDR=\"\",DADDRFORM=NULL,ADJSTAT=DERIVED,CLFI=\"\":IS"
   "ADJ-14-12-3::ADJTYPE=TX,PROVFEADDR=\"ASD001A-OME22-1-1-1\",PADDRFORM=TID-SH-SL-PRT,DISCFEADDR=\"\",DADDRFORM=NULL,ADJSTAT=UNVERIFIED,CLFI=\"\":IS"
   "ADJ-14-12-4::ADJT
YPE=RX,PROVFEADDR=\"ASD001A-OME22-1-1-1\",PADDRFORM=TID-SH-SL-PRT,DISCFEADDR=\"\",DADDRFORM=NULL,ADJSTAT=UNVERIFIED,CLFI=\"\":IS"
   "ADJ-14-12-5::ADJTYPE=TX,PROVFEADDR=\"ASD001A-OME22-1-7-1\",PADDRFORM=TID-SH-SL-PRT,DISCFEADDR=\"\",DADDRFORM=NULL,ADJSTAT=UNVERIFIED,CLFI=\"\":IS"
   "ADJ-14-12-6::ADJTYPE=RX,PROVFEADDR=\"ASD001A-OME22-1-7-1\",PADDRFORM=TID-SH-SL-PRT,DISCFEADDR=\"\",DADDRFORM=NULL,ADJSTAT=UNVERIFIED,CLFI=\"\":IS"
   "ADJ-14-12-7::ADJTYPE=TX,PROVFEADDR=\"ASD001A-OME22-1-5-1\",PADDRFORM=TI
D-SH
-SL-PRT,DISCFEADDR=\"\",DADDRFORM=NULL,ADJSTAT=UNVERIFIED,CLFI=\"\":IS"
   "ADJ-14-12-8::ADJTYPE=RX,PROVFEADDR=\"ASD001A-OME22-1-5-1\",PADDRFORM=TID-SH-SL-PRT,DISCFEADDR=\"\",DADDRFORM=NULL,ADJSTAT=UNVERIFIED,CLFI=\"\":IS"
   "ADJ-14-12-9::ADJTYPE=TX,PROVFEADDR=\"ASD001A-OME22-1-2-1\",PADDRFORM=TID-SH-SL-PRT,DISCFEADDR=\"\",DADDRFORM=NULL,ADJSTAT=UNVERIFIED,CLFI=\"\":IS"
   "ADJ-14-12-10::ADJTYPE=RX,PROVFEADDR=\"ASD001A-OME22-1-2-1\",PADDRFORM=TID-SH-SL-PRT,DISCFEADDR=\"\",DADDRFORM=NULL,ADJSTAT=UNVERI
FIED,CLFI=\"\":IS"
   "ADJ-14-12-11::ADJTYPE=TX,PROVFEADDR=\"\",PADDRFORM=TID-SH-SL-PRT,DISCFEADDR=\"\",DADDRFORM=NULL,ADJSTAT=UNVERIFIED,CLFI=\"\":OOS-MA"
   "ADJ-14-12-12::ADJTYPE=RX,PROVFEADDR=\"\",PADDRFORM=TID-SH-SL-PRT,DISCFEADDR=\"\",DADDRFORM=NULL,ADJSTAT=UNVERIFIED,CLFI=\"\":OOS-MA"
>


   ASD001A-CPL14 09-04-17 17:26:21
M  11 COMPLD
   "ADJ-14-12-13::ADJTYPE=TX,PROVFEADDR=\"ASD001A-OME22-1-3-1\",PADDRFORM=TID-SH-SL-PRT,DISCFEADDR=\"\",DADDRFORM=NULL,ADJSTAT=UNVERIFIED,CLFI=\"\":IS"
   "ADJ-14-12-14::ADJTYPE=RX,PROVFEADDR=\"ASD001A-OME22-1-3-1\",PADDRFORM=TID-SH-SL-PRT,DISCFEADDR=\"\",DADDRFORM=NULL,ADJSTAT=UNVERIFIED,CLFI=\"\":IS"
   "ADJ-14-12-15::ADJTYPE=TX,PROVFEADDR=\"\",PADDRFORM=TID-SH-SL-PRT,DISCFEADDR=\"\",DADDRFORM=NULL,ADJSTAT=UNVERIFIED,CLFI=\"\":IS"
   "ADJ-14-12-16:
:ADJTYPE=RX,PROVFEADDR=\"\",PADDRFORM=TID-SH-SL-PRT,DISCFEADDR=\"\",DADDRFORM=NULL,ADJSTAT=UNVERIFIED,CLFI=\"\":IS"
   "ADJ-14-12-17::ADJTYPE=TX,PROVFEADDR=\"ASD001A-OME22-1-6-1\",PADDRFORM=TID-SH-SL-PRT,DISCFEADDR=\"\",DADDRFORM=NULL,ADJSTAT=UNVERIFIED,CLFI=\"\":IS"
   "ADJ-14-12-18::ADJTYPE=RX,PROVFEADDR=\"ASD001A-OME22-1-6-1\",PADDRFORM=TID-SH-SL-PRT,DISCFEADDR=\"\",DADDRFORM=NULL,ADJSTAT=UNVERIFIED,CLFI=\"\":IS"
   "ADJ-14-12-2::ADJTYPE=GMD,PROVFEADDR=\"ASD001A-CPL14-14-4-15\",PADDRFORM=TID-SH-SL-P
RT,D
ISCFEADDR=\"\",DADDRFORM=NULL,ADJSTAT=DERIVED,CLFI=\"\":IS"
   "ADJ-14-12-20::ADJTYPE=UNKNOWN,PROVFEADDR=\"\",PADDRFORM=NULL,DISCFEADDR=\"\",DADDRFORM=NULL,ADJSTAT=UNVERIFIED,CLFI=\"\":OOS-MA"
;
RTRV-ADJ-TX:ASD001A-CPL14:ALL:12;

IP 12
<


   ASD001A-CPL14 09-04-17 17:26:22
M  12 COMPLD
   "ADJ-14-12-3::ADJTXTYPE=OMENGMWT10GBE11G1,ADJTXBIAS=0.00,CKTID=\"DRAC-E3429191-1237839015824\",WAVELENGTH=1558.17,RATE=11.1G,ADJTXFEC=0.00,ADJTXMINPOW=-10.00,ADJTXMAXPOW=0.00,ADJTXCURPOW=0.00,PAIREDRX=YES,DOCCARE=TRUE,ACTIVE=TRUE"
   "ADJ-14-12-5::ADJTXTYPE=OMENGMWT10GBE11G1,ADJTXBIAS=0.00,CKTID=\"DRAC-E3429191-1238145103797\",WAVELENGTH=1558.58,RATE=11.1G,ADJTXFEC=0.00,ADJTXMINPOW=-10.00,ADJTXMAXPOW=0.00,ADJTXCURPOW=0.00,PAIREDRX=YES,DOCCARE=TRUE,A
CTIVE=TRUE"
   "ADJ-14-12-7::ADJTXTYPE=OMENGMWT10GBE11G1,ADJTXBIAS=0.00,CKTID=\"\",WAVELENGTH=1558.98,RATE=11.1G,ADJTXFEC=0.00,ADJTXMINPOW=-10.00,ADJTXMAXPOW=0.00,ADJTXCURPOW=0.00,PAIREDRX=YES,DOCCARE=TRUE,ACTIVE=TRUE"
   "ADJ-14-12-9::ADJTXTYPE=OMENGMWTOTU210G7,ADJTXBIAS=0.00,CKTID=\"\",WAVELENGTH=1559.39,RATE=10.7G,ADJTXFEC=0.00,ADJTXMINPOW=-10.00,ADJTXMAXPOW=0.00,ADJTXCURPOW=0.00,PAIREDRX=YES,DOCCARE=TRUE,ACTIVE=TRUE"
   "ADJ-14-12-11::ADJTXTYPE=UNKNOWN,ADJTXBIAS=0.00,CKTID=\"\",WAVELENGTH=1559.79,R
ATE=
UNKNOWN,ADJTXFEC=0.00,ADJTXMINPOW=0.00,ADJTXMAXPOW=0.00,ADJTXCURPOW=0.00,PAIREDRX=YES,DOCCARE=FALSE,ACTIVE=FALSE"
   "ADJ-14-12-13::ADJTXTYPE=OMENGMWT10GBE11G1,ADJTXBIAS=0.00,CKTID=\"\",WAVELENGTH=1560.20,RATE=11.1G,ADJTXFEC=0.00,ADJTXMINPOW=-10.00,ADJTXMAXPOW=0.00,ADJTXCURPOW=0.00,PAIREDRX=YES,DOCCARE=TRUE,ACTIVE=TRUE"
   "ADJ-14-12-15::ADJTXTYPE=OMENGMWT10GBE11G1,ADJTXBIAS=0.00,CKTID=\"\",WAVELENGTH=1560.61,RATE=11.1G,ADJTXFEC=0.00,ADJTXMINPOW=-10.00,ADJTXMAXPOW=0.00,ADJTXCURPOW=0.00,PAIREDRX=YES,DOCC
ARE=FALSE,ACTIVE=FALSE"
   "ADJ-14-12-17::ADJTXTYPE=OMENGMWT10GBE11G1,ADJTXBIAS=0.00,CKTID=\"\",WAVELENGTH=1561.01,RATE=11.1G,ADJTXFEC=0.00,ADJTXMINPOW=-10.00,ADJTXMAXPOW=0.00,ADJTXCURPOW=0.00,PAIREDRX=YES,DOCCARE=TRUE,ACTIVE=TRUE"
;
RTRV-ADJ-LINE:ASD001A-CPL14:ALL:13;

IP 13
<


   ASD001A-CPL14 09-04-17 17:26:22
M  13 COMPLD
   "ADJ-14-2-5::FIBERTYPE=NDSF"
;
RTRV-TOPO-SWT:ASD001A-CPL14:ALL:14;

IP 14
<


   ASD001A-CPL14 09-04-17 17:26:22
M  14 COMPLD
   "SWT-14-153033::PATHID=2,SWSTATUS=OK,DOCCARE=FALSE,PORTTRAIL=\"4-1,4-23,2-6,2-5\",ROUTING=UNKNOWN,OBMCONFIGURABLE=FALSE,CKTID=\"\",EDGEPORT=\"0-0\",DERIVED=TRUE,ACTIVE=FALSE"
   "SWT-14-153033::PATHID=1,SWSTATUS=OK,DOCCARE=FALSE,PORTTRAIL=\"2-8,2-7,4-22,4-2\",ROUTING=UNKNOWN,OBMCONFIGURABLE=FALSE,CKTID=\"\",EDGEPORT=\"0-0\",DERIVED=TRUE,ACTIVE=FALSE"
   "SWT-14-153072::PATHID=2,SWSTATUS=OK,DOCCARE=FALSE,PORTTRAIL=\"4-1,4-23,2-6,2-5\",ROUTING=UNKNOW
N,OBMCONFIGURABLE=FALSE,CKTID=\"\",EDGEPORT=\"0-0\",DERIVED=TRUE,ACTIVE=FALSE"
   "SWT-14-153072::PATHID=1,SWSTATUS=OK,DOCCARE=FALSE,PORTTRAIL=\"2-8,2-7,4-22,4-2\",ROUTING=UNKNOWN,OBMCONFIGURABLE=FALSE,CKTID=\"\",EDGEPORT=\"0-0\",DERIVED=TRUE,ACTIVE=FALSE"
   "SWT-14-153112::PATHID=2,SWSTATUS=OK,DOCCARE=FALSE,PORTTRAIL=\"4-1,4-23,2-6,2-5\",ROUTING=UNKNOWN,OBMCONFIGURABLE=FALSE,CKTID=\"\",EDGEPORT=\"0-0\",DERIVED=TRUE,ACTIVE=FALSE"
   "SWT-14-153112::PATHID=1,SWSTATUS=OK,DOCCARE=FALSE,PORTTRAIL=\"2-8,2-
7,4-
22,4-2\",ROUTING=UNKNOWN,OBMCONFIGURABLE=FALSE,CKTID=\"\",EDGEPORT=\"0-0\",DERIVED=TRUE,ACTIVE=FALSE"
   "SWT-14-153151::PATHID=2,SWSTATUS=OK,DOCCARE=FALSE,PORTTRAIL=\"4-1,4-23,2-6,2-5\",ROUTING=UNKNOWN,OBMCONFIGURABLE=FALSE,CKTID=\"\",EDGEPORT=\"0-0\",DERIVED=TRUE,ACTIVE=FALSE"
   "SWT-14-153151::PATHID=1,SWSTATUS=OK,DOCCARE=FALSE,PORTTRAIL=\"2-8,2-7,4-22,4-2\",ROUTING=UNKNOWN,OBMCONFIGURABLE=FALSE,CKTID=\"\",EDGEPORT=\"0-0\",DERIVED=TRUE,ACTIVE=FALSE"
   "SWT-14-153190::PATHID=2,SWSTATUS=OK,DOCCARE=F
ALSE,PORTTRAIL=\"4-1,4-23,2-6,2-5\",ROUTING=UNKNOWN,OBMCONFIGURABLE=FALSE,CKTID=\"\",EDGEPORT=\"0-0\",DERIVED=TRUE,ACTIVE=FALSE"
   "SWT-14-153190::PATHID=1,SWSTATUS=OK,DOCCARE=FALSE,PORTTRAIL=\"2-8,2-7,4-22,4-2\",ROUTING=UNKNOWN,OBMCONFIGURABLE=FALSE,CKTID=\"\",EDGEPORT=\"0-0\",DERIVED=TRUE,ACTIVE=FALSE"
   "SWT-14-153229::PATHID=2,SWSTATUS=OK,DOCCARE=FALSE,PORTTRAIL=\"4-1,4-23,2-6,2-5\",ROUTING=UNKNOWN,OBMCONFIGURABLE=FALSE,CKTID=\"\",EDGEPORT=\"0-0\",DERIVED=TRUE,ACTIVE=FALSE"
   "SWT-14-153229::PAT
HID=
1,SWSTATUS=OK,DOCCARE=FALSE,PORTTRAIL=\"2-8,2-7,4-22,4-2\",ROUTING=UNKNOWN,OBMCONFIGURABLE=FALSE,CKTID=\"\",EDGEPORT=\"0-0\",DERIVED=TRUE,ACTIVE=FALSE"
   "SWT-14-153268::PATHID=2,SWSTATUS=OK,DOCCARE=FALSE,PORTTRAIL=\"4-1,4-23,2-6,2-5\",ROUTING=UNKNOWN,OBMCONFIGURABLE=FALSE,CKTID=\"\",EDGEPORT=\"0-0\",DERIVED=TRUE,ACTIVE=FALSE"
>

   ASD001A-CPL14 09-04-17 17:26:22
M  14 COMPLD
   "SWT-14-153268::PATHID=1,SWSTATUS=OK,DOCCARE=FALSE,PORTTRAIL=\"2-8,2-7,4-22,4-2\",ROUTING=UNKNOWN,OBMCONFIGURABLE=FALSE,CKTID=\"\",EDGEPORT=\"0-0\",DERIVED=TRUE,ACTIVE=FALSE"
   "SWT-14-153307::PATHID=2,SWSTATUS=OK,DOCCARE=FALSE,PORTTRAIL=\"4-1,4-23,2-6,2-5\",ROUTING=UNKNOWN,OBMCONFIGURABLE=FALSE,CKTID=\"\",EDGEPORT=\"0-0\",DERIVED=TRUE,ACTIVE=FALSE"
   "SWT-14-153307::PATHID=1,SWSTATUS=OK,DOCCARE=FALSE,PORTTRAIL=\"2-8,2-7,4-22,4-2\",ROUTING=UNKNOWN,OBMCONFIGURABLE=FALSE,CKTID=\"\",EDGEPORT=\"0-0\",DERIVED=TRUE,ACTIVE=FALSE"
   "SWT-14-153425::PATHID=2,SWSTATUS=OK,DOCCARE=FALSE,PORTTRAIL=\"4-3,4-23,2-6,2-5\",ROUTING=UNKNOWN,OBMCONFIGURABLE=FALSE,CKTID=\"\",EDGEPORT=\"0-0\",DERIVED=TRUE,ACTIVE=FALSE"
   "SWT-14-153425::PATHID=1,SWSTATUS=OK,DOCCARE=FALSE,PORTTRAIL=\"2-8,2-7,4-22,4-4\",ROUTING=UNKNOWN,OBMCONFIGURABLE=FALSE,CKTID=\"\",EDGEPORT=\"0-0\",DERIVED=TRUE,ACTIVE=FALSE"
   "SWT-14-153464::PATHID=2,SWSTATUS=OK,DOCCARE=FALSE,PORTTRAIL=\"4-3,4-23,2-6,2-5\",ROUTING=UNKNOWN,OBMCONFIGURABLE=FALSE,CKTID=\"\",EDGEPORT=\"0-0\",DERIVED=TRUE,ACTIVE=FALSE"
   "SWT-14-153464::PATHID=1,SWSTATUS=OK,DOCCARE=FALSE,PORTTRAIL=\"2-8,2-7,4-22,4-4\",ROUTING=UNKNOWN,OBMCONFIGURABLE=FALSE,CKTID=\"\",EDGEPORT=\"0-0\",DERIVED=TRUE,ACTIVE=FALSE"
   "SWT-14-153504::PATHID=2,SWSTATUS=OK,DOCCARE=FALSE,PORTTRAIL=\"4-3,4-23,2-6,2-5\",ROUTING=UNKNOWN,OBMCONFIGURABLE=FALSE,CKTID=\"\",EDGEPORT=\"0-0\",DERIVED=TRUE,ACTIVE=FALSE"
   "SWT-14-153504::PATHID=1,SWSTATUS=OK,DOCCARE=FALSE,PORTTRAIL=\"2-8,2-7,4-22,4-4\",ROUTING=UNKNOWN,OBMCONFIGURABLE=FALSE,CKTID=\"\",EDGEPORT=\"0-0\",DERIVED=TRUE,ACTIVE=FALSE"
   "SWT-14-153543::PATHID=2,SWSTATUS=OK,DOCCARE=FALSE,PORTTRAIL=\"4-3,4-23,2-6,2-5\",ROUTING=UNKNOWN,OBMCONFIGURABLE=FALSE,CKTID=\"\",EDGEPORT=\"0-0\",DERIVED=TRUE,ACTIVE=FALSE"
   "SWT-14-153543::PATHID=1,SWSTATUS=OK,DOCCARE=FALSE,PORTTRAIL=\"2-8,2-7,4-22,4-4\",ROUTING=UNKNOWN,OBMCONFIGURABLE=FALSE,CKTID=\"\",EDGEPORT=\"0-0\",DERIVED=TRUE,ACTIVE=FALSE"
   "SWT-14-153582::PATHID=2,SWSTATUS=OK,DOCCARE=FALSE,PORTTRAIL=\"4-3,4-23,2-6,2-5\",ROUTING=UNKNOWN,OBMCONFIGURABLE=FALSE,CKTID=\"\",EDGEPORT=\"0-0\",DERIVED=TRUE,ACTIVE=FALSE"
   "SWT-14-153582::PATHID=1,SWSTATUS=OK,DOCCARE=FALSE,PORTTRAIL=\"2-8,2-7,4-22,4-4\",ROUTING=UNKNOWN,OBMCONFIGURABLE=FALSE,CKTID=\"\",EDGEPORT=\"0-0\",DERIVED=TRUE,ACTIVE=FALSE"
>

   ASD001A-CPL14 09-04-17 17:26:22
M  14 COMPLD
   "SWT-14-153622::PATHID=2,SWSTATUS=OK,DOCCARE=FALSE,PORTTRAIL=\"4-3,4-23,2-6,2-5\",ROUTING=UNKNOWN,OBMCONFIGURABLE=FALSE,CKTID=\"\",EDGEPORT=\"0-0\",DERIVED=TRUE,ACTIVE=FALSE"
   "SWT-14-153622::PATHID=1,SWSTATUS=OK,DOCCARE=FALSE,PORTTRAIL=\"2-8,2-7,4-22,4-4\",ROUTING=UNKNOWN,OBMCONFIGURABLE=FALSE,CKTID=\"\",EDGEPORT=\"0-0\",DERIVED=TRUE,ACTIVE=FALSE"
   "SWT-14-153661::PATHID=2,SWSTATUS=OK,DOCCARE=FALSE,PORTTRAIL=\"4-3,4-23,2-6,2-5\",ROUTING=UNKNOWN,OBMCONFIGURABLE=FALSE,CKTID=\"\",EDGEPORT=\"0-0\",DERIVED=TRUE,ACTIVE=FALSE"
   "SWT-14-153661::PATHID=1,SWSTATUS=OK,DOCCARE=FALSE,PORTTRAIL=\"2-8,2-7,4-22,4-4\",ROUTING=UNKNOWN,OBMCONFIGURABLE=FALSE,CKTID=\"\",EDGEPORT=\"0-0\",DERIVED=TRUE,ACTIVE=FALSE"
   "SWT-14-153700::PATHID=2,SWSTATUS=OK,DOCCARE=FALSE,PORTTRAIL=\"4-3,4-23,2-6,2-5\",ROUTING=UNKNOWN,OBMCONFIGURABLE=FALSE,CKTID=\"\",EDGEPORT=\"0-0\",DERIVED=TRUE,ACTIVE=FALSE"
   "SWT-14-153700::PATHID=1,SWSTATUS=OK,DOCCARE=FALSE,PORTTRAIL=\"2-8,2-7,4-22,4-4\",ROUTING=UNKNOWN,OBMCONFIGURABLE=FALSE,CKTID=\"\",EDGEPORT=\"0-0\",DERIVED=TRUE,ACTIVE=FALSE"
   "SWT-14-153819::PATHID=2,SWSTATUS=OK,DOCCARE=FALSE,PORTTRAIL=\"4-5,4-23,2-6,2-5\",ROUTING=UNKNOWN,OBMCONFIGURABLE=FALSE,CKTID=\"\",EDGEPORT=\"0-0\",DERIVED=TRUE,ACTIVE=FALSE"
   "SWT-14-153819::PATHID=1,SWSTATUS=OK,DOCCARE=FALSE,PORTTRAIL=\"2-8,2-7,4-22,4-6\",ROUTING=UNKNOWN,OBMCONFIGURABLE=FALSE,CKTID=\"\",EDGEPORT=\"0-0\",DERIVED=TRUE,ACTIVE=FALSE"
   "SWT-14-153858::PATHID=2,SWSTATUS=OK,DOCCARE=FALSE,PORTTRAIL=\"4-5,4-23,2-6,2-5\",ROUTING=UNKNOWN,OBMCONFIGURABLE=FALSE,CKTID=\"\",EDGEPORT=\"0-0\",DERIVED=TRUE,ACTIVE=FALSE"
   "SWT-14-153858::PATHID=1,SWSTATUS=OK,DOCCARE=FALSE,PORTTRAIL=\"2-8,2-7,4-22,4-6\",ROUTING=UNKNOWN,OBMCONFIGURABLE=FALSE,CKTID=\"\",EDGEPORT=\"0-0\",DERIVED=TRUE,ACTIVE=FALSE"
   "SWT-14-153898::PATHID=2,SWSTATUS=OK,DOCCARE=FALSE,PORTTRAIL=\"4-5,4-23,2-6,2-5\",ROUTING=UNKNOWN,OBMCONFIGURABLE=FALSE,CKTID=\"\",EDGEPORT=\"0-0\",DERIVED=TRUE,ACTIVE=FALSE"
   "SWT-14-153898::PATHID=
1,SWSTATUS=OK,DOCCARE=FALSE,PORTTRAIL=\"2-8,2-7,4-22,4-6\",ROUTING=UNKNOWN,OBMCONFIGURABLE=FALSE,CKTID=\"\",EDGEPORT=\"0-0\",DERIVED=TRUE,ACTIVE=FALSE"
   "SWT-14-153937::PATHID=2,SWSTATUS=OK,DOCCARE=FALSE,PORTTRAIL=\"4-5,4-23,2-6,2-5\",ROUTING=UNKNOWN,OBMCONFIGURABLE=FALSE,CKTID=\"\",EDGEPORT=\"0-0\",DERIVED=TRUE,ACTIVE=FALSE"
>

   ASD001A-CPL14 09-04-17 17:26:22
M  14 COMPLD
   "SWT-14-153937::PATHID=1,SWSTATUS=OK,DOCCARE=FALSE,PORTTRAIL=\"2-8,2-7,4-22,4-6\",ROUTING=UNKNOWN,OBMCONFIGURABLE=FALSE,CKTID=\"\",EDGEPORT=\"0-0\",DERIVED=TRUE,ACTIVE=FALSE"
   "SWT-14-153977::PATHID=2,SWSTATUS=OK,DOCCARE=FALSE,PORTTRAIL=\"4-5,4-23,2-6,2-5\",ROUTING=UNKNOWN,OBMCONFIGURABLE=FALSE,CKTID=\"\",EDGEPORT=\"0-0\",DERIVED=TRUE,ACTIVE=FALSE"
   "SWT-14-153977::PATHID=1,SWSTATUS=OK,DOCCARE=FALSE,PORTTRAIL=\"2-8,2-7,4-22,4-6\",ROUTING=UNKNOWN,OBMCONFIGURABLE=FALSE,CKTID=\"\",EDGEPORT=\"0-0\",DERIVED=TRUE,ACTIVE=FALSE"
   "SWT-14-154016::PATHID=2,SWSTATUS=OK,DOCCARE=FALSE,PORTTRAIL=\"4-5,4-23,2-6,2-5\",ROUTING=UNKNOWN,OBMCONFIGURABLE=FALSE,CKTID=\"\",EDGEPORT=\"0-0\",DERIVED=TRUE,ACTIVE=FALSE"
   "SWT-14-154016::PATHID=1,SWSTATUS=OK,DOCCARE=FALSE,PORTTRAIL=\"2-8,2-7,4-22,4-6\",ROUTING=UNKNOWN,OBMCONFIGURABLE=FALSE,CKTID=\"\",EDGEPORT=\"0-0\",DERIVED=TRUE,ACTIVE=FALSE"
   "SWT-14-154056::PATHID=2,SWSTATUS=OK,DOCCARE=FALSE,PORTTRAIL=\"4-5,4-23,2-6,2-5\",ROUTING=UNKNOWN,OBMCONFIGURABLE=FALSE,CKTID=\"\",EDGEPORT=\"0-0\",DERIVED=TRUE,ACTIVE=FALSE"
   "SWT-14-154056::PATHID=1,SWSTATUS=OK,DOCCARE=FALSE,PORTTRAIL=\"2-8,2-7,4-22,4-6\",ROUTING=UNKNOWN,OBMCONFIGURABLE=FALSE,CKTID=\"\",EDGEPORT=\"0-0\",DERIVED=TRUE,ACTIVE=FALSE"
   "SWT-14-154095::PATHID=2,SWSTATUS=OK,DOCCARE=FALSE,PORTTRAIL=\"4-5,4-23,2-6,2-5\",ROUTING=UNKNOWN,OBMCONFIGURABLE=FALSE,CKTID=\"\",EDGEPORT=\"0-0\",DERIVED=TRUE,ACTIVE=FALSE"
   "SWT-14-154095::PATHID=1,SWSTATUS=OK,DOCCARE=FALSE,PORTTRAIL=\"2-8,2-7,4-22,4-6\",ROUTING=UNKNOWN,OBMCONFIGURABLE=FALSE,CKTID=\"\",EDGEPORT=\"0-0\",DERIVED=TRUE,ACTIVE=FALSE"
   "SWT-14-154214::PATHID=2,SWSTATUS=OK,DOCCARE=FALSE,PORTTRAIL=\"4-7,4-23,2-6,2-5\",ROUTING=UNKNOWN,OBMCONFIGURABLE=FALSE,CKTID=\"\",EDGEPORT=\"0-0\",DERIVED=TRUE,ACTIVE=FALSE"
   "SWT-14-154214::PATHID=1,SWSTATUS=OK,DOCCARE=FALSE,PORTTRAIL=\"2-8,2-7,4-22,4-8\",ROUTING=UNKNOWN,OBMCONFIGURABLE=FALSE,CKTID=\"\",EDGEPORT=\"0-0\",DERIVED=TRUE,ACTIVE=FALSE"
   "SWT-14-154254::PATHID=2,SWSTATUS=OK,DOCCARE=FALSE,PORTTRAIL=\"4-7,4-23,2-6,2-5\",ROUTING=UNKNOWN,OBMCONFIGURABLE=FALSE,CKTID=\"\",EDGEPORT=\"0-0\",DERIVED=TRUE,ACTIVE=FALSE"
   "SWT-14-154254::PATHID=1,SWSTATUS=OK,DOCCARE=FALSE,PORTTRAIL=\"2-8,2-7,4-22,4-8\",ROUTING=UNKNOWN,OBMCONFIGURABLE=FALSE,CKTID=\"\",EDGEPORT=\"0-0\",DERIVED=TRUE,ACTIVE=FALSE"
>

   ASD001A-CPL14 09-04-17 17:26:22
M  14 COMPLD
   "SWT-14-154294::PATHID=2,SWSTATUS=OK,DOCCARE=FALSE,PORTTRAIL=\"4-7,4-23,2-6,2-5\",ROUTING=UNKNOWN,OBMCONFIGURABLE=FALSE,CKTID=\"\",EDGEPORT=\"0-0\",DERIVED=TRUE,ACTIVE=FALSE"
   "SWT-14-154294::PATHID=1,SWSTATUS=OK,DOCCARE=FALSE,PORTTRAIL=\"2-8,2-7,4-22,4-8\",ROUTING=UNKNOWN,OBMCONFIGURABLE=FALSE,CKTID=\"\",EDGEPORT=\"0-0\",DERIVED=TRUE,ACTIVE=FALSE"
   "SWT-14-154333::PATHID=2,SWSTATUS=OK,DOCCARE=FALSE,PORTTRAIL=\"4-7,4-23,2-6,2-5\",ROUTING=UNKNOWN,OBMCONFIGURABLE=FALSE,CKTID=\"\",EDGEPORT=\"0-0\",DERIVED=TRUE,ACTIVE=FALSE"
   "SWT-14-154333::PATHID=1,SWSTATUS=OK,DOCCARE=FALSE,PORTTRAIL=\"2-8,2-7,4-22,4-8\",ROUTING=UNKNOWN,OBMCONFIGURABLE=FALSE,CKTID=\"\",EDGEPORT=\"0-0\",DERIVED=TRUE,ACTIVE=FALSE"
   "SWT-14-154373::PATHID=2,SWSTATUS=OK,DOCCARE=FALSE,PORTTRAIL=\"4-7,4-23,2-6,2-5\",ROUTING=UNKNOWN,OBMCONFIGURABLE=FALSE,CKTID=\"\",EDGEPORT=\"0-0\",DERIVED=TRUE,ACTIVE=FALSE"
   "SWT-14-154373::PATHID=1,SWSTATUS=OK,DOCCARE=FALSE,PORTTRAIL=\"2-8,2-7,4-22,4-8\",ROUTING=UNKNOWN,OBMCONFIGURABLE=FALSE,CKTID=\"\",EDGEPORT=\"0-0\",DERIVED=TRUE,ACTIVE=FALSE"
   "SWT-14-154413::PATHID=2,SWSTATUS=OK,DOCCARE=FALSE,PORTTRAIL=\"4-7,4-23,2-6,2-5\",ROUTING=UNKNOWN,OBMCONFIGURABLE=FALSE,CKTID=\"\",EDGEPORT=\"0-0\",DERIVED=TRUE,ACTIVE=FALSE"
   "SWT-14-154413::PATHID=1,SWSTATUS=OK,DOCCARE=FALSE,PORTTRAIL=\"2-8,2-7,4-22,4-8\",ROUTING=UNKNOWN,OBMCONFIGURABLE=FALSE,CKTID=\"\",EDGEPORT=\"0-0\",DERIVED=TRUE,ACTIVE=FALSE"
   "SWT-14-154453::PATHID=2,SWSTATUS=OK,DOCCARE=FALSE,PORTTRAIL=\"4-7,4-23,2-6,2-5\",ROUTING=UNKNOWN,OBMCONFIGURABLE=FALSE,CKTID=\"\",EDGEPORT=\"0-0\",DERIVED=TRUE,ACTIVE=FALSE"
   "SWT-14-154453::PATHID=1,SWSTATUS=OK,DOCCARE=FALSE,PORTTRAIL=\"2-8,2-7,4-22,4-8\",ROUTING=UNKNOWN,OBMCONFIGURABLE=FALSE,CKTID=\"\",EDGEPORT=\"0-0\",DERIVED=TRUE,ACTIVE=FALSE"
   "SWT-14-154492::PATHID=2,SWSTATUS=OK,DOCCARE=FALSE,PORTTRAIL=\"4-7,4-23,2-6,2-5\",ROUTING=UNKNOWN,OBMCONFIGURABLE=FALSE,CKTID=\"\",EDGEPORT=\"0-0\",DERIVED=TRUE,ACTIVE=FALSE"
   "SWT-14-154492::PATHID=1,SWSTATUS=OK,DOCCARE=FALSE,PORTTRAIL=\"2-8,2-7,4-22,4-8\",ROUTING=UNKNOWN,OBMCONFIGURABLE=FALSE,CKTID=\"\",EDGEPORT=\"0-0\",DERIVED=TRUE,ACTIVE=FALSE"
   "SWT-14-154612::PATHID=2,SWSTATUS=OK,DOCCARE=FALSE,PORTTRAIL=\"4-9,4-23,2-6,2-5\",ROUTING=UNKNOWN,OBMCONFIGURABLE=FALSE,CKTID=\"\",EDGEPORT=\"0-0\",DERIVED=TRUE,ACTIVE=FALSE"
>

   ASD001A-CPL14 09-04-17 17:26:22
M  14 COMPLD
   "SWT-14-154612::PATHID=1,SWSTATUS=OK,DOCCARE=FALSE,PORTTRAIL=\"2-8,2-7,4-22,4-10\",ROUTING=UNKNOWN,OBMCONFIGURABLE=FALSE,CKTID=\"\",EDGEPORT=\"0-0\",DERIVED=TRUE,ACTIVE=FALSE"
   "SWT-14-154652::PATHID=2,SWSTATUS=OK,DOCCARE=FALSE,PORTTRAIL=\"4-9,4-23,2-6,2-5\",ROUTING=UNKNOWN,OBMCONFIGURABLE=FALSE,CKTID=\"\",EDGEPORT=\"0-0\",DERIVED=TRUE,ACTIVE=FALSE"
   "SWT-14-154652::PATHID=1,SWSTATUS=OK,DOCCARE=FALSE,PORTTRAIL=\"2-8,2-7,4-22,4-10\",ROUTING=UNKNOWN,OBMCONFIGURABLE=FALSE,CKTID=\"\",EDGEPORT=\"0-0\",DERIVED=TRUE,ACTIVE=FALSE"
   "SWT-14-154692::PATHID=2,SWSTATUS=OK,DOCCARE=FALSE,PORTTRAIL=\"4-9,4-23,2-6,2-5\",ROUTING=UNKNOWN,OBMCONFIGURABLE=FALSE,CKTID=\"\",EDGEPORT=\"0-0\",DERIVED=TRUE,ACTIVE=FALSE"
   "SWT-14-154692::PATHID=1,SWSTATUS=OK,DOCCARE=FALSE,PORTTRAIL=\"2-8,2-7,4-22,4-10\",ROUTING=UNKNOWN,OBMCONFIGURABLE=FALSE,CKTID=\"\",EDGEPORT=\"0-0\",DERIVED=TRUE,ACTIVE=FALSE"
   "SWT-14-154732::PATHID=2,SWSTATUS=OK,DOCCARE=FALSE,PORTTRAIL=\"4-9,4-23,2-6,2-5\",ROUTING=UNKNOWN,OBMCONFIGURABLE=FALSE,CKTID=\"\",EDGEPORT=\"0-0\",DERIVED=TRUE,ACTIVE=FALSE"
   "SWT-14-154732::PATHID=1,SWSTATUS=OK,DOCCARE=FALSE,PORTTRAIL=\"2-8,2-7,4-22,4-10\",ROUTING=UNKNOWN,OBMCONFIGURABLE=FALSE,CKTID=\"\",EDGEPORT=\"0-0\",DERIVED=TRUE,ACTIVE=FALSE"
   "SWT-14-154772::PATHID=2,SWSTATUS=OK,DOCCARE=FALSE,PORTTRAIL=\"4-9,4-23,2-6,2-5\",ROUTING=UNKNOWN,OBMCONFIGURABLE=FALSE,CKTID=\"\",EDGEPORT=\"0-0\",DERIVED=TRUE,ACTIVE=FALSE"
   "SWT-14-154772::PATHID=1,SWSTATUS=OK,DOCCA
RE=FALSE,PORTTRAIL=\"2-8,2-7,4-22,4-10\",ROUTING=UNKNOWN,OBMCONFIGURABLE=FALSE,CKTID=\"\",EDGEPORT=\"0-0\",DERIVED=TRUE,ACTIVE=FALSE"
   "SWT-14-154811::PATHID=2,SWSTATUS=OK,DOCCARE=FALSE,PORTTRAIL=\"4-9,4-23,2-6,2-5\",ROUTING=UNKNOWN,OBMCONFIGURABLE=FALSE,CKTID=\"\",EDGEPORT=\"0-0\",DERIVED=TRUE,ACTIVE=FALSE"
   "SWT-14-154811::PATHID=1,SWSTATUS=OK,DOCCARE=FALSE,PORTTRAIL=\"2-8,2-7,4-22,4-10\",ROUTING=UNKNOWN,OBMCONFIGURABLE=FALSE,CKTID=\"\",EDGEPORT=\"0-0\",DERIVED=TRUE,ACTIVE=FALSE"
   "SWT-14-154851::PATHID=2,SWSTATUS=OK,DOCCARE=FALSE,PORTTRAIL=\"4-9,4-23,2-6,2-5\",ROUTING=UNKNOWN,OBMCONFIGURABLE=FALSE,CKTID=\"\",EDGEPORT=\"0-0\",DERIVED=TRUE,ACTIVE=FALSE"
   "SWT-14-154851::PATHID=1,SWSTATUS=OK,DOCCARE=FALSE,PORTTRAIL=\"2-8,2-7,4-22,4-10\",ROUTING=UNKNOWN,OBMCONFIGURABLE=FALSE,CKTID=\"\",EDGEPORT=\"0-0\",DERIVED=TRUE,ACTIVE=FALSE"
>


   ASD001A-CPL14 09-04-17 17:26:23
M  14 COMPLD
   "SWT-14-154891::PATHID=2,SWSTATUS=OK,DOCCARE=FALSE,PORTTRAIL=\"4-9,4-23,2-6,2-5\",ROUTING=UNKNOWN,OBMCONFIGURABLE=FALSE,CKTID=\"\",EDGEPORT=\"0-0\",DERIVED=TRUE,ACTIVE=FALSE"
   "SWT-14-154891::PATHID=1,SWSTATUS=OK,DOCCARE=FALSE,PORTTRAIL=\"2-8,2-7,4-22,4-10\",ROUTING=UNKNOWN,OBMCONFIGURABLE=FALSE,CKTID=\"\",EDGEPORT=\"0-0\",DERIVED=TRUE,ACTIVE=FALSE"
   "SWT-14-155012::PATHID=2,SWSTATUS=OK,DOCCARE=FALSE,PORTTRAIL=\"4-11,4-23,2-6,2-5\",ROUTING=UNKN
OWN,OBMCONFIGURABLE=FALSE,CKTID=\"\",EDGEPORT=\"0-0\",DERIVED=TRUE,ACTIVE=FALSE"
   "SWT-14-155012::PATHID=1,SWSTATUS=OK,DOCCARE=FALSE,PORTTRAIL=\"2-8,2-7,4-22,4-12\",ROUTING=UNKNOWN,OBMCONFIGURABLE=FALSE,CKTID=\"\",EDGEPORT=\"0-0\",DERIVED=TRUE,ACTIVE=FALSE"
   "SWT-14-155052::PATHID=2,SWSTATUS=OK,DOCCARE=FALSE,PORTTRAIL=\"4-11,4-23,2-6,2-5\",ROUTING=UNKNOWN,OBMCONFIGURABLE=FALSE,CKTID=\"\",EDGEPORT=\"0-0\",DERIVED=TRUE,ACTIVE=FALSE"
   "SWT-14-155052::PATHID=1,SWSTATUS=OK,DOCCARE=FALSE,PORTTRAIL=\"2-
8,2-
7,4-22,4-12\",ROUTING=UNKNOWN,OBMCONFIGURABLE=FALSE,CKTID=\"\",EDGEPORT=\"0-0\",DERIVED=TRUE,ACTIVE=FALSE"
   "SWT-14-155092::PATHID=2,SWSTATUS=OK,DOCCARE=FALSE,PORTTRAIL=\"4-11,4-23,2-6,2-5\",ROUTING=UNKNOWN,OBMCONFIGURABLE=FALSE,CKTID=\"\",EDGEPORT=\"0-0\",DERIVED=TRUE,ACTIVE=FALSE"
   "SWT-14-155092::PATHID=1,SWSTATUS=OK,DOCCARE=FALSE,PORTTRAIL=\"2-8,2-7,4-22,4-12\",ROUTING=UNKNOWN,OBMCONFIGURABLE=FALSE,CKTID=\"\",EDGEPORT=\"0-0\",DERIVED=TRUE,ACTIVE=FALSE"
   "SWT-14-155132::PATHID=2,SWSTATUS=OK,DO
CCARE=FALSE,PORTTRAIL=\"4-11,4-23,2-6,2-5\",ROUTING=UNKNOWN,OBMCONFIGURABLE=FALSE,CKTID=\"\",EDGEPORT=\"0-0\",DERIVED=TRUE,ACTIVE=FALSE"
   "SWT-14-155132::PATHID=1,SWSTATUS=OK,DOCCARE=FALSE,PORTTRAIL=\"2-8,2-7,4-22,4-12\",ROUTING=UNKNOWN,OBMCONFIGURABLE=FALSE,CKTID=\"\",EDGEPORT=\"0-0\",DERIVED=TRUE,ACTIVE=FALSE"
   "SWT-14-155172::PATHID=2,SWSTATUS=OK,DOCCARE=FALSE,PORTTRAIL=\"4-11,4-23,2-6,2-5\",ROUTING=UNKNOWN,OBMCONFIGURABLE=FALSE,CKTID=\"\",EDGEPORT=\"0-0\",DERIVED=TRUE,ACTIVE=FALSE"
   "SWT-14-1
5517
2::PATHID=1,SWSTATUS=OK,DOCCARE=FALSE,PORTTRAIL=\"2-8,2-7,4-22,4-12\",ROUTING=UNKNOWN,OBMCONFIGURABLE=FALSE,CKTID=\"\",EDGEPORT=\"0-0\",DERIVED=TRUE,ACTIVE=FALSE"
   "SWT-14-155212::PATHID=2,SWSTATUS=OK,DOCCARE=FALSE,PORTTRAIL=\"4-11,4-23,2-6,2-5\",ROUTING=UNKNOWN,OBMCONFIGURABLE=FALSE,CKTID=\"\",EDGEPORT=\"0-0\",DERIVED=TRUE,ACTIVE=FALSE"
>


   ASD001A-CPL14 09-04-17 17:26:23
M  14 COMPLD
   "SWT-14-155212::PATHID=1,SWSTATUS=OK,DOCCARE=FALSE,PORTTRAIL=\"2-8,2-7,4-22,4-12\",ROUTING=UNKNOWN,OBMCONFIGURABLE=FALSE,CKTID=\"\",EDGEPORT=\"0-0\",DERIVED=TRUE,ACTIVE=FALSE"
   "SWT-14-155252::PATHID=2,SWSTATUS=OK,DOCCARE=FALSE,PORTTRAIL=\"4-11,4-23,2-6,2-5\",ROUTING=UNKNOWN,OBMCONFIGURABLE=FALSE,CKTID=\"\",EDGEPORT=\"0-0\",DERIVED=TRUE,ACTIVE=FALSE"
   "SWT-14-155252::PATHID=1,SWSTATUS=OK,DOCCARE=FALSE,PORTTRAIL=\"2-8,2-7,4-22,4-12\",ROUTING=UNK
NOWN,OBMCONFIGURABLE=FALSE,CKTID=\"\",EDGEPORT=\"0-0\",DERIVED=TRUE,ACTIVE=FALSE"
   "SWT-14-155293::PATHID=2,SWSTATUS=OK,DOCCARE=FALSE,PORTTRAIL=\"4-11,4-23,2-6,2-5\",ROUTING=UNKNOWN,OBMCONFIGURABLE=FALSE,CKTID=\"\",EDGEPORT=\"0-0\",DERIVED=TRUE,ACTIVE=FALSE"
   "SWT-14-155293::PATHID=1,SWSTATUS=OK,DOCCARE=FALSE,PORTTRAIL=\"2-8,2-7,4-22,4-12\",ROUTING=UNKNOWN,OBMCONFIGURABLE=FALSE,CKTID=\"\",EDGEPORT=\"0-0\",DERIVED=TRUE,ACTIVE=FALSE"
   "SWT-14-155413::PATHID=2,SWSTATUS=OK,DOCCARE=FALSE,PORTTRAIL=\"4
-13,
4-23,2-6,2-5\",ROUTING=UNKNOWN,OBMCONFIGURABLE=FALSE,CKTID=\"\",EDGEPORT=\"0-0\",DERIVED=TRUE,ACTIVE=FALSE"
   "SWT-14-155413::PATHID=1,SWSTATUS=OK,DOCCARE=FALSE,PORTTRAIL=\"2-8,2-7,4-22,4-14\",ROUTING=UNKNOWN,OBMCONFIGURABLE=FALSE,CKTID=\"\",EDGEPORT=\"0-0\",DERIVED=TRUE,ACTIVE=FALSE"
   "SWT-14-155454::PATHID=2,SWSTATUS=OK,DOCCARE=FALSE,PORTTRAIL=\"4-13,4-23,2-6,2-5\",ROUTING=UNKNOWN,OBMCONFIGURABLE=FALSE,CKTID=\"\",EDGEPORT=\"0-0\",DERIVED=TRUE,ACTIVE=FALSE"
   "SWT-14-155454::PATHID=1,SWSTATUS=OK,D
OCCARE=FALSE,PORTTRAIL=\"2-8,2-7,4-22,4-14\",ROUTING=UNKNOWN,OBMCONFIGURABLE=FALSE,CKTID=\"\",EDGEPORT=\"0-0\",DERIVED=TRUE,ACTIVE=FALSE"
   "SWT-14-155494::PATHID=2,SWSTATUS=OK,DOCCARE=FALSE,PORTTRAIL=\"4-13,4-23,2-6,2-5\",ROUTING=UNKNOWN,OBMCONFIGURABLE=FALSE,CKTID=\"\",EDGEPORT=\"0-0\",DERIVED=TRUE,ACTIVE=FALSE"
   "SWT-14-155494::PATHID=1,SWSTATUS=OK,DOCCARE=FALSE,PORTTRAIL=\"2-8,2-7,4-22,4-14\",ROUTING=UNKNOWN,OBMCONFIGURABLE=FALSE,CKTID=\"\",EDGEPORT=\"0-0\",DERIVED=TRUE,ACTIVE=FALSE"
   "SWT-14-
1555
34::PATHID=2,SWSTATUS=OK,DOCCARE=FALSE,PORTTRAIL=\"4-13,4-23,2-6,2-5\",ROUTING=UNKNOWN,OBMCONFIGURABLE=FALSE,CKTID=\"\",EDGEPORT=\"0-0\",DERIVED=TRUE,ACTIVE=FALSE"
   "SWT-14-155534::PATHID=1,SWSTATUS=OK,DOCCARE=FALSE,PORTTRAIL=\"2-8,2-7,4-22,4-14\",ROUTING=UNKNOWN,OBMCONFIGURABLE=FALSE,CKTID=\"\",EDGEPORT=\"0-0\",DERIVED=TRUE,ACTIVE=FALSE"
>


   ASD001A-CPL14 09-04-17 17:26:23
M  14 COMPLD
   "SWT-14-155575::PATHID=2,SWSTATUS=OK,DOCCARE=FALSE,PORTTRAIL=\"4-13,4-23,2-6,2-5\",ROUTING=UNKNOWN,OBMCONFIGURABLE=FALSE,CKTID=\"\",EDGEPORT=\"0-0\",DERIVED=TRUE,ACTIVE=FALSE"
   "SWT-14-155575::PATHID=1,SWSTATUS=OK,DOCCARE=FALSE,PORTTRAIL=\"2-8,2-7,4-22,4-14\",ROUTING=UNKNOWN,OBMCONFIGURABLE=FALSE,CKTID=\"\",EDGEPORT=\"0-0\",DERIVED=TRUE,ACTIVE=FALSE"
   "SWT-14-155615::PATHID=2,SWSTATUS=OK,DOCCARE=FALSE,PORTTRAIL=\"4-13,4-23,2-6,2-5\",ROUTING=UNK
NOWN,OBMCONFIGURABLE=FALSE,CKTID=\"\",EDGEPORT=\"0-0\",DERIVED=TRUE,ACTIVE=FALSE"
   "SWT-14-155615::PATHID=1,SWSTATUS=OK,DOCCARE=FALSE,PORTTRAIL=\"2-8,2-7,4-22,4-14\",ROUTING=UNKNOWN,OBMCONFIGURABLE=FALSE,CKTID=\"\",EDGEPORT=\"0-0\",DERIVED=TRUE,ACTIVE=FALSE"
   "SWT-14-155655::PATHID=2,SWSTATUS=OK,DOCCARE=FALSE,PORTTRAIL=\"4-13,4-23,2-6,2-5\",ROUTING=UNKNOWN,OBMCONFIGURABLE=FALSE,CKTID=\"\",EDGEPORT=\"0-0\",DERIVED=TRUE,ACTIVE=FALSE"
   "SWT-14-155655::PATHID=1,SWSTATUS=OK,DOCCARE=FALSE,PORTTRAIL=\"2
-8,2
-7,4-22,4-14\",ROUTING=UNKNOWN,OBMCONFIGURABLE=FALSE,CKTID=\"\",EDGEPORT=\"0-0\",DERIVED=TRUE,ACTIVE=FALSE"
   "SWT-14-155696::PATHID=2,SWSTATUS=OK,DOCCARE=FALSE,PORTTRAIL=\"4-13,4-23,2-6,2-5\",ROUTING=UNKNOWN,OBMCONFIGURABLE=FALSE,CKTID=\"\",EDGEPORT=\"0-0\",DERIVED=TRUE,ACTIVE=FALSE"
   "SWT-14-155696::PATHID=1,SWSTATUS=OK,DOCCARE=FALSE,PORTTRAIL=\"2-8,2-7,4-22,4-14\",ROUTING=UNKNOWN,OBMCONFIGURABLE=FALSE,CKTID=\"\",EDGEPORT=\"0-0\",DERIVED=TRUE,ACTIVE=FALSE"
   "SWT-14-155817::PATHID=2,SWSTATUS=OK,D
OCCARE=TRUE,PORTTRAIL=\"12-3,12-2,4-15,4-23,2-6,2-5\",ROUTING=ADD,OBMCONFIGURABLE=FALSE,CKTID=\"DRAC-E3429191-1237839015824\",EDGEPORT=\"12-3\",DERIVED=TRUE,ACTIVE=TRUE"
   "SWT-14-155817::PATHID=1,SWSTATUS=OK,DOCCARE=TRUE,PORTTRAIL=\"2-8,2-7,4-22,4-16,12-1,12-4\",ROUTING=DROP,OBMCONFIGURABLE=FALSE,CKTID=\"DRAC-E3429191-1235599749043\",EDGEPORT=\"12-4\",DERIVED=TRUE,ACTIVE=FALSE"
   "SWT-14-155858::PATHID=2,SWSTATUS=OK,DOCCARE=TRUE,PORTTRAIL=\"12-5,12-2,4-15,4-23,2-6,2-5\",ROUTING=ADD,OBMCONFI
GURABLE=FA
LSE,
CKTID=\"DRAC-E3429191-1238145103797\",EDGEPORT=\"12-5\",DERIVED=TRUE,ACTIVE=TRUE"
   "SWT-14-155858::PATHID=1,SWSTATUS=OK,DOCCARE=TRUE,PORTTRAIL=\"2-8,2-7,4-22,4-16,12-1,12-6\",ROUTING=DROP,OBMCONFIGURABLE=FALSE,CKTID=\"DRAC-E3429191-1238145103797\",EDGEPORT=\"12-6\",DERIVED=TRUE,ACTIVE=FALSE"
   "SWT-14-155898::PATHID=2,SWSTATUS=OK,DOCCARE=TRUE,PORTTRAIL=\"12-7,12-2,4-15,4-23,2-6,2-5\",ROUTING=ADD,OBMCONFIGURABLE=FALSE,CKTID=\"\",EDGEPORT=\"12-7\",DERIVED=TRUE,ACTIVE=TRUE"
>


   ASD001A-CPL14 09-04-17 17:26:23
M  14 COMPLD
   "SWT-14-155898::PATHID=1,SWSTATUS=OK,DOCCARE=TRUE,PORTTRAIL=\"2-8,2-7,4-22,4-16,12-1,12-8\",ROUTING=DROP,OBMCONFIGURABLE=FALSE,CKTID=\"\",EDGEPORT=\"12-8\",DERIVED=TRUE,ACTIVE=FALSE"
   "SWT-14-155939::PATHID=2,SWSTATUS=OK,DOCCARE=TRUE,PORTTRAIL=\"12-9,12-2,4-15,4-23,2-6,2-5\",ROUTING=ADD,OBMCONFIGURABLE=FALSE,CKTID=\"\",EDGEPORT=\"12-9\",DERIVED=TRUE,ACTIVE=TRUE"
   "SWT-14-155939::PATHID=1,SWSTATUS=OK,DOCCARE=TRUE,PORTTRAIL=\"2-8,2-7,4-22,4-16,12
-1,12-10\",ROUTING=DROP,OBMCONFIGURABLE=FALSE,CKTID=\"\",EDGEPORT=\"12-10\",DERIVED=TRUE,ACTIVE=FALSE"
   "SWT-14-155979::PATHID=2,SWSTATUS=OK,DOCCARE=FALSE,PORTTRAIL=\"12-11,12-2,4-15,4-23,2-6,2-5\",ROUTING=UNKNOWN,OBMCONFIGURABLE=FALSE,CKTID=\"\",EDGEPORT=\"0-0\",DERIVED=TRUE,ACTIVE=FALSE"
   "SWT-14-155979::PATHID=1,SWSTATUS=OK,DOCCARE=FALSE,PORTTRAIL=\"2-8,2-7,4-22,4-16,12-1,12-12\",ROUTING=UNKNOWN,OBMCONFIGURABLE=FALSE,CKTID=\"\",EDGEPORT=\"0-0\",DERIVED=TRUE,ACTIVE=FALSE"
   "SWT-14-156020::PATHI
D=2,
SWSTATUS=OK,DOCCARE=TRUE,PORTTRAIL=\"12-13,12-2,4-15,4-23,2-6,2-5\",ROUTING=ADD,OBMCONFIGURABLE=FALSE,CKTID=\"\",EDGEPORT=\"12-13\",DERIVED=TRUE,ACTIVE=TRUE"
   "SWT-14-156020::PATHID=1,SWSTATUS=OK,DOCCARE=TRUE,PORTTRAIL=\"2-8,2-7,4-22,4-16,12-1,12-14\",ROUTING=DROP,OBMCONFIGURABLE=FALSE,CKTID=\"\",EDGEPORT=\"12-14\",DERIVED=TRUE,ACTIVE=FALSE"
   "SWT-14-156061::PATHID=2,SWSTATUS=OK,DOCCARE=FALSE,PORTTRAIL=\"12-15,12-2,4-15,4-23,2-6,2-5\",ROUTING=ADD,OBMCONFIGURABLE=FALSE,CKTID=\"\",EDGEPORT=\"12-15\",D
ERIVED=TRUE,ACTIVE=FALSE"
   "SWT-14-156061::PATHID=1,SWSTATUS=OK,DOCCARE=FALSE,PORTTRAIL=\"2-8,2-7,4-22,4-16,12-1,12-16\",ROUTING=DROP,OBMCONFIGURABLE=FALSE,CKTID=\"\",EDGEPORT=\"12-16\",DERIVED=TRUE,ACTIVE=FALSE"
   "SWT-14-156101::PATHID=2,SWSTATUS=OK,DOCCARE=TRUE,PORTTRAIL=\"12-17,12-2,4-15,4-23,2-6,2-5\",ROUTING=ADD,OBMCONFIGURABLE=FALSE,CKTID=\"\",EDGEPORT=\"12-17\",DERIVED=TRUE,ACTIVE=TRUE"
   "SWT-14-156101::PATHID=1,SWSTATUS=OK,DOCCARE=TRUE,PORTTRAIL=\"2-8,2-7,4-22,4-16,12-1,12-18\",ROUTING=DR
OP,O
BMCONFIGURABLE=FALSE,CKTID=\"\",EDGEPORT=\"12-18\",DERIVED=TRUE,ACTIVE=FALSE"
   "SWT-14-156223::PATHID=2,SWSTATUS=OK,DOCCARE=FALSE,PORTTRAIL=\"4-17,4-23,2-6,2-5\",ROUTING=UNKNOWN,OBMCONFIGURABLE=FALSE,CKTID=\"\",EDGEPORT=\"0-0\",DERIVED=TRUE,ACTIVE=FALSE"
   "SWT-14-156223::PATHID=1,SWSTATUS=OK,DOCCARE=FALSE,PORTTRAIL=\"2-8,2-7,4-22,4-18\",ROUTING=UNKNOWN,OBMCONFIGURABLE=FALSE,CKTID=\"\",EDGEPORT=\"0-0\",DERIVED=TRUE,ACTIVE=FALSE"
>


   ASD001A-CPL14 09-04-17 17:26:23
M  14 COMPLD
   "SWT-14-156264::PATHID=2,SWSTATUS=OK,DOCCARE=FALSE,PORTTRAIL=\"4-17,4-23,2-6,2-5\",ROUTING=UNKNOWN,OBMCONFIGURABLE=FALSE,CKTID=\"\",EDGEPORT=\"0-0\",DERIVED=TRUE,ACTIVE=FALSE"
   "SWT-14-156264::PATHID=1,SWSTATUS=OK,DOCCARE=FALSE,PORTTRAIL=\"2-8,2-7,4-22,4-18\",ROUTING=UNKNOWN,OBMCONFIGURABLE=FALSE,CKTID=\"\",EDGEPORT=\"0-0\",DERIVED=TRUE,ACTIVE=FALSE"
   "SWT-14-156305::PATHID=2,SWSTATUS=OK,DOCCARE=FALSE,PORTTRAIL=\"4-17,4-23,2-6,2-5\",ROUTING=UNK
NOWN,OBMCONFIGURABLE=FALSE,CKTID=\"\",EDGEPORT=\"0-0\",DERIVED=TRUE,ACTIVE=FALSE"
   "SWT-14-156305::PATHID=1,SWSTATUS=OK,DOCCARE=FALSE,PORTTRAIL=\"2-8,2-7,4-22,4-18\",ROUTING=UNKNOWN,OBMCONFIGURABLE=FALSE,CKTID=\"\",EDGEPORT=\"0-0\",DERIVED=TRUE,ACTIVE=FALSE"
   "SWT-14-156345::PATHID=2,SWSTATUS=OK,DOCCARE=FALSE,PORTTRAIL=\"4-17,4-23,2-6,2-5\",ROUTING=UNKNOWN,OBMCONFIGURABLE=FALSE,CKTID=\"\",EDGEPORT=\"0-0\",DERIVED=TRUE,ACTIVE=FALSE"
   "SWT-14-156345::PATHID=1,SWSTATUS=OK,DOCCARE=FALSE,PORTTRAIL=\"2
-8,2
-7,4-22,4-18\",ROUTING=UNKNOWN,OBMCONFIGURABLE=FALSE,CKTID=\"\",EDGEPORT=\"0-0\",DERIVED=TRUE,ACTIVE=FALSE"
   "SWT-14-156386::PATHID=2,SWSTATUS=OK,DOCCARE=FALSE,PORTTRAIL=\"4-17,4-23,2-6,2-5\",ROUTING=UNKNOWN,OBMCONFIGURABLE=FALSE,CKTID=\"\",EDGEPORT=\"0-0\",DERIVED=TRUE,ACTIVE=FALSE"
   "SWT-14-156386::PATHID=1,SWSTATUS=OK,DOCCARE=FALSE,PORTTRAIL=\"2-8,2-7,4-22,4-18\",ROUTING=UNKNOWN,OBMCONFIGURABLE=FALSE,CKTID=\"\",EDGEPORT=\"0-0\",DERIVED=TRUE,ACTIVE=FALSE"
   "SWT-14-156427::PATHID=2,SWSTATUS=OK,D
OCCARE=FALSE,PORTTRAIL=\"4-17,4-23,2-6,2-5\",ROUTING=UNKNOWN,OBMCONFIGURABLE=FALSE,CKTID=\"\",EDGEPORT=\"0-0\",DERIVED=TRUE,ACTIVE=FALSE"
   "SWT-14-156427::PATHID=1,SWSTATUS=OK,DOCCARE=FALSE,PORTTRAIL=\"2-8,2-7,4-22,4-18\",ROUTING=UNKNOWN,OBMCONFIGURABLE=FALSE,CKTID=\"\",EDGEPORT=\"0-0\",DERIVED=TRUE,ACTIVE=FALSE"
   "SWT-14-156468::PATHID=2,SWSTATUS=OK,DOCCARE=FALSE,PORTTRAIL=\"4-17,4-23,2-6,2-5\",ROUTING=UNKNOWN,OBMCONFIGURABLE=FALSE,CKTID=\"\",EDGEPORT=\"0-0\",DERIVED=TRUE,ACTIVE=FALSE"
   "SWT-14-
1564
68::PATHID=1,SWSTATUS=OK,DOCCARE=FALSE,PORTTRAIL=\"2-8,2-7,4-22,4-18\",ROUTING=UNKNOWN,OBMCONFIGURABLE=FALSE,CKTID=\"\",EDGEPORT=\"0-0\",DERIVED=TRUE,ACTIVE=FALSE"
   "SWT-14-156509::PATHID=2,SWSTATUS=OK,DOCCARE=FALSE,PORTTRAIL=\"4-17,4-23,2-6,2-5\",ROUTING=UNKNOWN,OBMCONFIGURABLE=FALSE,CKTID=\"\",EDGEPORT=\"0-0\",DERIVED=TRUE,ACTIVE=FALSE"
>


   ASD001A-CPL14 09-04-17 17:26:23
M  14 COMPLD
   "SWT-14-156509::PATHID=1,SWSTATUS=OK,DOCCARE=FALSE,PORTTRAIL=\"2-8,2-7,4-22,4-18\",ROUTING=UNKNOWN,OBMCONFIGURABLE=FALSE,CKTID=\"\",EDGEPORT=\"0-0\",DERIVED=TRUE,ACTIVE=FALSE"
;
<<RTRV-HDR keep alive sent>>

IP 15
<


   ASD001A-CPL14 09-04-17 17:26:27
M  15 COMPLD
;
<<RTRV-HDR keep alive sent>>

IP 16
<


   ASD001A-CPL14 09-04-17 17:26:47
M  16 COMPLD
;
<<RTRV-HDR keep alive sent>>

IP 17
<


   ASD001A-CPL14 09-04-17 17:27:07
M  17 COMPLD
;
<<RTRV-HDR keep alive sent>>

IP 18
<


   ASD001A-CPL14 09-04-17 17:27:27
M  18 COMPLD
;
<<RTRV-HDR keep alive sent>>

IP 19
<


   ASD001A-CPL14 09-04-17 17:27:47
M  19 COMPLD
;
<<RTRV-HDR keep alive sent>>

IP 20
<


   ASD001A-CPL14 09-04-17 17:28:07
M  20 COMPLD
;
<<RTRV-HDR keep alive sent>>

IP 21
<


   ASD001A-CPL14 09-04-17 17:28:27
M  21 COMPLD
;
<<RTRV-HDR keep alive sent>>

IP 22
<


   ASD001A-CPL14 09-04-17 17:28:47
M  22 COMPLD
;
<<RTRV-HDR keep alive sent>>

IP 23
<


   ASD001A-CPL14 09-04-17 17:29:08
M  23 COMPLD
;
<<RTRV-HDR keep alive sent>>

IP 24
<


   ASD001A-CPL14 09-04-17 17:29:28
M  24 COMPLD
;
<<RTRV-HDR keep alive sent>>

IP 25
<


   ASD001A-CPL14 09-04-17 17:29:48
M  25 COMPLD
;
<<RTRV-HDR keep alive sent>>

IP 26
<


   ASD001A-CPL14 09-04-17 17:30:08
M  26 COMPLD
;
<<RTRV-HDR keep alive sent>>

IP 27
<


   ASD001A-CPL14 09-04-17 17:30:28
M  27 COMPLD
;
<<RTRV-HDR keep alive sent>>

IP 28
<


   ASD001A-CPL14 09-04-17 17:30:48
M  28 COMPLD
;
<<RTRV-HDR keep alive sent>>

IP 29
<


   ASD001A-CPL14 09-04-17 17:31:08
M  29 COMPLD
;
<<RTRV-HDR keep alive sent>>

IP 30
<


   ASD001A-CPL14 09-04-17 17:31:28
M  30 COMPLD
;
<<RTRV-HDR keep alive sent>>

IP 31
<


   ASD001A-CPL14 09-04-17 17:31:48
M  31 COMPLD
;
<<RTRV-HDR keep alive sent>>

IP 32
<


   ASD001A-CPL14 09-04-17 17:32:09
M  32 COMPLD
;
