***** (re)Starting logger at Fri Apr 17 19:23:54 CEST 2009*****



**** TL1 session opened at Fri Apr 17 19:23:54 CEST 2009 ****


????
<<RTRV-HDR keep alive sent>>


NOTICE: This is a private computer system.
Unauthorized access or use may lead to prosecution.

------------ (c) 2000 - 2006 Nortel Networks. All Rights Reserved ----------
|  NOTICE: This is a private computer system.                              |
|  Unauthorized access or use may lead to prosecution.                     |
|                                                                          |
|  NORTEL Common Photonic Layer CHA                                        |
---------
-------------------------------------------------------------------

/*
 * Starting Interactive TL1 Command Mode.
 * Type ? for help while constructing TL1 commands.
 * Type .? for specific parameter/keyword help.
 */



< IP 2
<


   ASD001A-CPL01 09-04-17 17:25:42
M  2 DENY
   PLNA
   /*Privilege, Login Not Active*/
;
<<ACT-USER sent, password hidden>>

IP 3
<


   ASD001A-CPL01 09-04-17 17:25:42
M  3 COMPLD
;
RTRV-NETYPE:ASD001A-CPL01::4;

IP 4
<


   ASD001A-CPL01 09-04-17 17:25:42
M  4 COMPLD
   "NORTEL,\"Common Photonic Layer CHA\",CHA,\"REL0310P.FP\""
;
RTRV-SW-VER:ASD001A-CPL01::5;

IP 5
<


   ASD001A-CPL01 09-04-17 17:25:42
M  5 COMPLD
   "SHELF-1:REL0310P.FP"
;
RTRV-RTG-INFO:ASD001A-CPL01::6:::NAME="ASD001A-CPL01";

IP 6
<


   ASD001A-CPL01 09-04-17 17:25:58
M  6 COMPLD
   "SHELF-1:,ASD001A-CPL01,000FCD32709B,00011700,NO"
;
RTRV-SHELF:ASD001A-CPL01:ALL:7;

IP 7
<


   ASD001A-CPL01 09-04-17 17:25:58
M  7 COMPLD
   "SHELF-1::OSID=\"10\",SITEID=107,SITENAME=\"Asd001A\",OSC1TXPATHID=2,DOCSITEIND=YES,FIXCFGTYPE=NOFIXC,OSCMODE=SDH,OSC1TXPATHDOC=\"\",OTHERPATHDOC=\"\",ASSOCSHELVES=\"\",DISC_ASSOCSHELVES=\"\",OSC1AMPSLOT=2,OSC2AMPSLOT=0,PRIMARY=DISABLE,TIDC=DISABLE"
;
ALW-MSG-BROADCAST:ASD001A-CPL01:ALL:8;

IP 8
<


   ASD001A-CPL01 09-04-17 17:25:59
M  8 COMPLD
;
RTRV-INVENTORY:ASD001A-CPL01::9;

IP 9
<


   ASD001A-CPL01 09-04-17 17:26:02
M  9 COMPLD
   "EMPTY-1-1::"
   "LIM-1-2::CTYPE=\"CPL EDFA Module 2 (MLA)\",PEC=NTT830BA,REL= 03A,CLEI=WMANUX0GAA,SER=NNTM72X80573,MDAT=2004-47,AGE=03-164-23-02,ONSC=00-017-22-34"
   "EMPTY-1-3::"
   "GMD-1-4::CTYPE=\"Group Mux/Demux Type 2 w/OSC\",PEC=NTT801BA,REL= 05 ,CLEI=WMOMAMFGAB,SER=NNTMGF002180,MDAT=2006-12,AGE=02-325-00-20,ONSC=02-027-06-59"
   "EMPTY-1-5::"
   "EMPTY-1-6::"
   "EMPTY-1-7::"
   "EMPTY-1-8::"
   "EMPTY-1-9::"
   "EMPTY-1-10::"
   "
EMPTY-1-11::"
   "CMD8-1-12::CTYPE=\"SCMD8 Gr8 Filtered\",PEC=NTT861AH,REL= 04 ,CLEI=WMOMAESGAA,SER=NNTMH9001675,MDAT=2006-11,AGE=01-357-00-19,ONSC=00-150-01-55"
   "EMPTY-1-13::"
>


   ASD001A-CPL01 09-04-17 17:26:02
M  9 COMPLD
   "EMPTY-1-14::"
   "EMPTY-1-15::"
;
RTRV-ADJ:ASD001A-CPL01:ALL:10;

IP 10
<


   ASD001A-CPL01 09-04-17 17:26:02
M  10 COMPLD
   "ADJ-1-2-5::ADJTYPE=LINE,PROVFEADDR=\"ASD001A-CPL2P-10-2-8\",PADDRFORM=TID-SH-SL-PRT,DISCFEADDR=\"ASD001A-CPL2P-10-2-8\",DADDRFORM=TID-SH-SL-PRT,ADJSTAT=RELIABLE,CLFI=\"\":IS"
   "ADJ-1-2-7::ADJTYPE=GMD,PROVFEADDR=\"ASD001A-CPL01-1-4-22\",PADDRFORM=TID-SH-SL-PRT,DISCFEADDR=\"\",DADDRFORM=NULL,ADJSTAT=DERIVED,CLFI=\"\":IS"
   "ADJ-1-2-2::ADJTYPE=OPM,PROVFEADDR=\"\",PADDRFORM=NULL,DISCFEADDR=\"\",DADDRFORM=NULL,ADJSTAT=UNVERIFIED,CLFI=\"\":
IS"
   "ADJ-1-2-1::ADJTYPE=OPM,PROVFEADDR=\"\",PADDRFORM=NULL,DISCFEADDR=\"\",DADDRFORM=NULL,ADJSTAT=UNVERIFIED,CLFI=\"\":IS"
   "ADJ-1-4-2::ADJTYPE=UNKNOWN,PROVFEADDR=\"\",PADDRFORM=NULL,DISCFEADDR=\"\",DADDRFORM=NULL,ADJSTAT=UNVERIFIED,CLFI=\"\":OOS-MA"
   "ADJ-1-4-4::ADJTYPE=UNKNOWN,PROVFEADDR=\"\",PADDRFORM=NULL,DISCFEADDR=\"\",DADDRFORM=NULL,ADJSTAT=UNVERIFIED,CLFI=\"\":OOS-MA"
   "ADJ-1-4-6::ADJTYPE=UNKNOWN,PROVFEADDR=\"\",PADDRFORM=NULL,DISCFEADDR=\"\",DADDRFORM=NULL,ADJSTAT=UNVERIFIE
D,CLFI=\"\":OOS-MA"
   "ADJ-1-4-8::ADJTYPE=UNKNOWN,PROVFEADDR=\"\",PADDRFORM=NULL,DISCFEADDR=\"\",DADDRFORM=NULL,ADJSTAT=UNVERIFIED,CLFI=\"\":OOS-MA"
   "ADJ-1-4-10::ADJTYPE=UNKNOWN,PROVFEADDR=\"\",PADDRFORM=NULL,DISCFEADDR=\"\",DADDRFORM=NULL,ADJSTAT=UNVERIFIED,CLFI=\"\":OOS-MA"
   "ADJ-1-4-12::ADJTYPE=UNKNOWN,PROVFEADDR=\"\",PADDRFORM=NULL,DISCFEADDR=\"\",DADDRFORM=NULL,ADJSTAT=UNVERIFIED,CLFI=\"\":OOS-MA"
   "ADJ-1-4-14::ADJTYPE=UNKNOWN,PROVFEADDR=\"\",PADDRFORM=NULL,DISCFEADDR=\"\",DADDR
FORM=NULL,ADJSTAT=UNVERIFIED,CLFI=
\"\":OOS-MA"
   "ADJ-1-4-16::ADJTYPE=CMD,PROVFEADDR=\"ASD001A-CPL01-1-12-1\",PADDRFORM=TID-SH-SL-PRT,DISCFEADDR=\"\",DADDRFORM=NULL,ADJSTAT=DERIVED,CLFI=\"\":IS"
>

   ASD001A-CPL01 09-04-17 17:26:02
M  10 COMPLD
   "ADJ-1-4-18::ADJTYPE=UNKNOWN,PROVFEADDR=\"\",PADDRFORM=NULL,DISCFEADDR=\"\",DADDRFORM=NULL,ADJSTAT=UNVERIFIED,CLFI=\"\":OOS-MA"
   "ADJ-1-4-23::ADJTYPE=LIM,PROVFEADDR=\"ASD001A-CPL01-1-2-6\",PADDRFORM=TID-SH-SL-PRT,DISCFEADDR=\"\",DADDRFORM=NULL,ADJSTAT=DERIVED,CLFI=\"\":IS"
 
  "ADJ-1-12-3::ADJTYPE=TX,PROVFEADDR=\"ASD001A-CPL02-2-12-4\",PADDRFORM=TID-SH-SL-PRT,DISCFEADDR=\"\",DADDRFORM=NULL,ADJSTAT=UNVERIFIED,CLFI=\"\":IS"
   "ADJ-1-12-4::ADJTYPE=
RX,PROVFEADDR=\"ASD001A-CPL02-2-12-3\",PADDRFORM=TID-SH-SL-PRT,DISCFEADDR=\"\",DADDRFORM=NULL,ADJSTAT=UNVERIFIED,CLFI=\"\":IS"
   "ADJ-1-12-5::ADJTYPE=TX,PROVFEADDR=\"\",PADDRFORM=NULL,DISCFEADDR=\"\",DADDRFORM=NULL,ADJSTAT=UNVERIFIED,CLFI=\"\":OOS-MA"
   "ADJ-1-12-6::ADJTYPE=RX,PROVFEADDR=\"\",PADDRFORM=NULL,DISCFEADDR=\"\",DADDRFORM=NULL,ADJSTAT=UNVERIFIED,CLFI=\"\":OOS-MA"
   "ADJ-1-12-7::ADJTYPE=TX,PROVFEADDR=\"\",PADDRFORM=TID-SH-SL-PRT,DISCFEADDR=\"\",DADDRFORM=NULL,ADJSTAT=UNVERIFIED,C
LFI=\"\":OOS-M
A"
   "ADJ-1-12-8::ADJTYPE=RX,PROVFEADDR=\"\",PADDRFORM=TID-SH-SL-PRT,DISCFEADDR=\"\",DADDRFORM=NULL,ADJSTAT=UNVERIFIED,CLFI=\"\":OOS-MA"
   "ADJ-1-12-9::ADJTYPE=TX,PROVFEADDR=\"\",PADDRFORM=NULL,DISCFEADDR=\"\",DADDRFORM=NULL,ADJSTAT=UNVERIFIED,CLFI=\"\":OOS-MA"
   "ADJ-1-12-10::ADJTYPE=RX,PROVFEADDR=\"\",PADDRFORM=NULL,DISCFEADDR=\"\",DADDRFORM=NULL,ADJSTAT=UNVERIFIED,CLFI=\"\":OOS-MA"
   "ADJ-1-12-11::ADJTYPE=TX,PROVFEADDR=\"ASD001A-CPL02-2-12-12\",PADDRFORM=TID-SH-SL-PRT,DISCFEADDR=\"\",
DADDRFORM=NULL,ADJSTAT=UNVERIFIED,CLFI=\"\":IS"
   "ADJ-1-12-12::ADJTYPE=RX,PROVFEADDR=\"ASD001A-CPL02-2-12-11\",PADDRFORM=TID-SH-SL-PRT,DISCFEADDR=\"\",DADDRFORM=NULL,ADJSTAT=UNVERIFIED,CLFI=\"\":IS"
>


   ASD001A-CPL01 09-04-17 17:26:02
M  10 COMPLD
   "ADJ-1-12-13::ADJTYPE=TX,PROVFEADDR=\"\",PADDRFORM=NULL,DISCFEADDR=\"\",DADDRFORM=NULL,ADJSTAT=UNVERIFIED,CLFI=\"\":OOS-MA"
   "ADJ-1-12-14::ADJTYPE=RX,PROVFEADDR=\"\",PADDRFORM=NULL,DISCFEADDR=\"\",DADDRFORM=NULL,ADJSTAT=UNVERIFIED,CLFI=\"\":OOS-MA"
   "ADJ-1-12-15::ADJTYPE=TX,PROVFEADDR=\"ASD001A-CPL02-2-12-16\",PADDRFORM=TID-SH-SL-PRT,DISCFEADDR=\"\",DADDRFORM=NULL,ADJSTAT=UNVERIFIED,CLFI=\"\":IS"
   "ADJ-1-12-16::ADJTYPE=RX,PROVFEADDR=\"ASD001A-CPL02-2-12-15\",PADDRFORM=TID-SH-SL-PRT,DISCFEADDR=\"\",DADDRFORM=NULL,ADJSTAT=UNVERIFIED,CLFI=\"\":IS"
   "ADJ-1-12-17::ADJTYPE=TX,PROVFEADDR=\"ASD001A-CPL02-2-12-18\",PADDRFORM=TID-SH-SL-PRT,DISCFEADDR=\"\",DADDRFORM=NULL,ADJSTAT=UNVERIFIED,CLFI=\"\":IS"
   "ADJ-1-12-18::ADJTYPE=RX,PROVFEADDR=\"ASD001A-CPL02-2-12-17\",PADDRFORM=TID-SH-SL-PRT,DISCFEADDR=\"\",DADDRFORM=NULL,ADJSTAT=UNVERIFIED,CLFI=\"\":IS"
   "ADJ-1-12-2::ADJTYPE=GMD,PROVFEADDR=\"ASD001A-CPL01-1-4-15\",PADDRFORM=T
ID-SH-SL-PRT,DISCFEADDR=
\"\",DADDRFORM=NULL,ADJSTAT=DERIVED,CLFI=\"\":IS"
   "ADJ-1-12-20::ADJTYPE=UNKNOWN,PROVFEADDR=\"\",PADDRFORM=NULL,DISCFEADDR=\"\",DADDRFORM=NULL,ADJSTAT=UNVERIFIED,CLFI=\"\":OOS-MA"
;
<<RTRV-HDR keep alive sent>>

IP 11
<
RTRV-ADJ-TX:ASD001A-CPL01:ALL:12;



   ASD001A-CPL01 09-04-17 17:26:02
M  11 COMPLD
;IP 12
<


   ASD001A-CPL01 09-04-17 17:26:02
M  12 COMPLD
   "ADJ-1-12-3::ADJTXTYPE=OTHER,ADJTXBIAS=0.00,CKTID=\"DRAC-E3429191-1237839015824\",WAVELENGTH=1558.17,RATE=UNKNOWN,ADJTXFEC=0.00,ADJTXMINPOW=0.00,ADJTXMAXPOW=0.00,ADJTXCURPOW=0.00,PAIREDRX=YES,DOCCARE=FALSE,ACTIVE=FALSE"
   "ADJ-1-12-5::ADJTXTYPE=UNKNOWN,ADJTXBIAS=0.00,CKTID=\"\",WAVELENGTH=1558.58,RATE=UNKNOWN,ADJTXFEC=0.00,ADJTXMINPOW=0.00,ADJTXMAXPOW=0.00,ADJTXCURPOW=0.00,PAIREDRX=YES,DOCCARE=FALSE,ACTIVE=FALSE"
   "ADJ-1-12-7::ADJTXTYP
E=UNKNOWN,ADJTXBIAS=0.00,CKTID=\"\",WAVELENGTH=1558.98,RATE=UNKNOWN,ADJTXFEC=0.00,ADJTXMINPOW=-16.00,ADJTXMAXPOW=5.00,ADJTXCURPOW=0.00,PAIREDRX=YES,DOCCARE=FALSE,ACTIVE=FALSE"
   "ADJ-1-12-9::ADJTXTYPE=UNKNOWN,ADJTXBIAS=0.00,CKTID=\"\",WAVELENGTH=1559.39,RATE=UNKNOWN,ADJTXFEC=0.00,ADJTXMINPOW=0.00,ADJTXMAXPOW=0.00,ADJTXCURPOW=0.00,PAIREDRX=YES,DOCCARE=FALSE,ACTIVE=FALSE"
   "ADJ-1-12-11::ADJTXTYPE=OTHER,ADJTXBIAS=0.00,CKTID=\"DRAC-E3429191-1238145793161\",WAVELENGTH=1559.79,RATE=UNKNOWN,ADJTXF
EC=0.00,ADJTXMINPOW=0.00,ADJTXMAXPOW=0.00,ADJTXCURPOW=0.00,PAIREDRX=YES,DOCCARE=FALSE,ACTIVE=FALSE"
   "ADJ-1-12-13::ADJTXTYPE=UNKNOWN,ADJTXBIAS=0.00,CKTID=\"\",WAVELENGTH=1560.20,RATE=UNKNOWN,ADJTXFEC=0.00,ADJTXMINPOW=0.00,ADJTXMAXPOW=0.00,ADJTXCURPOW=0.00,PAIREDRX=YES,DOCCARE=FALSE,ACTIVE=FALSE"
   "ADJ-1-12-15::ADJTXTYPE=OTHER,ADJTXBIAS=0.00,CKTID=\"DRAC-E3429191-1233776182912\",WAVELENGTH=1560.61,RATE=UNKNOWN,ADJTXFEC=0.00,ADJTXMINPOW=0.00,ADJTXMAXPOW=0.00,ADJTXCURPOW=0.00,PAIREDRX=YES,DOC
CARE=TRUE,ACTIVE=TRUE"
   "ADJ-1-
12-17::ADJTXTYPE=OTHER,ADJTXBIAS=0.00,CKTID=\"\",WAVELENGTH=1561.01,RATE=UNKNOWN,ADJTXFEC=0.00,ADJTXMINPOW=0.00,ADJTXMAXPOW=0.00,ADJTXCURPOW=0.00,PAIREDRX=YES,DOCCARE=TRUE,ACTIVE=TRUE"
;
RTRV-ADJ-LINE:ASD001A-CPL01:ALL:13;

IP 13
<


   ASD001A-CPL01 09-04-17 17:26:02
M  13 COMPLD
   "ADJ-1-2-5::FIBERTYPE=NDSF"
;
RTRV-TOPO-SWT:ASD001A-CPL01:ALL:14;

IP 14
<


   ASD001A-CPL01 09-04-17 17:26:02
M  14 COMPLD
   "SWT-1-153033::PATHID=2,SWSTATUS=OK,DOCCARE=FALSE,PORTTRAIL=\"4-1,4-23,2-6,2-5\",ROUTING=UNKNOWN,OBMCONFIGURABLE=FALSE,CKTID=\"\",EDGEPORT=\"0-0\",DERIVED=TRUE,ACTIVE=FALSE"
   "SWT-1-153033::PATHID=1,SWSTATUS=OK,DOCCARE=FALSE,PORTTRAIL=\"2-8,2-7,4-22,4-2\",ROUTING=UNKNOWN,OBMCONFIGURABLE=FALSE,CKTID=\"\",EDGEPORT=\"0-0\",DERIVED=TRUE,ACTIVE=FALSE"
   "SWT-1-153072::PATHID=2,SWSTATUS=OK,DOCCARE=FALSE,PORTTRAIL=\"4-1,4-23,2-6,2-5\",ROUTING
=UNKNOWN,O
BMCONFIGURABLE=FALSE,CKTID=\"\",EDGEPORT=\"0-0\",DERIVED=TRUE,ACTIVE=FALSE"
   "SWT-1-153072::PATHID=1,SWSTATUS=OK,DOCCARE=FALSE,PORTTRAIL=\"2-8,2-7,4-22,4-2\",ROUTING=UNKNOWN,OBMCONFIGURABLE=FALSE,CKTID=\"\",EDGEPORT=\"0-0\",DERIVED=TRUE,ACTIVE=FALSE"
   "SWT-1-153112::PATHID=2,SWSTATUS=OK,DOCCARE=FALSE,PORTTRAIL=\"4-1,4-23,2-6,2-5\",ROUTING=UNKNOWN,OBMCONFIGURABLE=FALSE,CKTID=\"\",EDGEPORT=\"0-0\",DERIVED=TRUE,ACTIVE=FALSE"
   "SWT-1-153112::PATHID=1,SWSTATUS=OK,DOCCARE=FALSE,PORTTRAIL=\"2-
8,2-7,4-22
,4-2
\",ROUTING=UNKNOWN,OBMCONFIGURABLE=FALSE,CKTID=\"\",EDGEPORT=\"0-0\",DERIVED=TRUE,ACTIVE=FALSE"
   "SWT-1-153151::PATHID=2,SWSTATUS=OK,DOCCARE=FALSE,PORTTRAIL=\"4-1,4-23,2-6,2-5\",ROUTING=UNKNOWN,OBMCONFIGURABLE=FALSE,CKTID=\"\",EDGEPORT=\"0-0\",DERIVED=TRUE,ACTIVE=FALSE"
   "SWT-1-153151::PATHID=1,SWSTATUS=OK,DOCCARE=FALSE,PORTTRAIL=\"2-8,2-7,4-22,4-2\",ROUTING=UNKNOWN,OBMCONFIGURABLE=FALSE,CKTID=\"\",EDGEPORT=\"0-0\",DERIVED=TRUE,ACTIVE=FALSE"
   "SWT-1-153190::PATHID=2,SWSTATUS=OK,DOCCARE=FALSE,PORT
TRAIL=\"4-1,4-23,2-6,2-5\",ROUTING=UNKNOWN,OBMCONFIGURABLE=FALSE,CKTID=\"\",EDGEPORT=\"0-0\",DERIVED=TRUE,ACTIVE=FALSE"
   "SWT-1-153190::PATHID=1,SWSTATUS=OK,DOCCARE=FALSE,PORTTRAIL=\"2-8,2-7,4-22,4-2\",ROUTING=UNKNOWN,OBMCONFIGURABLE=FALSE,CKTID=\"\",EDGEPORT=\"0-0\",DERIVED=TRUE,ACTIVE=FALSE"
   "SWT-1-153229::PATHID=2,SWSTATUS=OK,DOCCARE=FALSE,PORTTRAIL=\"4-1,4-23,2-6,2-5\",ROUTING=UNKNOWN,OBMCONFIGURABLE=FALSE,CKTID=\"\",EDGEPORT=\"0-0\",DERIVED=TRUE,ACTIVE=FALSE"
   "SWT-1-153229::PATHI
D=1,SWSTAT
US=O
K,DOCCARE=FALSE,PORTTRAIL=\"2-8,2-7,4-22,4-2\",ROUTING=UNKNOWN,OBMCONFIGURABLE=FALSE,CKTID=\"\",EDGEPORT=\"0-0\",DERIVED=TRUE,ACTIVE=FALSE"
   "SWT-1-153268::PATHID=2,SWSTATUS=OK,DOCCARE=FALSE,PORTTRAIL=\"4-1,4-23,2-6,2-5\",ROUTING=UNKNOWN,OBMCONFIGURABLE=FALSE,CKTID=\"\",EDGEPORT=\"0-0\",DERIVED=TRUE,ACTIVE=FALSE"
>


   ASD001A-CPL01 09-04-17 17:26:03
M  14 COMPLD
   "SWT-1-153268::PATHID=1,SWSTATUS=OK,DOCCARE=FALSE,PORTTRAIL=\"2-8,2-7,4-22,4-2\",ROUTING=UNKNOWN,OBMCONFIGURABLE=FALSE,CKTID=\"\",EDGEPORT=\"0-0\",DERIVED=TRUE,ACTIVE=FALSE"
   "SWT-1-153307::PATHID=2,SWSTATUS=OK,DOCCARE=FALSE,PORTTRAIL=\"4-1,4-23,2-6,2-5\",ROUTING=UNKNOWN,OBMCONFIGURABLE=FALSE,CKTID=\"\",EDGEPORT=\"0-0\",DERIVED=TRUE,ACTIVE=FALSE"
   "SWT-1-153307::PATHID=1,SWSTATUS=OK,DOCCARE=FALSE,PORTTRAIL=\"2-8,2-7,4-22,4-2\",ROUTING
=UNKNOWN,O
BMCONFIGURABLE=FALSE,CKTID=\"\",EDGEPORT=\"0-0\",DERIVED=TRUE,ACTIVE=FALSE"
   "SWT-1-153425::PATHID=2,SWSTATUS=OK,DOCCARE=FALSE,PORTTRAIL=\"4-3,4-23,2-6,2-5\",ROUTING=UNKNOWN,OBMCONFIGURABLE=FALSE,CKTID=\"\",EDGEPORT=\"0-0\",DERIVED=TRUE,ACTIVE=FALSE"
   "SWT-1-153425::PATHID=1,SWSTATUS=OK,DOCCARE=FALSE,PORTTRAIL=\"2-8,2-7,4-22,4-4\",ROUTING=UNKNOWN,OBMCONFIGURABLE=FALSE,CKTID=\"\",EDGEPORT=\"0-0\",DERIVED=TRUE,ACTIVE=FALSE"
   "SWT-1-153464::PATHID=2,SWSTATUS=OK,DOCCARE=FALSE,PORTTRAIL=\"4-
3,4-23,2-6
,2-5
\",ROUTING=UNKNOWN,OBMCONFIGURABLE=FALSE,CKTID=\"\",EDGEPORT=\"0-0\",DERIVED=TRUE,ACTIVE=FALSE"
   "SWT-1-153464::PATHID=1,SWSTATUS=OK,DOCCARE=FALSE,PORTTRAIL=\"2-8,2-7,4-22,4-4\",ROUTING=UNKNOWN,OBMCONFIGURABLE=FALSE,CKTID=\"\",EDGEPORT=\"0-0\",DERIVED=TRUE,ACTIVE=FALSE"
   "SWT-1-153504::PATHID=2,SWSTATUS=OK,DOCCARE=FALSE,PORTTRAIL=\"4-3,4-23,2-6,2-5\",ROUTING=UNKNOWN,OBMCONFIGURABLE=FALSE,CKTID=\"\",EDGEPORT=\"0-0\",DERIVED=TRUE,ACTIVE=FALSE"
   "SWT-1-153504::PATHID=1,SWSTATUS=OK,DOCCARE=
FALSE,PORT
TRAIL=\"2-8,2-7,4-22,4-4\",ROUTING=UNKNOWN,OBMCONFIGURABLE=FALSE,CKTID=\"\",EDGEPORT=\"0-0\",DERIVED=TRUE,ACTIVE=FALSE"
   "SWT-1-153543::PATHID=2,SWSTATUS=OK,DOCCARE=FALSE,PORTTRAIL=\"4-3,4-23,2-6,2-5\",ROUTING=UNKNOWN,OBMCONFIGURABLE=FALSE,CKTID=\"\",EDGEPORT=\"0-0\",DERIVED=TRUE,ACTIVE=FALSE"
   "SWT-1-153543::PATHID=1,SWSTATUS=OK,DOCCARE=FALSE,PORTTRAIL=\"2-8,2-7,4-22,4-4\",ROUTING=UNKNOWN,OBMCONFIGURABLE=FALSE,CKTID=\"\",EDGEPORT=\"0-0\",DERIVED=TRUE,ACTIVE=FALSE"
   "SWT-1-153582::PATHI
D=2,SWSTAT
US=O
K,DOCCARE=FALSE,PORTTRAIL=\"4-3,4-23,2-6,2-5\",ROUTING=UNKNOWN,OBMCONFIGURABLE=FALSE,CKTID=\"\",EDGEPORT=\"0-0\",DERIVED=TRUE,ACTIVE=FALSE"
   "SWT-1-153582::PATHID=1,SWSTATUS=OK,DOCCARE=FALSE,PORTTRAIL=\"2-8,2-7,4-22,4-4\",ROUTING=UNKNOWN,OBMCONFIGURABLE=FALSE,CKTID=\"\",EDGEPORT=\"0-0\",DERIVED=TRUE,ACTIVE=FALSE"
>


   ASD001A-CPL01 09-04-17 17:26:03
M  14 COMPLD
   "SWT-1-153622::PATHID=2,SWSTATUS=OK,DOCCARE=FALSE,PORTTRAIL=\"4-3,4-23,2-6,2-5\",ROUTING=UNKNOWN,OBMCONFIGURABLE=FALSE,CKTID=\"\",EDGEPORT=\"0-0\",DERIVED=TRUE,ACTIVE=FALSE"
   "SWT-1-153622::PATHID=1,SWSTATUS=OK,DOCCARE=FALSE,PORTTRAIL=\"2-8,2-7,4-22,4-4\",ROUTING=UNKNOWN,OBMCONFIGURABLE=FALSE,CKTID=\"\",EDGEPORT=\"0-0\",DERIVED=TRUE,ACTIVE=FALSE"
   "SWT-1-153661::PATHID=2,SWSTATUS=OK,DOCCARE=FALSE,PORTTRAIL=\"4-3,4-23,2-6,2-5\",ROUTING
=UNKNOWN,O
BMCONFIGURABLE=FALSE,CKTID=\"\",EDGEPORT=\"0-0\",DERIVED=TRUE,ACTIVE=FALSE"
   "SWT-1-153661::PATHID=1,SWSTATUS=OK,DOCCARE=FALSE,PORTTRAIL=\"2-8,2-7,4-22,4-4\",ROUTING=UNKNOWN,OBMCONFIGURABLE=FALSE,CKTID=\"\",EDGEPORT=\"0-0\",DERIVED=TRUE,ACTIVE=FALSE"
   "SWT-1-153700::PATHID=2,SWSTATUS=OK,DOCCARE=FALSE,PORTTRAIL=\"4-3,4-23,2-6,2-5\",ROUTING=UNKNOWN,OBMCONFIGURABLE=FALSE,CKTID=\"\",EDGEPORT=\"0-0\",DERIVED=TRUE,ACTIVE=FALSE"
   "SWT-1-153700::PATHID=1,SWSTATUS=OK,DOCCARE=FALSE,PORTTRAIL=\"2-8,2-7,4-22
,4-4\",ROUTING=UNKNOWN,OBMCONFIGURABLE=FALSE,CKTID=\"\",EDGEPORT=\"0-0\",DERIVED=TRUE,ACTIVE=FALSE"
   "SWT-1-153819::PATHID=2,SWSTATUS=OK,DOCCARE=FALSE,PORTTRAIL=\"4-5,4-23,2-6,2-5\",ROUTING=UNKNOWN,OBMCONFIGURABLE=FALSE,CKTID=\"\",EDGEPORT=\"0-0\",DERIVED=TRUE,ACTIVE=FALSE"
   "SWT-1-153819::PATHID=1,SWSTATUS=OK,DOCCARE=FALSE,PORTTRAIL=\"2-8,2-7,4-22,4-6\",ROUTING=UNKNOWN,OBMCONFIGURABLE=FALSE,CKTID=\"\",EDGEPORT=\"0-0\",DERIVED=TRUE,ACTIVE=FALSE"
   "SWT-1-153858::PATHID=2,SWSTATUS=OK,DOCC
ARE=FALSE,PORTTRAIL=\"4-5,4-23,2-6,2-5\",ROUTING=UNKNOWN,OBMCONFIGURABLE=FALSE,CKTID=\"\",EDGEPORT=\"0-0\",DERIVED=TRUE,ACTIVE=FALSE"
   "SWT-1-153858::PATHID=1,SWSTATUS=OK,DOCCARE=FALSE,PORTTRAIL=\"2-8,2-7,4-22,4-6\",ROUTING=UNKNOWN,OBMCONFIGURABLE=FALSE,CKTID=\"\",EDGEPORT=\"0-0\",DERIVED=TRUE,ACTIVE=FALSE"
   "SWT-1-153898::PATHID=2,SWSTATUS=OK,DOCCARE=FALSE,PORTTRAIL=\"4-5,4-23,2-6,2-5\",ROUTING=UNKNOWN,OBMCONFIGURABLE=FALSE,CKTID=\"\",EDGEPORT=\"0-0\",DERIVED=TRUE,ACTIVE=FALSE"
   "SWT-1
-153898::PATHID=1,SWSTAT
US=O
K,DOCCARE=FALSE,PORTTRAIL=\"2-8,2-7,4-22,4-6\",ROUTING=UNKNOWN,OBMCONFIGURABLE=FALSE,CKTID=\"\",EDGEPORT=\"0-0\",DERIVED=TRUE,ACTIVE=FALSE"
   "SWT-1-153937::PATHID=2,SWSTATUS=OK,DOCCARE=FALSE,PORTTRAIL=\"4-5,4-23,2-6,2-5\",ROUTING=UNKNOWN,OBMCONFIGURABLE=FALSE,CKTID=\"\",EDGEPORT=\"0-0\",DERIVED=TRUE,ACTIVE=FALSE"
>


   ASD001A-CPL01 09-04-17 17:26:03
M  14 COMPLD
   "SWT-1-153937::PATHID=1,SWSTATUS=OK,DOCCARE=FALSE,PORTTRAIL=\"2-8,2-7,4-22,4-6\",ROUTING=UNKNOWN,OBMCONFIGURABLE=FALSE,CKTID=\"\",EDGEPORT=\"0-0\",DERIVED=TRUE,ACTIVE=FALSE"
   "SWT-1-153977::PATHID=2,SWSTATUS=OK,DOCCARE=FALSE,PORTTRAIL=\"4-5,4-23,2-6,2-5\",ROUTING=UNKNOWN,OBMCONFIGURABLE=FALSE,CKTID=\"\",EDGEPORT=\"0-0\",DERIVED=TRUE,ACTIVE=FALSE"
   "SWT-1-153977::PATHID=1,SWSTATUS=OK,DOCCARE=FALSE,PORTTRAIL=\"2-8,2-7,4-22,4-6\",ROUTING
=UNKNOWN,O
BMCONFIGURABLE=FALSE,CKTID=\"\",EDGEPORT=\"0-0\",DERIVED=TRUE,ACTIVE=FALSE"
   "SWT-1-154016::PATHID=2,SWSTATUS=OK,DOCCARE=FALSE,PORTTRAIL=\"4-5,4-23,2-6,2-5\",ROUTING=UNKNOWN,OBMCONFIGURABLE=FALSE,CKTID=\"\",EDGEPORT=\"0-0\",DERIVED=TRUE,ACTIVE=FALSE"
   "SWT-1-154016::PATHID=1,SWSTATUS=OK,DOCCARE=FALSE,PORTTRAIL=\"2-8,2-7,4-22,4-6\",ROUTING=UNKNOWN,OBMCONFIGURABLE=FALSE,CKTID=\"\",EDGEPORT=\"0-0\",DERIVED=TRUE,ACTIVE=FALSE"
   "SWT-1-154056::PATHID=2,SWSTATUS=OK,DOCCARE=FALSE,PORTTRAIL=\"4-
5,4-23,2-6
,2-5
\",ROUTING=UNKNOWN,OBMCONFIGURABLE=FALSE,CKTID=\"\",EDGEPORT=\"0-0\",DERIVED=TRUE,ACTIVE=FALSE"
   "SWT-1-154056::PATHID=1,SWSTATUS=OK,DOCCARE=FALSE,PORTTRAIL=\"2-8,2-7,4-22,4-6\",ROUTING=UNKNOWN,OBMCONFIGURABLE=FALSE,CKTID=\"\",EDGEPORT=\"0-0\",DERIVED=TRUE,ACTIVE=FALSE"
   "SWT-1-154095::PATHID=2,SWSTATUS=OK,DOCCARE=FALSE,PORTTRAIL=\"4-5,4-23,2-6,2-5\",ROUTING=UNKNOWN,OBMCONFIGURABLE=FALSE,CKTID=\"\",EDGEPORT=\"0-0\",DERIVED=TRUE,ACTIVE=FALSE"
   "SWT-1-154095::PATHID=1,SWSTATUS=OK,DOCCARE=
FALSE,PORT
TRAIL=\"2-8,2-7,4-22,4-6\",ROUTING=UNKNOWN,OBMCONFIGURABLE=FALSE,CKTID=\"\",EDGEPORT=\"0-0\",DERIVED=TRUE,ACTIVE=FALSE"
   "SWT-1-154214::PATHID=2,SWSTATUS=OK,DOCCARE=FALSE,PORTTRAIL=\"4-7,4-23,2-6,2-5\",ROUTING=UNKNOWN,OBMCONFIGURABLE=FALSE,CKTID=\"\",EDGEPORT=\"0-0\",DERIVED=TRUE,ACTIVE=FALSE"
   "SWT-1-154214::PATHID=1,SWSTATUS=OK,DOCCARE=FALSE,PORTTRAIL=\"2-8,2-7,4-22,4-8\",ROUTING=UNKNOWN,OBMCONFIGURABLE=FALSE,CKTID=\"\",EDGEPORT=\"0-0\",DERIVED=TRUE,ACTIVE=FALSE"
   "SWT-1-154254::PATHI
D=2,SWSTAT
US=O
K,DOCCARE=FALSE,PORTTRAIL=\"4-7,4-23,2-6,2-5\",ROUTING=UNKNOWN,OBMCONFIGURABLE=FALSE,CKTID=\"\",EDGEPORT=\"0-0\",DERIVED=TRUE,ACTIVE=FALSE"
   "SWT-1-154254::PATHID=1,SWSTATUS=OK,DOCCARE=FALSE,PORTTRAIL=\"2-8,2-7,4-22,4-8\",ROUTING=UNKNOWN,OBMCONFIGURABLE=FALSE,CKTID=\"\",EDGEPORT=\"0-0\",DERIVED=TRUE,ACTIVE=FALSE"
>


   ASD001A-CPL01 09-04-17 17:26:03
M  14 COMPLD
   "SWT-1-154294::PATHID=2,SWSTATUS=OK,DOCCARE=FALSE,PORTTRAIL=\"4-7,4-23,2-6,2-5\",ROUTING=UNKNOWN,OBMCONFIGURABLE=FALSE,CKTID=\"\",EDGEPORT=\"0-0\",DERIVED=TRUE,ACTIVE=FALSE"
   "SWT-1-154294::PATHID=1,SWSTATUS=OK,DOCCARE=FALSE,PORTTRAIL=\"2-8,2-7,4-22,4-8\",ROUTING=UNKNOWN,OBMCONFIGURABLE=FALSE,CKTID=\"\",EDGEPORT=\"0-0\",DERIVED=TRUE,ACTIVE=FALSE"
   "SWT-1-154333::PATHID=2,SWSTATUS=OK,DOCCARE=FALSE,PORTTRAIL=\"4-7,4-23,2-6,2-5\",ROUTING=UNKNOWN,O
BMCONFIGURABLE=FALSE,CKTID=\"\",EDGEPORT=\"0-0\",DERIVED=TRUE,ACTIVE=FALSE"
   "SWT-1-154333::PATHID=1,SWSTATUS=OK,DOCCARE=FALSE,PORTTRAIL=\"2-8,2-7,4-22,4-8\",ROUTING=UNKNOWN,OBMCONFIGURABLE=FALSE,CKTID=\"\",EDGEPORT=\"0-0\",DERIVED=TRUE,ACTIVE=FALSE"
   "SWT-1-154373::PATHID=2,SWSTATUS=OK,DOCCARE=FALSE,PORTTRAIL=\"4-7,4-23,2-6,2-5\",ROUTING=UNKNOWN,OBMCONFIGURABLE=FALSE,CKTID=\"\",EDGEPORT=\"0-0\",DERIVED=TRUE,ACTIVE=FALSE"
   "SWT-1-154373::PATHID=1,SWSTATUS=OK,DOCCARE=FALSE,PORTTRAIL=\"2-
8,2-7,4-22
,4-8
\",ROUTING=UNKNOWN,OBMCONFIGURABLE=FALSE,CKTID=\"\",EDGEPORT=\"0-0\",DERIVED=TRUE,ACTIVE=FALSE"
   "SWT-1-154413::PATHID=2,SWSTATUS=OK,DOCCARE=FALSE,PORTTRAIL=\"4-7,4-23,2-6,2-5\",ROUTING=UNKNOWN,OBMCONFIGURABLE=FALSE,CKTID=\"\",EDGEPORT=\"0-0\",DERIVED=TRUE,ACTIVE=FALSE"
   "SWT-1-154413::PATHID=1,SWSTATUS=OK,DOCCARE=FALSE,PORTTRAIL=\"2-8,2-7,4-22,4-8\",ROUTING=UNKNOWN,OBMCONFIGURABLE=FALSE,CKTID=\"\",EDGEPORT=\"0-0\",DERIVED=TRUE,ACTIVE=FALSE"
   "SWT-1-154453::PATHID=2,SWSTATUS=OK,DOCCARE=FALSE,PORT
TRAIL=\"4-7,4-23,2-6,2-5\",ROUTING=UNKNOWN,OBMCONFIGURABLE=FALSE,CKTID=\"\",EDGEPORT=\"0-0\",DERIVED=TRUE,ACTIVE=FALSE"
   "SWT-1-154453::PATHID=1,SWSTATUS=OK,DOCCARE=FALSE,PORTTRAIL=\"2-8,2-7,4-22,4-8\",ROUTING=UNKNOWN,OBMCONFIGURABLE=FALSE,CKTID=\"\",EDGEPORT=\"0-0\",DERIVED=TRUE,ACTIVE=FALSE"
   "SWT-1-154492::PATHID=2,SWSTATUS=OK,DOCCARE=FALSE,PORTTRAIL=\"4-7,4-23,2-6,2-5\",ROUTING=UNKNOWN,OBMCONFIGURABLE=FALSE,CKTID=\"\",EDGEPORT=\"0-0\",DERIVED=TRUE,ACTIVE=FALSE"
   "SWT-1-154492::PATHI
D=1,SWSTAT
US=O
K,DOCCARE=FALSE,PORTTRAIL=\"2-8,2-7,4-22,4-8\",ROUTING=UNKNOWN,OBMCONFIGURABLE=FALSE,CKTID=\"\",EDGEPORT=\"0-0\",DERIVED=TRUE,ACTIVE=FALSE"
   "SWT-1-154612::PATHID=2,SWSTATUS=OK,DOCCARE=FALSE,PORTTRAIL=\"4-9,4-23,2-6,2-5\",ROUTING=UNKNOWN,OBMCONFIGURABLE=FALSE,CKTID=\"\",EDGEPORT=\"0-0\",DERIVED=TRUE,ACTIVE=FALSE"
>


   ASD001A-CPL01 09-04-17 17:26:03
M  14 COMPLD
   "SWT-1-154612::PATHID=1,SWSTATUS=OK,DOCCARE=FALSE,PORTTRAIL=\"2-8,2-7,4-22,4-10\",ROUTING=UNKNOWN,OBMCONFIGURABLE=FALSE,CKTID=\"\",EDGEPORT=\"0-0\",DERIVED=TRUE,ACTIVE=FALSE"
   "SWT-1-154652::PATHID=2,SWSTATUS=OK,DOCCARE=FALSE,PORTTRAIL=\"4-9,4-23,2-6,2-5\",ROUTING=UNKNOWN,OBMCONFIGURABLE=FALSE,CKTID=\"\",EDGEPORT=\"0-0\",DERIVED=TRUE,ACTIVE=FALSE"
   "SWT-1-154652::PATHID=1,SWSTATUS=OK,DOCCARE=FALSE,PORTTRAIL=\"2-8,2-7,4-22,4-10\",ROUTING=UNKNOWN
,OBMCONFIGURABLE=FALSE,CKTID=\"\",EDGEPORT=\"0-0\",DERIVED=TRUE,ACTIVE=FALSE"
   "SWT-1-154692::PATHID=2,SWSTATUS=OK,DOCCARE=FALSE,PORTTRAIL=\"4-9,4-23,2-6,2-5\",ROUTING=UNKNOWN,OBMCONFIGURABLE=FALSE,CKTID=\"\",EDGEPORT=\"0-0\",DERIVED=TRUE,ACTIVE=FALSE"
   "SWT-1-154692::PATHID=1,SWSTATUS=OK,DOCCARE=FALSE,PORTTRAIL=\"2-8,2-7,4-22,4-10\",ROUTING=UNKNOWN,OBMCONFIGURABLE=FALSE,CKTID=\"\",EDGEPORT=\"0-0\",DERIVED=TRUE,ACTIVE=FALSE"
   "SWT-1-154732::PATHID=2,SWSTATUS=OK,DOCCARE=FALSE,PORTTRAIL=\
"4-9,4-23,2-6,2-5\",ROUTING=UNKNOWN,OBMCONFIGURABLE=FALSE,CKTID=\"\",EDGEPORT=\"0-0\",DERIVED=TRUE,ACTIVE=FALSE"
   "SWT-1-154732::PATHID=1,SWSTATUS=OK,DOCCARE=FALSE,PORTTRAIL=\"2-8,2-7,4-22,4-10\",ROUTING=UNKNOWN,OBMCONFIGURABLE=FALSE,CKTID=\"\",EDGEPORT=\"0-0\",DERIVED=TRUE,ACTIVE=FALSE"
   "SWT-1-154772::PATHID=2,SWSTATUS=OK,DOCCARE=FALSE,PORTTRAIL=\"4-9,4-23,2-6,2-5\",ROUTING=UNKNOWN,OBMCONFIGURABLE=FALSE,CKTID=\"\",EDGEPORT=\"0-0\",DERIVED=TRUE,ACTIVE=FALSE"
   "SWT-1-154772::PATHID=1,SW
STATUS=OK,DOCCARE=FALSE,
PORTTRAIL=\"2-8,2-7,4-22,4-10\",ROUTING=UNKNOWN,OBMCONFIGURABLE=FALSE,CKTID=\"\",EDGEPORT=\"0-0\",DERIVED=TRUE,ACTIVE=FALSE"
   "SWT-1-154811::PATHID=2,SWSTATUS=OK,DOCCARE=FALSE,PORTTRAIL=\"4-9,4-23,2-6,2-5\",ROUTING=UNKNOWN,OBMCONFIGURABLE=FALSE,CKTID=\"\",EDGEPORT=\"0-0\",DERIVED=TRUE,ACTIVE=FALSE"
   "SWT-1-154811::PATHID=1,SWSTATUS=OK,DOCCARE=FALSE,PORTTRAIL=\"2-8,2-7,4-22,4-10\",ROUTING=UNKNOWN,OBMCONFIGURABLE=FALSE,CKTID=\"\",EDGEPORT=\"0-0\",DERIVED=TRUE,ACTIVE=FALSE"
   "SWT-1-154851::PATHID=2,
SWST
ATUS=OK,DOCCARE=FALSE,PORTTRAIL=\"4-9,4-23,2-6,2-5\",ROUTING=UNKNOWN,OBMCONFIGURABLE=FALSE,CKTID=\"\",EDGEPORT=\"0-0\",DERIVED=TRUE,ACTIVE=FALSE"
   "SWT-1-154851::PATHID=1,SWSTATUS=OK,DOCCARE=FALSE,PORTTRAIL=\"2-8,2-7,4-22,4-10\",ROUTING=UNKNOWN,OBMCONFIGURABLE=FALSE,CKTID=\"\",EDGEPORT=\"0-0\",DERIVED=TRUE,ACTIVE=FALSE"
>


   ASD001A-CPL01 09-04-17 17:26:03
M  14 COMPLD
   "SWT-1-154891::PATHID=2,SWSTATUS=OK,DOCCARE=FALSE,PORTTRAIL=\"4-9,4-23,2-6,2-5\",ROUTING=UNKNOWN,OBMCONFIGURABLE=FALSE,CKTID=\"\",EDGEPORT=\"0-0\",DERIVED=TRUE,ACTIVE=FALSE"
   "SWT-1-154891::PATHID=1,SWSTATUS=OK,DOCCARE=FALSE,PORTTRAIL=\"2-8,2-7,4-22,4-10\",ROUTING=UNKNOWN,OBMCONFIGURABLE=FALSE,CKTID=\"\",EDGEPORT=\"0-0\",DERIVED=TRUE,ACTIVE=FALSE"
   "SWT-1-155012::PATHID=2,SWSTATUS=OK,DOCCARE=FALSE,PORTTRAIL=\"4-11,4-23,2-6,2-5\",ROUTING=UNKNOWN
,OBMCONFIGURABLE=FALSE,CKTID=\"\",EDGEPORT=\"0-0\",DERIVED=TRUE,ACTIVE=FALSE"
   "SWT-1-155012::PATHID=1,SWSTATUS=OK,DOCCARE=FALSE,PORTTRAIL=\"2-8,2-7,4-22,4-12\",ROUTING=UNKNOWN,OBMCONFIGURABLE=FALSE,CKTID=\"\",EDGEPORT=\"0-0\",DERIVED=TRUE,ACTIVE=FALSE"
   "SWT-1-155052::PATHID=2,SWSTATUS=OK,DOCCARE=FALSE,PORTTRAIL=\"4-11,4-23,2-6,2-5\",ROUTING=UNKNOWN,OBMCONFIGURABLE=FALSE,CKTID=\"\",EDGEPORT=\"0-0\",DERIVED=TRUE,ACTIVE=FALSE"
   "SWT-1-155052::PATHID=1,SWSTATUS=OK,DOCCARE=FALSE,PORTTRAIL=
\"2-8,2-7,
4-22
,4-12\",ROUTING=UNKNOWN,OBMCONFIGURABLE=FALSE,CKTID=\"\",EDGEPORT=\"0-0\",DERIVED=TRUE,ACTIVE=FALSE"
   "SWT-1-155092::PATHID=2,SWSTATUS=OK,DOCCARE=FALSE,PORTTRAIL=\"4-11,4-23,2-6,2-5\",ROUTING=UNKNOWN,OBMCONFIGURABLE=FALSE,CKTID=\"\",EDGEPORT=\"0-0\",DERIVED=TRUE,ACTIVE=FALSE"
   "SWT-1-155092::PATHID=1,SWSTATUS=OK,DOCCARE=FALSE,PORTTRAIL=\"2-8,2-7,4-22,4-12\",ROUTING=UNKNOWN,OBMCONFIGURABLE=FALSE,CKTID=\"\",EDGEPORT=\"0-0\",DERIVED=TRUE,ACTIVE=FALSE"
   "SWT-1-155132::PATHID=2,SWSTATUS=OK,DOCCARE=FAL
SE,PORTTRAIL=\"4-11,4-23,2-6,2-5\",ROUTING=UNKNOWN,OBMCONFIGURABLE=FALSE,CKTID=\"\",EDGEPORT=\"0-0\",DERIVED=TRUE,ACTIVE=FALSE"
   "SWT-1-155132::PATHID=1,SWSTATUS=OK,DOCCARE=FALSE,PORTTRAIL=\"2-8,2-7,4-22,4-12\",ROUTING=UNKNOWN,OBMCONFIGURABLE=FALSE,CKTID=\"\",EDGEPORT=\"0-0\",DERIVED=TRUE,ACTIVE=FALSE"
   "SWT-1-155172::PATHID=2,SWSTATUS=OK,DOCCARE=FALSE,PORTTRAIL=\"4-11,4-23,2-6,2-5\",ROUTING=UNKNOWN,OBMCONFIGURABLE=FALSE,CKTID=\"\",EDGEPORT=\"0-0\",DERIVED=TRUE,ACTIVE=FALSE"
   "SWT-1-155172::PATHI
D=1,
SWSTATUS=OK,DOCCARE=FALSE,PORTTRAIL=\"2-8,2-7,4-22,4-12\",ROUTING=UNKNOWN,OBMCONFIGURABLE=FALSE,CKTID=\"\",EDGEPORT=\"0-0\",DERIVED=TRUE,ACTIVE=FALSE"
   "SWT-1-155212::PATHID=2,SWSTATUS=OK,DOCCARE=FALSE,PORTTRAIL=\"4-11,4-23,2-6,2-5\",ROUTING=UNKNOWN,OBMCONFIGURABLE=FALSE,CKTID=\"\",EDGEPORT=\"0-0\",DERIVED=TRUE,ACTIVE=FALSE"
>


   ASD001A-CPL01 09-04-17 17:26:03
M  14 COMPLD
   "SWT-1-155212::PATHID=1,SWSTATUS=OK,DOCCARE=FALSE,PORTTRAIL=\"2-8,2-7,4-22,4-12\",ROUTING=UNKNOWN,OBMCONFIGURABLE=FALSE,CKTID=\"\",EDGEPORT=\"0-0\",DERIVED=TRUE,ACTIVE=FALSE"
   "SWT-1-155252::PATHID=2,SWSTATUS=OK,DOCCARE=FALSE,PORTTRAIL=\"4-11,4-23,2-6,2-5\",ROUTING=UNKNOWN,OBMCONFIGURABLE=FALSE,CKTID=\"\",EDGEPORT=\"0-0\",DERIVED=TRUE,ACTIVE=FALSE"
   "SWT-1-155252::PATHID=1,SWSTATUS=OK,DOCCARE=FALSE,PORTTRAIL=\"2-8,2-7,4-22,4-12\",ROUTING=UNKNOW
N,OBMCONFIGURABLE=FALSE,CKTID=\"\",EDGEPORT=\"0-0\",DERIVED=TRUE,ACTIVE=FALSE"
   "SWT-1-155293::PATHID=2,SWSTATUS=OK,DOCCARE=FALSE,PORTTRAIL=\"4-11,4-23,2-6,2-5\",ROUTING=UNKNOWN,OBMCONFIGURABLE=FALSE,CKTID=\"\",EDGEPORT=\"0-0\",DERIVED=TRUE,ACTIVE=FALSE"
   "SWT-1-155293::PATHID=1,SWSTATUS=OK,DOCCARE=FALSE,PORTTRAIL=\"2-8,2-7,4-22,4-12\",ROUTING=UNKNOWN,OBMCONFIGURABLE=FALSE,CKTID=\"\",EDGEPORT=\"0-0\",DERIVED=TRUE,ACTIVE=FALSE"
   "SWT-1-155413::PATHID=2,SWSTATUS=OK,DOCCARE=FALSE,PORTTRAIL
=\"4-13,4-
23,2
-6,2-5\",ROUTING=UNKNOWN,OBMCONFIGURABLE=FALSE,CKTID=\"\",EDGEPORT=\"0-0\",DERIVED=TRUE,ACTIVE=FALSE"
   "SWT-1-155413::PATHID=1,SWSTATUS=OK,DOCCARE=FALSE,PORTTRAIL=\"2-8,2-7,4-22,4-14\",ROUTING=UNKNOWN,OBMCONFIGURABLE=FALSE,CKTID=\"\",EDGEPORT=\"0-0\",DERIVED=TRUE,ACTIVE=FALSE"
   "SWT-1-155454::PATHID=2,SWSTATUS=OK,DOCCARE=FALSE,PORTTRAIL=\"4-13,4-23,2-6,2-5\",ROUTING=UNKNOWN,OBMCONFIGURABLE=FALSE,CKTID=\"\",EDGEPORT=\"0-0\",DERIVED=TRUE,ACTIVE=FALSE"
   "SWT-1-155454::PATHID=1,SWSTATUS=OK,
DOCCARE=FA
LSE,PORTTRAIL=\"2-8,2-7,4-22,4-14\",ROUTING=UNKNOWN,OBMCONFIGURABLE=FALSE,CKTID=\"\",EDGEPORT=\"0-0\",DERIVED=TRUE,ACTIVE=FALSE"
   "SWT-1-155494::PATHID=2,SWSTATUS=OK,DOCCARE=FALSE,PORTTRAIL=\"4-13,4-23,2-6,2-5\",ROUTING=UNKNOWN,OBMCONFIGURABLE=FALSE,CKTID=\"\",EDGEPORT=\"0-0\",DERIVED=TRUE,ACTIVE=FALSE"
   "SWT-1-155494::PATHID=1,SWSTATUS=OK,DOCCARE=FALSE,PORTTRAIL=\"2-8,2-7,4-22,4-14\",ROUTING=UNKNOWN,OBMCONFIGURABLE=FALSE,CKTID=\"\",EDGEPORT=\"0-0\",DERIVED=TRUE,ACTIVE=FALSE"
   "SWT-1-15
5534::PATH
ID=2
,SWSTATUS=OK,DOCCARE=FALSE,PORTTRAIL=\"4-13,4-23,2-6,2-5\",ROUTING=UNKNOWN,OBMCONFIGURABLE=FALSE,CKTID=\"\",EDGEPORT=\"0-0\",DERIVED=TRUE,ACTIVE=FALSE"
   "SWT-1-155534::PATHID=1,SWSTATUS=OK,DOCCARE=FALSE,PORTTRAIL=\"2-8,2-7,4-22,4-14\",ROUTING=UNKNOWN,OBMCONFIGURABLE=FALSE,CKTID=\"\",EDGEPORT=\"0-0\",DERIVED=TRUE,ACTIVE=FALSE"
>


   ASD001A-CPL01 09-04-17 17:26:03
M  14 COMPLD
   "SWT-1-155575::PATHID=2,SWSTATUS=OK,DOCCARE=FALSE,PORTTRAIL=\"4-13,4-23,2-6,2-5\",ROUTING=UNKNOWN,OBMCONFIGURABLE=FALSE,CKTID=\"\",EDGEPORT=\"0-0\",DERIVED=TRUE,ACTIVE=FALSE"
   "SWT-1-155575::PATHID=1,SWSTATUS=OK,DOCCARE=FALSE,PORTTRAIL=\"2-8,2-7,4-22,4-14\",ROUTING=UNKNOWN,OBMCONFIGURABLE=FALSE,CKTID=\"\",EDGEPORT=\"0-0\",DERIVED=TRUE,ACTIVE=FALSE"
   "SWT-1-155615::PATHID=2,SWSTATUS=OK,DOCCARE=FALSE,PORTTRAIL=\"4-13,4-23,2-6,2-5\",ROUT
ING=UNKNOW
N,OBMCONFIGURABLE=FALSE,CKTID=\"\",EDGEPORT=\"0-0\",DERIVED=TRUE,ACTIVE=FALSE"
   "SWT-1-155615::PATHID=1,SWSTATUS=OK,DOCCARE=FALSE,PORTTRAIL=\"2-8,2-7,4-22,4-14\",ROUTING=UNKNOWN,OBMCONFIGURABLE=FALSE,CKTID=\"\",EDGEPORT=\"0-0\",DERIVED=TRUE,ACTIVE=FALSE"
   "SWT-1-155655::PATHID=2,SWSTATUS=OK,DOCCARE=FALSE,PORTTRAIL=\"4-13,4-23,2-6,2-5\",ROUTING=UNKNOWN,OBMCONFIGURABLE=FALSE,CKTID=\"\",EDGEPORT=\"0-0\",DERIVED=TRUE,ACTIVE=FALSE"
   "SWT-1-155655::PATHID=1,SWSTATUS=OK,DOCCARE=FALSE,PORTTRAIL
=\"2-8,2-7
,4-2
2,4-14\",ROUTING=UNKNOWN,OBMCONFIGURABLE=FALSE,CKTID=\"\",EDGEPORT=\"0-0\",DERIVED=TRUE,ACTIVE=FALSE"
   "SWT-1-155696::PATHID=2,SWSTATUS=OK,DOCCARE=FALSE,PORTTRAIL=\"4-13,4-23,2-6,2-5\",ROUTING=UNKNOWN,OBMCONFIGURABLE=FALSE,CKTID=\"\",EDGEPORT=\"0-0\",DERIVED=TRUE,ACTIVE=FALSE"
   "SWT-1-155696::PATHID=1,SWSTATUS=OK,DOCCARE=FALSE,PORTTRAIL=\"2-8,2-7,4-22,4-14\",ROUTING=UNKNOWN,OBMCONFIGURABLE=FALSE,CKTID=\"\",EDGEPORT=\"0-0\",DERIVED=TRUE,ACTIVE=FALSE"
   "SWT-1-155817::PATHID=2,SWSTATUS=OK,DOCCARE=FA
LSE,PORTTRAIL=\"12-3,12-2,4-15,4-23,2-6,2-5\",ROUTING=ADD,OBMCONFIGURABLE=FALSE,CKTID=\"DRAC-E3429191-1237839015824\",EDGEPORT=\"12-3\",DERIVED=TRUE,ACTIVE=FALSE"
   "SWT-1-155817::PATHID=1,SWSTATUS=OK,DOCCARE=FALSE,PORTTRAIL=\"2-8,2-7,4-22,4-16,12-1,12-4\",ROUTING=DROP,OBMCONFIGURABLE=FALSE,CKTID=\"DRAC-E3429191-1237839015824\",EDGEPORT=\"12-4\",DERIVED=TRUE,ACTIVE=FALSE"
   "SWT-1-155858::PATHID=2,SWSTATUS=OK,DOCCARE=FALSE,PORTTRAIL=\"12-5,12-2,4-15,4-23,2-6,2-5\",ROUTING=UNKNOWN,OBMCONFIGUR
ABLE=FALSE
,CKT
ID=\"\",EDGEPORT=\"0-0\",DERIVED=TRUE,ACTIVE=FALSE"
   "SWT-1-155858::PATHID=1,SWSTATUS=OK,DOCCARE=FALSE,PORTTRAIL=\"2-8,2-7,4-22,4-16,12-1,12-6\",ROUTING=UNKNOWN,OBMCONFIGURABLE=FALSE,CKTID=\"\",EDGEPORT=\"0-0\",DERIVED=TRUE,ACTIVE=FALSE"
   "SWT-1-155898::PATHID=2,SWSTATUS=OK,DOCCARE=FALSE,PORTTRAIL=\"12-7,12-2,4-15,4-23,2-6,2-5\",ROUTING=UNKNOWN,OBMCONFIGURABLE=FALSE,CKTID=\"\",EDGEPORT=\"0-0\",DERIVED=TRUE,ACTIVE=FALSE"
>


   ASD001A-CPL01 09-04-17 17:26:03
M  14 COMPLD
   "SWT-1-155898::PATHID=1,SWSTATUS=OK,DOCCARE=FALSE,PORTTRAIL=\"2-8,2-7,4-22,4-16,12-1,12-8\",ROUTING=UNKNOWN,OBMCONFIGURABLE=FALSE,CKTID=\"\",EDGEPORT=\"0-0\",DERIVED=TRUE,ACTIVE=FALSE"
   "SWT-1-155939::PATHID=2,SWSTATUS=OK,DOCCARE=FALSE,PORTTRAIL=\"12-9,12-2,4-15,4-23,2-6,2-5\",ROUTING=UNKNOWN,OBMCONFIGURABLE=FALSE,CKTID=\"\",EDGEPORT=\"0-0\",DERIVED=TRUE,ACTIVE=FALSE"
   "SWT-1-155939::PATHID=1,SWSTATUS=OK,DOCCARE=FALSE,PORTTRAIL=\"2-8,
2-7,4-22,4
-16,12-1,12-10\",ROUTING=UNKNOWN,OBMCONFIGURABLE=FALSE,CKTID=\"\",EDGEPORT=\"0-0\",DERIVED=TRUE,ACTIVE=FALSE"
   "SWT-1-155979::PATHID=2,SWSTATUS=OK,DOCCARE=FALSE,PORTTRAIL=\"12-11,12-2,4-15,4-23,2-6,2-5\",ROUTING=ADD,OBMCONFIGURABLE=FALSE,CKTID=\"DRAC-E3429191-1238145793161\",EDGEPORT=\"12-11\",DERIVED=TRUE,ACTIVE=FALSE"
   "SWT-1-155979::PATHID=1,SWSTATUS=OK,DOCCARE=FALSE,PORTTRAIL=\"2-8,2-7,4-22,4-16,12-1,12-12\",ROUTING=DROP,OBMCONFIGURABLE=FALSE,CKTID=\"\",EDGEPORT=\"12-12\",DERIVED=TRUE,
ACTIVE=FAL
SE"

   "SWT-1-156020::PATHID=2,SWSTATUS=OK,DOCCARE=FALSE,PORTTRAIL=\"12-13,12-2,4-15,4-23,2-6,2-5\",ROUTING=UNKNOWN,OBMCONFIGURABLE=FALSE,CKTID=\"\",EDGEPORT=\"0-0\",DERIVED=TRUE,ACTIVE=FALSE"
   "SWT-1-156020::PATHID=1,SWSTATUS=OK,DOCCARE=FALSE,PORTTRAIL=\"2-8,2-7,4-22,4-16,12-1,12-14\",ROUTING=UNKNOWN,OBMCONFIGURABLE=FALSE,CKTID=\"\",EDGEPORT=\"0-0\",DERIVED=TRUE,ACTIVE=FALSE"
   "SWT-1-156061::PATHID=2,SWSTATUS=OK,DOCCARE=TRUE,PORTTRAIL=\"12-15,12-2,4-15,4-23,2-6,2-5\",ROUTING=ADD,OBMCONFIGURA
BLE=FALSE,
CKTID=\"DRAC-E3429191-1233776182912\",EDGEPORT=\"12-15\",DERIVED=TRUE,ACTIVE=TRUE"
   "SWT-1-156061::PATHID=1,SWSTATUS=OK,DOCCARE=TRUE,PORTTRAIL=\"2-8,2-7,4-22,4-16,12-1,12-16\",ROUTING=DROP,OBMCONFIGURABLE=FALSE,CKTID=\"DRAC-E3429191-1233776182912\",EDGEPORT=\"12-16\",DERIVED=TRUE,ACTIVE=FALSE"
   "SWT-1-156101::PATHID=2,SWSTATUS=OK,DOCCARE=TRUE,PORTTRAIL=\"12-17,12-2,4-15,4-23,2-6,2-5\",ROUTING=ADD,OBMCONFIGURABLE=FALSE,CKTID=\"\",EDGEPORT=\"12-17\",DERIVED=TRUE,ACTIVE=TRUE"
   "SWT-1-156101::PATHID=
1,SW
STATUS=OK,DOCCARE=TRUE,PORTTRAIL=\"2-8,2-7,4-22,4-16,12-1,12-18\",ROUTING=DROP,OBMCONFIGURABLE=FALSE,CKTID=\"\",EDGEPORT=\"12-18\",DERIVED=TRUE,ACTIVE=FALSE"
   "SWT-1-156223::PATHID=2,SWSTATUS=OK,DOCCARE=FALSE,PORTTRAIL=\"4-17,4-23,2-6,2-5\",ROUTING=UNKNOWN,OBMCONFIGURABLE=FALSE,CKTID=\"\",EDGEPORT=\"0-0\",DERIVED=TRUE,ACTIVE=FALSE"
   "SWT-1-156223::PATHID=1,SWSTATUS=OK,DOCCARE=FALSE,PORTTRAIL=\"2-8,2-7,4-22,4-18\",ROUTING=UNKNOWN,OBMCONFIGURABLE=FALSE,CKTID=\"\",EDGEPORT=\"0-0\",DERIVED=TRU
E,ACTIVE=F
ALSE"
>


   ASD001A-CPL01 09-04-17 17:26:03
M  14 COMPLD
   "SWT-1-156264::PATHID=2,SWSTATUS=OK,DOCCARE=FALSE,PORTTRAIL=\"4-17,4-23,2-6,2-5\",ROUTING=UNKNOWN,OBMCONFIGURABLE=FALSE,CKTID=\"\",EDGEPORT=\"0-0\",DERIVED=TRUE,ACTIVE=FALSE"
   "SWT-1-156264::PATHID=1,SWSTATUS=OK,DOCCARE=FALSE,PORTTRAIL=\"2-8,2-7,4-22,4-18\",ROUTING=UNKNOWN,OBMCONFIGURABLE=FALSE,CKTID=\"\",EDGEPORT=\"0-0\",DERIVED=TRUE,ACTIVE=FALSE"
   "SWT-1-156305::PATHID=2,SWSTATUS=OK,DOCCARE=FALSE,PORTTRAIL=\"4-17,4-23,2-6,2-5\",ROUTING=UNKNOW
N,OBMCONFIGURABLE=FALSE,CKTID=\"\",EDGEPORT=\"0-0\",DERIVED=TRUE,ACTIVE=FALSE"
   "SWT-1-156305::PATHID=1,SWSTATUS=OK,DOCCARE=FALSE,PORTTRAIL=\"2-8,2-7,4-22,4-18\",ROUTING=UNKNOWN,OBMCONFIGURABLE=FALSE,CKTID=\"\",EDGEPORT=\"0-0\",DERIVED=TRUE,ACTIVE=FALSE"
   "SWT-1-156345::PATHID=2,SWSTATUS=OK,DOCCARE=FALSE,PORTTRAIL=\"4-17,4-23,2-6,2-5\",ROUTING=UNKNOWN,OBMCONFIGURABLE=FALSE,CKTID=\"\",EDGEPORT=\"0-0\",DERIVED=TRUE,ACTIVE=FALSE"
   "SWT-1-156345::PATHID=1,SWSTATUS=OK,DOCCARE=FALSE,PORTTRAIL=\"2-8,2-7
,4-2
2,4-18\",ROUTING=UNKNOWN,OBMCONFIGURABLE=FALSE,CKTID=\"\",EDGEPORT=\"0-0\",DERIVED=TRUE,ACTIVE=FALSE"
   "SWT-1-156386::PATHID=2,SWSTATUS=OK,DOCCARE=FALSE,PORTTRAIL=\"4-17,4-23,2-6,2-5\",ROUTING=UNKNOWN,OBMCONFIGURABLE=FALSE,CKTID=\"\",EDGEPORT=\"0-0\",DERIVED=TRUE,ACTIVE=FALSE"
   "SWT-1-156386::PATHID=1,SWSTATUS=OK,DOCCARE=FALSE,PORTTRAIL=\"2-8,2-7,4-22,4-18\",ROUTING=UNKNOWN,OBMCONFIGURABLE=FALSE,CKTID=\"\",EDGEPORT=\"0-0\",DERIVED=TRUE,ACTIVE=FALSE"
   "SWT-1-156427::PATHID=2,SWSTATUS=OK,
DOCCARE=FA
LSE,PORTTRAIL=\"4-17,4-23,2-6,2-5\",ROUTING=UNKNOWN,OBMCONFIGURABLE=FALSE,CKTID=\"\",EDGEPORT=\"0-0\",DERIVED=TRUE,ACTIVE=FALSE"
   "SWT-1-156427::PATHID=1,SWSTATUS=OK,DOCCARE=FALSE,PORTTRAIL=\"2-8,2-7,4-22,4-18\",ROUTING=UNKNOWN,OBMCONFIGURABLE=FALSE,CKTID=\"\",EDGEPORT=\"0-0\",DERIVED=TRUE,ACTIVE=FALSE"
   "SWT-1-156468::PATHID=2,SWSTATUS=OK,DOCCARE=FALSE,PORTTRAIL=\"4-17,4-23,2-6,2-5\",ROUTING=UNKNOWN,OBMCONFIGURABLE=FALSE,CKTID=\"\",EDGEPORT=\"0-0\",DERIVED=TRUE,ACTIVE=FALSE"
   "SWT-1-15
6468::PATH
ID=1
,SWSTATUS=OK,DOCCARE=FALSE,PORTTRAIL=\"2-8,2-7,4-22,4-18\",ROUTING=UNKNOWN,OBMCONFIGURABLE=FALSE,CKTID=\"\",EDGEPORT=\"0-0\",DERIVED=TRUE,ACTIVE=FALSE"
   "SWT-1-156509::PATHID=2,SWSTATUS=OK,DOCCARE=FALSE,PORTTRAIL=\"4-17,4-23,2-6,2-5\",ROUTING=UNKNOWN,OBMCONFIGURABLE=FALSE,CKTID=\"\",EDGEPORT=\"0-0\",DERIVED=TRUE,ACTIVE=FALSE"
>


   ASD001A-CPL01 09-04-17 17:26:03
M  14 COMPLD
   "SWT-1-156509::PATHID=1,SWSTATUS=OK,DOCCARE=FALSE,PORTTRAIL=\"2-8,2-7,4-22,4-18\",ROUTING=UNKNOWN,OBMCONFIGURABLE=FALSE,CKTID=\"\",EDGEPORT=\"0-0\",DERIVED=TRUE,ACTIVE=FALSE"
;
<<RTRV-HDR keep alive sent>>

IP 15
<


   ASD001A-CPL01 09-04-17 17:26:22
M  15 COMPLD
;
<<RTRV-HDR keep alive sent>>

IP 16
<


   ASD001A-CPL01 09-04-17 17:26:42
M  16 COMPLD
;
<<RTRV-HDR keep alive sent>>

IP 17
<


   ASD001A-CPL01 09-04-17 17:27:02
M  17 COMPLD
;
<<RTRV-HDR keep alive sent>>

IP 18
<


   ASD001A-CPL01 09-04-17 17:27:23
M  18 COMPLD
;
<<RTRV-HDR keep alive sent>>

IP 19
<


   ASD001A-CPL01 09-04-17 17:27:43
M  19 COMPLD
;
<<RTRV-HDR keep alive sent>>

IP 20
<


   ASD001A-CPL01 09-04-17 17:28:03
M  20 COMPLD
;
<<RTRV-HDR keep alive sent>>

IP 21
<


   ASD001A-CPL01 09-04-17 17:28:23
M  21 COMPLD
;
<<RTRV-HDR keep alive sent>>

IP 22
<


   ASD001A-CPL01 09-04-17 17:28:43
M  22 COMPLD
;
<<RTRV-HDR keep alive sent>>

IP 23
<


   ASD001A-CPL01 09-04-17 17:29:03
M  23 COMPLD
;
<<RTRV-HDR keep alive sent>>

IP 24
<


   ASD001A-CPL01 09-04-17 17:29:23
M  24 COMPLD
;
<<RTRV-HDR keep alive sent>>

IP 25
<


   ASD001A-CPL01 09-04-17 17:29:43
M  25 COMPLD
;
<<RTRV-HDR keep alive sent>>

IP 26
<


   ASD001A-CPL01 09-04-17 17:30:04
M  26 COMPLD
;
<<RTRV-HDR keep alive sent>>

IP 27
<


   ASD001A-CPL01 09-04-17 17:30:24
M  27 COMPLD
;
<<RTRV-HDR keep alive sent>>

IP 28
<


   ASD001A-CPL01 09-04-17 17:30:44
M  28 COMPLD
;
<<RTRV-HDR keep alive sent>>

IP 29
<


   ASD001A-CPL01 09-04-17 17:31:04
M  29 COMPLD
;
<<RTRV-HDR keep alive sent>>

IP 30
<


   ASD001A-CPL01 09-04-17 17:31:24
M  30 COMPLD
;
<<RTRV-HDR keep alive sent>>

IP 31
<


   ASD001A-CPL01 09-04-17 17:31:44
M  31 COMPLD
;
<<RTRV-HDR keep alive sent>>

IP 32
<


   ASD001A-CPL01 09-04-17 17:32:04
M  32 COMPLD
;
<<RTRV-HDR keep alive sent>>

IP 33
<


   ASD001A-CPL01 09-04-17 17:32:24
M  33 COMPLD
;
