***** (re)Starting logger at Fri Apr 17 19:24:02 CEST 2009*****



**** TL1 session opened at Fri Apr 17 19:24:02 CEST 2009 ****


<<RTRV-HDR keep alive sent>>

????

NOTICE: This is a private computer system.
Unauthorized access or use may lead to prosecution.

------------ (c) 2000 - 2006 Nortel Networks. All Rights Reserved ----------
|  NOTICE: This is a private computer system.                              |
|  Unauthorized access or use may lead to prosecution.                     |
|                                                                          |
|  NORTEL Common Photonic Layer CHA                                        |
---------
-------------------------------------------------------------------

/*
 * Starting Interactive TL1 Command Mode.
 * Type ? for help while constructing TL1 commands.
 * Type .? for specific parameter/keyword help.
 */



< IP 2
<


   ASD002A-CPL02 09-04-17 17:25:50
M  2 DENY
   PLNA
   /*Privilege, Login Not Active*/
;
<<ACT-USER sent, password hidden>>

IP 3
<


   ASD002A-CPL02 09-04-17 17:25:50
M  3 COMPLD
;
RTRV-NETYPE:ASD002A-CPL02::4;

IP 4
<


   ASD002A-CPL02 09-04-17 17:25:50
M  4 COMPLD
   "NORTEL,\"Common Photonic Layer CHA\",CHA,\"REL0310P.FP\""
;
RTRV-SW-VER:ASD002A-CPL02::5;

IP 5
<


   ASD002A-CPL02 09-04-17 17:25:54
M  5 COMPLD
   "SHELF-2:REL0310P.FP"
;
<<RTRV-HDR keep alive sent>>

IP 6
<


   ASD002A-CPL02 09-04-17 17:26:10
M  6 COMPLD
;
<<RTRV-HDR keep alive sent>>

IP 7
<


   ASD002A-CPL02 09-04-17 17:26:30
M  7 COMPLD
;
RTRV-RTG-INFO:ASD002A-CPL02::8:::NAME="ASD002A-CPL02";

IP 8
<


   ASD002A-CPL02 09-04-17 17:26:36
M  8 COMPLD
   "SHELF-2:,ASD002A-CPL02,000FCD321508,00011700,NO"
;
RTRV-SHELF:ASD002A-CPL02:ALL:9;

IP 9
<


   ASD002A-CPL02 09-04-17 17:26:36
M  9 COMPLD
   "SHELF-2::OSID=\"17\",SITEID=2,SITENAME=\"ASD002A\",OSC1TXPATHID=1,DOCSITEIND=YES,FIXCFGTYPE=NOFIXC,OSCMODE=SDH,OSC1TXPATHDOC=\"\",OTHERPATHDOC=\"\",ASSOCSHELVES=\"\",DISC_ASSOCSHELVES=\"\",OSC1AMPSLOT=2,OSC2AMPSLOT=0,PRIMARY=DISABLE,TIDC=DISABLE"
;
ALW-MSG-BROADCAST:ASD002A-CPL02:ALL:10;

IP 10
<


   ASD002A-CPL02 09-04-17 17:26:36
M  10 COMPLD
;
RTRV-INVENTORY:ASD002A-CPL02::11;

IP 11
<


   ASD002A-CPL02 09-04-17 17:26:39
M  11 COMPLD
   "EMPTY-2-1::"
   "LIM-2-2::CTYPE=\"CPL EDFA Module 2 (MLA)\",PEC=NTT830BA,REL= 09 ,CLEI=WMANUX7GAA,SER=NNTM72X81954,MDAT=2005-47,AGE=02-306-06-41,ONSC=00-011-05-13"
   "EMPTY-2-3::"
   "GMD-2-4::CTYPE=\"Group Mux/Demux Type 2 w/OSC\",PEC=NTT801BA,REL= 04 ,CLEI=WMOMAMFGAB,SER=NNTMGF001053,MDAT=2004-48,AGE=02-183-03-33,ONSC=02-183-08-59"
   "EMPTY-2-5::"
   "EMPTY-2-6::"
   "EMPTY-2-7::"
   "EMPTY-2-8::"
   "EMPTY-2-9::"
   "EMPTY-2-
10::"
   
"EMPTY-2-11::"
   "CMD8-2-12::CTYPE=\"SCMD8 Gr8 Filtered\",PEC=NTT861AH,REL= 04 ,CLEI=WMOMAESGAA,SER=NNTMH9001534,MDAT=2006-13,AGE=02-301-06-05,ONSC=00-284-05-36"
   "EMPTY-2-13::"
>


   ASD002A-CPL02 09-04-17 17:26:39
M  11 COMPLD
   "EMPTY-2-14::"
   "EMPTY-2-15::"
;
RTRV-ADJ:ASD002A-CPL02:ALL:12;

IP 12
<


   ASD002A-CPL02 09-04-17 17:26:40
M  12 COMPLD
   "ADJ-2-2-5::ADJTYPE=LINE,PROVFEADDR=\"ASD002A-CPL2P-9-2-8\",PADDRFORM=TID-SH-SL-PRT,DISCFEADDR=\"ASD002A-CPL2P-9-2-8\",DADDRFORM=TID-SH-SL-PRT,ADJSTAT=RELIABLE,CLFI=\"\":IS"
   "ADJ-2-2-7::ADJTYPE=GMD,PROVFEADDR=\"ASD002A-CPL02-2-4-22\",PADDRFORM=TID-SH-SL-PRT,DISCFEADDR=\"\",DADDRFORM=NULL,ADJSTAT=DERIVED,CLFI=\"\":IS"
   "ADJ-2-2-2::ADJTYPE=OPM,PROVFEADDR=\"\",PADDRFORM=NULL,DISCFEADDR=\"\",DADDRFORM=NULL,ADJSTAT=UNVERIFIED,CLFI=\"\":IS
"
   "ADJ
-2-2-1::ADJTYPE=OPM,PROVFEADDR=\"\",PADDRFORM=NULL,DISCFEADDR=\"\",DADDRFORM=NULL,ADJSTAT=UNVERIFIED,CLFI=\"\":IS"
   "ADJ-2-4-2::ADJTYPE=UNKNOWN,PROVFEADDR=\"\",PADDRFORM=NULL,DISCFEADDR=\"\",DADDRFORM=NULL,ADJSTAT=UNVERIFIED,CLFI=\"\":OOS-MA"
   "ADJ-2-4-4::ADJTYPE=UNKNOWN,PROVFEADDR=\"\",PADDRFORM=NULL,DISCFEADDR=\"\",DADDRFORM=NULL,ADJSTAT=UNVERIFIED,CLFI=\"\":OOS-MA"
   "ADJ-2-4-6::ADJTYPE=UNKNOWN,PROVFEADDR=\"\",PADDRFORM=NULL,DISCFEADDR=\"\",DADDRFORM=NULL,ADJSTAT=UNVERIFIED,CLFI=\"\":
OOS-MA"
 
  "A
DJ-2-4-8::ADJTYPE=UNKNOWN,PROVFEADDR=\"\",PADDRFORM=NULL,DISCFEADDR=\"\",DADDRFORM=NULL,ADJSTAT=UNVERIFIED,CLFI=\"\":OOS-MA"
   "ADJ-2-4-10::ADJTYPE=UNKNOWN,PROVFEADDR=\"\",PADDRFORM=NULL,DISCFEADDR=\"\",DADDRFORM=NULL,ADJSTAT=UNVERIFIED,CLFI=\"\":OOS-MA"
   "ADJ-2-4-12::ADJTYPE=UNKNOWN,PROVFEADDR=\"\",PADDRFORM=NULL,DISCFEADDR=\"\",DADDRFORM=NULL,ADJSTAT=UNVERIFIED,CLFI=\"\":OOS-MA"
   "ADJ-2-4-14::ADJTYPE=UNKNOWN,PROVFEADDR=\"\",PADDRFORM=NULL,DISCFEADDR=\"\",DADDRFORM=NULL,ADJSTAT=UNVERIFI
ED,CLFI=\"
\":OOS-MA"
   "ADJ-2-4-16::ADJTYPE=CMD,PROVFEADDR=\"ASD002A-CPL02-2-12-1\",PADDRFORM=TID-SH-SL-PRT,DISCFEADDR=\"\",DADDRFORM=NULL,ADJSTAT=DERIVED,CLFI=\"\":IS"
>


   ASD002A-CPL02 09-04-17 17:26:40
M  12 COMPLD
   "ADJ-2-4-18::ADJTYPE=UNKNOWN,PROVFEADDR=\"\",PADDRFORM=NULL,DISCFEADDR=\"\",DADDRFORM=NULL,ADJSTAT=UNVERIFIED,CLFI=\"\":OOS-MA"
   "ADJ-2-4-23::ADJTYPE=LIM,PROVFEADDR=\"ASD002A-CPL02-2-2-6\",PADDRFORM=TID-SH-SL-PRT,DISCFEADDR=\"\",DADDRFORM=NULL,ADJSTAT=DERIVED,CLFI=\"\":IS"
   "ADJ-2-12-3::ADJTYPE=TX,PROVFEADDR=\"ASD002A-CPL01-1-12-4\",PADDRFORM=TID-SH-SL-PRT,DISCFEADDR=\"\",DADDRFORM=NULL,ADJSTAT=UNVERIFIED,CLFI=\"\":IS"
   "ADJ-2-12-4::ADJTYPE=
RX,PROVFEADDR=\"ASD002A-OME03-1-4-1\",PADDRFORM=TID-SH-SL-PRT,DISCFEADDR=\"\",DADDRFORM=NULL,ADJSTAT=UNVERIFIED,CLFI=\"\":IS"
   "ADJ-2-12-5::ADJTYPE=TX,PROVFEADDR=\"ASD002A-CPL01-1-12-6\",PADDRFORM=TID-SH-SL-PRT,DISCFEADDR=\"\",DADDRFORM=NULL,ADJSTAT=UNVERIFIED,CLFI=\"\":IS"
   "ADJ-2-12-6::ADJTYPE=RX,PROVFEADDR=\"ASD002A-CPL01-1-12-5\",PADDRFORM=TID-SH-SL-PRT,DISCFEADDR=\"\",DADDRFORM=NULL,ADJSTAT=UNVERIFIED,CLFI=\"\":IS"
   "ADJ-2-12-7::ADJTYPE=TX,PROVFEADDR=\"\",PADDRFORM=TID-SH-SL-PRT,DI
SCFEADDR=\
"\",
DADDRFORM=NULL,ADJSTAT=UNVERIFIED,CLFI=\"\":OOS-MA"
   "ADJ-2-12-8::ADJTYPE=RX,PROVFEADDR=\"\",PADDRFORM=TID-SH-SL-PRT,DISCFEADDR=\"\",DADDRFORM=NULL,ADJSTAT=UNVERIFIED,CLFI=\"\":OOS-MA"
   "ADJ-2-12-9::ADJTYPE=TX,PROVFEADDR=\"ASD002A-CPL01-1-12-10\",PADDRFORM=TID-SH-SL-PRT,DISCFEADDR=\"\",DADDRFORM=NULL,ADJSTAT=UNVERIFIED,CLFI=\"\":IS"
   "ADJ-2-12-10::ADJTYPE=RX,PROVFEADDR=\"ASD002A-CPL01-1-12-9\",PADDRFORM=TID-SH-SL-PRT,DISCFEADDR=\"\",DADDRFORM=NULL,ADJSTAT=UNVERIFIED,CLFI=\"\":IS"
   "A
DJ-2-12-11
::ADJTYPE=TX,PROVFEADDR=\"ASD002A-CPL01-1-12-12\",PADDRFORM=TID-SH-SL-PRT,DISCFEADDR=\"\",DADDRFORM=NULL,ADJSTAT=UNVERIFIED,CLFI=\"\":IS"
   "ADJ-2-12-12::ADJTYPE=RX,PROVFEADDR=\"ASD002A-OME03-1-3-1\",PADDRFORM=TID-SH-SL-PRT,DISCFEADDR=\"\",DADDRFORM=NULL,ADJSTAT=UNVERIFIED,CLFI=\"\":IS"
>


   ASD002A-CPL02 09-04-17 17:26:40
M  12 COMPLD
   "ADJ-2-12-13::ADJTYPE=TX,PROVFEADDR=\"ASD002A-CPL01-1-12-14\",PADDRFORM=TID-SH-SL-PRT,DISCFEADDR=\"\",DADDRFORM=NULL,ADJSTAT=UNVERIFIED,CLFI=\"\":IS"
   "ADJ-2-12-14::ADJTYPE=RX,PROVFEADDR=\"ASD002A-CPL01-1-12-13\",PADDRFORM=TID-SH-SL-PRT,DISCFEADDR=\"\",DADDRFORM=NULL,ADJSTAT=UNVERIFIED,CLFI=\"\":IS"
   "ADJ-2-12-15::ADJTYPE=TX,PROVFEADDR=\"ASD002A-CPL01-1-12-16\",PADDRFORM=TID-SH-SL-PRT,DISCFEADDR=\"\",DADDRFORM=NULL,ADJSTAT=UNVERIFIED,
CLFI=\"\":
IS"
   "ADJ-2-12-16::ADJTYPE=RX,PROVFEADDR=\"ASD002A-CPL01-1-12-15\",PADDRFORM=TID-SH-SL-PRT,DISCFEADDR=\"\",DADDRFORM=NULL,ADJSTAT=UNVERIFIED,CLFI=\"\":IS"
   "ADJ-2-12-17::ADJTYPE=TX,PROVFEADDR=\"\",PADDRFORM=NULL,DISCFEADDR=\"\",DADDRFORM=NULL,ADJSTAT=UNVERIFIED,CLFI=\"\":OOS-MA"
   "ADJ-2-12-18::ADJTYPE=RX,PROVFEADDR=\"\",PADDRFORM=NULL,DISCFEADDR=\"\",DADDRFORM=NULL,ADJSTAT=UNVERIFIED,CLFI=\"\":OOS-MA"
   "ADJ-2-12-2::ADJTYPE=GMD,PROVFEADDR=\"ASD002A-CPL02-2-4-15\",PADDRFORM=TID-SH-SL-P
RT,DISCFEA
DDR=
\"\",DADDRFORM=NULL,ADJSTAT=DERIVED,CLFI=\"\":IS"
   "ADJ-2-12-20::ADJTYPE=UNKNOWN,PROVFEADDR=\"\",PADDRFORM=NULL,DISCFEADDR=\"\",DADDRFORM=NULL,ADJSTAT=UNVERIFIED,CLFI=\"\":OOS-MA"
;
RTRV-ADJ-TX:ASD002A-CPL02:ALL:13;

IP 13
<


   ASD002A-CPL02 09-04-17 17:26:40
M  13 COMPLD
   "ADJ-2-12-3::ADJTXTYPE=OTHER,ADJTXBIAS=0.00,CKTID=\"DRAC-E4429191-1227171855327\",WAVELENGTH=1558.17,RATE=UNKNOWN,ADJTXFEC=0.00,ADJTXMINPOW=0.00,ADJTXMAXPOW=0.00,ADJTXCURPOW=0.00,PAIREDRX=YES,DOCCARE=FALSE,ACTIVE=FALSE"
   "ADJ-2-12-5::ADJTXTYPE=OTHER,ADJTXBIAS=0.00,CKTID=\"DRAC-E3429191-1238145030152\",WAVELENGTH=1558.58,RATE=UNKNOWN,ADJTXFEC=0.00,ADJTXMINPOW=0.00,ADJTXMAXPOW=0.00,ADJTXCURPOW=0.00,PAIREDRX=YES,DOCCARE=FALSE,ACTIVE=FALSE"
   "ADJ-2
-12-7::ADJTXTYPE=UNKNOWN,ADJTXBIAS=0.00,CKTID=\"\",WAVELENGTH=1558.98,RATE=UNKNOWN,ADJTXFEC=0.00,ADJTXMINPOW=0.00,ADJTXMAXPOW=0.00,ADJTXCURPOW=0.00,PAIREDRX=YES,DOCCARE=FALSE,ACTIVE=FALSE"
   "ADJ-2-12-9::ADJTXTYPE=OTHER,ADJTXBIAS=0.00,CKTID=\"\",WAVELENGTH=1559.39,RATE=UNKNOWN,ADJTXFEC=0.00,ADJTXMINPOW=0.00,ADJTXMAXPOW=0.00,ADJTXCURPOW=0.00,PAIREDRX=YES,DOCCARE=TRUE,ACTIVE=TRUE"
   "ADJ-2-12-11::ADJTXTYPE=OTHER,ADJTXBIAS=0.00,CKTID=\"DRAC-E3429191-1238145723382\",WAVELENGTH=1559.79,RATE=UNKNO
WN,ADJTXFE
C=0.
00,ADJTXMINPOW=0.00,ADJTXMAXPOW=0.00,ADJTXCURPOW=0.00,PAIREDRX=YES,DOCCARE=FALSE,ACTIVE=FALSE"
   "ADJ-2-12-13::ADJTXTYPE=OTHER,ADJTXBIAS=0.00,CKTID=\"\",WAVELENGTH=1560.20,RATE=UNKNOWN,ADJTXFEC=0.00,ADJTXMINPOW=0.00,ADJTXMAXPOW=0.00,ADJTXCURPOW=0.00,PAIREDRX=YES,DOCCARE=TRUE,ACTIVE=TRUE"
   "ADJ-2-12-15::ADJTXTYPE=OTHER,ADJTXBIAS=0.00,CKTID=\"\",WAVELENGTH=1560.61,RATE=UNKNOWN,ADJTXFEC=0.00,ADJTXMINPOW=0.00,ADJTXMAXPOW=0.00,ADJTXCURPOW=0.00,PAIREDRX=YES,DOCCARE=FALSE,ACTIVE=FALSE"
   "ADJ-2-
12-17::ADJ
TXTYPE=UNKNOWN,ADJTXBIAS=0.00,CKTID=\"\",WAVELENGTH=1561.01,RATE=UNKNOWN,ADJTXFEC=0.00,ADJTXMINPOW=0.00,ADJTXMAXPOW=0.00,ADJTXCURPOW=0.00,PAIREDRX=YES,DOCCARE=FALSE,ACTIVE=FALSE"
;
RTRV-ADJ-LINE:ASD002A-CPL02:ALL:14;

IP 14
<


   ASD002A-CPL02 09-04-17 17:26:40
M  14 COMPLD
   "ADJ-2-2-5::FIBERTYPE=NDSF"
;
RTRV-TOPO-SWT:ASD002A-CPL02:ALL:15;

IP 15
<


   ASD002A-CPL02 09-04-17 17:26:40
M  15 COMPLD
   "SWT-2-153033::PATHID=1,SWSTATUS=OK,DOCCARE=FALSE,PORTTRAIL=\"4-1,4-23,2-6,2-5\",ROUTING=UNKNOWN,OBMCONFIGURABLE=FALSE,CKTID=\"\",EDGEPORT=\"0-0\",DERIVED=TRUE,ACTIVE=FALSE"
   "SWT-2-153033::PATHID=2,SWSTATUS=OK,DOCCARE=FALSE,PORTTRAIL=\"2-8,2-7,4-22,4-2\",ROUTING=UNKNOWN,OBMCONFIGURABLE=FALSE,CKTID=\"\",EDGEPORT=\"0-0\",DERIVED=TRUE,ACTIVE=FALSE"
   "SWT-2-153072::PATHID=1,SWSTATUS=OK,DOCCARE=FALSE,PORTTRAIL=\"4-1,4-23,2-6,2-5\",ROUTING
=UNKNOWN,O
BMCONFIGURABLE=FALSE,CKTID=\"\",EDGEPORT=\"0-0\",DERIVED=TRUE,ACTIVE=FALSE"
   "SWT-2-153072::PATHID=2,SWSTATUS=OK,DOCCARE=FALSE,PORTTRAIL=\"2-8,2-7,4-22,4-2\",ROUTING=UNKNOWN,OBMCONFIGURABLE=FALSE,CKTID=\"\",EDGEPORT=\"0-0\",DERIVED=TRUE,ACTIVE=FALSE"
   "SWT-2-153112::PATHID=1,SWSTATUS=OK,DOCCARE=FALSE,PORTTRAIL=\"4-1,4-23,2-6,2-5\",ROUTING=UNKNOWN,OBMCONFIGURABLE=FALSE,CKTID=\"\",EDGEPORT=\"0-0\",DERIVED=TRUE,ACTIVE=FALSE"
   "SWT-2-153112::PATHID=2,SWSTATUS=OK,DOCCARE=FALSE,PORTTRAIL=\"2-
8,2-7,4-22
,4-2
\",ROUTING=UNKNOWN,OBMCONFIGURABLE=FALSE,CKTID=\"\",EDGEPORT=\"0-0\",DERIVED=TRUE,ACTIVE=FALSE"
   "SWT-2-153151::PATHID=1,SWSTATUS=OK,DOCCARE=FALSE,PORTTRAIL=\"4-1,4-23,2-6,2-5\",ROUTING=UNKNOWN,OBMCONFIGURABLE=FALSE,CKTID=\"\",EDGEPORT=\"0-0\",DERIVED=TRUE,ACTIVE=FALSE"
   "SWT-2-153151::PATHID=2,SWSTATUS=OK,DOCCARE=FALSE,PORTTRAIL=\"2-8,2-7,4-22,4-2\",ROUTING=UNKNOWN,OBMCONFIGURABLE=FALSE,CKTID=\"\",EDGEPORT=\"0-0\",DERIVED=TRUE,ACTIVE=FALSE"
   "SWT-2-153190::PATHID=1,SWSTATUS=OK,DOCCARE=FALSE,PORT
TRAIL=\"4-1,4-23,2-6,2-5\",ROUTING=UNKNOWN,OBMCONFIGURABLE=FALSE,CKTID=\"\",EDGEPORT=\"0-0\",DERIVED=TRUE,ACTIVE=FALSE"
   "SWT-2-153190::PATHID=2,SWSTATUS=OK,DOCCARE=FALSE,PORTTRAIL=\"2-8,2-7,4-22,4-2\",ROUTING=UNKNOWN,OBMCONFIGURABLE=FALSE,CKTID=\"\",EDGEPORT=\"0-0\",DERIVED=TRUE,ACTIVE=FALSE"
   "SWT-2-153229::PATHID=1,SWSTATUS=OK,DOCCARE=FALSE,PORTTRAIL=\"4-1,4-23,2-6,2-5\",ROUTING=UNKNOWN,OBMCONFIGURABLE=FALSE,CKTID=\"\",EDGEPORT=\"0-0\",DERIVED=TRUE,ACTIVE=FALSE"
   "SWT-2-153229::PATHID=2,SWSTAT
US=O
K,DOCCARE=FALSE,PORTTRAIL=\"2-8,2-7,4-22,4-2\",ROUTING=UNKNOWN,OBMCONFIGURABLE=FALSE,CKTID=\"\",EDGEPORT=\"0-0\",DERIVED=TRUE,ACTIVE=FALSE"
   "SWT-2-153268::PATHID=1,SWSTATUS=OK,DOCCARE=FALSE,PORTTRAIL=\"4-1,4-23,2-6,2-5\",ROUTING=UNKNOWN,OBMCONFIGURABLE=FALSE,CKTID=\"\",EDGEPORT=\"0-0\",DERIVED=TRUE,ACTIVE=FALSE"
>


   ASD002A-CPL02 09-04-17 17:26:40
M  15 COMPLD
   "SWT-2-153268::PATHID=2,SWSTATUS=OK,DOCCARE=FALSE,PORTTRAIL=\"2-8,2-7,4-22,4-2\",ROUTING=UNKNOWN,OBMCONFIGURABLE=FALSE,CKTID=\"\",EDGEPORT=\"0-0\",DERIVED=TRUE,ACTIVE=FALSE"
   "SWT-2-153307::PATHID=1,SWSTATUS=OK,DOCCARE=FALSE,PORTTRAIL=\"4-1,4-23,2-6,2-5\",ROUTING=UNKNOWN,OBMCONFIGURABLE=FALSE,CKTID=\"\",EDGEPORT=\"0-0\",DERIVED=TRUE,ACTIVE=FALSE"
   "SWT-2-153307::PATHID=2,SWSTATUS=OK,DOCCARE=FALSE,PORTTRAIL=\"2-8,2-7,4-22,4-2\",ROUTING
=UNKNOWN,O
BMCONFIGURABLE=FALSE,CKTID=\"\",EDGEPORT=\"0-0\",DERIVED=TRUE,ACTIVE=FALSE"
   "SWT-2-153425::PATHID=1,SWSTATUS=OK,DOCCARE=FALSE,PORTTRAIL=\"4-3,4-23,2-6,2-5\",ROUTING=UNKNOWN,OBMCONFIGURABLE=FALSE,CKTID=\"\",EDGEPORT=\"0-0\",DERIVED=TRUE,ACTIVE=FALSE"
   "SWT-2-153425::PATHID=2,SWSTATUS=OK,DOCCARE=FALSE,PORTTRAIL=\"2-8,2-7,4-22,4-4\",ROUTING=UNKNOWN,OBMCONFIGURABLE=FALSE,CKTID=\"\",EDGEPORT=\"0-0\",DERIVED=TRUE,ACTIVE=FALSE"
   "SWT-2-153464::PATHID=1,SWSTATUS=OK,DOCCARE=FALSE,PORTTRAIL=\"4-
3,4-23,2-6
,2-5
\",ROUTING=UNKNOWN,OBMCONFIGURABLE=FALSE,CKTID=\"\",EDGEPORT=\"0-0\",DERIVED=TRUE,ACTIVE=FALSE"
   "SWT-2-153464::PATHID=2,SWSTATUS=OK,DOCCARE=FALSE,PORTTRAIL=\"2-8,2-7,4-22,4-4\",ROUTING=UNKNOWN,OBMCONFIGURABLE=FALSE,CKTID=\"\",EDGEPORT=\"0-0\",DERIVED=TRUE,ACTIVE=FALSE"
   "SWT-2-153504::PATHID=1,SWSTATUS=OK,DOCCARE=FALSE,PORTTRAIL=\"4-3,4-23,2-6,2-5\",ROUTING=UNKNOWN,OBMCONFIGURABLE=FALSE,CKTID=\"\",EDGEPORT=\"0-0\",DERIVED=TRUE,ACTIVE=FALSE"
   "SWT-2-153504::PATHID=2,SWSTATUS=OK,DOCCARE=FALSE,PORT
TRAIL=\"2-8,2-7,4-22,4-4\",ROUTING=UNKNOWN,OBMCONFIGURABLE=FALSE,CKTID=\"\",EDGEPORT=\"0-0\",DERIVED=TRUE,ACTIVE=FALSE"
   "SWT-2-153543::PATHID=1,SWSTATUS=OK,DOCCARE=FALSE,PORTTRAIL=\"4-3,4-23,2-6,2-5\",ROUTING=UNKNOWN,OBMCONFIGURABLE=FALSE,CKTID=\"\",EDGEPORT=\"0-0\",DERIVED=TRUE,ACTIVE=FALSE"
   "SWT-2-153543::PATHID=2,SWSTATUS=OK,DOCCARE=FALSE,PORTTRAIL=\"2-8,2-7,4-22,4-4\",ROUTING=UNKNOWN,OBMCONFIGURABLE=FALSE,CKTID=\"\",EDGEPORT=\"0-0\",DERIVED=TRUE,ACTIVE=FALSE"
   "SWT-2-153582::PATHI
D=1,SWSTAT
US=O
K,DOCCARE=FALSE,PORTTRAIL=\"4-3,4-23,2-6,2-5\",ROUTING=UNKNOWN,OBMCONFIGURABLE=FALSE,CKTID=\"\",EDGEPORT=\"0-0\",DERIVED=TRUE,ACTIVE=FALSE"
   "SWT-2-153582::PATHID=2,SWSTATUS=OK,DOCCARE=FALSE,PORTTRAIL=\"2-8,2-7,4-22,4-4\",ROUTING=UNKNOWN,OBMCONFIGURABLE=FALSE,CKTID=\"\",EDGEPORT=\"0-0\",DERIVED=TRUE,ACTIVE=FALSE"
>


   ASD002A-CPL02 09-04-17 17:26:40
M  15 COMPLD
   "SWT-2-153622::PATHID=1,SWSTATUS=OK,DOCCARE=FALSE,PORTTRAIL=\"4-3,4-23,2-6,2-5\",ROUTING=UNKNOWN,OBMCONFIGURABLE=FALSE,CKTID=\"\",EDGEPORT=\"0-0\",DERIVED=TRUE,ACTIVE=FALSE"
   "SWT-2-153622::PATHID=2,SWSTATUS=OK,DOCCARE=FALSE,PORTTRAIL=\"2-8,2-7,4-22,4-4\",ROUTING=UNKNOWN,OBMCONFIGURABLE=FALSE,CKTID=\"\",EDGEPORT=\"0-0\",DERIVED=TRUE,ACTIVE=FALSE"
   "SWT-2-153661::PATHID=1,SWSTATUS=OK,DOCCARE=FALSE,PORTTRAIL=\"4-3,4-23,2-6,2-5\",ROUTING
=UNKNOWN,O
BMCONFIGURABLE=FALSE,CKTID=\"\",EDGEPORT=\"0-0\",DERIVED=TRUE,ACTIVE=FALSE"
   "SWT-2-153661::PATHID=2,SWSTATUS=OK,DOCCARE=FALSE,PORTTRAIL=\"2-8,2-7,4-22,4-4\",ROUTING=UNKNOWN,OBMCONFIGURABLE=FALSE,CKTID=\"\",EDGEPORT=\"0-0\",DERIVED=TRUE,ACTIVE=FALSE"
   "SWT-2-153700::PATHID=1,SWSTATUS=OK,DOCCARE=FALSE,PORTTRAIL=\"4-3,4-23,2-6,2-5\",ROUTING=UNKNOWN,OBMCONFIGURABLE=FALSE,CKTID=\"\",EDGEPORT=\"0-0\",DERIVED=TRUE,ACTIVE=FALSE"
   "SWT-2-153700::PATHID=2,SWSTATUS=OK,DOCCARE=FALSE,PORTTRAIL=\"2-
8,2-7,4-22
,4-4
\",ROUTING=UNKNOWN,OBMCONFIGURABLE=FALSE,CKTID=\"\",EDGEPORT=\"0-0\",DERIVED=TRUE,ACTIVE=FALSE"
   "SWT-2-153819::PATHID=1,SWSTATUS=OK,DOCCARE=FALSE,PORTTRAIL=\"4-5,4-23,2-6,2-5\",ROUTING=UNKNOWN,OBMCONFIGURABLE=FALSE,CKTID=\"\",EDGEPORT=\"0-0\",DERIVED=TRUE,ACTIVE=FALSE"
   "SWT-2-153819::PATHID=2,SWSTATUS=OK,DOCCARE=FALSE,PORTTRAIL=\"2-8,2-7,4-22,4-6\",ROUTING=UNKNOWN,OBMCONFIGURABLE=FALSE,CKTID=\"\",EDGEPORT=\"0-0\",DERIVED=TRUE,ACTIVE=FALSE"
   "SWT-2-153858::PATHID=1,SWSTATUS=OK,DOCCARE=FALSE,PORT
TRAIL=\"4-5,4-23,2-6,2-5\",ROUTING=UNKNOWN,OBMCONFIGURABLE=FALSE,CKTID=\"\",EDGEPORT=\"0-0\",DERIVED=TRUE,ACTIVE=FALSE"
   "SWT-2-153858::PATHID=2,SWSTATUS=OK,DOCCARE=FALSE,PORTTRAIL=\"2-8,2-7,4-22,4-6\",ROUTING=UNKNOWN,OBMCONFIGURABLE=FALSE,CKTID=\"\",EDGEPORT=\"0-0\",DERIVED=TRUE,ACTIVE=FALSE"
   "SWT-2-153898::PATHID=1,SWSTATUS=OK,DOCCARE=FALSE,PORTTRAIL=\"4-5,4-23,2-6,2-5\",ROUTING=UNKNOWN,OBMCONFIGURABLE=FALSE,CKTID=\"\",EDGEPORT=\"0-0\",DERIVED=TRUE,ACTIVE=FALSE"
   "SWT-2-153898::PATHID=2,SWSTAT
US=O
K,DOCCARE=FALSE,PORTTRAIL=\"2-8,2-7,4-22,4-6\",ROUTING=UNKNOWN,OBMCONFIGURABLE=FALSE,CKTID=\"\",EDGEPORT=\"0-0\",DERIVED=TRUE,ACTIVE=FALSE"
   "SWT-2-153937::PATHID=1,SWSTATUS=OK,DOCCARE=FALSE,PORTTRAIL=\"4-5,4-23,2-6,2-5\",ROUTING=UNKNOWN,OBMCONFIGURABLE=FALSE,CKTID=\"\",EDGEPORT=\"0-0\",DERIVED=TRUE,ACTIVE=FALSE"
>


   ASD002A-CPL02 09-04-17 17:26:40
M  15 COMPLD
   "SWT-2-153937::PATHID=2,SWSTATUS=OK,DOCCARE=FALSE,PORTTRAIL=\"2-8,2-7,4-22,4-6\",ROUTING=UNKNOWN,OBMCONFIGURABLE=FALSE,CKTID=\"\",EDGEPORT=\"0-0\",DERIVED=TRUE,ACTIVE=FALSE"
   "SWT-2-153977::PATHID=1,SWSTATUS=OK,DOCCARE=FALSE,PORTTRAIL=\"4-5,4-23,2-6,2-5\",ROUTING=UNKNOWN,OBMCONFIGURABLE=FALSE,CKTID=\"\",EDGEPORT=\"0-0\",DERIVED=TRUE,ACTIVE=FALSE"
   "SWT-2-153977::PATHID=2,SWSTATUS=OK,DOCCARE=FALSE,PORTTRAIL=\"2-8,2-7,4-22,4-6\",ROUTING
=UNKNOWN,O
BMCONFIGURABLE=FALSE,CKTID=\"\",EDGEPORT=\"0-0\",DERIVED=TRUE,ACTIVE=FALSE"
   "SWT-2-154016::PATHID=1,SWSTATUS=OK,DOCCARE=FALSE,PORTTRAIL=\"4-5,4-23,2-6,2-5\",ROUTING=UNKNOWN,OBMCONFIGURABLE=FALSE,CKTID=\"\",EDGEPORT=\"0-0\",DERIVED=TRUE,ACTIVE=FALSE"
   "SWT-2-154016::PATHID=2,SWSTATUS=OK,DOCCARE=FALSE,PORTTRAIL=\"2-8,2-7,4-22,4-6\",ROUTING=UNKNOWN,OBMCONFIGURABLE=FALSE,CKTID=\"\",EDGEPORT=\"0-0\",DERIVED=TRUE,ACTIVE=FALSE"
   "SWT-2-154056::PATHID=1,SWSTATUS=OK,DOCCARE=FALSE,PORTTRAIL=\"4-5,4-23,2-6
,2-5
\",ROUTING=UNKNOWN,OBMCONFIGURABLE=FALSE,CKTID=\"\",EDGEPORT=\"0-0\",DERIVED=TRUE,ACTIVE=FALSE"
   "SWT-2-154056::PATHID=2,SWSTATUS=OK,DOCCARE=FALSE,PORTTRAIL=\"2-8,2-7,4-22,4-6\",ROUTING=UNKNOWN,OBMCONFIGURABLE=FALSE,CKTID=\"\",EDGEPORT=\"0-0\",DERIVED=TRUE,ACTIVE=FALSE"
   "SWT-2-154095::PATHID=1,SWSTATUS=OK,DOCCARE=FALSE,PORTTRAIL=\"4-5,4-23,2-6,2-5\",ROUTING=UNKNOWN,OBMCONFIGURABLE=FALSE,CKTID=\"\",EDGEPORT=\"0-0\",DERIVED=TRUE,ACTIVE=FALSE"
   "SWT-2-154095::PATHID=2,SWSTATUS=OK,DOCCARE=FALSE,PORT
TRAIL=\"2-8,2-7,4-22,4-6\",ROUTING=UNKNOWN,OBMCONFIGURABLE=FALSE,CKTID=\"\",EDGEPORT=\"0-0\",DERIVED=TRUE,ACTIVE=FALSE"
   "SWT-2-154214::PATHID=1,SWSTATUS=OK,DOCCARE=FALSE,PORTTRAIL=\"4-7,4-23,2-6,2-5\",ROUTING=UNKNOWN,OBMCONFIGURABLE=FALSE,CKTID=\"\",EDGEPORT=\"0-0\",DERIVED=TRUE,ACTIVE=FALSE"
   "SWT-2-154214::PATHID=2,SWSTATUS=OK,DOCCARE=FALSE,PORTTRAIL=\"2-8,2-7,4-22,4-8\",ROUTING=UNKNOWN,OBMCONFIGURABLE=FALSE,CKTID=\"\",EDGEPORT=\"0-0\",DERIVED=TRUE,ACTIVE=FALSE"
   "SWT-2-154254::PATHID=1,SWSTAT
US=O
K,DOCCARE=FALSE,PORTTRAIL=\"4-7,4-23,2-6,2-5\",ROUTING=UNKNOWN,OBMCONFIGURABLE=FALSE,CKTID=\"\",EDGEPORT=\"0-0\",DERIVED=TRUE,ACTIVE=FALSE"
   "SWT-2-154254::PATHID=2,SWSTATUS=OK,DOCCARE=FALSE,PORTTRAIL=\"2-8,2-7,4-22,4-8\",ROUTING=UNKNOWN,OBMCONFIGURABLE=FALSE,CKTID=\"\",EDGEPORT=\"0-0\",DERIVED=TRUE,ACTIVE=FALSE"
>


   ASD002A-CPL02 09-04-17 17:26:41
M  15 COMPLD
   "SWT-2-154294::PATHID=1,SWSTATUS=OK,DOCCARE=FALSE,PORTTRAIL=\"4-7,4-23,2-6,2-5\",ROUTING=UNKNOWN,OBMCONFIGURABLE=FALSE,CKTID=\"\",EDGEPORT=\"0-0\",DERIVED=TRUE,ACTIVE=FALSE"
   "SWT-2-154294::PATHID=2,SWSTATUS=OK,DOCCARE=FALSE,PORTTRAIL=\"2-8,2-7,4-22,4-8\",ROUTING=UNKNOWN,OBMCONFIGURABLE=FALSE,CKTID=\"\",EDGEPORT=\"0-0\",DERIVED=TRUE,ACTIVE=FALSE"
   "SWT-2-154333::PATHID=1,SWSTATUS=OK,DOCCARE=FALSE,PORTTRAIL=\"4-7,4-23,2-6,2-5\",ROUTING=UNKNOWN,O
BMCONFIGURABLE=FALSE,CKTID=\"\",EDGEPORT=\"0-0\",DERIVED=TRUE,ACTIVE=FALSE"
   "SWT-2-154333::PATHID=2,SWSTATUS=OK,DOCCARE=FALSE,PORTTRAIL=\"2-8,2-7,4-22,4-8\",ROUTING=UNKNOWN,OBMCONFIGURABLE=FALSE,CKTID=\"\",EDGEPORT=\"0-0\",DERIVED=TRUE,ACTIVE=FALSE"
   "SWT-2-154373::PATHID=1,SWSTATUS=OK,DOCCARE=FALSE,PORTTRAIL=\"4-7,4-23,2-6,2-5\",ROUTING=UNKNOWN,OBMCONFIGURABLE=FALSE,CKTID=\"\",EDGEPORT=\"0-0\",DERIVED=TRUE,ACTIVE=FALSE"
   "SWT-2-154373::PATHID=2,SWSTATUS=OK,DOCCARE=FALSE,PORTTRAIL=\"2-
8,2-7,4-22,4-8
\",ROUTING=UNKNOWN,OBMCONFIGURABLE=FALSE,CKTID=\"\",EDGEPORT=\"0-0\",DERIVED=TRUE,ACTIVE=FALSE"
   "SWT-2-154413::PATHID=1,SWSTATUS=OK,DOCCARE=FALSE,PORTTRAIL=\"4-7,4-23,2-6,2-5\",ROUTING=UNKNOWN,OBMCONFIGURABLE=FALSE,CKTID=\"\",EDGEPORT=\"0-0\",DERIVED=TRUE,ACTIVE=FALSE"
   "SWT-2-154413::PATHID=2,SWSTATUS=OK,DOCCARE=FALSE,PORTTRAIL=\"2-8,2-7,4-22,4-8\",ROUTING=UNKNOWN,OBMCONFIGURABLE=FALSE,CKTID=\"\",EDGEPORT=\"0-0\",DERIVED=TRUE,ACTIVE=FALSE"
   "SWT-2-154453::PATHID=1,SWSTATUS=OK,DOCCARE=FALSE,PORT
TRAIL=\"4-7,4-23,2-6,2-5\",ROUTING=UNKNOWN,OBMCONFIGURABLE=FALSE,CKTID=\"\",EDGEPORT=\"0-0\",DERIVED=TRUE,ACTIVE=FALSE"
   "SWT-2-154453::PATHID=2,SWSTATUS=OK,DOCCARE=FALSE,PORTTRAIL=\"2-8,2-7,4-22,4-8\",ROUTING=UNKNOWN,OBMCONFIGURABLE=FALSE,CKTID=\"\",EDGEPORT=\"0-0\",DERIVED=TRUE,ACTIVE=FALSE"
   "SWT-2-154492::PATHID=1,SWSTATUS=OK,DOCCARE=FALSE,PORTTRAIL=\"4-7,4-23,2-6,2-5\",ROUTING=UNKNOWN,OBMCONFIGURABLE=FALSE,CKTID=\"\",EDGEPORT=\"0-0\",DERIVED=TRUE,ACTIVE=FALSE"
   "SWT-2-154492::PATHI
D=2,SWSTAT
US=O
K,DOCCARE=FALSE,PORTTRAIL=\"2-8,2-7,4-22,4-8\",ROUTING=UNKNOWN,OBMCONFIGURABLE=FALSE,CKTID=\"\",EDGEPORT=\"0-0\",DERIVED=TRUE,ACTIVE=FALSE"
   "SWT-2-154612::PATHID=1,SWSTATUS=OK,DOCCARE=FALSE,PORTTRAIL=\"4-9,4-23,2-6,2-5\",ROUTING=UNKNOWN,OBMCONFIGURABLE=FALSE,CKTID=\"\",EDGEPORT=\"0-0\",DERIVED=TRUE,ACTIVE=FALSE"
>


   ASD002A-CPL02 09-04-17 17:26:41
M  15 COMPLD
   "SWT-2-154612::PATHID=2,SWSTATUS=OK,DOCCARE=FALSE,PORTTRAIL=\"2-8,2-7,4-22,4-10\",ROUTING=UNKNOWN,OBMCONFIGURABLE=FALSE,CKTID=\"\",EDGEPORT=\"0-0\",DERIVED=TRUE,ACTIVE=FALSE"
   "SWT-2-154652::PATHID=1,SWSTATUS=OK,DOCCARE=FALSE,PORTTRAIL=\"4-9,4-23,2-6,2-5\",ROUTING=UNKNOWN,OBMCONFIGURABLE=FALSE,CKTID=\"\",EDGEPORT=\"0-0\",DERIVED=TRUE,ACTIVE=FALSE"
   "SWT-2-154652::PATHID=2,SWSTATUS=OK,DOCCARE=FALSE,PORTTRAIL=\"2-8,2-7,4-22,4-10\",ROUTI
NG=UNKNOWN
,OBMCONFIGURABLE=FALSE,CKTID=\"\",EDGEPORT=\"0-0\",DERIVED=TRUE,ACTIVE=FALSE"
   "SWT-2-154692::PATHID=1,SWSTATUS=OK,DOCCARE=FALSE,PORTTRAIL=\"4-9,4-23,2-6,2-5\",ROUTING=UNKNOWN,OBMCONFIGURABLE=FALSE,CKTID=\"\",EDGEPORT=\"0-0\",DERIVED=TRUE,ACTIVE=FALSE"
   "SWT-2-154692::PATHID=2,SWSTATUS=OK,DOCCARE=FALSE,PORTTRAIL=\"2-8,2-7,4-22,4-10\",ROUTING=UNKNOWN,OBMCONFIGURABLE=FALSE,CKTID=\"\",EDGEPORT=\"0-0\",DERIVED=TRUE,ACTIVE=FALSE"
   "SWT-2-154732::PATHID=1,SWSTATUS=OK,DOCCARE=FALSE,PORTTRAIL=\"4-9,4-23,
2-6,
2-5\",ROUTING=UNKNOWN,OBMCONFIGURABLE=FALSE,CKTID=\"\",EDGEPORT=\"0-0\",DERIVED=TRUE,ACTIVE=FALSE"
   "SWT-2-154732::PATHID=2,SWSTATUS=OK,DOCCARE=FALSE,PORTTRAIL=\"2-8,2-7,4-22,4-10\",ROUTING=UNKNOWN,OBMCONFIGURABLE=FALSE,CKTID=\"\",EDGEPORT=\"0-0\",DERIVED=TRUE,ACTIVE=FALSE"
   "SWT-2-154772::PATHID=1,SWSTATUS=OK,DOCCARE=FALSE,PORTTRAIL=\"4-9,4-23,2-6,2-5\",ROUTING=UNKNOWN,OBMCONFIGURABLE=FALSE,CKTID=\"\",EDGEPORT=\"0-0\",DERIVED=TRUE,ACTIVE=FALSE"
   "SWT-2-154772::PATHID=2,SWSTATUS=OK,DOCCARE=FALSE,
PORTTRAIL=\"2-8,2-7,4-22,4-10\",ROUTING=UNKNOWN,OBMCONFIGURABLE=FALSE,CKTID=\"\",EDGEPORT=\"0-0\",DERIVED=TRUE,ACTIVE=FALSE"
   "SWT-2-154811::PATHID=1,SWSTATUS=OK,DOCCARE=FALSE,PORTTRAIL=\"4-9,4-23,2-6,2-5\",ROUTING=UNKNOWN,OBMCONFIGURABLE=FALSE,CKTID=\"\",EDGEPORT=\"0-0\",DERIVED=TRUE,ACTIVE=FALSE"
   "SWT-2-154811::PATHID=2,SWSTATUS=OK,DOCCARE=FALSE,PORTTRAIL=\"2-8,2-7,4-22,4-10\",ROUTING=UNKNOWN,OBMCONFIGURABLE=FALSE,CKTID=\"\",EDGEPORT=\"0-0\",DERIVED=TRUE,ACTIVE=FALSE"
   "SWT-2-154851:
:PATHID=1,
SWST
ATUS=OK,DOCCARE=FALSE,PORTTRAIL=\"4-9,4-23,2-6,2-5\",ROUTING=UNKNOWN,OBMCONFIGURABLE=FALSE,CKTID=\"\",EDGEPORT=\"0-0\",DERIVED=TRUE,ACTIVE=FALSE"
   "SWT-2-154851::PATHID=2,SWSTATUS=OK,DOCCARE=FALSE,PORTTRAIL=\"2-8,2-7,4-22,4-10\",ROUTING=UNKNOWN,OBMCONFIGURABLE=FALSE,CKTID=\"\",EDGEPORT=\"0-0\",DERIVED=TRUE,ACTIVE=FALSE"
>


   ASD002A-CPL02 09-04-17 17:26:41
M  15 COMPLD
   "SWT-2-154891::PATHID=1,SWSTATUS=OK,DOCCARE=FALSE,PORTTRAIL=\"4-9,4-23,2-6,2-5\",ROUTING=UNKNOWN,OBMCONFIGURABLE=FALSE,CKTID=\"\",EDGEPORT=\"0-0\",DERIVED=TRUE,ACTIVE=FALSE"
   "SWT-2-154891::PATHID=2,SWSTATUS=OK,DOCCARE=FALSE,PORTTRAIL=\"2-8,2-7,4-22,4-10\",ROUTING=UNKNOWN,OBMCONFIGURABLE=FALSE,CKTID=\"\",EDGEPORT=\"0-0\",DERIVED=TRUE,ACTIVE=FALSE"
   "SWT-2-155012::PATHID=1,SWSTATUS=OK,DOCCARE=FALSE,PORTTRAIL=\"4-11,4-23,2-6,2-5\",ROUTING=UNKNOWN
,OBMCONFIGURABLE=FALSE,CKTID=\"\",EDGEPORT=\"0-0\",DERIVED=TRUE,ACTIVE=FALSE"
   "SWT-2-155012::PATHID=2,SWSTATUS=OK,DOCCARE=FALSE,PORTTRAIL=\"2-8,2-7,4-22,4-12\",ROUTING=UNKNOWN,OBMCONFIGURABLE=FALSE,CKTID=\"\",EDGEPORT=\"0-0\",DERIVED=TRUE,ACTIVE=FALSE"
   "SWT-2-155052::PATHID=1,SWSTATUS=OK,DOCCARE=FALSE,PORTTRAIL=\"4-11,4-23,2-6,2-5\",ROUTING=UNKNOWN,OBMCONFIGURABLE=FALSE,CKTID=\"\",EDGEPORT=\"0-0\",DERIVED=TRUE,ACTIVE=FALSE"
   "SWT-2-155052::PATHID=2,SWSTATUS=OK,DOCCARE=FALSE,PORTTRAIL=
\"2-8,2-7,
4-22
,4-12\",ROUTING=UNKNOWN,OBMCONFIGURABLE=FALSE,CKTID=\"\",EDGEPORT=\"0-0\",DERIVED=TRUE,ACTIVE=FALSE"
   "SWT-2-155092::PATHID=1,SWSTATUS=OK,DOCCARE=FALSE,PORTTRAIL=\"4-11,4-23,2-6,2-5\",ROUTING=UNKNOWN,OBMCONFIGURABLE=FALSE,CKTID=\"\",EDGEPORT=\"0-0\",DERIVED=TRUE,ACTIVE=FALSE"
   "SWT-2-155092::PATHID=2,SWSTATUS=OK,DOCCARE=FALSE,PORTTRAIL=\"2-8,2-7,4-22,4-12\",ROUTING=UNKNOWN,OBMCONFIGURABLE=FALSE,CKTID=\"\",EDGEPORT=\"0-0\",DERIVED=TRUE,ACTIVE=FALSE"
   "SWT-2-155132::PATHID=1,SWSTATUS=OK,D
OCCARE=FAL
SE,PORTTRAIL=\"4-11,4-23,2-6,2-5\",ROUTING=UNKNOWN,OBMCONFIGURABLE=FALSE,CKTID=\"\",EDGEPORT=\"0-0\",DERIVED=TRUE,ACTIVE=FALSE"
   "SWT-2-155132::PATHID=2,SWSTATUS=OK,DOCCARE=FALSE,PORTTRAIL=\"2-8,2-7,4-22,4-12\",ROUTING=UNKNOWN,OBMCONFIGURABLE=FALSE,CKTID=\"\",EDGEPORT=\"0-0\",DERIVED=TRUE,ACTIVE=FALSE"
   "SWT-2-155172::PATHID=1,SWSTATUS=OK,DOCCARE=FALSE,PORTTRAIL=\"4-11,4-23,2-6,2-5\",ROUTING=UNKNOWN,OBMCONFIGURABLE=FALSE,CKTID=\"\",EDGEPORT=\"0-0\",DERIVED=TRUE,ACTIVE=FALSE"
   "SWT-2-155172::PATHI
D=2,
SWSTATUS=OK,DOCCARE=FALSE,PORTTRAIL=\"2-8,2-7,4-22,4-12\",ROUTING=UNKNOWN,OBMCONFIGURABLE=FALSE,CKTID=\"\",EDGEPORT=\"0-0\",DERIVED=TRUE,ACTIVE=FALSE"
   "SWT-2-155212::PATHID=1,SWSTATUS=OK,DOCCARE=FALSE,PORTTRAIL=\"4-11,4-23,2-6,2-5\",ROUTING=UNKNOWN,OBMCONFIGURABLE=FALSE,CKTID=\"\",EDGEPORT=\"0-0\",DERIVED=TRUE,ACTIVE=FALSE"
>


   ASD002A-CPL02 09-04-17 17:26:41
M  15 COMPLD
   "SWT-2-155212::PATHID=2,SWSTATUS=OK,DOCCARE=FALSE,PORTTRAIL=\"2-8,2-7,4-22,4-12\",ROUTING=UNKNOWN,OBMCONFIGURABLE=FALSE,CKTID=\"\",EDGEPORT=\"0-0\",DERIVED=TRUE,ACTIVE=FALSE"
   "SWT-2-155252::PATHID=1,SWSTATUS=OK,DOCCARE=FALSE,PORTTRAIL=\"4-11,4-23,2-6,2-5\",ROUTING=UNKNOWN,OBMCONFIGURABLE=FALSE,CKTID=\"\",EDGEPORT=\"0-0\",DERIVED=TRUE,ACTIVE=FALSE"
   "SWT-2-155252::PATHID=2,SWSTATUS=OK,DOCCARE=FALSE,PORTTRAIL=\"2-8,2-7,4-22,4-12\",ROUTING=UNKNOW
N,OBMCONFIGURABLE=FALSE,CKTID=\"\",EDGEPORT=\"0-0\",DERIVED=TRUE,ACTIVE=FALSE"
   "SWT-2-155293::PATHID=1,SWSTATUS=OK,DOCCARE=FALSE,PORTTRAIL=\"4-11,4-23,2-6,2-5\",ROUTING=UNKNOWN,OBMCONFIGURABLE=FALSE,CKTID=\"\",EDGEPORT=\"0-0\",DERIVED=TRUE,ACTIVE=FALSE"
   "SWT-2-155293::PATHID=2,SWSTATUS=OK,DOCCARE=FALSE,PORTTRAIL=\"2-8,2-7,4-22,4-12\",ROUTING=UNKNOWN,OBMCONFIGURABLE=FALSE,CKTID=\"\",EDGEPORT=\"0-0\",DERIVED=TRUE,ACTIVE=FALSE"
   "SWT-2-155413::PATHID=1,SWSTATUS=OK,DOCCARE=FALSE,PORTTRAIL=\"4-13,4-
23,2
-6,2-5\",ROUTING=UNKNOWN,OBMCONFIGURABLE=FALSE,CKTID=\"\",EDGEPORT=\"0-0\",DERIVED=TRUE,ACTIVE=FALSE"
   "SWT-2-155413::PATHID=2,SWSTATUS=OK,DOCCARE=FALSE,PORTTRAIL=\"2-8,2-7,4-22,4-14\",ROUTING=UNKNOWN,OBMCONFIGURABLE=FALSE,CKTID=\"\",EDGEPORT=\"0-0\",DERIVED=TRUE,ACTIVE=FALSE"
   "SWT-2-155454::PATHID=1,SWSTATUS=OK,DOCCARE=FALSE,PORTTRAIL=\"4-13,4-23,2-6,2-5\",ROUTING=UNKNOWN,OBMCONFIGURABLE=FALSE,CKTID=\"\",EDGEPORT=\"0-0\",DERIVED=TRUE,ACTIVE=FALSE"
   "SWT-2-155454::PATHID=2,SWSTATUS=OK,
DOCCARE=FA
LSE,PORTTRAIL=\"2-8,2-7,4-22,4-14\",ROUTING=UNKNOWN,OBMCONFIGURABLE=FALSE,CKTID=\"\",EDGEPORT=\"0-0\",DERIVED=TRUE,ACTIVE=FALSE"
   "SWT-2-155494::PATHID=1,SWSTATUS=OK,DOCCARE=FALSE,PORTTRAIL=\"4-13,4-23,2-6,2-5\",ROUTING=UNKNOWN,OBMCONFIGURABLE=FALSE,CKTID=\"\",EDGEPORT=\"0-0\",DERIVED=TRUE,ACTIVE=FALSE"
   "SWT-2-155494::PATHID=2,SWSTATUS=OK,DOCCARE=FALSE,PORTTRAIL=\"2-8,2-7,4-22,4-14\",ROUTING=UNKNOWN,OBMCONFIGURABLE=FALSE,CKTID=\"\",EDGEPORT=\"0-0\",DERIVED=TRUE,ACTIVE=FALSE"
   "SWT-2-155534::PATH
ID=1
,SWSTATUS=OK,DOCCARE=FALSE,PORTTRAIL=\"4-13,4-23,2-6,2-5\",ROUTING=UNKNOWN,OBMCONFIGURABLE=FALSE,CKTID=\"\",EDGEPORT=\"0-0\",DERIVED=TRUE,ACTIVE=FALSE"
   "SWT-2-155534::PATHID=2,SWSTATUS=OK,DOCCARE=FALSE,PORTTRAIL=\"2-8,2-7,4-22,4-14\",ROUTING=UNKNOWN,OBMCONFIGURABLE=FALSE,CKTID=\"\",EDGEPORT=\"0-0\",DERIVED=TRUE,ACTIVE=FALSE"
>


   ASD002A-CPL02 09-04-17 17:26:41
M  15 COMPLD
   "SWT-2-155575::PATHID=1,SWSTATUS=OK,DOCCARE=FALSE,PORTTRAIL=\"4-13,4-23,2-6,2-5\",ROUTING=UNKNOWN,OBMCONFIGURABLE=FALSE,CKTID=\"\",EDGEPORT=\"0-0\",DERIVED=TRUE,ACTIVE=FALSE"
   "SWT-2-155575::PATHID=2,SWSTATUS=OK,DOCCARE=FALSE,PORTTRAIL=\"2-8,2-7,4-22,4-14\",ROUTING=UNKNOWN,OBMCONFIGURABLE=FALSE,CKTID=\"\",EDGEPORT=\"0-0\",DERIVED=TRUE,ACTIVE=FALSE"
   "SWT-2-155615::PATHID=1,SWSTATUS=OK,DOCCARE=FALSE,PORTTRAIL=\"4-13,4-23,2-6,2-5\",ROUTING=UNKNOW
N,OBMCONFIGURABLE=FALSE,CKTID=\"\",EDGEPORT=\"0-0\",DERIVED=TRUE,ACTIVE=FALSE"
   "SWT-2-155615::PATHID=2,SWSTATUS=OK,DOCCARE=FALSE,PORTTRAIL=\"2-8,2-7,4-22,4-14\",ROUTING=UNKNOWN,OBMCONFIGURABLE=FALSE,CKTID=\"\",EDGEPORT=\"0-0\",DERIVED=TRUE,ACTIVE=FALSE"
   "SWT-2-155655::PATHID=1,SWSTATUS=OK,DOCCARE=FALSE,PORTTRAIL=\"4-13,4-23,2-6,2-5\",ROUTING=UNKNOWN,OBMCONFIGURABLE=FALSE,CKTID=\"\",EDGEPORT=\"0-0\",DERIVED=TRUE,ACTIVE=FALSE"
   "SWT-2-155655::PATHID=2,SWSTATUS=OK,DOCCARE=FALSE,PORTTRAIL=\"2-8,2-7
,4-2
2,4-14\",ROUTING=UNKNOWN,OBMCONFIGURABLE=FALSE,CKTID=\"\",EDGEPORT=\"0-0\",DERIVED=TRUE,ACTIVE=FALSE"
   "SWT-2-155696::PATHID=1,SWSTATUS=OK,DOCCARE=FALSE,PORTTRAIL=\"4-13,4-23,2-6,2-5\",ROUTING=UNKNOWN,OBMCONFIGURABLE=FALSE,CKTID=\"\",EDGEPORT=\"0-0\",DERIVED=TRUE,ACTIVE=FALSE"
   "SWT-2-155696::PATHID=2,SWSTATUS=OK,DOCCARE=FALSE,PORTTRAIL=\"2-8,2-7,4-22,4-14\",ROUTING=UNKNOWN,OBMCONFIGURABLE=FALSE,CKTID=\"\",EDGEPORT=\"0-0\",DERIVED=TRUE,ACTIVE=FALSE"
   "SWT-2-155817::PATHID=1,SWSTATUS=OK,DOCCARE=FA
LSE,PORTTRAIL=\"12-3,12-2,4-15,4-23,2-6,2-5\",ROUTING=ADD,OBMCONFIGURABLE=FALSE,CKTID=\"DRAC-E4429191-1227171855327\",EDGEPORT=\"12-3\",DERIVED=TRUE,ACTIVE=FALSE"
   "SWT-2-155817::PATHID=2,SWSTATUS=OK,DOCCARE=FALSE,PORTTRAIL=\"2-8,2-7,4-22,4-16,12-1,12-4\",ROUTING=DROP,OBMCONFIGURABLE=FALSE,CKTID=\"DRAC-E3429191-1235599749043\",EDGEPORT=\"12-4\",DERIVED=TRUE,ACTIVE=FALSE"
   "SWT-2-155858::PATHID=1,SWSTATUS=OK,DOCCARE=FALSE,PORTTRAIL=\"12-5,12-2,4-15,4-23,2-6,2-5\",ROUTING=ADD,OBMCONFIGURABLE
=FALSE,CKT
ID=\
"DRAC-E3429191-1238145030152\",EDGEPORT=\"12-5\",DERIVED=TRUE,ACTIVE=FALSE"
   "SWT-2-155858::PATHID=2,SWSTATUS=OK,DOCCARE=FALSE,PORTTRAIL=\"2-8,2-7,4-22,4-16,12-1,12-6\",ROUTING=DROP,OBMCONFIGURABLE=FALSE,CKTID=\"DRAC-E3429191-1238145103797\",EDGEPORT=\"12-6\",DERIVED=TRUE,ACTIVE=FALSE"
   "SWT-2-155898::PATHID=1,SWSTATUS=OK,DOCCARE=FALSE,PORTTRAIL=\"12-7,12-2,4-15,4-23,2-6,2-5\",ROUTING=UNKNOWN,OBMCONFIGURABLE=FALSE,CKTID=\"\",EDGEPORT=\"0-0\",DERIVED=TRUE,ACTIVE=FALSE"
>


   ASD002A-CPL02 09-04-17 17:26:41
M  15 COMPLD
   "SWT-2-155898::PATHID=2,SWSTATUS=OK,DOCCARE=FALSE,PORTTRAIL=\"2-8,2-7,4-22,4-16,12-1,12-8\",ROUTING=UNKNOWN,OBMCONFIGURABLE=FALSE,CKTID=\"\",EDGEPORT=\"0-0\",DERIVED=TRUE,ACTIVE=FALSE"
   "SWT-2-155939::PATHID=1,SWSTATUS=OK,DOCCARE=TRUE,PORTTRAIL=\"12-9,12-2,4-15,4-23,2-6,2-5\",ROUTING=ADD,OBMCONFIGURABLE=FALSE,CKTID=\"\",EDGEPORT=\"12-9\",DERIVED=TRUE,ACTIVE=TRUE"
   "SWT-2-155939::PATHID=2,SWSTATUS=OK,DOCCARE=TRUE,PORTTRAIL=\"2-8,2-7,4-22,4-16,12
-1,12-10\",ROUTING=DROP,OBMCONFIGURABLE=FALSE,CKTID=\"\",EDGEPORT=\"12-10\",DERIVED=TRUE,ACTIVE=FALSE"
   "SWT-2-155979::PATHID=1,SWSTATUS=OK,DOCCARE=FALSE,PORTTRAIL=\"12-11,12-2,4-15,4-23,2-6,2-5\",ROUTING=ADD,OBMCONFIGURABLE=FALSE,CKTID=\"DRAC-E3429191-1238145723382\",EDGEPORT=\"12-11\",DERIVED=TRUE,ACTIVE=FALSE"
   "SWT-2-155979::PATHID=2,SWSTATUS=OK,DOCCARE=FALSE,PORTTRAIL=\"2-8,2-7,4-22,4-16,12-1,12-12\",ROUTING=DROP,OBMCONFIGURABLE=FALSE,CKTID=\"DRAC-E3429191-1238145723382\",EDGEPORT=\"12-12\",DER
IVED
=TRUE,ACTIVE=FALSE"
   "SWT-2-156020::PATHID=1,SWSTATUS=OK,DOCCARE=TRUE,PORTTRAIL=\"12-13,12-2,4-15,4-23,2-6,2-5\",ROUTING=ADD,OBMCONFIGURABLE=FALSE,CKTID=\"\",EDGEPORT=\"12-13\",DERIVED=TRUE,ACTIVE=TRUE"
   "SWT-2-156020::PATHID=2,SWSTATUS=OK,DOCCARE=TRUE,PORTTRAIL=\"2-8,2-7,4-22,4-16,12-1,12-14\",ROUTING=DROP,OBMCONFIGURABLE=FALSE,CKTID=\"\",EDGEPORT=\"12-14\",DERIVED=TRUE,ACTIVE=FALSE"
   "SWT-2-156061::PATHID=1,SWSTATUS=OK,DOCCARE=FALSE,PORTTRAIL=\"12-15,12-2,4-15,4-23,2-6,2-5\",ROUTING=ADD,OBMCONF
IGURABLE=FALSE,CKTID=\"\",EDGEPORT=\"12-15\",DERIVED=TRUE,ACTIVE=FALSE"
   "SWT-2-156061::PATHID=2,SWSTATUS=OK,DOCCARE=FALSE,PORTTRAIL=\"2-8,2-7,4-22,4-16,12-1,12-16\",ROUTING=DROP,OBMCONFIGURABLE=FALSE,CKTID=\"\",EDGEPORT=\"12-16\",DERIVED=TRUE,ACTIVE=FALSE"
   "SWT-2-156101::PATHID=1,SWSTATUS=OK,DOCCARE=FALSE,PORTTRAIL=\"12-17,12-2,4-15,4-23,2-6,2-5\",ROUTING=UNKNOWN,OBMCONFIGURABLE=FALSE,CKTID=\"\",EDGEPORT=\"0-0\",DERIVED=TRUE,ACTIVE=FALSE"
   "SWT-2-156101::PATHID=2,SWSTATUS=OK,DOCCARE=FALSE,PORTT
RAIL
=\"2-8,2-7,4-22,4-16,12-1,12-18\",ROUTING=UNKNOWN,OBMCONFIGURABLE=FALSE,CKTID=\"\",EDGEPORT=\"0-0\",DERIVED=TRUE,ACTIVE=FALSE"
   "SWT-2-156223::PATHID=1,SWSTATUS=OK,DOCCARE=FALSE,PORTTRAIL=\"4-17,4-23,2-6,2-5\",ROUTING=UNKNOWN,OBMCONFIGURABLE=FALSE,CKTID=\"\",EDGEPORT=\"0-0\",DERIVED=TRUE,ACTIVE=FALSE"
   "SWT-2-156223::PATHID=2,SWSTATUS=OK,DOCCARE=FALSE,PORTTRAIL=\"2-8,2-7,4-22,4-18\",ROUTING=UNKNOWN,OBMCONFIGURABLE=FALSE,CKTID=\"\",EDGEPORT=\"0-0\",DERIVED=TRUE,ACTIVE=FALSE"
>


   ASD002A-CPL02 09-04-17 17:26:41
M  15 COMPLD
   "SWT-2-156264::PATHID=1,SWSTATUS=OK,DOCCARE=FALSE,PORTTRAIL=\"4-17,4-23,2-6,2-5\",ROUTING=UNKNOWN,OBMCONFIGURABLE=FALSE,CKTID=\"\",EDGEPORT=\"0-0\",DERIVED=TRUE,ACTIVE=FALSE"
   "SWT-2-156264::PATHID=2,SWSTATUS=OK,DOCCARE=FALSE,PORTTRAIL=\"2-8,2-7,4-22,4-18\",ROUTING=UNKNOWN,OBMCONFIGURABLE=FALSE,CKTID=\"\",EDGEPORT=\"0-0\",DERIVED=TRUE,ACTIVE=FALSE"
   "SWT-2-156305::PATHID=1,SWSTATUS=OK,DOCCARE=FALSE,PORTTRAIL=\"4-17,4-23,2-6,2-5\",ROUT
ING=UNKNOW
N,OBMCONFIGURABLE=FALSE,CKTID=\"\",EDGEPORT=\"0-0\",DERIVED=TRUE,ACTIVE=FALSE"
   "SWT-2-156305::PATHID=2,SWSTATUS=OK,DOCCARE=FALSE,PORTTRAIL=\"2-8,2-7,4-22,4-18\",ROUTING=UNKNOWN,OBMCONFIGURABLE=FALSE,CKTID=\"\",EDGEPORT=\"0-0\",DERIVED=TRUE,ACTIVE=FALSE"
   "SWT-2-156345::PATHID=1,SWSTATUS=OK,DOCCARE=FALSE,PORTTRAIL=\"4-17,4-23,2-6,2-5\",ROUTING=UNKNOWN,OBMCONFIGURABLE=FALSE,CKTID=\"\",EDGEPORT=\"0-0\",DERIVED=TRUE,ACTIVE=FALSE"
   "SWT-2-156345::PATHID=2,SWSTATUS=OK,DOCCARE=FALSE,PORTTRAIL
=\"2-8,2-7
,4-2
2,4-18\",ROUTING=UNKNOWN,OBMCONFIGURABLE=FALSE,CKTID=\"\",EDGEPORT=\"0-0\",DERIVED=TRUE,ACTIVE=FALSE"
   "SWT-2-156386::PATHID=1,SWSTATUS=OK,DOCCARE=FALSE,PORTTRAIL=\"4-17,4-23,2-6,2-5\",ROUTING=UNKNOWN,OBMCONFIGURABLE=FALSE,CKTID=\"\",EDGEPORT=\"0-0\",DERIVED=TRUE,ACTIVE=FALSE"
   "SWT-2-156386::PATHID=2,SWSTATUS=OK,DOCCARE=FALSE,PORTTRAIL=\"2-8,2-7,4-22,4-18\",ROUTING=UNKNOWN,OBMCONFIGURABLE=FALSE,CKTID=\"\",EDGEPORT=\"0-0\",DERIVED=TRUE,ACTIVE=FALSE"
   "SWT-2-156427::PATHID=1,SWSTATUS=OK,
DOCCARE=FA
LSE,PORTTRAIL=\"4-17,4-23,2-6,2-5\",ROUTING=UNKNOWN,OBMCONFIGURABLE=FALSE,CKTID=\"\",EDGEPORT=\"0-0\",DERIVED=TRUE,ACTIVE=FALSE"
   "SWT-2-156427::PATHID=2,SWSTATUS=OK,DOCCARE=FALSE,PORTTRAIL=\"2-8,2-7,4-22,4-18\",ROUTING=UNKNOWN,OBMCONFIGURABLE=FALSE,CKTID=\"\",EDGEPORT=\"0-0\",DERIVED=TRUE,ACTIVE=FALSE"
   "SWT-2-156468::PATHID=1,SWSTATUS=OK,DOCCARE=FALSE,PORTTRAIL=\"4-17,4-23,2-6,2-5\",ROUTING=UNKNOWN,OBMCONFIGURABLE=FALSE,CKTID=\"\",EDGEPORT=\"0-0\",DERIVED=TRUE,ACTIVE=FALSE"
   "SWT-2-15
6468::PATH
ID=2
,SWSTATUS=OK,DOCCARE=FALSE,PORTTRAIL=\"2-8,2-7,4-22,4-18\",ROUTING=UNKNOWN,OBMCONFIGURABLE=FALSE,CKTID=\"\",EDGEPORT=\"0-0\",DERIVED=TRUE,ACTIVE=FALSE"
   "SWT-2-156509::PATHID=1,SWSTATUS=OK,DOCCARE=FALSE,PORTTRAIL=\"4-17,4-23,2-6,2-5\",ROUTING=UNKNOWN,OBMCONFIGURABLE=FALSE,CKTID=\"\",EDGEPORT=\"0-0\",DERIVED=TRUE,ACTIVE=FALSE"
>


   ASD002A-CPL02 09-04-17 17:26:41
M  15 COMPLD
   "SWT-2-156509::PATHID=2,SWSTATUS=OK,DOCCARE=FALSE,PORTTRAIL=\"2-8,2-7,4-22,4-18\",ROUTING=UNKNOWN,OBMCONFIGURABLE=FALSE,CKTID=\"\",EDGEPORT=\"0-0\",DERIVED=TRUE,ACTIVE=FALSE"
;
<<RTRV-HDR keep alive sent>>

IP 16
<


   ASD002A-CPL02 09-04-17 17:26:50
M  16 COMPLD
;
<<RTRV-HDR keep alive sent>>

IP 17
<


   ASD002A-CPL02 09-04-17 17:27:11
M  17 COMPLD
;
<<RTRV-HDR keep alive sent>>

IP 18
<


   ASD002A-CPL02 09-04-17 17:27:31
M  18 COMPLD
;
<<RTRV-HDR keep alive sent>>

IP 19
<


   ASD002A-CPL02 09-04-17 17:27:51
M  19 COMPLD
;
<<RTRV-HDR keep alive sent>>

IP 20
<


   ASD002A-CPL02 09-04-17 17:28:11
M  20 COMPLD
;
<<RTRV-HDR keep alive sent>>

IP 21
<


   ASD002A-CPL02 09-04-17 17:28:31
M  21 COMPLD
;
<<RTRV-HDR keep alive sent>>

IP 22
<


   ASD002A-CPL02 09-04-17 17:28:51
M  22 COMPLD
;
<<RTRV-HDR keep alive sent>>

IP 23
<


   ASD002A-CPL02 09-04-17 17:29:11
M  23 COMPLD
;
<<RTRV-HDR keep alive sent>>

IP 24
<


   ASD002A-CPL02 09-04-17 17:29:31
M  24 COMPLD
;
<<RTRV-HDR keep alive sent>>

IP 25
<


   ASD002A-CPL02 09-04-17 17:29:54
M  25 COMPLD
;
<<RTRV-HDR keep alive sent>>

IP 26
<


   ASD002A-CPL02 09-04-17 17:30:14
M  26 COMPLD
;
<<RTRV-HDR keep alive sent>>

IP 27
<


   ASD002A-CPL02 09-04-17 17:30:34
M  27 COMPLD
;
<<RTRV-HDR keep alive sent>>

IP 28
<


   ASD002A-CPL02 09-04-17 17:30:54
M  28 COMPLD
;
<<RTRV-HDR keep alive sent>>

IP 29
<


   ASD002A-CPL02 09-04-17 17:31:14
M  29 COMPLD
;
<<RTRV-HDR keep alive sent>>

IP 30
<


   ASD002A-CPL02 09-04-17 17:31:34
M  30 COMPLD
;
<<RTRV-HDR keep alive sent>>

IP 31
<


   ASD002A-CPL02 09-04-17 17:31:55
M  31 COMPLD
;
<<RTRV-HDR keep alive sent>>

IP 32
<


   ASD002A-CPL02 09-04-17 17:32:15
M  32 COMPLD
;
