***** (re)Starting logger at Fri Apr 17 19:24:08 CEST 2009*****



**** TL1 session opened at Fri Apr 17 19:24:08 CEST 2009 ****


<<RTRV-HDR keep alive sent>>

????

NOTICE: This is a private computer system.
Unauthorized access or use may lead to prosecution.

------------ (c) 2000 - 2006 Nortel Networks. All Rights Reserved ----------
|  NOTICE: This is a private computer system.                              |
|  Unauthorized access or use may lead to prosecution.                     |
|                                                                          |
|  NORTEL Common Photonic Layer CHA                                        |
---------
----------
---------------------------------------------------------

/*
 * Starting Interactive TL1 Command Mode.
 * Type ? for help while constructing TL1 commands.
 * Type .? for specific parameter/keyword help.
 */



< IP 2
<


   ASD003A-CPL01 09-04-17 17:25:55
M  2 DENY
   PLNA
   /*Privilege, Login Not Active*/
;
<<ACT-USER sent, password hidden>>

IP 3
<


   ASD003A-CPL01 09-04-17 17:25:56
M  3 COMPLD
;
RTRV-NETYPE:ASD003A-CPL01::4;

IP 4
<


   ASD003A-CPL01 09-04-17 17:25:56
M  4 COMPLD
   "NORTEL,\"Common Photonic Layer CHA\",CHA,\"REL0310P.FP\""
;
RTRV-SW-VER:ASD003A-CPL01::5;

IP 5
<


   ASD003A-CPL01 09-04-17 17:25:56
M  5 COMPLD
   "SHELF-1:REL0310P.FP"
;
<<RTRV-HDR keep alive sent>>

IP 6
<


   ASD003A-CPL01 09-04-17 17:26:16
M  6 COMPLD
;
<<RTRV-HDR keep alive sent>>

IP 7
<


   ASD003A-CPL01 09-04-17 17:26:36
M  7 COMPLD
;
RTRV-RTG-INFO:ASD003A-CPL01::8:::NAME="ASD003A-CPL01";

IP 8
<


   ASD003A-CPL01 09-04-17 17:26:41
M  8 COMPLD
   "SHELF-1:,ASD003A-CPL01,0017D19E2AED,00011700,NO"
;
RTRV-SHELF:ASD003A-CPL01:ALL:9;

IP 9
<


   ASD003A-CPL01 09-04-17 17:26:41
M  9 COMPLD
   "SHELF-1::OSID=\"8\",SITEID=33,SITENAME=\"ASD003A\",OSC1TXPATHID=1,DOCSITEIND=YES,FIXCFGTYPE=NOFIXC,OSCMODE=SDH,OSC1TXPATHDOC=\"\",OTHERPATHDOC=\"\",ASSOCSHELVES=\"\",DISC_ASSOCSHELVES=\"\",OSC1AMPSLOT=2,OSC2AMPSLOT=0,PRIMARY=DISABLE,TIDC=DISABLE"
;
ALW-MSG-BROADCAST:ASD003A-CPL01:ALL:10;

IP 10
<


   ASD003A-CPL01 09-04-17 17:26:42
M  10 COMPLD
;
RTRV-INVENTORY:ASD003A-CPL01::11;

IP 11
<


   ASD003A-CPL01 09-04-17 17:26:45
M  11 COMPLD
   "EMPTY-1-1::"
   "LIM-1-2::CTYPE=\"CPL EDFA Module 2 (MLA)\",PEC=NTT830BA,REL= 06A,CLEI=WMANUX0GAB,SER=NNTMDH016VAX,MDAT=2005-25,AGE=02-217-23-28,ONSC=00-041-09-27"
   "EMPTY-1-3::"
   "UOSC-1-4::CTYPE=\"Uni OSC 1510nm\",PEC=NTT839BA,REL= 02 ,CLEI=WMUCAXXAAA,SER=NNTMH9003488,MDAT=2006-28,AGE=02-157-02-11,ONSC=00-041-09-29"
   "EMPTY-1-5::"
   "EMPTY-1-6::"
   "EMPTY-1-7::"
   "EMPTY-1-8::"
   "EMPTY-1-9::"
   "EMPTY-1-10::"
   "EMPTY-1-11::
"
   "CMD8-1-12::CTYPE=\"SCMD8 Gr8 Filtered\",PEC=NTT861AH,REL= 05 ,CLEI=WMOMAESGAA,SER=NNTMH9005901,MDAT=2006-47,AGE=01-085-15-24,ONSC=00-041-09-28"
   "EMPTY-1-13::"
>


   ASD003A-CPL01 09-04-17 17:26:45
M  11 COMPLD
   "EMPTY-1-14::"
   "EMPTY-1-15::"
;
RTRV-ADJ:ASD003A-CPL01:ALL:12;

IP 12
<


   ASD003A-CPL01 09-04-17 17:26:45
M  12 COMPLD
   "ADJ-1-2-5::ADJTYPE=LINE,PROVFEADDR=\"ASD002A-CPL2P-11-2-8\",PADDRFORM=TID-SH-SL-PRT,DISCFEADDR=\"ASD002A-CPL2P-11-2-8\",DADDRFORM=TID-SH-SL-PRT,ADJSTAT=RELIABLE,CLFI=\"\":IS"
   "ADJ-1-2-7::ADJTYPE=CMD,PROVFEADDR=\"ASD003A-CPL01-1-12-1\",PADDRFORM=TID-SH-SL-PRT,DISCFEADDR=\"\",DADDRFORM=NULL,ADJSTAT=DERIVED,CLFI=\"\":IS"
   "ADJ-1-2-2::ADJTYPE=OPM,PROVFEADDR=\"\",PADDRFORM=NULL,DISCFEADDR=\"\",DADDRFORM=NULL,ADJSTAT=UNVERIFIED,CLFI=\"\":
IS"
   "ADJ-1-2-1::ADJTYPE=OPM,PROVFEADDR=\"\",PADDRFORM=NULL,DISCFEADDR=\"\",DADDRFORM=NULL,ADJSTAT=UNVERIFIED,CLFI=\"\":IS"
   "ADJ-1-12-3::ADJTYPE=TX,PROVFEADDR=\"ASD003A-OME02-1-1-1\",PADDRFORM=TID-SH-SL-PRT,DISCFEADDR=\"\",DADDRFORM=NULL,ADJSTAT=UNVERIFIED,CLFI=\"\":IS"
   "ADJ-1-12-4::ADJTYPE=RX,PROVFEADDR=\"ASD003A-OME02-1-1-1\",PADDRFORM=TID-SH-SL-PRT,DISCFEADDR=\"\",DADDRFORM=NULL,ADJSTAT=UNVERIFIED,CLFI=\"\":IS"
   "ADJ-1-12-5::ADJTYPE=TX,PROVFEADDR=\"ASD003A-OME02-1-5-1\",PADDRFOR
M=TID-SH-SL-PRT,DISC
FEAD
DR=\"\",DADDRFORM=NULL,ADJSTAT=UNVERIFIED,CLFI=\"\":IS"
   "ADJ-1-12-6::ADJTYPE=RX,PROVFEADDR=\"ASD003A-OME02-1-5-1\",PADDRFORM=TID-SH-SL-PRT,DISCFEADDR=\"\",DADDRFORM=NULL,ADJSTAT=UNVERIFIED,CLFI=\"\":IS"
   "ADJ-1-12-7::ADJTYPE=TX,PROVFEADDR=\"ASD003A-OME02-1-2-1\",PADDRFORM=TID-SH-SL-PRT,DISCFEADDR=\"\",DADDRFORM=NULL,ADJSTAT=UNVERIFIED,CLFI=\"\":IS"
   "ADJ-1-12-8::ADJTYPE=RX,PROVFEADDR=\"ASD003A-OME02-1-2-1\",PADDRFORM=TID-SH-SL-PRT,DISCFEADDR=\"\",DADDRFORM=NULL,ADJSTAT=UNVERIFIED,CLFI=\"\":IS"

   "ADJ-1-12-9::ADJTYPE=TX,PROVFEADDR=\"\",PADDRFORM=NULL,DISCFEADDR=\"\",DADDRFORM=NULL,ADJSTAT=UNVERIFIED,CLFI=\"\":OOS-MA"
   "ADJ-1-12-10::ADJTYPE=RX,PROVFEADDR=\"\",PADDRFORM=NULL,DISCFEADDR=\"\",DADDRFORM=NULL,ADJSTAT=UNVERIFIED,CLFI=\"\":OOS-MA"
>


   ASD003A-CPL01 09-04-17 17:26:45
M  12 COMPLD
   "ADJ-1-12-11::ADJTYPE=TX,PROVFEADDR=\"ASD003A-OME02-1-3-1\",PADDRFORM=TID-SH-SL-PRT,DISCFEADDR=\"\",DADDRFORM=NULL,ADJSTAT=UNVERIFIED,CLFI=\"\":IS"
   "ADJ-1-12-12::ADJTYPE=RX,PROVFEADDR=\"ASD003A-OME02-1-3-1\",PADDRFORM=TID-SH-SL-PRT,DISCFEADDR=\"\",DADDRFORM=NULL,ADJSTAT=UNVERIFIED,CLFI=\"\":IS"
   "ADJ-1-12-13::ADJTYPE=TX,PROVFEADDR=\"\",PADDRFORM=NULL,DISCFEADDR=\"\",DADDRFORM=NULL,ADJSTAT=UNVERIFIED,CLFI=\"\":OOS-MA"
   "ADJ-1-12-14
::ADJTYPE=
RX,PROVFEADDR=\"\",PADDRFORM=NULL,DISCFEADDR=\"\",DADDRFORM=NULL,ADJSTAT=UNVERIFIED,CLFI=\"\":OOS-MA"
   "ADJ-1-12-15::ADJTYPE=TX,PROVFEADDR=\"ASD003A-OME02-1-4-1\",PADDRFORM=TID-SH-SL-PRT,DISCFEADDR=\"\",DADDRFORM=NULL,ADJSTAT=UNVERIFIED,CLFI=\"\":IS"
   "ADJ-1-12-16::ADJTYPE=RX,PROVFEADDR=\"ASD003A-OME02-1-4-1\",PADDRFORM=TID-SH-SL-PRT,DISCFEADDR=\"\",DADDRFORM=NULL,ADJSTAT=UNVERIFIED,CLFI=\"\":IS"
   "ADJ-1-12-17::ADJTYPE=TX,PROVFEADDR=\"\",PADDRFORM=NULL,DISCFEADDR=\"\",DADDRFORM=NULL,ADJ
STAT=UNVER
IFIE
D,CLFI=\"\":OOS-MA"
   "ADJ-1-12-18::ADJTYPE=RX,PROVFEADDR=\"\",PADDRFORM=NULL,DISCFEADDR=\"\",DADDRFORM=NULL,ADJSTAT=UNVERIFIED,CLFI=\"\":OOS-MA"
   "ADJ-1-12-2::ADJTYPE=LIM,PROVFEADDR=\"ASD003A-CPL01-1-2-6\",PADDRFORM=TID-SH-SL-PRT,DISCFEADDR=\"\",DADDRFORM=NULL,ADJSTAT=DERIVED,CLFI=\"\":IS"
   "ADJ-1-12-20::ADJTYPE=CMD,PROVFEADDR=\"\",PADDRFORM=NULL,DISCFEADDR=\"\",DADDRFORM=NULL,ADJSTAT=UNVERIFIED,CLFI=\"\":IS"
;
RTRV-ADJ-TX:ASD003A-CPL01:ALL:13;

IP 13
<


   ASD003A-CPL01 09-04-17 17:26:45
M  13 COMPLD
   "ADJ-1-12-3::ADJTXTYPE=OMENGMWT10GBE11G1,ADJTXBIAS=0.00,CKTID=\"DRAC-E3429191-1235599749043\",WAVELENGTH=1558.17,RATE=11.1G,ADJTXFEC=0.00,ADJTXMINPOW=-10.00,ADJTXMAXPOW=0.00,ADJTXCURPOW=0.00,PAIREDRX=YES,DOCCARE=TRUE,ACTIVE=TRUE"
   "ADJ-1-12-5::ADJTXTYPE=OMENGMWT10GBE11G1,ADJTXBIAS=0.00,CKTID=\"DRAC-E3429191-1238145103797\",WAVELENGTH=1558.58,RATE=11.1G,ADJTXFEC=0.00,ADJTXMINPOW=-10.00,ADJTXMAXPOW=0.00,ADJTXCURPOW=0.00,PAIREDRX=YES,DOCCARE=TRUE,ACT
IVE=TRUE"
   "ADJ-1-12-7::ADJTXTYPE=OMENGMWT10GBE11G1,ADJTXBIAS=0.00,CKTID=\"\",WAVELENGTH=1558.98,RATE=11.1G,ADJTXFEC=0.00,ADJTXMINPOW=-10.00,ADJTXMAXPOW=0.00,ADJTXCURPOW=0.00,PAIREDRX=YES,DOCCARE=TRUE,ACTIVE=TRUE"
   "ADJ-1-12-9::ADJTXTYPE=UNKNOWN,ADJTXBIAS=0.00,CKTID=\"\",WAVELENGTH=1559.39,RATE=UNKNOWN,ADJTXFEC=0.00,ADJTXMINPOW=0.00,ADJTXMAXPOW=0.00,ADJTXCURPOW=0.00,PAIREDRX=YES,DOCCARE=FALSE,ACTIVE=FALSE"
   "ADJ-1-12-11::ADJTXTYPE=OMENGMWT10GBE11G1,ADJTXBIAS=0.00,CKTID=\"DRAC-E3429191-12381457931
61\"
,WAVELENGTH=1559.79,RATE=11.1G,ADJTXFEC=0.00,ADJTXMINPOW=-10.00,ADJTXMAXPOW=0.00,ADJTXCURPOW=0.00,PAIREDRX=YES,DOCCARE=FALSE,ACTIVE=FALSE"
   "ADJ-1-12-13::ADJTXTYPE=UNKNOWN,ADJTXBIAS=0.00,CKTID=\"\",WAVELENGTH=1560.20,RATE=UNKNOWN,ADJTXFEC=0.00,ADJTXMINPOW=0.00,ADJTXMAXPOW=0.00,ADJTXCURPOW=0.00,PAIREDRX=YES,DOCCARE=FALSE,ACTIVE=FALSE"
   "ADJ-1-12-15::ADJTXTYPE=OMENGMWT10GBE11G1,ADJTXBIAS=0.00,CKTID=\"DRAC-E3429191-1233776182912\",WAVELENGTH=1560.61,RATE=11.1G,ADJTXFEC=0.00,ADJTXMINPOW=-10.00,ADJTXMAXP
OW=0.00,ADJTXCURPOW=0.00,PAIREDRX=YES,DOCCARE=TRUE,ACTIVE=TRUE"
   "ADJ-1-12-17::ADJTXTYPE=UNKNOWN,ADJTXBIAS=0.00,CKTID=\"\",WAVELENGTH=1561.01,RATE=UNKNOWN,ADJTXFEC=0.00,ADJTXMINPOW=0.00,ADJTXMAXPOW=0.00,ADJTXCURPOW=0.00,PAIREDRX=YES,DOCCARE=FALSE,ACTIVE=FALSE"
;
RTRV-ADJ-LINE:ASD003A-CPL01:ALL:14;

IP 14
<


   ASD003A-CPL01 09-04-17 17:26:45
M  14 COMPLD
   "ADJ-1-2-5::FIBERTYPE=NDSF"
;
RTRV-TOPO-SWT:ASD003A-CPL01:ALL:15;

IP 15
<


   ASD003A-CPL01 09-04-17 17:26:45
M  15 COMPLD
   "SWT-1-153033::PATHID=1,SWSTATUS=OK,DOCCARE=FALSE,PORTTRAIL=\"12-19,12-2,2-6,2-5\",ROUTING=UNKNOWN,OBMCONFIGURABLE=FALSE,CKTID=\"\",EDGEPORT=\"0-0\",DERIVED=TRUE,ACTIVE=FALSE"
   "SWT-1-153033::PATHID=2,SWSTATUS=OK,DOCCARE=FALSE,PORTTRAIL=\"2-8,2-7,12-1,12-20\",ROUTING=UNKNOWN,OBMCONFIGURABLE=FALSE,CKTID=\"\",EDGEPORT=\"0-0\",DERIVED=TRUE,ACTIVE=FALSE"
   "SWT-1-153072::PATHID=1,SWSTATUS=OK,DOCCARE=FALSE,PORTTRAIL=\"12-19,12-2,2-6,2-5\",R
OUTING=UNKNOWN,OBMCONFIGURABLE=FALSE,CKTID=\"\",EDGEPORT=\"0-0\",DERIVED=TRUE,ACTIVE=FALSE"
   "SWT-1-153072::PATHID=2,SWSTATUS=OK,DOCCARE=FALSE,PORTTRAIL=\"2-8,2-7,12-1,12-20\",ROUTING=UNKNOWN,OBMCONFIGURABLE=FALSE,CKTID=\"\",EDGEPORT=\"0-0\",DERIVED=TRUE,ACTIVE=FALSE"
   "SWT-1-153112::PATHID=1,SWSTATUS=OK,DOCCARE=FALSE,PORTTRAIL=\"12-19,12-2,2-6,2-5\",ROUTING=UNKNOWN,OBMCONFIGURABLE=FALSE,CKTID=\"\",EDGEPORT=\"0-0\",DERIVED=TRUE,ACTIVE=FALSE"
   "SWT-1-153112::PATHID=2,SWSTATUS=OK,DOCCARE=
FALSE,PORTTRAIL=\"2-8,2-7,12-1,12-20\",ROUTING=UNKNOWN,OBMCONFIGURABLE=FALSE,CKTID=\"\",EDGEPORT=\"0-0\",DERIVED=TRUE,ACTIVE=FALSE"
   "SWT-1-153151::PATHID=1,SWSTATUS=OK,DOCCARE=FALSE,PORTTRAIL=\"12-19,12-2,2-6,2-5\",ROUTING=UNKNOWN,OBMCONFIGURABLE=FALSE,CKTID=\"\",EDGEPORT=\"0-0\",DERIVED=TRUE,ACTIVE=FALSE"
   "SWT-1-153151::PATHID=2,SWSTATUS=OK,DOCCARE=FALSE,PORTTRAIL=\"2-8,2-7,12-1,12-20\",ROUTING=UNKNOWN,OBMCONFIGURABLE=FALSE,CKTID=\"\",EDGEPORT=\"0-0\",DERIVED=TRUE,ACTIVE=FALSE"
   "SWT
-1-153190::PATHID=1,SWSTATUS=OK,DO
CCARE=FALSE,PORTTRAIL=\"12-19,12-2,2-6,2-5\",ROUTING=UNKNOWN,OBMCONFIGURABLE=FALSE,CKTID=\"\",EDGEPORT=\"0-0\",DERIVED=TRUE,ACTIVE=FALSE"
   "SWT-1-153190::PATHID=2,SWSTATUS=OK,DOCCARE=FALSE,PORTTRAIL=\"2-8,2-7,12-1,12-20\",ROUTING=UNKNOWN,OBMCONFIGURABLE=FALSE,CKTID=\"\",EDGEPORT=\"0-0\",DERIVED=TRUE,ACTIVE=FALSE"
   "SWT-1-153229::PATHID=1,SWSTATUS=OK,DOCCARE=FALSE,PORTTRAIL=\"12-19,12-2,2-6,2-5\",ROUTING=UNKNOWN,OBMCONFIGURABLE=FALSE,CKTID=\"\",EDGEPORT=\"0-0\",DERIVED=TRUE,ACTIVE=FALSE"
 
  "SWT-1-15322
9::PATHID=2,SWSTATUS=OK,DOCCARE=FALSE,PORTTRAIL=\"2-8,2-7,12-1,12-20\",ROUTING=UNKNOWN,OBMCONFIGURABLE=FALSE,CKTID=\"\",EDGEPORT=\"0-0\",DERIVED=TRUE,ACTIVE=FALSE"
   "SWT-1-153268::PATHID=1,SWSTATUS=OK,DOCCARE=FALSE,PORTTRAIL=\"12-19,12-2,2-6,2-5\",ROUTING=UNKNOWN,OBMCONFIGURABLE=FALSE,CKTID=\"\",EDGEPORT=\"0-0\",DERIVED=TRUE,ACTIVE=FALSE"
>

   ASD003A-CPL01 09-04-17 17:26:45
M  15 COMPLD
   "SWT-1-153268::PATHID=2,SWSTATUS=OK,DOCCARE=FALSE,PORTTRAIL=\"2-8,2-7,12-1,12-20\",ROUTING=UNKNOWN
,OBMCONFIGURABLE=FALSE,CKTID=\"\",EDGEPORT=\"0-0\",DERIVED=TRUE,ACTIVE=FALSE"
   "SWT-1-153307::PATHID=1,SWSTATUS=OK,DOCCARE=FALSE,PORTTRAIL=\"12-19,12-2,2-6,2-5\",ROUTING=UNKNOWN,OBMCONFIGURABLE=FALSE,CKTID=\"\",EDGEPORT=\"0-0\",DERIVED=TRUE,ACTIVE=FALSE"
   "SWT-1-153307::PATHID=2,SWSTATUS=OK,DOCCARE=FALSE,PORTTRAIL=\"2-8,2-7,12-1,12-20\",ROUTING=UNKNOWN,OBMCONFIGURABLE=FALSE,CKTID=\"\",EDGEPORT=\"0-0\",DERIVED=TRUE,ACTIVE=FALSE"
   "SWT-1-153347::PATHID=1,SWSTATUS=OK,DOCCARE=FALSE,PORTTRAI
L=\"12-19,12-2,2-6,2-5\",ROUTING=UNKNOWN,OBMCONFIGURABLE=FALSE,CKTID=\"\",EDGEPORT=\"0-0\",DERIVED=TRUE,ACTIVE=FALSE"
   "SWT-1-153347::PATHID=2,SWSTATUS=OK,DOCCARE=FALSE,PORTTRAIL=\"2-8,2-7,12-1,12-20\",ROUTING=UNKNOWN,OBMCONFIGURABLE=FALSE,CKTID=\"\",EDGEPORT=\"0-0\",DERIVED=TRUE,ACTIVE=FALSE"
   "SWT-1-153386::PATHID=1,SWSTATUS=OK,DOCCARE=FALSE,PORTTRAIL=\"12-19,12-2,2-6,2-5\",ROUTING=UNKNOWN,OBMCONFIGURABLE=FALSE,CKTID=\"\",EDGEPORT=\"0-0\",DERIVED=TRUE,ACTIVE=FALSE"
   "SWT-1-153386::PAT
HID=2,SWSTATUS=OK,DOCCARE=FALSE,PORTTRAIL=\"2-8,2-7,12-1,12-20\",ROUTING=UNKNOWN,OBMCONFIGURABLE=FALSE,CKTID=\"\",EDGEPORT=\"0-0\",DERIVED=TRUE,ACTIVE=FALSE"
   "SWT-1-153425::PATHID=1,SWSTATUS=OK,DOCCARE=FALSE,PORTTRAIL=\"12-19,12-2,2-6,2-5\",ROUTING=UNKNOWN,OBMCONFIGURABLE=FALSE,CKTID=\"\",EDGEPORT=\"0-0\",DERIVED=TRUE,ACTIVE=FALSE"
   "SWT-1-153425::PATHID=2,SWSTATUS=OK,DOCCARE=FALSE,PORTTRAIL=\"2-8,2-7,12-1,12-20\",ROUTING=UNKNOWN,OBMCONFIGURABLE=FALSE,CKTID=\"\",EDGEPORT=\"0-0\",DERIVED=T
RUE,ACTIVE=FALSE"
   "SWT-1-153464::PATHID=1,SWSTATUS=OK,DOCCARE=FALSE,PORTTRAIL=\"12-19,12-2,2-6,2-5\",ROUTING=UNKNOWN,OBMCONFIGURABLE=FALSE,CKTID=\"\",EDGEPORT=\"0-0\",DERIVED=TRUE,ACTIVE=FALSE"
   "SWT-1-153464::PATHID=2,SWSTATUS=OK,DOCCARE=FALSE,PORTTRAIL=\"2-8,2-7,12-1,12-20\",ROUTING=UNKNOWN,OBMCONFIGURABLE=FALSE,CKTID=\"\",EDGEPORT=\"0-0\",DERIVED=TRUE,ACTIVE=FALSE"
   "SWT-1-153504::PATHID=1,SWSTATUS=OK,DOCCARE=FALSE,PORTTRAIL=\"12-19,12-2,2-6,2-5\",ROUTING=UNKNOWN,OBMCONFIGURABLE=FAL
SE,CKTID=\"\",EDGEPORT=\"0-0\",DERIVED=TRUE,ACTIVE=FALSE"
   "SWT-1-153504::PATHID=2,SWSTATUS=OK,DOCCARE=FALSE,PORTTRAIL=\"2-8,2-7,12-1,12-20\",ROUTING=UNKNOWN,OBMCONFIGURABLE=FALSE,CKTID=\"\",EDGEPORT=\"0-0\",DERIVED=TRUE,ACTIVE=FALSE"
>


   ASD003A-CPL01 09-04-17 17:26:46
M  15 COMPLD
   "SWT-1-153543::PATHID=1,SWSTATUS=OK,DOCCARE=FALSE,PORTTRAIL=\"12-19,12-2,2-6,2-5\",ROUTING=UNKNOWN,OBMCONFIGURABLE=FALSE,CKTID=\"\",EDGEPORT=\"0-0\",DERIVED=TRUE,ACTIVE=FALSE"
   "SWT-1-153543::PATHID=2,SWSTATUS=OK,DOCCARE=FALSE,PORTTRAIL=\"2-8,2-7,12-1,12-20\",ROUTING=UNKNOWN,OBMCONFIGURABLE=FALSE,CKTID=\"\",EDGEPORT=\"0-0\",DERIVED=TRUE,ACTIVE=FALSE"
   "SWT-1-153582::PATHID=1,SWSTATUS=OK,DOCCARE=FALSE,PORTTRAIL=\"12-19,12-2,2-6,2-5\",R
OUTING=UNKNOWN,OBMCONFIGURABLE=FALSE,CKTID=\"\",EDGEPORT=\"0-0\",DERIVED=TRUE,ACTIVE=FALSE"
   "SWT-1-153582::PATHID=2,SWSTATUS=OK,DOCCARE=FALSE,PORTTRAIL=\"2-8,2-7,12-1,12-20\",ROUTING=UNKNOWN,OBMCONFIGURABLE=FALSE,CKTID=\"\",EDGEPORT=\"0-0\",DERIVED=TRUE,ACTIVE=FALSE"
   "SWT-1-153622::PATHID=1,SWSTATUS=OK,DOCCARE=FALSE,PORTTRAIL=\"12-19,12-2,2-6,2-5\",ROUTING=UNKNOWN,OBMCONFIGURABLE=FALSE,CKTID=\"\",EDGEPORT=\"0-0\",DERIVED=TRUE,ACTIVE=FALSE"
   "SWT-1-153622::PATHID=2,SWSTATUS=OK,DOCCARE=
FALSE,PORTTRAIL=\"2-
8,2-7,12-1,12-20\",ROUTING=UNKNOWN,OBMCONFIGURABLE=FALSE,CKTID=\"\",EDGEPORT=\"0-0\",DERIVED=TRUE,ACTIVE=FALSE"
   "SWT-1-153661::PATHID=1,SWSTATUS=OK,DOCCARE=FALSE,PORTTRAIL=\"12-19,12-2,2-6,2-5\",ROUTING=UNKNOWN,OBMCONFIGURABLE=FALSE,CKTID=\"\",EDGEPORT=\"0-0\",DERIVED=TRUE,ACTIVE=FALSE"
   "SWT-1-153661::PATHID=2,SWSTATUS=OK,DOCCARE=FALSE,PORTTRAIL=\"2-8,2-7,12-1,12-20\",ROUTING=UNKNOWN,OBMCONFIGURABLE=FALSE,CKTID=\"\",EDGEPORT=\"0-0\",DERIVED=TRUE,ACTIVE=FALSE"
   "SWT-1-153700::PATHID=1,
SWSTATUS=OK,DO
CCARE=FALSE,PORTTRAIL=\"12-19,12-2,2-6,2-5\",ROUTING=UNKNOWN,OBMCONFIGURABLE=FALSE,CKTID=\"\",EDGEPORT=\"0-0\",DERIVED=TRUE,ACTIVE=FALSE"
   "SWT-1-153700::PATHID=2,SWSTATUS=OK,DOCCARE=FALSE,PORTTRAIL=\"2-8,2-7,12-1,12-20\",ROUTING=UNKNOWN,OBMCONFIGURABLE=FALSE,CKTID=\"\",EDGEPORT=\"0-0\",DERIVED=TRUE,ACTIVE=FALSE"
   "SWT-1-153740::PATHID=1,SWSTATUS=OK,DOCCARE=FALSE,PORTTRAIL=\"12-19,12-2,2-6,2-5\",ROUTING=UNKNOWN,OBMCONFIGURABLE=FALSE,CKTID=\"\",EDGEPORT=\"0-0\",DERIVED=TRUE,ACTIVE=FALSE"
 
  "SWT-1-15374
0::PATHID=2,SWSTATUS=OK,DOCCARE=FALSE,PORTTRAIL=\"2-8,2-7,12-1,12-20\",ROUTING=UNKNOWN,OBMCONFIGURABLE=FALSE,CKTID=\"\",EDGEPORT=\"0-0\",DERIVED=TRUE,ACTIVE=FALSE"
   "SWT-1-153779::PATHID=1,SWSTATUS=OK,DOCCARE=FALSE,PORTTRAIL=\"12-19,12-2,2-6,2-5\",ROUTING=UNKNOWN,OBMCONFIGURABLE=FALSE,CKTID=\"\",EDGEPORT=\"0-0\",DERIVED=TRUE,ACTIVE=FALSE"
>

   ASD003A-CPL01 09-04-17 17:26:46
M  15 COMPLD
   "SWT-1-153779::PATHID=2,SWSTATUS=OK,DOCCARE=FALSE,PORTTRAIL=\"2-8,2-7,12-1,12-20\",ROUTING=UNKNOWN
,OBMCONFIGURABLE=FALSE,CKTID=\"\",EDGEPORT=\"0-0\",DERIVED=TRUE,ACTIVE=FALSE"
   "SWT-1-153819::PATHID=1,SWSTATUS=OK,DOCCARE=FALSE,PORTTRAIL=\"12-19,12-2,2-6,2-5\",ROUTING=UNKNOWN,OBMCONFIGURABLE=FALSE,CKTID=\"\",EDGEPORT=\"0-0\",DERIVED=TRUE,ACTIVE=FALSE"
   "SWT-1-153819::PATHID=2,SWSTATUS=OK,DOCCARE=FALSE,PORTTRAIL=\"2-8,2-7,12-1,12-20\",ROUTING=UNK
NOWN,OBMCONFIGURABLE=FALSE,CKTID=\"\",EDGEPORT=\"0-0\",DERIVED=TRUE,ACTIVE=FALSE"
   "SWT-1-153858::PATHID=1,SWSTATUS=OK,DOCCARE=FALSE,PORTTRAIL=\"12-19,12-2,2-6,2-5\",ROUTING=UNKNOWN,OBMCONFIGURABLE=FALSE,CKTID=\"\",EDGEPORT=\"0-0\",DERIVED=TRUE,ACTIVE=FALSE"
   "SWT-1-153858::PATHID=2,SWSTATUS=OK,DOCCARE=FALSE,PORTTRAIL=\"2-8,2-7,12-1,12-20\",ROUTING=UNKNOWN,OBMCONFIGURABLE=FALSE,CKTID=\"\",EDGEPORT=\"0-0\",DERIVED=TRUE,ACTIVE=FALSE"
   "SWT-1-153898::PATHID=1,SWSTATUS=OK,DOCCARE=FALSE,PORT
TRAIL=\"12-19,
12-2,2-6,2-5\",ROUTING=UNKNOWN,OBMCONFIGURABLE=FALSE,CKTID=\"\",EDGEPORT=\"0-0\",DERIVED=TRUE,ACTIVE=FALSE"
   "SWT-1-153898::PATHID=2,SWSTATUS=OK,DOCCARE=FALSE,PORTTRAIL=\"2-8,2-7,12-1,12-20\",ROUTING=UNKNOWN,OBMCONFIGURABLE=FALSE,CKTID=\"\",EDGEPORT=\"0-0\",DERIVED=TRUE,ACTIVE=FALSE"
   "SWT-1-153937::PATHID=1,SWSTATUS=OK,DOCCARE=FALSE,PORTTRAIL=\"12-19,12-2,2-6,2-5\",ROUTING=UNKNOWN,OBMCONFIGURABLE=FALSE,CKTID=\"\",EDGEPORT=\"0-0\",DERIVED=TRUE,ACTIVE=FALSE"
   "SWT-1-153937::PATHID=2,SWST
ATUS=OK,DOCCARE=FALSE,PORTTRAIL=\"2-8,2-7,12-1,12-20\",ROUTING=UNKNOWN,OBMCONFIGURABLE=FALSE,CKTID=\"\",EDGEPORT=\"0-0\",DERIVED=TRUE,ACTIVE=FALSE"
   "SWT-1-153977::PATHID=1,SWSTATUS=OK,DOCCARE=FALSE,PORTTRAIL=\"12-19,12-2,2-6,2-5\",ROUTING=UNKNOWN,OBMCONFIGURABLE=FALSE,CKTID=\"\",EDGEPORT=\"0-0\",DERIVED=TRUE,ACTIVE=FALSE"
   "SWT-1-153977::PATHID=2,SWSTATUS=OK,DOCCARE=FALSE,PORTTRAIL=\"2-8,2-7,12-1,12-20\",ROUTING=UNKNOWN,OBMCONFIGURABLE=FALSE,CKTID=\"\",EDGEPORT=\"0-0\",DERIVED=TRUE,ACTIVE
=FALSE"
   "SWT-1-154016::PATHID=1,SWSTATUS=OK,DOCCARE=FALSE,PORTTRAIL=\"12-19,12-2,2-6,2-5\",ROUTING=UNKNOWN,OBMCONFIGURABLE=FALSE,CKTID=\"\",EDGEPORT=\"0-0\",DERIVED=TRUE,ACTIVE=FALSE"
   "SWT-1-154016::PATHID=2,SWSTATUS=OK,DOCCARE=FALSE,PORTTRAIL=\"2-8,2-7,12-1,12-20\",ROUTING=UNKNOWN,OBMCONFIGURABLE=FALSE,CKTID=\"\",EDGEPORT=\"0-0\",DERIVED=TRUE,ACTIVE=FALSE"
>

   ASD003A-CPL01 09-04-17 17:26:46
M  15 COMPLD
   "SWT-1-154056::PATHID=1,SWSTATUS=OK,DOCCARE=FALSE,PORTTRAIL=\"12-19,12-2,2
-6,2-5\",ROUTING=UNKNOWN,OBMCONFIGURABLE=FALSE,CKTID=\"\",EDGEPORT=\"0-0\",DERIVED=TRUE,ACTIVE=FALSE"
   "SWT-1-154056::PATHID=2,SWSTATUS=OK,DOCCARE=FALSE,PORTTRAIL=\"2-8,2-7,12-1,12-20\",ROUTING=UNKNOWN,OBMCONFIGURABLE=FALSE,CKTID=\"\",EDGEPORT=\"0-0\",DERIVED=TRUE,ACTIVE=FALSE"
   "SWT-1-154095::PATHID=1,SWSTATUS=OK,DOCCARE=FALSE,PORTTRAIL=\"12-19,12-2,2-6,2-5\",ROUTING=UNK
NOWN,OBMCONFIGURABLE=FALSE,CKTID=\"\",EDGEPORT=\"0-0\",DERIVED=TRUE,ACTIVE=FALSE"
   "SWT-1-154095::PATHID=2,SWSTATUS=OK,DOCCARE=FALSE,PORTTRAIL=\"2-8,2-7,12-1,12-20\",ROUTING=UNKNOWN,OBMCONFIGURABLE=FALSE,CKTID=\"\",EDGEPORT=\"0-0\",DERIVED=TRUE,ACTIVE=FALSE"
   "SWT-1-154135::PATHID=1,SWSTATUS=OK,DOCCARE=FALSE,PORTTRAIL=\"12-19,12-2,2-6,2-5\",ROUTING=UNKNOWN,OBMCONFIGURABLE=FALSE,CKTID=\"\",EDGEPORT=\"0-0\",DERIVED=TRUE,ACTIVE=FALSE"
   "SWT-1-154135::PATHID=2,SWSTATUS=OK,DOCCARE=FALSE,PORT
TRAIL=\"2-8,2-
7,12-1,12-20\",ROUTING=UNKNOWN,OBMCONFIGURABLE=FALSE,CKTID=\"\",EDGEPORT=\"0-0\",DERIVED=TRUE,ACTIVE=FALSE"
   "SWT-1-154175::PATHID=1,SWSTATUS=OK,DOCCARE=FALSE,PORTTRAIL=\"12-19,12-2,2-6,2-5\",ROUTING=UNKNOWN,OBMCONFIGURABLE=FALSE,CKTID=\"\",EDGEPORT=\"0-0\",DERIVED=TRUE,ACTIVE=FALSE"
   "SWT-1-154175::PATHID=2,SWSTATUS=OK,DOCCARE=FALSE,PORTTRAIL=\"2-8,2-7,12-1,12-20\",ROUTING=UNKNOWN,OBMCONFIGURABLE=FALSE,CKTID=\"\",EDGEPORT=\"0-0\",DERIVED=TRUE,ACTIVE=FALSE"
   "SWT-1-154214::PATHID=1,SWST
ATUS=OK,DOCCARE=FALSE,PORTTRAIL=\"12-19,12-2,2-6,2-5\",ROUTING=UNKNOWN,OBMCONFIGURABLE=FALSE,CKTID=\"\",EDGEPORT=\"0-0\",DERIVED=TRUE,ACTIVE=FALSE"
   "SWT-1-154214::PATHID=2,SWSTATUS=OK,DOCCARE=FALSE,PORTTRAIL=\"2-8,2-7,12-1,12-20\",ROUTING=UNKNOWN,OBMCONFIGURABLE=FALSE,CKTID=\"\",EDGEPORT=\"0-0\",DERIVED=TRUE,ACTIVE=FALSE"
   "SWT-1-154254::PATHID=1,SWSTATUS=OK,DOCCARE=FALSE,PORTTRAIL=\"12-19,12-2,2-6,2-5\",ROUTING=UNKNOWN,OBMCONFIGURABLE=FALSE,CKTID=\"\",EDGEPORT=\"0-0\",DERIVED=TRUE,ACTIVE
=FALSE"
   "SWT-1-154254::PATHID=2,SWSTATUS=OK,DOCCARE=FALSE,PORTTRAIL=\"2-8,2-7,12-1,12-20\",ROUTING=UNKNOWN,OBMCONFIGURABLE=FALSE,CKTID=\"\",EDGEPORT=\"0-0\",DERIVED=TRUE,ACTIVE=FALSE"
   "SWT-1-154294::PATHID=1,SWSTATUS=OK,DOCCARE=FALSE,PORTTRAIL=\"12-19,12-2,2-6,2-5\",ROUTING=UNKNOWN,OBMCONFIGURABLE=FALSE,CKTID=\"\",EDGEPORT=\"0-0\",DERIVED=TRUE,ACTIVE=FALSE"
>

   ASD003A-CPL01 09-04-17 17:26:46
M  15 COMPLD
   "SWT-1-154294::PATHID=2,SWSTATUS=OK,DOCCARE=FALSE,PORTTRAIL=\"2-8,2-7,12-1
,12-20\",ROUTING=UNKNOWN,OBMCONFIGURABLE=FALSE,CKTID=\"\",EDGEPORT=\"0-0\",DERIVED=TRUE,ACTIVE=FALSE"
   "SWT-1-154333::PATHID=1,SWSTATUS=OK,DOCCARE=FALSE,PORTTRAIL=\"12-19,12-2,2-6,2-5\",ROUTING=UNKNOWN,OBMCONFIGURABLE=FALSE,CKTID=\"\",EDGEPORT=\"0-0\",DERIVED=TRUE,ACTIVE=FALSE"
   "SWT-1-154333::PATHID=2,SWSTATUS=OK,DOCCARE=FALSE,PORTTRAIL=\"2-8,2-7,12-1,12-20\",ROUTING=UNK
NOWN,OBMCONFIGURABLE=FALSE,CKTID=\"\",EDGEPORT=\"0-0\",DERIVED=TRUE,ACTIVE=FALSE"
   "SWT-1-154373::PATHID=1,SWSTATUS=OK,DOCCARE=FALSE,PORTTRAIL=\"12-19,12-2,2-6,2-5\",ROUTING=UNKNOWN,OBMCONFIGURABLE=FALSE,CKTID=\"\",EDGEPORT=\"0-0\",DERIVED=TRUE,ACTIVE=FALSE"
   "SWT-1-154373::PATHID=2,SWSTATUS=OK,DOCCARE=FALSE,PORTTRAIL=\"2-8,2-7,12-1,12-20\",ROUTING=UNKNOWN,OBMCONFIGURABLE=FALSE,CKTID=\"\",EDGEPORT=\"0-0\",DERIVED=TRUE,ACTIVE=FALSE"
   "SWT-1-154413::PATHID=1,SWSTATUS=OK,DOCCARE=FALSE,PORT
TRAIL=\"12-19,
12-2,2-6,2-5\",ROUTING=UNKNOWN,OBMCONFIGURABLE=FALSE,CKTID=\"\",EDGEPORT=\"0-0\",DERIVED=TRUE,ACTIVE=FALSE"
   "SWT-1-154413::PATHID=2,SWSTATUS=OK,DOCCARE=FALSE,PORTTRAIL=\"2-8,2-7,12-1,12-20\",ROUTING=UNKNOWN,OBMCONFIGURABLE=FALSE,CKTID=\"\",EDGEPORT=\"0-0\",DERIVED=TRUE,ACTIVE=FALSE"
   "SWT-1-154453::PATHID=1,SWSTATUS=OK,DOCCARE=FALSE,PORTTRAIL=\"12-19,12-2,2-6,2-5\",ROUTING=UNKNOWN,OBMCONFIGURABLE=FALSE,CKTID=\"\",EDGEPORT=\"0-0\",DERIVED=TRUE,ACTIVE=FALSE"
   "SWT-1-154453::PATHID=2,SWST
ATUS=OK,DOCCARE=FALSE,PORTTRAIL=\"2-8,2-7,12-1,12-20\",ROUTING=UNKNOWN,OBMCONFIGURABLE=FALSE,CKTID=\"\",EDGEPORT=\"0-0\",DERIVED=TRUE,ACTIVE=FALSE"
   "SWT-1-154492::PATHID=1,SWSTATUS=OK,DOCCARE=FALSE,PORTTRAIL=\"12-19,12-2,2-6,2-5\",ROUTING=UNKNOWN,OBMCONFIGURABLE=FALSE,CKTID=\"\",EDGEPORT=\"0-0\",DERIVED=TRUE,ACTIVE=FALSE"
   "SWT-1-154492::PATHID=2,SWSTATUS=OK,DOCCARE=FALSE,PORTTRAIL=\"2-8,2-7,12-1,12-20\",ROUTING=UNKNOWN,OBMCONFIGURABLE=FALSE,CKTID=\"\",EDGEPORT=\"0-0\",DERIVED=TRUE,ACTIVE
=FALSE"
   "SWT-1-154532::PATHID=1,SWSTATUS=OK,DOCCARE=FALSE,PORTTRAIL=\"12-19,12-2,2-6,2-5\",ROUTING=UNKNOWN,OBMCONFIGURABLE=FALSE,CKTID=\"\",EDGEPORT=\"0-0\",DERIVED=TRUE,ACTIVE=FALSE"
   "SWT-1-154532::PATHID=2,SWSTATUS=OK,DOCCARE=FALSE,PORTTRAIL=\"2-8,2-7,12-1,12-20\",ROUTING=UNKNOWN,OBMCONFIGURABLE=FALSE,CKTID=\"\",EDGEPORT=\"0-0\",DERIVED=TRUE,ACTIVE=FALSE"
>

   ASD003A-CPL01 09-04-17 17:26:46
M  15 COMPLD
   "SWT-1-154572::PATHID=1,SWSTATUS=OK,DOCCARE=FALSE,PORTTRAIL=\"12-19,12-2,2
-6,2-5\",ROUTING=UNKNOWN,OBMCONFIGURABLE=FALSE,CKTID=\"\",EDGEPORT=\"0-0\",DERIVED=TRUE,ACTIVE=FALSE"
   "SWT-1-154572::PATHID=2,SWSTATUS=OK,DOCCARE=FALSE,PORTTRAIL=\"2-8,2-7,12-1,12-20\",ROUTING=UNKNOWN,OBMCONFIGURABLE=FALSE,CKTID=\"\",EDGEPORT=\"0-0\",DERIVED=TRUE,ACTIVE=FALSE"
   "SWT-1-154612::PATHID=1,SWSTATUS=OK,DOCCARE=FALSE,PORTTRAIL=\"12-19,12-2,2-6,2-5\",ROUTING=UNK
NOWN,OBMCONFIGURABLE=FALSE,CKTID=\"\",EDGEPORT=\"0-0\",DERIVED=TRUE,ACTIVE=FALSE"
   "SWT-1-154612::PATHID=2,SWSTATUS=OK,DOCCARE=FALSE,PORTTRAIL=\"2-8,2-7,12-1,12-20\",ROUTING=UNKNOWN,OBMCONFIGURABLE=FALSE,CKTID=\"\",EDGEPORT=\"0-0\",DERIVED=TRUE,ACTIVE=FALSE"
   "SWT-1-154652::PATHID=1,SWSTATUS=OK,DOCCARE=FALSE,PORTTRAIL=\"12-19,12-2,2-6,2-5\",ROUTING=UNKNOWN,OBMCONFIGURABLE=FALSE,CKTID=\"\",EDGEPORT=\"0-0\",DERIVED=TRUE,ACTIVE=FALSE"
   "SWT-1-154652::PATHID=2,SWSTATUS=OK,DOCCARE=FALSE,PORT
TRAIL=\"2-8,2-
7,12-1,12-20\",ROUTING=UNKNOWN,OBMCONFIGURABLE=FALSE,CKTID=\"\",EDGEPORT=\"0-0\",DERIVED=TRUE,ACTIVE=FALSE"
   "SWT-1-154692::PATHID=1,SWSTATUS=OK,DOCCARE=FALSE,PORTTRAIL=\"12-19,12-2,2-6,2-5\",ROUTING=UNKNOWN,OBMCONFIGURABLE=FALSE,CKTID=\"\",EDGEPORT=\"0-0\",DERIVED=TRUE,ACTIVE=FALSE"
   "SWT-1-154692::PATHID=2,SWSTATUS=OK,DOCCARE=FALSE,PORTTRAIL=\"2-8,2-7,12-1,12-20\",ROUTING=UNKNOWN,OBMCONFIGURABLE=FALSE,CKTID=\"\",EDGEPORT=\"0-0\",DERIVED=TRUE,ACTIVE=FALSE"
   "SWT-1-154732::PATHID=1,SWST
ATUS=OK,DOCCARE=FALSE,PORTTRAIL=\"12-19,12-2,2-6,2-5\",ROUTING=UNKNOWN,OBMCONFIGURABLE=FALSE,CKTID=\"\",EDGEPORT=\"0-0\",DERIVED=TRUE,ACTIVE=FALSE"
   "SWT-1-154732::PATHID=2,SWSTATUS=OK,DOCCARE=FALSE,PORTTRAIL=\"2-8,2-7,12-1,12-20\",ROUTING=UNKNOWN,OBMCONFIGURABLE=FALSE,CKTID=\"\",EDGEPORT=\"0-0\",DERIVED=TRUE,ACTIVE=FALSE"
   "SWT-1-154772::PATHID=1,SWSTATUS=OK,DOCCARE=FALSE,PORTTRAIL=\"12-19,12-2,2-6,2-5\",ROUTING=UNKNOWN,OBMCONFIGURABLE=FALSE,CKTID=\"\",EDGEPORT=\"0-0\",DERIVED=TRUE,ACTIVE
=FALSE"
   "SWT-1-154772::PATHID=2,SWSTATUS=OK,DOCCARE=FALSE,PORTTRAIL=\"2-8,2-7,12-1,12-20\",ROUTING=UNKNOWN,OBMCONFIGURABLE=FALSE,CKTID=\"\",EDGEPORT=\"0-0\",DERIVED=TRUE,ACTIVE=FALSE"
   "SWT-1-154811::PATHID=1,SWSTATUS=OK,DOCCARE=FALSE,PORTTRAIL=\"12-19,12-2,2-6,2-5\",ROUTING=UNKNOWN,OBMCONFIGURABLE=FALSE,CKTID=\"\",EDGEPORT=\"0-0\",DERIVED=TRUE,ACTIVE=FALSE"
>

   ASD003A-CPL01 09-04-17 17:26:46
M  15 COMPLD
   "SWT-1-154811::PATHID=2,SWSTATUS=OK,DOCCARE=FALSE,PORTTRAIL=\"2-8,2-7,12-1
,12-20\",ROUTING=UNKNOWN,OBMCONFIGURABLE=FALSE,CKTID=\"\",EDGEPORT=\"0-0\",DERIVED=TRUE,ACTIVE=FALSE"
   "SWT-1-154851::PATHID=1,SWSTATUS=OK,DOCCARE=FALSE,PORTTRAIL=\"12-19,12-2,2-6,2-5\",ROUTING=UNKNOWN,OBMCONFIGURABLE=FALSE,CKTID=\"\",EDGEPORT=\"0-0\",DERIVED=TRUE,ACTIVE=FALSE"
   "SWT-1-154851::PATHID=2,SWSTATUS=OK,DOCCARE=FALSE,PORTTRAIL=\"2-8,2-7,12-1,12-20\",ROUTING=UNK
NOWN,OBMCONFIGURABLE=FALSE,CKTID=\"\",EDGEPORT=\"0-0\",DERIVED=TRUE,ACTIVE=FALSE"
   "SWT-1-154891::PATHID=1,SWSTATUS=OK,DOCCARE=FALSE,PORTTRAIL=\"12-19,12-2,2-6,2-5\",ROUTING=UNKNOWN,OBMCONFIGURABLE=FALSE,CKTID=\"\",EDGEPORT=\"0-0\",DERIVED=TRUE,ACTIVE=FALSE"
   "SWT-1-154891::PATHID=2,SWSTATUS=OK,DOCCARE=FALSE,PORTTRAIL=\"2-8,2-7,12-1,12-20\",ROUTING=UNKNOWN,OBMCONFIGURABLE=FALSE,CKTID=\"\",EDGEPORT=\"0-0\",DERIVED=TRUE,ACTIVE=FALSE"
   "SWT-1-154932::PATHID=1,SWSTATUS=OK,DOCCARE=FALSE,PORT
TRAIL=\"12-19,
12-2,2-6,2-5\",ROUTING=UNKNOWN,OBMCONFIGURABLE=FALSE,CKTID=\"\",EDGEPORT=\"0-0\",DERIVED=TRUE,ACTIVE=FALSE"
   "SWT-1-154932::PATHID=2,SWSTATUS=OK,DOCCARE=FALSE,PORTTRAIL=\"2-8,2-7,12-1,12-20\",ROUTING=UNKNOWN,OBMCONFIGURABLE=FALSE,CKTID=\"\",EDGEPORT=\"0-0\",DERIVED=TRUE,ACTIVE=FALSE"
   "SWT-1-154972::PATHID=1,SWSTATUS=OK,DOCCARE=FALSE,PORTTRAIL=\"12-19,12-2,2-6,2-5\",ROUTING=UNKNOWN,OBMCONFIGURABLE=FALSE,CKTID=\"\",EDGEPORT=\"0-0\",DERIVED=TRUE,ACTIVE=FALSE"
   "SWT-1-154972::PATHID=2,SWST
ATUS=OK,DOCCARE=FALSE,PORTTRAIL=\"2-8,2-7,12-1,12-20\",ROUTING=UNKNOWN,OBMCONFIGURABLE=FALSE,CKTID=\"\",EDGEPORT=\"0-0\",DERIVED=TRUE,ACTIVE=FALSE"
   "SWT-1-155012::PATHID=1,SWSTATUS=OK,DOCCARE=FALSE,PORTTRAIL=\"12-19,12-2,2-6,2-5\",ROUTING=UNKNOWN,OBMCONFIGURABLE=FALSE,CKTID=\"\",EDGEPORT=\"0-0\",DERIVED=TRUE,ACTIVE=FALSE"
   "SWT-1-155012::PATHID=2,SWSTATUS=OK,DOCCARE=FALSE,PORTTRAIL=\"2-8,2-7,12-1,12-20\",ROUTING=UNKNOWN,OBMCONFIGURABLE=FALSE,CKTID=\"\",EDGEPORT=\"0-0\",DERIVED=TRUE,ACTIVE
=FALSE"
   "SWT-1-155052::PATHID=1,SWSTATUS=OK,DOCCARE=FALSE,PORTTRAIL=\"12-19,12-2,2-6,2-5\",ROUTING=UNKNOWN,OBMCONFIGURABLE=FALSE,CKTID=\"\",EDGEPORT=\"0-0\",DERIVED=TRUE,ACTIVE=FALSE"
   "SWT-1-155052::PATHID=2,SWSTATUS=OK,DOCCARE=FALSE,PORTTRAIL=\"2-8,2-7,12-1,12-20\",ROUTING=UNKNOWN,OBMCONFIGURABLE=FALSE,CKTID=\"\",EDGEPORT=\"0-0\",DERIVED=TRUE,ACTIVE=FALSE"
>

   ASD003A-CPL01 09-04-17 17:26:46
M  15 COMPLD
   "SWT-1-155092::PATHID=1,SWSTATUS=OK,DOCCARE=FALSE,PORTTRAIL=\"12-19,12-2,2
-6,2-5\",ROUTING=UNKNOWN,OBMCONFIGURABLE=FALSE,CKTID=\"\",EDGEPORT=\"0-0\",DERIVED=TRUE,ACTIVE=FALSE"
   "SWT-1-155092::PATHID=2,SWSTATUS=OK,DOCCARE=FALSE,PORTTRAIL=\"2-8,2-7,12-1,12-20\",ROUTING=UNKNOWN,OBMCONFIGURABLE=FALSE,CKTID=\"\",EDGEPORT=\"0-0\",DERIVED=TRUE,ACTIVE=FALSE"
   "SWT-1-155132::PATHID=1,SWSTATUS=OK,DOCCARE=FALSE,PORTTRAIL=\"12-19,12-2,2-6,2-5\",ROUTING=UNK
NOWN,OBMCONFIGURABLE=FALSE,CKTID=\"\",EDGEPORT=\"0-0\",DERIVED=TRUE,ACTIVE=FALSE"
   "SWT-1-155132::PATHID=2,SWSTATUS=OK,DOCCARE=FALSE,PORTTRAIL=\"2-8,2-7,12-1,12-20\",ROUTING=UNKNOWN,OBMCONFIGURABLE=FALSE,CKTID=\"\",EDGEPORT=\"0-0\",DERIVED=TRUE,ACTIVE=FALSE"
   "SWT-1-155172::PATHID=1,SWSTATUS=OK,DOCCARE=FALSE,PORTTRAIL=\"12-19,12-2,2-6,2-5\",ROUTING=UNKNOWN,OBMCONFIGURABLE=FALSE,CKTID=\"\",EDGEPORT=\"0-0\",DERIVED=TRUE,ACTIVE=FALSE"
   "SWT-1-155172::PATHID=2,SWSTATUS=OK,DOCCARE=FALSE,PORT
TRAIL=\"2-8,2-
7,12-1,12-20\",ROUTING=UNKNOWN,OBMCONFIGURABLE=FALSE,CKTID=\"\",EDGEPORT=\"0-0\",DERIVED=TRUE,ACTIVE=FALSE"
   "SWT-1-155212::PATHID=1,SWSTATUS=OK,DOCCARE=FALSE,PORTTRAIL=\"12-19,12-2,2-6,2-5\",ROUTING=UNKNOWN,OBMCONFIGURABLE=FALSE,CKTID=\"\",EDGEPORT=\"0-0\",DERIVED=TRUE,ACTIVE=FALSE"
   "SWT-1-155212::PATHID=2,SWSTATUS=OK,DOCCARE=FALSE,PORTTRAIL=\"2-8,2-7,12-1,12-20\",ROUTING=UNKNOWN,OBMCONFIGURABLE=FALSE,CKTID=\"\",EDGEPORT=\"0-0\",DERIVED=TRUE,ACTIVE=FALSE"
   "SWT-1-155252::PATHID=1,SWST
ATUS=OK,DOCCARE=FALSE,PORTTRAIL=\"12-19,12-2,2-6,2-5\",ROUTING=UNKNOWN,OBMCONFIGURABLE=FALSE,CKTID=\"\",EDGEPORT=\"0-0\",DERIVED=TRUE,ACTIVE=FALSE"
   "SWT-1-155252::PATHID=2,SWSTATUS=OK,DOCCARE=FALSE,PORTTRAIL=\"2-8,2-7,12-1,12-20\",ROUTING=UNKNOWN,OBMCONFIGURABLE=FALSE,CKTID=\"\",EDGEPORT=\"0-0\",DERIVED=TRUE,ACTIVE=FALSE"
   "SWT-1-155293::PATHID=1,SWSTATUS=OK,DOCCARE=FALSE,PORTTRAIL=\"12-19,12-2,2-6,2-5\",ROUTING=UNKNOWN,OBMCONFIGURABLE=FALSE,CKTID=\"\",EDGEPORT=\"0-0\",DERIVED=TRUE,ACTIVE
=FALSE"
   "SWT-1-155293::PATHID=2,SWSTATUS=OK,DOCCARE=FALSE,PORTTRAIL=\"2-8,2-7,12-1,12-20\",ROUTING=UNKNOWN,OBMCONFIGURABLE=FALSE,CKTID=\"\",EDGEPORT=\"0-0\",DERIVED=TRUE,ACTIVE=FALSE"
   "SWT-1-155333::PATHID=1,SWSTATUS=OK,DOCCARE=FALSE,PORTTRAIL=\"12-19,12-2,2-6,2-5\",ROUTING=UNKNOWN,OBMCONFIGURABLE=FALSE,CKTID=\"\",EDGEPORT=\"0-0\",DERIVED=TRUE,ACTIVE=FALSE"
>


   ASD003A-CPL01 09-04-17 17:26:46
M  15 COMPLD
   "SWT-1-155333::PATHID=2,SWSTATUS=OK,DOCCARE=FALSE,PORTTRAIL=\"2-8,2-7,12-1,12-20\",ROUTING=UNKNOWN,OBMCONFIGURABLE=FALSE,CKTID=\"\",EDGEPORT=\"0-0\",DERIVED=TRUE,ACTIVE=FALSE"
   "SWT-1-155373::PATHID=1,SWSTATUS=OK,DOCCARE=FALSE,PORTTRAIL=\"12-19,12-2,2-6,2-5\",ROUTING=UNKNOWN,OBMCONFIGURABLE=FALSE,CKTID=\"\",EDGEPORT=\"0-0\",DERIVED=TRUE,ACTIVE=FALSE"
   "SWT-1-155373::PATHID=2,SWSTATUS=OK,DOCCARE=FALSE,PORTTRAIL=\"2-8,2-7,12-1,12-20\",ROUTING=UNK
NOWN,OBMCONFIGURABLE=FALSE,CKTID=\"\",EDGEPORT=\"0-0\",DERIVED=TRUE,ACTIVE=FALSE"
   "SWT-1-155413::PATHID=1,SWSTATUS=OK,DOCCARE=FALSE,PORTTRAIL=\"12-19,12-2,2-6,2-5\",ROUTING=UNKNOWN,OBMCONFIGURABLE=FALSE,CKTID=\"\",EDGEPORT=\"0-0\",DERIVED=TRUE,ACTIVE=FALSE"
   "SWT-1-155413::PATHID=2,SWSTATUS=OK,DOCCARE=FALSE,PORTTRAIL=\"2-8,2-7,12-1,12-20\",ROUTING=UNKNOWN,OBMCONFIGURABLE=FALSE,CKTID=\"\",EDGEPORT=\"0-0\",DERIVED=TRUE,ACTIVE=FALSE"
   "SWT-1-155454::PATHID=1,SWSTATUS=OK,DOCCARE=FALSE,PORTTRAIL=\"12
-19,
12-2,2-6,2-5\",ROUTING=UNKNOWN,OBMCONFIGURABLE=FALSE,CKTID=\"\",EDGEPORT=\"0-0\",DERIVED=TRUE,ACTIVE=FALSE"
   "SWT-1-155454::PATHID=2,SWSTATUS=OK,DOCCARE=FALSE,PORTTRAIL=\"2-8,2-7,12-1,12-20\",ROUTING=UNKNOWN,OBMCONFIGURABLE=FALSE,CKTID=\"\",EDGEPORT=\"0-0\",DERIVED=TRUE,ACTIVE=FALSE"
   "SWT-1-155494::PATHID=1,SWSTATUS=OK,DOCCARE=FALSE,PORTTRAIL=\"12-19,12-2,2-6,2-5\",ROUTING=UNKNOWN,OBMCONFIGURABLE=FALSE,CKTID=\"\",EDGEPORT=\"0-0\",DERIVED=TRUE,ACTIVE=FALSE"
   "SWT-1-155494::PATHID=2,SWST
ATUS=OK,DO
CCARE=FALSE,PORTTRAIL=\"2-8,2-7,12-1,12-20\",ROUTING=UNKNOWN,OBMCONFIGURABLE=FALSE,CKTID=\"\",EDGEPORT=\"0-0\",DERIVED=TRUE,ACTIVE=FALSE"
   "SWT-1-155534::PATHID=1,SWSTATUS=OK,DOCCARE=FALSE,PORTTRAIL=\"12-19,12-2,2-6,2-5\",ROUTING=UNKNOWN,OBMCONFIGURABLE=FALSE,CKTID=\"\",EDGEPORT=\"0-0\",DERIVED=TRUE,ACTIVE=FALSE"
   "SWT-1-155534::PATHID=2,SWSTATUS=OK,DOCCARE=FALSE,PORTTRAIL=\"2-8,2-7,12-1,12-20\",ROUTING=UNKNOWN,OBMCONFIGURABLE=FALSE,CKTID=\"\",EDGEPORT=\"0-0\",DERIVED=TRUE,ACTIVE=FALSE"
 
  "SWT-1-1
5557
5::PATHID=1,SWSTATUS=OK,DOCCARE=FALSE,PORTTRAIL=\"12-19,12-2,2-6,2-5\",ROUTING=UNKNOWN,OBMCONFIGURABLE=FALSE,CKTID=\"\",EDGEPORT=\"0-0\",DERIVED=TRUE,ACTIVE=FALSE"
   "SWT-1-155575::PATHID=2,SWSTATUS=OK,DOCCARE=FALSE,PORTTRAIL=\"2-8,2-7,12-1,12-20\",ROUTING=UNKNOWN,OBMCONFIGURABLE=FALSE,CKTID=\"\",EDGEPORT=\"0-0\",DERIVED=TRUE,ACTIVE=FALSE"
>


   ASD003A-CPL01 09-04-17 17:26:46
M  15 COMPLD
   "SWT-1-155615::PATHID=1,SWSTATUS=OK,DOCCARE=FALSE,PORTTRAIL=\"12-19,12-2,2-6,2-5\",ROUTING=UNKNOWN,OBMCONFIGURABLE=FALSE,CKTID=\"\",EDGEPORT=\"0-0\",DERIVED=TRUE,ACTIVE=FALSE"
   "SWT-1-155615::PATHID=2,SWSTATUS=OK,DOCCARE=FALSE,PORTTRAIL=\"2-8,2-7,12-1,12-20\",ROUTING=UNKNOWN,OBMCONFIGURABLE=FALSE,CKTID=\"\",EDGEPORT=\"0-0\",DERIVED=TRUE,ACTIVE=FALSE"
   "SWT-1-155655::PATHID=1,SWSTATUS=OK,DOCCARE=FALSE,PORTTRAIL=\"12-19,12-2,2-6,2-5\",R
OUTING=UNK
NOWN,OBMCONFIGURABLE=FALSE,CKTID=\"\",EDGEPORT=\"0-0\",DERIVED=TRUE,ACTIVE=FALSE"
   "SWT-1-155655::PATHID=2,SWSTATUS=OK,DOCCARE=FALSE,PORTTRAIL=\"2-8,2-7,12-1,12-20\",ROUTING=UNKNOWN,OBMCONFIGURABLE=FALSE,CKTID=\"\",EDGEPORT=\"0-0\",DERIVED=TRUE,ACTIVE=FALSE"
   "SWT-1-155696::PATHID=1,SWSTATUS=OK,DOCCARE=FALSE,PORTTRAIL=\"12-19,12-2,2-6,2-5\",ROUTING=UNKNOWN,OBMCONFIGURABLE=FALSE,CKTID=\"\",EDGEPORT=\"0-0\",DERIVED=TRUE,ACTIVE=FALSE"
   "SWT-1-155696::PATHID=2,SWSTATUS=OK,DOCCARE=FALSE,PORTTRAIL=\"2-
8,2-
7,12-1,12-20\",ROUTING=UNKNOWN,OBMCONFIGURABLE=FALSE,CKTID=\"\",EDGEPORT=\"0-0\",DERIVED=TRUE,ACTIVE=FALSE"
   "SWT-1-155736::PATHID=1,SWSTATUS=OK,DOCCARE=FALSE,PORTTRAIL=\"12-19,12-2,2-6,2-5\",ROUTING=UNKNOWN,OBMCONFIGURABLE=FALSE,CKTID=\"\",EDGEPORT=\"0-0\",DERIVED=TRUE,ACTIVE=FALSE"
   "SWT-1-155736::PATHID=2,SWSTATUS=OK,DOCCARE=FALSE,PORTTRAIL=\"2-8,2-7,12-1,12-20\",ROUTING=UNKNOWN,OBMCONFIGURABLE=FALSE,CKTID=\"\",EDGEPORT=\"0-0\",DERIVED=TRUE,ACTIVE=FALSE"
   "SWT-1-155777::PATHID=1,SWSTATUS=OK,DO
CCARE=FALSE,PORTTRAIL=\"12-19,12-2,2-6,2-5\",ROUTING=UNKNOWN,OBMCONFIGURABLE=FALSE,CKTID=\"\",EDGEPORT=\"0-0\",DERIVED=TRUE,ACTIVE=FALSE"
   "SWT-1-155777::PATHID=2,SWSTATUS=OK,DOCCARE=FALSE,PORTTRAIL=\"2-8,2-7,12-1,12-20\",ROUTING=UNKNOWN,OBMCONFIGURABLE=FALSE,CKTID=\"\",EDGEPORT=\"0-0\",DERIVED=TRUE,ACTIVE=FALSE"
   "SWT-1-155817::PATHID=1,SWSTATUS=OK,DOCCARE=TRUE,PORTTRAIL=\"12-3,12-2,2-6,2-5\",ROUTING=ADD,OBMCONFIGURABLE=FALSE,CKTID=\"DRAC-E3429191-1235599749043\",EDGEPORT=\"12-3\",DERIVED=TRUE,ACTI
VE=T
RUE"
   "SWT-1-155817::PATHID=2,SWSTATUS=OK,DOCCARE=TRUE,PORTTRAIL=\"2-8,2-7,12-1,12-4\",ROUTING=DROP,OBMCONFIGURABLE=FALSE,CKTID=\"DRAC-E3429191-1237839015824\",EDGEPORT=\"12-4\",DERIVED=TRUE,ACTIVE=FALSE"
   "SWT-1-155858::PATHID=1,SWSTATUS=OK,DOCCARE=TRUE,PORTTRAIL=\"12-5,12-2,2-6,2-5\",ROUTING=ADD,OBMCONFIGURABLE=FALSE,CKTID=\"DRAC-E3429191-1238145103797\",EDGEPORT=\"12-5\",DERIVED=TRUE,ACTIVE=TRUE"
>


   ASD003A-CPL01 09-04-17 17:26:46
M  15 COMPLD
   "SWT-1-155858::PATHID=2,SWSTATUS=OK,DOCCARE=TRUE,PORTTRAIL=\"2-8,2-7,12-1,12-6\",ROUTING=DROP,OBMCONFIGURABLE=FALSE,CKTID=\"DRAC-E3429191-1238145103797\",EDGEPORT=\"12-6\",DERIVED=TRUE,ACTIVE=FALSE"
   "SWT-1-155898::PATHID=1,SWSTATUS=OK,DOCCARE=TRUE,PORTTRAIL=\"12-7,12-2,2-6,2-5\",ROUTING=ADD,OBMCONFIGURABLE=FALSE,CKTID=\"\",EDGEPORT=\"12-7\",DERIVED=TRUE,ACTIVE=TRUE"
   "SWT-1-155898::PATHID=2,SWSTATUS=OK,DOCCARE=TRUE,PORTTRAIL=\"2-8,2-
7,12-1,12-
8\",ROUTING=DROP,OBMCONFIGURABLE=FALSE,CKTID=\"\",EDGEPORT=\"12-8\",DERIVED=TRUE,ACTIVE=FALSE"
   "SWT-1-155939::PATHID=1,SWSTATUS=OK,DOCCARE=FALSE,PORTTRAIL=\"12-9,12-2,2-6,2-5\",ROUTING=UNKNOWN,OBMCONFIGURABLE=FALSE,CKTID=\"\",EDGEPORT=\"0-0\",DERIVED=TRUE,ACTIVE=FALSE"
   "SWT-1-155939::PATHID=2,SWSTATUS=OK,DOCCARE=FALSE,PORTTRAIL=\"2-8,2-7,12-1,12-10\",ROUTING=UNKNOWN,OBMCONFIGURABLE=FALSE,CKTID=\"\",EDGEPORT=\"0-0\",DERIVED=TRUE,ACTIVE=FALSE"
   "SWT-1-155979::PATHID=1,SWSTATUS=OK,DOCCARE=FALSE,PO
RTTR
AIL=\"12-11,12-2,2-6,2-5\",ROUTING=ADD,OBMCONFIGURABLE=FALSE,CKTID=\"DRAC-E3429191-1238145793161\",EDGEPORT=\"12-11\",DERIVED=TRUE,ACTIVE=FALSE"
   "SWT-1-155979::PATHID=2,SWSTATUS=OK,DOCCARE=FALSE,PORTTRAIL=\"2-8,2-7,12-1,12-12\",ROUTING=DROP,OBMCONFIGURABLE=FALSE,CKTID=\"DRAC-E3429191-1238145793161\",EDGEPORT=\"12-12\",DERIVED=TRUE,ACTIVE=FALSE"
   "SWT-1-156020::PATHID=1,SWSTATUS=OK,DOCCARE=FALSE,PORTTRAIL=\"12-13,12-2,2-6,2-5\",ROUTING=UNKNOWN,OBMCONFIGURABLE=FALSE,CKTID=\"\",EDGEPORT=\"0-
0\",DERIVE
D=TRUE,ACTIVE=FALSE"
   "SWT-1-156020::PATHID=2,SWSTATUS=OK,DOCCARE=FALSE,PORTTRAIL=\"2-8,2-7,12-1,12-14\",ROUTING=UNKNOWN,OBMCONFIGURABLE=FALSE,CKTID=\"\",EDGEPORT=\"0-0\",DERIVED=TRUE,ACTIVE=FALSE"
   "SWT-1-156061::PATHID=1,SWSTATUS=OK,DOCCARE=TRUE,PORTTRAIL=\"12-15,12-2,2-6,2-5\",ROUTING=ADD,OBMCONFIGURABLE=FALSE,CKTID=\"DRAC-E3429191-1233776182912\",EDGEPORT=\"12-15\",DERIVED=TRUE,ACTIVE=TRUE"
   "SWT-1-156061::PATHID=2,SWSTATUS=OK,DOCCARE=TRUE,PORTTRAIL=\"2-8,2-7,12-1,12-16\",ROUTING=DR
OP,OBMCONF
IGUR
ABLE=FALSE,CKTID=\"DRAC-E3429191-1233776182912\",EDGEPORT=\"12-16\",DERIVED=TRUE,ACTIVE=FALSE"
   "SWT-1-156101::PATHID=1,SWSTATUS=OK,DOCCARE=FALSE,PORTTRAIL=\"12-17,12-2,2-6,2-5\",ROUTING=UNKNOWN,OBMCONFIGURABLE=FALSE,CKTID=\"\",EDGEPORT=\"0-0\",DERIVED=TRUE,ACTIVE=FALSE"
   "SWT-1-156101::PATHID=2,SWSTATUS=OK,DOCCARE=FALSE,PORTTRAIL=\"2-8,2-7,12-1,12-18\",ROUTING=UNKNOWN,OBMCONFIGURABLE=FALSE,CKTID=\"\",EDGEPORT=\"0-0\",DERIVED=TRUE,ACTIVE=FALSE"
>


   ASD003A-CPL01 09-04-17 17:26:46
M  15 COMPLD
   "SWT-1-156142::PATHID=1,SWSTATUS=OK,DOCCARE=FALSE,PORTTRAIL=\"2-6,2-5\",ROUTING=UNKNOWN,OBMCONFIGURABLE=FALSE,CKTID=\"\",EDGEPORT=\"0-0\",DERIVED=TRUE,ACTIVE=FALSE"
   "SWT-1-156142::PATHID=2,SWSTATUS=OK,DOCCARE=FALSE,PORTTRAIL=\"2-8,2-7\",ROUTING=UNKNOWN,OBMCONFIGURABLE=FALSE,CKTID=\"\",EDGEPORT=\"0-0\",DERIVED=TRUE,ACTIVE=FALSE"
   "SWT-1-156183::PATHID=1,SWSTATUS=OK,DOCCARE=FALSE,PORTTRAIL=\"2-6,2-5\",ROUTING=UNKNOWN,OBMCONFIGURABLE=FALSE,CKTID=
\"\",EDGEPORT=\"0-0\",DERIVED=TRUE,ACTIVE=FALSE"
   "SWT-1-156183::PATHID=2,SWSTATUS=OK,DOCCARE=FALSE,PORTTRAIL=\"2-8,2-7\",ROUTING=UNKNOWN,OBMCONFIGURABLE=FALSE,CKTID=\"\",EDGEPORT=\"0-0\",DERIVED=TRUE,ACTIVE=FALSE"
   "SWT-1-156223::PATHID=1,SWSTATUS=OK,DOCCARE=FALSE,PORTTRAIL=\"12-19,12-2,2-6,2-5\",ROUTING=UNKNOWN,OBMCONFIGURABLE=FALSE,CKTID=\"\",EDGEPORT=\"0-0\",DERIVED=TRUE,ACTIVE=FALSE"
   "SWT-1-156223::PATHID=2,SWSTATUS=OK,DOCCARE=FALSE,PORTTRAIL=\"2-8,2-7,12-1,12-20\",ROUTING=UNKNOWN,OBMCONFIG
URAB
LE=FALSE,CKTID=\"\",EDGEPORT=\"0-0\",DERIVED=TRUE,ACTIVE=FALSE"
   "SWT-1-156264::PATHID=1,SWSTATUS=OK,DOCCARE=FALSE,PORTTRAIL=\"12-19,12-2,2-6,2-5\",ROUTING=UNKNOWN,OBMCONFIGURABLE=FALSE,CKTID=\"\",EDGEPORT=\"0-0\",DERIVED=TRUE,ACTIVE=FALSE"
   "SWT-1-156264::PATHID=2,SWSTATUS=OK,DOCCARE=FALSE,PORTTRAIL=\"2-8,2-7,12-1,12-20\",ROUTING=UNKNOWN,OBMCONFIGURABLE=FALSE,CKTID=\"\",EDGEPORT=\"0-0\",DERIVED=TRUE,ACTIVE=FALSE"
   "SWT-1-156305::PATHID=1,SWSTATUS=OK,DOCCARE=FALSE,PORTTRAIL=\"12-19,12-2
,2-6,2-5\"
,ROUTING=UNKNOWN,OBMCONFIGURABLE=FALSE,CKTID=\"\",EDGEPORT=\"0-0\",DERIVED=TRUE,ACTIVE=FALSE"
   "SWT-1-156305::PATHID=2,SWSTATUS=OK,DOCCARE=FALSE,PORTTRAIL=\"2-8,2-7,12-1,12-20\",ROUTING=UNKNOWN,OBMCONFIGURABLE=FALSE,CKTID=\"\",EDGEPORT=\"0-0\",DERIVED=TRUE,ACTIVE=FALSE"
   "SWT-1-156345::PATHID=1,SWSTATUS=OK,DOCCARE=FALSE,PORTTRAIL=\"12-19,12-2,2-6,2-5\",ROUTING=UNKNOWN,OBMCONFIGURABLE=FALSE,CKTID=\"\",EDGEPORT=\"0-0\",DERIVED=TRUE,ACTIVE=FALSE"
   "SWT-1-156345::PATHID=2,SWSTATUS=OK,DOCCAR
E=FALSE,PO
RTTR
AIL=\"2-8,2-7,12-1,12-20\",ROUTING=UNKNOWN,OBMCONFIGURABLE=FALSE,CKTID=\"\",EDGEPORT=\"0-0\",DERIVED=TRUE,ACTIVE=FALSE"
   "SWT-1-156386::PATHID=1,SWSTATUS=OK,DOCCARE=FALSE,PORTTRAIL=\"12-19,12-2,2-6,2-5\",ROUTING=UNKNOWN,OBMCONFIGURABLE=FALSE,CKTID=\"\",EDGEPORT=\"0-0\",DERIVED=TRUE,ACTIVE=FALSE"
>


   ASD003A-CPL01 09-04-17 17:26:46
M  15 COMPLD
   "SWT-1-156386::PATHID=2,SWSTATUS=OK,DOCCARE=FALSE,PORTTRAIL=\"2-8,2-7,12-1,12-20\",ROUTING=UNKNOWN,OBMCONFIGURABLE=FALSE,CKTID=\"\",EDGEPORT=\"0-0\",DERIVED=TRUE,ACTIVE=FALSE"
   "SWT-1-156427::PATHID=1,SWSTATUS=OK,DOCCARE=FALSE,PORTTRAIL=\"12-19,12-2,2-6,2-5\",ROUTING=UNKNOWN,OBMCONFIGURABLE=FALSE,CKTID=\"\",EDGEPORT=\"0-0\",DERIVED=TRUE,ACTIVE=FALSE"
   "SWT-1-156427::PATHID=2,SWSTATUS=OK,DOCCARE=FALSE,PORTTRAIL=\"2-8,2-7,12-1,12-20\",ROUTING=UNK
NOWN,OBMCONFIGURABLE=FALSE,CKTID=\"\",EDGEPORT=\"0-0\",DERIVED=TRUE,ACTIVE=FALSE"
   "SWT-1-156468::PATHID=1,SWSTATUS=OK,DOCCARE=FALSE,PORTTRAIL=\"12-19,12-2,2-6,2-5\",ROUTING=UNKNOWN,OBMCONFIGURABLE=FALSE,CKTID=\"\",EDGEPORT=\"0-0\",DERIVED=TRUE,ACTIVE=FALSE"
   "SWT-1-156468::PATHID=2,SWSTATUS=OK,DOCCARE=FALSE,PORTTRAIL=\"2-8,2-7,12-1,12-20\",ROUTING=UNKNOWN,OBMCONFIGURABLE=FALSE,CKTID=\"\",EDGEPORT=\"0-0\",DERIVED=TRUE,ACTIVE=FALSE"
   "SWT-1-156509::PATHID=1,SWSTATUS=OK,DOCCARE=FALSE,PORT
TRAIL=\"12
-19,
12-2,2-6,2-5\",ROUTING=UNKNOWN,OBMCONFIGURABLE=FALSE,CKTID=\"\",EDGEPORT=\"0-0\",DERIVED=TRUE,ACTIVE=FALSE"
   "SWT-1-156509::PATHID=2,SWSTATUS=OK,DOCCARE=FALSE,PORTTRAIL=\"2-8,2-7,12-1,12-20\",ROUTING=UNKNOWN,OBMCONFIGURABLE=FALSE,CKTID=\"\",EDGEPORT=\"0-0\",DERIVED=TRUE,ACTIVE=FALSE"
;
<<RTRV-HDR keep alive sent>>

IP 16
<


   ASD003A-CPL01 09-04-17 17:26:56
M  16 COMPLD
;
<<RTRV-HDR keep alive sent>>

IP 17
<


   ASD003A-CPL01 09-04-17 17:27:16
M  17 COMPLD
;
<<RTRV-HDR keep alive sent>>

IP 18
<


   ASD003A-CPL01 09-04-17 17:27:36
M  18 COMPLD
;
<<RTRV-HDR keep alive sent>>

IP 19
<


   ASD003A-CPL01 09-04-17 17:27:56
M  19 COMPLD
;
<<RTRV-HDR keep alive sent>>

IP 20
<


   ASD003A-CPL01 09-04-17 17:28:16
M  20 COMPLD
;
<<RTRV-HDR keep alive sent>>

IP 21
<


   ASD003A-CPL01 09-04-17 17:28:37
M  21 COMPLD
;
<<RTRV-HDR keep alive sent>>

IP 22
<


   ASD003A-CPL01 09-04-17 17:28:57
M  22 COMPLD
;
<<RTRV-HDR keep alive sent>>

IP 23
<


   ASD003A-CPL01 09-04-17 17:29:17
M  23 COMPLD
;
<<RTRV-HDR keep alive sent>>

IP 24
<


   ASD003A-CPL01 09-04-17 17:29:37
M  24 COMPLD
;
<<RTRV-HDR keep alive sent>>

IP 25
<


   ASD003A-CPL01 09-04-17 17:29:57
M  25 COMPLD
;
<<RTRV-HDR keep alive sent>>

IP 26
<


   ASD003A-CPL01 09-04-17 17:30:17
M  26 COMPLD
;
<<RTRV-HDR keep alive sent>>

IP 27
<


   ASD003A-CPL01 09-04-17 17:30:37
M  27 COMPLD
;
<<RTRV-HDR keep alive sent>>

IP 28
<


   ASD003A-CPL01 09-04-17 17:30:57
M  28 COMPLD
;
<<RTRV-HDR keep alive sent>>

IP 29
<


   ASD003A-CPL01 09-04-17 17:31:18
M  29 COMPLD
;
<<RTRV-HDR keep alive sent>>

IP 30
<


   ASD003A-CPL01 09-04-17 17:31:38
M  30 COMPLD
;
<<RTRV-HDR keep alive sent>>

IP 31
<


   ASD003A-CPL01 09-04-17 17:31:58
M  31 COMPLD
;
<<RTRV-HDR keep alive sent>>

IP 32
<


   ASD003A-CPL01 09-04-17 17:32:18
M  32 COMPLD
;
