***** (re)Starting logger at Sat Dec 29 10:44:18 EST 2012*****


**** TL1 session opened at Sat Dec 29 10:44:18 EST 2012 ****


<<RTRV-HDR keep alive sent>>
ÿûÿûÿý

WARNING! This computer system and network is PRIVATE and PROPRIETARY of
[SURFnet] and may only be accesses by authorized users. Unauthorized use of
this computer system or network is strictly prohibited and may be subject
to criminal prosecution, employee discipline up to and including discharge,
or the termination of the vendor/service contracts. The owner, or its
agents, may monitor any activity or communication on the computer system or
NETWORK.

--- Copyright (c) 2000 - 2011 Ciena (R) Corporation. All Rights Reserved ---
|  NOTICE: This is a private computer system.                              |
|  Unauthorized access or use may lead to prosecution.                     |
|                                                                          |
|  Ciena 6500 OPTICAL                                                      |
----------------------------------------------------------------------------

/*
 * Starting Interactive TL1 Command Mode.
 * Type ? for help while constructing TL1 commands.
 * Type .? for specific parameter/keyword help.
 */


IP 2
<

   "Ledn001A_OME01" 12-12-29 15:44:18
M  2 DENY
   PLNA
   /*Privilege, Login Not Active*/
;<<ACT-USER sent, password hidden>>
IP 3
<

   "Ledn001A_OME01" 12-12-29 15:44:21
M  3 COMPLD
;RTRV-NETYPE:"Ledn001A_OME01"::4;
IP 4
<

   "Ledn001A_OME01" 12-12-29 15:44:22
M  4 COMPLD
   "CIENA,\"6500 OPTICAL\",OCP,\"REL0810Z.HD\""
;RTRV-SW-VER:"Ledn001A_OME01"::5;
IP 5
<

   "Ledn001A_OME01" 12-12-29 15:44:22
M  5 COMPLD
   "SHELF-1:REL0810Z.HD"
;RTRV-RTG-INFO:"Ledn001A_OME01"::6:::NAME="Ledn001A_OME01";
IP 6
<

   "Ledn001A_OME01" 12-12-29 15:45:02
M  6 COMPLD
   "SHELF-1::,\"Ledn001A_OME01\",0020D8DF3C37|145.145.74.17,00001600,YES"
;RTRV-SYS:"Ledn001A_OME01"::7;
IP 7
<

   "Ledn001A_OME01" 12-12-29 15:45:03
M  7 COMPLD
   "SHELF-1::ACTUALCOOLING=LOWFLOW,ACTUALPOWER=655,AINSTIMEOUT=00-05,ALMCORR=OFF,ALMHO=2.5,BAYFICINAO=FALSE,BITSMODE=SDH,CSFMCASTMAC=0180C2880001,EQPTCURRENT=40,ETHEERTH=20,ETHGFPRFI=ENABLED,ETHGFPRFIUPI=128,ETHSDTH=1,FCEERTH=20,FCSDTH=1,FIBERLOSSDETECTION=DISABLED,FILLERMGMT=ENABLED,GCC0MODE=IISIS,GCC1MODE=DISABLED,LASEROFFFARENDFAIL=DISABLED,LINEPEVSTAT=MAN&AUTO,MAJORDEGRADETHRESH=6.00,MINCOOLING=LOWFLOW,MINORDEGRADETHRESH=3.00,MONITORFAN=ENABLED,NEMODE=SDH,OSCMODE=OSPF,PATHEBERTH=3,PATHPEVSTAT=MAN,PATHSDTH=6,PATHSWCRIT=UNEQ&SD&EBER&AIS&LOP,PROVCURRENT=40,PTHAISINSERT=AIS&LOP,SHELFSYNCH=NO,STATE=NORMAL,WANFREERTH=20,WANFRSDTH=1,WANTREERTH=20,WANTRSDTH=1"
;ALW-MSG-BROADCAST:"Ledn001A_OME01":ALL:8;
IP 8
<

   "Ledn001A_OME01" 12-12-29 15:45:03
M  8 COMPLD
;RTRV-EQPT:"Ledn001A_OME01":ALL:9;
IP 9
<

   "Ledn001A_OME01" 12-12-29 15:45:04
M  9 COMPLD
   "GE-1-1::PROVPEC=NTK535LA,CTYPE=\"GE EPL 4 Port SFP\",SNMPINDEX=671220736,PEC=NTK535LA,REL= 02 ,CLEI=WMOTAJ4JAB,SER=NNTM01K1D3HCO,MDAT=2004-36,AGE=06-362-09-57,ONSC=06-362-09-57:IS,ACT"
   "PGEFC-1-1-1::PROVPEC=NTTP01CF,CTYPE=\"GE LX [10k]/FC100 SM 1310nm LC SFP\",SNMPINDEX=671220737,PEC=NTTP01CF,REL=01,CLEI=WMOTAH1JAA,SER=EXLGJPM6E6850068:IS,ACT"
   "PGEFC-1-1-2::PROVPEC=NTTP01CF,CTYPE=\"GE LX [10k]/FC100 SM 1310nm LC SFP\",SNMPINDEX=671220738,PEC=NTTP01CF,REL=01,CLEI=WMOTAH1JAA,SER=EXLGJPD651590067:IS,ACT"
   "PGEFC-1-1-3::PROVPEC=NTK591SB,CTYPE=\"Trcvr,1.25Gb/s,24dB,CWDM,1591nm\",SNMPINDEX=671220739,PEC=NTK591SB,REL=02,CLEI=WMOTBKKJAA,SER=EXLGJPF3E3460025:IS,ACT"
   "PGEFC-1-1-4::PROVPEC=NTTP01CF,CTYPE=\"GE LX [10k]/FC100 SM 1310nm LC SFP\",SNMPINDEX=671220740,PEC=NTTP01CF,REL=01,CLEI=WMOTAH1JAA,SER=EXLGJPM5T5030049:IS,ACT"
   "GE-1-2::PROVPEC=NTK535LA,CTYPE=\"GE EPL 4 Port SFP\",SNMPINDEX=671221760,PEC=NTK535LA,REL= 03 ,CLEI=WMOTAJ4JAC,SER=NNTM0121D3SJK,MDAT=2004-42,AGE=06-362-10-03,ONSC=06-362-10-03:IS,ACT"
   "PGEFC-1-2-1::PROVPEC=NTTP01CF,CTYPE=\"GE LX [10k]/FC100 SM 1310nm LC SFP\",SNMPINDEX=671221761,PEC=NTTP01CF,REL=01,CLEI=WMOTAH1JAA,SER=EXLGJPM4E4260286:IS,ACT"
   "PGEFC-1-2-2::PROVPEC=NTTP01CF,CTYPE=\"GE LX [10k]/FC100 SM 1310nm LC SFP\",SNMPINDEX=671221762,PEC=NTTP01CF,REL=01,CLEI=WMOTAH1JAA,SER=EXLGJPM5T5030159:IS,ACT"
   "PGEFC-1-2-3::PROVPEC=NTTP01CF,CTYPE=\"GE LX [10k]/FC100 SM 1310nm LC SFP\",SNMPINDEX=671221763,PEC=NTTP01CF,REL=01,CLEI=WMOTAH1JAA,SER=EXLGJPM6E6850076:IS,ACT"
   "PGEFC-1-2-4::PROVPEC=NTTP01CF,CTYPE=\"GE LX [10k]/FC100 SM 1310nm LC SFP\",SNMPINDEX=671221764,PEC=NTTP01CF,REL=01,CLEI=WMOTAH1JAA,SER=EXLGJPM4E4260226:IS,ACT"
>

   "Ledn001A_OME01" 12-12-29 15:45:04
M  9 COMPLD
   "10G-1-3::PROVPEC=NTK523FA,CTYPE=\"OC-192/STM-64 STS-1/HO 1 Port LR-2/L-64.2 1533\",SNMPINDEX=671222784,PEC=NTK523FA,REL= 09 ,CLEI=WMOTAHWJAB,SER=NNTMH8Y001K25,MDAT=2006-36,AGE=01-294-04-22,ONSC=01-294-04-22:IS,ACT"
   "10G-1-5::PROVPEC=NTK526MN,CTYPE=\"OC-192/STM-64 STS-1/HO 1 Port G.709 DWDM 1552.52nm\",SNMPINDEX=671224832,PEC=NTK526MN,REL= 05 ,CLEI=WMOTBEFJAA,SER=NNTM0151D48C1,MDAT=2004-51,AGE=01-294-04-25,ONSC=01-294-04-25:IS,ACT"
   "10G-1-6::PROVPEC=NTK526KE,CTYPE=\"OC-192/STM-64 STS-1/HO 1 Port G.709 DWDM 1530.33nm\",SNMPINDEX=671225856,PEC=NTK526KE,REL= 05 ,CLEI=WMOTBDSJAA,SER=NNTM01B1D4933,MDAT=2004-52,AGE=01-294-04-22,ONSC=01-294-04-22:IS,ACT"
   "XC-1-7::PROVPEC=NTK557BA,CTYPE=\"X-Conn 160G+ STS-1/VC-3 Sync-ST3\",SNMPINDEX=671226880,PEC=NTK557BA,REL= 06 ,CLEI=WMIXCE0BAD,SER=NNTM0131D36C6,MDAT=2004-48,AGE=02-208-07-24,ONSC=00-228-10-48:IS,WRKTRAF&WRKSYNC"
   "XC-1-8::PROVPEC=NTK557BA,CTYPE=\"X-Conn 160G+ STS-1/VC-3 Sync-ST3\",SNMPINDEX=671227904,PEC=NTK557BA,REL= 06 ,CLEI=WMIXCE0BAD,SER=NNTM01Y1D36C1,MDAT=2004-49,AGE=02-208-23-35,ONSC=00-228-06-30:IS,STBYH"
   "10G-1-9::PROVPEC=NTK526MJ,CTYPE=\"OC-192/STM-64 STS-1/HO 1 Port G.709 DWDM 1550.92nm\",SNMPINDEX=671228928,PEC=NTK526MJ,REL= 05 ,CLEI=WMOTBEDJAA,SER=NNTM01L1D48A3,MDAT=2004-52,AGE=01-294-04-17,ONSC=01-294-04-17:IS,ACT"
   "10G-1-10::PROVPEC=NTK526MN,CTYPE=\"OC-192/STM-64 STS-1/HO 1 Port G.709 DWDM 1552.52nm\",SNMPINDEX=671229952,PEC=NTK526MN,REL= 05 ,CLEI=WMOTBEFJAA,SER=NNTM0101D467N,MDAT=2004-52,AGE=01-294-04-10,ONSC=01-294-04-10:IS,ACT"
   "GE-1-11::PROVPEC=NTK535LA,CTYPE=\"GE EPL 4 Port SFP\",SNMPINDEX=671230976,PEC=NTK535LA,REL=06  ,CLEI=WMOTAJ4JAD,SER=NNTMH13100HXQ,MDAT=2007-41,AGE=04-245-07-16,ONSC=04-245-07-16:IS,ACT"
   "PGEFC-1-11-1::PROVPEC=NTTP01CF,CTYPE=\"GE LX [10k]/FC100 SM 1310nm LC SFP\",SNMPINDEX=671230977,PEC=NTTP01CF,REL=01,CLEI=WMOTAH1JAA,SER=EXLGJPD851592258:IS,ACT"
   "PGEFC-1-11-2::PROVPEC=NTTP01CF,CTYPE=\"GE LX [10k]/FC100 SM 1310nm LC SFP\",SNMPINDEX=671230978,PEC=NTTP01CF,REL=01,CLEI=WMOTAH1JAA,SER=EXLGJPD851592332:IS,ACT"
>

   "Ledn001A_OME01" 12-12-29 15:45:04
M  9 COMPLD
   "PGEFC-1-11-3::PROVPEC=NTTP01CF,CTYPE=\"GE LX [10k]/FC100 SM 1310nm LC SFP\",SNMPINDEX=671230979,PEC=NTTP01CF,REL=01,CLEI=WMOTAH1JAA,SER=EXLGJPD851592270:IS,ACT"
   "PGEFC-1-11-4::PROVPEC=NTTP01AF,CTYPE=\"GE SX/FC100 Mx 850nm LC SFP\",SNMPINDEX=671230980,PEC=NTTP01AF,REL=01,CLEI=SOC3NNFCAA,SER=AGLTMY00002RQX  :IS,ACT"
   "10G-1-12::PROVPEC=NTK526JA,CTYPE=\"OC-192/STM-64 STS-1/HO 1 Port G.709 DWDM C-Band AM1/AM2\",SNMPINDEX=671232000,PEC=NTK526JA,REL= 01 ,CLEI=WMOTCM0JAA,SER=NNTMH1F101HQ8,MDAT=2008-36,AGE=01-293-14-03,ONSC=00-251-16-44:IS,ACT"
   "10G-1-13::PROVPEC=NTK526JA,CTYPE=\"OC-192/STM-64 STS-1/HO 1 Port G.709 DWDM C-Band AM1/AM2\",SNMPINDEX=671233024,PEC=NTK526JA,REL= 02 ,CLEI=WMOTCM0JAB,SER=NNTMH1B101XJZ,MDAT=2009-01,AGE=01-292-13-11,ONSC=00-228-12-29:IS,ACT"
   "GE-1-14::PROVPEC=NTK535LA,CTYPE=\"GE EPL 4 Port SFP\",SNMPINDEX=671234048,PEC=NTK535LA,REL= 03 ,CLEI=WMOTAJ4JAC,SER=NNTMH8U0002PH,MDAT=2005-25,AGE=05-073-22-54,ONSC=00-295-08-08:IS,ACT"
   "PGEFC200-1-14-1::PROVPEC=NTTP06CF,CTYPE=\"GE LX [10k]/FC100/FC200 SM 1310nm LC SFP\",SNMPINDEX=671234049,PEC=NTTP06CF,REL=01,CLEI=WM1TTTLDAA,SER=FNSRMYPEK18BW   :IS,ACT"
   "SP-1-15::PROVPEC=NTK555AA,CTYPE=\"Processor SP\",SNMPINDEX=671235072,PEC=NTK555AA,REL= 05 ,CLEI=WMUCAJFAAB,SER=NNTM01W1D3UCB,MDAT=2004-43,AGE=07-258-19-34,ONSC=00-228-06-57,TCUR=27,TAVG=26:IS,"
;

   "Ledn001A_OME01" 12-12-29 15:45:04
A  0001468021 REPT EVT COM
   "SP-1-15:PMFTPI,TC,12-29,15-45-04,NEND,NA,,,:\"file 'sftp://sftpuser@145.145.64.26:22//opt/nortel/omea/NE_info/pmdata/0020D8DF3C37/pm_Ledn001A_OME01_20121229154504_date_201212291530.gz' has started\",NONE:0100000000-0000-0647,:YEAR=2012,MODE=NONE,SIGLAYER=\"\""
;RTRV-OC3:"Ledn001A_OME01":OC3-1-ALL:10;
IP 10
<

   "Ledn001A_OME01" 12-12-29 15:45:04
M  10 COMPLD
;RTRV-OC12:"Ledn001A_OME01":OC12-1-ALL:11;
IP 11
<

   "Ledn001A_OME01" 12-12-29 15:45:05
M  11 COMPLD
;RTRV-OC48:"Ledn001A_OME01":OC48-1-ALL:12;
IP 12
<

   "Ledn001A_OME01" 12-12-29 15:45:05
M  12 COMPLD
;RTRV-OC192:"Ledn001A_OME01":OC192-1-ALL:13;
IP 13
<

   "Ledn001A_OME01" 12-12-29 15:45:05
M  13 COMPLD
   "OC192-1-3-1::TMGREF=N,DCC=Y,,SDTH=6,,,,,ALS=DISABLED,DUSOVERRIDE=DISABLED,EBERTH=3,PORTMODE=SDH,UNEQMODE=VC4,,,,CLFI=\"\":IS,"
   "OC192-1-5-1::TMGREF=N,DCC=Y,,SDTH=6,,,,,ALS=DISABLED,DUSOVERRIDE=DISABLED,EBERTH=3,PORTMODE=SDH,UNEQMODE=VC4,,,,CLFI=\"\":IS,"
   "OC192-1-6-1::TMGREF=Y,DCC=Y,,SDTH=6,,,,,ALS=DISABLED,DUSOVERRIDE=DISABLED,EBERTH=3,PORTMODE=SDH,UNEQMODE=VC4,,,,CLFI=\"\":IS,"
   "OC192-1-9-1::TMGREF=Y,DCC=Y,,SDTH=6,,,,,ALS=DISABLED,DUSOVERRIDE=DISABLED,EBERTH=3,PORTMODE=SDH,UNEQMODE=VC4,,,,CLFI=\"\":IS,"
   "OC192-1-10-1::TMGREF=N,DCC=Y,,SDTH=6,,,,,ALS=DISABLED,DUSOVERRIDE=DISABLED,EBERTH=3,PORTMODE=SDH,UNEQMODE=VC4,,,,CLFI=\"\":IS,"
   "OC192-1-12-1::TMGREF=N,DCC=Y,,SDTH=6,,,,,ALS=DISABLED,DUSOVERRIDE=DISABLED,EBERTH=3,PORTMODE=SDH,UNEQMODE=VC4,,,,CLFI=\"\":IS,"
   "OC192-1-13-1::TMGREF=N,DCC=Y,,SDTH=6,,,,,ALS=DISABLED,DUSOVERRIDE=DISABLED,EBERTH=3,PORTMODE=SDH,UNEQMODE=VC4,,,,CLFI=\"\":IS,"
>

   "Ledn001A_OME01" 12-12-29 15:45:05
M  13 COMPLD
;RTRV-ETH:"Ledn001A_OME01":ETH-1-ALL:14;
IP 14
<

   "Ledn001A_OME01" 12-12-29 15:45:09
M  14 COMPLD
   "ETH-1-1-1::AN=ENABLE,ANSTATUS=COMPLETED,ANETHDPX=FULL,ANSPEED=1000,ANPAUSETX=DISABLE,ANPAUSERX=DISABLE,ADVETHDPX=FULL,ADVSPEED=1000,ADVFLOWCTRL=SYM,ETHDPX=FULL,SPEED=1000,FLOWCTRL=NONE,PAUSETX=DISABLE,PAUSERX=DISABLE,PAUSERXOVERRIDE=ENABLE,MTU=9600,TXCON=ENABLE,PASSCTRL=DISABLE,PAUSETXOVERRIDE=DISABLE,RXIDLE=0,CFPRF=CFPRF-1-4,PHYSADDR=0020D8DF3971,CLFI=\"\":IS"
   "ETH-1-1-2::AN=ENABLE,ANSTATUS=COMPLETED,ANETHDPX=FULL,ANSPEED=1000,ANPAUSETX=DISABLE,ANPAUSERX=DISABLE,ADVETHDPX=FULL,ADVSPEED=1000,ADVFLOWCTRL=SYM,ETHDPX=FULL,SPEED=1000,FLOWCTRL=ASYM,PAUSETX=ENABLE,PAUSERX=DISABLE,PAUSERXOVERRIDE=ENABLE,MTU=9600,TXCON=ENABLE,PASSCTRL=DISABLE,PAUSETXOVERRIDE=DISABLE,RXIDLE=0,CFPRF=CFPRF-1-4,PHYSADDR=0020D8DF3972,CLFI=\"\":IS"
   "ETH-1-1-3::AN=DISABLE,ANSTATUS=DISABLED,ANETHDPX=UNKNOWN,ANSPEED=UNKNOWN,ANPAUSETX=UNKNOWN,ANPAUSERX=UNKNOWN,ADVETHDPX=UNKNOWN,ADVSPEED=UNKNOWN,ADVFLOWCTRL=UNKNOWN,ETHDPX=FULL,SPEED=1000,FLOWCTRL=NONE,PAUSETX=DISABLE,PAUSERX=DISABLE,PAUSERXOVERRIDE=ENABLE,MTU=9600,TXCON=ENABLE,PASSCTRL=DISABLE,PAUSETXOVERRIDE=DISABLE,RXIDLE=0,CFPRF=CFPRF-1-4,PHYSADDR=0020D8DF3973,CLFI=\"\":IS"
   "ETH-1-1-4::AN=ENABLE,ANSTATUS=COMPLETED,ANETHDPX=FULL,ANSPEED=1000,ANPAUSETX=DISABLE,ANPAUSERX=DISABLE,ADVETHDPX=FULL,ADVSPEED=1000,ADVFLOWCTRL=ASYM,ETHDPX=FULL,SPEED=1000,FLOWCTRL=NONE,PAUSETX=DISABLE,PAUSERX=DISABLE,PAUSERXOVERRIDE=ENABLE,MTU=9600,TXCON=ENABLE,PASSCTRL=DISABLE,PAUSETXOVERRIDE=DISABLE,RXIDLE=0,CFPRF=CFPRF-1-4,PHYSADDR=0020D8DF3974,CLFI=\"\":IS"
>

   "Ledn001A_OME01" 12-12-29 15:45:09
M  14 COMPLD
   "ETH-1-2-1::AN=ENABLE,ANSTATUS=COMPLETED,ANETHDPX=FULL,ANSPEED=1000,ANPAUSETX=DISABLE,ANPAUSERX=DISABLE,ADVETHDPX=FULL,ADVSPEED=1000,ADVFLOWCTRL=SYM,ETHDPX=FULL,SPEED=1000,FLOWCTRL=NONE,PAUSETX=DISABLE,PAUSERX=DISABLE,PAUSERXOVERRIDE=ENABLE,MTU=9600,TXCON=ENABLE,PASSCTRL=DISABLE,PAUSETXOVERRIDE=DISABLE,RXIDLE=0,CFPRF=CFPRF-1-4,PHYSADDR=001158FF52AC,CLFI=\"\":IS"
   "ETH-1-2-2::AN=ENABLE,ANSTATUS=COMPLETED,ANETHDPX=FULL,ANSPEED=1000,ANPAUSETX=DISABLE,ANPAUSERX=DISABLE,ADVETHDPX=FULL,ADVSPEED=1000,ADVFLOWCTRL=SYM,ETHDPX=FULL,SPEED=1000,FLOWCTRL=ASYM,PAUSETX=ENABLE,PAUSERX=DISABLE,PAUSERXOVERRIDE=ENABLE,MTU=9600,TXCON=ENABLE,PASSCTRL=DISABLE,PAUSETXOVERRIDE=DISABLE,RXIDLE=0,CFPRF=CFPRF-1-4,PHYSADDR=001158FF52AD,CLFI=\"\":IS"
   "ETH-1-2-3::AN=ENABLE,ANSTATUS=COMPLETED,ANETHDPX=FULL,ANSPEED=1000,ANPAUSETX=DISABLE,ANPAUSERX=DISABLE,ADVETHDPX=FULL,ADVSPEED=1000,ADVFLOWCTRL=SYM,ETHDPX=FULL,SPEED=1000,FLOWCTRL=NONE,PAUSETX=DISABLE,PAUSERX=DISABLE,PAUSERXOVERRIDE=ENABLE,MTU=9600,TXCON=ENABLE,PASSCTRL=DISABLE,PAUSETXOVERRIDE=DISABLE,RXIDLE=0,CFPRF=CFPRF-1-4,PHYSADDR=001158FF52AE,CLFI=\"\":IS"
   "ETH-1-2-4::AN=ENABLE,ANSTATUS=COMPLETED,ANETHDPX=FULL,ANSPEED=1000,ANPAUSETX=DISABLE,ANPAUSERX=DISABLE,ADVETHDPX=FULL,ADVSPEED=1000,ADVFLOWCTRL=ASYM,ETHDPX=FULL,SPEED=1000,FLOWCTRL=NONE,PAUSETX=DISABLE,PAUSERX=DISABLE,PAUSERXOVERRIDE=ENABLE,MTU=9600,TXCON=ENABLE,PASSCTRL=DISABLE,PAUSETXOVERRIDE=DISABLE,RXIDLE=0,CFPRF=CFPRF-1-4,PHYSADDR=001158FF52AF,CLFI=\"\":IS"
>

   "Ledn001A_OME01" 12-12-29 15:45:09
M  14 COMPLD
   "ETH-1-11-1::AN=ENABLE,ANSTATUS=COMPLETED,ANETHDPX=FULL,ANSPEED=1000,ANPAUSETX=DISABLE,ANPAUSERX=DISABLE,ADVETHDPX=FULL,ADVSPEED=1000,ADVFLOWCTRL=SYM,ETHDPX=FULL,SPEED=1000,FLOWCTRL=NONE,PAUSETX=DISABLE,PAUSERX=DISABLE,PAUSERXOVERRIDE=ENABLE,MTU=9600,TXCON=ENABLE,PASSCTRL=DISABLE,PAUSETXOVERRIDE=DISABLE,RXIDLE=0,CFPRF=CFPRF-1-4,PHYSADDR=0019E1EF6F1C,CLFI=\"\":IS"
   "ETH-1-11-2::AN=ENABLE,ANSTATUS=COMPLETED,ANETHDPX=FULL,ANSPEED=1000,ANPAUSETX=DISABLE,ANPAUSERX=DISABLE,ADVETHDPX=FULL,ADVSPEED=1000,ADVFLOWCTRL=SYM,ETHDPX=FULL,SPEED=1000,FLOWCTRL=NONE,PAUSETX=DISABLE,PAUSERX=DISABLE,PAUSERXOVERRIDE=ENABLE,MTU=9600,TXCON=ENABLE,PASSCTRL=DISABLE,PAUSETXOVERRIDE=DISABLE,RXIDLE=0,CFPRF=CFPRF-1-4,PHYSADDR=0019E1EF6F1D,CLFI=\"\":IS"
   "ETH-1-11-3::AN=ENABLE,ANSTATUS=COMPLETED,ANETHDPX=FULL,ANSPEED=1000,ANPAUSETX=DISABLE,ANPAUSERX=DISABLE,ADVETHDPX=FULL,ADVSPEED=1000,ADVFLOWCTRL=SYM,ETHDPX=FULL,SPEED=1000,FLOWCTRL=NONE,PAUSETX=DISABLE,PAUSERX=DISABLE,PAUSERXOVERRIDE=ENABLE,MTU=9600,TXCON=ENABLE,PASSCTRL=DISABLE,PAUSETXOVERRIDE=DISABLE,RXIDLE=0,CFPRF=CFPRF-1-4,PHYSADDR=0019E1EF6F1E,CLFI=\"\":IS"
   "ETH-1-11-4::AN=ENABLE,ANSTATUS=COMPLETED,ANETHDPX=FULL,ANSPEED=1000,ANPAUSETX=DISABLE,ANPAUSERX=DISABLE,ADVETHDPX=FULL,ADVSPEED=1000,ADVFLOWCTRL=BOTH,ETHDPX=FULL,SPEED=1000,FLOWCTRL=NONE,PAUSETX=DISABLE,PAUSERX=DISABLE,PAUSERXOVERRIDE=ENABLE,MTU=9600,TXCON=ENABLE,PASSCTRL=DISABLE,PAUSETXOVERRIDE=DISABLE,RXIDLE=0,CFPRF=CFPRF-1-4,PHYSADDR=0019E1EF6F1F,CLFI=\"\":IS"
>

   "Ledn001A_OME01" 12-12-29 15:45:09
M  14 COMPLD
   "ETH-1-14-1::AN=ENABLE,ANSTATUS=COMPLETED,ANETHDPX=FULL,ANSPEED=1000,ANPAUSETX=DISABLE,ANPAUSERX=DISABLE,ADVETHDPX=FULL,ADVSPEED=1000,ADVFLOWCTRL=NONE,ETHDPX=FULL,SPEED=1000,FLOWCTRL=NONE,PAUSETX=DISABLE,PAUSERX=DISABLE,PAUSERXOVERRIDE=ENABLE,MTU=9600,TXCON=ENABLE,PASSCTRL=DISABLE,PAUSETXOVERRIDE=DISABLE,RXIDLE=0,CFPRF=CFPRF-1-4,PHYSADDR=001158FF66AD,CLFI=\"\":IS"
;RTRV-ETH10G:"Ledn001A_OME01":ETH10G-1-ALL:15;
IP 15
<

   "Ledn001A_OME01" 12-12-29 15:45:09
M  15 COMPLD
;RTRV-ETH100:"Ledn001A_OME01":ETH100-1-ALL:16;
IP 16
<

   "Ledn001A_OME01" 12-12-29 15:45:10
M  16 COMPLD
;RTRV-WAN:"Ledn001A_OME01":WAN-1-ALL:17;
IP 17
<

   "Ledn001A_OME01" 12-12-29 15:45:13
M  17 COMPLD
   "WAN-1-1-1::MAPPING=GFP-F,RATE=STS3C,VCAT=ENABLE,LCAS=DISABLE,PROVUNITS=7,ACTUALUNITS=7,MAGICNUM=DISABLE,LCM=DISABLE,NCP=NONE,MODE=SDH,FCS=32,SCRAMBLE=ENABLE,LANFCS=ENABLE,RTDELAY=5478,CONDTYPE=GFPCMF,GFPRFI=ENABLE,AVLBLRATE=STS3C,PROVRXUNITS=7,GFPRTDELAY=ENABLE,MAXVCDEL=14000,CURRVCDEL=0,ACTUALRXUNITS=7:IS"
   "WAN-1-1-2::MAPPING=GFP-F,RATE=STS3C,VCAT=ENABLE,LCAS=DISABLE,PROVUNITS=1,ACTUALUNITS=1,MAGICNUM=DISABLE,LCM=DISABLE,NCP=NONE,MODE=SDH,FCS=32,SCRAMBLE=ENABLE,LANFCS=ENABLE,RTDELAY=3293,CONDTYPE=GFPCMF,GFPRFI=ENABLE,AVLBLRATE=STS3C,PROVRXUNITS=1,GFPRTDELAY=ENABLE,MAXVCDEL=14000,CURRVCDEL=0,ACTUALRXUNITS=1:IS"
   "WAN-1-1-3::MAPPING=GFP-F,RATE=STS3C,VCAT=ENABLE,LCAS=DISABLE,PROVUNITS=7,ACTUALUNITS=7,MAGICNUM=DISABLE,LCM=DISABLE,NCP=NONE,MODE=SDH,FCS=32,SCRAMBLE=ENABLE,LANFCS=ENABLE,RTDELAY=2865,CONDTYPE=GFPCMF,GFPRFI=ENABLE,AVLBLRATE=STS3C,PROVRXUNITS=7,GFPRTDELAY=ENABLE,MAXVCDEL=14000,CURRVCDEL=0,ACTUALRXUNITS=7:IS"
   "WAN-1-1-4::MAPPING=GFP-F,RATE=STS3C,VCAT=ENABLE,LCAS=DISABLE,PROVUNITS=7,ACTUALUNITS=7,MAGICNUM=DISABLE,LCM=DISABLE,NCP=NONE,MODE=SDH,FCS=32,SCRAMBLE=ENABLE,LANFCS=ENABLE,RTDELAY=528,CONDTYPE=GFPCMF,GFPRFI=ENABLE,AVLBLRATE=STS3C,PROVRXUNITS=7,GFPRTDELAY=ENABLE,MAXVCDEL=14000,CURRVCDEL=0,ACTUALRXUNITS=7:IS"
   "WAN-1-2-1::MAPPING=GFP-F,RATE=STS3C,VCAT=ENABLE,LCAS=DISABLE,PROVUNITS=1,ACTUALUNITS=1,MAGICNUM=DISABLE,LCM=DISABLE,NCP=NONE,MODE=SDH,FCS=32,SCRAMBLE=ENABLE,LANFCS=ENABLE,RTDELAY=127,CONDTYPE=GFPCMF,GFPRFI=ENABLE,AVLBLRATE=STS3C,PROVRXUNITS=1,GFPRTDELAY=ENABLE,MAXVCDEL=14000,CURRVCDEL=0,ACTUALRXUNITS=1:IS"
>

   "Ledn001A_OME01" 12-12-29 15:45:13
M  17 COMPLD
   "WAN-1-2-2::MAPPING=GFP-F,RATE=STS3C,VCAT=ENABLE,LCAS=DISABLE,PROVUNITS=1,ACTUALUNITS=1,MAGICNUM=DISABLE,LCM=DISABLE,NCP=NONE,MODE=SDH,FCS=32,SCRAMBLE=ENABLE,LANFCS=ENABLE,RTDELAY=898,CONDTYPE=GFPCMF,GFPRFI=ENABLE,AVLBLRATE=STS3C,PROVRXUNITS=1,GFPRTDELAY=ENABLE,MAXVCDEL=14000,CURRVCDEL=0,ACTUALRXUNITS=1:IS"
   "WAN-1-2-3::MAPPING=GFP-F,RATE=STS3C,VCAT=ENABLE,LCAS=DISABLE,PROVUNITS=4,ACTUALUNITS=4,MAGICNUM=DISABLE,LCM=DISABLE,NCP=NONE,MODE=SDH,FCS=32,SCRAMBLE=ENABLE,LANFCS=ENABLE,RTDELAY=2623,CONDTYPE=GFPCMF,GFPRFI=ENABLE,AVLBLRATE=STS3C,PROVRXUNITS=4,GFPRTDELAY=ENABLE,MAXVCDEL=14000,CURRVCDEL=0,ACTUALRXUNITS=4:IS"
   "WAN-1-2-4::MAPPING=GFP-F,RATE=STS3C,VCAT=ENABLE,LCAS=DISABLE,PROVUNITS=7,ACTUALUNITS=7,MAGICNUM=DISABLE,LCM=DISABLE,NCP=NONE,MODE=SDH,FCS=32,SCRAMBLE=ENABLE,LANFCS=ENABLE,RTDELAY=3081,CONDTYPE=GFPCMF,GFPRFI=ENABLE,AVLBLRATE=STS3C,PROVRXUNITS=7,GFPRTDELAY=ENABLE,MAXVCDEL=14000,CURRVCDEL=0,ACTUALRXUNITS=7:IS"
   "WAN-1-11-1::MAPPING=GFP-F,RATE=STS3C,VCAT=ENABLE,LCAS=DISABLE,PROVUNITS=4,ACTUALUNITS=4,MAGICNUM=DISABLE,LCM=DISABLE,NCP=NONE,MODE=SDH,FCS=32,SCRAMBLE=ENABLE,LANFCS=ENABLE,RTDELAY=786,CONDTYPE=GFPCMF,GFPRFI=ENABLE,AVLBLRATE=STS3C,PROVRXUNITS=4,GFPRTDELAY=ENABLE,MAXVCDEL=14000,CURRVCDEL=0,ACTUALRXUNITS=4:IS"
   "WAN-1-11-2::MAPPING=GFP-F,RATE=STS3C,VCAT=ENABLE,LCAS=DISABLE,PROVUNITS=7,ACTUALUNITS=7,MAGICNUM=DISABLE,LCM=DISABLE,NCP=NONE,MODE=SDH,FCS=32,SCRAMBLE=ENABLE,LANFCS=ENABLE,RTDELAY=2593,CONDTYPE=GFPCMF,GFPRFI=ENABLE,AVLBLRATE=STS3C,PROVRXUNITS=7,GFPRTDELAY=ENABLE,MAXVCDEL=14000,CURRVCDEL=0,ACTUALRXUNITS=7:IS"
>

   "Ledn001A_OME01" 12-12-29 15:45:13
M  17 COMPLD
   "WAN-1-11-3::MAPPING=GFP-F,RATE=STS3C,VCAT=ENABLE,LCAS=DISABLE,PROVUNITS=7,ACTUALUNITS=7,MAGICNUM=DISABLE,LCM=DISABLE,NCP=NONE,MODE=SDH,FCS=32,SCRAMBLE=ENABLE,LANFCS=ENABLE,RTDELAY=3778,CONDTYPE=GFPCMF,GFPRFI=ENABLE,AVLBLRATE=STS3C,PROVRXUNITS=7,GFPRTDELAY=ENABLE,MAXVCDEL=14000,CURRVCDEL=0,ACTUALRXUNITS=7:IS"
   "WAN-1-11-4::MAPPING=GFP-F,RATE=STS3C,VCAT=ENABLE,LCAS=DISABLE,PROVUNITS=7,ACTUALUNITS=7,MAGICNUM=DISABLE,LCM=DISABLE,NCP=NONE,MODE=SDH,FCS=32,SCRAMBLE=ENABLE,LANFCS=ENABLE,RTDELAY=1066,CONDTYPE=GFPCMF,GFPRFI=ENABLE,AVLBLRATE=STS3C,PROVRXUNITS=7,GFPRTDELAY=ENABLE,MAXVCDEL=14000,CURRVCDEL=125,ACTUALRXUNITS=7:IS"
   "WAN-1-14-1::MAPPING=GFP-F,RATE=STS3C,VCAT=ENABLE,LCAS=DISABLE,PROVUNITS=7,ACTUALUNITS=7,MAGICNUM=DISABLE,LCM=DISABLE,NCP=NONE,MODE=SDH,FCS=32,SCRAMBLE=ENABLE,LANFCS=ENABLE,RTDELAY=1175,CONDTYPE=GFPCMF,GFPRFI=ENABLE,AVLBLRATE=STS3C,PROVRXUNITS=7,GFPRTDELAY=ENABLE,MAXVCDEL=14000,CURRVCDEL=0,ACTUALRXUNITS=7:IS"
;RTRV-VCS:"Ledn001A_OME01":VCS-1-ALL:18;
IP 18
<

   "Ledn001A_OME01" 12-12-29 15:45:13
M  18 COMPLD
;RTRV-VCE:"Ledn001A_OME01":VCE-1-ALL:19;
IP 19
<

   "Ledn001A_OME01" 12-12-29 15:45:14
M  19 COMPLD
;RTRV-VCEMAP:"Ledn001A_OME01":VCEMAP-1-ALL:20;
IP 20
<

   "Ledn001A_OME01" 12-12-29 15:45:14
M  20 COMPLD
;RTRV-CRS-ALL:"Ledn001A_OME01"::21:::CKTID=ALL;
IP 21
<

   "Ledn001A_OME01" 12-12-29 15:45:14
M  21 COMPLD
   "STS3C-1-12-1-46,STS3C-1-1-4-1:2WAY:PRIMARYXC=SHELF,PRIME=OSS,CKTID=\"2061LR1_Gv01-Ledn01_LeidenUniv-O19(Gv41)\":STS3C:"
   "STS3C-1-12-1-49,STS3C-1-1-4-4:2WAY:PRIMARYXC=SHELF,PRIME=OSS,CKTID=\"2061LR1_Gv01-Ledn01_LeidenUniv-O19(Gv41)\":STS3C:"
   "STS3C-1-12-1-52,STS3C-1-1-4-7:2WAY:PRIMARYXC=SHELF,PRIME=OSS,CKTID=\"2061LR1_Gv01-Ledn01_LeidenUniv-O19(Gv41)\":STS3C:"
   "STS3C-1-12-1-55,STS3C-1-1-4-10:2WAY:PRIMARYXC=SHELF,PRIME=OSS,CKTID=\"2061LR1_Gv01-Ledn01_LeidenUniv-O19(Gv41)\":STS3C:"
   "STS3C-1-12-1-58,STS3C-1-1-4-13:2WAY:PRIMARYXC=SHELF,PRIME=OSS,CKTID=\"2061LR1_Gv01-Ledn01_LeidenUniv-O19(Gv41)\":STS3C:"
   "STS3C-1-12-1-61,STS3C-1-1-4-16:2WAY:PRIMARYXC=SHELF,PRIME=OSS,CKTID=\"2061LR1_Gv01-Ledn01_LeidenUniv-O19(Gv41)\":STS3C:"
   "STS3C-1-12-1-64,STS3C-1-1-4-19:2WAY:PRIMARYXC=SHELF,PRIME=OSS,CKTID=\"2061LR1_Gv01-Ledn01_LeidenUniv-O19(Gv41)\":STS3C:"
   "STS3C-1-9-1-148,STS3C-1-1-3-1:2WAY:PRIMARYXC=SHELF,PRIME=OSS,CKTID=\"2037LE4_Ledn01-Wg01_WUR-O27(NP_Lis02-Wg01)\":STS3C:"
   "STS3C-1-9-1-151,STS3C-1-1-3-4:2WAY:PRIMARYXC=SHELF,PRIME=OSS,CKTID=\"2037LE4_Ledn01-Wg01_WUR-O27(NP_Lis02-Wg01)\":STS3C:"
   "STS3C-1-9-1-154,STS3C-1-1-3-7:2WAY:PRIMARYXC=SHELF,PRIME=OSS,CKTID=\"2037LE4_Ledn01-Wg01_WUR-O27(NP_Lis02-Wg01)\":STS3C:"
   "STS3C-1-9-1-157,STS3C-1-1-3-10:2WAY:PRIMARYXC=SHELF,PRIME=OSS,CKTID=\"2037LE4_Ledn01-Wg01_WUR-O27(NP_Lis02-Wg01)\":STS3C:"
   "STS3C-1-9-1-160,STS3C-1-1-3-13:2WAY:PRIMARYXC=SHELF,PRIME=OSS,CKTID=\"2037LE4_Ledn01-Wg01_WUR-O27(NP_Lis02-Wg01)\":STS3C:"
   "STS3C-1-9-1-163,STS3C-1-1-3-16:2WAY:PRIMARYXC=SHELF,PRIME=OSS,CKTID=\"2037LE4_Ledn01-Wg01_WUR-O27(NP_Lis02-Wg01)\":STS3C:"
   "STS3C-1-9-1-166,STS3C-1-1-3-19:2WAY:PRIMARYXC=SHELF,PRIME=OSS,CKTID=\"2037LE4_Ledn01-Wg01_WUR-O27(NP_Lis02-Wg01)\":STS3C:"
   "STS3C-1-10-1-46,STS3C-1-1-2-1:2WAYPR:SWMATE=STS3C-1-5-1-85,PRIMARYXC=SHELF,PRIME=OSS,CKTID=\"2083LP_Ledn01-Dt08_TNO-O22(Ledn09-OPN)\":STS3C:"
   "STS3C-1-10-1-22,STS3C-1-1-1-1:2WAYPR:SWMATE=STS3C-1-12-1-70,PRIMARYXC=SHELF,PRIME=OSS,CKTID=\"2043LP_Rt01-Ledn01_HSLEIDEN-O08(Rt10-Ledn2)-V2\":STS3C:"
   "STS3C-1-10-1-25,STS3C-1-1-1-4:2WAYPR:SWMATE=STS3C-1-12-1-73,PRIMARYXC=SHELF,PRIME=OSS,CKTID=\"2043LP_Rt01-Ledn01_HSLEIDEN-O08(Rt10-Ledn2)-V2\":STS3C:"
   "STS3C-1-10-1-28,STS3C-1-1-1-7:2WAYPR:SWMATE=STS3C-1-12-1-76,PRIMARYXC=SHELF,PRIME=OSS,CKTID=\"2043LP_Rt01-Ledn01_HSLEIDEN-O08(Rt10-Ledn2)-V2\":STS3C:"
>

   "Ledn001A_OME01" 12-12-29 15:45:14
M  21 COMPLD
   "STS3C-1-10-1-31,STS3C-1-1-1-10:2WAYPR:SWMATE=STS3C-1-12-1-79,PRIMARYXC=SHELF,PRIME=OSS,CKTID=\"2043LP_Rt01-Ledn01_HSLEIDEN-O08(Rt10-Ledn2)-V2\":STS3C:"
   "STS3C-1-10-1-34,STS3C-1-1-1-13:2WAYPR:SWMATE=STS3C-1-12-1-82,PRIMARYXC=SHELF,PRIME=OSS,CKTID=\"2043LP_Rt01-Ledn01_HSLEIDEN-O08(Rt10-Ledn2)-V2\":STS3C:"
   "STS3C-1-10-1-37,STS3C-1-1-1-16:2WAYPR:SWMATE=STS3C-1-12-1-85,PRIMARYXC=SHELF,PRIME=OSS,CKTID=\"2043LP_Rt01-Ledn01_HSLEIDEN-O08(Rt10-Ledn2)-V2\":STS3C:"
   "STS3C-1-10-1-40,STS3C-1-1-1-19:2WAYPR:SWMATE=STS3C-1-12-1-88,PRIMARYXC=SHELF,PRIME=OSS,CKTID=\"2043LP_Rt01-Ledn01_HSLEIDEN-O08(Rt10-Ledn2)-V2\":STS3C:"
   "STS3C-1-9-1-1,STS3C-1-2-4-1:2WAY:PRIMARYXC=SHELF,PRIME=OSS,CKTID=\"2061LR2_Gv01-Ledn01_LeidenUniv-O19(Gv41)\":STS3C:"
   "STS3C-1-9-1-4,STS3C-1-2-4-4:2WAY:PRIMARYXC=SHELF,PRIME=OSS,CKTID=\"2061LR2_Gv01-Ledn01_LeidenUniv-O19(Gv41)\":STS3C:"
   "STS3C-1-9-1-7,STS3C-1-2-4-7:2WAY:PRIMARYXC=SHELF,PRIME=OSS,CKTID=\"2061LR2_Gv01-Ledn01_LeidenUniv-O19(Gv41)\":STS3C:"
   "STS3C-1-9-1-10,STS3C-1-2-4-10:2WAY:PRIMARYXC=SHELF,PRIME=OSS,CKTID=\"2061LR2_Gv01-Ledn01_LeidenUniv-O19(Gv41)\":STS3C:"
   "STS3C-1-9-1-13,STS3C-1-2-4-13:2WAY:PRIMARYXC=SHELF,PRIME=OSS,CKTID=\"2061LR2_Gv01-Ledn01_LeidenUniv-O19(Gv41)\":STS3C:"
   "STS3C-1-9-1-16,STS3C-1-2-4-16:2WAY:PRIMARYXC=SHELF,PRIME=OSS,CKTID=\"2061LR2_Gv01-Ledn01_LeidenUniv-O19(Gv41)\":STS3C:"
   "STS3C-1-9-1-19,STS3C-1-2-4-19:2WAY:PRIMARYXC=SHELF,PRIME=OSS,CKTID=\"2061LR2_Gv01-Ledn01_LeidenUniv-O19(Gv41)\":STS3C:"
   "STS3C-1-5-1-91,STS3C-1-2-3-1:2WAY:PRIMARYXC=SHELF,PRIME=OSS,CKTID=\"2106LR1_Ledn01-Asd01_RIVM-O13(BOBWest @Ledn11A)\":STS3C:"
   "STS3C-1-5-1-94,STS3C-1-2-3-4:2WAY:PRIMARYXC=SHELF,PRIME=OSS,CKTID=\"2106LR1_Ledn01-Asd01_RIVM-O13(BOBWest @Ledn11A)\":STS3C:"
   "STS3C-1-5-1-97,STS3C-1-2-3-7:2WAY:PRIMARYXC=SHELF,PRIME=OSS,CKTID=\"2106LR1_Ledn01-Asd01_RIVM-O13(BOBWest @Ledn11A)\":STS3C:"
   "STS3C-1-5-1-100,STS3C-1-2-3-10:2WAY:PRIMARYXC=SHELF,PRIME=OSS,CKTID=\"2106LR1_Ledn01-Asd01_RIVM-O13(BOBWest @Ledn11A)\":STS3C:"
   "STS3C-1-10-1-43,STS3C-1-2-2-1:2WAYPR:SWMATE=STS3C-1-12-1-22,PRIMARYXC=SHELF,PRIME=OSS,CKTID=\"2085LP_Ledn01-Dt08_TNO-O22(Ledn10-OPN)\":STS3C:"
   "STS3C-1-2-1-1,STS3C-1-2-1-1:1WAY:PRIMARYXC=SHELF,PRIME=OSS,CKTID=\"DRAC-loopback\":STS3C:"
   "STS3C-1-10-1-49,STS3C-1-3-1-1:2WAY:PRIMARYXC=SHELF,PRIME=OSS,CKTID=\"2182LR1_Amr01-Ehv01_ECN(Pet03-Ehv01)\":STS3C:"
>

   "Ledn001A_OME01" 12-12-29 15:45:15
M  21 COMPLD
   "STS3C-1-13-1-1,STS3C-1-3-1-7:2WAY:PRIMARYXC=SHELF,PRIME=OSS,CKTID=\"2162LP_Spl01-Hlm01_INHOLLAND-O10(Hlm01-OPN)\":STS3C:"
   "STS3C-1-13-1-4,STS3C-1-3-1-10:2WAY:PRIMARYXC=SHELF,PRIME=OSS,CKTID=\"2162LP_Spl01-Hlm01_INHOLLAND-O10(Hlm01-OPN)\":STS3C:"
   "STS3C-1-13-1-7,STS3C-1-3-1-13:2WAY:PRIMARYXC=SHELF,PRIME=OSS,CKTID=\"2162LP_Spl01-Hlm01_INHOLLAND-O10(Hlm01-OPN)\":STS3C:"
   "STS3C-1-13-1-10,STS3C-1-3-1-16:2WAY:PRIMARYXC=SHELF,PRIME=OSS,CKTID=\"2162LP_Spl01-Hlm01_INHOLLAND-O10(Hlm01-OPN)\":STS3C:"
   "STS3C-1-13-1-13,STS3C-1-3-1-19:2WAY:PRIMARYXC=SHELF,PRIME=OSS,CKTID=\"2162LP_Spl01-Hlm01_INHOLLAND-O10(Hlm01-OPN)\":STS3C:"
   "STS3C-1-13-1-16,STS3C-1-3-1-22:2WAY:PRIMARYXC=SHELF,PRIME=OSS,CKTID=\"2162LP_Spl01-Hlm01_INHOLLAND-O10(Hlm01-OPN)\":STS3C:"
   "STS3C-1-13-1-19,STS3C-1-3-1-25:2WAY:PRIMARYXC=SHELF,PRIME=OSS,CKTID=\"2162LP_Spl01-Hlm01_INHOLLAND-O10(Hlm01-OPN)\":STS3C:"
   "STS3C-1-10-1-13,STS3C-1-3-1-28:2WAY:PRIMARYXC=SHELF,PRIME=OSS,CKTID=\"1023IR2_Amr01-Asd02_L2SS\":STS3C:"
   "STS3C-1-10-1-16,STS3C-1-3-1-31:2WAY:PRIMARYXC=SHELF,PRIME=OSS,CKTID=\"1023IR2_Amr01-Asd02_L2SS\":STS3C:"
   "STS3C-1-10-1-19,STS3C-1-3-1-34:2WAY:PRIMARYXC=SHELF,PRIME=OSS,CKTID=\"1023IR2_Amr01-Asd02_L2SS\":STS3C:"
   "STS3C-1-10-1-55,STS3C-1-3-1-37:2WAY:PRIMARYXC=SHELF,PRIME=OSS,CKTID=\"1023IR2_Amr01-Asd02_L2SS\":STS3C:"
   "STS3C-1-10-1-58,STS3C-1-3-1-40:2WAY:PRIMARYXC=SHELF,PRIME=OSS,CKTID=\"1023IR2_Amr01-Asd02_L2SS\":STS3C:"
   "STS3C-1-10-1-61,STS3C-1-3-1-43:2WAY:PRIMARYXC=SHELF,PRIME=OSS,CKTID=\"1023IR2_Amr01-Asd02_L2SS\":STS3C:"
   "STS3C-1-10-1-64,STS3C-1-3-1-46:2WAY:PRIMARYXC=SHELF,PRIME=OSS,CKTID=\"1023IR2_Amr01-Asd02_L2SS\":STS3C:"
   "STS3C-1-6-1-43,STS3C-1-3-1-49:2WAY:PRIMARYXC=SHELF,PRIME=OSS,CKTID=\"2025LP_Amr01-Spl01_INHOLLAND-O10\":STS3C:"
   "STS3C-1-6-1-46,STS3C-1-3-1-52:2WAY:PRIMARYXC=SHELF,PRIME=OSS,CKTID=\"2025LP_Amr01-Spl01_INHOLLAND-O10\":STS3C:"
   "STS3C-1-6-1-49,STS3C-1-3-1-55:2WAY:PRIMARYXC=SHELF,PRIME=OSS,CKTID=\"2025LP_Amr01-Spl01_INHOLLAND-O10\":STS3C:"
   "STS3C-1-6-1-52,STS3C-1-3-1-58:2WAY:PRIMARYXC=SHELF,PRIME=OSS,CKTID=\"2025LP_Amr01-Spl01_INHOLLAND-O10\":STS3C:"
>

   "Ledn001A_OME01" 12-12-29 15:45:15
M  21 COMPLD
   "STS3C-1-6-1-55,STS3C-1-3-1-61:2WAY:PRIMARYXC=SHELF,PRIME=OSS,CKTID=\"2025LP_Amr01-Spl01_INHOLLAND-O10\":STS3C:"
   "STS3C-1-6-1-58,STS3C-1-3-1-64:2WAY:PRIMARYXC=SHELF,PRIME=OSS,CKTID=\"2025LP_Amr01-Spl01_INHOLLAND-O10\":STS3C:"
   "STS3C-1-6-1-61,STS3C-1-3-1-67:2WAY:PRIMARYXC=SHELF,PRIME=OSS,CKTID=\"2025LP_Amr01-Spl01_INHOLLAND-O10\":STS3C:"
   "STS3C-1-6-1-22,STS3C-1-3-1-70:2WAY:PRIMARYXC=SHELF,PRIME=OSS,CKTID=\"2029LP_Hlm01-Spl01_INHOLLAND-O10(Hlm01-OPN)\":STS3C:"
   "STS3C-1-6-1-25,STS3C-1-3-1-73:2WAY:PRIMARYXC=SHELF,PRIME=OSS,CKTID=\"2029LP_Hlm01-Spl01_INHOLLAND-O10(Hlm01-OPN)\":STS3C:"
   "STS3C-1-6-1-28,STS3C-1-3-1-76:2WAY:PRIMARYXC=SHELF,PRIME=OSS,CKTID=\"2029LP_Hlm01-Spl01_INHOLLAND-O10(Hlm01-OPN)\":STS3C:"
   "STS3C-1-6-1-31,STS3C-1-3-1-79:2WAY:PRIMARYXC=SHELF,PRIME=OSS,CKTID=\"2029LP_Hlm01-Spl01_INHOLLAND-O10(Hlm01-OPN)\":STS3C:"
   "STS3C-1-6-1-34,STS3C-1-3-1-82:2WAY:PRIMARYXC=SHELF,PRIME=OSS,CKTID=\"2029LP_Hlm01-Spl01_INHOLLAND-O10(Hlm01-OPN)\":STS3C:"
   "STS3C-1-6-1-37,STS3C-1-3-1-85:2WAY:PRIMARYXC=SHELF,PRIME=OSS,CKTID=\"2029LP_Hlm01-Spl01_INHOLLAND-O10(Hlm01-OPN)\":STS3C:"
   "STS3C-1-6-1-40,STS3C-1-3-1-88:2WAY:PRIMARYXC=SHELF,PRIME=OSS,CKTID=\"2029LP_Hlm01-Spl01_INHOLLAND-O10(Hlm01-OPN)\":STS3C:"
   "STS3C-1-6-1-85,STS3C-1-5-1-22:2WAY:PRIMARYXC=SHELF,PRIME=OSS,CKTID=\"2026LP_Asd01-Spl01_INHOLLAND-O10(Spl01-Asd14)\":STS3C:"
   "STS3C-1-6-1-88,STS3C-1-5-1-25:2WAY:PRIMARYXC=SHELF,PRIME=OSS,CKTID=\"2026LP_Asd01-Spl01_INHOLLAND-O10(Spl01-Asd14)\":STS3C:"
   "STS3C-1-6-1-91,STS3C-1-5-1-28:2WAY:PRIMARYXC=SHELF,PRIME=OSS,CKTID=\"2026LP_Asd01-Spl01_INHOLLAND-O10(Spl01-Asd14)\":STS3C:"
   "STS3C-1-6-1-94,STS3C-1-5-1-31:2WAY:PRIMARYXC=SHELF,PRIME=OSS,CKTID=\"2026LP_Asd01-Spl01_INHOLLAND-O10(Spl01-Asd14)\":STS3C:"
   "STS3C-1-6-1-97,STS3C-1-5-1-34:2WAY:PRIMARYXC=SHELF,PRIME=OSS,CKTID=\"2026LP_Asd01-Spl01_INHOLLAND-O10(Spl01-Asd14)\":STS3C:"
   "STS3C-1-6-1-100,STS3C-1-5-1-37:2WAY:PRIMARYXC=SHELF,PRIME=OSS,CKTID=\"2026LP_Asd01-Spl01_INHOLLAND-O10(Spl01-Asd14)\":STS3C:"
   "STS3C-1-6-1-103,STS3C-1-5-1-40:2WAY:PRIMARYXC=SHELF,PRIME=OSS,CKTID=\"2026LP_Asd01-Spl01_INHOLLAND-O10(Spl01-Asd14)\":STS3C:"
   "STS3C-1-12-1-136,STS3C-1-5-1-88:2WAY:PRIMARYXC=SHELF,PRIME=OSS,CKTID=\"2158LP_Gn01-Gv01_DUO(Gn13-Gv29)\":STS3C:"
>

   "Ledn001A_OME01" 12-12-29 15:45:15
M  21 COMPLD
   "STS3C-1-11-2-1,STS3C-1-5-1-103:2WAY:PRIMARYXC=SHELF,PRIME=OSS,CKTID=\"2070LE_Ledn01-Asd01_LUMC(EYR LUMC-SARA)\":STS3C:"
   "STS3C-1-11-2-4,STS3C-1-5-1-106:2WAY:PRIMARYXC=SHELF,PRIME=OSS,CKTID=\"2070LE_Ledn01-Asd01_LUMC(EYR LUMC-SARA)\":STS3C:"
   "STS3C-1-11-2-7,STS3C-1-5-1-109:2WAY:PRIMARYXC=SHELF,PRIME=OSS,CKTID=\"2070LE_Ledn01-Asd01_LUMC(EYR LUMC-SARA)\":STS3C:"
   "STS3C-1-11-2-10,STS3C-1-5-1-112:2WAY:PRIMARYXC=SHELF,PRIME=OSS,CKTID=\"2070LE_Ledn01-Asd01_LUMC(EYR LUMC-SARA)\":STS3C:"
   "STS3C-1-11-2-13,STS3C-1-5-1-115:2WAY:PRIMARYXC=SHELF,PRIME=OSS,CKTID=\"2070LE_Ledn01-Asd01_LUMC(EYR LUMC-SARA)\":STS3C:"
   "STS3C-1-11-2-16,STS3C-1-5-1-118:2WAY:PRIMARYXC=SHELF,PRIME=OSS,CKTID=\"2070LE_Ledn01-Asd01_LUMC(EYR LUMC-SARA)\":STS3C:"
   "STS3C-1-11-2-19,STS3C-1-5-1-121:2WAY:PRIMARYXC=SHELF,PRIME=OSS,CKTID=\"2070LE_Ledn01-Asd01_LUMC(EYR LUMC-SARA)\":STS3C:"
   "STS3C-1-12-1-25,STS3C-1-6-1-1:2WAY:PRIMARYXC=SHELF,PRIME=OSS,CKTID=\"2028LP_Gv08-Spl01_INHOLLAND-O10(Gv08-OPN)\":STS3C:"
   "STS3C-1-12-1-28,STS3C-1-6-1-4:2WAY:PRIMARYXC=SHELF,PRIME=OSS,CKTID=\"2028LP_Gv08-Spl01_INHOLLAND-O10(Gv08-OPN)\":STS3C:"
   "STS3C-1-12-1-31,STS3C-1-6-1-7:2WAY:PRIMARYXC=SHELF,PRIME=OSS,CKTID=\"2028LP_Gv08-Spl01_INHOLLAND-O10(Gv08-OPN)\":STS3C:"
   "STS3C-1-12-1-34,STS3C-1-6-1-10:2WAY:PRIMARYXC=SHELF,PRIME=OSS,CKTID=\"2028LP_Gv08-Spl01_INHOLLAND-O10(Gv08-OPN)\":STS3C:"
   "STS3C-1-12-1-37,STS3C-1-6-1-13:2WAY:PRIMARYXC=SHELF,PRIME=OSS,CKTID=\"2028LP_Gv08-Spl01_INHOLLAND-O10(Gv08-OPN)\":STS3C:"
   "STS3C-1-12-1-40,STS3C-1-6-1-16:2WAY:PRIMARYXC=SHELF,PRIME=OSS,CKTID=\"2028LP_Gv08-Spl01_INHOLLAND-O10(Gv08-OPN)\":STS3C:"
   "STS3C-1-12-1-43,STS3C-1-6-1-19:2WAY:PRIMARYXC=SHELF,PRIME=OSS,CKTID=\"2028LP_Gv08-Spl01_INHOLLAND-O10(Gv08-OPN)\":STS3C:"
   "STS3C-1-9-1-106,STS3C-1-6-1-106:2WAY:PRIMARYXC=SHELF,PRIME=OSS,CKTID=\"1010IR2_Spl01-Asd02_L2SS\":STS3C:"
   "STS3C-1-9-1-109,STS3C-1-6-1-109:2WAY:PRIMARYXC=SHELF,PRIME=OSS,CKTID=\"1010IR2_Spl01-Asd02_L2SS\":STS3C:"
   "STS3C-1-9-1-112,STS3C-1-6-1-112:2WAY:PRIMARYXC=SHELF,PRIME=OSS,CKTID=\"1010IR2_Spl01-Asd02_L2SS\":STS3C:"
   "STS3C-1-9-1-115,STS3C-1-6-1-115:2WAY:PRIMARYXC=SHELF,PRIME=OSS,CKTID=\"1010IR2_Spl01-Asd02_L2SS\":STS3C:"
>

   "Ledn001A_OME01" 12-12-29 15:45:15
M  21 COMPLD
   "STS3C-1-9-1-118,STS3C-1-6-1-118:2WAY:PRIMARYXC=SHELF,PRIME=OSS,CKTID=\"1010IR2_Spl01-Asd02_L2SS\":STS3C:"
   "STS3C-1-9-1-121,STS3C-1-6-1-121:2WAY:PRIMARYXC=SHELF,PRIME=OSS,CKTID=\"1010IR2_Spl01-Asd02_L2SS\":STS3C:"
   "STS3C-1-9-1-124,STS3C-1-6-1-124:2WAY:PRIMARYXC=SHELF,PRIME=OSS,CKTID=\"1010IR2_Spl01-Asd02_L2SS\":STS3C:"
   "STS3C-1-9-1-85,STS3C-1-6-1-127:2WAY:PRIMARYXC=SHELF,PRIME=OSS,CKTID=\"2031LP_Rt01-Spl01_INHOLLAND-O10(Rt03-OPN)\":STS3C:"
   "STS3C-1-9-1-88,STS3C-1-6-1-130:2WAY:PRIMARYXC=SHELF,PRIME=OSS,CKTID=\"2031LP_Rt01-Spl01_INHOLLAND-O10(Rt03-OPN)\":STS3C:"
   "STS3C-1-9-1-91,STS3C-1-6-1-133:2WAY:PRIMARYXC=SHELF,PRIME=OSS,CKTID=\"2031LP_Rt01-Spl01_INHOLLAND-O10(Rt03-OPN)\":STS3C:"
   "STS3C-1-9-1-94,STS3C-1-6-1-136:2WAY:PRIMARYXC=SHELF,PRIME=OSS,CKTID=\"2031LP_Rt01-Spl01_INHOLLAND-O10(Rt03-OPN)\":STS3C:"
   "STS3C-1-9-1-97,STS3C-1-6-1-139:2WAY:PRIMARYXC=SHELF,PRIME=OSS,CKTID=\"2031LP_Rt01-Spl01_INHOLLAND-O10(Rt03-OPN)\":STS3C:"
   "STS3C-1-9-1-100,STS3C-1-6-1-142:2WAY:PRIMARYXC=SHELF,PRIME=OSS,CKTID=\"2031LP_Rt01-Spl01_INHOLLAND-O10(Rt03-OPN)\":STS3C:"
   "STS3C-1-9-1-103,STS3C-1-6-1-145:2WAY:PRIMARYXC=SHELF,PRIME=OSS,CKTID=\"2031LP_Rt01-Spl01_INHOLLAND-O10(Rt03-OPN)\":STS3C:"
   "STS3C-1-12-1-67,STS3C-1-6-1-148:2WAY:PRIMARYXC=SHELF,PRIME=OSS,CKTID=\"2090LR2_Spl01-Dt08_TNO-O22(Hfd01-Dt08)\":STS3C:"
   "STS3C-1-12-1-1,STS3C-1-6-1-151:2WAY:PRIMARYXC=SHELF,PRIME=OSS,CKTID=\"2140LE4_Dt01-Spl01_INHOLLAND-O10(NP_Dt09-Spl01)\":STS3C:"
   "STS3C-1-12-1-4,STS3C-1-6-1-154:2WAY:PRIMARYXC=SHELF,PRIME=OSS,CKTID=\"2140LE4_Dt01-Spl01_INHOLLAND-O10(NP_Dt09-Spl01)\":STS3C:"
   "STS3C-1-12-1-7,STS3C-1-6-1-157:2WAY:PRIMARYXC=SHELF,PRIME=OSS,CKTID=\"2140LE4_Dt01-Spl01_INHOLLAND-O10(NP_Dt09-Spl01)\":STS3C:"
   "STS3C-1-12-1-10,STS3C-1-6-1-160:2WAY:PRIMARYXC=SHELF,PRIME=OSS,CKTID=\"2140LE4_Dt01-Spl01_INHOLLAND-O10(NP_Dt09-Spl01)\":STS3C:"
   "STS3C-1-12-1-13,STS3C-1-6-1-163:2WAY:PRIMARYXC=SHELF,PRIME=OSS,CKTID=\"2140LE4_Dt01-Spl01_INHOLLAND-O10(NP_Dt09-Spl01)\":STS3C:"
   "STS3C-1-12-1-16,STS3C-1-6-1-166:2WAY:PRIMARYXC=SHELF,PRIME=OSS,CKTID=\"2140LE4_Dt01-Spl01_INHOLLAND-O10(NP_Dt09-Spl01)\":STS3C:"
   "STS3C-1-9-1-127,STS3C-1-6-1-169:2WAY:PRIMARYXC=SHELF,PRIME=OSS,CKTID=\"2032LP_Asd03-Spl01_INHOLLAND-O10(Asd03(VU)-OPN)\":STS3C:"
>

   "Ledn001A_OME01" 12-12-29 15:45:15
M  21 COMPLD
   "STS3C-1-9-1-130,STS3C-1-6-1-172:2WAY:PRIMARYXC=SHELF,PRIME=OSS,CKTID=\"2032LP_Asd03-Spl01_INHOLLAND-O10(Asd03(VU)-OPN)\":STS3C:"
   "STS3C-1-9-1-133,STS3C-1-6-1-175:2WAY:PRIMARYXC=SHELF,PRIME=OSS,CKTID=\"2032LP_Asd03-Spl01_INHOLLAND-O10(Asd03(VU)-OPN)\":STS3C:"
   "STS3C-1-9-1-136,STS3C-1-6-1-178:2WAY:PRIMARYXC=SHELF,PRIME=OSS,CKTID=\"2032LP_Asd03-Spl01_INHOLLAND-O10(Asd03(VU)-OPN)\":STS3C:"
   "STS3C-1-9-1-139,STS3C-1-6-1-181:2WAY:PRIMARYXC=SHELF,PRIME=OSS,CKTID=\"2032LP_Asd03-Spl01_INHOLLAND-O10(Asd03(VU)-OPN)\":STS3C:"
   "STS3C-1-9-1-142,STS3C-1-6-1-184:2WAY:PRIMARYXC=SHELF,PRIME=OSS,CKTID=\"2032LP_Asd03-Spl01_INHOLLAND-O10(Asd03(VU)-OPN)\":STS3C:"
   "STS3C-1-9-1-145,STS3C-1-6-1-187:2WAY:PRIMARYXC=SHELF,PRIME=OSS,CKTID=\"2032LP_Asd03-Spl01_INHOLLAND-O10(Asd03(VU)-OPN)\":STS3C:"
   "STS3C-1-12-1-19,STS3C-1-6-1-190:2WAY:PRIMARYXC=SHELF,PRIME=OSS,CKTID=\"2140LE4_Dt01-Spl01_INHOLLAND-O10(NP_Dt09-Spl01)\":STS3C:"
   "STS3C-1-11-1-1,STS3C-1-9-1-43:2WAY:PRIMARYXC=SHELF,PRIME=OSS,CKTID=\"2106LR2_Ledn01-Asd02_RIVM-O13(BOBWest @Ledn11A)\":STS3C:"
   "STS3C-1-11-1-4,STS3C-1-9-1-46:2WAY:PRIMARYXC=SHELF,PRIME=OSS,CKTID=\"2106LR2_Ledn01-Asd02_RIVM-O13(BOBWest @Ledn11A)\":STS3C:"
   "STS3C-1-11-1-7,STS3C-1-9-1-55:2WAY:PRIMARYXC=SHELF,PRIME=OSS,CKTID=\"2106LR2_Ledn01-Asd02_RIVM-O13(BOBWest @Ledn11A)\":STS3C:"
   "STS3C-1-11-1-10,STS3C-1-9-1-58:2WAY:PRIMARYXC=SHELF,PRIME=OSS,CKTID=\"2106LR2_Ledn01-Asd02_RIVM-O13(BOBWest @Ledn11A)\":STS3C:"
   "STS3C-1-11-3-1,STS3C-1-9-1-61:2WAY:PRIMARYXC=SHELF,PRIME=OSS,CKTID=\"2077LE_Ledn01-Ehv01_LUMC(EYR LUMC-TUe)\":STS3C:"
   "STS3C-1-11-3-4,STS3C-1-9-1-64:2WAY:PRIMARYXC=SHELF,PRIME=OSS,CKTID=\"2077LE_Ledn01-Ehv01_LUMC(EYR LUMC-TUe)\":STS3C:"
   "STS3C-1-11-3-7,STS3C-1-9-1-67:2WAY:PRIMARYXC=SHELF,PRIME=OSS,CKTID=\"2077LE_Ledn01-Ehv01_LUMC(EYR LUMC-TUe)\":STS3C:"
   "STS3C-1-11-3-10,STS3C-1-9-1-70:2WAY:PRIMARYXC=SHELF,PRIME=OSS,CKTID=\"2077LE_Ledn01-Ehv01_LUMC(EYR LUMC-TUe)\":STS3C:"
   "STS3C-1-11-3-13,STS3C-1-9-1-73:2WAY:PRIMARYXC=SHELF,PRIME=OSS,CKTID=\"2077LE_Ledn01-Ehv01_LUMC(EYR LUMC-TUe)\":STS3C:"
   "STS3C-1-11-3-16,STS3C-1-9-1-76:2WAY:PRIMARYXC=SHELF,PRIME=OSS,CKTID=\"2077LE_Ledn01-Ehv01_LUMC(EYR LUMC-TUe)\":STS3C:"
   "STS3C-1-11-3-19,STS3C-1-9-1-79:2WAY:PRIMARYXC=SHELF,PRIME=OSS,CKTID=\"2077LE_Ledn01-Ehv01_LUMC(EYR LUMC-TUe)\":STS3C:"
>

   "Ledn001A_OME01" 12-12-29 15:45:15
M  21 COMPLD
   "STS3C-1-12-1-91,STS3C-1-10-1-1:2WAY:PRIMARYXC=SHELF,PRIME=OSS,CKTID=\"2169LR2_Amf01-Gv01_PBL(Ut05-Gv38)\":STS3C:"
   "STS3C-1-12-1-94,STS3C-1-10-1-4:2WAY:PRIMARYXC=SHELF,PRIME=OSS,CKTID=\"2169LR2_Amf01-Gv01_PBL(Ut05-Gv38)\":STS3C:"
   "STS3C-1-12-1-97,STS3C-1-10-1-7:2WAY:PRIMARYXC=SHELF,PRIME=OSS,CKTID=\"2169LR2_Amf01-Gv01_PBL(Ut05-Gv38)\":STS3C:"
   "STS3C-1-12-1-100,STS3C-1-10-1-10:2WAY:PRIMARYXC=SHELF,PRIME=OSS,CKTID=\"2169LR2_Amf01-Gv01_PBL(Ut05-Gv38)\":STS3C:"
   "STS3C-1-12-1-124,STS3C-1-10-1-85:2WAY:PRIMARYXC=SHELF,PRIME=OSS,CKTID=\"2163LP_Gv01-Asd02_NATO(Gv17)\":STS3C:"
   "STS3C-1-12-1-127,STS3C-1-10-1-88:2WAY:PRIMARYXC=SHELF,PRIME=OSS,CKTID=\"2163LP_Gv01-Asd02_NATO(Gv17)\":STS3C:"
   "STS3C-1-12-1-130,STS3C-1-10-1-91:2WAY:PRIMARYXC=SHELF,PRIME=OSS,CKTID=\"2163LP_Gv01-Asd02_NATO(Gv17)\":STS3C:"
   "STS3C-1-12-1-133,STS3C-1-10-1-94:2WAY:PRIMARYXC=SHELF,PRIME=OSS,CKTID=\"2163LP_Gv01-Asd02_NATO(Gv17)\":STS3C:"
   "STS3C-1-12-1-139,STS3C-1-10-1-97:2WAY:PRIMARYXC=SHELF,PRIME=OSS,CKTID=\"2159LP_Gn01-Gv01_DUO(Gn14-Gv29)\":STS3C:"
   "STS3C-1-5-1-1,STS3C-1-11-4-1:2WAYPR:SWMATE=STS3C-1-13-1-43,PRIMARYXC=SHELF,PRIME=OSS,CKTID=\"2187LP_Asd01-Ledn01_EYR3\":STS3C:"
   "STS3C-1-5-1-4,STS3C-1-11-4-4:2WAYPR:SWMATE=STS3C-1-13-1-46,PRIMARYXC=SHELF,PRIME=OSS,CKTID=\"2187LP_Asd01-Ledn01_EYR3\":STS3C:"
   "STS3C-1-5-1-7,STS3C-1-11-4-7:2WAYPR:SWMATE=STS3C-1-13-1-49,PRIMARYXC=SHELF,PRIME=OSS,CKTID=\"2187LP_Asd01-Ledn01_EYR3\":STS3C:"
   "STS3C-1-5-1-10,STS3C-1-11-4-10:2WAYPR:SWMATE=STS3C-1-13-1-52,PRIMARYXC=SHELF,PRIME=OSS,CKTID=\"2187LP_Asd01-Ledn01_EYR3\":STS3C:"
   "STS3C-1-5-1-13,STS3C-1-11-4-13:2WAYPR:SWMATE=STS3C-1-13-1-55,PRIMARYXC=SHELF,PRIME=OSS,CKTID=\"2187LP_Asd01-Ledn01_EYR3\":STS3C:"
   "STS3C-1-5-1-16,STS3C-1-11-4-16:2WAYPR:SWMATE=STS3C-1-13-1-58,PRIMARYXC=SHELF,PRIME=OSS,CKTID=\"2187LP_Asd01-Ledn01_EYR3\":STS3C:"
   "STS3C-1-5-1-19,STS3C-1-11-4-19:2WAYPR:SWMATE=STS3C-1-13-1-61,PRIMARYXC=SHELF,PRIME=OSS,CKTID=\"2187LP_Asd01-Ledn01_EYR3\":STS3C:"
   "STS3C-1-13-1-22,STS3C-1-12-1-103:2WAY:PRIMARYXC=SHELF,PRIME=OSS,CKTID=\"2173LP_Gv01-Asd01_HDH(Gv15-Asd35)\":STS3C:"
   "STS3C-1-13-1-25,STS3C-1-12-1-106:2WAY:PRIMARYXC=SHELF,PRIME=OSS,CKTID=\"2173LP_Gv01-Asd01_HDH(Gv15-Asd35)\":STS3C:"
>

   "Ledn001A_OME01" 12-12-29 15:45:15
M  21 COMPLD
   "STS3C-1-13-1-28,STS3C-1-12-1-109:2WAY:PRIMARYXC=SHELF,PRIME=OSS,CKTID=\"2173LP_Gv01-Asd01_HDH(Gv15-Asd35)\":STS3C:"
   "STS3C-1-13-1-31,STS3C-1-12-1-112:2WAY:PRIMARYXC=SHELF,PRIME=OSS,CKTID=\"2173LP_Gv01-Asd01_HDH(Gv15-Asd35)\":STS3C:"
   "STS3C-1-13-1-34,STS3C-1-12-1-115:2WAY:PRIMARYXC=SHELF,PRIME=OSS,CKTID=\"2173LP_Gv01-Asd01_HDH(Gv15-Asd35)\":STS3C:"
   "STS3C-1-13-1-37,STS3C-1-12-1-118:2WAY:PRIMARYXC=SHELF,PRIME=OSS,CKTID=\"2173LP_Gv01-Asd01_HDH(Gv15-Asd35)\":STS3C:"
   "STS3C-1-13-1-40,STS3C-1-12-1-121:2WAY:PRIMARYXC=SHELF,PRIME=OSS,CKTID=\"2173LP_Gv01-Asd01_HDH(Gv15-Asd35)\":STS3C:"
   "STS3C-1-5-1-43,STS3C-1-14-1-1:2WAYPR:SWMATE=STS3C-1-13-1-64,PRIMARYXC=SHELF,PRIME=OSS,CKTID=\"2191LP_Ledn01-Asd01_LUMC-SARA(EYR3)\":STS3C:"
   "STS3C-1-5-1-46,STS3C-1-14-1-4:2WAYPR:SWMATE=STS3C-1-13-1-67,PRIMARYXC=SHELF,PRIME=OSS,CKTID=\"2191LP_Ledn01-Asd01_LUMC-SARA(EYR3)\":STS3C:"
   "STS3C-1-5-1-49,STS3C-1-14-1-7:2WAYPR:SWMATE=STS3C-1-13-1-70,PRIMARYXC=SHELF,PRIME=OSS,CKTID=\"2191LP_Ledn01-Asd01_LUMC-SARA(EYR3)\":STS3C:"
   "STS3C-1-5-1-52,STS3C-1-14-1-10:2WAYPR:SWMATE=STS3C-1-13-1-73,PRIMARYXC=SHELF,PRIME=OSS,CKTID=\"2191LP_Ledn01-Asd01_LUMC-SARA(EYR3)\":STS3C:"
   "STS3C-1-5-1-55,STS3C-1-14-1-13:2WAYPR:SWMATE=STS3C-1-13-1-76,PRIMARYXC=SHELF,PRIME=OSS,CKTID=\"2191LP_Ledn01-Asd01_LUMC-SARA(EYR3)\":STS3C:"
   "STS3C-1-5-1-58,STS3C-1-14-1-16:2WAYPR:SWMATE=STS3C-1-13-1-79,PRIMARYXC=SHELF,PRIME=OSS,CKTID=\"2191LP_Ledn01-Asd01_LUMC-SARA(EYR3)\":STS3C:"
   "STS3C-1-5-1-61,STS3C-1-14-1-19:2WAYPR:SWMATE=STS3C-1-13-1-82,PRIMARYXC=SHELF,PRIME=OSS,CKTID=\"2191LP_Ledn01-Asd01_LUMC-SARA(EYR3)\":STS3C:"
;RTRV-AD-ALL:"Ledn001A_OME01"::22;
IP 22
<

   "Ledn001A_OME01" 12-12-29 15:45:15
M  22 COMPLD
   "OC192-1-3-1:TYP-SH-SL-PRT,LINE:TX_VERSION=\"2\",TX_TAG=\"AD_2_00:20:d8:df:3c:37_001_000_003_000_001_ME_1\",RX_VERSION=\"2\",RX_ACTUAL=\"AD_2_00:20:d8:df:37:ab_001_000_010_000_001_ME_1\",RX_EXPECTED=\"\",RECONFIG=DISABLE,RX_RELIABILITY=RELIABLE,MECHANISM=IIH"
   "OC192-1-5-1:TYP-SH-SL-PRT,LINE:TX_VERSION=\"2\",TX_TAG=\"AD_2_00:20:d8:df:3c:37_001_000_005_000_001_ME_1\",RX_VERSION=\"2\",RX_ACTUAL=\"AD_2_00:21:e1:d9:cc:70_001_000_008_000_001_ME_1\",RX_EXPECTED=\"\",RECONFIG=DISABLE,RX_RELIABILITY=RELIABLE,MECHANISM=IIH"
   "OC192-1-6-1:TYP-SH-SL-PRT,LINE:TX_VERSION=\"2\",TX_TAG=\"AD_2_00:20:d8:df:3c:37_001_000_006_000_001_ME_1\",RX_VERSION=\"2\",RX_ACTUAL=\"AD_2_00:20:d8:df:37:8d_001_000_009_000_001_ME_1\",RX_EXPECTED=\"\",RECONFIG=DISABLE,RX_RELIABILITY=RELIABLE,MECHANISM=IIH"
   "OC192-1-9-1:TYP-SH-SL-PRT,LINE:TX_VERSION=\"2\",TX_TAG=\"AD_2_00:20:d8:df:3c:37_001_000_009_000_001_ME_1\",RX_VERSION=\"2\",RX_ACTUAL=\"AD_2_00:21:e1:d9:d2:7f_001_000_027_000_001_ME_1\",RX_EXPECTED=\"\",RECONFIG=DISABLE,RX_RELIABILITY=RELIABLE,MECHANISM=IIH"
   "OC192-1-10-1:TYP-SH-SL-PRT,LINE:TX_VERSION=\"2\",TX_TAG=\"AD_2_00:20:d8:df:3c:37_001_000_010_000_001_ME_1\",RX_VERSION=\"2\",RX_ACTUAL=\"AD_2_00:21:e1:d9:d2:7f_001_000_026_000_001_ME_1\",RX_EXPECTED=\"\",RECONFIG=DISABLE,RX_RELIABILITY=RELIABLE,MECHANISM=IIH"
   "OC192-1-12-1:TYP-SH-SL-PRT,LINE:TX_VERSION=\"2\",TX_TAG=\"AD_2_00:20:d8:df:3c:37_001_000_012_000_001_ME_1\",RX_VERSION=\"2\",RX_ACTUAL=\"AD_2_00:20:d8:df:37:e7_001_000_005_000_001_ME_1\",RX_EXPECTED=\"\",RECONFIG=DISABLE,RX_RELIABILITY=RELIABLE,MECHANISM=IIH"
   "ADJ-1-12-1:TYP-SH-SL-PRT,PHYS:TX_VERSION=\"2\",TX_TAG=\"Ledn001A_OME01-1-12-1\",RX_VERSION=\"2\",RX_ACTUAL=\"\",RX_EXPECTED=\"\",RECONFIG=DISABLE,RX_RELIABILITY=UNRELIABLE,MECHANISM=DERIVED"
   "OC192-1-13-1:TYP-SH-SL-PRT,LINE:TX_VERSION=\"2\",TX_TAG=\"AD_2_00:20:d8:df:3c:37_001_000_013_000_001_ME_1\",RX_VERSION=\"2\",RX_ACTUAL=\"AD_2_00:20:d8:df:37:8d_001_000_010_000_001_ME_1\",RX_EXPECTED=\"\",RECONFIG=DISABLE,RX_RELIABILITY=RELIABLE,MECHANISM=IIH"
   "ADJ-1-13-1:TYP-SH-SL-PRT,PHYS:TX_VERSION=\"2\",TX_TAG=\"Ledn001A_OME01-1-13-1\",RX_VERSION=\"2\",RX_ACTUAL=\"Spl001B_OME01-1-10-1\",RX_EXPECTED=\"\",RECONFIG=DISABLE,RX_RELIABILITY=UNRELIABLE,MECHANISM=DERIVED"
;RTRV-FFP-OC192:"Ledn001A_OME01":OC192-1-ALL:23;
IP 23
<

   "Ledn001A_OME01" 12-12-29 15:45:16
M  23 COMPLD
;

   "Ledn001A_OME01" 12-12-29 15:45:24
A  0001468022 REPT EVT COM
   "SP-1-15:PMFTPC,TC,12-29,15-45-24,NEND,NA,,,:\"file 'sftp://sftpuser@145.145.64.26:22//opt/nortel/omea/NE_info/pmdata/0020D8DF3C37/pm_Ledn001A_OME01_20121229154504_date_201212291530.gz' has completed\",NONE:0100000000-0000-0648,:YEAR=2012,MODE=NONE,SIGLAYER=\"\""
;<<RTRV-HDR keep alive sent>>
IP 24
<

   "Ledn001A_OME01" 12-12-29 15:46:22
M  24 COMPLD
;

   "Ledn001A_OME01" 12-12-29 15:46:36
A  0001468023 REPT EVT LOG
   "DATE=12-12-29,TIME=15-46-36:USERID=SNSCRIPT,PRIORITY=GEN_TL1_CMD,STATUS=COMPLD:ACT-USER:SNSCRIPT:1::::"
;

   "Ledn001A_OME01" 12-12-29 15:46:36
A  0001468024 REPT EVT LOG
   "DATE=12-12-29,TIME=15-46-36:USERID=SNSCRIPT,PRIORITY=GEN_TL1_CMD,STATUS=COMPLD:CANC-USER:SNSCRIPT:1::::"
;<<RTRV-HDR keep alive sent>>
IP 25
<

   "Ledn001A_OME01" 12-12-29 15:48:22
M  25 COMPLD
;<<RTRV-HDR keep alive sent>>
IP 26
<

   "Ledn001A_OME01" 12-12-29 15:50:22
M  26 COMPLD
;<<RTRV-HDR keep alive sent>>
IP 27
<

   "Ledn001A_OME01" 12-12-29 15:52:22
M  27 COMPLD
;

   "Ledn001A_OME01" 12-12-29 15:53:08
A  0001468025 REPT EVT LOG
   "DATE=12-12-29,TIME=15-53-08:USERID=SNSCRIPT,PRIORITY=GEN_TL1_CMD,STATUS=COMPLD:ACT-USER:SNSCRIPT:1::::"
;

   "Ledn001A_OME01" 12-12-29 15:53:09
A  0001468026 REPT EVT LOG
   "DATE=12-12-29,TIME=15-53-09:USERID=SNSCRIPT,PRIORITY=GEN_TL1_CMD,STATUS=COMPLD:CANC-USER:SNSCRIPT:1::::"
;<<RTRV-HDR keep alive sent>>
IP 28
<

   "Ledn001A_OME01" 12-12-29 15:54:23
M  28 COMPLD
;<<RTRV-HDR keep alive sent>>
IP 29
<

   "Ledn001A_OME01" 12-12-29 15:56:23
M  29 COMPLD
;<<RTRV-HDR keep alive sent>>
IP 30
<

   "Ledn001A_OME01" 12-12-29 15:58:25
M  30 COMPLD
;<<RTRV-HDR keep alive sent>>
IP 31
<

   "Ledn001A_OME01" 12-12-29 16:00:24
M  31 COMPLD
;

   "Ledn001A_OME01" 12-12-29 16:01:35
A  0001468027 REPT EVT LOG
   "DATE=12-12-29,TIME=16-01-35:USERID=SNSCRIPT,PRIORITY=GEN_TL1_CMD,STATUS=COMPLD:ACT-USER:SNSCRIPT:1::::"
;

   "Ledn001A_OME01" 12-12-29 16:01:35
A  0001468028 REPT EVT LOG
   "DATE=12-12-29,TIME=16-01-35:USERID=SNSCRIPT,PRIORITY=GEN_TL1_CMD,STATUS=COMPLD:CANC-USER:SNSCRIPT:1::::"
;<<RTRV-HDR keep alive sent>>
IP 32
<

   "Ledn001A_OME01" 12-12-29 16:02:25
M  32 COMPLD
;<<RTRV-HDR keep alive sent>>
IP 33
<

   "Ledn001A_OME01" 12-12-29 16:04:25
M  33 COMPLD
;<<RTRV-HDR keep alive sent>>
IP 34
<

   "Ledn001A_OME01" 12-12-29 16:06:26
M  34 COMPLD
;<<RTRV-HDR keep alive sent>>
IP 35
<

   "Ledn001A_OME01" 12-12-29 16:08:25
M  35 COMPLD
;<<RTRV-HDR keep alive sent>>
IP 36
<

   "Ledn001A_OME01" 12-12-29 16:10:26
M  36 COMPLD
;<<RTRV-HDR keep alive sent>>
IP 37
<

   "Ledn001A_OME01" 12-12-29 16:12:26
M  37 COMPLD
;<<RTRV-HDR keep alive sent>>
IP 38
<

   "Ledn001A_OME01" 12-12-29 16:14:27
M  38 COMPLD
;

   "Ledn001A_OME01" 12-12-29 16:15:14
A  0001468029 REPT EVT LOG
   "DATE=12-12-29,TIME=16-15-14:USERID=SNSCRIPT,PRIORITY=GEN_TL1_CMD,STATUS=COMPLD:ACT-USER:SNSCRIPT:1::::"
;

   "Ledn001A_OME01" 12-12-29 16:15:15
A  0001468030 REPT EVT LOG
   "DATE=12-12-29,TIME=16-15-15:USERID=SNSCRIPT,PRIORITY=GEN_TL1_CMD,STATUS=COMPLD:CANC-USER:SNSCRIPT:1::::"
;<<RTRV-HDR keep alive sent>>
IP 39
<

   "Ledn001A_OME01" 12-12-29 16:16:27
M  39 COMPLD
;

   "Ledn001A_OME01" 12-12-29 16:16:36
A  0001468031 REPT EVT LOG
   "DATE=12-12-29,TIME=16-16-36:USERID=SNSCRIPT,PRIORITY=GEN_TL1_CMD,STATUS=COMPLD:ACT-USER:SNSCRIPT:1::::"
;

   "Ledn001A_OME01" 12-12-29 16:16:36
A  0001468032 REPT EVT LOG
   "DATE=12-12-29,TIME=16-16-36:USERID=SNSCRIPT,PRIORITY=GEN_TL1_CMD,STATUS=COMPLD:CANC-USER:SNSCRIPT:1::::"
;<<RTRV-HDR keep alive sent>>
IP 40
<

   "Ledn001A_OME01" 12-12-29 16:18:27
M  40 COMPLD
;<<RTRV-HDR keep alive sent>>
IP 41
<

   "Ledn001A_OME01" 12-12-29 16:20:27
M  41 COMPLD
;<<RTRV-HDR keep alive sent>>
IP 42
<

   "Ledn001A_OME01" 12-12-29 16:22:28
M  42 COMPLD
;<<RTRV-HDR keep alive sent>>
IP 43
<

   "Ledn001A_OME01" 12-12-29 16:24:29
M  43 COMPLD
;<<RTRV-HDR keep alive sent>>
IP 44
<

   "Ledn001A_OME01" 12-12-29 16:26:29
M  44 COMPLD
;<<RTRV-HDR keep alive sent>>
IP 45
<

   "Ledn001A_OME01" 12-12-29 16:28:29
M  45 COMPLD
;<<RTRV-HDR keep alive sent>>
IP 46
<

   "Ledn001A_OME01" 12-12-29 16:30:29
M  46 COMPLD
;

   "Ledn001A_OME01" 12-12-29 16:31:38
A  0001468033 REPT EVT LOG
   "DATE=12-12-29,TIME=16-31-38:USERID=SNSCRIPT,PRIORITY=GEN_TL1_CMD,STATUS=COMPLD:ACT-USER:SNSCRIPT:1::::"
;

   "Ledn001A_OME01" 12-12-29 16:31:38
A  0001468034 REPT EVT LOG
   "DATE=12-12-29,TIME=16-31-38:USERID=SNSCRIPT,PRIORITY=GEN_TL1_CMD,STATUS=COMPLD:CANC-USER:SNSCRIPT:1::::"
;<<RTRV-HDR keep alive sent>>
IP 47
<

   "Ledn001A_OME01" 12-12-29 16:32:30
M  47 COMPLD
;<<RTRV-HDR keep alive sent>>
IP 48
<

   "Ledn001A_OME01" 12-12-29 16:34:30
M  48 COMPLD
;<<RTRV-HDR keep alive sent>>
IP 49
<

   "Ledn001A_OME01" 12-12-29 16:36:30
M  49 COMPLD
;<<RTRV-HDR keep alive sent>>
IP 50
<

   "Ledn001A_OME01" 12-12-29 16:38:30
M  50 COMPLD
;<<RTRV-HDR keep alive sent>>
IP 51
<

   "Ledn001A_OME01" 12-12-29 16:40:32
M  51 COMPLD
;<<RTRV-HDR keep alive sent>>
IP 52
<

   "Ledn001A_OME01" 12-12-29 16:42:32
M  52 COMPLD
;<<RTRV-HDR keep alive sent>>
IP 53
<

   "Ledn001A_OME01" 12-12-29 16:44:33
M  53 COMPLD
;<<RTRV-HDR keep alive sent>>
IP 54
<

   "Ledn001A_OME01" 12-12-29 16:46:32
M  54 COMPLD
;

   "Ledn001A_OME01" 12-12-29 16:46:41
A  0001468035 REPT EVT LOG
   "DATE=12-12-29,TIME=16-46-41:USERID=SNSCRIPT,PRIORITY=GEN_TL1_CMD,STATUS=COMPLD:ACT-USER:SNSCRIPT:1::::"
;

   "Ledn001A_OME01" 12-12-29 16:46:41
A  0001468036 REPT EVT LOG
   "DATE=12-12-29,TIME=16-46-41:USERID=SNSCRIPT,PRIORITY=GEN_TL1_CMD,STATUS=COMPLD:CANC-USER:SNSCRIPT:1::::"
;<<RTRV-HDR keep alive sent>>
IP 55
<

   "Ledn001A_OME01" 12-12-29 16:48:33
M  55 COMPLD
;<<RTRV-HDR keep alive sent>>
IP 56
<

   "Ledn001A_OME01" 12-12-29 16:50:34
M  56 COMPLD
;<<RTRV-HDR keep alive sent>>
IP 57
<

   "Ledn001A_OME01" 12-12-29 16:52:34
M  57 COMPLD
;<<RTRV-HDR keep alive sent>>
IP 58
<

   "Ledn001A_OME01" 12-12-29 16:54:35
M  58 COMPLD
;<<RTRV-HDR keep alive sent>>
IP 59
<

   "Ledn001A_OME01" 12-12-29 16:56:34
M  59 COMPLD
;