***** (re)Starting logger at Tue Apr 27 13:43:18 EDT 2010*****


**** TL1 session opened at Tue Apr 27 13:43:18 EDT 2010 ****


<<RTRV-HDR keep alive sent>>
??????
                                                                                
This computer system may be accessed only by authorized users.                  
The data and programs in this system are private, proprietary,                  
confidential and protected by copyright law and international                   
treaties. Unauthorized access, use, knowledge, duplication,                     
reproduction, modification, distribution, retransmission,                       
download or disclosure of any of the data and programs in this                  
system or any portion of it may result in severe civil and                      
criminal penalties and will be enforced and prosecuted to the                   
maximum extent possible under law. Employees or other Company                   
authorized users exceeding their authorizations subject                         
themselves to Company initiated disciplinary proceedings.                       
                                                                                

------------ (c) 2000 - 2010 Nortel Networks. All Rights Reserved ----------
|  NOTICE: This is a private computer system.                              |
|  Unauthorized access or use may lead to prosecution.                     |
|                                                                          |
|  NORTEL Optical Multiservice Edge 6500 FRONTELEC                         |
----------------------------------------------------------------------------

/*
 * Starting Interactive TL1 Command Mode.
 * Type ? for help while constructing TL1 commands.
 * Type .? for specific parameter/keyword help.
 */


IP 2
<

   OME0171 10-04-27 13:45:41
M  2 DENY
   PLNA
   /*Privilege, Login Not Active*/
;<<ACT-USER sent, password hidden>>
IP 3
<

   OME0171 10-04-27 13:45:42
M  3 COMPLD
;RTRV-NETYPE:OME0171::4;
IP 4
<

   OME0171 10-04-27 13:45:42
M  4 COMPLD
   "NORTEL,\"Optical Multiservice Edge 6500 FRONTELEC\",OCP,\"REL0700Z.MR\""
;RTRV-SW-VER:OME0171::5;
IP 5
<

   OME0171 10-04-27 13:45:42
M  5 COMPLD
   "SHELF-1:REL0700Z.MR"
;RTRV-RTG-INFO:OME0171::6:::NAME="OME0171";
IP 6
<

   OME0171 10-04-27 13:45:42
M  6 COMPLD
   "SHELF-1::,\"OME0171\",001B252CE96E,00001600,YES"
;RTRV-SYS:OME0171::7;
IP 7
<

   OME0171 10-04-27 13:45:42
M  7 COMPLD
   "ALMHO=2.5,ALMCORR=OFF,BAYFICINAO=FALSE,FIBERLOSSDETECTION=DISABLED,LINEPEVSTAT=MAN&AUTO,GCC0MODE=DISABLED,GCC1MODE=DISABLED,NEMODE=SONET,FILLERMGMT=ENABLED,PATHSDTH=6,PATHEBERTH=3,PATHSWCRIT=AIS&LOP&UNEQ&EBER&SD,PTHAISINSERT=AIS&LOP,PATHPEVSTAT=MAN,PROVCURRENT=40,EQPTCURRENT=40,ACTUALPOWER=663,MONITORFAN=ENABLED,MINCOOLING=LOWFLOW,ACTUALCOOLING=LOWFLOW,LASEROFFFARENDFAIL=DISABLED,CSFMCASTMAC=0180c2880001,BITSMODE=SONET,AINSTIMEOUT=00-05,ETHSDTH=1,ETHEERTH=20,FCSDTH=1,FCEERTH=20,WANFRSDTH=1,WANFREERTH=20,WANTRSDTH=1,WANTREERTH=20,ETHGFPRFI=ENABLED,ETHGFPRFIUPI=128,OSCMODE=OSPF"
;ALW-MSG-BROADCAST:OME0171:ALL:8;
IP 8
<

   OME0171 10-04-27 13:45:42
M  8 COMPLD
;RTRV-OC3:OME0171:OC3-1-ALL:9;
IP 9
<

   OME0171 10-04-27 13:45:42
M  9 COMPLD
;RTRV-OC12:OME0171:OC12-1-ALL:10;
IP 10
<

   OME0171 10-04-27 13:45:42
M  10 COMPLD
;RTRV-OC48:OME0171:OC48-1-ALL:11;
IP 11
<

   OME0171 10-04-27 13:45:42
M  11 COMPLD
;RTRV-OC192:OME0171:OC192-1-ALL:12;
IP 12
<

   OME0171 10-04-27 13:45:43
M  12 COMPLD
;RTRV-EQPT:OME0171:ALL:13;
IP 13
<

   OME0171 10-04-27 13:45:43
M  13 COMPLD
   "L2SS-1-2::PROVPEC=NTK531MA,CTYPE=\"L2SS 2.5G GE DS1/E1/DS3/E3 4 Port SFP\",PEC=NTK531MA,REL=B01 ,CLEI=,SER=,MDAT=0-00,AGE=02-081-17-54,ONSC=00-000-00-10,EQPTPROFILE=L2SS_PDH:IS,ACT"
   "PGEFC-1-2-1::PROVPEC=NTTP01AF,CTYPE=\"GE SX/FC100 Mx 850nm LC SFP\",PEC=NTTP01AF,REL=01,CLEI=SOC3NNFCAA,SER=AGLTMY00000UL5  :IS,ACT"
   "L2SS-1-3::PROVPEC=NTK531MA,CTYPE=\"L2SS 2.5G GE DS1/E1/DS3/E3 4 Port SFP\",PEC=NTK531MA,REL=B01 ,CLEI=,SER=,MDAT=0-00,AGE=02-028-00-25,ONSC=00-000-00-14,EQPTPROFILE=L2SS_PDH:IS,ACT"
   "PGEFC-1-3-1::PROVPEC=NTTP01AF,CTYPE=\"GE SX/FC100 Mx 850nm LC SFP\",PEC=NTTP01AF,REL=01,CLEI=SOC3NNFCAA,SER=AGLTMY00007V82  :IS,ACT"
   "L2SS-1-4::PROVPEC=NTK531MA,CTYPE=\"L2SS 2.5G GE DS1/E1/DS3/E3 4 Port SFP\",PEC=NTK531MA,REL= 02 ,CLEI=WOCUACYMAB,SER=NNTMH181038MK,MDAT=2009-51,AGE=00-058-09-39,ONSC=00-000-03-43,EQPTPROFILE=L2SS_PDH:IS,ACT"
   "PGEFC-1-4-1::PROVPEC=NTTP01AF,CTYPE=\"GE SX/FC100 Mx 850nm LC SFP\",PEC=NTTP01AF,REL=01,CLEI=SOC3NNFCAA,SER=AGLTMY00000M5M  :IS,ACT"
   "L2SS-1-6::PROVPEC=NTK531MA,CTYPE=\"L2SS 2.5G GE DS1/E1/DS3/E3 4 Port SFP\",PEC=NTK531MA,REL= 01 ,CLEI=WOCUACYMAA,SER=NNTMH1C1026WT,MDAT=2009-18,AGE=00-239-13-03,ONSC=00-000-03-41,EQPTPROFILE=L2SS_PDH:IS,ACT"
   "PGEFC-1-6-1::PROVPEC=NTTP01AF,CTYPE=\"GE SX/FC100 Mx 850nm LC SFP\",PEC=NTTP01AF,REL=01,CLEI=SOC3NNFCAA,SER=AGLTMY00000KK8  :IS,ACT"
   "XC-1-7::PROVPEC=NTK557PA,CTYPE=\"X-Conn 80G 20G VT1.5/VC-12 Sync-ST3\":OOS-AUMA,UEQ"
   "XC-1-8::PROVPEC=NTK557PA,CTYPE=\"X-Conn 80G 20G VT1.5/VC-12 Sync-ST3\",PEC=NTK557PA,REL=08  ,CLEI=WMIXDDABAD,SER=NNTMH1E102YRT,MDAT=2008-41,AGE=00-110-21-11,ONSC=00-006-21-00:IS,WRKTRAF&WRKSYNC"
>

   OME0171 10-04-27 13:45:43
M  13 COMPLD
   "L2MOTR-1-9::PROVPEC=NTK531VA,CTYPE=\"L2MOTR 2xXFP/10xSFP\",PEC=NTK531VA,REL= 01 ,CLEI=WOCUAG8MAA,SER=NNTMDG000JD3,MDAT=2010-14,AGE=00-004-03-27,ONSC=00-000-03-43,TMGID=SHELF-1,ETYPE=8100:IS,ACT"
   "PGEFC-1-9-3::PROVPEC=NTTP01AF,CTYPE=\"GE SX/FC100 Mx 850nm LC SFP\",PEC=NTTP01AF,REL=01,CLEI=SOC3NNFCAA,SER=AGLTMY0000861T  :IS,ACT"
   "PGEFC-1-9-4::PROVPEC=NTTP01AF,CTYPE=\"GE SX/FC100 Mx 850nm LC SFP\",PEC=NTTP01AF,REL=01,CLEI=SOC3NNFCAA,SER=AGLTMY000018QG  :IS,ACT"
   "PGEFC-1-9-5::PROVPEC=NTTP01CF,CTYPE=\"GE LX [10k]/FC100 SM 1310nm LC SFP\",PEC=NTTP01CF,REL=01,CLEI=WMOTAH1JAA,SER=EXLGJP8351590283:IS,IDLE"
   "PGEFC-1-9-6::PROVPEC=NTTP01CF,CTYPE=\"GE LX [10k]/FC100 SM 1310nm LC SFP\",PEC=NTTP01CF,REL=01,CLEI=WMOTAH1JAA,SER=EXLGJPMYEY340122:IS,IDLE"
   "PGEFC200-1-9-7::PROVPEC=NTTP06CF,CTYPE=\"GE LX [10k]/FC100/FC200 SM 1310nm LC SFP\",PEC=NTTP06CF,REL=01,CLEI=WM1TTTLDAA,SER=FNSRMYPAB1G4H   :IS,IDLE"
   "20GL2SS-1-12::PROVPEC=NTK531HA,CTYPE=\"20G L2SS 16 Port I/O 2xXFP/8xSFP\",PEC=NTK531HA,REL=A01 ,CLEI=,SER=NNTM,MDAT=0-00,AGE=01-230-02-40,ONSC=00-000-03-43,MAPMODE=AU3_VT15,WANCONFIG=8HI56LOCAP,CARRIER1=NONE,CARRIER2=NONE:IS,ACT"
   "PGEFC-1-12-3::PROVPEC=NTTP01AF,CTYPE=\"GE SX/FC100 Mx 850nm LC SFP\",PEC=NTTP01AF,REL=01,CLEI=SOC3NNFCAA,SER=AGLTMY00008699  :IS,ACT"
   "PGEFC-1-12-4::PROVPEC=NTTP01AF,CTYPE=\"GE SX/FC100 Mx 850nm LC SFP\",PEC=NTTP01AF,REL=01,CLEI=SOC3NNFCAA,SER=AGLTMY00000W3A  :IS,ACT"
   "SP-1-15::PROVPEC=NTK555AB,CTYPE=\"Processor SP with I2C support\",PEC=NTK555AB,REL= 01 ,CLEI=WMUCA2MAAA,SER=NNTMH1X102H07,MDAT=2008-31,AGE=00-162-18-56,ONSC=00-000-23-44,TCUR=26,TAVG=26:IS,"
>

   OME0171 10-04-27 13:45:43
M  13 COMPLD
;RTRV-WAN:OME0171:WAN-1-ALL:14;
IP 14
<

   OME0171 10-04-27 13:45:44
A  0000005647 REPT ALM MA
   "MA-1-3-2-3:CL,CFM_U_MAID,SA,04-27,13-45-44,NEND,NA:\"Cross Connect Error\",NONE:0100000080-6391-1207,:YEAR=2010,MODE=NONE"
;

   OME0171 10-04-27 13:45:44
** 0000005648 REPT ALM MA
   "MA-1-3-2-3:MJ,CFM_LOC,SA,04-27,13-45-44,NEND,NA:\"Remote CCM Error \",NONE:0100000081-6390-1209,:YEAR=2010,MODE=NONE"
;

   OME0171 10-04-27 13:45:44
A  0000005649 REPT ALM MA
   "MA-1-12-6-6:CL,CFM_LOC,SA,04-27,13-45-44,NEND,NA:\"Remote CCM Error \",NONE:0100000076-6390-1209,:YEAR=2010,MODE=NONE"
;

   OME0171 10-04-27 13:45:45
M  14 COMPLD
   "WAN-1-2-101::MAPPING=GFP-F,FCS=32,PDHTYPE=NONPDH,RATE=STS3C,LCAS=DISABLE,VCAT=ENABLE,PROVUNITS=1,ACTUALUNITS=1,LANFCS=DISABLE,RTDELAY=UNKNOWN,MAXVCDEL=64000,CURRVCDEL=0,SCRAMBLE=ENABLE,ACTUALRXUNITS=1,IFTYPE=UNI,POLICING=DISABLE,ETYPE=8100,PMODE=PBITS,TXCOSPRF=TXCOSPRF-1-1,RXCOSPRF=RXCOSPRF-1-1,URXCOS=0,CFPRF=CFPRF-1-8,SCHPRF=SCHPRF-1-1,LOOPDETECT=DISABLE,QGRP1=QGRP-1-68,BWTHRESHLD=80,BWUTL=0,BWREMAIN=149760,PDHVLI=DISABLE,MACOPTION=MANUAL,MAC=000000000001:IS"
   "WAN-1-3-101::MAPPING=GFP-F,FCS=32,PDHTYPE=NONPDH,RATE=STS3C,LCAS=DISABLE,VCAT=ENABLE,PROVUNITS=1,ACTUALUNITS=1,LANFCS=DISABLE,RTDELAY=UNKNOWN,MAXVCDEL=64000,CURRVCDEL=0,SCRAMBLE=ENABLE,ACTUALRXUNITS=1,IFTYPE=UNI,POLICING=DISABLE,ETYPE=8100,PMODE=PBITS,TXCOSPRF=TXCOSPRF-1-1,RXCOSPRF=RXCOSPRF-1-1,URXCOS=0,CFPRF=CFPRF-1-8,SCHPRF=SCHPRF-1-1,LOOPDETECT=DISABLE,QGRP1=QGRP-1-68,BWTHRESHLD=80,BWUTL=0,BWREMAIN=149760,PDHVLI=DISABLE,MACOPTION=MANUAL,MAC=000000000002:IS"
   "WAN-1-4-101::MAPPING=GFP-F,FCS=32,PDHTYPE=NONPDH,RATE=STS3C,LCAS=DISABLE,VCAT=ENABLE,PROVUNITS=1,ACTUALUNITS=1,LANFCS=DISABLE,RTDELAY=UNKNOWN,MAXVCDEL=64000,CURRVCDEL=0,SCRAMBLE=ENABLE,ACTUALRXUNITS=1,IFTYPE=UNI,POLICING=DISABLE,ETYPE=8100,PMODE=PBITS,TXCOSPRF=TXCOSPRF-1-1,RXCOSPRF=RXCOSPRF-1-1,URXCOS=0,CFPRF=CFPRF-1-8,SCHPRF=SCHPRF-1-1,LOOPDETECT=DISABLE,QGRP1=QGRP-1-68,BWTHRESHLD=80,BWUTL=0,BWREMAIN=149760,PDHVLI=DISABLE,MACOPTION=MANUAL,MAC=000000000003:IS"
   "WAN-1-6-101::MAPPING=GFP-F,FCS=32,PDHTYPE=NONPDH,RATE=STS3C,LCAS=DISABLE,VCAT=ENABLE,PROVUNITS=1,ACTUALUNITS=1,LANFCS=DISABLE,RTDELAY=UNKNOWN,MAXVCDEL=64000,CURRVCDEL=0,SCRAMBLE=ENABLE,ACTUALRXUNITS=1,IFTYPE=UNI,POLICING=DISABLE,ETYPE=8100,PMODE=PBITS,TXCOSPRF=TXCOSPRF-1-1,RXCOSPRF=RXCOSPRF-1-1,URXCOS=0,CFPRF=CFPRF-1-8,SCHPRF=SCHPRF-1-1,LOOPDETECT=DISABLE,QGRP1=QGRP-1-68,BWTHRESHLD=80,BWUTL=0,BWREMAIN=149760,PDHVLI=DISABLE,MACOPTION=MANUAL,MAC=000000000004:IS"
;RTRV-ETH:OME0171:ETH-1-ALL:15;
IP 15
<

   OME0171 10-04-27 13:45:47
M  15 COMPLD
   "ETH-1-2-1::AN=ENABLE,ANSTATUS=COMPLETED,ANETHDPX=FULL,ANSPEED=1000,ANPAUSETX=DISABLE,ANPAUSERX=DISABLE,ADVETHDPX=FULL,ADVSPEED=1000,ADVFLOWCTRL=NONE,ETHDPX=FULL,SPEED=1000,FLOWCTRL=NONE,PAUSETX=DISABLE,PAUSERX=DISABLE,MTU=9216,BWTHRESHLD=80,BWUTL=0,BWREMAIN=1000000,IFTYPE=UNI,POLICING=DISABLE,ETYPE=8100,PMODE=PBITS,TXCOSPRF=TXCOSPRF-1-1,RXCOSPRF=RXCOSPRF-1-1,URXCOS=0,CFPRF=CFPRF-1-8,SCHPRF=SCHPRF-1-1,QGRP1=QGRP-1-68,PHYSADDR=0016CA40192D:IS"
   "ETH-1-3-1::AN=ENABLE,ANSTATUS=COMPLETED,ANETHDPX=FULL,ANSPEED=1000,ANPAUSETX=DISABLE,ANPAUSERX=DISABLE,ADVETHDPX=FULL,ADVSPEED=1000,ADVFLOWCTRL=NONE,ETHDPX=FULL,SPEED=1000,FLOWCTRL=NONE,PAUSETX=DISABLE,PAUSERX=DISABLE,MTU=9216,BWTHRESHLD=80,BWUTL=0,BWREMAIN=1000000,IFTYPE=UNI,POLICING=DISABLE,ETYPE=8100,PMODE=PBITS,TXCOSPRF=TXCOSPRF-1-1,RXCOSPRF=RXCOSPRF-1-1,URXCOS=0,CFPRF=CFPRF-1-8,SCHPRF=SCHPRF-1-1,QGRP1=QGRP-1-68,PHYSADDR=0016CA403D68:IS"
   "ETH-1-4-1::AN=ENABLE,ANSTATUS=COMPLETED,ANETHDPX=FULL,ANSPEED=1000,ANPAUSETX=DISABLE,ANPAUSERX=DISABLE,ADVETHDPX=FULL,ADVSPEED=1000,ADVFLOWCTRL=NONE,ETHDPX=FULL,SPEED=1000,FLOWCTRL=NONE,PAUSETX=DISABLE,PAUSERX=DISABLE,MTU=9216,BWTHRESHLD=80,BWUTL=0,BWREMAIN=1000000,IFTYPE=UNI,POLICING=DISABLE,ETYPE=8100,PMODE=PBITS,TXCOSPRF=TXCOSPRF-1-1,RXCOSPRF=RXCOSPRF-1-1,URXCOS=0,CFPRF=CFPRF-1-8,SCHPRF=SCHPRF-1-1,QGRP1=QGRP-1-68,PHYSADDR=0025C3BE4120:IS"
   "ETH-1-6-1::AN=ENABLE,ANSTATUS=COMPLETED,ANETHDPX=FULL,ANSPEED=1000,ANPAUSETX=DISABLE,ANPAUSERX=DISABLE,ADVETHDPX=FULL,ADVSPEED=1000,ADVFLOWCTRL=NONE,ETHDPX=FULL,SPEED=1000,FLOWCTRL=NONE,PAUSETX=DISABLE,PAUSERX=DISABLE,MTU=9216,BWTHRESHLD=80,BWUTL=0,BWREMAIN=1000000,IFTYPE=UNI,POLICING=DISABLE,ETYPE=8100,PMODE=PBITS,TXCOSPRF=TXCOSPRF-1-1,RXCOSPRF=RXCOSPRF-1-30,URXCOS=0,CFPRF=CFPRF-1-8,SCHPRF=SCHPRF-1-1,QGRP1=QGRP-1-68,PHYSADDR=0016CA40B895:IS"
   "ETH-1-9-3::AN=ENABLE,ANSTATUS=COMPLETED,ANETHDPX=FULL,ANSPEED=1000,ANPAUSETX=DISABLE,ANPAUSERX=DISABLE,ADVETHDPX=FULL,ADVSPEED=1000,ADVFLOWCTRL=NONE,ETHDPX=FULL,SPEED=1000,FLOWCTRL=NONE,PAUSETX=DISABLE,PAUSERX=DISABLE,PAUSERXOVERRIDE=ENABLE,MTU=9600,IFTYPE=UNI,POLICING=ENABLE,ETYPE=8100,TXCOSPRF=TXCOSPRF-1-30,RXCOSPRF=RXCOSPRF-1-30,URXCOS=0,PASSCTRL=DISABLE,PAUSETXOVERRIDE=DISABLE,CFPRF=CFPRF-1-8,QGRP1=QGRP-1-70,PHYSADDR=98D88CFF5175,MODE=L2,PORTBW=BWPRF-1-0:IS"
>

   OME0171 10-04-27 13:45:47
M  15 COMPLD
   "ETH-1-9-4::AN=ENABLE,ANSTATUS=COMPLETED,ANETHDPX=FULL,ANSPEED=1000,ANPAUSETX=DISABLE,ANPAUSERX=DISABLE,ADVETHDPX=FULL,ADVSPEED=1000,ADVFLOWCTRL=NONE,ETHDPX=FULL,SPEED=1000,FLOWCTRL=NONE,PAUSETX=DISABLE,PAUSERX=DISABLE,PAUSERXOVERRIDE=ENABLE,MTU=9600,IFTYPE=UNI,POLICING=ENABLE,ETYPE=8100,TXCOSPRF=TXCOSPRF-1-30,RXCOSPRF=RXCOSPRF-1-30,URXCOS=0,PASSCTRL=DISABLE,PAUSETXOVERRIDE=DISABLE,CFPRF=CFPRF-1-8,QGRP1=QGRP-1-70,PHYSADDR=98D88CFF5176,MODE=L2,PORTBW=BWPRF-1-0:IS"
   "ETH-1-12-3::AN=ENABLE,ANSTATUS=COMPLETED,ANETHDPX=FULL,ANSPEED=1000,ANPAUSETX=DISABLE,ANPAUSERX=DISABLE,ADVETHDPX=FULL,ADVSPEED=1000,ADVFLOWCTRL=NONE,ETHDPX=FULL,SPEED=1000,FLOWCTRL=NONE,PAUSETX=DISABLE,PAUSERX=DISABLE,MTU=9216,IFTYPE=UNI,POLICING=ENABLE,ETYPE=8100,PMODE=PBITS,TXCOSPRF=TXCOSPRF-1-30,RXCOSPRF=RXCOSPRF-1-30,URXCOS=0,CFPRF=CFPRF-1-8,SCHPRF=SCHPRF-1-1,QGRP1=QGRP-1-68,QGRP2=QGRP-1-68,PHYSADDR=001B25314BCC,PBTLISTSUP=0,PORTBW=BWPRF-1-0:IS"
   "ETH-1-12-4::AN=ENABLE,ANSTATUS=COMPLETED,ANETHDPX=FULL,ANSPEED=1000,ANPAUSETX=DISABLE,ANPAUSERX=DISABLE,ADVETHDPX=FULL,ADVSPEED=1000,ADVFLOWCTRL=NONE,ETHDPX=FULL,SPEED=1000,FLOWCTRL=NONE,PAUSETX=DISABLE,PAUSERX=DISABLE,MTU=9216,IFTYPE=UNI,POLICING=ENABLE,ETYPE=8100,PMODE=PBITS,TXCOSPRF=TXCOSPRF-1-30,RXCOSPRF=RXCOSPRF-1-30,URXCOS=0,CFPRF=CFPRF-1-8,SCHPRF=SCHPRF-1-1,QGRP1=QGRP-1-68,QGRP2=QGRP-1-68,PHYSADDR=001B25314BCD,PBTLISTSUP=0,PORTBW=BWPRF-1-0:IS"
;RTRV-ETH10G:OME0171:ETH10G-1-ALL:16;
IP 16
<

   OME0171 10-04-27 13:45:47
M  16 COMPLD
;RTRV-VCS:OME0171:VCS-1-ALL:17;
IP 17
<

   OME0171 10-04-27 13:45:47
M  17 COMPLD
   "VCS-1-1::PROTOCOL=ETH,ENCAP=SVLAN,DATATYPE=CUSTDATA,TOPO=P2P,COSSUP=CR&NW&NT&PR&PL&GD&SL&BR&ST,MTU=9100,FID=16384,QGRP=1:IS"
   "VCS-1-2::PROTOCOL=ETH,ENCAP=SVLAN,DATATYPE=CUSTDATA,TOPO=P2P,COSSUP=CR&NW&NT&PR&PL&GD&SL&BR&ST,MTU=9100,FID=16385,QGRP=1:IS"
   "VCS-1-3::PROTOCOL=ETH,ENCAP=SVLAN,DATATYPE=CUSTDATA,TOPO=P2P,COSSUP=CR&NW&NT&PR&PL&GD&SL&BR&ST,MTU=9100,FID=16386,QGRP=1:IS"
   "VCS-1-4::PROTOCOL=ETH,ENCAP=SVLAN,DATATYPE=CUSTDATA,TOPO=P2P,COSSUP=CR&NW&NT&PR&PL&GD&SL&BR&ST,MTU=9100,FID=16387,QGRP=1:IS"
   "VCS-1-5::PROTOCOL=ETH,ENCAP=SVLAN,DATATYPE=CUSTDATA,TOPO=P2P,COSSUP=CR&NW&NT&PR&PL&GD&SL&BR&ST,MTU=9100,FID=16388,QGRP=1:IS"
   "VCS-1-6::PROTOCOL=ETH,ENCAP=SVLAN,DATATYPE=CUSTDATA,TOPO=P2P,COSSUP=CR&NW&NT&PR&PL&GD&SL&BR&ST,MTU=9100,FID=16389,QGRP=1:IS"
;RTRV-VCE:OME0171:VCE-1-ALL:18;
IP 18
<

   OME0171 10-04-27 13:45:47
M  18 COMPLD
   "VCE-1-2-1-1:ST,ST,ST,ST,ST,ST,ST,ST:DIR=TXRX,STBW=BWPRF-1-0,BRBW=BWPRF-1-0,SLBW=BWPRF-1-0,GDBW=BWPRF-1-0,PLBW=BWPRF-1-0,PRBW=BWPRF-1-0,NTBW=BWPRF-1-0,CRBW=BWPRF-1-0,NWBW=BWPRF-1-0,RXCOSPRF=RXCOSPRF-1-0,TXCOSPRF=TXCOSPRF-1-0,DETAILEDOMSTATS=DISABLE:IS"
   "VCE-1-2-101-1:ST,ST,ST,ST,ST,ST,ST,ST:DIR=TXRX,STBW=BWPRF-1-0,BRBW=BWPRF-1-0,SLBW=BWPRF-1-0,GDBW=BWPRF-1-0,PLBW=BWPRF-1-0,PRBW=BWPRF-1-0,NTBW=BWPRF-1-0,CRBW=BWPRF-1-0,NWBW=BWPRF-1-0,RXCOSPRF=RXCOSPRF-1-0,TXCOSPRF=TXCOSPRF-1-0,DETAILEDOMSTATS=DISABLE:IS"
   "VCE-1-3-101-2:ST,ST,ST,ST,ST,ST,ST,ST:DIR=TXRX,STBW=BWPRF-1-0,BRBW=BWPRF-1-0,SLBW=BWPRF-1-0,GDBW=BWPRF-1-0,PLBW=BWPRF-1-0,PRBW=BWPRF-1-0,NTBW=BWPRF-1-0,CRBW=BWPRF-1-0,NWBW=BWPRF-1-0,RXCOSPRF=RXCOSPRF-1-0,TXCOSPRF=TXCOSPRF-1-0,DETAILEDOMSTATS=DISABLE:IS"
   "VCE-1-3-1-2:ST,ST,ST,ST,ST,ST,ST,ST:DIR=TXRX,STBW=BWPRF-1-0,BRBW=BWPRF-1-0,SLBW=BWPRF-1-0,GDBW=BWPRF-1-0,PLBW=BWPRF-1-0,PRBW=BWPRF-1-0,NTBW=BWPRF-1-0,CRBW=BWPRF-1-0,NWBW=BWPRF-1-0,RXCOSPRF=RXCOSPRF-1-0,TXCOSPRF=TXCOSPRF-1-0,DETAILEDOMSTATS=DISABLE:IS"
   "VCE-1-4-1-3:ST,ST,ST,ST,ST,ST,ST,ST:DIR=TXRX,STBW=BWPRF-1-0,BRBW=BWPRF-1-0,SLBW=BWPRF-1-0,GDBW=BWPRF-1-0,PLBW=BWPRF-1-0,PRBW=BWPRF-1-0,NTBW=BWPRF-1-0,CRBW=BWPRF-1-0,NWBW=BWPRF-1-0,RXCOSPRF=RXCOSPRF-1-0,TXCOSPRF=TXCOSPRF-1-0,DETAILEDOMSTATS=DISABLE:IS"
   "VCE-1-4-101-3:ST,ST,ST,ST,ST,ST,ST,ST:DIR=TXRX,STBW=BWPRF-1-0,BRBW=BWPRF-1-0,SLBW=BWPRF-1-0,GDBW=BWPRF-1-0,PLBW=BWPRF-1-0,PRBW=BWPRF-1-0,NTBW=BWPRF-1-0,CRBW=BWPRF-1-0,NWBW=BWPRF-1-0,RXCOSPRF=RXCOSPRF-1-0,TXCOSPRF=TXCOSPRF-1-0,DETAILEDOMSTATS=DISABLE:IS"
   "VCE-1-6-1-4:ST,ST,ST,ST,ST,ST,ST,ST:DIR=TXRX,STBW=BWPRF-1-0,BRBW=BWPRF-1-0,SLBW=BWPRF-1-0,GDBW=BWPRF-1-0,PLBW=BWPRF-1-0,PRBW=BWPRF-1-0,NTBW=BWPRF-1-0,CRBW=BWPRF-1-0,NWBW=BWPRF-1-0,RXCOSPRF=RXCOSPRF-1-0,TXCOSPRF=TXCOSPRF-1-0,DETAILEDOMSTATS=DISABLE:IS"
   "VCE-1-6-101-4:ST,ST,ST,ST,ST,ST,ST,ST:DIR=TXRX,STBW=BWPRF-1-0,BRBW=BWPRF-1-0,SLBW=BWPRF-1-0,GDBW=BWPRF-1-0,PLBW=BWPRF-1-0,PRBW=BWPRF-1-0,NTBW=BWPRF-1-0,CRBW=BWPRF-1-0,NWBW=BWPRF-1-0,RXCOSPRF=RXCOSPRF-1-0,TXCOSPRF=TXCOSPRF-1-0,DETAILEDOMSTATS=DISABLE:IS"
   "VCE-1-9-3-5:ST,ST,ST,ST,ST,ST,ST,ST:DIR=TXRX,STBW=BWPRF-1-0,BRBW=BWPRF-1-0,SLBW=BWPRF-1-0,GDBW=BWPRF-1-0,PLBW=BWPRF-1-0,PRBW=BWPRF-1-0,NTBW=BWPRF-1-0,CRBW=BWPRF-1-0,NWBW=BWPRF-1-0,RXCOSPRF=RXCOSPRF-1-0,TXCOSPRF=TXCOSPRF-1-0,DETAILEDOMSTATS=DISABLE:IS"
   "VCE-1-9-4-5:ST,ST,ST,ST,ST,ST,ST,ST:DIR=TXRX,STBW=BWPRF-1-0,BRBW=BWPRF-1-0,SLBW=BWPRF-1-0,GDBW=BWPRF-1-0,PLBW=BWPRF-1-0,PRBW=BWPRF-1-0,NTBW=BWPRF-1-0,CRBW=BWPRF-1-0,NWBW=BWPRF-1-0,RXCOSPRF=RXCOSPRF-1-0,TXCOSPRF=TXCOSPRF-1-0,DETAILEDOMSTATS=DISABLE:IS"
>

   OME0171 10-04-27 13:45:47
M  18 COMPLD
   "VCE-1-12-3-6:ST,ST,ST,ST,ST,ST,ST,ST:DIR=TXRX,STBW=BWPRF-1-0,BRBW=BWPRF-1-0,SLBW=BWPRF-1-0,GDBW=BWPRF-1-0,PLBW=BWPRF-1-0,PRBW=BWPRF-1-0,NTBW=BWPRF-1-0,CRBW=BWPRF-1-0,NWBW=BWPRF-1-0,RXCOSPRF=RXCOSPRF-1-0,TXCOSPRF=TXCOSPRF-1-0,DETAILEDOMSTATS=DISABLE:IS"
   "VCE-1-12-4-6:ST,ST,ST,ST,ST,ST,ST,ST:DIR=TXRX,STBW=BWPRF-1-0,BRBW=BWPRF-1-0,SLBW=BWPRF-1-0,GDBW=BWPRF-1-0,PLBW=BWPRF-1-0,PRBW=BWPRF-1-0,NTBW=BWPRF-1-0,CRBW=BWPRF-1-0,NWBW=BWPRF-1-0,RXCOSPRF=RXCOSPRF-1-0,TXCOSPRF=TXCOSPRF-1-0,DETAILEDOMSTATS=DISABLE:IS"
;RTRV-VCEMAP:OME0171:VCEMAP-1-ALL:19;
IP 19
<

   OME0171 10-04-27 13:45:47
M  19 COMPLD
   "VCEMAP-1-2-1-1-1:RX:ACCESS=ALLOW,LOCLBL1=1,RXPRIOMASK=11111111,RXPRIOSRC=LOCTAG1,TAGS2MATCH=1"
   "VCEMAP-1-2-101-1-1:RX:ACCESS=ALLOW,LOCLBL1=1,RXPRIOMASK=11111111,RXPRIOSRC=LOCTAG1,TAGS2MATCH=1"
   "VCEMAP-1-2-1-1-2:RX:ACCESS=ALLOW,LOCLBL1=4098,RXPRIOMASK=11111111,RXPRIOSRC=LOCTAG1,TAGS2MATCH=1"
   "VCEMAP-1-2-101-1-2:RX:ACCESS=ALLOW,LOCLBL1=4098,RXPRIOMASK=11111111,RXPRIOSRC=LOCTAG1,TAGS2MATCH=1"
   "VCEMAP-1-2-1-1-3:RX:ACCESS=ALLOW,LOCLBL1=4096,RXPRIOMASK=00000000,RXPRIOSRC=LOCTAG1,TAGS2MATCH=1"
   "VCEMAP-1-2-101-1-3:RX:ACCESS=ALLOW,LOCLBL1=4096,RXPRIOMASK=00000000,RXPRIOSRC=LOCTAG1,TAGS2MATCH=1"
   "VCEMAP-1-2-1-1-22:RX:ACCESS=ALLOW,LOCLBL1=2,RXPRIOMASK=11111111,RXPRIOSRC=LOCTAG1,TAGS2MATCH=1"
   "VCEMAP-1-3-101-2-1:RX:ACCESS=ALLOW,LOCLBL1=1,RXPRIOMASK=11111111,RXPRIOSRC=LOCTAG1,TAGS2MATCH=1"
   "VCEMAP-1-3-1-2-1:RX:ACCESS=ALLOW,LOCLBL1=1,RXPRIOMASK=11111111,RXPRIOSRC=LOCTAG1,TAGS2MATCH=1"
   "VCEMAP-1-3-1-2-2:RX:ACCESS=ALLOW,LOCLBL1=4098,RXPRIOMASK=11111111,RXPRIOSRC=LOCTAG1,TAGS2MATCH=1"
   "VCEMAP-1-3-101-2-2:RX:ACCESS=ALLOW,LOCLBL1=4098,RXPRIOMASK=11111111,RXPRIOSRC=LOCTAG1,TAGS2MATCH=1"
   "VCEMAP-1-3-101-2-3:RX:ACCESS=ALLOW,LOCLBL1=4096,RXPRIOMASK=00000000,RXPRIOSRC=LOCTAG1,TAGS2MATCH=1"
   "VCEMAP-1-3-1-2-3:RX:ACCESS=ALLOW,LOCLBL1=4096,RXPRIOMASK=00000000,RXPRIOSRC=LOCTAG1,TAGS2MATCH=1"
>

   OME0171 10-04-27 13:45:47
M  19 COMPLD
   "VCEMAP-1-4-1-3-1:RX:ACCESS=ALLOW,LOCLBL1=1,RXPRIOMASK=11111111,RXPRIOSRC=LOCTAG1,TAGS2MATCH=1"
   "VCEMAP-1-4-101-3-1:RX:ACCESS=ALLOW,LOCLBL1=1,RXPRIOMASK=11111111,RXPRIOSRC=LOCTAG1,TAGS2MATCH=1"
   "VCEMAP-1-4-1-3-2:RX:ACCESS=ALLOW,LOCLBL1=4098,RXPRIOMASK=11111111,RXPRIOSRC=LOCTAG1,TAGS2MATCH=1"
   "VCEMAP-1-4-101-3-2:RX:ACCESS=ALLOW,LOCLBL1=4098,RXPRIOMASK=11111111,RXPRIOSRC=LOCTAG1,TAGS2MATCH=1"
   "VCEMAP-1-4-1-3-3:RX:ACCESS=ALLOW,LOCLBL1=4096,RXPRIOMASK=00000000,RXPRIOSRC=LOCTAG1,TAGS2MATCH=1"
   "VCEMAP-1-4-101-3-3:RX:ACCESS=ALLOW,LOCLBL1=4096,RXPRIOMASK=00000000,RXPRIOSRC=LOCTAG1,TAGS2MATCH=1"
   "VCEMAP-1-6-101-4-1:RX:ACCESS=ALLOW,LOCLBL1=1,RXPRIOMASK=11111111,RXPRIOSRC=LOCTAG1,TAGS2MATCH=1"
   "VCEMAP-1-6-1-4-1:RX:ACCESS=ALLOW,LOCLBL1=1,RXPRIOMASK=11111111,RXPRIOSRC=LOCTAG1,TAGS2MATCH=1"
   "VCEMAP-1-6-1-4-2:RX:ACCESS=ALLOW,LOCLBL1=4098,RXPRIOMASK=11111111,RXPRIOSRC=LOCTAG1,TAGS2MATCH=1"
   "VCEMAP-1-6-101-4-2:RX:ACCESS=ALLOW,LOCLBL1=4098,RXPRIOMASK=11111111,RXPRIOSRC=LOCTAG1,TAGS2MATCH=1"
   "VCEMAP-1-6-101-4-3:RX:ACCESS=ALLOW,LOCLBL1=4096,RXPRIOMASK=00000000,RXPRIOSRC=LOCTAG1,TAGS2MATCH=1"
   "VCEMAP-1-6-1-4-3:RX:ACCESS=ALLOW,LOCLBL1=4096,RXPRIOMASK=00000000,RXPRIOSRC=LOCTAG1,TAGS2MATCH=1"
   "VCEMAP-1-9-3-5-1:RX:ACCESS=ALLOW,LOCLBL1=1,RXPRIOMASK=11111111,RXPRIOSRC=LOCTAG1,TAGS2MATCH=1"
>

   OME0171 10-04-27 13:45:47
M  19 COMPLD
   "VCEMAP-1-9-4-5-1:RX:ACCESS=ALLOW,LOCLBL1=1,RXPRIOMASK=11111111,RXPRIOSRC=LOCTAG1,TAGS2MATCH=1"
   "VCEMAP-1-9-3-5-2:RX:ACCESS=ALLOW,LOCLBL1=4096,RXPRIOMASK=00000000,RXPRIOSRC=LOCTAG1,TAGS2MATCH=1"
   "VCEMAP-1-9-4-5-2:RX:ACCESS=ALLOW,LOCLBL1=4096,RXPRIOMASK=00000000,RXPRIOSRC=LOCTAG1,TAGS2MATCH=1"
   "VCEMAP-1-9-3-5-3:RX:ACCESS=ALLOW,LOCLBL1=4098,RXPRIOMASK=11111111,RXPRIOSRC=LOCTAG1,TAGS2MATCH=1"
   "VCEMAP-1-9-4-5-3:RX:ACCESS=ALLOW,LOCLBL1=4098,RXPRIOMASK=11111111,RXPRIOSRC=LOCTAG1,TAGS2MATCH=1"
   "VCEMAP-1-12-3-6-1:RX:ACCESS=ALLOW,LOCLBL1=1,RXPRIOMASK=11111111,RXPRIOSRC=LOCTAG1,TAGS2MATCH=1"
   "VCEMAP-1-12-4-6-1:RX:ACCESS=ALLOW,LOCLBL1=1,RXPRIOMASK=11111111,RXPRIOSRC=LOCTAG1,TAGS2MATCH=1"
   "VCEMAP-1-12-3-6-2:RX:ACCESS=ALLOW,LOCLBL1=4096,RXPRIOMASK=00000000,RXPRIOSRC=LOCTAG1,TAGS2MATCH=1"
   "VCEMAP-1-12-4-6-2:RX:ACCESS=ALLOW,LOCLBL1=4096,RXPRIOMASK=00000000,RXPRIOSRC=LOCTAG1,TAGS2MATCH=1"
   "VCEMAP-1-12-3-6-3:RX:ACCESS=ALLOW,LOCLBL1=4098,RXPRIOMASK=11111111,RXPRIOSRC=LOCTAG1,TAGS2MATCH=1"
   "VCEMAP-1-12-4-6-3:RX:ACCESS=ALLOW,LOCLBL1=4098,RXPRIOMASK=11111111,RXPRIOSRC=LOCTAG1,TAGS2MATCH=1"
;RTRV-CRS-ALL:OME0171::20:::CKTID=ALL;
IP 20
<

   OME0171 10-04-27 13:45:48
M  20 COMPLD
   "STS3C-1-3-101-1,STS3C-1-2-101-1:2WAY:PRIMARYXC=SHELF,PRIME=OSS,CKTID=\"\":STS3C:"
   "STS3C-1-6-101-1,STS3C-1-4-101-1:2WAY:PRIMARYXC=SHELF,PRIME=OSS,CKTID=\"\":STS3C:"
;RTRV-AD-ALL:OME0171::21;


   OME0171 10-04-27 13:45:48
A  0000005650 REPT ALM MA
   "MA-1-3-2-3:CL,CFM_LOC,SA,04-27,13-45-48,NEND,NA:\"Remote CCM Error \",NONE:0100000081-6390-1209,:YEAR=2010,MODE=NONE"
;IP 21
<

   OME0171 10-04-27 13:45:48
A  0000005651 REPT ALM MA
   "MA-1-6-4-4:CL,CFM_LOC,SA,04-27,13-45-48,NEND,NA:\"Remote CCM Error \",NONE:0100000074-6390-1209,:YEAR=2010,MODE=NONE"
;

   OME0171 10-04-27 13:45:48
A  0000005652 REPT ALM MA
   "MA-1-9-5-5:CL,CFM_LOC,SA,04-27,13-45-48,NEND,NA:\"Remote CCM Error \",NONE:0100000075-6390-1209,:YEAR=2010,MODE=NONE"
;

   OME0171 10-04-27 13:45:48
M  21 COMPLD
   "ETH-1-2-1:TYP-SH-SL-PRT,L2PHYS:TX_VERSION=\"3\",TX_TAG=\"AD_3_153_047.134.003.078_00:1B:25:2C:E9:6E_00131073\",RX_VERSION=\"\",RX_ACTUAL=\"\",RX_EXPECTED=,RECONFIG=ENABLE,RX_RELIABILITY=UNRELIABLE,MECHANISM=SONMP"
   "WAN-1-2-101:TYP-SH-SL-PRT,L2PHYS:TX_VERSION=\"3\",TX_TAG=\"AD_3_153_047.134.003.078_00:1B:25:2C:E9:6E_00131173\",RX_VERSION=\"3\",RX_ACTUAL=\"AD_3_153_047.134.003.078_00:1B:25:2C:E9:6E_00196709\",RX_EXPECTED=,RECONFIG=ENABLE,RX_RELIABILITY=RELIABLE,MECHANISM=SONMP"
   "ETH-1-3-1:TYP-SH-SL-PRT,L2PHYS:TX_VERSION=\"3\",TX_TAG=\"AD_3_153_047.134.003.078_00:1B:25:2C:E9:6E_00196609\",RX_VERSION=\"3\",RX_ACTUAL=\"AD_3_153_047.134.003.078_00:1B:25:2C:E9:6E_00262145\",RX_EXPECTED=,RECONFIG=ENABLE,RX_RELIABILITY=RELIABLE,MECHANISM=SONMP"
   "WAN-1-3-101:TYP-SH-SL-PRT,L2PHYS:TX_VERSION=\"3\",TX_TAG=\"AD_3_153_047.134.003.078_00:1B:25:2C:E9:6E_00196709\",RX_VERSION=\"3\",RX_ACTUAL=\"AD_3_153_047.134.003.078_00:1B:25:2C:E9:6E_00131173\",RX_EXPECTED=,RECONFIG=ENABLE,RX_RELIABILITY=RELIABLE,MECHANISM=SONMP"
   "ETH-1-4-1:TYP-SH-SL-PRT,L2PHYS:TX_VERSION=\"3\",TX_TAG=\"AD_3_153_047.134.003.078_00:1B:25:2C:E9:6E_00262145\",RX_VERSION=\"3\",RX_ACTUAL=\"AD_3_153_047.134.003.078_00:1B:25:2C:E9:6E_00196609\",RX_EXPECTED=,RECONFIG=ENABLE,RX_RELIABILITY=RELIABLE,MECHANISM=SONMP"
   "WAN-1-4-101:TYP-SH-SL-PRT,L2PHYS:TX_VERSION=\"3\",TX_TAG=\"AD_3_153_047.134.003.078_00:1B:25:2C:E9:6E_00262245\",RX_VERSION=\"3\",RX_ACTUAL=\"AD_3_153_047.134.003.078_00:1B:25:2C:E9:6E_00393317\",RX_EXPECTED=,RECONFIG=ENABLE,RX_RELIABILITY=RELIABLE,MECHANISM=SONMP"
   "ETH-1-6-1:TYP-SH-SL-PRT,L2PHYS:TX_VERSION=\"3\",TX_TAG=\"AD_3_153_047.134.003.078_00:1B:25:2C:E9:6E_00393217\",RX_VERSION=\"3\",RX_ACTUAL=\"AD_3_153_047.134.003.078_00:1B:25:2C:E9:6E_00589827\",RX_EXPECTED=,RECONFIG=ENABLE,RX_RELIABILITY=RELIABLE,MECHANISM=SONMP"
   "WAN-1-6-101:TYP-SH-SL-PRT,L2PHYS:TX_VERSION=\"3\",TX_TAG=\"AD_3_153_047.134.003.078_00:1B:25:2C:E9:6E_00393317\",RX_VERSION=\"3\",RX_ACTUAL=\"AD_3_153_047.134.003.078_00:1B:25:2C:E9:6E_00262245\",RX_EXPECTED=,RECONFIG=ENABLE,RX_RELIABILITY=RELIABLE,MECHANISM=SONMP"
   "ETH-1-9-3:TYP-SH-SL-PRT,L2PHYS:TX_VERSION=\"3\",TX_TAG=\"AD_3_153_047.134.003.078_00:1B:25:2C:E9:6E_00589827\",RX_VERSION=\"3\",RX_ACTUAL=\"AD_3_153_047.134.003.078_00:1B:25:2C:E9:6E_00393217\",RX_EXPECTED=,RECONFIG=ENABLE,RX_RELIABILITY=RELIABLE,MECHANISM=SONMP"
   "ETH-1-9-4:TYP-SH-SL-PRT,L2PHYS:TX_VERSION=\"3\",TX_TAG=\"AD_3_153_047.134.003.078_00:1B:25:2C:E9:6E_00589828\",RX_VERSION=\"3\",RX_ACTUAL=\"AD_3_153_047.134.003.078_00:1B:25:2C:E9:6E_00786435\",RX_EXPECTED=,RECONFIG=ENABLE,RX_RELIABILITY=RELIABLE,MECHANISM=SONMP"
   "ETH-1-12-3:TYP-SH-SL-PRT,L2PHYS:TX_VERSION=\"3\",TX_TAG=\"AD_3_153_047.134.003.078_00:1B:25:2C:E9:6E_00786435\",RX_VERSION=\"3\",RX_ACTUAL=\"AD_3_153_047.134.003.078_00:1B:25:2C:E9:6E_00589828\",RX_EXPECTED=,RECONFIG=ENABLE,RX_RELIABILITY=RELIABLE,MECHANISM=SONMP"
   "ETH-1-12-4:TYP-SH-SL-PRT,L2PHYS:TX_VERSION=\"3\",TX_TAG=\"AD_3_153_047.134.003.078_00:1B:25:2C:E9:6E_00786436\",RX_VERSION=\"\",RX_ACTUAL=\"\",RX_EXPECTED=,RECONFIG=ENABLE,RX_RELIABILITY=UNRELIABLE,MECHANISM=SONMP"
;RTRV-FFP-OC192:OME0171:OC192-1-ALL:22;
IP 22
<

   OME0171 10-04-27 13:45:49
M  22 COMPLD
;