***** (re)Starting logger at Sat Dec 29 10:44:17 EST 2012*****


**** TL1 session opened at Sat Dec 29 10:44:17 EST 2012 ****


<<RTRV-HDR keep alive sent>>
ÿûÿûÿý

WARNING! This computer system and network is PRIVATE and PROPRIETARY of
[SURFnet] and may only be accesses by authorized users. Unauthorized use of
this computer system or network is strictly prohibited and may be subject
to criminal prosecution, employee discipline up to and including discharge,
or the termination of the vendor/service contracts. The owner, or its
agents, may monitor any activity or communication on the computer system or
NETWORK.

--- Copyright (c) 2000 - 2011 Ciena (R) Corporation. All Rights Reserved ---
|  NOTICE: This is a private computer system.                              |
|  Unauthorized access or use may lead to prosecution.                     |
|                                                                          |
|  Ciena 6500 OPTICAL                                                      |
----------------------------------------------------------------------------

/*
 * Starting Interactive TL1 Command Mode.
 * Type ? for help while constructing TL1 commands.
 * Type .? for specific parameter/keyword help.
 */


IP 2
<

   "Dt001B_OME01" 12-12-29 15:44:18
M  2 DENY
   PLNA
   /*Privilege, Login Not Active*/
;<<ACT-USER sent, password hidden>>
IP 3
<

   "Dt001B_OME01" 12-12-29 15:44:18
M  3 COMPLD
;RTRV-NETYPE:"Dt001B_OME01"::4;
IP 4
<

   "Dt001B_OME01" 12-12-29 15:44:19
M  4 COMPLD
   "CIENA,\"6500 OPTICAL\",OCP,\"REL0810Z.HD\""
;RTRV-SW-VER:"Dt001B_OME01"::5;
IP 5
<

   "Dt001B_OME01" 12-12-29 15:44:19
M  5 COMPLD
   "SHELF-1:REL0810Z.HD"
;RTRV-RTG-INFO:"Dt001B_OME01"::6:::NAME="Dt001B_OME01";
IP 6
<

   "Dt001B_OME01" 12-12-29 15:44:38
M  6 COMPLD
   "SHELF-1::,\"Dt001B_OME01\",001158FF8545|145.145.74.21,00001600,YES"
;RTRV-SYS:"Dt001B_OME01"::7;
IP 7
<

   "Dt001B_OME01" 12-12-29 15:44:40
M  7 COMPLD
   "SHELF-1::ACTUALCOOLING=LOWFLOW,ACTUALPOWER=693,AINSTIMEOUT=00-05,ALMCORR=OFF,ALMHO=2.5,BAYFICINAO=FALSE,BITSMODE=SDH,CSFMCASTMAC=0180C2880001,EQPTCURRENT=40,ETHEERTH=20,ETHGFPRFI=ENABLED,ETHGFPRFIUPI=128,ETHSDTH=1,FCEERTH=20,FCSDTH=1,FIBERLOSSDETECTION=DISABLED,FILLERMGMT=ENABLED,GCC0MODE=IISIS,GCC1MODE=DISABLED,LASEROFFFARENDFAIL=DISABLED,LINEPEVSTAT=MAN&AUTO,MAJORDEGRADETHRESH=6.00,MINCOOLING=LOWFLOW,MINORDEGRADETHRESH=3.00,MONITORFAN=ENABLED,NEMODE=SDH,OSCMODE=OSPF,PATHEBERTH=3,PATHPEVSTAT=MAN,PATHSDTH=6,PATHSWCRIT=UNEQ&SD&EBER&AIS&LOP,PROVCURRENT=40,PTHAISINSERT=AIS&LOP,SHELFSYNCH=NO,STATE=NORMAL,WANFREERTH=20,WANFRSDTH=1,WANTREERTH=20,WANTRSDTH=1"
;ALW-MSG-BROADCAST:"Dt001B_OME01":ALL:8;
IP 8
<

   "Dt001B_OME01" 12-12-29 15:44:40
M  8 COMPLD
;RTRV-EQPT:"Dt001B_OME01":ALL:9;
IP 9
<

   "Dt001B_OME01" 12-12-29 15:44:41
M  9 COMPLD
   "GE-1-1::PROVPEC=NTK535LA,CTYPE=\"GE EPL 4 Port SFP\",SNMPINDEX=671220736,PEC=NTK535LA,REL=06  ,CLEI=WMOTAJ4JAD,SER=NNTMH820020HX,MDAT=2006-49,AGE=05-327-02-13,ONSC=05-327-02-13:IS,ACT"
   "PGEFC-1-1-1::PROVPEC=NTK591PB,CTYPE=\"Trcvr,1.25Gb/s,24dB,CWDM,1531nm\",SNMPINDEX=671220737,PEC=NTK591PB,REL=02,CLEI=WMOTBKGJAA,SER=EXLGJPF3E3510006:IS,ACT"
   "PGEFC-1-1-2::PROVPEC=NTTP01CF,CTYPE=\"GE LX [10k]/FC100 SM 1310nm LC SFP\",SNMPINDEX=671220738,PEC=NTTP01CF,REL=01,CLEI=WMOTAH1JAA,SER=EXLGJP9354010180:IS,ACT"
   "PGEFC-1-1-3::PROVPEC=NTTP01CF,CTYPE=\"GE LX [10k]/FC100 SM 1310nm LC SFP\",SNMPINDEX=671220739,PEC=NTTP01CF,REL=01,CLEI=WMOTAH1JAA,SER=EXLGJPMZEY340211:IS,ACT"
   "PGEFC-1-1-4::PROVPEC=NTTP01CF,CTYPE=\"GE LX [10k]/FC100 SM 1310nm LC SFP\",SNMPINDEX=671220740,PEC=NTTP01CF,REL=01,CLEI=WMOTAH1JAA,SER=EXLGJPM8E8290694:IS,ACT"
   "GE-1-2::PROVPEC=NTK535LA,CTYPE=\"GE EPL 4 Port SFP\",SNMPINDEX=671221760,PEC=NTK535LA,REL=06  ,CLEI=WMOTAJ4JAD,SER=NNTMH800020HV,MDAT=2006-49,AGE=05-327-02-23,ONSC=05-327-02-23:IS,ACT"
   "PGEFC200-1-2-1::PROVPEC=NTTP06CF,CTYPE=\"GE LX [10k]/FC100/FC200 SM 1310nm LC SFP\",SNMPINDEX=671221761,PEC=NTTP06CF,REL=05,CLEI=WMOTCWUJAA,SER=BP0936890123    :IS,ACT"
   "PGEFC200-1-2-2::PROVPEC=NTTP06CF,CTYPE=\"GE LX [10k]/FC100/FC200 SM 1310nm LC SFP\",SNMPINDEX=671221762,PEC=NTTP06CF,REL=01,CLEI=WM1TTTLDAA,SER=FNSRMYPEK182H   :IS,ACT"
   "PGEFC-1-2-3::PROVPEC=NTTP01CF,CTYPE=\"GE LX [10k]/FC100 SM 1310nm LC SFP\",SNMPINDEX=671221763,PEC=NTTP01CF,REL=01,CLEI=WMOTAH1JAA,SER=EXLGJPMYEY340185:IS,ACT"
   "PGEFC-1-2-4::PROVPEC=NTTP01AF,CTYPE=\"GE SX/FC100 Mx 850nm LC SFP\",SNMPINDEX=671221764,PEC=NTTP01AF,REL=01,CLEI=SOC3NNFCAA,SER=AGLTMY00006YSR  :IS,ACT"
>

   "Dt001B_OME01" 12-12-29 15:44:41
M  9 COMPLD
   "GE-1-3::PROVPEC=NTK535LA,CTYPE=\"GE EPL 4 Port SFP\",SNMPINDEX=671222784,PEC=NTK535LA,REL=06  ,CLEI=WMOTAJ4JAD,SER=NNTMH1Z100H2L,MDAT=2007-39,AGE=01-241-17-50,ONSC=00-018-10-30:IS,ACT"
   "PGEFC-1-3-1::PROVPEC=NTTP01CF,CTYPE=\"GE LX [10k]/FC100 SM 1310nm LC SFP\",SNMPINDEX=671222785,PEC=NTTP01CF,REL=01,CLEI=WMOTAH1JAA,SER=EXLGJP9354010178:IS,ACT"
   "PGEFC200-1-3-2::PROVPEC=NTTP06CF,CTYPE=\"GE LX [10k]/FC100/FC200 SM 1310nm LC SFP\",SNMPINDEX=671222786,PEC=NTTP06CF,REL=05,CLEI=WMOTCWUJAA,SER=BE0922670468    :IS,ACT"
   "PGEFC200-1-3-3::PROVPEC=NTTP06CF,CTYPE=\"GE LX [10k]/FC100/FC200 SM 1310nm LC SFP\",SNMPINDEX=671222787,PEC=NTTP06CF,REL=05,CLEI=WMOTCWUJAA,SER=BP0936890177    :IS,ACT"
   "PGEFC-1-3-4::PROVPEC=NTK591RB,CTYPE=\"Trcvr,1.25Gb/s,24dB,CWDM,1571nm\",SNMPINDEX=671222788,PEC=NTK591RB,REL=02,CLEI=WMOTBKJJAA,SER=EXLGJPFZEY920116:IS,IDLE"
   "10G-1-4::PROVPEC=NTK526JA,CTYPE=\"OC-192/STM-64 STS-1/HO 1 Port G.709 DWDM C-Band AM1/AM2\",SNMPINDEX=671223808,PEC=NTK526JA,REL= 02 ,CLEI=WMOTCM0JAB,SER=NNTMH1D101IQT,MDAT=2008-37,AGE=01-290-20-12,ONSC=00-251-18-35:IS,ACT"
   "10G-1-5::PROVPEC=NTK523BA,CTYPE=\"OC-192/STM-64 STS-1/HO 1 Port SR-1/I-64.1\",SNMPINDEX=671224832,PEC=NTK523BA,REL= 09 ,CLEI=WMOTAHVJAB,SER=NNTMH8E0027Y1,MDAT=2007-07,AGE=01-291-03-11,ONSC=01-291-03-11:IS,ACT"
   "10G-1-6::PROVPEC=NTK526LA,CTYPE=\"OC-192/STM-64 STS-1/HO 1 Port G.709 DWDM 1538.19nm\",SNMPINDEX=671225856,PEC=NTK526LA,REL= 05 ,CLEI=WMOTBD0JAA,SER=NNTM0191D45XB,MDAT=2004-50,AGE=01-291-03-07,ONSC=01-291-03-07:IS,ACT"
   "XC-1-7::PROVPEC=NTK557BA,CTYPE=\"X-Conn 160G+ STS-1/VC-3 Sync-ST3\",SNMPINDEX=671226880,PEC=NTK557BA,REL= 05 ,CLEI=WMIXCE0BAC,SER=NNTM01V1D3LF4,MDAT=2004-38,AGE=02-209-02-48,ONSC=02-209-02-48:IS,STBYH"
   "XC-1-8::PROVPEC=NTK557BA,CTYPE=\"X-Conn 160G+ STS-1/VC-3 Sync-ST3\",SNMPINDEX=671227904,PEC=NTK557BA,REL= 04 ,CLEI=WMIXCE0BAB,SER=NNTMGPAZ00971,MDAT=2004-37,AGE=02-209-03-09,ONSC=02-209-03-09:IS,WRKTRAF&WRKSYNC"
>

   "Dt001B_OME01" 12-12-29 15:44:41
M  9 COMPLD
   "10G-1-9::PROVPEC=NTK526LA,CTYPE=\"OC-192/STM-64 STS-1/HO 1 Port G.709 DWDM 1538.19nm\",SNMPINDEX=671228928,PEC=NTK526LA,REL= 05 ,CLEI=WMOTBD0JAA,SER=NNTM0151D45X7,MDAT=2004-49,AGE=01-291-03-13,ONSC=01-291-03-13:IS,ACT"
   "10G-1-10::PROVPEC=NTK523BA,CTYPE=\"OC-192/STM-64 STS-1/HO 1 Port SR-1/I-64.1\",SNMPINDEX=671229952,PEC=NTK523BA,REL= 11 ,CLEI=WMOTAHVJAB,SER=NNTMH1F101CXE,MDAT=2008-29,AGE=01-291-03-11,ONSC=01-291-03-11:IS,ACT"
   "10G-1-11::PROVPEC=NTK526JA,CTYPE=\"OC-192/STM-64 STS-1/HO 1 Port G.709 DWDM C-Band AM1/AM2\",SNMPINDEX=671230976,PEC=NTK526JA,REL= 01 ,CLEI=WMOTCM0JAA,SER=NNTMH8B004PH7,MDAT=2008-20,AGE=01-290-20-17,ONSC=00-251-18-36:IS,ACT"
   "10G-1-12::PROVPEC=NTK526JA,CTYPE=\"OC-192/STM-64 STS-1/HO 1 Port G.709 DWDM C-Band AM1/AM2\",SNMPINDEX=671232000,PEC=NTK526JA,REL= 01 ,CLEI=WMOTCM0JAA,SER=NNTMH8A004PH6,MDAT=2008-20,AGE=01-290-20-03,ONSC=00-251-18-29:IS,ACT"
   "10G-1-13::PROVPEC=NTK526JA,CTYPE=\"OC-192/STM-64 STS-1/HO 1 Port G.709 DWDM C-Band AM1/AM2\",SNMPINDEX=671233024,PEC=NTK526JA,REL= 02 ,CLEI=WMOTCM0JAB,SER=NNTMH1N101Z9N,MDAT=2009-05,AGE=01-290-19-56,ONSC=00-251-18-23:IS,ACT"
   "10G-1-14::PROVPEC=NTK526JA,CTYPE=\"OC-192/STM-64 STS-1/HO 1 Port G.709 DWDM C-Band AM1/AM2\",SNMPINDEX=671234048,PEC=NTK526JA,REL= 02 ,CLEI=WMOTCM0JAB,SER=NNTMH1I101X6N,MDAT=2008-52,AGE=01-290-19-55,ONSC=00-251-18-21:IS,ACT"
   "SP-1-15::PROVPEC=NTK555AA,CTYPE=\"Processor SP\",SNMPINDEX=671235072,PEC=NTK555AA,REL= 05 ,CLEI=WMUCAJFAAB,SER=NNTM01C1D3U30,MDAT=2004-43,AGE=07-095-16-51,ONSC=04-188-05-44,TCUR=31,TAVG=31:IS,"
;RTRV-OC3:"Dt001B_OME01":OC3-1-ALL:10;
IP 10
<

   "Dt001B_OME01" 12-12-29 15:44:41
M  10 COMPLD
;RTRV-OC12:"Dt001B_OME01":OC12-1-ALL:11;
IP 11
<

   "Dt001B_OME01" 12-12-29 15:44:42
M  11 COMPLD
;RTRV-OC48:"Dt001B_OME01":OC48-1-ALL:12;
IP 12
<

   "Dt001B_OME01" 12-12-29 15:44:42
M  12 COMPLD
;RTRV-OC192:"Dt001B_OME01":OC192-1-ALL:13;
IP 13
<

   "Dt001B_OME01" 12-12-29 15:44:42
M  13 COMPLD
   "OC192-1-4-1::TMGREF=N,DCC=Y,,SDTH=6,,,,,ALS=DISABLED,DUSOVERRIDE=DISABLED,EBERTH=3,PORTMODE=SDH,UNEQMODE=VC4,,,,CLFI=\"\":IS,"
   "OC192-1-5-1::TMGREF=N,DCC=Y,,SDTH=6,,,,,ALS=DISABLED,DUSOVERRIDE=DISABLED,EBERTH=3,PORTMODE=SDH,UNEQMODE=VC4,,,,CLFI=\"\":IS,"
   "OC192-1-6-1::TMGREF=Y,DCC=Y,,SDTH=6,,,,,ALS=DISABLED,DUSOVERRIDE=DISABLED,EBERTH=3,PORTMODE=SDH,UNEQMODE=VC4,,,,CLFI=\"\":IS,"
   "OC192-1-9-1::TMGREF=Y,DCC=Y,,SDTH=6,,,,,ALS=DISABLED,DUSOVERRIDE=DISABLED,EBERTH=3,PORTMODE=SDH,UNEQMODE=VC4,,,,CLFI=\"\":IS,"
   "OC192-1-10-1::TMGREF=N,DCC=Y,,SDTH=6,,,,,ALS=DISABLED,DUSOVERRIDE=DISABLED,EBERTH=3,PORTMODE=SDH,UNEQMODE=VC4,,,,CLFI=\"\":IS,"
   "OC192-1-11-1::TMGREF=N,DCC=Y,,SDTH=6,,,,,ALS=DISABLED,DUSOVERRIDE=DISABLED,EBERTH=3,PORTMODE=SDH,UNEQMODE=VC4,,,,CLFI=\"\":IS,"
   "OC192-1-12-1::TMGREF=N,DCC=Y,,SDTH=6,,,,,ALS=DISABLED,DUSOVERRIDE=DISABLED,EBERTH=3,PORTMODE=SDH,UNEQMODE=VC4,,,,CLFI=\"\":IS,"
>

   "Dt001B_OME01" 12-12-29 15:44:42
M  13 COMPLD
   "OC192-1-13-1::TMGREF=N,DCC=N,,SDTH=6,,,,,ALS=DISABLED,DUSOVERRIDE=DISABLED,EBERTH=3,PORTMODE=SDH,UNEQMODE=VC4,,,,CLFI=\"\":IS,"
   "OC192-1-14-1::TMGREF=N,DCC=Y,,SDTH=6,,,,,ALS=DISABLED,DUSOVERRIDE=DISABLED,EBERTH=3,PORTMODE=SDH,UNEQMODE=VC4,,,,CLFI=\"\":IS,"
;RTRV-ETH:"Dt001B_OME01":ETH-1-ALL:14;
IP 14
<

   "Dt001B_OME01" 12-12-29 15:44:47
M  14 COMPLD
   "ETH-1-1-1::AN=ENABLE,ANSTATUS=COMPLETED,ANETHDPX=FULL,ANSPEED=1000,ANPAUSETX=DISABLE,ANPAUSERX=DISABLE,ADVETHDPX=FULL,ADVSPEED=1000,ADVFLOWCTRL=NONE,ETHDPX=FULL,SPEED=1000,FLOWCTRL=NONE,PAUSETX=DISABLE,PAUSERX=DISABLE,PAUSERXOVERRIDE=ENABLE,MTU=9600,TXCON=ENABLE,PASSCTRL=DISABLE,PAUSETXOVERRIDE=DISABLE,RXIDLE=60,CFPRF=CFPRF-1-4,PHYSADDR=0016CA403D9A,CLFI=\"\":IS"
   "ETH-1-1-2::AN=DISABLE,ANSTATUS=DISABLED,ANETHDPX=UNKNOWN,ANSPEED=UNKNOWN,ANPAUSETX=UNKNOWN,ANPAUSERX=UNKNOWN,ADVETHDPX=UNKNOWN,ADVSPEED=UNKNOWN,ADVFLOWCTRL=UNKNOWN,ETHDPX=FULL,SPEED=1000,FLOWCTRL=NONE,PAUSETX=DISABLE,PAUSERX=DISABLE,PAUSERXOVERRIDE=ENABLE,MTU=9600,TXCON=ENABLE,PASSCTRL=DISABLE,PAUSETXOVERRIDE=DISABLE,RXIDLE=0,CFPRF=CFPRF-1-4,PHYSADDR=0016CA403D9B,CLFI=\"\":IS"
   "ETH-1-1-3::AN=DISABLE,ANSTATUS=DISABLED,ANETHDPX=UNKNOWN,ANSPEED=UNKNOWN,ANPAUSETX=UNKNOWN,ANPAUSERX=UNKNOWN,ADVETHDPX=UNKNOWN,ADVSPEED=UNKNOWN,ADVFLOWCTRL=UNKNOWN,ETHDPX=FULL,SPEED=1000,FLOWCTRL=NONE,PAUSETX=DISABLE,PAUSERX=DISABLE,PAUSERXOVERRIDE=ENABLE,MTU=9600,TXCON=ENABLE,PASSCTRL=DISABLE,PAUSETXOVERRIDE=DISABLE,RXIDLE=0,CFPRF=CFPRF-1-4,PHYSADDR=0016CA403D9C,CLFI=\"\":IS"
   "ETH-1-1-4::AN=ENABLE,ANSTATUS=COMPLETED,ANETHDPX=FULL,ANSPEED=1000,ANPAUSETX=DISABLE,ANPAUSERX=DISABLE,ADVETHDPX=FULL,ADVSPEED=1000,ADVFLOWCTRL=BOTH,ETHDPX=FULL,SPEED=1000,FLOWCTRL=NONE,PAUSETX=DISABLE,PAUSERX=DISABLE,PAUSERXOVERRIDE=ENABLE,MTU=9600,TXCON=ENABLE,PASSCTRL=DISABLE,PAUSETXOVERRIDE=DISABLE,RXIDLE=0,CFPRF=CFPRF-1-4,PHYSADDR=0016CA403D9D,CLFI=\"\":IS"
>

   "Dt001B_OME01" 12-12-29 15:44:47
M  14 COMPLD
   "ETH-1-2-1::AN=ENABLE,ANSTATUS=COMPLETED,ANETHDPX=FULL,ANSPEED=1000,ANPAUSETX=DISABLE,ANPAUSERX=DISABLE,ADVETHDPX=FULL,ADVSPEED=1000,ADVFLOWCTRL=BOTH,ETHDPX=FULL,SPEED=1000,FLOWCTRL=NONE,PAUSETX=DISABLE,PAUSERX=DISABLE,PAUSERXOVERRIDE=ENABLE,MTU=9600,TXCON=ENABLE,PASSCTRL=DISABLE,PAUSETXOVERRIDE=DISABLE,RXIDLE=0,CFPRF=CFPRF-1-4,PHYSADDR=0016CA403DA2,CLFI=\"\":IS"
   "ETH-1-2-2::AN=ENABLE,ANSTATUS=COMPLETED,ANETHDPX=FULL,ANSPEED=1000,ANPAUSETX=DISABLE,ANPAUSERX=DISABLE,ADVETHDPX=FULL,ADVSPEED=1000,ADVFLOWCTRL=SYM,ETHDPX=FULL,SPEED=1000,FLOWCTRL=NONE,PAUSETX=DISABLE,PAUSERX=DISABLE,PAUSERXOVERRIDE=ENABLE,MTU=9600,TXCON=ENABLE,PASSCTRL=DISABLE,PAUSETXOVERRIDE=DISABLE,RXIDLE=0,CFPRF=CFPRF-1-4,PHYSADDR=0016CA403DA3,CLFI=\"\":IS"
   "ETH-1-2-3::AN=ENABLE,ANSTATUS=COMPLETED,ANETHDPX=FULL,ANSPEED=1000,ANPAUSETX=DISABLE,ANPAUSERX=DISABLE,ADVETHDPX=FULL,ADVSPEED=1000,ADVFLOWCTRL=BOTH,ETHDPX=FULL,SPEED=1000,FLOWCTRL=NONE,PAUSETX=DISABLE,PAUSERX=DISABLE,PAUSERXOVERRIDE=ENABLE,MTU=9600,TXCON=ENABLE,PASSCTRL=DISABLE,PAUSETXOVERRIDE=DISABLE,RXIDLE=0,CFPRF=CFPRF-1-4,PHYSADDR=0016CA403DA4,CLFI=\"\":IS"
   "ETH-1-2-4::AN=ENABLE,ANSTATUS=COMPLETED,ANETHDPX=FULL,ANSPEED=1000,ANPAUSETX=DISABLE,ANPAUSERX=DISABLE,ADVETHDPX=FULL,ADVSPEED=1000,ADVFLOWCTRL=NONE,ETHDPX=FULL,SPEED=1000,FLOWCTRL=NONE,PAUSETX=DISABLE,PAUSERX=DISABLE,PAUSERXOVERRIDE=ENABLE,MTU=9600,TXCON=ENABLE,PASSCTRL=DISABLE,PAUSETXOVERRIDE=DISABLE,RXIDLE=0,CFPRF=CFPRF-1-4,PHYSADDR=0016CA403DA5,CLFI=\"\":IS"
>

   "Dt001B_OME01" 12-12-29 15:44:47
M  14 COMPLD
   "ETH-1-3-1::AN=DISABLE,ANSTATUS=DISABLED,ANETHDPX=UNKNOWN,ANSPEED=UNKNOWN,ANPAUSETX=UNKNOWN,ANPAUSERX=UNKNOWN,ADVETHDPX=UNKNOWN,ADVSPEED=UNKNOWN,ADVFLOWCTRL=UNKNOWN,ETHDPX=FULL,SPEED=1000,FLOWCTRL=NONE,PAUSETX=DISABLE,PAUSERX=DISABLE,PAUSERXOVERRIDE=ENABLE,MTU=9600,TXCON=ENABLE,PASSCTRL=DISABLE,PAUSETXOVERRIDE=DISABLE,RXIDLE=0,CFPRF=CFPRF-1-4,PHYSADDR=0019E1EF6DAA,CLFI=\"\":IS"
   "ETH-1-3-2::AN=ENABLE,ANSTATUS=COMPLETED,ANETHDPX=FULL,ANSPEED=1000,ANPAUSETX=DISABLE,ANPAUSERX=DISABLE,ADVETHDPX=FULL,ADVSPEED=1000,ADVFLOWCTRL=SYM,ETHDPX=FULL,SPEED=1000,FLOWCTRL=NONE,PAUSETX=DISABLE,PAUSERX=DISABLE,PAUSERXOVERRIDE=ENABLE,MTU=9600,TXCON=ENABLE,PASSCTRL=DISABLE,PAUSETXOVERRIDE=DISABLE,RXIDLE=0,CFPRF=CFPRF-1-4,PHYSADDR=0019E1EF6DAB,CLFI=\"\":IS"
   "ETH-1-3-3::AN=ENABLE,ANSTATUS=COMPLETED,ANETHDPX=FULL,ANSPEED=1000,ANPAUSETX=DISABLE,ANPAUSERX=DISABLE,ADVETHDPX=FULL,ADVSPEED=1000,ADVFLOWCTRL=NONE,ETHDPX=FULL,SPEED=1000,FLOWCTRL=NONE,PAUSETX=DISABLE,PAUSERX=DISABLE,PAUSERXOVERRIDE=ENABLE,MTU=9600,TXCON=ENABLE,PASSCTRL=DISABLE,PAUSETXOVERRIDE=DISABLE,RXIDLE=0,CFPRF=CFPRF-1-4,PHYSADDR=0019E1EF6DAC,CLFI=\"\":IS"
;RTRV-ETH10G:"Dt001B_OME01":ETH10G-1-ALL:15;
IP 15
<

   "Dt001B_OME01" 12-12-29 15:44:47
M  15 COMPLD
;RTRV-ETH100:"Dt001B_OME01":ETH100-1-ALL:16;
IP 16
<

   "Dt001B_OME01" 12-12-29 15:44:48
M  16 COMPLD
;RTRV-WAN:"Dt001B_OME01":WAN-1-ALL:17;
IP 17
<

   "Dt001B_OME01" 12-12-29 15:44:51
M  17 COMPLD
   "WAN-1-1-1::MAPPING=GFP-F,RATE=STS3C,VCAT=ENABLE,LCAS=DISABLE,PROVUNITS=7,ACTUALUNITS=7,MAGICNUM=DISABLE,LCM=DISABLE,NCP=NONE,MODE=SDH,FCS=32,SCRAMBLE=ENABLE,LANFCS=ENABLE,RTDELAY=500,CONDTYPE=GFPCMF,GFPRFI=ENABLE,AVLBLRATE=STS3C,PROVRXUNITS=7,GFPRTDELAY=ENABLE,MAXVCDEL=14000,CURRVCDEL=0,ACTUALRXUNITS=7:IS"
   "WAN-1-1-2::MAPPING=GFP-F,RATE=STS3C,VCAT=ENABLE,LCAS=DISABLE,PROVUNITS=7,ACTUALUNITS=7,MAGICNUM=DISABLE,LCM=DISABLE,NCP=NONE,MODE=SDH,FCS=32,SCRAMBLE=ENABLE,LANFCS=ENABLE,RTDELAY=2286,CONDTYPE=GFPCMF,GFPRFI=ENABLE,AVLBLRATE=STS3C,PROVRXUNITS=7,GFPRTDELAY=ENABLE,MAXVCDEL=14000,CURRVCDEL=0,ACTUALRXUNITS=7:IS"
   "WAN-1-1-3::MAPPING=GFP-F,RATE=STS3C,VCAT=ENABLE,LCAS=DISABLE,PROVUNITS=4,ACTUALUNITS=4,MAGICNUM=DISABLE,LCM=DISABLE,NCP=NONE,MODE=SDH,FCS=32,SCRAMBLE=ENABLE,LANFCS=ENABLE,RTDELAY=472,CONDTYPE=GFPCMF,GFPRFI=ENABLE,AVLBLRATE=STS3C,PROVRXUNITS=4,GFPRTDELAY=ENABLE,MAXVCDEL=14000,CURRVCDEL=0,ACTUALRXUNITS=4:IS"
   "WAN-1-1-4::MAPPING=GFP-F,RATE=STS3C,VCAT=ENABLE,LCAS=DISABLE,PROVUNITS=7,ACTUALUNITS=7,MAGICNUM=DISABLE,LCM=DISABLE,NCP=NONE,MODE=SDH,FCS=32,SCRAMBLE=ENABLE,LANFCS=ENABLE,RTDELAY=130,CONDTYPE=GFPCMF,GFPRFI=ENABLE,AVLBLRATE=STS3C,PROVRXUNITS=7,GFPRTDELAY=ENABLE,MAXVCDEL=14000,CURRVCDEL=0,ACTUALRXUNITS=7:IS"
   "WAN-1-2-1::MAPPING=GFP-F,RATE=STS3C,VCAT=ENABLE,LCAS=DISABLE,PROVUNITS=7,ACTUALUNITS=7,MAGICNUM=DISABLE,LCM=DISABLE,NCP=NONE,MODE=SDH,FCS=32,SCRAMBLE=ENABLE,LANFCS=ENABLE,RTDELAY=1484,CONDTYPE=GFPCMF,GFPRFI=ENABLE,AVLBLRATE=STS3C,PROVRXUNITS=7,GFPRTDELAY=ENABLE,MAXVCDEL=14000,CURRVCDEL=0,ACTUALRXUNITS=7:IS"
>

   "Dt001B_OME01" 12-12-29 15:44:51
M  17 COMPLD
   "WAN-1-2-2::MAPPING=GFP-F,RATE=STS3C,VCAT=ENABLE,LCAS=DISABLE,PROVUNITS=1,ACTUALUNITS=1,MAGICNUM=DISABLE,LCM=DISABLE,NCP=NONE,MODE=SDH,FCS=32,SCRAMBLE=ENABLE,LANFCS=ENABLE,RTDELAY=88,CONDTYPE=GFPCMF,GFPRFI=ENABLE,AVLBLRATE=STS3C,PROVRXUNITS=1,GFPRTDELAY=ENABLE,MAXVCDEL=14000,CURRVCDEL=0,ACTUALRXUNITS=1:IS"
   "WAN-1-2-3::MAPPING=GFP-F,RATE=STS3C,VCAT=ENABLE,LCAS=DISABLE,PROVUNITS=7,ACTUALUNITS=7,MAGICNUM=DISABLE,LCM=DISABLE,NCP=NONE,MODE=SDH,FCS=32,SCRAMBLE=ENABLE,LANFCS=ENABLE,RTDELAY=123,CONDTYPE=GFPCMF,GFPRFI=ENABLE,AVLBLRATE=STS3C,PROVRXUNITS=7,GFPRTDELAY=ENABLE,MAXVCDEL=14000,CURRVCDEL=0,ACTUALRXUNITS=7:IS"
   "WAN-1-2-4::MAPPING=GFP-F,RATE=STS3C,VCAT=ENABLE,LCAS=DISABLE,PROVUNITS=1,ACTUALUNITS=1,MAGICNUM=DISABLE,LCM=DISABLE,NCP=NONE,MODE=SDH,FCS=32,SCRAMBLE=ENABLE,LANFCS=ENABLE,RTDELAY=91,CONDTYPE=GFPCMF,GFPRFI=ENABLE,AVLBLRATE=STS3C,PROVRXUNITS=1,GFPRTDELAY=ENABLE,MAXVCDEL=14000,CURRVCDEL=0,ACTUALRXUNITS=1:IS"
   "WAN-1-3-1::MAPPING=GFP-F,RATE=STS3C,VCAT=ENABLE,LCAS=DISABLE,PROVUNITS=7,ACTUALUNITS=7,MAGICNUM=DISABLE,LCM=DISABLE,NCP=NONE,MODE=SDH,FCS=32,SCRAMBLE=ENABLE,LANFCS=ENABLE,RTDELAY=1323,CONDTYPE=GFPCMF,GFPRFI=ENABLE,AVLBLRATE=STS3C,PROVRXUNITS=7,GFPRTDELAY=ENABLE,MAXVCDEL=14000,CURRVCDEL=0,ACTUALRXUNITS=7:IS"
   "WAN-1-3-2::MAPPING=GFP-F,RATE=STS3C,VCAT=ENABLE,LCAS=DISABLE,PROVUNITS=1,ACTUALUNITS=1,MAGICNUM=DISABLE,LCM=DISABLE,NCP=NONE,MODE=SDH,FCS=32,SCRAMBLE=ENABLE,LANFCS=ENABLE,RTDELAY=563,CONDTYPE=GFPCMF,GFPRFI=ENABLE,AVLBLRATE=STS3C,PROVRXUNITS=1,GFPRTDELAY=ENABLE,MAXVCDEL=14000,CURRVCDEL=0,ACTUALRXUNITS=1:IS"
>

   "Dt001B_OME01" 12-12-29 15:44:51
M  17 COMPLD
   "WAN-1-3-3::MAPPING=GFP-F,RATE=STS3C,VCAT=ENABLE,LCAS=DISABLE,PROVUNITS=4,ACTUALUNITS=4,MAGICNUM=DISABLE,LCM=DISABLE,NCP=NONE,MODE=SDH,FCS=32,SCRAMBLE=ENABLE,LANFCS=ENABLE,RTDELAY=1666,CONDTYPE=GFPCMF,GFPRFI=ENABLE,AVLBLRATE=STS3C,PROVRXUNITS=4,GFPRTDELAY=ENABLE,MAXVCDEL=14000,CURRVCDEL=0,ACTUALRXUNITS=4:IS"
;RTRV-VCS:"Dt001B_OME01":VCS-1-ALL:18;
IP 18
<

   "Dt001B_OME01" 12-12-29 15:44:52
M  18 COMPLD
;RTRV-VCE:"Dt001B_OME01":VCE-1-ALL:19;
IP 19
<

   "Dt001B_OME01" 12-12-29 15:44:52
M  19 COMPLD
;RTRV-VCEMAP:"Dt001B_OME01":VCEMAP-1-ALL:20;
IP 20
<

   "Dt001B_OME01" 12-12-29 15:44:53
M  20 COMPLD
;RTRV-CRS-ALL:"Dt001B_OME01"::21:::CKTID=ALL;
IP 21
<

   "Dt001B_OME01" 12-12-29 15:44:53
M  21 COMPLD
   "STS3C-1-10-1-10,STS3C-1-1-4-1:2WAY:PRIMARYXC=SHELF,PRIME=OSS,CKTID=\"0033IR2_Dt01-Dt08_TNO\":STS3C:"
   "STS3C-1-10-1-13,STS3C-1-1-4-4:2WAY:PRIMARYXC=SHELF,PRIME=OSS,CKTID=\"0033IR2_Dt01-Dt08_TNO\":STS3C:"
   "STS3C-1-10-1-16,STS3C-1-1-4-7:2WAY:PRIMARYXC=SHELF,PRIME=OSS,CKTID=\"0033IR2_Dt01-Dt08_TNO\":STS3C:"
   "STS3C-1-10-1-19,STS3C-1-1-4-10:2WAY:PRIMARYXC=SHELF,PRIME=OSS,CKTID=\"0033IR2_Dt01-Dt08_TNO\":STS3C:"
   "STS3C-1-10-1-22,STS3C-1-1-4-13:2WAY:PRIMARYXC=SHELF,PRIME=OSS,CKTID=\"0033IR2_Dt01-Dt08_TNO\":STS3C:"
   "STS3C-1-10-1-25,STS3C-1-1-4-16:2WAY:PRIMARYXC=SHELF,PRIME=OSS,CKTID=\"0033IR2_Dt01-Dt08_TNO\":STS3C:"
   "STS3C-1-10-1-28,STS3C-1-1-4-19:2WAY:PRIMARYXC=SHELF,PRIME=OSS,CKTID=\"0033IR2_Dt01-Dt08_TNO\":STS3C:"
   "STS3C-1-12-1-106,STS3C-1-1-3-1:2WAY:PRIMARYXC=SHELF,PRIME=OSS,CKTID=\"2160LE3_Rt01-Dt01_EMC(NP_Rt12-Dt01)\":STS3C:"
   "STS3C-1-12-1-109,STS3C-1-1-3-4:2WAY:PRIMARYXC=SHELF,PRIME=OSS,CKTID=\"2160LE3_Rt01-Dt01_EMC(NP_Rt12-Dt01)\":STS3C:"
   "STS3C-1-12-1-112,STS3C-1-1-3-7:2WAY:PRIMARYXC=SHELF,PRIME=OSS,CKTID=\"2160LE3_Rt01-Dt01_EMC(NP_Rt12-Dt01)\":STS3C:"
   "STS3C-1-12-1-115,STS3C-1-1-3-10:2WAY:PRIMARYXC=SHELF,PRIME=OSS,CKTID=\"2160LE3_Rt01-Dt01_EMC(NP_Rt12-Dt01)\":STS3C:"
   "STS3C-1-6-1-22,STS3C-1-1-2-1:2WAY:PRIMARYXC=SHELF,PRIME=OSS,CKTID=\"2140LE3_Dt01-Spl01_INHOLLAND-O10(NP_Dt09-Spl01)\":STS3C:"
   "STS3C-1-6-1-25,STS3C-1-1-2-4:2WAY:PRIMARYXC=SHELF,PRIME=OSS,CKTID=\"2140LE3_Dt01-Spl01_INHOLLAND-O10(NP_Dt09-Spl01)\":STS3C:"
   "STS3C-1-6-1-28,STS3C-1-1-2-7:2WAY:PRIMARYXC=SHELF,PRIME=OSS,CKTID=\"2140LE3_Dt01-Spl01_INHOLLAND-O10(NP_Dt09-Spl01)\":STS3C:"
   "STS3C-1-6-1-31,STS3C-1-1-2-10:2WAY:PRIMARYXC=SHELF,PRIME=OSS,CKTID=\"2140LE3_Dt01-Spl01_INHOLLAND-O10(NP_Dt09-Spl01)\":STS3C:"
   "STS3C-1-6-1-52,STS3C-1-1-2-13:2WAY:PRIMARYXC=SHELF,PRIME=OSS,CKTID=\"2140LE3_Dt01-Spl01_INHOLLAND-O10(NP_Dt09-Spl01)\":STS3C:"
   "STS3C-1-6-1-58,STS3C-1-1-2-16:2WAY:PRIMARYXC=SHELF,PRIME=OSS,CKTID=\"2140LE3_Dt01-Spl01_INHOLLAND-O10(NP_Dt09-Spl01)\":STS3C:"
   "STS3C-1-6-1-61,STS3C-1-1-2-19:2WAY:PRIMARYXC=SHELF,PRIME=OSS,CKTID=\"2140LE3_Dt01-Spl01_INHOLLAND-O10(NP_Dt09-Spl01)\":STS3C:"
>

   "Dt001B_OME01" 12-12-29 15:44:53
M  21 COMPLD
   "STS3C-1-12-1-1,STS3C-1-1-1-1:2WAY:PRIMARYXC=SHELF,PRIME=OSS,CKTID=\"2001LE3_Dt01-Rt01_EMC(NP_Rt12A_Hvs01)\":STS3C:"
   "STS3C-1-12-1-4,STS3C-1-1-1-4:2WAY:PRIMARYXC=SHELF,PRIME=OSS,CKTID=\"2001LE3_Dt01-Rt01_EMC(NP_Rt12A_Hvs01)\":STS3C:"
   "STS3C-1-12-1-7,STS3C-1-1-1-7:2WAY:PRIMARYXC=SHELF,PRIME=OSS,CKTID=\"2001LE3_Dt01-Rt01_EMC(NP_Rt12A_Hvs01)\":STS3C:"
   "STS3C-1-12-1-10,STS3C-1-1-1-10:2WAY:PRIMARYXC=SHELF,PRIME=OSS,CKTID=\"2001LE3_Dt01-Rt01_EMC(NP_Rt12A_Hvs01)\":STS3C:"
   "STS3C-1-12-1-13,STS3C-1-1-1-13:2WAY:PRIMARYXC=SHELF,PRIME=OSS,CKTID=\"2001LE3_Dt01-Rt01_EMC(NP_Rt12A_Hvs01)\":STS3C:"
   "STS3C-1-12-1-16,STS3C-1-1-1-16:2WAY:PRIMARYXC=SHELF,PRIME=OSS,CKTID=\"2001LE3_Dt01-Rt01_EMC(NP_Rt12A_Hvs01)\":STS3C:"
   "STS3C-1-12-1-19,STS3C-1-1-1-19:2WAY:PRIMARYXC=SHELF,PRIME=OSS,CKTID=\"2001LE3_Dt01-Rt01_EMC(NP_Rt12A_Hvs01)\":STS3C:"
   "STS3C-1-2-4-1,STS3C-1-2-4-1:1WAY:PRIMARYXC=SHELF,PRIME=OSS,CKTID=\"DRAC-loopback\":STS3C:"
   "STS3C-1-5-1-10,STS3C-1-2-3-1:2WAY:PRIMARYXC=SHELF,PRIME=OSS,CKTID=\"0033IR1_Dt01-Dt08_TNO\":STS3C:"
   "STS3C-1-5-1-13,STS3C-1-2-3-4:2WAY:PRIMARYXC=SHELF,PRIME=OSS,CKTID=\"0033IR1_Dt01-Dt08_TNO\":STS3C:"
   "STS3C-1-5-1-16,STS3C-1-2-3-7:2WAY:PRIMARYXC=SHELF,PRIME=OSS,CKTID=\"0033IR1_Dt01-Dt08_TNO\":STS3C:"
   "STS3C-1-5-1-19,STS3C-1-2-3-10:2WAY:PRIMARYXC=SHELF,PRIME=OSS,CKTID=\"0033IR1_Dt01-Dt08_TNO\":STS3C:"
   "STS3C-1-5-1-22,STS3C-1-2-3-13:2WAY:PRIMARYXC=SHELF,PRIME=OSS,CKTID=\"0033IR1_Dt01-Dt08_TNO\":STS3C:"
   "STS3C-1-5-1-25,STS3C-1-2-3-16:2WAY:PRIMARYXC=SHELF,PRIME=OSS,CKTID=\"0033IR1_Dt01-Dt08_TNO\":STS3C:"
   "STS3C-1-5-1-28,STS3C-1-2-3-19:2WAY:PRIMARYXC=SHELF,PRIME=OSS,CKTID=\"0033IR1_Dt01-Dt08_TNO\":STS3C:"
   "STS3C-1-2-2-1,STS3C-1-2-2-1:1WAY:PRIMARYXC=SHELF,PRIME=OSS,CKTID=\"DRAC-loopback\":STS3C:"
   "STS3C-1-9-1-130,STS3C-1-2-1-1:2WAY:PRIMARYXC=SHELF,PRIME=OSS,CKTID=\"DRAC-e5429191-1349282052181\":STS3C:"
   "STS3C-1-9-1-133,STS3C-1-2-1-4:2WAY:PRIMARYXC=SHELF,PRIME=OSS,CKTID=\"DRAC-e5429191-1349282052181\":STS3C:"
>

   "Dt001B_OME01" 12-12-29 15:44:53
M  21 COMPLD
   "STS3C-1-9-1-136,STS3C-1-2-1-7:2WAY:PRIMARYXC=SHELF,PRIME=OSS,CKTID=\"DRAC-e5429191-1349282052181\":STS3C:"
   "STS3C-1-9-1-139,STS3C-1-2-1-10:2WAY:PRIMARYXC=SHELF,PRIME=OSS,CKTID=\"DRAC-e5429191-1349282052181\":STS3C:"
   "STS3C-1-9-1-142,STS3C-1-2-1-13:2WAY:PRIMARYXC=SHELF,PRIME=OSS,CKTID=\"DRAC-e5429191-1349282052181\":STS3C:"
   "STS3C-1-9-1-145,STS3C-1-2-1-16:2WAY:PRIMARYXC=SHELF,PRIME=OSS,CKTID=\"DRAC-e5429191-1349282052181\":STS3C:"
   "STS3C-1-9-1-148,STS3C-1-2-1-19:2WAY:PRIMARYXC=SHELF,PRIME=OSS,CKTID=\"DRAC-e5429191-1349282052181\":STS3C:"
   "STS3C-1-6-1-67,STS3C-1-3-3-1:2WAYPR:SWMATE=STS3C-1-9-1-1,PRIMARYXC=SHELF,PRIME=OSS,CKTID=\"2160LP_Dt01-Asd01_EMC(Rt12-Asd01)\":STS3C:"
   "STS3C-1-6-1-70,STS3C-1-3-3-4:2WAYPR:SWMATE=STS3C-1-9-1-4,PRIMARYXC=SHELF,PRIME=OSS,CKTID=\"2160LP_Dt01-Asd01_EMC(Rt12-Asd01)\":STS3C:"
   "STS3C-1-6-1-73,STS3C-1-3-3-7:2WAYPR:SWMATE=STS3C-1-9-1-7,PRIMARYXC=SHELF,PRIME=OSS,CKTID=\"2160LP_Dt01-Asd01_EMC(Rt12-Asd01)\":STS3C:"
   "STS3C-1-6-1-76,STS3C-1-3-3-10:2WAYPR:SWMATE=STS3C-1-9-1-10,PRIMARYXC=SHELF,PRIME=OSS,CKTID=\"2160LP_Dt01-Asd01_EMC(Rt12-Asd01)\":STS3C:"
   "STS3C-1-12-1-22,STS3C-1-3-2-1:2WAY:PRIMARYXC=SHELF,PRIME=OSS,CKTID=\"2168LE3_Rt01-Dt01_NEN-NNI(Rt16-Dt02)\":STS3C:"
   "STS3C-1-11-1-1,STS3C-1-3-1-1:2WAY:PRIMARYXC=SHELF,PRIME=OSS,CKTID=\"2140LE4_Dt01-Spl01_INHOLLAND-O10(NP_Dt09-Spl01)\":STS3C:"
   "STS3C-1-11-1-4,STS3C-1-3-1-4:2WAY:PRIMARYXC=SHELF,PRIME=OSS,CKTID=\"2140LE4_Dt01-Spl01_INHOLLAND-O10(NP_Dt09-Spl01)\":STS3C:"
   "STS3C-1-11-1-7,STS3C-1-3-1-7:2WAY:PRIMARYXC=SHELF,PRIME=OSS,CKTID=\"2140LE4_Dt01-Spl01_INHOLLAND-O10(NP_Dt09-Spl01)\":STS3C:"
   "STS3C-1-11-1-10,STS3C-1-3-1-10:2WAY:PRIMARYXC=SHELF,PRIME=OSS,CKTID=\"2140LE4_Dt01-Spl01_INHOLLAND-O10(NP_Dt09-Spl01)\":STS3C:"
   "STS3C-1-11-1-13,STS3C-1-3-1-13:2WAY:PRIMARYXC=SHELF,PRIME=OSS,CKTID=\"2140LE4_Dt01-Spl01_INHOLLAND-O10(NP_Dt09-Spl01)\":STS3C:"
   "STS3C-1-11-1-16,STS3C-1-3-1-16:2WAY:PRIMARYXC=SHELF,PRIME=OSS,CKTID=\"2140LE4_Dt01-Spl01_INHOLLAND-O10(NP_Dt09-Spl01)\":STS3C:"
   "STS3C-1-11-1-19,STS3C-1-3-1-19:2WAY:PRIMARYXC=SHELF,PRIME=OSS,CKTID=\"2140LE4_Dt01-Spl01_INHOLLAND-O10(NP_Dt09-Spl01)\":STS3C:"
   "STS3C-1-5-1-148,STS3C-1-4-1-1:2WAY:PRIMARYXC=SHELF,PRIME=OSS,CKTID=\"2071LR1_Ut01-Dt08_TNO-O22(Ssb01-OPN)\":STS3C:"
>

   "Dt001B_OME01" 12-12-29 15:44:53
M  21 COMPLD
   "STS3C-1-5-1-151,STS3C-1-4-1-4:2WAY:PRIMARYXC=SHELF,PRIME=OSS,CKTID=\"2071LR1_Ut01-Dt08_TNO-O22(Ssb01-OPN)\":STS3C:"
   "STS3C-1-5-1-154,STS3C-1-4-1-7:2WAY:PRIMARYXC=SHELF,PRIME=OSS,CKTID=\"2071LR1_Ut01-Dt08_TNO-O22(Ssb01-OPN)\":STS3C:"
   "STS3C-1-5-1-157,STS3C-1-4-1-10:2WAY:PRIMARYXC=SHELF,PRIME=OSS,CKTID=\"2071LR1_Ut01-Dt08_TNO-O22(Ssb01-OPN)\":STS3C:"
   "STS3C-1-5-1-160,STS3C-1-4-1-13:2WAY:PRIMARYXC=SHELF,PRIME=OSS,CKTID=\"2071LR1_Ut01-Dt08_TNO-O22(Ssb01-OPN)\":STS3C:"
   "STS3C-1-5-1-163,STS3C-1-4-1-16:2WAY:PRIMARYXC=SHELF,PRIME=OSS,CKTID=\"2071LR1_Ut01-Dt08_TNO-O22(Ssb01-OPN)\":STS3C:"
   "STS3C-1-5-1-166,STS3C-1-4-1-19:2WAY:PRIMARYXC=SHELF,PRIME=OSS,CKTID=\"2071LR1_Ut01-Dt08_TNO-O22(Ssb01-OPN)\":STS3C:"
   "STS3C-1-5-1-136,STS3C-1-4-1-22:2WAY:PRIMARYXC=SHELF,PRIME=OSS,CKTID=\"2078LR1_Ut01-Dt08_TNO-O22(Zt01-OPN)\":STS3C:"
   "STS3C-1-5-1-139,STS3C-1-4-1-25:2WAY:PRIMARYXC=SHELF,PRIME=OSS,CKTID=\"2078LR1_Ut01-Dt08_TNO-O22(Zt01-OPN)\":STS3C:"
   "STS3C-1-5-1-142,STS3C-1-4-1-28:2WAY:PRIMARYXC=SHELF,PRIME=OSS,CKTID=\"2078LR1_Ut01-Dt08_TNO-O22(Zt01-OPN)\":STS3C:"
   "STS3C-1-5-1-145,STS3C-1-4-1-31:2WAY:PRIMARYXC=SHELF,PRIME=OSS,CKTID=\"2078LR1_Ut01-Dt08_TNO-O22(Zt01-OPN)\":STS3C:"
   "STS3C-1-5-1-181,STS3C-1-4-1-34:2WAY:PRIMARYXC=SHELF,PRIME=OSS,CKTID=\"2079LR2_Ut01-Dt08_TNO-O22(Ut01-OPN)\":STS3C:"
   "STS3C-1-5-1-184,STS3C-1-4-1-37:2WAY:PRIMARYXC=SHELF,PRIME=OSS,CKTID=\"2079LR2_Ut01-Dt08_TNO-O22(Ut01-OPN)\":STS3C:"
   "STS3C-1-5-1-187,STS3C-1-4-1-40:2WAY:PRIMARYXC=SHELF,PRIME=OSS,CKTID=\"2079LR2_Ut01-Dt08_TNO-O22(Ut01-OPN)\":STS3C:"
   "STS3C-1-5-1-190,STS3C-1-4-1-43:2WAY:PRIMARYXC=SHELF,PRIME=OSS,CKTID=\"2079LR2_Ut01-Dt08_TNO-O22(Ut01-OPN)\":STS3C:"
   "STS3C-1-11-1-25,STS3C-1-4-1-46:2WAY:PRIMARYXC=SHELF,PRIME=OSS,CKTID=\"2042LP_Ut01-Gv01_NWO-STW(Gv04-Ut06)\":STS3C:"
   "STS3C-1-11-1-73,STS3C-1-4-1-55:2WAY:PRIMARYXC=SHELF,PRIME=OSS,CKTID=\"2169LR1_Ut01-Gv01_PBL(Ut05-Gv38)\":STS3C:"
   "STS3C-1-11-1-76,STS3C-1-4-1-82:2WAY:PRIMARYXC=SHELF,PRIME=OSS,CKTID=\"2169LR1_Ut01-Gv01_PBL(Ut05-Gv38)\":STS3C:"
   "STS3C-1-11-1-79,STS3C-1-4-1-85:2WAY:PRIMARYXC=SHELF,PRIME=OSS,CKTID=\"2169LR1_Ut01-Gv01_PBL(Ut05-Gv38)\":STS3C:"
>

   "Dt001B_OME01" 12-12-29 15:44:53
M  21 COMPLD
   "STS3C-1-11-1-82,STS3C-1-4-1-88:2WAY:PRIMARYXC=SHELF,PRIME=OSS,CKTID=\"2169LR1_Ut01-Gv01_PBL(Ut05-Gv38)\":STS3C:"
   "STS3C-1-6-1-46,STS3C-1-5-1-1:2WAY:PRIMARYXC=SHELF,PRIME=OSS,CKTID=\"2083LP_Ledn01-Dt08_TNO-O22(Ledn09-OPN)\":STS3C:"
   "STS3C-1-11-1-22,STS3C-1-5-1-4:2WAY:PRIMARYXC=SHELF,PRIME=OSS,CKTID=\"2085LP_Ledn01-Dt08_TNO-O22(Ledn10-OPN)\":STS3C:"
   "STS3C-1-6-1-112,STS3C-1-5-1-7:2WAY:PRIMARYXC=SHELF,PRIME=OSS,CKTID=\"2086LR2_Ah01A-Dt08A_TNO(Ap04)\":STS3C:"
   "STS3C-1-11-1-28,STS3C-1-5-1-31:2WAY:PRIMARYXC=SHELF,PRIME=OSS,CKTID=\"2090LR2_Spl01-Dt08_TNO-O22(Hfd01-Dt08)\":STS3C:"
   "STS3C-1-14-1-1,STS3C-1-5-1-169:2WAY:PRIMARYXC=SHELF,PRIME=OSS,CKTID=\"2087LP_Ehv01-Dt08_TNO-O22(Ehv01-OPN)\":STS3C:"
   "STS3C-1-14-1-4,STS3C-1-5-1-172:2WAY:PRIMARYXC=SHELF,PRIME=OSS,CKTID=\"2087LP_Ehv01-Dt08_TNO-O22(Ehv01-OPN)\":STS3C:"
   "STS3C-1-14-1-7,STS3C-1-5-1-175:2WAY:PRIMARYXC=SHELF,PRIME=OSS,CKTID=\"2087LP_Ehv01-Dt08_TNO-O22(Ehv01-OPN)\":STS3C:"
   "STS3C-1-14-1-10,STS3C-1-5-1-178:2WAY:PRIMARYXC=SHELF,PRIME=OSS,CKTID=\"2087LP_Ehv01-Dt08_TNO-O22(Ehv01-OPN)\":STS3C:"
   "STS3C-1-12-1-172,STS3C-1-6-1-1:2WAY:PRIMARYXC=SHELF,PRIME=OSS,CKTID=\"2190LP_Rt01-Asd01_EMC-SARA(Rt12-Asd01_EYR3)\":STS3C:"
   "STS3C-1-12-1-175,STS3C-1-6-1-4:2WAY:PRIMARYXC=SHELF,PRIME=OSS,CKTID=\"2190LP_Rt01-Asd01_EMC-SARA(Rt12-Asd01_EYR3)\":STS3C:"
   "STS3C-1-12-1-178,STS3C-1-6-1-7:2WAY:PRIMARYXC=SHELF,PRIME=OSS,CKTID=\"2190LP_Rt01-Asd01_EMC-SARA(Rt12-Asd01_EYR3)\":STS3C:"
   "STS3C-1-12-1-181,STS3C-1-6-1-10:2WAY:PRIMARYXC=SHELF,PRIME=OSS,CKTID=\"2190LP_Rt01-Asd01_EMC-SARA(Rt12-Asd01_EYR3)\":STS3C:"
   "STS3C-1-12-1-184,STS3C-1-6-1-13:2WAY:PRIMARYXC=SHELF,PRIME=OSS,CKTID=\"2190LP_Rt01-Asd01_EMC-SARA(Rt12-Asd01_EYR3)\":STS3C:"
   "STS3C-1-12-1-187,STS3C-1-6-1-16:2WAY:PRIMARYXC=SHELF,PRIME=OSS,CKTID=\"2190LP_Rt01-Asd01_EMC-SARA(Rt12-Asd01_EYR3)\":STS3C:"
   "STS3C-1-12-1-190,STS3C-1-6-1-19:2WAY:PRIMARYXC=SHELF,PRIME=OSS,CKTID=\"2190LP_Rt01-Asd01_EMC-SARA(Rt12-Asd01_EYR3)\":STS3C:"
   "STS3C-1-10-1-7,STS3C-1-6-1-34:2WAY:PRIMARYXC=SHELF,PRIME=OSS,CKTID=\"5050LE_Dt08-Asd01(EXP-TNO-OAM-test)\":STS3C:"
   "STS3C-1-10-1-40,STS3C-1-6-1-37:2WAY:PRIMARYXC=SHELF,PRIME=OSS,CKTID=\"5050LE_Dt08-Asd01(EXP-TNO-OAM-test)\":STS3C:"
>

   "Dt001B_OME01" 12-12-29 15:44:53
M  21 COMPLD
   "STS3C-1-10-1-43,STS3C-1-6-1-40:2WAY:PRIMARYXC=SHELF,PRIME=OSS,CKTID=\"5050LE_Dt08-Asd01(EXP-TNO-OAM-test)\":STS3C:"
   "STS3C-1-10-1-46,STS3C-1-6-1-43:2WAY:PRIMARYXC=SHELF,PRIME=OSS,CKTID=\"5050LE_Dt08-Asd01(EXP-TNO-OAM-test)\":STS3C:"
   "STS3C-1-10-1-4,STS3C-1-6-1-49:2WAY:PRIMARYXC=SHELF,PRIME=OSS,CKTID=\"2085LP_Ledn01-Dt08_TNO-O22(Ledn10-OPN)\":STS3C:"
   "STS3C-1-10-1-31,STS3C-1-6-1-55:2WAY:PRIMARYXC=SHELF,PRIME=OSS,CKTID=\"2090LR1_Asd01-Dt08_TNO-O22(Hfd01-Dt08)\":STS3C:"
   "STS3C-1-10-1-49,STS3C-1-6-1-64:2WAY:PRIMARYXC=SHELF,PRIME=OSS,CKTID=\"5050LE_Dt08-Asd01(EXP-TNO-OAM-test)\":STS3C:"
   "STS3C-1-10-1-55,STS3C-1-6-1-79:2WAY:PRIMARYXC=SHELF,PRIME=OSS,CKTID=\"5050LE_Dt08-Asd01(EXP-TNO-OAM-test)\":STS3C:"
   "STS3C-1-10-1-52,STS3C-1-6-1-82:2WAY:PRIMARYXC=SHELF,PRIME=OSS,CKTID=\"5050LE_Dt08-Asd01(EXP-TNO-OAM-test)\":STS3C:"
   "STS3C-1-11-1-85,STS3C-1-6-1-85:2WAY:PRIMARYXC=SHELF,PRIME=OSS,CKTID=\"2125LP_Gv02-Hvs01_KONBIB\":STS3C:"
   "STS3C-1-11-1-88,STS3C-1-6-1-88:2WAY:PRIMARYXC=SHELF,PRIME=OSS,CKTID=\"2125LP_Gv02-Hvs01_KONBIB\":STS3C:"
   "STS3C-1-11-1-91,STS3C-1-6-1-91:2WAY:PRIMARYXC=SHELF,PRIME=OSS,CKTID=\"2125LP_Gv02-Hvs01_KONBIB\":STS3C:"
   "STS3C-1-11-1-94,STS3C-1-6-1-94:2WAY:PRIMARYXC=SHELF,PRIME=OSS,CKTID=\"2125LP_Gv02-Hvs01_KONBIB\":STS3C:"
   "STS3C-1-11-1-97,STS3C-1-6-1-97:2WAY:PRIMARYXC=SHELF,PRIME=OSS,CKTID=\"2125LP_Gv02-Hvs01_KONBIB\":STS3C:"
   "STS3C-1-11-1-100,STS3C-1-6-1-100:2WAY:PRIMARYXC=SHELF,PRIME=OSS,CKTID=\"2125LP_Gv02-Hvs01_KONBIB\":STS3C:"
   "STS3C-1-11-1-103,STS3C-1-6-1-103:2WAY:PRIMARYXC=SHELF,PRIME=OSS,CKTID=\"2125LP_Gv02-Hvs01_KONBIB\":STS3C:"
   "STS3C-1-14-1-37,STS3C-1-9-1-13:2WAY:PRIMARYXC=SHELF,PRIME=OSS,CKTID=\"T2117LR2_Ap01-Rt01_LSOP-O14(Rt05)\":STS3C:"
   "STS3C-1-10-1-169,STS3C-1-9-1-55:2WAY:PRIMARYXC=SHELF,PRIME=OSS,CKTID=\"2087LP_Ehv01-Dt08_TNO-O22(Ehv01-OPN)\":STS3C:"
   "STS3C-1-10-1-172,STS3C-1-9-1-58:2WAY:PRIMARYXC=SHELF,PRIME=OSS,CKTID=\"2087LP_Ehv01-Dt08_TNO-O22(Ehv01-OPN)\":STS3C:"
   "STS3C-1-10-1-175,STS3C-1-9-1-61:2WAY:PRIMARYXC=SHELF,PRIME=OSS,CKTID=\"2087LP_Ehv01-Dt08_TNO-O22(Ehv01-OPN)\":STS3C:"
>

   "Dt001B_OME01" 12-12-29 15:44:53
M  21 COMPLD
   "STS3C-1-10-1-178,STS3C-1-9-1-64:2WAY:PRIMARYXC=SHELF,PRIME=OSS,CKTID=\"2087LP_Ehv01-Dt08_TNO-O22(Ehv01-OPN)\":STS3C:"
   "STS3C-1-10-1-1,STS3C-1-9-1-67:2WAY:PRIMARYXC=SHELF,PRIME=OSS,CKTID=\"2083LP_Ledn01-Dt08_TNO-O22(Ledn09-OPN)\":STS3C:"
   "STS3C-1-10-1-148,STS3C-1-9-1-172:2WAY:PRIMARYXC=SHELF,PRIME=OSS,CKTID=\"2071LR2_Amf01-Dt08_TNO-O22(Ssb01-OPN)\":STS3C:"
   "STS3C-1-10-1-151,STS3C-1-9-1-175:2WAY:PRIMARYXC=SHELF,PRIME=OSS,CKTID=\"2071LR2_Amf01-Dt08_TNO-O22(Ssb01-OPN)\":STS3C:"
   "STS3C-1-10-1-154,STS3C-1-9-1-178:2WAY:PRIMARYXC=SHELF,PRIME=OSS,CKTID=\"2071LR2_Amf01-Dt08_TNO-O22(Ssb01-OPN)\":STS3C:"
   "STS3C-1-10-1-157,STS3C-1-9-1-181:2WAY:PRIMARYXC=SHELF,PRIME=OSS,CKTID=\"2071LR2_Amf01-Dt08_TNO-O22(Ssb01-OPN)\":STS3C:"
   "STS3C-1-10-1-160,STS3C-1-9-1-184:2WAY:PRIMARYXC=SHELF,PRIME=OSS,CKTID=\"2071LR2_Amf01-Dt08_TNO-O22(Ssb01-OPN)\":STS3C:"
   "STS3C-1-10-1-163,STS3C-1-9-1-187:2WAY:PRIMARYXC=SHELF,PRIME=OSS,CKTID=\"2071LR2_Amf01-Dt08_TNO-O22(Ssb01-OPN)\":STS3C:"
   "STS3C-1-10-1-166,STS3C-1-9-1-190:2WAY:PRIMARYXC=SHELF,PRIME=OSS,CKTID=\"2071LR2_Amf01-Dt08_TNO-O22(Ssb01-OPN)\":STS3C:"
   "STS3C-1-14-1-13,STS3C-1-10-1-34:2WAY:PRIMARYXC=SHELF,PRIME=OSS,CKTID=\"T2086LR1_Ah01A-Dt08A_TNO(Ap04)\":STS3C:"
   "STS3C-1-13-1-145,STS3C-1-10-1-136:2WAY:PRIMARYXC=SHELF,PRIME=OSS,CKTID=\"2078LR2_Ut01-Dt08_TNO-O22(Zt01-OPN)\":STS3C:"
   "STS3C-1-13-1-148,STS3C-1-10-1-139:2WAY:PRIMARYXC=SHELF,PRIME=OSS,CKTID=\"2078LR2_Ut01-Dt08_TNO-O22(Zt01-OPN)\":STS3C:"
   "STS3C-1-13-1-151,STS3C-1-10-1-142:2WAY:PRIMARYXC=SHELF,PRIME=OSS,CKTID=\"2078LR2_Ut01-Dt08_TNO-O22(Zt01-OPN)\":STS3C:"
   "STS3C-1-13-1-154,STS3C-1-10-1-145:2WAY:PRIMARYXC=SHELF,PRIME=OSS,CKTID=\"2078LR2_Ut01-Dt08_TNO-O22(Zt01-OPN)\":STS3C:"
   "STS3C-1-13-1-133,STS3C-1-10-1-181:2WAY:PRIMARYXC=SHELF,PRIME=OSS,CKTID=\"2079LR1_Ut01-Dt08_TNO-O22(Ut01-OPN)\":STS3C:"
   "STS3C-1-13-1-136,STS3C-1-10-1-184:2WAY:PRIMARYXC=SHELF,PRIME=OSS,CKTID=\"2079LR1_Ut01-Dt08_TNO-O22(Ut01-OPN)\":STS3C:"
   "STS3C-1-13-1-139,STS3C-1-10-1-187:2WAY:PRIMARYXC=SHELF,PRIME=OSS,CKTID=\"2079LR1_Ut01-Dt08_TNO-O22(Ut01-OPN)\":STS3C:"
   "STS3C-1-13-1-142,STS3C-1-10-1-190:2WAY:PRIMARYXC=SHELF,PRIME=OSS,CKTID=\"2079LR1_Ut01-Dt08_TNO-O22(Ut01-OPN)\":STS3C:"
>

   "Dt001B_OME01" 12-12-29 15:44:53
M  21 COMPLD
   "STS3C-1-12-1-49,STS3C-1-11-1-31:2WAY:PRIMARYXC=SHELF,PRIME=OSS,CKTID=\"2150LR2_Gv01-Rt02_EUR-ISS(Gv10-Rt2a)\":STS3C:"
   "STS3C-1-12-1-52,STS3C-1-11-1-34:2WAY:PRIMARYXC=SHELF,PRIME=OSS,CKTID=\"2150LR2_Gv01-Rt02_EUR-ISS(Gv10-Rt2a)\":STS3C:"
   "STS3C-1-12-1-55,STS3C-1-11-1-37:2WAY:PRIMARYXC=SHELF,PRIME=OSS,CKTID=\"2150LR2_Gv01-Rt02_EUR-ISS(Gv10-Rt2a)\":STS3C:"
   "STS3C-1-12-1-58,STS3C-1-11-1-40:2WAY:PRIMARYXC=SHELF,PRIME=OSS,CKTID=\"2150LR2_Gv01-Rt02_EUR-ISS(Gv10-Rt2a)\":STS3C:"
   "STS3C-1-12-1-61,STS3C-1-11-1-43:2WAY:PRIMARYXC=SHELF,PRIME=OSS,CKTID=\"2150LR2_Gv01-Rt02_EUR-ISS(Gv10-Rt2a)\":STS3C:"
   "STS3C-1-12-1-64,STS3C-1-11-1-46:2WAY:PRIMARYXC=SHELF,PRIME=OSS,CKTID=\"2150LR2_Gv01-Rt02_EUR-ISS(Gv10-Rt2a)\":STS3C:"
   "STS3C-1-12-1-67,STS3C-1-11-1-49:2WAY:PRIMARYXC=SHELF,PRIME=OSS,CKTID=\"2150LR2_Gv01-Rt02_EUR-ISS(Gv10-Rt2a)\":STS3C:"
   "STS3C-1-12-1-79,STS3C-1-11-1-52:2WAY:PRIMARYXC=SHELF,PRIME=OSS,CKTID=\"2043LP_Rt01-Ledn01_HSLEIDEN-O08(Rt10-Ledn2)-V2\":STS3C:"
   "STS3C-1-12-1-82,STS3C-1-11-1-55:2WAY:PRIMARYXC=SHELF,PRIME=OSS,CKTID=\"2043LP_Rt01-Ledn01_HSLEIDEN-O08(Rt10-Ledn2)-V2\":STS3C:"
   "STS3C-1-12-1-85,STS3C-1-11-1-58:2WAY:PRIMARYXC=SHELF,PRIME=OSS,CKTID=\"2043LP_Rt01-Ledn01_HSLEIDEN-O08(Rt10-Ledn2)-V2\":STS3C:"
   "STS3C-1-12-1-88,STS3C-1-11-1-61:2WAY:PRIMARYXC=SHELF,PRIME=OSS,CKTID=\"2043LP_Rt01-Ledn01_HSLEIDEN-O08(Rt10-Ledn2)-V2\":STS3C:"
   "STS3C-1-12-1-91,STS3C-1-11-1-64:2WAY:PRIMARYXC=SHELF,PRIME=OSS,CKTID=\"2043LP_Rt01-Ledn01_HSLEIDEN-O08(Rt10-Ledn2)-V2\":STS3C:"
   "STS3C-1-12-1-94,STS3C-1-11-1-67:2WAY:PRIMARYXC=SHELF,PRIME=OSS,CKTID=\"2043LP_Rt01-Ledn01_HSLEIDEN-O08(Rt10-Ledn2)-V2\":STS3C:"
   "STS3C-1-12-1-97,STS3C-1-11-1-70:2WAY:PRIMARYXC=SHELF,PRIME=OSS,CKTID=\"2043LP_Rt01-Ledn01_HSLEIDEN-O08(Rt10-Ledn2)-V2\":STS3C:"
   "STS3C-1-12-1-118,STS3C-1-11-1-106:2WAY:PRIMARYXC=SHELF,PRIME=OSS,CKTID=\"2174LP_Gv01-Asd01_HDH(Gv15-Asd36)\":STS3C:"
   "STS3C-1-12-1-121,STS3C-1-11-1-109:2WAY:PRIMARYXC=SHELF,PRIME=OSS,CKTID=\"2174LP_Gv01-Asd01_HDH(Gv15-Asd36)\":STS3C:"
   "STS3C-1-12-1-124,STS3C-1-11-1-112:2WAY:PRIMARYXC=SHELF,PRIME=OSS,CKTID=\"2174LP_Gv01-Asd01_HDH(Gv15-Asd36)\":STS3C:"
   "STS3C-1-12-1-127,STS3C-1-11-1-115:2WAY:PRIMARYXC=SHELF,PRIME=OSS,CKTID=\"2174LP_Gv01-Asd01_HDH(Gv15-Asd36)\":STS3C:"
>

   "Dt001B_OME01" 12-12-29 15:44:53
M  21 COMPLD
   "STS3C-1-12-1-130,STS3C-1-11-1-118:2WAY:PRIMARYXC=SHELF,PRIME=OSS,CKTID=\"2174LP_Gv01-Asd01_HDH(Gv15-Asd36)\":STS3C:"
   "STS3C-1-12-1-133,STS3C-1-11-1-121:2WAY:PRIMARYXC=SHELF,PRIME=OSS,CKTID=\"2174LP_Gv01-Asd01_HDH(Gv15-Asd36)\":STS3C:"
   "STS3C-1-12-1-136,STS3C-1-11-1-124:2WAY:PRIMARYXC=SHELF,PRIME=OSS,CKTID=\"2174LP_Gv01-Asd01_HDH(Gv15-Asd36)\":STS3C:"
   "STS3C-1-14-1-16,STS3C-1-12-1-139:2WAY:PRIMARYXC=SHELF,PRIME=OSS,CKTID=\"2188LP_Rt01-Ehv01_ROC-Albeda(Rt18-Bt01)\":STS3C:"
   "STS3C-1-14-1-19,STS3C-1-12-1-142:2WAY:PRIMARYXC=SHELF,PRIME=OSS,CKTID=\"2188LP_Rt01-Ehv01_ROC-Albeda(Rt18-Bt01)\":STS3C:"
   "STS3C-1-14-1-22,STS3C-1-12-1-145:2WAY:PRIMARYXC=SHELF,PRIME=OSS,CKTID=\"2188LP_Rt01-Ehv01_ROC-Albeda(Rt18-Bt01)\":STS3C:"
   "STS3C-1-14-1-25,STS3C-1-12-1-148:2WAY:PRIMARYXC=SHELF,PRIME=OSS,CKTID=\"2188LP_Rt01-Ehv01_ROC-Albeda(Rt18-Bt01)\":STS3C:"
   "STS3C-1-14-1-28,STS3C-1-12-1-151:2WAY:PRIMARYXC=SHELF,PRIME=OSS,CKTID=\"2188LP_Rt01-Ehv01_ROC-Albeda(Rt18-Bt01)\":STS3C:"
   "STS3C-1-14-1-31,STS3C-1-12-1-154:2WAY:PRIMARYXC=SHELF,PRIME=OSS,CKTID=\"2188LP_Rt01-Ehv01_ROC-Albeda(Rt18-Bt01)\":STS3C:"
   "STS3C-1-14-1-34,STS3C-1-12-1-157:2WAY:PRIMARYXC=SHELF,PRIME=OSS,CKTID=\"2188LP_Rt01-Ehv01_ROC-Albeda(Rt18-Bt01)\":STS3C:"
;RTRV-AD-ALL:"Dt001B_OME01"::22;
IP 22
<

   "Dt001B_OME01" 12-12-29 15:44:54
M  22 COMPLD
   "OC192-1-4-1:TYP-SH-SL-PRT,LINE:TX_VERSION=\"2\",TX_TAG=\"AD_2_00:11:58:ff:85:45_001_000_004_000_001_ME_1\",RX_VERSION=\"2\",RX_ACTUAL=\"AD_2_00:20:d8:df:3b:fb_001_000_014_000_001_ME_1\",RX_EXPECTED=\"\",RECONFIG=DISABLE,RX_RELIABILITY=RELIABLE,MECHANISM=IIH"
   "ADJ-1-4-1:TYP-SH-SL-PRT,PHYS:TX_VERSION=\"2\",TX_TAG=\"Dt001B_OME01-1-4-1\",RX_VERSION=\"2\",RX_ACTUAL=\"\",RX_EXPECTED=\"\",RECONFIG=DISABLE,RX_RELIABILITY=UNRELIABLE,MECHANISM=DERIVED"
   "OC192-1-5-1:TYP-SH-SL-PRT,LINE:TX_VERSION=\"2\",TX_TAG=\"AD_2_00:11:58:ff:85:45_001_000_005_000_001_ME_1\",RX_VERSION=\"2\",RX_ACTUAL=\"AD_2_00:17:d1:ff:be:d7_001_000_009_000_001_ME_1\",RX_EXPECTED=\"\",RECONFIG=DISABLE,RX_RELIABILITY=RELIABLE,MECHANISM=IIH"
   "OC192-1-6-1:TYP-SH-SL-PRT,LINE:TX_VERSION=\"2\",TX_TAG=\"AD_2_00:11:58:ff:85:45_001_000_006_000_001_ME_1\",RX_VERSION=\"2\",RX_ACTUAL=\"AD_2_00:21:e1:d9:ac:20_001_000_026_000_001_ME_1\",RX_EXPECTED=\"\",RECONFIG=DISABLE,RX_RELIABILITY=RELIABLE,MECHANISM=IIH"
   "OC192-1-9-1:TYP-SH-SL-PRT,LINE:TX_VERSION=\"2\",TX_TAG=\"AD_2_00:11:58:ff:85:45_001_000_009_000_001_ME_1\",RX_VERSION=\"2\",RX_ACTUAL=\"AD_2_00:21:e1:d9:aa:1b_001_000_027_000_001_ME_1\",RX_EXPECTED=\"\",RECONFIG=DISABLE,RX_RELIABILITY=RELIABLE,MECHANISM=IIH"
   "OC192-1-10-1:TYP-SH-SL-PRT,LINE:TX_VERSION=\"2\",TX_TAG=\"AD_2_00:11:58:ff:85:45_001_000_010_000_001_ME_1\",RX_VERSION=\"2\",RX_ACTUAL=\"AD_2_00:17:d1:ff:be:d7_001_000_006_000_001_ME_1\",RX_EXPECTED=\"\",RECONFIG=DISABLE,RX_RELIABILITY=RELIABLE,MECHANISM=IIH"
   "OC192-1-11-1:TYP-SH-SL-PRT,LINE:TX_VERSION=\"2\",TX_TAG=\"AD_2_00:11:58:ff:85:45_001_000_011_000_001_ME_1\",RX_VERSION=\"2\",RX_ACTUAL=\"AD_2_00:1b:25:2b:6d:8b_001_000_011_000_001_ME_1\",RX_EXPECTED=\"\",RECONFIG=DISABLE,RX_RELIABILITY=RELIABLE,MECHANISM=IIH"
   "ADJ-1-11-1:TYP-SH-SL-PRT,PHYS:TX_VERSION=\"2\",TX_TAG=\"Dt001B_OME01-1-11-1\",RX_VERSION=\"2\",RX_ACTUAL=\"\",RX_EXPECTED=\"\",RECONFIG=DISABLE,RX_RELIABILITY=UNRELIABLE,MECHANISM=DERIVED"
   "OC192-1-12-1:TYP-SH-SL-PRT,LINE:TX_VERSION=\"2\",TX_TAG=\"AD_2_00:11:58:ff:85:45_001_000_012_000_001_ME_1\",RX_VERSION=\"2\",RX_ACTUAL=\"AD_2_00:20:d8:df:3c:2d_001_000_010_000_001_ME_1\",RX_EXPECTED=\"\",RECONFIG=DISABLE,RX_RELIABILITY=RELIABLE,MECHANISM=IIH"
   "ADJ-1-12-1:TYP-SH-SL-PRT,PHYS:TX_VERSION=\"2\",TX_TAG=\"Dt001B_OME01-1-12-1\",RX_VERSION=\"2\",RX_ACTUAL=\"\",RX_EXPECTED=\"\",RECONFIG=DISABLE,RX_RELIABILITY=UNRELIABLE,MECHANISM=DERIVED"
   "ADJ-1-13-1:TYP-SH-SL-PRT,PHYS:TX_VERSION=\"2\",TX_TAG=\"Dt001B_OME01-1-13-1\",RX_VERSION=\"2\",RX_ACTUAL=\"\",RX_EXPECTED=\"\",RECONFIG=DISABLE,RX_RELIABILITY=UNRELIABLE,MECHANISM=DERIVED"
   "OC192-1-14-1:TYP-SH-SL-PRT,LINE:TX_VERSION=\"2\",TX_TAG=\"AD_2_00:11:58:ff:85:45_001_000_014_000_001_ME_1\",RX_VERSION=\"2\",RX_ACTUAL=\"AD_2_80:17:7d:e7:74:8a_001_000_005_000_001_ME_1\",RX_EXPECTED=\"\",RECONFIG=DISABLE,RX_RELIABILITY=RELIABLE,MECHANISM=IIH"
   "ADJ-1-14-1:TYP-SH-SL-PRT,PHYS:TX_VERSION=\"2\",TX_TAG=\"Dt001B_OME01-1-14-1\",RX_VERSION=\"2\",RX_ACTUAL=\"\",RX_EXPECTED=\"\",RECONFIG=DISABLE,RX_RELIABILITY=UNRELIABLE,MECHANISM=DERIVED"
;RTRV-FFP-OC192:"Dt001B_OME01":OC192-1-ALL:23;
IP 23
<

   "Dt001B_OME01" 12-12-29 15:44:55
M  23 COMPLD
;

   "Dt001B_OME01" 12-12-29 15:45:51
A  0001281853 REPT EVT LOG
   "DATE=12-12-29,TIME=15-45-51:USERID=SNSCRIPT,PRIORITY=GEN_TL1_CMD,STATUS=COMPLD:ACT-USER:SNSCRIPT:1::::"
;

   "Dt001B_OME01" 12-12-29 15:45:51
A  0001281854 REPT EVT LOG
   "DATE=12-12-29,TIME=15-45-51:USERID=SNSCRIPT,PRIORITY=GEN_TL1_CMD,STATUS=COMPLD:CANC-USER:SNSCRIPT:1::::"
;<<RTRV-HDR keep alive sent>>
IP 24
<

   "Dt001B_OME01" 12-12-29 15:46:19
M  24 COMPLD
;<<RTRV-HDR keep alive sent>>
IP 25
<

   "Dt001B_OME01" 12-12-29 15:48:19
M  25 COMPLD
;

   "Dt001B_OME01" 12-12-29 15:49:00
A  0001281855 REPT EVT OC192
   "OC192-1-9-1:T-OPR-OCH,TC,12-29,15-49-00,NEND,RCV,-11.33,3,1-UNT:\"T-OPR-OCH\":0100000000-0000-0000,:YEAR=2012,MODE=SDH"
;<<RTRV-HDR keep alive sent>>
IP 26
<

   "Dt001B_OME01" 12-12-29 15:50:19
M  26 COMPLD
;

   "Dt001B_OME01" 12-12-29 15:51:58
A  0001281856 REPT EVT LOG
   "DATE=12-12-29,TIME=15-51-58:USERID=SNSCRIPT,PRIORITY=GEN_TL1_CMD,STATUS=COMPLD:ACT-USER:SNSCRIPT:1::::"
;

   "Dt001B_OME01" 12-12-29 15:51:59
A  0001281857 REPT EVT LOG
   "DATE=12-12-29,TIME=15-51-59:USERID=SNSCRIPT,PRIORITY=GEN_TL1_CMD,STATUS=COMPLD:CANC-USER:SNSCRIPT:1::::"
;<<RTRV-HDR keep alive sent>>
IP 27
<

   "Dt001B_OME01" 12-12-29 15:52:19
M  27 COMPLD
;<<RTRV-HDR keep alive sent>>
IP 28
<

   "Dt001B_OME01" 12-12-29 15:54:20
M  28 COMPLD
;<<RTRV-HDR keep alive sent>>
IP 29
<

   "Dt001B_OME01" 12-12-29 15:56:20
M  29 COMPLD
;

   "Dt001B_OME01" 12-12-29 15:56:44
A  0001281858 REPT EVT OC192
   "OC192-1-9-1:T-OPR-OCH,TC,12-29,15-56-44,NEND,RCV,-11.33,3,1-UNT:\"T-OPR-OCH\":0100000000-0000-0000,:YEAR=2012,MODE=SDH"
;<<RTRV-HDR keep alive sent>>
IP 30
<

   "Dt001B_OME01" 12-12-29 15:58:22
M  30 COMPLD
;

   "Dt001B_OME01" 12-12-29 16:00:00
A  0001281859 REPT EVT OC192
   "OC192-1-9-1:T-OPR-OCH,TC,12-29,16-00-00,NEND,RCV,-11.33,3,1-UNT:\"T-OPR-OCH\":0100000000-0000-0000,:YEAR=2012,MODE=SDH"
;<<RTRV-HDR keep alive sent>>
IP 31
<

   "Dt001B_OME01" 12-12-29 16:00:22
M  31 COMPLD
;

   "Dt001B_OME01" 12-12-29 16:00:50
A  0001281860 REPT EVT LOG
   "DATE=12-12-29,TIME=16-00-50:USERID=SNSCRIPT,PRIORITY=GEN_TL1_CMD,STATUS=COMPLD:ACT-USER:SNSCRIPT:1::::"
;

   "Dt001B_OME01" 12-12-29 16:00:51
A  0001281861 REPT EVT LOG
   "DATE=12-12-29,TIME=16-00-51:USERID=SNSCRIPT,PRIORITY=GEN_TL1_CMD,STATUS=COMPLD:CANC-USER:SNSCRIPT:1::::"
;<<RTRV-HDR keep alive sent>>
IP 32
<

   "Dt001B_OME01" 12-12-29 16:02:22
M  32 COMPLD
;<<RTRV-HDR keep alive sent>>
IP 33
<

   "Dt001B_OME01" 12-12-29 16:04:23
M  33 COMPLD
;<<RTRV-HDR keep alive sent>>
IP 34
<

   "Dt001B_OME01" 12-12-29 16:06:23
M  34 COMPLD
;<<RTRV-HDR keep alive sent>>
IP 35
<

   "Dt001B_OME01" 12-12-29 16:08:23
M  35 COMPLD
;<<RTRV-HDR keep alive sent>>
IP 36
<

   "Dt001B_OME01" 12-12-29 16:10:23
M  36 COMPLD
;<<RTRV-HDR keep alive sent>>
IP 37
<

   "Dt001B_OME01" 12-12-29 16:12:24
M  37 COMPLD
;

   "Dt001B_OME01" 12-12-29 16:14:03
A  0001281862 REPT EVT LOG
   "DATE=12-12-29,TIME=16-14-03:USERID=SNSCRIPT,PRIORITY=GEN_TL1_CMD,STATUS=COMPLD:ACT-USER:SNSCRIPT:1::::"
;

   "Dt001B_OME01" 12-12-29 16:14:04
A  0001281863 REPT EVT LOG
   "DATE=12-12-29,TIME=16-14-04:USERID=SNSCRIPT,PRIORITY=GEN_TL1_CMD,STATUS=COMPLD:CANC-USER:SNSCRIPT:1::::"
;<<RTRV-HDR keep alive sent>>
IP 38
<

   "Dt001B_OME01" 12-12-29 16:14:25
M  38 COMPLD
;

   "Dt001B_OME01" 12-12-29 16:15:51
A  0001281864 REPT EVT LOG
   "DATE=12-12-29,TIME=16-15-51:USERID=SNSCRIPT,PRIORITY=GEN_TL1_CMD,STATUS=COMPLD:ACT-USER:SNSCRIPT:1::::"
;

   "Dt001B_OME01" 12-12-29 16:15:52
A  0001281865 REPT EVT LOG
   "DATE=12-12-29,TIME=16-15-51:USERID=SNSCRIPT,PRIORITY=GEN_TL1_CMD,STATUS=COMPLD:CANC-USER:SNSCRIPT:1::::"
;<<RTRV-HDR keep alive sent>>
IP 39
<

   "Dt001B_OME01" 12-12-29 16:16:25
M  39 COMPLD
;<<RTRV-HDR keep alive sent>>
IP 40
<

   "Dt001B_OME01" 12-12-29 16:18:25
M  40 COMPLD
;<<RTRV-HDR keep alive sent>>
IP 41
<

   "Dt001B_OME01" 12-12-29 16:20:25
M  41 COMPLD
;

   "Dt001B_OME01" 12-12-29 16:20:46
A  0001281866 REPT EVT OC192
   "OC192-1-9-1:T-OPR-OCH,TC,12-29,16-20-46,NEND,RCV,-11.32,3,1-UNT:\"T-OPR-OCH\":0100000000-0000-0000,:YEAR=2012,MODE=SDH"
;<<RTRV-HDR keep alive sent>>
IP 42
<

   "Dt001B_OME01" 12-12-29 16:22:26
M  42 COMPLD
;<<RTRV-HDR keep alive sent>>
IP 43
<

   "Dt001B_OME01" 12-12-29 16:24:26
M  43 COMPLD
;<<RTRV-HDR keep alive sent>>
IP 44
<

   "Dt001B_OME01" 12-12-29 16:26:26
M  44 COMPLD
;<<RTRV-HDR keep alive sent>>
IP 45
<

   "Dt001B_OME01" 12-12-29 16:28:26
M  45 COMPLD
;<<RTRV-HDR keep alive sent>>
IP 46
<

   "Dt001B_OME01" 12-12-29 16:30:27
M  46 COMPLD
;

   "Dt001B_OME01" 12-12-29 16:30:53
A  0001281867 REPT EVT LOG
   "DATE=12-12-29,TIME=16-30-53:USERID=SNSCRIPT,PRIORITY=GEN_TL1_CMD,STATUS=COMPLD:ACT-USER:SNSCRIPT:1::::"
;

   "Dt001B_OME01" 12-12-29 16:30:54
A  0001281868 REPT EVT LOG
   "DATE=12-12-29,TIME=16-30-54:USERID=SNSCRIPT,PRIORITY=GEN_TL1_CMD,STATUS=COMPLD:CANC-USER:SNSCRIPT:1::::"
;<<RTRV-HDR keep alive sent>>
IP 47
<

   "Dt001B_OME01" 12-12-29 16:32:28
M  47 COMPLD
;<<RTRV-HDR keep alive sent>>
IP 48
<

   "Dt001B_OME01" 12-12-29 16:34:28
M  48 COMPLD
;<<RTRV-HDR keep alive sent>>
IP 49
<

   "Dt001B_OME01" 12-12-29 16:36:28
M  49 COMPLD
;<<RTRV-HDR keep alive sent>>
IP 50
<

   "Dt001B_OME01" 12-12-29 16:38:28
M  50 COMPLD
;<<RTRV-HDR keep alive sent>>
IP 51
<

   "Dt001B_OME01" 12-12-29 16:40:29
M  51 COMPLD
;<<RTRV-HDR keep alive sent>>
IP 52
<

   "Dt001B_OME01" 12-12-29 16:42:29
M  52 COMPLD
;<<RTRV-HDR keep alive sent>>
IP 53
<

   "Dt001B_OME01" 12-12-29 16:44:30
M  53 COMPLD
;

   "Dt001B_OME01" 12-12-29 16:45:49
A  0001281869 REPT EVT LOG
   "DATE=12-12-29,TIME=16-45-49:USERID=SNSCRIPT,PRIORITY=GEN_TL1_CMD,STATUS=COMPLD:ACT-USER:SNSCRIPT:1::::"
;

   "Dt001B_OME01" 12-12-29 16:45:49
A  0001281870 REPT EVT LOG
   "DATE=12-12-29,TIME=16-45-49:USERID=SNSCRIPT,PRIORITY=GEN_TL1_CMD,STATUS=COMPLD:CANC-USER:SNSCRIPT:1::::"
;<<RTRV-HDR keep alive sent>>
IP 54
<

   "Dt001B_OME01" 12-12-29 16:46:29
M  54 COMPLD
;<<RTRV-HDR keep alive sent>>
IP 55
<

   "Dt001B_OME01" 12-12-29 16:48:30
M  55 COMPLD
;<<RTRV-HDR keep alive sent>>
IP 56
<

   "Dt001B_OME01" 12-12-29 16:50:31
M  56 COMPLD
;<<RTRV-HDR keep alive sent>>
IP 57
<

   "Dt001B_OME01" 12-12-29 16:52:31
M  57 COMPLD
;<<RTRV-HDR keep alive sent>>
IP 58
<

   "Dt001B_OME01" 12-12-29 16:54:31
M  58 COMPLD
;<<RTRV-HDR keep alive sent>>
IP 59
<

   "Dt001B_OME01" 12-12-29 16:56:31
M  59 COMPLD
;