***** (re)Starting logger at Sat Dec 29 10:44:21 EST 2012*****


**** TL1 session opened at Sat Dec 29 10:44:21 EST 2012 ****


<<RTRV-HDR keep alive sent>>
ÿûÿûÿý
                                                                                
This computer system may be accessed only by authorized users.                  
The data and programs in this system are private, proprietary,                  
confidential and protected by copyright law and international                   
treaties. Unauthorized access, use, knowledge, duplication,                     
reproduction, modification, distribution, retransmission,                       
download or disclosure of any of the data and programs in this                  
system or any portion of it may result in severe civil and                      
criminal penalties and will be enforced and prosecuted to the                   
maximum extent possible under law. Employees or other Company                   
authorized users exceeding their authorizations subject                         
themselves to Company initiated disciplinary proceedings.                       
                                                                                

--- Copyright (c) 2000 - 2011 Ciena (R) Corporation. All Rights Reserved ---
|  NOTICE: This is a private computer system.                              |
|  Unauthorized access or use may lead to prosecution.                     |
|                                                                          |
|  Ciena 6500 OPTICAL                                                      |
----------------------------------------------------------------------------

/*
 * Starting Interactive TL1 Command Mode.
 * Type ? for help while constructing TL1 commands.
 * Type .? for specific parameter/keyword help.
 */


IP 2
<

   "Ehv017B_OME01" 12-12-29 15:44:22
M  2 DENY
   PLNA
   /*Privilege, Login Not Active*/
;<<ACT-USER sent, password hidden>>
IP 3
<

   "Ehv017B_OME01" 12-12-29 15:44:23
M  3 COMPLD
;RTRV-NETYPE:"Ehv017B_OME01"::4;
IP 4
<

   "Ehv017B_OME01" 12-12-29 15:44:23
M  4 COMPLD
   "CIENA,\"6500 OPTICAL\",OCP,\"REL0810Z.HD\""
;RTRV-SW-VER:"Ehv017B_OME01"::5;
IP 5
<

   "Ehv017B_OME01" 12-12-29 15:44:23
M  5 COMPLD
   "SHELF-1:REL0810Z.HD"
;RTRV-RTG-INFO:"Ehv017B_OME01"::6:::NAME="Ehv017B_OME01";
IP 6
<

   "Ehv017B_OME01" 12-12-29 15:45:04
M  6 COMPLD
   "SHELF-1::,\"Ehv017B_OME01\",0020D8DF3C00|145.145.74.77,00001600,YES"
;RTRV-SYS:"Ehv017B_OME01"::7;
IP 7
<

   "Ehv017B_OME01" 12-12-29 15:45:04
M  7 COMPLD
   "SHELF-1::ACTUALCOOLING=LOWFLOW,ACTUALPOWER=294,AINSTIMEOUT=00-05,ALMCORR=OFF,ALMHO=2.5,BAYFICINAO=FALSE,BITSMODE=SDH,CSFMCASTMAC=0180C2880001,EQPTCURRENT=40,ETHEERTH=20,ETHGFPRFI=ENABLED,ETHGFPRFIUPI=128,ETHSDTH=1,FCEERTH=20,FCSDTH=1,FIBERLOSSDETECTION=DISABLED,FILLERMGMT=ENABLED,GCC0MODE=DISABLED,GCC1MODE=DISABLED,LASEROFFFARENDFAIL=DISABLED,LINEPEVSTAT=MAN&AUTO,MAJORDEGRADETHRESH=6.00,MINCOOLING=LOWFLOW,MINORDEGRADETHRESH=3.00,MONITORFAN=ENABLED,NEMODE=SDH,OSCMODE=OSPF,PATHEBERTH=3,PATHPEVSTAT=MAN,PATHSDTH=6,PATHSWCRIT=UNEQ&SD&EBER&AIS&LOP,PROVCURRENT=40,PTHAISINSERT=AIS&LOP,SHELFSYNCH=NO,STATE=NORMAL,WANFREERTH=20,WANFRSDTH=1,WANTREERTH=20,WANTRSDTH=1"
;ALW-MSG-BROADCAST:"Ehv017B_OME01":ALL:8;
IP 8
<

   "Ehv017B_OME01" 12-12-29 15:45:05
M  8 COMPLD
;RTRV-EQPT:"Ehv017B_OME01":ALL:9;
IP 9
<

   "Ehv017B_OME01" 12-12-29 15:45:05
M  9 COMPLD
   "10G-1-6::PROVPEC=NTK526JA,CTYPE=\"OC-192/STM-64 STS-1/HO 1 Port G.709 DWDM C-Band AM1/AM2\",SNMPINDEX=671225856,PEC=NTK526JA,REL= 03A,CLEI=WMOTCM0JAB,SER=NNTMH1M103C2M,MDAT=2011-52,AGE=00-184-09-50,ONSC=00-184-08-04:IS,IDLE"
   "XC-1-7::PROVPEC=NTK557BA,CTYPE=\"X-Conn 160G+ STS-1/VC-3 Sync-ST3\",SNMPINDEX=671226880,PEC=NTK557BA,REL= 11 ,CLEI=WMIXCE0BAG,SER=NNTMH1H1043JK,MDAT=2010-26,AGE=00-159-06-43,ONSC=00-159-06-43:IS,STBYH"
   "XC-1-8::PROVPEC=NTK557BA,CTYPE=\"X-Conn 160G+ STS-1/VC-3 Sync-ST3\",SNMPINDEX=671227904,PEC=NTK557BA,REL= 05 ,CLEI=WMIXCE0BAC,SER=NNTM01W1D3LEY,MDAT=2004-38,AGE=00-317-04-29,ONSC=00-185-02-49:IS,WRKTRAF&WRKSYNC"
   "10G-1-9::PROVPEC=NTK526JA,CTYPE=\"OC-192/STM-64 STS-1/HO 1 Port G.709 DWDM C-Band AM1/AM2\",SNMPINDEX=671228928,PEC=NTK526JA,REL= 01 ,CLEI=WMOTCM0JAA,SER=NNTMH8D003Z76,MDAT=2008-05,AGE=01-314-09-00,ONSC=00-185-02-51:IS,IDLE"
   "SP-1-15::PROVPEC=NTK555AA,CTYPE=\"Processor SP\",SNMPINDEX=671235072,PEC=NTK555AA,REL= 12 ,CLEI=WMUCAJFAAC,SER=NNTMH8D001YME,MDAT=2007-30,AGE=01-364-18-58,ONSC=00-162-06-03,TCUR=17,TAVG=16:IS,"
;RTRV-OC3:"Ehv017B_OME01":OC3-1-ALL:10;
IP 10
<

   "Ehv017B_OME01" 12-12-29 15:45:06
M  10 COMPLD
;RTRV-OC12:"Ehv017B_OME01":OC12-1-ALL:11;
IP 11
<

   "Ehv017B_OME01" 12-12-29 15:45:06
M  11 COMPLD
;RTRV-OC48:"Ehv017B_OME01":OC48-1-ALL:12;
IP 12
<

   "Ehv017B_OME01" 12-12-29 15:45:06
M  12 COMPLD
;RTRV-OC192:"Ehv017B_OME01":OC192-1-ALL:13;
IP 13
<

   "Ehv017B_OME01" 12-12-29 15:45:07
M  13 COMPLD
   "OC192-1-6-1::TMGREF=Y,DCC=Y,,SDTH=6,,,,,ALS=DISABLED,DUSOVERRIDE=DISABLED,EBERTH=3,PORTMODE=SDH,UNEQMODE=VC4,,,,CLFI=\"\":IS,DISCD"
   "OC192-1-9-1::TMGREF=Y,DCC=Y,,SDTH=6,,,,,ALS=DISABLED,DUSOVERRIDE=DISABLED,EBERTH=3,PORTMODE=SDH,UNEQMODE=VC4,,,,CLFI=\"\":IS,DISCD"
;RTRV-ETH:"Ehv017B_OME01":ETH-1-ALL:14;
IP 14
<

   "Ehv017B_OME01" 12-12-29 15:45:07
M  14 COMPLD
;RTRV-ETH10G:"Ehv017B_OME01":ETH10G-1-ALL:15;
IP 15
<

   "Ehv017B_OME01" 12-12-29 15:45:07
M  15 COMPLD
;RTRV-ETH100:"Ehv017B_OME01":ETH100-1-ALL:16;
IP 16
<

   "Ehv017B_OME01" 12-12-29 15:45:08
M  16 COMPLD
;RTRV-WAN:"Ehv017B_OME01":WAN-1-ALL:17;
IP 17
<

   "Ehv017B_OME01" 12-12-29 15:45:08
M  17 COMPLD
;RTRV-VCS:"Ehv017B_OME01":VCS-1-ALL:18;
IP 18
<

   "Ehv017B_OME01" 12-12-29 15:45:08
M  18 COMPLD
;RTRV-VCE:"Ehv017B_OME01":VCE-1-ALL:19;
IP 19
<

   "Ehv017B_OME01" 12-12-29 15:45:09
M  19 COMPLD
;RTRV-VCEMAP:"Ehv017B_OME01":VCEMAP-1-ALL:20;
IP 20
<

   "Ehv017B_OME01" 12-12-29 15:45:09
M  20 COMPLD
;RTRV-CRS-ALL:"Ehv017B_OME01"::21:::CKTID=ALL;
IP 21
<

   "Ehv017B_OME01" 12-12-29 15:45:09
M  21 COMPLD
;RTRV-AD-ALL:"Ehv017B_OME01"::22;
IP 22
<

   "Ehv017B_OME01" 12-12-29 15:45:10
M  22 COMPLD
   "OC192-1-6-1:TYP-SH-SL-PRT,LINE:TX_VERSION=\"2\",TX_TAG=\"AD_2_00:20:d8:df:3c:00_001_000_006_000_001_ME_1\",RX_VERSION=\"2\",RX_ACTUAL=\"AD_2_00:20:d8:df:3c:55_001_000_009_000_001_ME_1\",RX_EXPECTED=\"\",RECONFIG=DISABLE,RX_RELIABILITY=RELIABLE,MECHANISM=IIH"
   "ADJ-1-6-1:TYP-SH-SL-PRT,PHYS:TX_VERSION=\"2\",TX_TAG=\"Ehv017B_OME01-1-6-1\",RX_VERSION=\"2\",RX_ACTUAL=\"\",RX_EXPECTED=\"\",RECONFIG=DISABLE,RX_RELIABILITY=UNRELIABLE,MECHANISM=DERIVED"
   "OC192-1-9-1:TYP-SH-SL-PRT,LINE:TX_VERSION=\"2\",TX_TAG=\"AD_2_00:20:d8:df:3c:00_001_000_009_000_001_ME_1\",RX_VERSION=\"2\",RX_ACTUAL=\"AD_2_80:17:7d:e7:74:8a_001_000_024_000_001_ME_1\",RX_EXPECTED=\"\",RECONFIG=DISABLE,RX_RELIABILITY=RELIABLE,MECHANISM=IIH"
   "ADJ-1-9-1:TYP-SH-SL-PRT,PHYS:TX_VERSION=\"2\",TX_TAG=\"Ehv017B_OME01-1-9-1\",RX_VERSION=\"2\",RX_ACTUAL=\"\",RX_EXPECTED=\"\",RECONFIG=DISABLE,RX_RELIABILITY=UNRELIABLE,MECHANISM=DERIVED"
;RTRV-FFP-OC192:"Ehv017B_OME01":OC192-1-ALL:23;
IP 23
<

   "Ehv017B_OME01" 12-12-29 15:45:10
M  23 COMPLD
;

   "Ehv017B_OME01" 12-12-29 15:46:01
A  0000039867 REPT EVT LOG
   "DATE=12-12-29,TIME=15-46-01:USERID=SNSCRIPT,PRIORITY=GEN_TL1_CMD,STATUS=COMPLD:ACT-USER:SNSCRIPT:1::::"
;

   "Ehv017B_OME01" 12-12-29 15:46:01
A  0000039868 REPT EVT LOG
   "DATE=12-12-29,TIME=15-46-01:USERID=OMEAMAN,PRIORITY=GEN_TL1_CMD,STATUS=COMPLD:ACT-USER:OMEAMAN:3::::"
;

   "Ehv017B_OME01" 12-12-29 15:46:01
A  0000039869 REPT EVT LOG
   "DATE=12-12-29,TIME=15-46-01:USERID=SNSCRIPT,PRIORITY=GEN_TL1_CMD,STATUS=COMPLD:CANC-USER:SNSCRIPT:1::::"
;

   "Ehv017B_OME01" 12-12-29 15:46:02
A  0000039870 REPT EVT LOG
   "DATE=12-12-29,TIME=15-46-02:USERID=OMEAMAN,PRIORITY=GEN_TL1_CMD,STATUS=COMPLD:CANC-USER:OMEAMAN:9::::"
;

   "Ehv017B_OME01" 12-12-29 15:46:04
A  0000039871 REPT EVT LOG
   "DATE=12-12-29,TIME=15-46-04:USERID=OMEAMAN,PRIORITY=GEN_TL1_CMD,STATUS=COMPLD:ACT-USER:OMEAMAN:2::::"
;

   "Ehv017B_OME01" 12-12-29 15:46:07
A  0000039872 REPT EVT LOG
   "DATE=12-12-29,TIME=15-46-07:USERID=OMEAMAN,PRIORITY=GEN_TL1_CMD,STATUS=COMPLD:RTRV-ATTR-CSA::8::::"
;

   "Ehv017B_OME01" 12-12-29 15:46:09
A  0000039873 REPT EVT LOG
   "DATE=12-12-29,TIME=15-46-09:USERID=OMEAMAN,PRIORITY=GEN_TL1_CMD,STATUS=COMPLD:ACT-USER:OMEAMAN:3::::"
;

   "Ehv017B_OME01" 12-12-29 15:46:10
A  0000039874 REPT EVT LOG
   "DATE=12-12-29,TIME=15-46-10:USERID=OMEAMAN,PRIORITY=GEN_TL1_CMD,STATUS=COMPLD:CANC-USER:OMEAMAN:9::::"
;

   "Ehv017B_OME01" 12-12-29 15:46:12
A  0000039875 REPT DBCHG
   "DBCHGSEQ=4300,DATE=12-12-29,TIME=15-46-12,USERID=OMEAMAN,SOURCE=19,PRIORITY=GEN_TL1_CMD:ED-TOD-MODE:::SYNC=INACTIVE:"
;

   "Ehv017B_OME01" 12-12-29 15:46:12
A  0000039876 REPT EVT LOG
   "DATE=12-12-29,TIME=15-46-12:USERID=OMEAMAN,PRIORITY=GEN_TL1_CMD,STATUS=COMPLD:ACT-USER:OMEAMAN:2::::"
;

   "Ehv017B_OME01" 12-12-29 15:46:14
A  0000039877 REPT DBCHG
   "DBCHGSEQ=4301,DATE=12-12-29,TIME=15-46-14,USERID=OMEAMAN,SOURCE=20,PRIORITY=GEN_TL1_CMD:SET-TOD-SER:::SERADDRESS1=145.145.65.25,SERADDRESS2=,SERADDRESS3=,SERADDRESS4=,SERADDRESS5=:"
;

   "Ehv017B_OME01" 12-12-29 15:46:15
A  0000039878 REPT DBCHG
   "DBCHGSEQ=4302,DATE=12-12-29,TIME=15-46-15,USERID=OMEAMAN,SOURCE=21,PRIORITY=GEN_TL1_CMD:ED-DAT::12-12-29,15-46-15::"
;

   "Ehv017B_OME01" 12-12-29 15:46:15
A  0000039879 REPT DBCHG
   "DBCHGSEQ=4303,DATE=12-12-29,TIME=15-46-15,USERID=OMEAMAN,SOURCE=22,PRIORITY=GEN_TL1_CMD:ED-TOD-MODE:::SYNC=ACTIVE,POLLINGINTERVAL=1440:"
;

   "Ehv017B_OME01" 12-12-29 15:46:17
A  0000039880 REPT EVT LOG
   "DATE=12-12-29,TIME=15-46-17:USERID=OMEAMAN,PRIORITY=GEN_TL1_CMD,STATUS=COMPLD:RTRV-ATTR-CSA::8::::"
;<<RTRV-HDR keep alive sent>>
IP 24
<

   "Ehv017B_OME01" 12-12-29 15:46:23
M  24 COMPLD
;<<RTRV-HDR keep alive sent>>
IP 25
<

   "Ehv017B_OME01" 12-12-29 15:48:24
M  25 COMPLD
;<<RTRV-HDR keep alive sent>>
IP 26
<

   "Ehv017B_OME01" 12-12-29 15:50:23
M  26 COMPLD
;

   "Ehv017B_OME01" 12-12-29 15:52:14
A  0000039881 REPT EVT LOG
   "DATE=12-12-29,TIME=15-52-13:USERID=SNSCRIPT,PRIORITY=GEN_TL1_CMD,STATUS=COMPLD:ACT-USER:SNSCRIPT:1::::"
;

   "Ehv017B_OME01" 12-12-29 15:52:14
A  0000039882 REPT EVT LOG
   "DATE=12-12-29,TIME=15-52-14:USERID=SNSCRIPT,PRIORITY=GEN_TL1_CMD,STATUS=COMPLD:CANC-USER:SNSCRIPT:1::::"
;<<RTRV-HDR keep alive sent>>
IP 27
<

   "Ehv017B_OME01" 12-12-29 15:52:24
M  27 COMPLD
;<<RTRV-HDR keep alive sent>>
IP 28
<

   "Ehv017B_OME01" 12-12-29 15:54:24
M  28 COMPLD
;<<RTRV-HDR keep alive sent>>
IP 29
<

   "Ehv017B_OME01" 12-12-29 15:56:25
M  29 COMPLD
;<<RTRV-HDR keep alive sent>>
IP 30
<

   "Ehv017B_OME01" 12-12-29 15:58:26
M  30 COMPLD
;<<RTRV-HDR keep alive sent>>
IP 31
<

   "Ehv017B_OME01" 12-12-29 16:00:26
M  31 COMPLD
;

   "Ehv017B_OME01" 12-12-29 16:00:32
A  0000039883 REPT EVT LOG
   "DATE=12-12-29,TIME=16-00-32:USERID=OMEAMAN,PRIORITY=GEN_TL1_CMD,STATUS=COMPLD:ACT-USER:OMEAMAN:3::::"
;

   "Ehv017B_OME01" 12-12-29 16:00:33
A  0000039884 REPT EVT LOG
   "DATE=12-12-29,TIME=16-00-33:USERID=OMEAMAN,PRIORITY=GEN_TL1_CMD,STATUS=COMPLD:CANC-USER:OMEAMAN:9::::"
;

   "Ehv017B_OME01" 12-12-29 16:00:35
A  0000039885 REPT EVT LOG
   "DATE=12-12-29,TIME=16-00-35:USERID=OMEAMAN,PRIORITY=GEN_TL1_CMD,STATUS=COMPLD:ACT-USER:OMEAMAN:2::::"
;

   "Ehv017B_OME01" 12-12-29 16:00:37
A  0000039886 REPT EVT LOG
   "DATE=12-12-29,TIME=16-00-36:USERID=OMEAMAN,PRIORITY=GEN_TL1_CMD,STATUS=COMPLD:RTRV-ATTR-CSA::8::::"
;

   "Ehv017B_OME01" 12-12-29 16:00:39
A  0000039887 REPT DBCHG
   "DBCHGSEQ=4304,DATE=12-12-29,TIME=16-00-39,USERID=OMEAMAN,SOURCE=19,PRIORITY=GEN_TL1_CMD:ED-TOD-MODE:::SYNC=INACTIVE:"
;

   "Ehv017B_OME01" 12-12-29 16:00:41
A  0000039888 REPT DBCHG
   "DBCHGSEQ=4305,DATE=12-12-29,TIME=16-00-41,USERID=OMEAMAN,SOURCE=20,PRIORITY=GEN_TL1_CMD:SET-TOD-SER:::SERADDRESS1=145.145.65.25,SERADDRESS2=,SERADDRESS3=,SERADDRESS4=,SERADDRESS5=:"
;

   "Ehv017B_OME01" 12-12-29 16:00:43
A  0000039889 REPT DBCHG
   "DBCHGSEQ=4306,DATE=12-12-29,TIME=16-00-42,USERID=OMEAMAN,SOURCE=21,PRIORITY=GEN_TL1_CMD:ED-DAT::12-12-29,16-00-42::"
;

   "Ehv017B_OME01" 12-12-29 16:00:43
A  0000039890 REPT DBCHG
   "DBCHGSEQ=4307,DATE=12-12-29,TIME=16-00-43,USERID=OMEAMAN,SOURCE=22,PRIORITY=GEN_TL1_CMD:ED-TOD-MODE:::SYNC=ACTIVE,POLLINGINTERVAL=1440:"
;

   "Ehv017B_OME01" 12-12-29 16:01:01
A  0000039891 REPT EVT LOG
   "DATE=12-12-29,TIME=16-01-01:USERID=SNSCRIPT,PRIORITY=GEN_TL1_CMD,STATUS=COMPLD:ACT-USER:SNSCRIPT:1::::"
;

   "Ehv017B_OME01" 12-12-29 16:01:02
A  0000039892 REPT EVT LOG
   "DATE=12-12-29,TIME=16-01-02:USERID=SNSCRIPT,PRIORITY=GEN_TL1_CMD,STATUS=COMPLD:CANC-USER:SNSCRIPT:1::::"
;<<RTRV-HDR keep alive sent>>
IP 32
<

   "Ehv017B_OME01" 12-12-29 16:02:28
M  32 COMPLD
;<<RTRV-HDR keep alive sent>>
IP 33
<

   "Ehv017B_OME01" 12-12-29 16:04:28
M  33 COMPLD
;<<RTRV-HDR keep alive sent>>
IP 34
<

   "Ehv017B_OME01" 12-12-29 16:06:29
M  34 COMPLD
;<<RTRV-HDR keep alive sent>>
IP 35
<

   "Ehv017B_OME01" 12-12-29 16:08:29
M  35 COMPLD
;<<RTRV-HDR keep alive sent>>
IP 36
<

   "Ehv017B_OME01" 12-12-29 16:10:29
M  36 COMPLD
;<<RTRV-HDR keep alive sent>>
IP 37
<

   "Ehv017B_OME01" 12-12-29 16:12:29
M  37 COMPLD
;

   "Ehv017B_OME01" 12-12-29 16:14:20
A  0000039893 REPT EVT LOG
   "DATE=12-12-29,TIME=16-14-20:USERID=SNSCRIPT,PRIORITY=GEN_TL1_CMD,STATUS=COMPLD:ACT-USER:SNSCRIPT:1::::"
;

   "Ehv017B_OME01" 12-12-29 16:14:21
A  0000039894 REPT EVT LOG
   "DATE=12-12-29,TIME=16-14-21:USERID=SNSCRIPT,PRIORITY=GEN_TL1_CMD,STATUS=COMPLD:CANC-USER:SNSCRIPT:1::::"
;<<RTRV-HDR keep alive sent>>
IP 38
<

   "Ehv017B_OME01" 12-12-29 16:14:30
M  38 COMPLD
;

   "Ehv017B_OME01" 12-12-29 16:16:02
A  0000039895 REPT EVT LOG
   "DATE=12-12-29,TIME=16-16-02:USERID=SNSCRIPT,PRIORITY=GEN_TL1_CMD,STATUS=COMPLD:ACT-USER:SNSCRIPT:1::::"
;

   "Ehv017B_OME01" 12-12-29 16:16:03
A  0000039896 REPT EVT LOG
   "DATE=12-12-29,TIME=16-16-03:USERID=SNSCRIPT,PRIORITY=GEN_TL1_CMD,STATUS=COMPLD:CANC-USER:SNSCRIPT:1::::"
;<<RTRV-HDR keep alive sent>>
IP 39
<

   "Ehv017B_OME01" 12-12-29 16:16:30
M  39 COMPLD
;<<RTRV-HDR keep alive sent>>
IP 40
<

   "Ehv017B_OME01" 12-12-29 16:18:30
M  40 COMPLD
;<<RTRV-HDR keep alive sent>>
IP 41
<

   "Ehv017B_OME01" 12-12-29 16:20:30
M  41 COMPLD
;<<RTRV-HDR keep alive sent>>
IP 42
<

   "Ehv017B_OME01" 12-12-29 16:22:31
M  42 COMPLD
;<<RTRV-HDR keep alive sent>>
IP 43
<

   "Ehv017B_OME01" 12-12-29 16:24:32
M  43 COMPLD
;<<RTRV-HDR keep alive sent>>
IP 44
<

   "Ehv017B_OME01" 12-12-29 16:26:32
M  44 COMPLD
;<<RTRV-HDR keep alive sent>>
IP 45
<

   "Ehv017B_OME01" 12-12-29 16:28:32
M  45 COMPLD
;<<RTRV-HDR keep alive sent>>
IP 46
<

   "Ehv017B_OME01" 12-12-29 16:30:32
M  46 COMPLD
;

   "Ehv017B_OME01" 12-12-29 16:31:04
A  0000039897 REPT EVT LOG
   "DATE=12-12-29,TIME=16-31-04:USERID=SNSCRIPT,PRIORITY=GEN_TL1_CMD,STATUS=COMPLD:ACT-USER:SNSCRIPT:1::::"
;

   "Ehv017B_OME01" 12-12-29 16:31:05
A  0000039898 REPT EVT LOG
   "DATE=12-12-29,TIME=16-31-05:USERID=SNSCRIPT,PRIORITY=GEN_TL1_CMD,STATUS=COMPLD:CANC-USER:SNSCRIPT:1::::"
;<<RTRV-HDR keep alive sent>>
IP 47
<

   "Ehv017B_OME01" 12-12-29 16:32:33
M  47 COMPLD
;<<RTRV-HDR keep alive sent>>
IP 48
<

   "Ehv017B_OME01" 12-12-29 16:34:33
M  48 COMPLD
;<<RTRV-HDR keep alive sent>>
IP 49
<

   "Ehv017B_OME01" 12-12-29 16:36:34
M  49 COMPLD
;<<RTRV-HDR keep alive sent>>
IP 50
<

   "Ehv017B_OME01" 12-12-29 16:38:33
M  50 COMPLD
;<<RTRV-HDR keep alive sent>>
IP 51
<

   "Ehv017B_OME01" 12-12-29 16:40:34
M  51 COMPLD
;<<RTRV-HDR keep alive sent>>
IP 52
<

   "Ehv017B_OME01" 12-12-29 16:42:35
M  52 COMPLD
;<<RTRV-HDR keep alive sent>>
IP 53
<

   "Ehv017B_OME01" 12-12-29 16:44:35
M  53 COMPLD
;

   "Ehv017B_OME01" 12-12-29 16:46:04
A  0000039899 REPT EVT LOG
   "DATE=12-12-29,TIME=16-46-04:USERID=SNSCRIPT,PRIORITY=GEN_TL1_CMD,STATUS=COMPLD:ACT-USER:SNSCRIPT:1::::"
;

   "Ehv017B_OME01" 12-12-29 16:46:05
A  0000039900 REPT EVT LOG
   "DATE=12-12-29,TIME=16-46-04:USERID=SNSCRIPT,PRIORITY=GEN_TL1_CMD,STATUS=COMPLD:CANC-USER:SNSCRIPT:1::::"
;<<RTRV-HDR keep alive sent>>
IP 54
<

   "Ehv017B_OME01" 12-12-29 16:46:35
M  54 COMPLD
;<<RTRV-HDR keep alive sent>>
IP 55
<

   "Ehv017B_OME01" 12-12-29 16:48:35
M  55 COMPLD
;<<RTRV-HDR keep alive sent>>
IP 56
<

   "Ehv017B_OME01" 12-12-29 16:50:36
M  56 COMPLD
;<<RTRV-HDR keep alive sent>>
IP 57
<

   "Ehv017B_OME01" 12-12-29 16:52:36
M  57 COMPLD
;<<RTRV-HDR keep alive sent>>
IP 58
<

   "Ehv017B_OME01" 12-12-29 16:54:37
M  58 COMPLD
;<<RTRV-HDR keep alive sent>>
IP 59
<

   "Ehv017B_OME01" 12-12-29 16:56:36
M  59 COMPLD
;

   "Ehv017B_OME01" 12-12-29 16:57:29
A  0000039901 REPT EVT LOG
   "DATE=12-12-29,TIME=16-57-29:USERID=OMEAMAN,PRIORITY=GEN_TL1_CMD,STATUS=COMPLD:ACT-USER:OMEAMAN:3::::"
;

   "Ehv017B_OME01" 12-12-29 16:57:30
A  0000039902 REPT EVT LOG
   "DATE=12-12-29,TIME=16-57-30:USERID=OMEAMAN,PRIORITY=GEN_TL1_CMD,STATUS=COMPLD:CANC-USER:OMEAMAN:9::::"
;

   "Ehv017B_OME01" 12-12-29 16:57:32
A  0000039903 REPT EVT LOG
   "DATE=12-12-29,TIME=16-57-32:USERID=OMEAMAN,PRIORITY=GEN_TL1_CMD,STATUS=COMPLD:ACT-USER:OMEAMAN:2::::"
;

   "Ehv017B_OME01" 12-12-29 16:57:33
A  0000039904 REPT EVT LOG
   "DATE=12-12-29,TIME=16-57-33:USERID=OMEAMAN,PRIORITY=GEN_TL1_CMD,STATUS=COMPLD:RTRV-ATTR-CSA::8::::"
;

   "Ehv017B_OME01" 12-12-29 16:57:36
A  0000039905 REPT DBCHG
   "DBCHGSEQ=4308,DATE=12-12-29,TIME=16-57-36,USERID=OMEAMAN,SOURCE=19,PRIORITY=GEN_TL1_CMD:ED-TOD-MODE:::SYNC=INACTIVE:"
;

   "Ehv017B_OME01" 12-12-29 16:57:38
A  0000039906 REPT DBCHG
   "DBCHGSEQ=4309,DATE=12-12-29,TIME=16-57-38,USERID=OMEAMAN,SOURCE=20,PRIORITY=GEN_TL1_CMD:SET-TOD-SER:::SERADDRESS1=145.145.65.25,SERADDRESS2=,SERADDRESS3=,SERADDRESS4=,SERADDRESS5=:"
;

   "Ehv017B_OME01" 12-12-29 16:57:38
A  0000039907 REPT DBCHG
   "DBCHGSEQ=4310,DATE=12-12-29,TIME=16-57-38,USERID=OMEAMAN,SOURCE=21,PRIORITY=GEN_TL1_CMD:ED-DAT::12-12-29,16-57-38::"
;

   "Ehv017B_OME01" 12-12-29 16:57:38
A  0000039908 REPT DBCHG
   "DBCHGSEQ=4311,DATE=12-12-29,TIME=16-57-38,USERID=OMEAMAN,SOURCE=22,PRIORITY=GEN_TL1_CMD:ED-TOD-MODE:::SYNC=ACTIVE,POLLINGINTERVAL=1440:"
;