***** (re)Starting logger at Sat Dec 29 10:44:18 EST 2012*****


**** TL1 session opened at Sat Dec 29 10:44:18 EST 2012 ****


<<RTRV-HDR keep alive sent>>
ÿûÿûÿý

WARNING! This computer system and network is PRIVATE and PROPRIETARY of
[SURFnet] and may only be accesses by authorized users. Unauthorized use of
this computer system or network is strictly prohibited and may be subject
to criminal prosecution, employee discipline up to and including discharge,
or the termination of the vendor/service contracts. The owner, or its
agents, may monitor any activity or communication on the computer system or
NETWORK.

--- Copyright (c) 2000 - 2011 Ciena (R) Corporation. All Rights Reserved ---
|  NOTICE: This is a private computer system.                              |
|  Unauthorized access or use may lead to prosecution.                     |
|                                                                          |
|  Ciena 6500 OPTICAL                                                      |
----------------------------------------------------------------------------

/*
 * Starting Interactive TL1 Command Mode.
 * Type ? for help while constructing TL1 commands.
 * Type .? for specific parameter/keyword help.
 */


IP 2
<

   "Hrl001A_OME01" 12-12-29 15:44:18
M  2 DENY
   PLNA
   /*Privilege, Login Not Active*/
;<<ACT-USER sent, password hidden>>
IP 3
<

   "Hrl001A_OME01" 12-12-29 15:44:20
M  3 COMPLD
;RTRV-NETYPE:"Hrl001A_OME01"::4;
IP 4
<

   "Hrl001A_OME01" 12-12-29 15:44:20
M  4 COMPLD
   "CIENA,\"6500 OPTICAL\",OCP,\"REL0810Z.HD\""
;RTRV-SW-VER:"Hrl001A_OME01"::5;
IP 5
<

   "Hrl001A_OME01" 12-12-29 15:44:21
M  5 COMPLD
   "SHELF-1:REL0810Z.HD"
;RTRV-RTG-INFO:"Hrl001A_OME01"::6:::NAME="Hrl001A_OME01";
IP 6
<

   "Hrl001A_OME01" 12-12-29 15:44:53
M  6 COMPLD
   "SHELF-1::,\"Hrl001A_OME01\",0020D8DF3C32|145.145.74.73,00001600,YES"
;RTRV-SYS:"Hrl001A_OME01"::7;
IP 7
<

   "Hrl001A_OME01" 12-12-29 15:44:53
M  7 COMPLD
   "SHELF-1::ACTUALCOOLING=LOWFLOW,ACTUALPOWER=372,AINSTIMEOUT=00-05,ALMCORR=OFF,ALMHO=2.5,BAYFICINAO=FALSE,BITSMODE=SDH,CSFMCASTMAC=0180C2880001,EQPTCURRENT=40,ETHEERTH=20,ETHGFPRFI=ENABLED,ETHGFPRFIUPI=128,ETHSDTH=1,FCEERTH=20,FCSDTH=1,FIBERLOSSDETECTION=DISABLED,FILLERMGMT=ENABLED,GCC0MODE=IISIS,GCC1MODE=DISABLED,LASEROFFFARENDFAIL=DISABLED,LINEPEVSTAT=MAN&AUTO,MAJORDEGRADETHRESH=6.00,MINCOOLING=LOWFLOW,MINORDEGRADETHRESH=3.00,MONITORFAN=ENABLED,NEMODE=SDH,OSCMODE=OSPF,PATHEBERTH=3,PATHPEVSTAT=MAN,PATHSDTH=6,PATHSWCRIT=UNEQ&SD&EBER&AIS&LOP,PROVCURRENT=40,PTHAISINSERT=AIS&LOP,SHELFSYNCH=NO,STATE=NORMAL,WANFREERTH=20,WANFRSDTH=1,WANTREERTH=20,WANTRSDTH=1"
;ALW-MSG-BROADCAST:"Hrl001A_OME01":ALL:8;
IP 8
<

   "Hrl001A_OME01" 12-12-29 15:44:54
M  8 COMPLD
;RTRV-EQPT:"Hrl001A_OME01":ALL:9;
IP 9
<

   "Hrl001A_OME01" 12-12-29 15:44:54
M  9 COMPLD
   "GE-1-1::PROVPEC=NTK535LA,CTYPE=\"GE EPL 4 Port SFP\",PEC=NTK535LA,REL= 03 ,CLEI=WMOTAJ4JAC,SER=NNTMH8Z000PO4,MDAT=2006-03,AGE=05-025-19-24,ONSC=01-095-06-11:IS,ACT"
   "PGEFC200-1-1-1::PROVPEC=NTTP06AF,CTYPE=\"GE SX/FC100/FC200 Mx 850nm LC SFP\",PEC=NTTP06AF,REL=05,CLEI=WMOTCWVJAA,SER=BP0941960151    :IS,ACT"
   "PGEFC200-1-1-2::PROVPEC=NTTP06AF,CTYPE=\"GE SX/FC100/FC200 Mx 850nm LC SFP\",PEC=NTTP06AF,REL=05,CLEI=WMOTCWVJAA,SER=BP1047960289    :IS,ACT"
   "PGEFC-1-1-3::PROVPEC=NTTP01CF,CTYPE=\"GE LX [10k]/FC100 SM 1310nm LC SFP\",PEC=NTTP01CF,REL=01,CLEI=WMOTAH1JAA,SER=EXLGJPM6T5030316:IS,ACT"
   "PGEFC200-1-1-4::PROVPEC=NTTP06CF,CTYPE=\"GE LX [10k]/FC100/FC200 SM 1310nm LC SFP\",PEC=NTTP06CF,REL=05,CLEI=WMOTCWUJAA,SER=BP1037080619    :IS,ACT"
   "GE-1-2::PROVPEC=NTK535LA,CTYPE=\"GE EPL 4 Port SFP\",PEC=NTK535LA,REL=06  ,CLEI=WMOTAJ4JAD,SER=NNTMH1U101FIT,MDAT=2008-33,AGE=00-029-13-38,ONSC=00-029-11-59:IS,ACT"
   "PGEFC200-1-2-1::PROVPEC=NTTP06AF,CTYPE=\"GE SX/FC100/FC200 Mx 850nm LC SFP\",PEC=NTTP06AF,REL=05,CLEI=WMOTCWVJAA,SER=BP0937630008    :IS,IDLE"
   "PGEFC200-1-2-2::PROVPEC=NTTP06AF,CTYPE=\"GE SX/FC100/FC200 Mx 850nm LC SFP\",PEC=NTTP06AF,REL=05,CLEI=WMOTCWVJAA,SER=BP0941960091    :IS,IDLE"
   "PGEFC-1-2-3::PROVPEC=NTTP01CF,CTYPE=\"GE LX [10k]/FC100 SM 1310nm LC SFP\",PEC=NTTP01CF,REL=01,CLEI=WMOTAH1JAA,SER=EXLGJP9351590261:IS,ACT"
   "PGEFC200-1-2-4::PROVPEC=NTTP06CF,CTYPE=\"GE LX [10k]/FC100/FC200 SM 1310nm LC SFP\",PEC=NTTP06CF,REL=05,CLEI=WMOTCWUJAA,SER=100011830335    :IS,ACT"
>

   "Hrl001A_OME01" 12-12-29 15:44:55
M  9 COMPLD
   "10G-1-6::PROVPEC=NTK526JA,CTYPE=\"OC-192/STM-64 STS-1/HO 1 Port G.709 DWDM C-Band AM1/AM2\",PEC=NTK526JA,REL= 01 ,CLEI=WMOTCM0JAA,SER=NNTMH83002WHE,MDAT=2007-27,AGE=01-095-06-09,ONSC=01-095-06-09:IS,ACT"
   "XC-1-7::PROVPEC=NTK557BA,CTYPE=\"X-Conn 160G+ STS-1/VC-3 Sync-ST3\",PEC=NTK557BA,REL= 05 ,CLEI=WMIXCE0BAC,SER=NNTM01Z1D3PEL,MDAT=2004-39,AGE=01-205-14-41,ONSC=01-095-06-09:IS,WRKTRAF&WRKSYNC"
   "XC-1-8::PROVPEC=NTK557BA,CTYPE=\"X-Conn 160G+ STS-1/VC-3 Sync-ST3\",PEC=NTK557BA,REL= 05 ,CLEI=WMIXCE0BAC,SER=NNTM0191D3L6R,MDAT=2004-38,AGE=01-205-14-41,ONSC=01-095-06-09:IS,STBYH"
   "10G-1-9::PROVPEC=NTK526JA,CTYPE=\"OC-192/STM-64 STS-1/HO 1 Port G.709 DWDM C-Band AM1/AM2\",PEC=NTK526JA,REL= 01 ,CLEI=WMOTCM0JAA,SER=NNTMH80004OFV,MDAT=2008-19,AGE=00-113-15-23,ONSC=00-109-13-43:IS,ACT"
   "SP-1-15::PROVPEC=NTK555AA,CTYPE=\"Processor SP\",PEC=NTK555AA,REL= 05 ,CLEI=WMUCAJFAAB,SER=NNTM01F1D3S1F,MDAT=2004-42,AGE=01-095-06-15,ONSC=01-095-06-15,TCUR=24,TAVG=23:IS,"
;RTRV-OC3:"Hrl001A_OME01":OC3-1-ALL:10;
IP 10
<

   "Hrl001A_OME01" 12-12-29 15:44:55
M  10 COMPLD
;RTRV-OC12:"Hrl001A_OME01":OC12-1-ALL:11;
IP 11
<

   "Hrl001A_OME01" 12-12-29 15:44:55
M  11 COMPLD
;RTRV-OC48:"Hrl001A_OME01":OC48-1-ALL:12;
IP 12
<

   "Hrl001A_OME01" 12-12-29 15:44:56
M  12 COMPLD
;RTRV-OC192:"Hrl001A_OME01":OC192-1-ALL:13;
IP 13
<

   "Hrl001A_OME01" 12-12-29 15:44:56
M  13 COMPLD
   "OC192-1-6-1::TMGREF=Y,DCC=Y,,SDTH=6,,,,,ALS=DISABLED,DUSOVERRIDE=DISABLED,EBERTH=3,PORTMODE=SDH,UNEQMODE=VC4,,,,CLFI=\"\":IS,"
   "OC192-1-9-1::TMGREF=Y,DCC=Y,,SDTH=6,,,,,ALS=DISABLED,DUSOVERRIDE=DISABLED,EBERTH=3,PORTMODE=SDH,UNEQMODE=VC4,,,,CLFI=\"\":IS,"
;RTRV-ETH:"Hrl001A_OME01":ETH-1-ALL:14;
IP 14
<

   "Hrl001A_OME01" 12-12-29 15:44:58
M  14 COMPLD
   "ETH-1-1-1::AN=ENABLE,ANSTATUS=COMPLETED,ANETHDPX=FULL,ANSPEED=1000,ANPAUSETX=DISABLE,ANPAUSERX=DISABLE,ADVETHDPX=FULL,ADVSPEED=1000,ADVFLOWCTRL=NONE,ETHDPX=FULL,SPEED=1000,FLOWCTRL=NONE,PAUSETX=DISABLE,PAUSERX=DISABLE,PAUSERXOVERRIDE=ENABLE,MTU=9600,TXCON=ENABLE,PASSCTRL=DISABLE,PAUSETXOVERRIDE=DISABLE,RXIDLE=0,CFPRF=CFPRF-1-4,PHYSADDR=00140D034D4F,CLFI=\"\":IS"
   "ETH-1-1-2::AN=ENABLE,ANSTATUS=COMPLETED,ANETHDPX=FULL,ANSPEED=1000,ANPAUSETX=DISABLE,ANPAUSERX=DISABLE,ADVETHDPX=FULL,ADVSPEED=1000,ADVFLOWCTRL=NONE,ETHDPX=FULL,SPEED=1000,FLOWCTRL=NONE,PAUSETX=DISABLE,PAUSERX=DISABLE,PAUSERXOVERRIDE=ENABLE,MTU=9600,TXCON=ENABLE,PASSCTRL=DISABLE,PAUSETXOVERRIDE=DISABLE,RXIDLE=0,CFPRF=CFPRF-1-4,PHYSADDR=00140D034D50,CLFI=\"\":IS"
   "ETH-1-1-3::AN=ENABLE,ANSTATUS=COMPLETED,ANETHDPX=FULL,ANSPEED=1000,ANPAUSETX=DISABLE,ANPAUSERX=DISABLE,ADVETHDPX=FULL,ADVSPEED=1000,ADVFLOWCTRL=NONE,ETHDPX=FULL,SPEED=1000,FLOWCTRL=NONE,PAUSETX=DISABLE,PAUSERX=DISABLE,PAUSERXOVERRIDE=ENABLE,MTU=9600,TXCON=ENABLE,PASSCTRL=DISABLE,PAUSETXOVERRIDE=DISABLE,RXIDLE=0,CFPRF=CFPRF-1-4,PHYSADDR=00140D034D51,CLFI=\"\":IS"
   "ETH-1-1-4::AN=ENABLE,ANSTATUS=COMPLETED,ANETHDPX=FULL,ANSPEED=1000,ANPAUSETX=DISABLE,ANPAUSERX=DISABLE,ADVETHDPX=FULL,ADVSPEED=1000,ADVFLOWCTRL=BOTH,ETHDPX=FULL,SPEED=1000,FLOWCTRL=NONE,PAUSETX=DISABLE,PAUSERX=DISABLE,PAUSERXOVERRIDE=ENABLE,MTU=9600,TXCON=ENABLE,PASSCTRL=DISABLE,PAUSETXOVERRIDE=DISABLE,RXIDLE=0,CFPRF=CFPRF-1-4,PHYSADDR=00140D034D52,CLFI=\"\":IS"
>

   "Hrl001A_OME01" 12-12-29 15:44:58
M  14 COMPLD
   "ETH-1-2-1::AN=ENABLE,ANSTATUS=INPROGRESS,ANETHDPX=UNKNOWN,ANSPEED=UNKNOWN,ANPAUSETX=UNKNOWN,ANPAUSERX=UNKNOWN,ADVETHDPX=UNKNOWN,ADVSPEED=UNKNOWN,ADVFLOWCTRL=UNKNOWN,ETHDPX=FULL,SPEED=1000,FLOWCTRL=NONE,PAUSETX=DISABLE,PAUSERX=DISABLE,PAUSERXOVERRIDE=ENABLE,MTU=9600,TXCON=ENABLE,PASSCTRL=DISABLE,PAUSETXOVERRIDE=DISABLE,RXIDLE=0,CFPRF=CFPRF-1-4,PHYSADDR=0021E1D49724,CLFI=\"\":OOS-MA,DISCD"
   "ETH-1-2-2::AN=ENABLE,ANSTATUS=INPROGRESS,ANETHDPX=UNKNOWN,ANSPEED=UNKNOWN,ANPAUSETX=UNKNOWN,ANPAUSERX=UNKNOWN,ADVETHDPX=UNKNOWN,ADVSPEED=UNKNOWN,ADVFLOWCTRL=UNKNOWN,ETHDPX=FULL,SPEED=1000,FLOWCTRL=NONE,PAUSETX=DISABLE,PAUSERX=DISABLE,PAUSERXOVERRIDE=ENABLE,MTU=9600,TXCON=ENABLE,PASSCTRL=DISABLE,PAUSETXOVERRIDE=DISABLE,RXIDLE=0,CFPRF=CFPRF-1-4,PHYSADDR=0021E1D49725,CLFI=\"\":OOS-MA,DISCD"
   "ETH-1-2-3::AN=ENABLE,ANSTATUS=COMPLETED,ANETHDPX=FULL,ANSPEED=1000,ANPAUSETX=DISABLE,ANPAUSERX=DISABLE,ADVETHDPX=FULL,ADVSPEED=1000,ADVFLOWCTRL=NONE,ETHDPX=FULL,SPEED=1000,FLOWCTRL=NONE,PAUSETX=DISABLE,PAUSERX=DISABLE,PAUSERXOVERRIDE=ENABLE,MTU=9600,TXCON=ENABLE,PASSCTRL=DISABLE,PAUSETXOVERRIDE=DISABLE,RXIDLE=0,CFPRF=CFPRF-1-4,PHYSADDR=0021E1D49726,CLFI=\"\":IS"
   "ETH-1-2-4::AN=ENABLE,ANSTATUS=COMPLETED,ANETHDPX=FULL,ANSPEED=1000,ANPAUSETX=DISABLE,ANPAUSERX=DISABLE,ADVETHDPX=FULL,ADVSPEED=1000,ADVFLOWCTRL=NONE,ETHDPX=FULL,SPEED=1000,FLOWCTRL=NONE,PAUSETX=DISABLE,PAUSERX=DISABLE,PAUSERXOVERRIDE=ENABLE,MTU=9600,TXCON=ENABLE,PASSCTRL=DISABLE,PAUSETXOVERRIDE=DISABLE,RXIDLE=0,CFPRF=CFPRF-1-4,PHYSADDR=0021E1D49727,CLFI=\"\":IS"
>

   "Hrl001A_OME01" 12-12-29 15:44:58
M  14 COMPLD
;RTRV-ETH10G:"Hrl001A_OME01":ETH10G-1-ALL:15;
IP 15
<

   "Hrl001A_OME01" 12-12-29 15:44:58
M  15 COMPLD
;RTRV-ETH100:"Hrl001A_OME01":ETH100-1-ALL:16;
IP 16
<

   "Hrl001A_OME01" 12-12-29 15:44:59
M  16 COMPLD
;RTRV-WAN:"Hrl001A_OME01":WAN-1-ALL:17;
IP 17
<

   "Hrl001A_OME01" 12-12-29 15:45:01
M  17 COMPLD
   "WAN-1-1-1::MAPPING=GFP-F,RATE=STS3C,VCAT=ENABLE,LCAS=DISABLE,PROVUNITS=7,ACTUALUNITS=7,MAGICNUM=DISABLE,LCM=DISABLE,NCP=NONE,MODE=SDH,FCS=32,SCRAMBLE=ENABLE,LANFCS=ENABLE,RTDELAY=5531,CONDTYPE=GFPCMF,GFPRFI=ENABLE,AVLBLRATE=STS3C,PROVRXUNITS=7,GFPRTDELAY=ENABLE,MAXVCDEL=14000,CURRVCDEL=0,ACTUALRXUNITS=7:IS"
   "WAN-1-1-2::MAPPING=GFP-F,RATE=STS3C,VCAT=ENABLE,LCAS=DISABLE,PROVUNITS=7,ACTUALUNITS=7,MAGICNUM=DISABLE,LCM=DISABLE,NCP=NONE,MODE=SDH,FCS=32,SCRAMBLE=ENABLE,LANFCS=ENABLE,RTDELAY=575,CONDTYPE=GFPCMF,GFPRFI=ENABLE,AVLBLRATE=STS3C,PROVRXUNITS=7,GFPRTDELAY=ENABLE,MAXVCDEL=14000,CURRVCDEL=0,ACTUALRXUNITS=7:IS"
   "WAN-1-1-3::MAPPING=GFP-F,RATE=STS3C,VCAT=ENABLE,LCAS=DISABLE,PROVUNITS=7,ACTUALUNITS=UNKNOWN,MAGICNUM=DISABLE,LCM=DISABLE,NCP=NONE,MODE=SDH,FCS=32,SCRAMBLE=ENABLE,LANFCS=ENABLE,RTDELAY=UNKNOWN,CONDTYPE=GFPCMF,GFPRFI=ENABLE,AVLBLRATE=STS3C,PROVRXUNITS=7,GFPRTDELAY=ENABLE,MAXVCDEL=UNKNOWN,CURRVCDEL=UNKNOWN,ACTUALRXUNITS=UNKNOWN:IS"
   "WAN-1-1-4::MAPPING=GFP-F,RATE=STS3C,VCAT=ENABLE,LCAS=DISABLE,PROVUNITS=7,ACTUALUNITS=UNKNOWN,MAGICNUM=DISABLE,LCM=DISABLE,NCP=NONE,MODE=SDH,FCS=32,SCRAMBLE=ENABLE,LANFCS=ENABLE,RTDELAY=UNKNOWN,CONDTYPE=GFPCMF,GFPRFI=ENABLE,AVLBLRATE=STS3C,PROVRXUNITS=7,GFPRTDELAY=ENABLE,MAXVCDEL=UNKNOWN,CURRVCDEL=UNKNOWN,ACTUALRXUNITS=UNKNOWN:IS"
   "WAN-1-2-1::MAPPING=GFP-F,RATE=NONE,VCAT=ENABLE,LCAS=DISABLE,PROVUNITS=0,ACTUALUNITS=0,MAGICNUM=DISABLE,LCM=DISABLE,NCP=NONE,MODE=SDH,FCS=32,SCRAMBLE=ENABLE,LANFCS=ENABLE,RTDELAY=UNKNOWN,CONDTYPE=GFPCMF,GFPRFI=ENABLE,AVLBLRATE=STS1HO/STS1LO/STS3C,PROVRXUNITS=0,GFPRTDELAY=ENABLE,MAXVCDEL=14000,CURRVCDEL=0,ACTUALRXUNITS=0:OOS-MA,DISCD"
>

   "Hrl001A_OME01" 12-12-29 15:45:01
M  17 COMPLD
   "WAN-1-2-2::MAPPING=GFP-F,RATE=NONE,VCAT=ENABLE,LCAS=DISABLE,PROVUNITS=0,ACTUALUNITS=0,MAGICNUM=DISABLE,LCM=DISABLE,NCP=NONE,MODE=SDH,FCS=32,SCRAMBLE=ENABLE,LANFCS=ENABLE,RTDELAY=UNKNOWN,CONDTYPE=GFPCMF,GFPRFI=ENABLE,AVLBLRATE=STS1HO/STS1LO/STS3C,PROVRXUNITS=0,GFPRTDELAY=ENABLE,MAXVCDEL=14000,CURRVCDEL=0,ACTUALRXUNITS=0:OOS-MA,DISCD"
   "WAN-1-2-3::MAPPING=GFP-F,RATE=STS3C,VCAT=ENABLE,LCAS=DISABLE,PROVUNITS=7,ACTUALUNITS=7,MAGICNUM=DISABLE,LCM=DISABLE,NCP=NONE,MODE=SDH,FCS=32,SCRAMBLE=ENABLE,LANFCS=ENABLE,RTDELAY=934,CONDTYPE=GFPCMF,GFPRFI=ENABLE,AVLBLRATE=STS3C,PROVRXUNITS=7,GFPRTDELAY=ENABLE,MAXVCDEL=14000,CURRVCDEL=0,ACTUALRXUNITS=7:IS"
   "WAN-1-2-4::MAPPING=GFP-F,RATE=STS3C,VCAT=ENABLE,LCAS=DISABLE,PROVUNITS=7,ACTUALUNITS=7,MAGICNUM=DISABLE,LCM=DISABLE,NCP=NONE,MODE=SDH,FCS=32,SCRAMBLE=ENABLE,LANFCS=ENABLE,RTDELAY=566,CONDTYPE=GFPCMF,GFPRFI=ENABLE,AVLBLRATE=STS3C,PROVRXUNITS=7,GFPRTDELAY=ENABLE,MAXVCDEL=14000,CURRVCDEL=0,ACTUALRXUNITS=7:IS"
;RTRV-VCS:"Hrl001A_OME01":VCS-1-ALL:18;
IP 18
<

   "Hrl001A_OME01" 12-12-29 15:45:02
M  18 COMPLD
;RTRV-VCE:"Hrl001A_OME01":VCE-1-ALL:19;
IP 19
<

   "Hrl001A_OME01" 12-12-29 15:45:02
M  19 COMPLD
;RTRV-VCEMAP:"Hrl001A_OME01":VCEMAP-1-ALL:20;
IP 20
<

   "Hrl001A_OME01" 12-12-29 15:45:03
M  20 COMPLD
;RTRV-CRS-ALL:"Hrl001A_OME01"::21:::CKTID=ALL;
IP 21
<

   "Hrl001A_OME01" 12-12-29 15:45:03
M  21 COMPLD
   "STS3C-1-6-1-64,STS3C-1-1-4-1:2WAY:PRIMARYXC=SHELF,PRIME=OSS,CKTID=\"0043IR1_Hrl01-Mt01_HSZuyd(@OU Hrl01)\":STS3C:"
   "STS3C-1-6-1-67,STS3C-1-1-4-4:2WAY:PRIMARYXC=SHELF,PRIME=OSS,CKTID=\"0043IR1_Hrl01-Mt01_HSZuyd(@OU Hrl01)\":STS3C:"
   "STS3C-1-6-1-70,STS3C-1-1-4-7:2WAY:PRIMARYXC=SHELF,PRIME=OSS,CKTID=\"0043IR1_Hrl01-Mt01_HSZuyd(@OU Hrl01)\":STS3C:"
   "STS3C-1-6-1-73,STS3C-1-1-4-10:2WAY:PRIMARYXC=SHELF,PRIME=OSS,CKTID=\"0043IR1_Hrl01-Mt01_HSZuyd(@OU Hrl01)\":STS3C:"
   "STS3C-1-6-1-76,STS3C-1-1-4-13:2WAY:PRIMARYXC=SHELF,PRIME=OSS,CKTID=\"0043IR1_Hrl01-Mt01_HSZuyd(@OU Hrl01)\":STS3C:"
   "STS3C-1-6-1-79,STS3C-1-1-4-16:2WAY:PRIMARYXC=SHELF,PRIME=OSS,CKTID=\"0043IR1_Hrl01-Mt01_HSZuyd(@OU Hrl01)\":STS3C:"
   "STS3C-1-6-1-82,STS3C-1-1-4-19:2WAY:PRIMARYXC=SHELF,PRIME=OSS,CKTID=\"0043IR1_Hrl01-Mt01_HSZuyd(@OU Hrl01)\":STS3C:"
   "STS3C-1-6-1-1,STS3C-1-1-3-1:2WAY:PRIMARYXC=SHELF,PRIME=OSS,CKTID=\"0041IR1_Hrl01-Mt01_SVOPL(@OU Hrl01)\":STS3C:"
   "STS3C-1-6-1-4,STS3C-1-1-3-4:2WAY:PRIMARYXC=SHELF,PRIME=OSS,CKTID=\"0041IR1_Hrl01-Mt01_SVOPL(@OU Hrl01)\":STS3C:"
   "STS3C-1-6-1-7,STS3C-1-1-3-7:2WAY:PRIMARYXC=SHELF,PRIME=OSS,CKTID=\"0041IR1_Hrl01-Mt01_SVOPL(@OU Hrl01)\":STS3C:"
   "STS3C-1-6-1-10,STS3C-1-1-3-10:2WAY:PRIMARYXC=SHELF,PRIME=OSS,CKTID=\"0041IR1_Hrl01-Mt01_SVOPL(@OU Hrl01)\":STS3C:"
   "STS3C-1-6-1-13,STS3C-1-1-3-13:2WAY:PRIMARYXC=SHELF,PRIME=OSS,CKTID=\"0041IR1_Hrl01-Mt01_SVOPL(@OU Hrl01)\":STS3C:"
   "STS3C-1-6-1-16,STS3C-1-1-3-16:2WAY:PRIMARYXC=SHELF,PRIME=OSS,CKTID=\"0041IR1_Hrl01-Mt01_SVOPL(@OU Hrl01)\":STS3C:"
   "STS3C-1-6-1-19,STS3C-1-1-3-19:2WAY:PRIMARYXC=SHELF,PRIME=OSS,CKTID=\"0041IR1_Hrl01-Mt01_SVOPL(@OU Hrl01)\":STS3C:"
   "STS3C-1-6-1-22,STS3C-1-1-2-1:2WAY:PRIMARYXC=SHELF,PRIME=OSS,CKTID=\"0042IR1_Hrl01-Mt01_OU\":STS3C:"
   "STS3C-1-6-1-25,STS3C-1-1-2-4:2WAY:PRIMARYXC=SHELF,PRIME=OSS,CKTID=\"0042IR1_Hrl01-Mt01_OU\":STS3C:"
   "STS3C-1-6-1-28,STS3C-1-1-2-7:2WAY:PRIMARYXC=SHELF,PRIME=OSS,CKTID=\"0042IR1_Hrl01-Mt01_OU\":STS3C:"
   "STS3C-1-6-1-31,STS3C-1-1-2-10:2WAY:PRIMARYXC=SHELF,PRIME=OSS,CKTID=\"0042IR1_Hrl01-Mt01_OU\":STS3C:"
>

   "Hrl001A_OME01" 12-12-29 15:45:03
M  21 COMPLD
   "STS3C-1-6-1-34,STS3C-1-1-2-13:2WAY:PRIMARYXC=SHELF,PRIME=OSS,CKTID=\"0042IR1_Hrl01-Mt01_OU\":STS3C:"
   "STS3C-1-6-1-37,STS3C-1-1-2-16:2WAY:PRIMARYXC=SHELF,PRIME=OSS,CKTID=\"0042IR1_Hrl01-Mt01_OU\":STS3C:"
   "STS3C-1-6-1-40,STS3C-1-1-2-19:2WAY:PRIMARYXC=SHELF,PRIME=OSS,CKTID=\"0042IR1_Hrl01-Mt01_OU\":STS3C:"
   "STS3C-1-6-1-43,STS3C-1-1-1-1:2WAY:PRIMARYXC=SHELF,PRIME=OSS,CKTID=\"2012LR2_Hrl01-Asd02_OU-O15\":STS3C:"
   "STS3C-1-6-1-46,STS3C-1-1-1-4:2WAY:PRIMARYXC=SHELF,PRIME=OSS,CKTID=\"2012LR2_Hrl01-Asd02_OU-O15\":STS3C:"
   "STS3C-1-6-1-49,STS3C-1-1-1-7:2WAY:PRIMARYXC=SHELF,PRIME=OSS,CKTID=\"2012LR2_Hrl01-Asd02_OU-O15\":STS3C:"
   "STS3C-1-6-1-52,STS3C-1-1-1-10:2WAY:PRIMARYXC=SHELF,PRIME=OSS,CKTID=\"2012LR2_Hrl01-Asd02_OU-O15\":STS3C:"
   "STS3C-1-6-1-55,STS3C-1-1-1-13:2WAY:PRIMARYXC=SHELF,PRIME=OSS,CKTID=\"2012LR2_Hrl01-Asd02_OU-O15\":STS3C:"
   "STS3C-1-6-1-58,STS3C-1-1-1-16:2WAY:PRIMARYXC=SHELF,PRIME=OSS,CKTID=\"2012LR2_Hrl01-Asd02_OU-O15\":STS3C:"
   "STS3C-1-6-1-61,STS3C-1-1-1-19:2WAY:PRIMARYXC=SHELF,PRIME=OSS,CKTID=\"2012LR2_Hrl01-Asd02_OU-O15\":STS3C:"
   "STS3C-1-6-1-106,STS3C-1-2-4-1:2WAYPR:SWMATE=STS3C-1-9-1-106,PRIMARYXC=SHELF,PRIME=OSS,CKTID=\"2183LP_Hrl01-Mt01_Arcus \":STS3C:"
   "STS3C-1-6-1-109,STS3C-1-2-4-4:2WAYPR:SWMATE=STS3C-1-9-1-109,PRIMARYXC=SHELF,PRIME=OSS,CKTID=\"2183LP_Hrl01-Mt01_Arcus \":STS3C:"
   "STS3C-1-6-1-112,STS3C-1-2-4-7:2WAYPR:SWMATE=STS3C-1-9-1-112,PRIMARYXC=SHELF,PRIME=OSS,CKTID=\"2183LP_Hrl01-Mt01_Arcus \":STS3C:"
   "STS3C-1-6-1-115,STS3C-1-2-4-10:2WAYPR:SWMATE=STS3C-1-9-1-115,PRIMARYXC=SHELF,PRIME=OSS,CKTID=\"2183LP_Hrl01-Mt01_Arcus \":STS3C:"
   "STS3C-1-6-1-118,STS3C-1-2-4-13:2WAYPR:SWMATE=STS3C-1-9-1-118,PRIMARYXC=SHELF,PRIME=OSS,CKTID=\"2183LP_Hrl01-Mt01_Arcus \":STS3C:"
   "STS3C-1-6-1-121,STS3C-1-2-4-16:2WAYPR:SWMATE=STS3C-1-9-1-121,PRIMARYXC=SHELF,PRIME=OSS,CKTID=\"2183LP_Hrl01-Mt01_Arcus \":STS3C:"
   "STS3C-1-6-1-124,STS3C-1-2-4-19:2WAYPR:SWMATE=STS3C-1-9-1-124,PRIMARYXC=SHELF,PRIME=OSS,CKTID=\"2183LP_Hrl01-Mt01_Arcus \":STS3C:"
   "STS3C-1-9-1-1,STS3C-1-2-3-1:2WAY:PRIMARYXC=SHELF,PRIME=OSS,CKTID=\"0041IR2_Hrl01-Mt01_SVOPL(@OU Hrl01)\":STS3C:"
>

   "Hrl001A_OME01" 12-12-29 15:45:03
M  21 COMPLD
   "STS3C-1-9-1-4,STS3C-1-2-3-4:2WAY:PRIMARYXC=SHELF,PRIME=OSS,CKTID=\"0041IR2_Hrl01-Mt01_SVOPL(@OU Hrl01)\":STS3C:"
   "STS3C-1-9-1-7,STS3C-1-2-3-7:2WAY:PRIMARYXC=SHELF,PRIME=OSS,CKTID=\"0041IR2_Hrl01-Mt01_SVOPL(@OU Hrl01)\":STS3C:"
   "STS3C-1-9-1-10,STS3C-1-2-3-10:2WAY:PRIMARYXC=SHELF,PRIME=OSS,CKTID=\"0041IR2_Hrl01-Mt01_SVOPL(@OU Hrl01)\":STS3C:"
   "STS3C-1-9-1-13,STS3C-1-2-3-13:2WAY:PRIMARYXC=SHELF,PRIME=OSS,CKTID=\"0041IR2_Hrl01-Mt01_SVOPL(@OU Hrl01)\":STS3C:"
   "STS3C-1-9-1-16,STS3C-1-2-3-16:2WAY:PRIMARYXC=SHELF,PRIME=OSS,CKTID=\"0041IR2_Hrl01-Mt01_SVOPL(@OU Hrl01)\":STS3C:"
   "STS3C-1-9-1-19,STS3C-1-2-3-19:2WAY:PRIMARYXC=SHELF,PRIME=OSS,CKTID=\"0041IR2_Hrl01-Mt01_SVOPL(@OU Hrl01)\":STS3C:"
   "STS3C-1-9-1-85,STS3C-1-6-1-85:2WAY:PRIMARYXC=SHELF,PRIME=OSS,CKTID=\"DRAC-e5429191-1342184045009\":STS3C:"
   "STS3C-1-9-1-88,STS3C-1-6-1-88:2WAY:PRIMARYXC=SHELF,PRIME=OSS,CKTID=\"DRAC-e5429191-1342184045009\":STS3C:"
   "STS3C-1-9-1-91,STS3C-1-6-1-91:2WAY:PRIMARYXC=SHELF,PRIME=OSS,CKTID=\"DRAC-e5429191-1342184045009\":STS3C:"
   "STS3C-1-9-1-94,STS3C-1-6-1-94:2WAY:PRIMARYXC=SHELF,PRIME=OSS,CKTID=\"DRAC-e5429191-1342184045009\":STS3C:"
   "STS3C-1-9-1-97,STS3C-1-6-1-97:2WAY:PRIMARYXC=SHELF,PRIME=OSS,CKTID=\"DRAC-e5429191-1342184045009\":STS3C:"
   "STS3C-1-9-1-100,STS3C-1-6-1-100:2WAY:PRIMARYXC=SHELF,PRIME=OSS,CKTID=\"DRAC-e5429191-1342184045009\":STS3C:"
   "STS3C-1-9-1-103,STS3C-1-6-1-103:2WAY:PRIMARYXC=SHELF,PRIME=OSS,CKTID=\"DRAC-e5429191-1342184045009\":STS3C:"
;RTRV-AD-ALL:"Hrl001A_OME01"::22;
IP 22
<

   "Hrl001A_OME01" 12-12-29 15:45:04
M  22 COMPLD
   "OC192-1-6-1:TYP-SH-SL-PRT,LINE:TX_VERSION=\"2\",TX_TAG=\"AD_2_00:20:d8:df:3c:32_001_000_006_000_001_ME_1\",RX_VERSION=\"2\",RX_ACTUAL=\"AD_2_00:20:d8:df:37:c9_001_000_012_000_001_ME_1\",RX_EXPECTED=\"\",RECONFIG=DISABLE,RX_RELIABILITY=RELIABLE,MECHANISM=IIH"
   "ADJ-1-6-1:TYP-SH-SL-PRT,PHYS:TX_VERSION=\"2\",TX_TAG=\"Hrl001A_OME01-1-6-1\",RX_VERSION=\"2\",RX_ACTUAL=\"\",RX_EXPECTED=\"\",RECONFIG=DISABLE,RX_RELIABILITY=UNRELIABLE,MECHANISM=DERIVED"
   "OC192-1-9-1:TYP-SH-SL-PRT,LINE:TX_VERSION=\"2\",TX_TAG=\"AD_2_00:20:d8:df:3c:32_001_000_009_000_001_ME_1\",RX_VERSION=\"2\",RX_ACTUAL=\"AD_2_00:20:d8:df:3c:46_001_000_006_000_001_ME_1\",RX_EXPECTED=\"\",RECONFIG=DISABLE,RX_RELIABILITY=RELIABLE,MECHANISM=IIH"
   "ADJ-1-9-1:TYP-SH-SL-PRT,PHYS:TX_VERSION=\"2\",TX_TAG=\"Hrl001A_OME01-1-9-1\",RX_VERSION=\"2\",RX_ACTUAL=\"\",RX_EXPECTED=\"\",RECONFIG=DISABLE,RX_RELIABILITY=UNRELIABLE,MECHANISM=DERIVED"
;RTRV-FFP-OC192:"Hrl001A_OME01":OC192-1-ALL:23;
IP 23
<

   "Hrl001A_OME01" 12-12-29 15:45:04
M  23 COMPLD
;

   "Hrl001A_OME01" 12-12-29 15:45:10
A  0000253217 REPT EVT COM
   "SP-1-15:PMFTPI,TC,12-29,15-45-10,NEND,NA,,,:\"file 'sftp://sftpuser@145.145.64.26:22//opt/nortel/omea/NE_info/pmdata/0020D8DF3C32/pm_Hrl001A_OME01_20121229154508_date_201212291530.gz' has started\",NONE:0100000000-0000-0647,:YEAR=2012,MODE=NONE,SIGLAYER=\"\""
;

   "Hrl001A_OME01" 12-12-29 15:45:23
A  0000253218 REPT EVT COM
   "SP-1-15:PMFTPC,TC,12-29,15-45-23,NEND,NA,,,:\"file 'sftp://sftpuser@145.145.64.26:22//opt/nortel/omea/NE_info/pmdata/0020D8DF3C32/pm_Hrl001A_OME01_20121229154508_date_201212291530.gz' has completed\",NONE:0100000000-0000-0648,:YEAR=2012,MODE=NONE,SIGLAYER=\"\""
;<<RTRV-HDR keep alive sent>>
IP 24
<

   "Hrl001A_OME01" 12-12-29 15:46:20
M  24 COMPLD
;

   "Hrl001A_OME01" 12-12-29 15:46:29
A  0000253219 REPT EVT LOG
   "DATE=12-12-29,TIME=15-46-29:USERID=SNSCRIPT,PRIORITY=GEN_TL1_CMD,STATUS=COMPLD:ACT-USER:SNSCRIPT:1::::"
;

   "Hrl001A_OME01" 12-12-29 15:46:29
A  0000253220 REPT EVT LOG
   "DATE=12-12-29,TIME=15-46-29:USERID=SNSCRIPT,PRIORITY=GEN_TL1_CMD,STATUS=COMPLD:CANC-USER:SNSCRIPT:1::::"
;<<RTRV-HDR keep alive sent>>
IP 25
<

   "Hrl001A_OME01" 12-12-29 15:48:21
M  25 COMPLD
;<<RTRV-HDR keep alive sent>>
IP 26
<

   "Hrl001A_OME01" 12-12-29 15:50:20
M  26 COMPLD
;<<RTRV-HDR keep alive sent>>
IP 27
<

   "Hrl001A_OME01" 12-12-29 15:52:21
M  27 COMPLD
;

   "Hrl001A_OME01" 12-12-29 15:52:57
A  0000253221 REPT EVT LOG
   "DATE=12-12-29,TIME=15-52-57:USERID=SNSCRIPT,PRIORITY=GEN_TL1_CMD,STATUS=COMPLD:ACT-USER:SNSCRIPT:1::::"
;

   "Hrl001A_OME01" 12-12-29 15:52:58
A  0000253222 REPT EVT LOG
   "DATE=12-12-29,TIME=15-52-58:USERID=SNSCRIPT,PRIORITY=GEN_TL1_CMD,STATUS=COMPLD:CANC-USER:SNSCRIPT:1::::"
;<<RTRV-HDR keep alive sent>>
IP 28
<

   "Hrl001A_OME01" 12-12-29 15:54:22
M  28 COMPLD
;<<RTRV-HDR keep alive sent>>
IP 29
<

   "Hrl001A_OME01" 12-12-29 15:56:22
M  29 COMPLD
;<<RTRV-HDR keep alive sent>>
IP 30
<

   "Hrl001A_OME01" 12-12-29 15:58:24
M  30 COMPLD
;<<RTRV-HDR keep alive sent>>
IP 31
<

   "Hrl001A_OME01" 12-12-29 16:00:24
M  31 COMPLD
;

   "Hrl001A_OME01" 12-12-29 16:01:28
A  0000253223 REPT EVT LOG
   "DATE=12-12-29,TIME=16-01-28:USERID=SNSCRIPT,PRIORITY=GEN_TL1_CMD,STATUS=COMPLD:ACT-USER:SNSCRIPT:1::::"
;

   "Hrl001A_OME01" 12-12-29 16:01:28
A  0000253224 REPT EVT LOG
   "DATE=12-12-29,TIME=16-01-28:USERID=SNSCRIPT,PRIORITY=GEN_TL1_CMD,STATUS=COMPLD:CANC-USER:SNSCRIPT:1::::"
;<<RTRV-HDR keep alive sent>>
IP 32
<

   "Hrl001A_OME01" 12-12-29 16:02:24
M  32 COMPLD
;<<RTRV-HDR keep alive sent>>
IP 33
<

   "Hrl001A_OME01" 12-12-29 16:04:25
M  33 COMPLD
;<<RTRV-HDR keep alive sent>>
IP 34
<

   "Hrl001A_OME01" 12-12-29 16:06:26
M  34 COMPLD
;<<RTRV-HDR keep alive sent>>
IP 35
<

   "Hrl001A_OME01" 12-12-29 16:08:25
M  35 COMPLD
;<<RTRV-HDR keep alive sent>>
IP 36
<

   "Hrl001A_OME01" 12-12-29 16:10:26
M  36 COMPLD
;<<RTRV-HDR keep alive sent>>
IP 37
<

   "Hrl001A_OME01" 12-12-29 16:12:27
M  37 COMPLD
;<<RTRV-HDR keep alive sent>>
IP 38
<

   "Hrl001A_OME01" 12-12-29 16:14:27
M  38 COMPLD
;

   "Hrl001A_OME01" 12-12-29 16:15:03
A  0000253225 REPT EVT LOG
   "DATE=12-12-29,TIME=16-15-03:USERID=SNSCRIPT,PRIORITY=GEN_TL1_CMD,STATUS=COMPLD:ACT-USER:SNSCRIPT:1::::"
;

   "Hrl001A_OME01" 12-12-29 16:15:04
A  0000253226 REPT EVT LOG
   "DATE=12-12-29,TIME=16-15-04:USERID=SNSCRIPT,PRIORITY=GEN_TL1_CMD,STATUS=COMPLD:CANC-USER:SNSCRIPT:1::::"
;<<RTRV-HDR keep alive sent>>
IP 39
<

   "Hrl001A_OME01" 12-12-29 16:16:28
M  39 COMPLD
;

   "Hrl001A_OME01" 12-12-29 16:16:29
A  0000253227 REPT EVT LOG
   "DATE=12-12-29,TIME=16-16-29:USERID=SNSCRIPT,PRIORITY=GEN_TL1_CMD,STATUS=COMPLD:ACT-USER:SNSCRIPT:1::::"
;

   "Hrl001A_OME01" 12-12-29 16:16:29
A  0000253228 REPT EVT LOG
   "DATE=12-12-29,TIME=16-16-29:USERID=SNSCRIPT,PRIORITY=GEN_TL1_CMD,STATUS=COMPLD:CANC-USER:SNSCRIPT:1::::"
;<<RTRV-HDR keep alive sent>>
IP 40
<

   "Hrl001A_OME01" 12-12-29 16:18:27
M  40 COMPLD
;<<RTRV-HDR keep alive sent>>
IP 41
<

   "Hrl001A_OME01" 12-12-29 16:20:28
M  41 COMPLD
;<<RTRV-HDR keep alive sent>>
IP 42
<

   "Hrl001A_OME01" 12-12-29 16:22:28
M  42 COMPLD
;<<RTRV-HDR keep alive sent>>
IP 43
<

   "Hrl001A_OME01" 12-12-29 16:24:29
M  43 COMPLD
;<<RTRV-HDR keep alive sent>>
IP 44
<

   "Hrl001A_OME01" 12-12-29 16:26:30
M  44 COMPLD
;<<RTRV-HDR keep alive sent>>
IP 45
<

   "Hrl001A_OME01" 12-12-29 16:28:29
M  45 COMPLD
;<<RTRV-HDR keep alive sent>>
IP 46
<

   "Hrl001A_OME01" 12-12-29 16:30:30
M  46 COMPLD
;

   "Hrl001A_OME01" 12-12-29 16:31:31
A  0000253229 REPT EVT LOG
   "DATE=12-12-29,TIME=16-31-31:USERID=SNSCRIPT,PRIORITY=GEN_TL1_CMD,STATUS=COMPLD:ACT-USER:SNSCRIPT:1::::"
;

   "Hrl001A_OME01" 12-12-29 16:31:31
A  0000253230 REPT EVT LOG
   "DATE=12-12-29,TIME=16-31-31:USERID=SNSCRIPT,PRIORITY=GEN_TL1_CMD,STATUS=COMPLD:CANC-USER:SNSCRIPT:1::::"
;<<RTRV-HDR keep alive sent>>
IP 47
<

   "Hrl001A_OME01" 12-12-29 16:32:30
M  47 COMPLD
;<<RTRV-HDR keep alive sent>>
IP 48
<

   "Hrl001A_OME01" 12-12-29 16:34:31
M  48 COMPLD
;<<RTRV-HDR keep alive sent>>
IP 49
<

   "Hrl001A_OME01" 12-12-29 16:36:30
M  49 COMPLD
;<<RTRV-HDR keep alive sent>>
IP 50
<

   "Hrl001A_OME01" 12-12-29 16:38:31
M  50 COMPLD
;<<RTRV-HDR keep alive sent>>
IP 51
<

   "Hrl001A_OME01" 12-12-29 16:40:33
M  51 COMPLD
;<<RTRV-HDR keep alive sent>>
IP 52
<

   "Hrl001A_OME01" 12-12-29 16:42:33
M  52 COMPLD
;<<RTRV-HDR keep alive sent>>
IP 53
<

   "Hrl001A_OME01" 12-12-29 16:44:34
M  53 COMPLD
;<<RTRV-HDR keep alive sent>>


   "Hrl001A_OME01" 12-12-29 16:46:33
A  0000253231 REPT EVT LOG
   "DATE=12-12-29,TIME=16-46-33:USERID=SNSCRIPT,PRIORITY=GEN_TL1_CMD,STATUS=COMPLD:ACT-USER:SNSCRIPT:1::::"
;IP 54
<

   "Hrl001A_OME01" 12-12-29 16:46:33
M  54 COMPLD
;

   "Hrl001A_OME01" 12-12-29 16:46:33
A  0000253232 REPT EVT LOG
   "DATE=12-12-29,TIME=16-46-33:USERID=SNSCRIPT,PRIORITY=GEN_TL1_CMD,STATUS=COMPLD:CANC-USER:SNSCRIPT:1::::"
;

   "Hrl001A_OME01" 12-12-29 16:47:41
A  0000253233 REPT EVT LOG
   "DATE=12-12-29,TIME=16-47-41:USERID=OMEAMAN,PRIORITY=GEN_TL1_CMD,STATUS=COMPLD:ACT-USER:OMEAMAN:3::::"
;

   "Hrl001A_OME01" 12-12-29 16:47:43
A  0000253234 REPT EVT LOG
   "DATE=12-12-29,TIME=16-47-43:USERID=OMEAMAN,PRIORITY=GEN_TL1_CMD,STATUS=COMPLD:CANC-USER:OMEAMAN:9::::"
;

   "Hrl001A_OME01" 12-12-29 16:47:45
A  0000253235 REPT EVT LOG
   "DATE=12-12-29,TIME=16-47-45:USERID=OMEAMAN,PRIORITY=GEN_TL1_CMD,STATUS=COMPLD:ACT-USER:OMEAMAN:2::::"
;

   "Hrl001A_OME01" 12-12-29 16:47:46
A  0000253236 REPT EVT LOG
   "DATE=12-12-29,TIME=16-47-46:USERID=OMEAMAN,PRIORITY=GEN_TL1_CMD,STATUS=COMPLD:RTRV-ATTR-CSA::8::::"
;<<RTRV-HDR keep alive sent>>
IP 55
<

   "Hrl001A_OME01" 12-12-29 16:48:34
M  55 COMPLD
;<<RTRV-HDR keep alive sent>>
IP 56
<

   "Hrl001A_OME01" 12-12-29 16:50:34
M  56 COMPLD
;<<RTRV-HDR keep alive sent>>
IP 57
<

   "Hrl001A_OME01" 12-12-29 16:52:35
M  57 COMPLD
;<<RTRV-HDR keep alive sent>>
IP 58
<

   "Hrl001A_OME01" 12-12-29 16:54:35
M  58 COMPLD
;<<RTRV-HDR keep alive sent>>
IP 59
<

   "Hrl001A_OME01" 12-12-29 16:56:35
M  59 COMPLD
;