***** (re)Starting logger at Sat Dec 29 10:44:11 EST 2012*****


**** TL1 session opened at Sat Dec 29 10:44:11 EST 2012 ****


<<RTRV-HDR keep alive sent>>
ÿûÿûÿý

WARNING! This computer system and network is PRIVATE and PROPRIETARY of
[SURFnet] and may only be accesses by authorized users. Unauthorized use of
this computer system or network is strictly prohibited and may be subject
to criminal prosecution, employee discipline up to and including discharge,
or the termination of the vendor/service contracts. The owner, or its
agents, may monitor any activity or communication on the computer system or
NETWORK.

--- Copyright (c) 2000 - 2011 Ciena (R) Corporation. All Rights Reserved ---
|  NOTICE: This is a private computer system.                              |
|  Unauthorized access or use may lead to prosecution.                     |
|                                                                          |
|  Ciena 6500 OPTICAL                                                      |
----------------------------------------------------------------------------

/*
 * Starting Interactive TL1 Command Mode.
 * Type ? for help while constructing TL1 commands.
 * Type .? for specific parameter/keyword help.
 */


IP 2
<

   "Asd003A_OME01" 12-12-29 15:44:13
M  2 DENY
   PLNA
   /*Privilege, Login Not Active*/
;<<ACT-USER sent, password hidden>>
IP 3
<

   "Asd003A_OME01" 12-12-29 15:44:16
M  3 COMPLD
;RTRV-NETYPE:"Asd003A_OME01"::4;
IP 4
<

   "Asd003A_OME01" 12-12-29 15:44:16
M  4 COMPLD
   "CIENA,\"6500 OPTICAL\",OCP,\"REL0810Z.HD\""
;RTRV-SW-VER:"Asd003A_OME01"::5;
IP 5
<

   "Asd003A_OME01" 12-12-29 15:44:17
M  5 COMPLD
   "SHELF-1:REL0810Z.HD"
;RTRV-RTG-INFO:"Asd003A_OME01"::6:::NAME="Asd003A_OME01";
IP 6
<

   "Asd003A_OME01" 12-12-29 15:44:24
M  6 COMPLD
   "SHELF-1::,\"Asd003A_OME01\",0020D8DF3747|145.145.74.112,00001600,YES"
;RTRV-SYS:"Asd003A_OME01"::7;
IP 7
<

   "Asd003A_OME01" 12-12-29 15:44:24
M  7 COMPLD
   "SHELF-1::ACTUALCOOLING=LOWFLOW,ACTUALPOWER=468,AINSTIMEOUT=00-05,ALMCORR=OFF,ALMHO=2.5,BAYFICINAO=FALSE,BITSMODE=SDH,CSFMCASTMAC=0180C2880001,EQPTCURRENT=40,ETHEERTH=20,ETHGFPRFI=ENABLED,ETHGFPRFIUPI=128,ETHSDTH=1,FCEERTH=20,FCSDTH=1,FIBERLOSSDETECTION=DISABLED,FILLERMGMT=ENABLED,GCC0MODE=IISIS,GCC1MODE=DISABLED,LASEROFFFARENDFAIL=DISABLED,LINEPEVSTAT=MAN&AUTO,MAJORDEGRADETHRESH=6.00,MINCOOLING=LOWFLOW,MINORDEGRADETHRESH=3.00,MONITORFAN=ENABLED,NEMODE=SDH,OSCMODE=OSPF,PATHEBERTH=3,PATHPEVSTAT=MAN,PATHSDTH=6,PATHSWCRIT=UNEQ&SD&EBER&AIS&LOP,PROVCURRENT=40,PTHAISINSERT=AIS&LOP,SHELFSYNCH=NO,STATE=NORMAL,WANFREERTH=20,WANFRSDTH=1,WANTREERTH=20,WANTRSDTH=1"
;ALW-MSG-BROADCAST:"Asd003A_OME01":ALL:8;
IP 8
<

   "Asd003A_OME01" 12-12-29 15:44:24
M  8 COMPLD
;RTRV-EQPT:"Asd003A_OME01":ALL:9;
IP 9
<

   "Asd003A_OME01" 12-12-29 15:44:25
M  9 COMPLD
   "GE-1-1::PROVPEC=NTK535LA,CTYPE=\"GE EPL 4 Port SFP\",SNMPINDEX=671220736,PEC=NTK535LA,REL= 02 ,CLEI=WMOTAJ4JAB,SER=NNTM01T1D3KI0,MDAT=2004-42,AGE=06-363-20-45,ONSC=02-299-08-03:IS,ACT"
   "PGEFC-1-1-1::PROVPEC=NTTP01AF,CTYPE=\"GE SX/FC100 Mx 850nm LC SFP\",SNMPINDEX=671220737,PEC=NTTP01AF,REL=01,CLEI=SOC3NNFCAA,SER=AGLTMY000055DC  :IS,ACT"
   "PGEFC-1-1-2::PROVPEC=NTTP01AF,CTYPE=\"GE SX/FC100 Mx 850nm LC SFP\",SNMPINDEX=671220738,PEC=NTTP01AF,REL=01,CLEI=SOC3NNFCAA,SER=AGLTMY00002Q69  :IS,ACT"
   "PGEFC-1-1-3::PROVPEC=NTTP01AF,CTYPE=\"GE SX/FC100 Mx 850nm LC SFP\",SNMPINDEX=671220739,PEC=NTTP01AF,REL=01,CLEI=SOC3NNFCAA,SER=AGLTMY00003XBA  :IS,ACT"
   "PGEFC-1-1-4::PROVPEC=NTTP01CF,CTYPE=\"GE LX [10k]/FC100 SM 1310nm LC SFP\",SNMPINDEX=671220740,PEC=NTTP01CF,REL=01,CLEI=WMOTAH1JAA,SER=EXLGJPD6T5030022:IS,ACT"
   "GE-1-2::PROVPEC=NTK535LA,CTYPE=\"GE EPL 4 Port SFP\",SNMPINDEX=671221760,PEC=NTK535LA,REL= 03 ,CLEI=WMOTAJ4JAC,SER=NNTMH8Q0002I0,MDAT=2005-40,AGE=06-363-16-40,ONSC=02-299-08-39:IS,ACT"
   "PGEFC-1-2-1::PROVPEC=NTTP01AF,CTYPE=\"GE SX/FC100 Mx 850nm LC SFP\",SNMPINDEX=671221761,PEC=NTTP01AF,REL=01,CLEI=SOC3NNFCAA,SER=AGLTMY000055KQ  :IS,IDLE"
   "PGEFC-1-2-2::PROVPEC=NTTP01AF,CTYPE=\"GE SX/FC100 Mx 850nm LC SFP\",SNMPINDEX=671221762,PEC=NTTP01AF,REL=01,CLEI=SOC3NNFCAA,SER=AGLTMY00003VGH  :IS,ACT"
   "PGEFC-1-2-3::PROVPEC=NTTP01AF,CTYPE=\"GE SX/FC100 Mx 850nm LC SFP\",SNMPINDEX=671221763,PEC=NTTP01AF,REL=01,CLEI=SOC3NNFCAA,SER=AGLTMY000055EB  :IS,ACT"
   "PGEFC-1-2-4::PROVPEC=NTTP01CF,CTYPE=\"GE LX [10k]/FC100 SM 1310nm LC SFP\",SNMPINDEX=671221764,PEC=NTTP01CF,REL=01,CLEI=WMOTAH1JAA,SER=EXLGJPD6T5030134:IS,IDLE"
>

   "Asd003A_OME01" 12-12-29 15:44:25
M  9 COMPLD
   "GE-1-3::PROVPEC=NTK535LA,CTYPE=\"GE EPL 4 Port SFP\",SNMPINDEX=671222784,PEC=NTK535LA,REL= 03 ,CLEI=WMOTAJ4JAC,SER=NNTM0101D3SJI,MDAT=2004-42,AGE=06-029-22-43,ONSC=01-162-06-02:IS,ACT"
   "PGEFC-1-3-1::PROVPEC=NTTP01AF,CTYPE=\"GE SX/FC100 Mx 850nm LC SFP\",SNMPINDEX=671222785,PEC=NTTP01AF,REL=01,CLEI=SOC3NNFCAA,SER=AGLTMY00003UF5  :IS,IDLE"
   "PGEFC-1-3-2::PROVPEC=NTTP01AF,CTYPE=\"GE SX/FC100 Mx 850nm LC SFP\",SNMPINDEX=671222786,PEC=NTTP01AF,REL=01,CLEI=SOC3NNFCAA,SER=AGLTMY00003XAZ  :IS,ACT"
   "10G-1-6::PROVPEC=NTK523DA,CTYPE=\"OC-192/STM-64 STS-1/HO 1 Port IR-2/S-64.2\",SNMPINDEX=671225856,PEC=NTK523DA,REL= 04 ,CLEI=WMOTAGXJAB,SER=NNTM01B1D3UGI,MDAT=2004-43,AGE=01-283-11-08,ONSC=01-283-11-08:IS,ACT"
   "XC-1-7::PROVPEC=NTK557BA,CTYPE=\"X-Conn 160G+ STS-1/VC-3 Sync-ST3\",SNMPINDEX=671226880,PEC=NTK557BA,REL= 05 ,CLEI=WMIXCE0BAC,SER=NNTM01Z1D3LF8,MDAT=2004-38,AGE=02-198-11-50,ONSC=02-198-11-50:IS,WRKTRAF&WRKSYNC"
   "XC-1-8::PROVPEC=NTK557BA,CTYPE=\"X-Conn 160G+ STS-1/VC-3 Sync-ST3\",SNMPINDEX=671227904,PEC=NTK557BA,REL= 05A,CLEI=WMIXCE0BAC,SER=NNTMGP8Z00CGN,MDAT=2006-12,AGE=02-198-11-48,ONSC=02-198-11-48:IS,STBYH"
   "10G-1-9::PROVPEC=NTK523DA,CTYPE=\"OC-192/STM-64 STS-1/HO 1 Port IR-2/S-64.2\",SNMPINDEX=671228928,PEC=NTK523DA,REL= 03 ,CLEI=WMOTAGXJAB,SER=NNTM01V1D3JDG,MDAT=2004-37,AGE=01-283-11-06,ONSC=01-283-11-06:IS,ACT"
   "L2SS-1-13::PROVPEC=NTK531BA,CTYPE=\"L2SS 2.5G GE VT1.5/LO 4 Port SFP\",SNMPINDEX=671233024,PEC=NTK531BA,REL= 03 ,CLEI=WMOTBRCJAA,SER=NNTMH86000ZJQ,MDAT=2006-35,AGE=04-104-18-00,ONSC=01-283-10-51,EQPTPROFILE=L2SS_NONPDH:IS,ACT"
   "PGEFC-1-13-1::PROVPEC=NTTP01AF,CTYPE=\"GE SX/FC100 Mx 850nm LC SFP\",SNMPINDEX=671233025,PEC=NTTP01AF,REL=01,CLEI=SOC3NNFCAA,SER=AVAGMY50000NCP  :IS,ACT"
   "PGEFC-1-13-2::PROVPEC=NTTP01CF,CTYPE=\"GE LX [10k]/FC100 SM 1310nm LC SFP\",SNMPINDEX=671233026,PEC=NTTP01CF,REL=01,CLEI=WMOTAH1JAA,SER=EXLGJPM4E4260408:IS,ACT"
>

   "Asd003A_OME01" 12-12-29 15:44:25
M  9 COMPLD
   "SP-1-15::PROVPEC=NTK555AA,CTYPE=\"Processor SP\",SNMPINDEX=671235072,PEC=NTK555AA,REL= 05 ,CLEI=WMUCAJFAAB,SER=NNTM01U1D3SGR,MDAT=2004-43,AGE=07-127-15-01,ONSC=01-290-23-57,TCUR=23,TAVG=22:IS,"
;RTRV-OC3:"Asd003A_OME01":OC3-1-ALL:10;
IP 10
<

   "Asd003A_OME01" 12-12-29 15:44:25
M  10 COMPLD
;RTRV-OC12:"Asd003A_OME01":OC12-1-ALL:11;
IP 11
<

   "Asd003A_OME01" 12-12-29 15:44:26
M  11 COMPLD
;RTRV-OC48:"Asd003A_OME01":OC48-1-ALL:12;
IP 12
<

   "Asd003A_OME01" 12-12-29 15:44:26
M  12 COMPLD
;RTRV-OC192:"Asd003A_OME01":OC192-1-ALL:13;
IP 13
<

   "Asd003A_OME01" 12-12-29 15:44:26
M  13 COMPLD
   "OC192-1-6-1::TMGREF=Y,DCC=Y,,SDTH=6,,,,,ALS=DISABLED,DUSOVERRIDE=DISABLED,EBERTH=3,PORTMODE=SDH,UNEQMODE=VC4,,,,CLFI=\"\":IS,"
   "OC192-1-9-1::TMGREF=Y,DCC=Y,,SDTH=6,,,,,ALS=DISABLED,DUSOVERRIDE=DISABLED,EBERTH=3,PORTMODE=SDH,UNEQMODE=VC4,,,,CLFI=\"\":IS,"
;RTRV-ETH:"Asd003A_OME01":ETH-1-ALL:14;
IP 14
<

   "Asd003A_OME01" 12-12-29 15:44:30
M  14 COMPLD
   "ETH-1-1-1::AN=DISABLE,ANSTATUS=DISABLED,ANETHDPX=UNKNOWN,ANSPEED=UNKNOWN,ANPAUSETX=UNKNOWN,ANPAUSERX=UNKNOWN,ADVETHDPX=UNKNOWN,ADVSPEED=UNKNOWN,ADVFLOWCTRL=UNKNOWN,ETHDPX=FULL,SPEED=1000,FLOWCTRL=NONE,PAUSETX=ENABLE,PAUSERX=DISABLE,PAUSERXOVERRIDE=ENABLE,MTU=9600,TXCON=ENABLE,PASSCTRL=DISABLE,PAUSETXOVERRIDE=DISABLE,RXIDLE=0,CFPRF=CFPRF-1-4,PHYSADDR=0020D8DF3B35,CLFI=\"\":IS"
   "ETH-1-1-2::AN=DISABLE,ANSTATUS=DISABLED,ANETHDPX=UNKNOWN,ANSPEED=UNKNOWN,ANPAUSETX=UNKNOWN,ANPAUSERX=UNKNOWN,ADVETHDPX=UNKNOWN,ADVSPEED=UNKNOWN,ADVFLOWCTRL=UNKNOWN,ETHDPX=FULL,SPEED=1000,FLOWCTRL=NONE,PAUSETX=ENABLE,PAUSERX=DISABLE,PAUSERXOVERRIDE=ENABLE,MTU=9600,TXCON=ENABLE,PASSCTRL=DISABLE,PAUSETXOVERRIDE=DISABLE,RXIDLE=0,CFPRF=CFPRF-1-4,PHYSADDR=0020D8DF3B36,CLFI=\"\":IS"
   "ETH-1-1-3::AN=ENABLE,ANSTATUS=COMPLETED,ANETHDPX=FULL,ANSPEED=1000,ANPAUSETX=DISABLE,ANPAUSERX=DISABLE,ADVETHDPX=FULL,ADVSPEED=1000,ADVFLOWCTRL=NONE,ETHDPX=FULL,SPEED=1000,FLOWCTRL=NONE,PAUSETX=DISABLE,PAUSERX=DISABLE,PAUSERXOVERRIDE=ENABLE,MTU=9600,TXCON=ENABLE,PASSCTRL=DISABLE,PAUSETXOVERRIDE=DISABLE,RXIDLE=0,CFPRF=CFPRF-1-4,PHYSADDR=0020D8DF3B37,CLFI=\"\":IS"
   "ETH-1-1-4::AN=ENABLE,ANSTATUS=COMPLETED,ANETHDPX=FULL,ANSPEED=1000,ANPAUSETX=DISABLE,ANPAUSERX=DISABLE,ADVETHDPX=FULL,ADVSPEED=1000,ADVFLOWCTRL=NONE,ETHDPX=FULL,SPEED=1000,FLOWCTRL=NONE,PAUSETX=DISABLE,PAUSERX=DISABLE,PAUSERXOVERRIDE=ENABLE,MTU=9600,TXCON=ENABLE,PASSCTRL=DISABLE,PAUSETXOVERRIDE=DISABLE,RXIDLE=0,CFPRF=CFPRF-1-4,PHYSADDR=0020D8DF3B38,CLFI=\"ODF01_2\":IS"
>

   "Asd003A_OME01" 12-12-29 15:44:30
M  14 COMPLD
   "ETH-1-2-1::AN=ENABLE,ANSTATUS=INPROGRESS,ANETHDPX=UNKNOWN,ANSPEED=UNKNOWN,ANPAUSETX=UNKNOWN,ANPAUSERX=UNKNOWN,ADVETHDPX=UNKNOWN,ADVSPEED=UNKNOWN,ADVFLOWCTRL=UNKNOWN,ETHDPX=FULL,SPEED=1000,FLOWCTRL=NONE,PAUSETX=DISABLE,PAUSERX=DISABLE,PAUSERXOVERRIDE=ENABLE,MTU=9600,TXCON=ENABLE,PASSCTRL=DISABLE,PAUSETXOVERRIDE=DISABLE,RXIDLE=0,CFPRF=CFPRF-1-4,PHYSADDR=001158FF6649,CLFI=\"\":OOS-MA,DISCD"
   "ETH-1-2-2::AN=ENABLE,ANSTATUS=COMPLETED,ANETHDPX=FULL,ANSPEED=1000,ANPAUSETX=DISABLE,ANPAUSERX=DISABLE,ADVETHDPX=FULL,ADVSPEED=1000,ADVFLOWCTRL=ASYM,ETHDPX=FULL,SPEED=1000,FLOWCTRL=NONE,PAUSETX=ENABLE,PAUSERX=DISABLE,PAUSERXOVERRIDE=ENABLE,MTU=9600,TXCON=ENABLE,PASSCTRL=DISABLE,PAUSETXOVERRIDE=DISABLE,RXIDLE=0,CFPRF=CFPRF-1-4,PHYSADDR=001158FF664A,CLFI=\"\":IS"
   "ETH-1-2-3::AN=ENABLE,ANSTATUS=COMPLETED,ANETHDPX=FULL,ANSPEED=1000,ANPAUSETX=DISABLE,ANPAUSERX=DISABLE,ADVETHDPX=FULL,ADVSPEED=1000,ADVFLOWCTRL=ASYM,ETHDPX=FULL,SPEED=1000,FLOWCTRL=NONE,PAUSETX=DISABLE,PAUSERX=DISABLE,PAUSERXOVERRIDE=ENABLE,MTU=9600,TXCON=ENABLE,PASSCTRL=DISABLE,PAUSETXOVERRIDE=DISABLE,RXIDLE=0,CFPRF=CFPRF-1-4,PHYSADDR=001158FF664B,CLFI=\"\":IS"
   "ETH-1-2-4::AN=ENABLE,ANSTATUS=INPROGRESS,ANETHDPX=UNKNOWN,ANSPEED=UNKNOWN,ANPAUSETX=UNKNOWN,ANPAUSERX=UNKNOWN,ADVETHDPX=UNKNOWN,ADVSPEED=UNKNOWN,ADVFLOWCTRL=UNKNOWN,ETHDPX=FULL,SPEED=1000,FLOWCTRL=NONE,PAUSETX=DISABLE,PAUSERX=DISABLE,PAUSERXOVERRIDE=ENABLE,MTU=9600,TXCON=ENABLE,PASSCTRL=DISABLE,PAUSETXOVERRIDE=DISABLE,RXIDLE=0,CFPRF=CFPRF-1-4,PHYSADDR=001158FF664C,CLFI=\"\":OOS-MA,DISCD"
>

   "Asd003A_OME01" 12-12-29 15:44:30
M  14 COMPLD
   "ETH-1-3-1::AN=ENABLE,ANSTATUS=INPROGRESS,ANETHDPX=UNKNOWN,ANSPEED=UNKNOWN,ANPAUSETX=UNKNOWN,ANPAUSERX=UNKNOWN,ADVETHDPX=UNKNOWN,ADVSPEED=UNKNOWN,ADVFLOWCTRL=UNKNOWN,ETHDPX=FULL,SPEED=1000,FLOWCTRL=NONE,PAUSETX=DISABLE,PAUSERX=DISABLE,PAUSERXOVERRIDE=ENABLE,MTU=9600,TXCON=ENABLE,PASSCTRL=DISABLE,PAUSETXOVERRIDE=DISABLE,RXIDLE=0,CFPRF=CFPRF-1-4,PHYSADDR=001158FF5433,CLFI=\"\":OOS-MA,DISCD"
   "ETH-1-3-2::AN=ENABLE,ANSTATUS=COMPLETED,ANETHDPX=FULL,ANSPEED=1000,ANPAUSETX=DISABLE,ANPAUSERX=DISABLE,ADVETHDPX=FULL,ADVSPEED=1000,ADVFLOWCTRL=ASYM,ETHDPX=FULL,SPEED=1000,FLOWCTRL=ASYM,PAUSETX=DISABLE,PAUSERX=DISABLE,PAUSERXOVERRIDE=ENABLE,MTU=9600,TXCON=ENABLE,PASSCTRL=DISABLE,PAUSETXOVERRIDE=DISABLE,RXIDLE=0,CFPRF=CFPRF-1-4,PHYSADDR=001158FF5434,CLFI=\"ODF01_P1\":IS"
   "ETH-1-13-1::AN=ENABLE,ANSTATUS=COMPLETED,ANETHDPX=FULL,ANSPEED=1000,ANPAUSETX=DISABLE,ANPAUSERX=DISABLE,ADVETHDPX=FULL,ADVSPEED=1000,ADVFLOWCTRL=ASYM,ETHDPX=FULL,SPEED=1000,FLOWCTRL=NONE,PAUSETX=DISABLE,PAUSERX=DISABLE,MTU=9216,BWTHRESHLD=100,BWUTL=0,BWREMAIN=1000000,IFTYPE=UNI,POLICING=ENABLE,ETYPE=8100,PMODE=PBITS,TXCOSPRF=TXCOSPRF-1-29,RXCOSPRF=RXCOSPRF-1-29,URXCOS=6,CFPRF=CFPRF-1-9,SCHPRF=SCHPRF-1-33,QGRP1=QGRP-1-4,PHYSADDR=00140D0365B9,SNMPINDEX=537722914,CLFI=\"\":IS"
   "ETH-1-13-2::AN=ENABLE,ANSTATUS=COMPLETED,ANETHDPX=FULL,ANSPEED=1000,ANPAUSETX=DISABLE,ANPAUSERX=DISABLE,ADVETHDPX=FULL,ADVSPEED=1000,ADVFLOWCTRL=SYM,ETHDPX=FULL,SPEED=1000,FLOWCTRL=NONE,PAUSETX=DISABLE,PAUSERX=DISABLE,MTU=9216,BWTHRESHLD=100,BWUTL=0,BWREMAIN=1000000,IFTYPE=NNI,POLICING=ENABLE,ETYPE=8100,DMPRF=DMPRF-1-3,TXCOSPRF=TXCOSPRF-1-3,RXCOSPRF=RXCOSPRF-1-3,URXCOS=0,CFPRF=CFPRF-1-1,SCHPRF=SCHPRF-1-33,QGRP1=QGRP-1-4,PHYSADDR=00140D0365BA,SNMPINDEX=537722946,CLFI=\"\":IS"
>

   "Asd003A_OME01" 12-12-29 15:44:30
M  14 COMPLD
;RTRV-ETH10G:"Asd003A_OME01":ETH10G-1-ALL:15;
IP 15
<

   "Asd003A_OME01" 12-12-29 15:44:30
M  15 COMPLD
;RTRV-ETH100:"Asd003A_OME01":ETH100-1-ALL:16;
IP 16
<

   "Asd003A_OME01" 12-12-29 15:44:31
M  16 COMPLD
;RTRV-WAN:"Asd003A_OME01":WAN-1-ALL:17;
IP 17
<

   "Asd003A_OME01" 12-12-29 15:44:34
M  17 COMPLD
   "WAN-1-1-1::MAPPING=GFP-F,RATE=STS3C,VCAT=ENABLE,LCAS=DISABLE,PROVUNITS=7,ACTUALUNITS=7,MAGICNUM=DISABLE,LCM=DISABLE,NCP=NONE,MODE=SDH,FCS=32,SCRAMBLE=ENABLE,LANFCS=ENABLE,RTDELAY=1124,CONDTYPE=GFPCMF,GFPRFI=ENABLE,AVLBLRATE=STS3C,PROVRXUNITS=7,GFPRTDELAY=ENABLE,MAXVCDEL=14000,CURRVCDEL=0,ACTUALRXUNITS=7:IS"
   "WAN-1-1-2::MAPPING=GFP-F,RATE=STS3C,VCAT=ENABLE,LCAS=DISABLE,PROVUNITS=7,ACTUALUNITS=7,MAGICNUM=DISABLE,LCM=DISABLE,NCP=NONE,MODE=SDH,FCS=32,SCRAMBLE=ENABLE,LANFCS=ENABLE,RTDELAY=419,CONDTYPE=GFPCMF,GFPRFI=ENABLE,AVLBLRATE=STS3C,PROVRXUNITS=7,GFPRTDELAY=ENABLE,MAXVCDEL=14000,CURRVCDEL=0,ACTUALRXUNITS=7:IS"
   "WAN-1-1-3::MAPPING=GFP-F,RATE=STS3C,VCAT=ENABLE,LCAS=DISABLE,PROVUNITS=7,ACTUALUNITS=7,MAGICNUM=DISABLE,LCM=DISABLE,NCP=NONE,MODE=SDH,FCS=32,SCRAMBLE=ENABLE,LANFCS=ENABLE,RTDELAY=416,CONDTYPE=GFPCMF,GFPRFI=ENABLE,AVLBLRATE=STS3C,PROVRXUNITS=7,GFPRTDELAY=ENABLE,MAXVCDEL=14000,CURRVCDEL=0,ACTUALRXUNITS=7:IS"
   "WAN-1-1-4::MAPPING=GFP-F,RATE=STS3C,VCAT=ENABLE,LCAS=DISABLE,PROVUNITS=1,ACTUALUNITS=1,MAGICNUM=DISABLE,LCM=DISABLE,NCP=NONE,MODE=SDH,FCS=32,SCRAMBLE=ENABLE,LANFCS=ENABLE,RTDELAY=131,CONDTYPE=GFPCMF,GFPRFI=ENABLE,AVLBLRATE=STS3C,PROVRXUNITS=1,GFPRTDELAY=ENABLE,MAXVCDEL=14000,CURRVCDEL=0,ACTUALRXUNITS=1:IS"
   "WAN-1-2-1::MAPPING=GFP-F,RATE=NONE,VCAT=ENABLE,LCAS=DISABLE,PROVUNITS=0,ACTUALUNITS=0,MAGICNUM=DISABLE,LCM=DISABLE,NCP=NONE,MODE=SDH,FCS=32,SCRAMBLE=ENABLE,LANFCS=ENABLE,RTDELAY=UNKNOWN,CONDTYPE=GFPCMF,GFPRFI=ENABLE,AVLBLRATE=STS3C,PROVRXUNITS=0,GFPRTDELAY=ENABLE,MAXVCDEL=14000,CURRVCDEL=0,ACTUALRXUNITS=0:OOS-MA,DISCD"
>

   "Asd003A_OME01" 12-12-29 15:44:34
M  17 COMPLD
   "WAN-1-2-2::MAPPING=GFP-F,RATE=STS3C,VCAT=ENABLE,LCAS=DISABLE,PROVUNITS=7,ACTUALUNITS=7,MAGICNUM=DISABLE,LCM=DISABLE,NCP=NONE,MODE=SDH,FCS=32,SCRAMBLE=ENABLE,LANFCS=ENABLE,RTDELAY=439,CONDTYPE=GFPCMF,GFPRFI=ENABLE,AVLBLRATE=STS3C,PROVRXUNITS=7,GFPRTDELAY=ENABLE,MAXVCDEL=14000,CURRVCDEL=0,ACTUALRXUNITS=7:IS"
   "WAN-1-2-3::MAPPING=GFP-F,RATE=STS3C,VCAT=ENABLE,LCAS=DISABLE,PROVUNITS=1,ACTUALUNITS=1,MAGICNUM=DISABLE,LCM=DISABLE,NCP=NONE,MODE=SDH,FCS=32,SCRAMBLE=ENABLE,LANFCS=ENABLE,RTDELAY=1735,CONDTYPE=GFPCMF,GFPRFI=ENABLE,AVLBLRATE=STS3C,PROVRXUNITS=1,GFPRTDELAY=ENABLE,MAXVCDEL=14000,CURRVCDEL=0,ACTUALRXUNITS=1:IS"
   "WAN-1-2-4::MAPPING=GFP-F,RATE=NONE,VCAT=ENABLE,LCAS=DISABLE,PROVUNITS=0,ACTUALUNITS=0,MAGICNUM=DISABLE,LCM=DISABLE,NCP=NONE,MODE=SDH,FCS=32,SCRAMBLE=ENABLE,LANFCS=ENABLE,RTDELAY=UNKNOWN,CONDTYPE=GFPCMF,GFPRFI=ENABLE,AVLBLRATE=STS3C,PROVRXUNITS=0,GFPRTDELAY=ENABLE,MAXVCDEL=14000,CURRVCDEL=0,ACTUALRXUNITS=0:OOS-MA,DISCD"
   "WAN-1-3-1::MAPPING=GFP-F,RATE=NONE,VCAT=ENABLE,LCAS=DISABLE,PROVUNITS=0,ACTUALUNITS=0,MAGICNUM=DISABLE,LCM=DISABLE,NCP=NONE,MODE=SDH,FCS=32,SCRAMBLE=ENABLE,LANFCS=ENABLE,RTDELAY=UNKNOWN,CONDTYPE=GFPCMF,GFPRFI=ENABLE,AVLBLRATE=STS3C,PROVRXUNITS=0,GFPRTDELAY=ENABLE,MAXVCDEL=14000,CURRVCDEL=0,ACTUALRXUNITS=0:OOS-MA,DISCD"
   "WAN-1-3-2::MAPPING=GFP-F,RATE=STS3C,VCAT=ENABLE,LCAS=DISABLE,PROVUNITS=7,ACTUALUNITS=7,MAGICNUM=DISABLE,LCM=DISABLE,NCP=NONE,MODE=SDH,FCS=32,SCRAMBLE=ENABLE,LANFCS=ENABLE,RTDELAY=3672,CONDTYPE=GFPCMF,GFPRFI=ENABLE,AVLBLRATE=STS3C,PROVRXUNITS=7,GFPRTDELAY=ENABLE,MAXVCDEL=14000,CURRVCDEL=0,ACTUALRXUNITS=7:IS"
>

   "Asd003A_OME01" 12-12-29 15:44:34
M  17 COMPLD
   "WAN-1-13-101::MAPPING=GFP-F,FCS=32,PDHTYPE=NONPDH,RATE=STS3C,LCAS=DISABLE,VCAT=ENABLE,PROVUNITS=7,ACTUALUNITS=7,LANFCS=DISABLE,RTDELAY=UNKNOWN,MAXVCDEL=64000,CURRVCDEL=2,SCRAMBLE=ENABLE,ACTUALRXUNITS=7,IFTYPE=NNI,POLICING=ENABLE,ETYPE=8100,DMPRF=DMPRF-1-3,TXCOSPRF=TXCOSPRF-1-3,RXCOSPRF=RXCOSPRF-1-3,URXCOS=0,CFPRF=CFPRF-1-1,SCHPRF=SCHPRF-1-33,LOOPDETECT=DISABLE,QGRP1=QGRP-1-4,BWTHRESHLD=100,BWUTL=0,BWREMAIN=1048320,SNMPINDEX=537726116,PDHVLI=DISABLE,MACOPTION=NONE:IS,DSBLD"
   "WAN-1-13-102::MAPPING=GFP-F,FCS=32,PDHTYPE=NONPDH,RATE=STS3C,LCAS=DISABLE,VCAT=ENABLE,PROVUNITS=7,ACTUALUNITS=7,LANFCS=DISABLE,RTDELAY=UNKNOWN,MAXVCDEL=64000,CURRVCDEL=2,SCRAMBLE=ENABLE,ACTUALRXUNITS=7,IFTYPE=NNI,POLICING=ENABLE,ETYPE=8100,DMPRF=DMPRF-1-3,TXCOSPRF=TXCOSPRF-1-3,RXCOSPRF=RXCOSPRF-1-3,URXCOS=0,CFPRF=CFPRF-1-1,SCHPRF=SCHPRF-1-33,LOOPDETECT=DISABLE,QGRP1=QGRP-1-4,BWTHRESHLD=100,BWUTL=0,BWREMAIN=1048320,SNMPINDEX=537726148,PDHVLI=DISABLE,MACOPTION=NONE:IS"
;RTRV-VCS:"Asd003A_OME01":VCS-1-ALL:18;
IP 18
<

   "Asd003A_OME01" 12-12-29 15:44:34
M  18 COMPLD
   "VCS-1-2090::PROTOCOL=ETH,ENCAP=SVLAN,DATATYPE=CUSTDATA,TOPO=M2M,COSSUP=GD,MTU=9100,FID=16384,QGRP=1,CKTID=\"\":IS"
   "VCS-1-2154::PROTOCOL=ETH,ENCAP=SVLAN,DATATYPE=CUSTDATA,TOPO=P2P,COSSUP=GD,MTU=9100,FID=16385,QGRP=1,CKTID=\"\":IS"
;RTRV-VCE:"Asd003A_OME01":VCE-1-ALL:19;
IP 19
<

   "Asd003A_OME01" 12-12-29 15:44:35
M  19 COMPLD
   "VCE-1-13-1-2090:GD,GD,GD,GD,GD,GD,GD,GD:DIR=TXRX,STBW=BWPRF-1-8,BRBW=BWPRF-1-8,SLBW=BWPRF-1-8,GDBW=BWPRF-1-9,PLBW=BWPRF-1-8,PRBW=BWPRF-1-8,NTBW=BWPRF-1-8,CRBW=BWPRF-1-8,NWBW=BWPRF-1-8,RXCOSPRF=RXCOSPRF-1-196312,TXCOSPRF=TXCOSPRF-1-0,DETAILEDOMSTATS=DISABLE:IS"
   "VCE-1-13-102-2090::IFLABEL=2090,IFENCAP=SVLAN,DIR=TXRX,STBW=BWPRF-1-8,BRBW=BWPRF-1-8,SLBW=BWPRF-1-8,GDBW=BWPRF-1-9,PLBW=BWPRF-1-8,PRBW=BWPRF-1-8,NTBW=BWPRF-1-8,CRBW=BWPRF-1-8,NWBW=BWPRF-1-8,RXCOSPRF=RXCOSPRF-1-0,TXCOSPRF=TXCOSPRF-1-0,DETAILEDOMSTATS=DISABLE:IS"
   "VCE-1-13-2-2154::IFLABEL=2154,IFENCAP=SVLAN,DIR=TXRX,STBW=BWPRF-1-8,BRBW=BWPRF-1-8,SLBW=BWPRF-1-8,GDBW=BWPRF-1-9,PLBW=BWPRF-1-8,PRBW=BWPRF-1-8,NTBW=BWPRF-1-8,CRBW=BWPRF-1-8,NWBW=BWPRF-1-8,RXCOSPRF=RXCOSPRF-1-0,TXCOSPRF=TXCOSPRF-1-0,DETAILEDOMSTATS=DISABLE:IS"
   "VCE-1-13-102-2154::IFLABEL=2154,IFENCAP=SVLAN,DIR=TXRX,STBW=BWPRF-1-8,BRBW=BWPRF-1-8,SLBW=BWPRF-1-8,GDBW=BWPRF-1-9,PLBW=BWPRF-1-8,PRBW=BWPRF-1-8,NTBW=BWPRF-1-8,CRBW=BWPRF-1-8,NWBW=BWPRF-1-8,RXCOSPRF=RXCOSPRF-1-0,TXCOSPRF=TXCOSPRF-1-0,DETAILEDOMSTATS=DISABLE:IS"
;RTRV-VCEMAP:"Asd003A_OME01":VCEMAP-1-ALL:20;
IP 20
<

   "Asd003A_OME01" 12-12-29 15:44:35
M  20 COMPLD
   "VCEMAP-1-13-1-2090-4096:RX:ACCESS=ALLOW,LOCLBL1=4096,RXPRIOMASK=00000001,RXPRIOSRC=LOCTAG1,TAGS2MATCH=1"
   "VCEMAP-1-13-102-2090-1:TXADDRXDEL:ACCESS=ALLOW,LOCLBL1=2090,LOCTAGETH1=0"
   "VCEMAP-1-13-2-2154-1:TXADDRXDEL:ACCESS=ALLOW,LOCLBL1=2154,LOCTAGETH1=0"
   "VCEMAP-1-13-102-2154-1:TXADDRXDEL:ACCESS=ALLOW,LOCLBL1=2154,LOCTAGETH1=0"
;RTRV-CRS-ALL:"Asd003A_OME01"::21:::CKTID=ALL;
IP 21
<

   "Asd003A_OME01" 12-12-29 15:44:35
M  21 COMPLD
   "STS3C-1-1-4-1,STS3C-1-1-4-1:1WAY:PRIMARYXC=SHELF,PRIME=OSS,CKTID=\"DRAC-loopback\":STS3C:"
   "STS3C-1-6-1-112,STS3C-1-1-3-1:2WAY:PRIMARYXC=SHELF,PRIME=OSS,CKTID=\"2167LR1_Asd03-Asd01_VU-SARA-O25\":STS3C:"
   "STS3C-1-6-1-115,STS3C-1-1-3-4:2WAY:PRIMARYXC=SHELF,PRIME=OSS,CKTID=\"2167LR1_Asd03-Asd01_VU-SARA-O25\":STS3C:"
   "STS3C-1-6-1-118,STS3C-1-1-3-7:2WAY:PRIMARYXC=SHELF,PRIME=OSS,CKTID=\"2167LR1_Asd03-Asd01_VU-SARA-O25\":STS3C:"
   "STS3C-1-6-1-121,STS3C-1-1-3-10:2WAY:PRIMARYXC=SHELF,PRIME=OSS,CKTID=\"2167LR1_Asd03-Asd01_VU-SARA-O25\":STS3C:"
   "STS3C-1-6-1-124,STS3C-1-1-3-13:2WAY:PRIMARYXC=SHELF,PRIME=OSS,CKTID=\"2167LR1_Asd03-Asd01_VU-SARA-O25\":STS3C:"
   "STS3C-1-6-1-127,STS3C-1-1-3-16:2WAY:PRIMARYXC=SHELF,PRIME=OSS,CKTID=\"2167LR1_Asd03-Asd01_VU-SARA-O25\":STS3C:"
   "STS3C-1-6-1-130,STS3C-1-1-3-19:2WAY:PRIMARYXC=SHELF,PRIME=OSS,CKTID=\"2167LR1_Asd03-Asd01_VU-SARA-O25\":STS3C:"
   "STS3C-1-6-1-1,STS3C-1-1-2-1:2WAYPR:SWMATE=STS3C-1-9-1-64,PRIMARYXC=SHELF,PRIME=OSS,CKTID=\"2033LP_Asd03-Asd01_VU-SARA-O25\":STS3C:"
   "STS3C-1-6-1-4,STS3C-1-1-2-4:2WAYPR:SWMATE=STS3C-1-9-1-67,PRIMARYXC=SHELF,PRIME=OSS,CKTID=\"2033LP_Asd03-Asd01_VU-SARA-O25\":STS3C:"
   "STS3C-1-6-1-7,STS3C-1-1-2-7:2WAYPR:SWMATE=STS3C-1-9-1-70,PRIMARYXC=SHELF,PRIME=OSS,CKTID=\"2033LP_Asd03-Asd01_VU-SARA-O25\":STS3C:"
   "STS3C-1-6-1-10,STS3C-1-1-2-10:2WAYPR:SWMATE=STS3C-1-9-1-73,PRIMARYXC=SHELF,PRIME=OSS,CKTID=\"2033LP_Asd03-Asd01_VU-SARA-O25\":STS3C:"
   "STS3C-1-6-1-13,STS3C-1-1-2-13:2WAYPR:SWMATE=STS3C-1-9-1-76,PRIMARYXC=SHELF,PRIME=OSS,CKTID=\"2033LP_Asd03-Asd01_VU-SARA-O25\":STS3C:"
   "STS3C-1-6-1-16,STS3C-1-1-2-16:2WAYPR:SWMATE=STS3C-1-9-1-79,PRIMARYXC=SHELF,PRIME=OSS,CKTID=\"2033LP_Asd03-Asd01_VU-SARA-O25\":STS3C:"
   "STS3C-1-6-1-19,STS3C-1-1-2-19:2WAYPR:SWMATE=STS3C-1-9-1-82,PRIMARYXC=SHELF,PRIME=OSS,CKTID=\"2033LP_Asd03-Asd01_VU-SARA-O25\":STS3C:"
   "STS3C-1-6-1-22,STS3C-1-1-1-1:2WAYPR:SWMATE=STS3C-1-9-1-22,PRIMARYXC=SHELF,PRIME=OSS,CKTID=\"2032LP_Asd03-Spl01_INHOLLAND-O10(Asd03(VU)-OPN)\":STS3C:"
   "STS3C-1-6-1-25,STS3C-1-1-1-4:2WAYPR:SWMATE=STS3C-1-9-1-25,PRIMARYXC=SHELF,PRIME=OSS,CKTID=\"2032LP_Asd03-Spl01_INHOLLAND-O10(Asd03(VU)-OPN)\":STS3C:"
   "STS3C-1-6-1-28,STS3C-1-1-1-7:2WAYPR:SWMATE=STS3C-1-9-1-28,PRIMARYXC=SHELF,PRIME=OSS,CKTID=\"2032LP_Asd03-Spl01_INHOLLAND-O10(Asd03(VU)-OPN)\":STS3C:"
>

   "Asd003A_OME01" 12-12-29 15:44:35
M  21 COMPLD
   "STS3C-1-6-1-31,STS3C-1-1-1-10:2WAYPR:SWMATE=STS3C-1-9-1-31,PRIMARYXC=SHELF,PRIME=OSS,CKTID=\"2032LP_Asd03-Spl01_INHOLLAND-O10(Asd03(VU)-OPN)\":STS3C:"
   "STS3C-1-6-1-34,STS3C-1-1-1-13:2WAYPR:SWMATE=STS3C-1-9-1-34,PRIMARYXC=SHELF,PRIME=OSS,CKTID=\"2032LP_Asd03-Spl01_INHOLLAND-O10(Asd03(VU)-OPN)\":STS3C:"
   "STS3C-1-6-1-37,STS3C-1-1-1-16:2WAYPR:SWMATE=STS3C-1-9-1-37,PRIMARYXC=SHELF,PRIME=OSS,CKTID=\"2032LP_Asd03-Spl01_INHOLLAND-O10(Asd03(VU)-OPN)\":STS3C:"
   "STS3C-1-6-1-40,STS3C-1-1-1-19:2WAYPR:SWMATE=STS3C-1-9-1-40,PRIMARYXC=SHELF,PRIME=OSS,CKTID=\"2032LP_Asd03-Spl01_INHOLLAND-O10(Asd03(VU)-OPN)\":STS3C:"
   "STS3C-1-6-1-133,STS3C-1-2-3-1:2WAYPR:SWMATE=STS3C-1-9-1-1,PRIMARYXC=SHELF,PRIME=OSS,CKTID=\"2165LP_Asd03-Zl01_Windesheim\":STS3C:"
   "STS3C-1-6-1-64,STS3C-1-2-2-1:2WAY:PRIMARYXC=SHELF,PRIME=OSS,CKTID=\"2166LR1_Asd03-Asd01_VU-SARA-O25\":STS3C:"
   "STS3C-1-6-1-67,STS3C-1-2-2-4:2WAY:PRIMARYXC=SHELF,PRIME=OSS,CKTID=\"2166LR1_Asd03-Asd01_VU-SARA-O25\":STS3C:"
   "STS3C-1-6-1-70,STS3C-1-2-2-7:2WAY:PRIMARYXC=SHELF,PRIME=OSS,CKTID=\"2166LR1_Asd03-Asd01_VU-SARA-O25\":STS3C:"
   "STS3C-1-6-1-73,STS3C-1-2-2-10:2WAY:PRIMARYXC=SHELF,PRIME=OSS,CKTID=\"2166LR1_Asd03-Asd01_VU-SARA-O25\":STS3C:"
   "STS3C-1-6-1-76,STS3C-1-2-2-13:2WAY:PRIMARYXC=SHELF,PRIME=OSS,CKTID=\"2166LR1_Asd03-Asd01_VU-SARA-O25\":STS3C:"
   "STS3C-1-6-1-79,STS3C-1-2-2-16:2WAY:PRIMARYXC=SHELF,PRIME=OSS,CKTID=\"2166LR1_Asd03-Asd01_VU-SARA-O25\":STS3C:"
   "STS3C-1-6-1-82,STS3C-1-2-2-19:2WAY:PRIMARYXC=SHELF,PRIME=OSS,CKTID=\"2166LR1_Asd03-Asd01_VU-SARA-O25\":STS3C:"
   "STS3C-1-9-1-4,STS3C-1-3-2-1:2WAY:PRIMARYXC=SHELF,PRIME=OSS,CKTID=\"2144LR2_Gn01-Asd03(PTHU-VU@Asd03)\":STS3C:"
   "STS3C-1-9-1-7,STS3C-1-3-2-4:2WAY:PRIMARYXC=SHELF,PRIME=OSS,CKTID=\"2144LR2_Gn01-Asd03(PTHU-VU@Asd03)\":STS3C:"
   "STS3C-1-9-1-10,STS3C-1-3-2-7:2WAY:PRIMARYXC=SHELF,PRIME=OSS,CKTID=\"2144LR2_Gn01-Asd03(PTHU-VU@Asd03)\":STS3C:"
   "STS3C-1-9-1-13,STS3C-1-3-2-10:2WAY:PRIMARYXC=SHELF,PRIME=OSS,CKTID=\"2144LR2_Gn01-Asd03(PTHU-VU@Asd03)\":STS3C:"
   "STS3C-1-9-1-16,STS3C-1-3-2-13:2WAY:PRIMARYXC=SHELF,PRIME=OSS,CKTID=\"2144LR2_Gn01-Asd03(PTHU-VU@Asd03)\":STS3C:"
   "STS3C-1-9-1-19,STS3C-1-3-2-16:2WAY:PRIMARYXC=SHELF,PRIME=OSS,CKTID=\"2144LR2_Gn01-Asd03(PTHU-VU@Asd03)\":STS3C:"
>

   "Asd003A_OME01" 12-12-29 15:44:35
M  21 COMPLD
   "STS3C-1-9-1-85,STS3C-1-3-2-19:2WAY:PRIMARYXC=SHELF,PRIME=OSS,CKTID=\"2144LR2_Gn01-Asd03(PTHU-VU@Asd03)\":STS3C:"
   "STS3C-1-13-101-1,STS3C-1-6-1-43:2WAY:PRIMARYXC=SHELF,PRIME=OSS,CKTID=\"1000IR1_Asd03-Asd01_L2SS\":STS3C:"
   "STS3C-1-13-101-4,STS3C-1-6-1-46:2WAY:PRIMARYXC=SHELF,PRIME=OSS,CKTID=\"1000IR1_Asd03-Asd01_L2SS\":STS3C:"
   "STS3C-1-13-101-7,STS3C-1-6-1-49:2WAY:PRIMARYXC=SHELF,PRIME=OSS,CKTID=\"1000IR1_Asd03-Asd01_L2SS\":STS3C:"
   "STS3C-1-13-101-10,STS3C-1-6-1-52:2WAY:PRIMARYXC=SHELF,PRIME=OSS,CKTID=\"1000IR1_Asd03-Asd01_L2SS\":STS3C:"
   "STS3C-1-13-101-13,STS3C-1-6-1-55:2WAY:PRIMARYXC=SHELF,PRIME=OSS,CKTID=\"1000IR1_Asd03-Asd01_L2SS\":STS3C:"
   "STS3C-1-13-101-16,STS3C-1-6-1-58:2WAY:PRIMARYXC=SHELF,PRIME=OSS,CKTID=\"1000IR1_Asd03-Asd01_L2SS\":STS3C:"
   "STS3C-1-13-101-19,STS3C-1-6-1-61:2WAY:PRIMARYXC=SHELF,PRIME=OSS,CKTID=\"1000IR1_Asd03-Asd01_L2SS\":STS3C:"
   "STS3C-1-13-102-1,STS3C-1-9-1-43:2WAY:PRIMARYXC=SHELF,PRIME=OSS,CKTID=\"1000IR2_Asd03-Asd02_L2SS\":STS3C:"
   "STS3C-1-13-102-4,STS3C-1-9-1-46:2WAY:PRIMARYXC=SHELF,PRIME=OSS,CKTID=\"1000IR2_Asd03-Asd02_L2SS\":STS3C:"
   "STS3C-1-13-102-7,STS3C-1-9-1-49:2WAY:PRIMARYXC=SHELF,PRIME=OSS,CKTID=\"1000IR2_Asd03-Asd02_L2SS\":STS3C:"
   "STS3C-1-13-102-10,STS3C-1-9-1-52:2WAY:PRIMARYXC=SHELF,PRIME=OSS,CKTID=\"1000IR2_Asd03-Asd02_L2SS\":STS3C:"
   "STS3C-1-13-102-13,STS3C-1-9-1-55:2WAY:PRIMARYXC=SHELF,PRIME=OSS,CKTID=\"1000IR2_Asd03-Asd02_L2SS\":STS3C:"
   "STS3C-1-13-102-16,STS3C-1-9-1-58:2WAY:PRIMARYXC=SHELF,PRIME=OSS,CKTID=\"1000IR2_Asd03-Asd02_L2SS\":STS3C:"
   "STS3C-1-13-102-19,STS3C-1-9-1-61:2WAY:PRIMARYXC=SHELF,PRIME=OSS,CKTID=\"1000IR2_Asd03-Asd02_L2SS\":STS3C:"
;RTRV-AD-ALL:"Asd003A_OME01"::22;
IP 22
<

   "Asd003A_OME01" 12-12-29 15:44:36
M  22 COMPLD
   "OC192-1-6-1:TYP-SH-SL-PRT,LINE:TX_VERSION=\"2\",TX_TAG=\"AD_2_00:20:d8:df:37:47_001_000_006_000_001_ME_1\",RX_VERSION=\"2\",RX_ACTUAL=\"AD_2_00:21:e1:d9:ac:20_001_000_011_000_001_ME_1\",RX_EXPECTED=\"\",RECONFIG=DISABLE,RX_RELIABILITY=RELIABLE,MECHANISM=IIH"
   "OC192-1-9-1:TYP-SH-SL-PRT,LINE:TX_VERSION=\"2\",TX_TAG=\"AD_2_00:20:d8:df:37:47_001_000_009_000_001_ME_1\",RX_VERSION=\"2\",RX_ACTUAL=\"AD_2_00:21:e1:d9:aa:1b_001_000_012_000_001_ME_1\",RX_EXPECTED=\"\",RECONFIG=DISABLE,RX_RELIABILITY=RELIABLE,MECHANISM=IIH"
;RTRV-FFP-OC192:"Asd003A_OME01":OC192-1-ALL:23;
IP 23
<

   "Asd003A_OME01" 12-12-29 15:44:36
M  23 COMPLD
;

   "Asd003A_OME01" 12-12-29 15:45:06
A  0001202910 REPT EVT COM
   "SP-1-15:PMFTPI,TC,12-29,15-45-06,NEND,NA,,,:\"file 'sftp://sftpuser@145.145.64.26:22//opt/nortel/omea/NE_info/pmdata/0020D8DF3747/pm_Asd003A_OME01_20121229154504_date_201212291530.gz' has started\",NONE:0100000000-0000-0647,:YEAR=2012,MODE=NONE,SIGLAYER=\"\""
;

   "Asd003A_OME01" 12-12-29 15:45:21
A  0001202911 REPT EVT COM
   "SP-1-15:PMFTPC,TC,12-29,15-45-21,NEND,NA,,,:\"file 'sftp://sftpuser@145.145.64.26:22//opt/nortel/omea/NE_info/pmdata/0020D8DF3747/pm_Asd003A_OME01_20121229154504_date_201212291530.gz' has completed\",NONE:0100000000-0000-0648,:YEAR=2012,MODE=NONE,SIGLAYER=\"\""
;

   "Asd003A_OME01" 12-12-29 15:45:31
A  0001202912 REPT EVT LOG
   "DATE=12-12-29,TIME=15-45-31:USERID=SNSCRIPT,PRIORITY=GEN_TL1_CMD,STATUS=COMPLD:ACT-USER:SNSCRIPT:1::::"
;

   "Asd003A_OME01" 12-12-29 15:45:31
A  0001202913 REPT EVT LOG
   "DATE=12-12-29,TIME=15-45-31:USERID=SNSCRIPT,PRIORITY=GEN_TL1_CMD,STATUS=COMPLD:CANC-USER:SNSCRIPT:1::::"
;<<RTRV-HDR keep alive sent>>
IP 24
<

   "Asd003A_OME01" 12-12-29 15:46:17
M  24 COMPLD
;<<RTRV-HDR keep alive sent>>
IP 25
<

   "Asd003A_OME01" 12-12-29 15:48:17
M  25 COMPLD
;<<RTRV-HDR keep alive sent>>
IP 26
<

   "Asd003A_OME01" 12-12-29 15:50:17
M  26 COMPLD
;

   "Asd003A_OME01" 12-12-29 15:51:27
A  0001202914 REPT EVT LOG
   "DATE=12-12-29,TIME=15-51-27:USERID=SNSCRIPT,PRIORITY=GEN_TL1_CMD,STATUS=COMPLD:ACT-USER:SNSCRIPT:1::::"
;

   "Asd003A_OME01" 12-12-29 15:51:28
A  0001202915 REPT EVT LOG
   "DATE=12-12-29,TIME=15-51-28:USERID=SNSCRIPT,PRIORITY=GEN_TL1_CMD,STATUS=COMPLD:CANC-USER:SNSCRIPT:1::::"
;<<RTRV-HDR keep alive sent>>
IP 27
<

   "Asd003A_OME01" 12-12-29 15:52:17
M  27 COMPLD
;<<RTRV-HDR keep alive sent>>
IP 28
<

   "Asd003A_OME01" 12-12-29 15:54:18
M  28 COMPLD
;<<RTRV-HDR keep alive sent>>
IP 29
<

   "Asd003A_OME01" 12-12-29 15:56:18
M  29 COMPLD
;<<RTRV-HDR keep alive sent>>
IP 30
<

   "Asd003A_OME01" 12-12-29 15:58:19
M  30 COMPLD
;<<RTRV-HDR keep alive sent>>
IP 31
<

   "Asd003A_OME01" 12-12-29 16:00:20
M  31 COMPLD
;

   "Asd003A_OME01" 12-12-29 16:00:29
A  0001202916 REPT EVT LOG
   "DATE=12-12-29,TIME=16-00-29:USERID=SNSCRIPT,PRIORITY=GEN_TL1_CMD,STATUS=COMPLD:ACT-USER:SNSCRIPT:1::::"
;

   "Asd003A_OME01" 12-12-29 16:00:29
A  0001202917 REPT EVT LOG
   "DATE=12-12-29,TIME=16-00-29:USERID=SNSCRIPT,PRIORITY=GEN_TL1_CMD,STATUS=COMPLD:CANC-USER:SNSCRIPT:1::::"
;<<RTRV-HDR keep alive sent>>
IP 32
<

   "Asd003A_OME01" 12-12-29 16:02:20
M  32 COMPLD
;<<RTRV-HDR keep alive sent>>
IP 33
<

   "Asd003A_OME01" 12-12-29 16:04:21
M  33 COMPLD
;<<RTRV-HDR keep alive sent>>
IP 34
<

   "Asd003A_OME01" 12-12-29 16:06:22
M  34 COMPLD
;<<RTRV-HDR keep alive sent>>
IP 35
<

   "Asd003A_OME01" 12-12-29 16:08:21
M  35 COMPLD
;<<RTRV-HDR keep alive sent>>
IP 36
<

   "Asd003A_OME01" 12-12-29 16:10:22
M  36 COMPLD
;<<RTRV-HDR keep alive sent>>
IP 37
<

   "Asd003A_OME01" 12-12-29 16:12:22
M  37 COMPLD
;

   "Asd003A_OME01" 12-12-29 16:13:33
A  0001202918 REPT EVT LOG
   "DATE=12-12-29,TIME=16-13-33:USERID=SNSCRIPT,PRIORITY=GEN_TL1_CMD,STATUS=COMPLD:ACT-USER:SNSCRIPT:1::::"
;

   "Asd003A_OME01" 12-12-29 16:13:34
A  0001202919 REPT EVT LOG
   "DATE=12-12-29,TIME=16-13-34:USERID=SNSCRIPT,PRIORITY=GEN_TL1_CMD,STATUS=COMPLD:CANC-USER:SNSCRIPT:1::::"
;<<RTRV-HDR keep alive sent>>
IP 38
<

   "Asd003A_OME01" 12-12-29 16:14:23
M  38 COMPLD
;

   "Asd003A_OME01" 12-12-29 16:15:30
A  0001202920 REPT EVT LOG
   "DATE=12-12-29,TIME=16-15-30:USERID=SNSCRIPT,PRIORITY=GEN_TL1_CMD,STATUS=COMPLD:ACT-USER:SNSCRIPT:1::::"
;

   "Asd003A_OME01" 12-12-29 16:15:30
A  0001202921 REPT EVT LOG
   "DATE=12-12-29,TIME=16-15-30:USERID=SNSCRIPT,PRIORITY=GEN_TL1_CMD,STATUS=COMPLD:CANC-USER:SNSCRIPT:1::::"
;<<RTRV-HDR keep alive sent>>
IP 39
<

   "Asd003A_OME01" 12-12-29 16:16:23
M  39 COMPLD
;<<RTRV-HDR keep alive sent>>
IP 40
<

   "Asd003A_OME01" 12-12-29 16:18:23
M  40 COMPLD
;<<RTRV-HDR keep alive sent>>
IP 41
<

   "Asd003A_OME01" 12-12-29 16:20:23
M  41 COMPLD
;<<RTRV-HDR keep alive sent>>
IP 42
<

   "Asd003A_OME01" 12-12-29 16:22:24
M  42 COMPLD
;<<RTRV-HDR keep alive sent>>
IP 43
<

   "Asd003A_OME01" 12-12-29 16:24:24
M  43 COMPLD
;<<RTRV-HDR keep alive sent>>
IP 44
<

   "Asd003A_OME01" 12-12-29 16:26:24
M  44 COMPLD
;<<RTRV-HDR keep alive sent>>
IP 45
<

   "Asd003A_OME01" 12-12-29 16:28:24
M  45 COMPLD
;<<RTRV-HDR keep alive sent>>
IP 46
<

   "Asd003A_OME01" 12-12-29 16:30:25
M  46 COMPLD
;

   "Asd003A_OME01" 12-12-29 16:30:32
A  0001202922 REPT EVT LOG
   "DATE=12-12-29,TIME=16-30-32:USERID=SNSCRIPT,PRIORITY=GEN_TL1_CMD,STATUS=COMPLD:ACT-USER:SNSCRIPT:1::::"
;

   "Asd003A_OME01" 12-12-29 16:30:33
A  0001202923 REPT EVT LOG
   "DATE=12-12-29,TIME=16-30-33:USERID=SNSCRIPT,PRIORITY=GEN_TL1_CMD,STATUS=COMPLD:CANC-USER:SNSCRIPT:1::::"
;<<RTRV-HDR keep alive sent>>
IP 47
<

   "Asd003A_OME01" 12-12-29 16:32:25
M  47 COMPLD
;<<RTRV-HDR keep alive sent>>
IP 48
<

   "Asd003A_OME01" 12-12-29 16:34:26
M  48 COMPLD
;<<RTRV-HDR keep alive sent>>
IP 49
<

   "Asd003A_OME01" 12-12-29 16:36:25
M  49 COMPLD
;<<RTRV-HDR keep alive sent>>
IP 50
<

   "Asd003A_OME01" 12-12-29 16:38:26
M  50 COMPLD
;<<RTRV-HDR keep alive sent>>
IP 51
<

   "Asd003A_OME01" 12-12-29 16:40:27
M  51 COMPLD
;<<RTRV-HDR keep alive sent>>
IP 52
<

   "Asd003A_OME01" 12-12-29 16:42:27
M  52 COMPLD
;<<RTRV-HDR keep alive sent>>
IP 53
<

   "Asd003A_OME01" 12-12-29 16:44:27
M  53 COMPLD
;

   "Asd003A_OME01" 12-12-29 16:45:29
A  0001202924 REPT EVT LOG
   "DATE=12-12-29,TIME=16-45-29:USERID=SNSCRIPT,PRIORITY=GEN_TL1_CMD,STATUS=COMPLD:ACT-USER:SNSCRIPT:1::::"
;

   "Asd003A_OME01" 12-12-29 16:45:29
A  0001202925 REPT EVT LOG
   "DATE=12-12-29,TIME=16-45-29:USERID=SNSCRIPT,PRIORITY=GEN_TL1_CMD,STATUS=COMPLD:CANC-USER:SNSCRIPT:1::::"
;<<RTRV-HDR keep alive sent>>
IP 54
<

   "Asd003A_OME01" 12-12-29 16:46:28
M  54 COMPLD
;<<RTRV-HDR keep alive sent>>
IP 55
<

   "Asd003A_OME01" 12-12-29 16:48:28
M  55 COMPLD
;<<RTRV-HDR keep alive sent>>
IP 56
<

   "Asd003A_OME01" 12-12-29 16:50:29
M  56 COMPLD
;<<RTRV-HDR keep alive sent>>
IP 57
<

   "Asd003A_OME01" 12-12-29 16:52:29
M  57 COMPLD
;<<RTRV-HDR keep alive sent>>
IP 58
<

   "Asd003A_OME01" 12-12-29 16:54:29
M  58 COMPLD
;<<RTRV-HDR keep alive sent>>
IP 59
<

   "Asd003A_OME01" 12-12-29 16:56:29
M  59 COMPLD
;