***** (re)Starting logger at Sat Dec 29 10:44:19 EST 2012*****


**** TL1 session opened at Sat Dec 29 10:44:19 EST 2012 ****


<<RTRV-HDR keep alive sent>>
ÿûÿûÿý

WARNING! This computer system and network is PRIVATE and PROPRIETARY of [SUR
Fnet] and may only be accesses by authorized users.  Unauthorized use of th
is computer system or network is strictly prohibited and may be subject to 
criminal prosecution, employee discipline up to and including discharge, or
 the termination of the vendor/service contracts.  The owner, or its agents
, may monitor any activity or communication on the computer system or netwo
RK.

--- Copyright (c) 2000 - 2011 Ciena (R) Corporation. All Rights Reserved ---
|  NOTICE: This is a private computer system.                              |
|  Unauthorized access or use may lead to prosecution.                     |
|                                                                          |
|  Ciena 6500 32-SLOT OPTICAL                                              |
----------------------------------------------------------------------------

/*
 * Starting Interactive TL1 Command Mode.
 * Type ? for help while constructing TL1 commands.
 * Type .? for specific parameter/keyword help.
 */


IP 2
<

   "Ehv001A_OME03" 12-12-29 15:44:20
M  2 DENY
   PLNA
   /*Privilege, Login Not Active*/
;<<ACT-USER sent, password hidden>>
IP 3
<

   "Ehv001A_OME03" 12-12-29 15:44:22
M  3 COMPLD
;RTRV-NETYPE:"Ehv001A_OME03"::4;
IP 4
<

   "Ehv001A_OME03" 12-12-29 15:44:22
M  4 COMPLD
   "CIENA,\"6500 32-SLOT OPTICAL\",OCP,\"REL0810Z.HD\""
;RTRV-SW-VER:"Ehv001A_OME03"::5;
IP 5
<

   "Ehv001A_OME03" 12-12-29 15:44:22
M  5 COMPLD
   "SHELF-1:REL0810Z.HD"
;RTRV-RTG-INFO:"Ehv001A_OME03"::6:::NAME="Ehv001A_OME03";
IP 6
<

   "Ehv001A_OME03" 12-12-29 15:44:55
M  6 COMPLD
   "SHELF-1::,\"Ehv001A_OME03\",80177DE7748A|145.145.68.46,00001600,YES"
;RTRV-SYS:"Ehv001A_OME03"::7;
IP 7
<

   "Ehv001A_OME03" 12-12-29 15:44:56
M  7 COMPLD
   "SHELF-1::ACTUALCOOLING=HIGHFLOW,ACTUALPOWER=2270,AINSTIMEOUT=00-05,ALMCORR=OFF,ALMHO=2.5,BAYFICINAO=FALSE,BITSMODE=SDH,CSFMCASTMAC=0180C2880001,EQPTCURRENT=180,ETHEERTH=20,ETHGFPRFI=ENABLED,ETHGFPRFIUPI=128,ETHSDTH=1,FCEERTH=20,FCSDTH=1,FIBERLOSSDETECTION=DISABLED,FILLERMGMT=ENABLED,GCC0MODE=DISABLED,GCC1MODE=DISABLED,LASEROFFFARENDFAIL=DISABLED,LINEPEVSTAT=MAN&AUTO,MAJORDEGRADETHRESH=6.00,MINCOOLING=HIGHFLOW,MINORDEGRADETHRESH=3.00,MONITORFAN=ENABLED,NEMODE=SDH,OSCMODE=OSPF,PATHEBERTH=3,PATHPEVSTAT=MAN,PATHSDTH=6,PATHSWCRIT=UNEQ&SD&EBER&AIS&LOP,PROVCURRENT=180,PTHAISINSERT=AIS&LOP,SHELFSYNCH=NO,STATE=NORMAL,WANFREERTH=20,WANFRSDTH=1,WANTREERTH=20,WANTRSDTH=1,ZONE1POWER=449,ZONE2POWER=1293,ZONE3POWER=528"
;ALW-MSG-BROADCAST:"Ehv001A_OME03":ALL:8;
IP 8
<

   "Ehv001A_OME03" 12-12-29 15:44:56
M  8 COMPLD
;RTRV-EQPT:"Ehv001A_OME03":ALL:9;
IP 9
<

   "Ehv001A_OME03" 12-12-29 15:44:57
M  9 COMPLD
   "GE-1-1::PROVPEC=NTK535LA,CTYPE=\"GE EPL 4 Port SFP\",SNMPINDEX=671220736,PEC=NTK535LA,REL= 03 ,CLEI=WMOTAJ4JAC,SER=NNTM01R1D3SY6,MDAT=2004-42,AGE=06-261-06-59,ONSC=01-039-02-34:IS,ACT"
   "PGEFC-1-1-1::PROVPEC=NTTP01CF,CTYPE=\"GE LX [10k]/FC100 SM 1310nm LC SFP\",SNMPINDEX=671220737,PEC=NTTP01CF,REL=01,CLEI=WMOTAH1JAA,SER=EXLGJPM5T5030168:IS,ACT"
   "PGEFC-1-1-2::PROVPEC=NTTP01CF,CTYPE=\"GE LX [10k]/FC100 SM 1310nm LC SFP\",SNMPINDEX=671220738,PEC=NTTP01CF,REL=01,CLEI=WMOTAH1JAA,SER=EXLGJPM6E6850073:IS,ACT"
   "PGEFC-1-1-3::PROVPEC=NTTP01CF,CTYPE=\"GE LX [10k]/FC100 SM 1310nm LC SFP\",SNMPINDEX=671220739,PEC=NTTP01CF,REL=01,CLEI=WMOTAH1JAA,SER=EXLGJPM6E6850074:IS,ACT"
   "PGEFC-1-1-4::PROVPEC=NTTP01AF,CTYPE=\"GE SX/FC100 Mx 850nm LC SFP\",SNMPINDEX=671220740,PEC=NTTP01AF,REL=01,CLEI=SOC3NNFCAA,SER=AVAGMY50000NFE  :IS,IDLE"
   "GE-1-2::PROVPEC=NTK535LA,CTYPE=\"GE EPL 4 Port SFP\",SNMPINDEX=671221760,PEC=NTK535LA,REL= 03 ,CLEI=WMOTAJ4JAC,SER=NNTMH8S000KXH,MDAT=2005-49,AGE=06-172-04-45,ONSC=01-039-02-38:IS,ACT"
   "PGEFC-1-2-1::PROVPEC=NTTP01CF,CTYPE=\"GE LX [10k]/FC100 SM 1310nm LC SFP\",SNMPINDEX=671221761,PEC=NTTP01CF,REL=01,CLEI=WMOTAH1JAA,SER=EXLGJPMZEY340124:IS,ACT"
   "PGEFC-1-2-2::PROVPEC=NTTP01CF,CTYPE=\"GE LX [10k]/FC100 SM 1310nm LC SFP\",SNMPINDEX=671221762,PEC=NTTP01CF,REL=01,CLEI=WMOTAH1JAA,SER=EXLGJPMZEY340076:IS,ACT"
   "PGEFC-1-2-4::PROVPEC=NTTP01AF,CTYPE=\"GE SX/FC100 Mx 850nm LC SFP\",SNMPINDEX=671221764,PEC=NTTP01AF,REL=01,CLEI=SOC3NNFCAA,SER=AVAGMY50000NEE  :IS,IDLE"
   "GE-1-3::PROVPEC=NTK535LA,CTYPE=\"GE EPL 4 Port SFP\",SNMPINDEX=671222784,PEC=NTK535LA,REL=07  ,CLEI=WMOTAJ4JAE,SER=NNTMH1C103MGG,MDAT=2011-09,AGE=01-124-17-38,ONSC=01-124-17-38:IS,ACT"
>

   "Ehv001A_OME03" 12-12-29 15:44:57
M  9 COMPLD
   "PGEFC-1-3-1::PROVPEC=NTTP01CF,CTYPE=\"GE LX [10k]/FC100 SM 1310nm LC SFP\",SNMPINDEX=671222785,PEC=NTTP01CF,REL=01,CLEI=WMOTAH1JAA,SER=EXLGJPM8E8290450:IS,ACT"
   "PGEFC-1-3-2::PROVPEC=NTTP01CF,CTYPE=\"GE LX [10k]/FC100 SM 1310nm LC SFP\",SNMPINDEX=671222786,PEC=NTTP01CF,REL=01,CLEI=WMOTAH1JAA,SER=EXLGJPMZEY340046:IS,ACT"
   "PGEFC-1-3-3::PROVPEC=NTTP01AF,CTYPE=\"GE SX/FC100 Mx 850nm LC SFP\",SNMPINDEX=671222787,PEC=NTTP01AF,REL=01,CLEI=SOC3NNFCAA,SER=AGLTMY0000558W  :IS,IDLE"
   "PGEFC-1-3-4::PROVPEC=NTTP01CF,CTYPE=\"GE LX [10k]/FC100 SM 1310nm LC SFP\",SNMPINDEX=671222788,PEC=NTTP01CF,REL=01,CLEI=WMOTAH1JAA,SER=EXLGJPM8E8290587:IS,ACT"
   "10GELWT-1-4::PROVPEC=NTK530BB,CTYPE=\"NGM WT 1x10GE LAN 1x11.1G DWDM Reg\",SNMPINDEX=671223808,PEC=NTK530BB,REL= 20 ,CLEI=WMOPBEXLAB,SER=NNTMH89001M0C,MDAT=2006-50,AGE=04-290-23-37,ONSC=00-251-18-21:IS,ACT"
   "P10GSEL-1-4-2::PROVPEC=NTTP80BA,CTYPE=\"OC192 SR-1:I-64.1/10GBASE-LR/LW,1310 nm, XFP, 0/70C, LC, MSA\",SNMPINDEX=671223810,PEC=NTTP80BA,REL= 04,CLEI=WMOTBNAJAA,SER=EXLGJPA430010202:IS,ACT"
   "10G-1-5::PROVPEC=NTK526JA,CTYPE=\"OC-192/STM-64 STS-1/HO 1 Port G.709 DWDM C-Band AM1/AM2\",SNMPINDEX=671224832,PEC=NTK526JA,REL= 02 ,CLEI=WMOTCM0JAB,SER=NNTMH1X101YN0,MDAT=2008-50,AGE=01-290-15-26,ONSC=00-251-18-17:IS,ACT"
   "10G-1-6::PROVPEC=NTK526JA,CTYPE=\"OC-192/STM-64 STS-1/HO 1 Port G.709 DWDM C-Band AM1/AM2\",SNMPINDEX=671225856,PEC=NTK526JA,REL= 01 ,CLEI=WMOTCM0JAA,SER=NNTMH81004632,MDAT=2008-04,AGE=01-290-15-27,ONSC=00-251-18-16:IS,ACT"
   "10G-1-7::PROVPEC=NTK523BA,CTYPE=\"OC-192/STM-64 STS-1/HO 1 Port SR-1/I-64.1\",SNMPINDEX=671226880,PEC=NTK523BA,REL= 12 ,CLEI=WMOTAHVJAC,SER=NNTMH18102EBQ,MDAT=2010-04,AGE=00-234-05-45,ONSC=00-234-05-45:IS,ACT"
   "10G-1-8::PROVPEC=NTK526JA,CTYPE=\"OC-192/STM-64 STS-1/HO 1 Port G.709 DWDM C-Band AM1/AM2\",SNMPINDEX=671227904,PEC=NTK526JA,REL= 02 ,CLEI=WMOTCM0JAB,SER=NNTMH1010394H,MDAT=2010-04,AGE=01-290-15-25,ONSC=00-251-18-13:IS,ACT"
>

   "Ehv001A_OME03" 12-12-29 15:44:57
M  9 COMPLD
   "XC-1-9::PROVPEC=NTK610BB,CTYPE=\"X-Conn 640G+ STS-1/VC-3 Sync-ST3\",SNMPINDEX=671228928,PEC=NTK610BB,REL= 01 ,CLEI=WMUCA46AAA,SER=NNTMDG000D29,MDAT=2010-04,AGE=02-028-07-22,ONSC=02-028-07-22:IS,WRKTRAF&WRKSYNC"
   "XC-1-10::PROVPEC=NTK610BB,CTYPE=\"X-Conn 640G+ STS-1/VC-3 Sync-ST3\",SNMPINDEX=671229952,PEC=NTK610BB,REL= 01 ,CLEI=WMUCA46AAA,SER=NNTMDG0005JG,MDAT=2009-38,AGE=02-028-07-27,ONSC=02-028-07-27:IS,STBYH"
   "10G-1-11::PROVPEC=NTK526LN,CTYPE=\"OC-192/STM-64 STS-1/HO 1 Port G.709 DWDM 1542.94nm\",SNMPINDEX=671230976,PEC=NTK526LN,REL= 05 ,CLEI=WMOTBD5JAA,SER=NNTM0161D47PY,MDAT=2004-50,AGE=01-291-03-56,ONSC=01-291-03-56:IS,ACT"
   "10G-1-12::PROVPEC=NTK523BA,CTYPE=\"OC-192/STM-64 STS-1/HO 1 Port SR-1/I-64.1\",SNMPINDEX=671232000,PEC=NTK523BA,REL= 05 ,CLEI=WMOTAHVJAA,SER=NNTMH86002U4O,MDAT=2011-16,AGE=01-003-08-15,ONSC=01-003-08-15:IS,ACT"
   "10G-1-13::PROVPEC=NTK526JA,CTYPE=\"OC-192/STM-64 STS-1/HO 1 Port G.709 DWDM C-Band AM1/AM2\",SNMPINDEX=671233024,PEC=NTK526JA,REL= 02 ,CLEI=WMOTCM0JAB,SER=NNTMH1K101Z9K,MDAT=2008-52,AGE=01-290-15-17,ONSC=00-251-18-07:IS,ACT"
   "10GELWT-1-14::PROVPEC=NTK530BB,CTYPE=\"NGM WT 1x10GE LAN 1x11.1G DWDM Reg\",SNMPINDEX=671234048,PEC=NTK530BB,REL= 25 ,CLEI=BAC650NJAB,SER=NNTMH8E002E3H,MDAT=2007-21,AGE=04-253-01-24,ONSC=00-251-18-10:IS,ACT"
   "P10GSEL-1-14-2::PROVPEC=NTTP80BA,CTYPE=\"OC192 SR-1:I-64.1/10GBASE-LR/LW,1310 nm, XFP, 0/70C, LC, MSA\",SNMPINDEX=671234050,PEC=NTTP80BA,REL= 04,CLEI=WMOTBNAJAA,SER=EXLGJPA430010207:IS,ACT"
   "10GWT-1-15::PROVPEC=NTK530BA,CTYPE=\"NGM WT 1xOC192/STM64 1x10.7G DWDM Reg\",SNMPINDEX=671235072,PEC=NTK530BA,REL= 20 ,CLEI=WMOPB5GLTA,SER=NNTMH8I001VYY,MDAT=2006-50,AGE=04-291-00-11,ONSC=00-251-18-03:IS,ACT"
   "P10GSEL-1-15-2::PROVPEC=NTTP80BA,CTYPE=\"OC192 SR-1:I-64.1/10GBASE-LR/LW,1310 nm, XFP, 0/70C, LC, MSA\",SNMPINDEX=671235074,PEC=NTTP80BA,REL= 04,CLEI=WMOTBNAJAA,SER=EXLGJPA430010197:IS,ACT"
   "GE-1-16::PROVPEC=NTK535LA,CTYPE=\"GE EPL 4 Port SFP\",SNMPINDEX=671236096,PEC=NTK535LA,REL=07  ,CLEI=WMOTAJ4JAE,SER=NNTMH1J103EXV,MDAT=2011-11,AGE=01-031-11-07,ONSC=01-031-11-07:IS,ACT"
>

   "Ehv001A_OME03" 12-12-29 15:44:57
M  9 COMPLD
   "PGEFC-1-16-1::PROVPEC=NTTP01CF,CTYPE=\"GE LX [10k]/FC100 SM 1310nm LC SFP\",SNMPINDEX=671236097,PEC=NTTP01CF,REL=01,CLEI=WMOTAH1JAA,SER=EXLGJPM7T7050091:IS,ACT"
   "PGEFC-1-16-2::PROVPEC=NTTP01CF,CTYPE=\"GE LX [10k]/FC100 SM 1310nm LC SFP\",SNMPINDEX=671236098,PEC=NTTP01CF,REL=01,CLEI=WMOTAH1JAA,SER=EXLGJPM8E8290706:IS,ACT"
   "PGEFC-1-16-3::PROVPEC=NTTP01CF,CTYPE=\"GE LX [10k]/FC100 SM 1310nm LC SFP\",SNMPINDEX=671236099,PEC=NTTP01CF,REL=01,CLEI=WMOTAH1JAA,SER=EXLGJPD751590668:IS,ACT"
   "PGEFC-1-16-4::PROVPEC=NTTP01CF,CTYPE=\"GE LX [10k]/FC100 SM 1310nm LC SFP\",SNMPINDEX=671236100,PEC=NTTP01CF,REL=01,CLEI=WMOTAH1JAA,SER=EXLGJPD851590686:IS,ACT"
   "GE-1-17::PROVPEC=NTK535LA,CTYPE=\"GE EPL 4 Port SFP\",SNMPINDEX=671237120,PEC=NTK535LA,REL= 03 ,CLEI=WMOTAJ4JAC,SER=NNTMH8W0001SH,MDAT=2005-24,AGE=06-260-06-04,ONSC=02-028-07-33:IS,ACT"
   "PGEFC-1-17-1::PROVPEC=NTTP01CF,CTYPE=\"GE LX [10k]/FC100 SM 1310nm LC SFP\",SNMPINDEX=671237121,PEC=NTTP01CF,REL=01,CLEI=WMOTAH1JAA,SER=EXLGJPM6E6850064:IS,ACT"
   "PGEFC-1-17-2::PROVPEC=NTTP01CF,CTYPE=\"GE LX [10k]/FC100 SM 1310nm LC SFP\",SNMPINDEX=671237122,PEC=NTTP01CF,REL=01,CLEI=WMOTAH1JAA,SER=EXLGJP8751590556:IS,ACT"
   "PGEFC-1-17-3::PROVPEC=NTTP01CF,CTYPE=\"GE LX [10k]/FC100 SM 1310nm LC SFP\",SNMPINDEX=671237123,PEC=NTTP01CF,REL=01,CLEI=WMOTAH1JAA,SER=EXLGJP8751590555:IS,ACT"
   "PGEFC-1-17-4::PROVPEC=NTTP01CF,CTYPE=\"GE LX [10k]/FC100 SM 1310nm LC SFP\",SNMPINDEX=671237124,PEC=NTTP01CF,REL=01,CLEI=WMOTAH1JAA,SER=EXLGJP8851590753:IS,ACT"
   "GE-1-18::PROVPEC=NTK535LA,CTYPE=\"GE EPL 4 Port SFP\",SNMPINDEX=671238144,PEC=NTK535LA,REL= 03 ,CLEI=WMOTAJ4JAC,SER=NNTMH8C0006TB,MDAT=2005-27,AGE=06-268-03-56,ONSC=02-028-06-50:IS,ACT"
>

   "Ehv001A_OME03" 12-12-29 15:44:57
M  9 COMPLD
   "PGEFC-1-18-1::PROVPEC=NTTP01CF,CTYPE=\"GE LX [10k]/FC100 SM 1310nm LC SFP\",SNMPINDEX=671238145,PEC=NTTP01CF,REL=01,CLEI=WMOTAH1JAA,SER=EXLGJPC4E4110256:IS,ACT"
   "PGEFC-1-18-2::PROVPEC=NTTP01CF,CTYPE=\"GE LX [10k]/FC100 SM 1310nm LC SFP\",SNMPINDEX=671238146,PEC=NTTP01CF,REL=01,CLEI=WMOTAH1JAA,SER=EXLGJPD751590596:IS,ACT"
   "PGEFC-1-18-3::PROVPEC=NTTP01CF,CTYPE=\"GE LX [10k]/FC100 SM 1310nm LC SFP\",SNMPINDEX=671238147,PEC=NTTP01CF,REL=01,CLEI=WMOTAH1JAA,SER=EXLGJP8851590847:IS,ACT"
   "PGEFC-1-18-4::PROVPEC=NTTP01CF,CTYPE=\"GE LX [10k]/FC100 SM 1310nm LC SFP\",SNMPINDEX=671238148,PEC=NTTP01CF,REL=01,CLEI=WMOTAH1JAA,SER=EXLGJPM4E4260751:IS,ACT"
   "GE-1-21::PROVPEC=NTK535LA,CTYPE=\"GE EPL 4 Port SFP\",SNMPINDEX=671241216,PEC=NTK535LA,REL=07  ,CLEI=WMOTAJ4JAE,SER=NNTMH1A1039L2,MDAT=2009-52,AGE=01-039-07-06,ONSC=01-039-07-06:IS,ACT"
   "PGEFC-1-21-1::PROVPEC=NTTP01CF,CTYPE=\"GE LX [10k]/FC100 SM 1310nm LC SFP\",SNMPINDEX=671241217,PEC=NTTP01CF,REL=01,CLEI=WMOTAH1JAA,SER=EXLGJPM6E6850072:IS,ACT"
   "PGEFC200-1-21-2::PROVPEC=NTTP06CF,CTYPE=\"GE LX [10k]/FC100/FC200 SM 1310nm LC SFP\",SNMPINDEX=671241218,PEC=NTTP06CF,REL=05,CLEI=WMOTCWUJAA,SER=WHTDCN1139000571:IS,ACT"
   "GE-1-22::PROVPEC=NTK535LA,CTYPE=\"GE EPL 4 Port SFP\",SNMPINDEX=671242240,PEC=NTK535LA,REL=07  ,CLEI=WMOTAJ4JAE,SER=NNTMH1O1039LG,MDAT=2009-52,AGE=01-039-07-06,ONSC=01-039-07-06:IS,ACT"
   "PGEFC-1-22-1::PROVPEC=NTTP01CF,CTYPE=\"GE LX [10k]/FC100 SM 1310nm LC SFP\",SNMPINDEX=671242241,PEC=NTTP01CF,REL=01,CLEI=WMOTAH1JAA,SER=EXLGJPM7T7050029:IS,ACT"
   "PGEFC200-1-22-2::PROVPEC=NTTP06CF,CTYPE=\"GE LX [10k]/FC100/FC200 SM 1310nm LC SFP\",SNMPINDEX=671242242,PEC=NTTP06CF,REL=05,CLEI=WMOTCWUJAA,SER=WHTDCN1139000565:IS,ACT"
>

   "Ehv001A_OME03" 12-12-29 15:44:57
M  9 COMPLD
   "10G-1-24::PROVPEC=NTK526JA,CTYPE=\"OC-192/STM-64 STS-1/HO 1 Port G.709 DWDM C-Band AM1/AM2\",SNMPINDEX=671244288,PEC=NTK526JA,REL= 05 ,CLEI=WMOTCM0JAB,SER=NNTMRRO017RDY,MDAT=2011-16,AGE=00-162-08-18,ONSC=00-162-08-18:IS,IDLE"
   "10GWT-1-28::PROVPEC=NTK530BA,CTYPE=\"NGM WT 1xOC192/STM64 1x10.7G DWDM Reg\",SNMPINDEX=671248384,PEC=NTK530BA,REL= 28A,CLEI=WMOPB5GLTF,SER=NNTMGYI0031BD,MDAT=2009-07,AGE=02-311-09-39,ONSC=00-251-18-00:IS,ACT"
   "P10GSEL-1-28-2::PROVPEC=NTTP80BA,CTYPE=\"OC192 SR-1:I-64.1/10GBASE-LR/LW,1310 nm, XFP, 0/70C, LC, MSA\",SNMPINDEX=671248386,PEC=NTTP80BA,REL= 04,CLEI=WMOTBNAJAA,SER=EXLGJPA430010205:IS,ACT"
   "10G-1-31::PROVPEC=NTK526KE,CTYPE=\"OC-192/STM-64 STS-1/HO 1 Port G.709 DWDM 1530.33nm\",SNMPINDEX=671251456,PEC=NTK526KE,REL= 12 ,CLEI=WMOTBDSJAC,SER=NNTMH13101WDY,MDAT=2008-51,AGE=01-291-03-37,ONSC=01-291-03-37:IS,ACT"
   "10G-1-32::PROVPEC=NTK526JA,CTYPE=\"OC-192/STM-64 STS-1/HO 1 Port G.709 DWDM C-Band AM1/AM2\",SNMPINDEX=671252480,PEC=NTK526JA,REL= 01 ,CLEI=WMOTCM0JAA,SER=NNTMH8900435R,MDAT=2007-51,AGE=01-290-15-09,ONSC=00-251-17-57:IS,ACT"
   "10GELWT-1-33::PROVPEC=NTK530BB,CTYPE=\"NGM WT 1x10GE LAN 1x11.1G DWDM Reg\",SNMPINDEX=671253504,PEC=NTK530BB,REL=37  ,CLEI=WMOPBEXLAK,SER=NNTMRRR017XNT,MDAT=2011-50,AGE=00-251-14-28,ONSC=00-251-13-19:IS,ACT"
   "P10GSEL-1-33-2::PROVPEC=NTTP80BA,CTYPE=\"OC192 SR-1:I-64.1/10GBASE-LR/LW,1310 nm, XFP, 0/70C, LC, MSA\",SNMPINDEX=671253506,PEC=NTTP80BA,REL= 04,CLEI=WMOTBNAJAA,SER=EXLGJPA430010198:IS,ACT"
   "10G-1-34::PROVPEC=NTK526JA,CTYPE=\"OC-192/STM-64 STS-1/HO 1 Port G.709 DWDM C-Band AM1/AM2\",SNMPINDEX=671254528,PEC=NTK526JA,REL= 05 ,CLEI=WMOTCM0JAB,SER=NNTMRRW017UUE,MDAT=2011-18,AGE=00-326-03-57,ONSC=00-162-08-10:IS,IDLE"
   "SP-1-41::PROVPEC=NTK555FA,CTYPE=\"SP-2 Dual CPU\",SNMPINDEX=671261696,PEC=NTK555FA,REL= 01 ,CLEI=WMUCA45AAA,SER=NNTMDG00080E,MDAT=2009-48,AGE=02-023-19-18,ONSC=01-291-05-15,TCUR=28,TAVG=28:IS,WRK"
   "SP-1-42::PROVPEC=NTK555FA,CTYPE=\"SP-2 Dual CPU\",SNMPINDEX=671262720,PEC=NTK555FA,REL= 01 ,CLEI=WMUCA45AAA,SER=NNTMDG000E9H,MDAT=2010-09,AGE=02-014-23-11,ONSC=01-291-04-21,TCUR=26,TAVG=25:IS,STBYH"
>

   "Ehv001A_OME03" 12-12-29 15:44:57
M  9 COMPLD
;RTRV-OC3:"Ehv001A_OME03":OC3-1-ALL:10;
IP 10
<

   "Ehv001A_OME03" 12-12-29 15:44:57
M  10 COMPLD
;RTRV-OC12:"Ehv001A_OME03":OC12-1-ALL:11;
IP 11
<

   "Ehv001A_OME03" 12-12-29 15:44:58
M  11 COMPLD
;RTRV-OC48:"Ehv001A_OME03":OC48-1-ALL:12;
IP 12
<

   "Ehv001A_OME03" 12-12-29 15:44:58
M  12 COMPLD
;RTRV-OC192:"Ehv001A_OME03":OC192-1-ALL:13;
IP 13
<

   "Ehv001A_OME03" 12-12-29 15:45:01
M  13 COMPLD
   "OC192-1-5-1::TMGREF=N,DCC=Y,,SDTH=6,,,,,ALS=DISABLED,DUSOVERRIDE=DISABLED,EBERTH=3,PORTMODE=SDH,UNEQMODE=VC4,,,,CLFI=\"\":IS,"
   "OC192-1-6-1::TMGREF=N,DCC=Y,,SDTH=6,,,,,ALS=DISABLED,DUSOVERRIDE=DISABLED,EBERTH=3,PORTMODE=SDH,UNEQMODE=VC4,,,,CLFI=\"\":IS,"
   "OC192-1-7-1::TMGREF=N,DCC=Y,,SDTH=6,,,,,ALS=DISABLED,DUSOVERRIDE=DISABLED,EBERTH=3,PORTMODE=SDH,UNEQMODE=VC4,,,,CLFI=\"\":IS,"
   "OC192-1-8-1::TMGREF=Y,DCC=Y,,SDTH=6,,,,,ALS=DISABLED,DUSOVERRIDE=DISABLED,EBERTH=3,PORTMODE=SDH,UNEQMODE=VC4,,,,CLFI=\"\":IS,"
   "OC192-1-11-1::TMGREF=Y,DCC=Y,,SDTH=6,,,,,ALS=DISABLED,DUSOVERRIDE=DISABLED,EBERTH=3,PORTMODE=SDH,UNEQMODE=VC4,,,,CLFI=\"\":IS,"
   "OC192-1-12-1::TMGREF=N,DCC=Y,,SDTH=6,,,,,ALS=DISABLED,DUSOVERRIDE=DISABLED,EBERTH=3,PORTMODE=SDH,UNEQMODE=VC4,,,,CLFI=\"\":IS,"
   "OC192-1-13-1::TMGREF=N,DCC=Y,,SDTH=6,,,,,ALS=DISABLED,DUSOVERRIDE=DISABLED,EBERTH=3,PORTMODE=SDH,UNEQMODE=VC4,,,,CLFI=\"\":IS,"
>

   "Ehv001A_OME03" 12-12-29 15:45:01
M  13 COMPLD
   "OC192-1-15-2::,,,SDTH=6,,,,,,EBERTH=3,PORTMODE=SDH,LASEROFFFARENDFAIL=DISABLED,OCHTXACTPWR=\"-3.3\",OCHTXMINPWR=\"-7.0\",OCHTXMAXPWR=\"0.0\",OCHRXACTPWR=\"-3.8\",OCHRXMINPWR=\"-12.5\",OCHRXMAXPWR=\"0.4\",CLFI=\"\":IS,"
   "OC192-1-24-1::TMGREF=N,DCC=Y,,SDTH=6,,,,,ALS=DISABLED,DUSOVERRIDE=DISABLED,EBERTH=3,PORTMODE=SDH,UNEQMODE=VC4,,,,CLFI=\"\":IS,DISCD"
   "OC192-1-28-2::,,,SDTH=6,,,,,,EBERTH=3,PORTMODE=SDH,LASEROFFFARENDFAIL=DISABLED,OCHTXACTPWR=\"-2.9\",OCHTXMINPWR=\"-7.0\",OCHTXMAXPWR=\"0.0\",OCHRXACTPWR=\"-4.8\",OCHRXMINPWR=\"-12.5\",OCHRXMAXPWR=\"0.4\",CLFI=\"\":IS,"
   "OC192-1-31-1::TMGREF=N,DCC=Y,,SDTH=6,,,,,ALS=DISABLED,DUSOVERRIDE=DISABLED,EBERTH=3,PORTMODE=SDH,UNEQMODE=VC4,,,,CLFI=\"\":IS,"
   "OC192-1-32-1::TMGREF=N,DCC=Y,,SDTH=6,,,,,ALS=DISABLED,DUSOVERRIDE=DISABLED,EBERTH=3,PORTMODE=SDH,UNEQMODE=VC4,,,,CLFI=\"\":IS,"
   "OC192-1-34-1::TMGREF=N,DCC=Y,,SDTH=6,,,,,ALS=DISABLED,DUSOVERRIDE=DISABLED,EBERTH=3,PORTMODE=SDH,UNEQMODE=VC4,,,,CLFI=\"\":IS,DISCD"
;RTRV-ETH:"Ehv001A_OME03":ETH-1-ALL:14;
IP 14
<

   "Ehv001A_OME03" 12-12-29 15:45:06
M  14 COMPLD
   "ETH-1-1-1::AN=ENABLE,ANSTATUS=COMPLETED,ANETHDPX=FULL,ANSPEED=1000,ANPAUSETX=DISABLE,ANPAUSERX=DISABLE,ADVETHDPX=FULL,ADVSPEED=1000,ADVFLOWCTRL=SYM,ETHDPX=FULL,SPEED=1000,FLOWCTRL=NONE,PAUSETX=DISABLE,PAUSERX=DISABLE,PAUSERXOVERRIDE=ENABLE,MTU=9600,TXCON=ENABLE,PASSCTRL=DISABLE,PAUSETXOVERRIDE=DISABLE,RXIDLE=0,CFPRF=CFPRF-1-4,PHYSADDR=001158FF5315,CLFI=\"\":IS"
   "ETH-1-1-2::AN=ENABLE,ANSTATUS=COMPLETED,ANETHDPX=FULL,ANSPEED=1000,ANPAUSETX=DISABLE,ANPAUSERX=DISABLE,ADVETHDPX=FULL,ADVSPEED=1000,ADVFLOWCTRL=ASYM,ETHDPX=FULL,SPEED=1000,FLOWCTRL=NONE,PAUSETX=DISABLE,PAUSERX=DISABLE,PAUSERXOVERRIDE=ENABLE,MTU=9600,TXCON=ENABLE,PASSCTRL=DISABLE,PAUSETXOVERRIDE=DISABLE,RXIDLE=0,CFPRF=CFPRF-1-4,PHYSADDR=001158FF5316,CLFI=\"ODF03_P2\":IS"
   "ETH-1-1-3::AN=ENABLE,ANSTATUS=COMPLETED,ANETHDPX=FULL,ANSPEED=1000,ANPAUSETX=DISABLE,ANPAUSERX=DISABLE,ADVETHDPX=FULL,ADVSPEED=1000,ADVFLOWCTRL=SYM,ETHDPX=FULL,SPEED=1000,FLOWCTRL=NONE,PAUSETX=DISABLE,PAUSERX=DISABLE,PAUSERXOVERRIDE=ENABLE,MTU=9600,TXCON=ENABLE,PASSCTRL=DISABLE,PAUSETXOVERRIDE=DISABLE,RXIDLE=0,CFPRF=CFPRF-1-4,PHYSADDR=001158FF5317,CLFI=\"\":IS"
   "ETH-1-1-4::AN=ENABLE,ANSTATUS=COMPLETED,ANETHDPX=FULL,ANSPEED=1000,ANPAUSETX=DISABLE,ANPAUSERX=DISABLE,ADVETHDPX=FULL,ADVSPEED=1000,ADVFLOWCTRL=NONE,ETHDPX=FULL,SPEED=1000,FLOWCTRL=NONE,PAUSETX=DISABLE,PAUSERX=DISABLE,PAUSERXOVERRIDE=ENABLE,MTU=9600,TXCON=ENABLE,PASSCTRL=DISABLE,PAUSETXOVERRIDE=DISABLE,RXIDLE=0,CFPRF=CFPRF-1-4,PHYSADDR=001158FF5318,CLFI=\"\":OOS-MA,DISCD"
>

   "Ehv001A_OME03" 12-12-29 15:45:06
M  14 COMPLD
   "ETH-1-2-1::AN=ENABLE,ANSTATUS=COMPLETED,ANETHDPX=FULL,ANSPEED=1000,ANPAUSETX=DISABLE,ANPAUSERX=DISABLE,ADVETHDPX=FULL,ADVSPEED=1000,ADVFLOWCTRL=ASYM,ETHDPX=FULL,SPEED=1000,FLOWCTRL=NONE,PAUSETX=DISABLE,PAUSERX=DISABLE,PAUSERXOVERRIDE=ENABLE,MTU=9600,TXCON=ENABLE,PASSCTRL=DISABLE,PAUSETXOVERRIDE=DISABLE,RXIDLE=0,CFPRF=CFPRF-1-4,PHYSADDR=00140D034781,CLFI=\"\":IS"
   "ETH-1-2-2::AN=ENABLE,ANSTATUS=COMPLETED,ANETHDPX=FULL,ANSPEED=1000,ANPAUSETX=DISABLE,ANPAUSERX=DISABLE,ADVETHDPX=FULL,ADVSPEED=1000,ADVFLOWCTRL=SYM,ETHDPX=FULL,SPEED=1000,FLOWCTRL=NONE,PAUSETX=DISABLE,PAUSERX=DISABLE,PAUSERXOVERRIDE=ENABLE,MTU=9600,TXCON=ENABLE,PASSCTRL=DISABLE,PAUSETXOVERRIDE=DISABLE,RXIDLE=0,CFPRF=CFPRF-1-4,PHYSADDR=00140D034782,CLFI=\"\":IS"
   "ETH-1-2-4::AN=ENABLE,ANSTATUS=COMPLETED,ANETHDPX=FULL,ANSPEED=1000,ANPAUSETX=DISABLE,ANPAUSERX=DISABLE,ADVETHDPX=FULL,ADVSPEED=1000,ADVFLOWCTRL=NONE,ETHDPX=FULL,SPEED=1000,FLOWCTRL=NONE,PAUSETX=DISABLE,PAUSERX=DISABLE,PAUSERXOVERRIDE=ENABLE,MTU=9600,TXCON=ENABLE,PASSCTRL=DISABLE,PAUSETXOVERRIDE=DISABLE,RXIDLE=0,CFPRF=CFPRF-1-4,PHYSADDR=00140D034784,CLFI=\"\":OOS-MA,DISCD"
   "ETH-1-3-1::AN=ENABLE,ANSTATUS=COMPLETED,ANETHDPX=FULL,ANSPEED=1000,ANPAUSETX=DISABLE,ANPAUSERX=DISABLE,ADVETHDPX=FULL,ADVSPEED=1000,ADVFLOWCTRL=ASYM,ETHDPX=FULL,SPEED=1000,FLOWCTRL=NONE,PAUSETX=DISABLE,PAUSERX=DISABLE,PAUSERXOVERRIDE=ENABLE,MTU=9600,TXCON=ENABLE,PASSCTRL=DISABLE,PAUSETXOVERRIDE=DISABLE,RXIDLE=0,CFPRF=CFPRF-1-4,PHYSADDR=0025C3BE4F8B,CLFI=\"\":IS"
>

   "Ehv001A_OME03" 12-12-29 15:45:06
M  14 COMPLD
   "ETH-1-3-2::AN=ENABLE,ANSTATUS=COMPLETED,ANETHDPX=FULL,ANSPEED=1000,ANPAUSETX=DISABLE,ANPAUSERX=DISABLE,ADVETHDPX=FULL,ADVSPEED=1000,ADVFLOWCTRL=ASYM,ETHDPX=FULL,SPEED=1000,FLOWCTRL=NONE,PAUSETX=DISABLE,PAUSERX=DISABLE,PAUSERXOVERRIDE=ENABLE,MTU=9600,TXCON=ENABLE,PASSCTRL=DISABLE,PAUSETXOVERRIDE=DISABLE,RXIDLE=0,CFPRF=CFPRF-1-4,PHYSADDR=0025C3BE4F8C,CLFI=\"\":IS"
   "ETH-1-3-3::AN=ENABLE,ANSTATUS=INPROGRESS,ANETHDPX=UNKNOWN,ANSPEED=UNKNOWN,ANPAUSETX=UNKNOWN,ANPAUSERX=UNKNOWN,ADVETHDPX=UNKNOWN,ADVSPEED=UNKNOWN,ADVFLOWCTRL=UNKNOWN,ETHDPX=FULL,SPEED=1000,FLOWCTRL=NONE,PAUSETX=DISABLE,PAUSERX=DISABLE,PAUSERXOVERRIDE=ENABLE,MTU=9600,TXCON=ENABLE,PASSCTRL=DISABLE,PAUSETXOVERRIDE=DISABLE,RXIDLE=0,CFPRF=CFPRF-1-4,PHYSADDR=0025C3BE4F8D,CLFI=\"1234567890123456789012345678901234567890\":OOS-MA,DISCD"
   "ETH-1-3-4::AN=ENABLE,ANSTATUS=COMPLETED,ANETHDPX=FULL,ANSPEED=1000,ANPAUSETX=DISABLE,ANPAUSERX=DISABLE,ADVETHDPX=FULL,ADVSPEED=1000,ADVFLOWCTRL=NONE,ETHDPX=FULL,SPEED=1000,FLOWCTRL=NONE,PAUSETX=DISABLE,PAUSERX=DISABLE,PAUSERXOVERRIDE=ENABLE,MTU=9600,TXCON=ENABLE,PASSCTRL=DISABLE,PAUSETXOVERRIDE=DISABLE,RXIDLE=0,CFPRF=CFPRF-1-4,PHYSADDR=0025C3BE4F8E,CLFI=\"\":IS"
   "ETH-1-16-1::AN=ENABLE,ANSTATUS=COMPLETED,ANETHDPX=FULL,ANSPEED=1000,ANPAUSETX=DISABLE,ANPAUSERX=DISABLE,ADVETHDPX=FULL,ADVSPEED=1000,ADVFLOWCTRL=NONE,ETHDPX=FULL,SPEED=1000,FLOWCTRL=NONE,PAUSETX=DISABLE,PAUSERX=DISABLE,PAUSERXOVERRIDE=ENABLE,MTU=9600,TXCON=ENABLE,PASSCTRL=DISABLE,PAUSETXOVERRIDE=DISABLE,RXIDLE=0,CFPRF=CFPRF-1-4,PHYSADDR=0025C3BE470A,CLFI=\"\":IS"
>

   "Ehv001A_OME03" 12-12-29 15:45:06
M  14 COMPLD
   "ETH-1-16-2::AN=ENABLE,ANSTATUS=COMPLETED,ANETHDPX=FULL,ANSPEED=1000,ANPAUSETX=DISABLE,ANPAUSERX=DISABLE,ADVETHDPX=FULL,ADVSPEED=1000,ADVFLOWCTRL=ASYM,ETHDPX=FULL,SPEED=1000,FLOWCTRL=NONE,PAUSETX=DISABLE,PAUSERX=DISABLE,PAUSERXOVERRIDE=ENABLE,MTU=9600,TXCON=ENABLE,PASSCTRL=DISABLE,PAUSETXOVERRIDE=DISABLE,RXIDLE=0,CFPRF=CFPRF-1-4,PHYSADDR=0025C3BE470B,CLFI=\"\":IS"
   "ETH-1-16-3::AN=ENABLE,ANSTATUS=COMPLETED,ANETHDPX=FULL,ANSPEED=1000,ANPAUSETX=DISABLE,ANPAUSERX=DISABLE,ADVETHDPX=FULL,ADVSPEED=1000,ADVFLOWCTRL=BOTH,ETHDPX=FULL,SPEED=1000,FLOWCTRL=NONE,PAUSETX=DISABLE,PAUSERX=DISABLE,PAUSERXOVERRIDE=ENABLE,MTU=9600,TXCON=ENABLE,PASSCTRL=DISABLE,PAUSETXOVERRIDE=DISABLE,RXIDLE=0,CFPRF=CFPRF-1-4,PHYSADDR=0025C3BE470C,CLFI=\"\":IS"
   "ETH-1-16-4::AN=ENABLE,ANSTATUS=COMPLETED,ANETHDPX=FULL,ANSPEED=1000,ANPAUSETX=DISABLE,ANPAUSERX=DISABLE,ADVETHDPX=FULL,ADVSPEED=1000,ADVFLOWCTRL=NONE,ETHDPX=FULL,SPEED=1000,FLOWCTRL=NONE,PAUSETX=DISABLE,PAUSERX=DISABLE,PAUSERXOVERRIDE=ENABLE,MTU=9600,TXCON=ENABLE,PASSCTRL=DISABLE,PAUSETXOVERRIDE=DISABLE,RXIDLE=0,CFPRF=CFPRF-1-4,PHYSADDR=0025C3BE470D,CLFI=\"\":IS"
   "ETH-1-17-1::AN=ENABLE,ANSTATUS=COMPLETED,ANETHDPX=FULL,ANSPEED=1000,ANPAUSETX=DISABLE,ANPAUSERX=DISABLE,ADVETHDPX=FULL,ADVSPEED=1000,ADVFLOWCTRL=NONE,ETHDPX=FULL,SPEED=1000,FLOWCTRL=NONE,PAUSETX=DISABLE,PAUSERX=DISABLE,PAUSERXOVERRIDE=ENABLE,MTU=9600,TXCON=ENABLE,PASSCTRL=DISABLE,PAUSETXOVERRIDE=DISABLE,RXIDLE=0,CFPRF=CFPRF-1-4,PHYSADDR=001158FF64D9,CLFI=\"\":IS"
>

   "Ehv001A_OME03" 12-12-29 15:45:06
M  14 COMPLD
   "ETH-1-17-2::AN=ENABLE,ANSTATUS=COMPLETED,ANETHDPX=FULL,ANSPEED=1000,ANPAUSETX=DISABLE,ANPAUSERX=DISABLE,ADVETHDPX=FULL,ADVSPEED=1000,ADVFLOWCTRL=NONE,ETHDPX=FULL,SPEED=1000,FLOWCTRL=NONE,PAUSETX=DISABLE,PAUSERX=DISABLE,PAUSERXOVERRIDE=ENABLE,MTU=9600,TXCON=ENABLE,PASSCTRL=DISABLE,PAUSETXOVERRIDE=DISABLE,RXIDLE=0,CFPRF=CFPRF-1-4,PHYSADDR=001158FF64DA,CLFI=\"\":IS"
   "ETH-1-17-3::AN=ENABLE,ANSTATUS=COMPLETED,ANETHDPX=FULL,ANSPEED=1000,ANPAUSETX=DISABLE,ANPAUSERX=DISABLE,ADVETHDPX=FULL,ADVSPEED=1000,ADVFLOWCTRL=SYM,ETHDPX=FULL,SPEED=1000,FLOWCTRL=NONE,PAUSETX=DISABLE,PAUSERX=DISABLE,PAUSERXOVERRIDE=ENABLE,MTU=9600,TXCON=ENABLE,PASSCTRL=DISABLE,PAUSETXOVERRIDE=DISABLE,RXIDLE=0,CFPRF=CFPRF-1-4,PHYSADDR=001158FF64DB,CLFI=\"\":IS"
   "ETH-1-17-4::AN=ENABLE,ANSTATUS=COMPLETED,ANETHDPX=FULL,ANSPEED=1000,ANPAUSETX=DISABLE,ANPAUSERX=DISABLE,ADVETHDPX=FULL,ADVSPEED=1000,ADVFLOWCTRL=BOTH,ETHDPX=FULL,SPEED=1000,FLOWCTRL=NONE,PAUSETX=DISABLE,PAUSERX=DISABLE,PAUSERXOVERRIDE=ENABLE,MTU=9600,TXCON=ENABLE,PASSCTRL=DISABLE,PAUSETXOVERRIDE=DISABLE,RXIDLE=0,CFPRF=CFPRF-1-4,PHYSADDR=001158FF64DC,CLFI=\"\":IS"
   "ETH-1-18-1::AN=ENABLE,ANSTATUS=COMPLETED,ANETHDPX=FULL,ANSPEED=1000,ANPAUSETX=DISABLE,ANPAUSERX=DISABLE,ADVETHDPX=FULL,ADVSPEED=1000,ADVFLOWCTRL=SYM,ETHDPX=FULL,SPEED=1000,FLOWCTRL=NONE,PAUSETX=DISABLE,PAUSERX=DISABLE,PAUSERXOVERRIDE=ENABLE,MTU=9600,TXCON=ENABLE,PASSCTRL=DISABLE,PAUSETXOVERRIDE=DISABLE,RXIDLE=0,CFPRF=CFPRF-1-4,PHYSADDR=001158FF72C1,CLFI=\"\":IS"
>

   "Ehv001A_OME03" 12-12-29 15:45:06
M  14 COMPLD
   "ETH-1-18-2::AN=ENABLE,ANSTATUS=INPROGRESS,ANETHDPX=UNKNOWN,ANSPEED=UNKNOWN,ANPAUSETX=UNKNOWN,ANPAUSERX=UNKNOWN,ADVETHDPX=UNKNOWN,ADVSPEED=UNKNOWN,ADVFLOWCTRL=UNKNOWN,ETHDPX=FULL,SPEED=1000,FLOWCTRL=NONE,PAUSETX=DISABLE,PAUSERX=DISABLE,PAUSERXOVERRIDE=ENABLE,MTU=9600,TXCON=ENABLE,PASSCTRL=DISABLE,PAUSETXOVERRIDE=DISABLE,RXIDLE=0,CFPRF=CFPRF-1-4,PHYSADDR=001158FF72C2,CLFI=\"\",AINSTIMELEFT=00-05:OOS-AU,FLT&AINS"
   "ETH-1-18-3::AN=ENABLE,ANSTATUS=COMPLETED,ANETHDPX=FULL,ANSPEED=1000,ANPAUSETX=DISABLE,ANPAUSERX=DISABLE,ADVETHDPX=FULL,ADVSPEED=1000,ADVFLOWCTRL=SYM,ETHDPX=FULL,SPEED=1000,FLOWCTRL=NONE,PAUSETX=DISABLE,PAUSERX=DISABLE,PAUSERXOVERRIDE=ENABLE,MTU=9600,TXCON=ENABLE,PASSCTRL=DISABLE,PAUSETXOVERRIDE=DISABLE,RXIDLE=0,CFPRF=CFPRF-1-4,PHYSADDR=001158FF72C3,CLFI=\"\":IS"
   "ETH-1-18-4::AN=ENABLE,ANSTATUS=COMPLETED,ANETHDPX=FULL,ANSPEED=1000,ANPAUSETX=DISABLE,ANPAUSERX=DISABLE,ADVETHDPX=FULL,ADVSPEED=1000,ADVFLOWCTRL=BOTH,ETHDPX=FULL,SPEED=1000,FLOWCTRL=NONE,PAUSETX=DISABLE,PAUSERX=DISABLE,PAUSERXOVERRIDE=ENABLE,MTU=9600,TXCON=ENABLE,PASSCTRL=DISABLE,PAUSETXOVERRIDE=DISABLE,RXIDLE=0,CFPRF=CFPRF-1-4,PHYSADDR=001158FF72C4,CLFI=\"\":IS"
   "ETH-1-21-1::AN=ENABLE,ANSTATUS=COMPLETED,ANETHDPX=FULL,ANSPEED=1000,ANPAUSETX=DISABLE,ANPAUSERX=DISABLE,ADVETHDPX=FULL,ADVSPEED=1000,ADVFLOWCTRL=BOTH,ETHDPX=FULL,SPEED=1000,FLOWCTRL=NONE,PAUSETX=DISABLE,PAUSERX=DISABLE,PAUSERXOVERRIDE=ENABLE,MTU=9600,TXCON=ENABLE,PASSCTRL=DISABLE,PAUSETXOVERRIDE=DISABLE,RXIDLE=0,CFPRF=CFPRF-1-4,PHYSADDR=0025C3BE420F,CLFI=\"\":IS"
>

   "Ehv001A_OME03" 12-12-29 15:45:06
M  14 COMPLD
   "ETH-1-21-2::AN=ENABLE,ANSTATUS=COMPLETED,ANETHDPX=FULL,ANSPEED=1000,ANPAUSETX=DISABLE,ANPAUSERX=DISABLE,ADVETHDPX=FULL,ADVSPEED=1000,ADVFLOWCTRL=SYM,ETHDPX=FULL,SPEED=1000,FLOWCTRL=NONE,PAUSETX=DISABLE,PAUSERX=DISABLE,PAUSERXOVERRIDE=ENABLE,MTU=9600,TXCON=ENABLE,PASSCTRL=DISABLE,PAUSETXOVERRIDE=DISABLE,RXIDLE=0,CFPRF=CFPRF-1-4,PHYSADDR=0025C3BE4210,CLFI=\"Ehv001A_O1 S11P3\":IS"
   "ETH-1-22-1::AN=ENABLE,ANSTATUS=COMPLETED,ANETHDPX=FULL,ANSPEED=1000,ANPAUSETX=DISABLE,ANPAUSERX=DISABLE,ADVETHDPX=FULL,ADVSPEED=1000,ADVFLOWCTRL=BOTH,ETHDPX=FULL,SPEED=1000,FLOWCTRL=NONE,PAUSETX=DISABLE,PAUSERX=DISABLE,PAUSERXOVERRIDE=ENABLE,MTU=9600,TXCON=ENABLE,PASSCTRL=DISABLE,PAUSETXOVERRIDE=DISABLE,RXIDLE=0,CFPRF=CFPRF-1-4,PHYSADDR=0025C3BE4218,CLFI=\"ECN via Denhelder\":IS"
   "ETH-1-22-2::AN=ENABLE,ANSTATUS=COMPLETED,ANETHDPX=FULL,ANSPEED=1000,ANPAUSETX=DISABLE,ANPAUSERX=DISABLE,ADVETHDPX=FULL,ADVSPEED=1000,ADVFLOWCTRL=NONE,ETHDPX=FULL,SPEED=1000,FLOWCTRL=NONE,PAUSETX=DISABLE,PAUSERX=DISABLE,PAUSERXOVERRIDE=ENABLE,MTU=9600,TXCON=ENABLE,PASSCTRL=DISABLE,PAUSETXOVERRIDE=DISABLE,RXIDLE=0,CFPRF=CFPRF-1-4,PHYSADDR=0025C3BE4219,CLFI=\"\":IS"
;RTRV-ETH10G:"Ehv001A_OME03":ETH10G-1-ALL:15;
IP 15
<

   "Ehv001A_OME03" 12-12-29 15:45:08
M  15 COMPLD
   "ETH10G-1-4-2::LASEROFFFARENDFAIL=DISABLED,OCHTXACTPWR=\"-3.2\",OCHTXMINPWR=\"-7.0\",OCHTXMAXPWR=\"0.0\",OCHRXACTPWR=\"-5.1\",OCHRXMINPWR=\"-12.5\",OCHRXMAXPWR=\"0.4\",FLOWCTRL=NONE,CLFI=\"\",,:IS"
   "ETH10G-1-14-2::LASEROFFFARENDFAIL=DISABLED,OCHTXACTPWR=\"-3.2\",OCHTXMINPWR=\"-7.0\",OCHTXMAXPWR=\"0.0\",OCHRXACTPWR=\"-5.5\",OCHRXMINPWR=\"-12.5\",OCHRXMAXPWR=\"0.4\",FLOWCTRL=NONE,CLFI=\"\",,:IS"
   "ETH10G-1-33-2::LASEROFFFARENDFAIL=DISABLED,OCHTXACTPWR=\"-3.4\",OCHTXMINPWR=\"-7.0\",OCHTXMAXPWR=\"0.0\",OCHRXACTPWR=\"-3.0\",OCHRXMINPWR=\"-12.5\",OCHRXMAXPWR=\"0.4\",FLOWCTRL=NONE,CLFI=\"\",,:IS"
>

   "Ehv001A_OME03" 12-12-29 15:45:08
M  15 COMPLD
;RTRV-ETH100:"Ehv001A_OME03":ETH100-1-ALL:16;
IP 16
<

   "Ehv001A_OME03" 12-12-29 15:45:08
M  16 COMPLD
;RTRV-WAN:"Ehv001A_OME03":WAN-1-ALL:17;
IP 17
<

   "Ehv001A_OME03" 12-12-29 15:45:12
M  17 COMPLD
   "WAN-1-1-1::MAPPING=GFP-F,RATE=STS3C,VCAT=ENABLE,LCAS=DISABLE,PROVUNITS=1,ACTUALUNITS=1,MAGICNUM=DISABLE,LCM=DISABLE,NCP=NONE,MODE=SDH,FCS=32,SCRAMBLE=ENABLE,LANFCS=ENABLE,RTDELAY=3703,CONDTYPE=GFPCMF,GFPRFI=ENABLE,AVLBLRATE=STS3C,PROVRXUNITS=1,GFPRTDELAY=ENABLE,MAXVCDEL=14000,CURRVCDEL=0,ACTUALRXUNITS=1:IS"
   "WAN-1-1-2::MAPPING=GFP-F,RATE=STS3C,VCAT=ENABLE,LCAS=DISABLE,PROVUNITS=7,ACTUALUNITS=7,MAGICNUM=DISABLE,LCM=DISABLE,NCP=NONE,MODE=SDH,FCS=32,SCRAMBLE=ENABLE,LANFCS=ENABLE,RTDELAY=1600,CONDTYPE=GFPCMF,GFPRFI=ENABLE,AVLBLRATE=STS3C,PROVRXUNITS=7,GFPRTDELAY=ENABLE,MAXVCDEL=14000,CURRVCDEL=0,ACTUALRXUNITS=7:IS"
   "WAN-1-1-3::MAPPING=GFP-F,RATE=STS3C,VCAT=ENABLE,LCAS=DISABLE,PROVUNITS=2,ACTUALUNITS=2,MAGICNUM=DISABLE,LCM=DISABLE,NCP=NONE,MODE=SDH,FCS=32,SCRAMBLE=ENABLE,LANFCS=ENABLE,RTDELAY=3935,CONDTYPE=GFPCMF,GFPRFI=ENABLE,AVLBLRATE=STS3C,PROVRXUNITS=2,GFPRTDELAY=ENABLE,MAXVCDEL=14000,CURRVCDEL=0,ACTUALRXUNITS=2:IS"
   "WAN-1-1-4::MAPPING=GFP-F,RATE=NONE,VCAT=ENABLE,LCAS=DISABLE,PROVUNITS=0,ACTUALUNITS=0,MAGICNUM=DISABLE,LCM=DISABLE,NCP=NONE,MODE=SDH,FCS=32,SCRAMBLE=ENABLE,LANFCS=ENABLE,RTDELAY=UNKNOWN,CONDTYPE=GFPCMF,GFPRFI=ENABLE,AVLBLRATE=STS3C,PROVRXUNITS=0,GFPRTDELAY=ENABLE,MAXVCDEL=14000,CURRVCDEL=0,ACTUALRXUNITS=0:OOS-MA,DISCD"
   "WAN-1-2-1::MAPPING=GFP-F,RATE=STS3C,VCAT=ENABLE,LCAS=DISABLE,PROVUNITS=7,ACTUALUNITS=7,MAGICNUM=DISABLE,LCM=DISABLE,NCP=NONE,MODE=SDH,FCS=32,SCRAMBLE=ENABLE,LANFCS=ENABLE,RTDELAY=1835,CONDTYPE=GFPCMF,GFPRFI=ENABLE,AVLBLRATE=STS3C,PROVRXUNITS=7,GFPRTDELAY=ENABLE,MAXVCDEL=14000,CURRVCDEL=0,ACTUALRXUNITS=7:IS"
>

   "Ehv001A_OME03" 12-12-29 15:45:12
M  17 COMPLD
   "WAN-1-2-2::MAPPING=GFP-F,RATE=STS3C,VCAT=ENABLE,LCAS=DISABLE,PROVUNITS=1,ACTUALUNITS=1,MAGICNUM=DISABLE,LCM=DISABLE,NCP=NONE,MODE=SDH,FCS=32,SCRAMBLE=ENABLE,LANFCS=ENABLE,RTDELAY=2984,CONDTYPE=GFPCMF,GFPRFI=ENABLE,AVLBLRATE=STS3C,PROVRXUNITS=1,GFPRTDELAY=ENABLE,MAXVCDEL=14000,CURRVCDEL=0,ACTUALRXUNITS=1:IS"
   "WAN-1-2-4::MAPPING=GFP-F,RATE=NONE,VCAT=ENABLE,LCAS=DISABLE,PROVUNITS=0,ACTUALUNITS=0,MAGICNUM=DISABLE,LCM=DISABLE,NCP=NONE,MODE=SDH,FCS=32,SCRAMBLE=ENABLE,LANFCS=ENABLE,RTDELAY=UNKNOWN,CONDTYPE=GFPCMF,GFPRFI=ENABLE,AVLBLRATE=STS1HO/STS1LO/STS3C,PROVRXUNITS=0,GFPRTDELAY=ENABLE,MAXVCDEL=14000,CURRVCDEL=0,ACTUALRXUNITS=0:OOS-MA,DISCD"
   "WAN-1-3-1::MAPPING=GFP-F,RATE=STS3C,VCAT=ENABLE,LCAS=DISABLE,PROVUNITS=7,ACTUALUNITS=7,MAGICNUM=DISABLE,LCM=DISABLE,NCP=NONE,MODE=SDH,FCS=32,SCRAMBLE=ENABLE,LANFCS=ENABLE,RTDELAY=747,CONDTYPE=GFPCMF,GFPRFI=ENABLE,AVLBLRATE=STS3C,PROVRXUNITS=7,GFPRTDELAY=ENABLE,MAXVCDEL=14000,CURRVCDEL=0,ACTUALRXUNITS=7:IS"
   "WAN-1-3-2::MAPPING=GFP-F,RATE=STS3C,VCAT=ENABLE,LCAS=DISABLE,PROVUNITS=7,ACTUALUNITS=7,MAGICNUM=DISABLE,LCM=DISABLE,NCP=NONE,MODE=SDH,FCS=32,SCRAMBLE=ENABLE,LANFCS=ENABLE,RTDELAY=2402,CONDTYPE=GFPCMF,GFPRFI=ENABLE,AVLBLRATE=STS3C,PROVRXUNITS=7,GFPRTDELAY=ENABLE,MAXVCDEL=14000,CURRVCDEL=0,ACTUALRXUNITS=7:IS"
   "WAN-1-3-3::MAPPING=GFP-F,RATE=NONE,VCAT=ENABLE,LCAS=DISABLE,PROVUNITS=0,ACTUALUNITS=0,MAGICNUM=DISABLE,LCM=DISABLE,NCP=NONE,MODE=SDH,FCS=32,SCRAMBLE=ENABLE,LANFCS=ENABLE,RTDELAY=UNKNOWN,CONDTYPE=GFPCMF,GFPRFI=ENABLE,AVLBLRATE=STS3C,PROVRXUNITS=0,GFPRTDELAY=ENABLE,MAXVCDEL=14000,CURRVCDEL=0,ACTUALRXUNITS=0:OOS-MA,DISCD"
>

   "Ehv001A_OME03" 12-12-29 15:45:12
M  17 COMPLD
   "WAN-1-3-4::MAPPING=GFP-F,RATE=STS3C,VCAT=ENABLE,LCAS=DISABLE,PROVUNITS=4,ACTUALUNITS=4,MAGICNUM=DISABLE,LCM=DISABLE,NCP=NONE,MODE=SDH,FCS=32,SCRAMBLE=ENABLE,LANFCS=ENABLE,RTDELAY=3237,CONDTYPE=GFPCMF,GFPRFI=ENABLE,AVLBLRATE=STS3C,PROVRXUNITS=4,GFPRTDELAY=ENABLE,MAXVCDEL=14000,CURRVCDEL=125,ACTUALRXUNITS=4:IS"
   "WAN-1-16-1::MAPPING=GFP-F,RATE=STS3C,VCAT=ENABLE,LCAS=DISABLE,PROVUNITS=2,ACTUALUNITS=2,MAGICNUM=DISABLE,LCM=DISABLE,NCP=NONE,MODE=SDH,FCS=32,SCRAMBLE=ENABLE,LANFCS=ENABLE,RTDELAY=2913,CONDTYPE=GFPCMF,GFPRFI=ENABLE,AVLBLRATE=STS3C,PROVRXUNITS=2,GFPRTDELAY=ENABLE,MAXVCDEL=14000,CURRVCDEL=0,ACTUALRXUNITS=2:IS"
   "WAN-1-16-2::MAPPING=GFP-F,RATE=STS3C,VCAT=ENABLE,LCAS=DISABLE,PROVUNITS=7,ACTUALUNITS=7,MAGICNUM=DISABLE,LCM=DISABLE,NCP=NONE,MODE=SDH,FCS=32,SCRAMBLE=ENABLE,LANFCS=ENABLE,RTDELAY=987,CONDTYPE=GFPCMF,GFPRFI=ENABLE,AVLBLRATE=STS3C,PROVRXUNITS=7,GFPRTDELAY=ENABLE,MAXVCDEL=14000,CURRVCDEL=0,ACTUALRXUNITS=7:IS"
   "WAN-1-16-3::MAPPING=GFP-F,RATE=STS3C,VCAT=ENABLE,LCAS=DISABLE,PROVUNITS=7,ACTUALUNITS=7,MAGICNUM=DISABLE,LCM=DISABLE,NCP=NONE,MODE=SDH,FCS=32,SCRAMBLE=ENABLE,LANFCS=ENABLE,RTDELAY=7953,CONDTYPE=GFPCMF,GFPRFI=ENABLE,AVLBLRATE=STS3C,PROVRXUNITS=7,GFPRTDELAY=ENABLE,MAXVCDEL=14000,CURRVCDEL=0,ACTUALRXUNITS=7:IS"
   "WAN-1-16-4::MAPPING=GFP-F,RATE=STS3C,VCAT=ENABLE,LCAS=DISABLE,PROVUNITS=7,ACTUALUNITS=7,MAGICNUM=DISABLE,LCM=DISABLE,NCP=NONE,MODE=SDH,FCS=32,SCRAMBLE=ENABLE,LANFCS=ENABLE,RTDELAY=3918,CONDTYPE=GFPCMF,GFPRFI=ENABLE,AVLBLRATE=STS3C,PROVRXUNITS=7,GFPRTDELAY=ENABLE,MAXVCDEL=14000,CURRVCDEL=0,ACTUALRXUNITS=7:IS"
>

   "Ehv001A_OME03" 12-12-29 15:45:12
M  17 COMPLD
   "WAN-1-17-1::MAPPING=GFP-F,RATE=STS3C,VCAT=ENABLE,LCAS=DISABLE,PROVUNITS=7,ACTUALUNITS=7,MAGICNUM=DISABLE,LCM=DISABLE,NCP=NONE,MODE=SDH,FCS=32,SCRAMBLE=ENABLE,LANFCS=ENABLE,RTDELAY=3976,CONDTYPE=GFPCMF,GFPRFI=ENABLE,AVLBLRATE=STS3C,PROVRXUNITS=7,GFPRTDELAY=ENABLE,MAXVCDEL=14000,CURRVCDEL=0,ACTUALRXUNITS=7:IS"
   "WAN-1-17-2::MAPPING=GFP-F,RATE=STS3C,VCAT=ENABLE,LCAS=DISABLE,PROVUNITS=7,ACTUALUNITS=7,MAGICNUM=DISABLE,LCM=DISABLE,NCP=NONE,MODE=SDH,FCS=32,SCRAMBLE=ENABLE,LANFCS=ENABLE,RTDELAY=7722,CONDTYPE=GFPCMF,GFPRFI=ENABLE,AVLBLRATE=STS3C,PROVRXUNITS=7,GFPRTDELAY=ENABLE,MAXVCDEL=14000,CURRVCDEL=0,ACTUALRXUNITS=7:IS"
   "WAN-1-17-3::MAPPING=GFP-F,RATE=STS3C,VCAT=ENABLE,LCAS=DISABLE,PROVUNITS=1,ACTUALUNITS=1,MAGICNUM=DISABLE,LCM=DISABLE,NCP=NONE,MODE=SDH,FCS=32,SCRAMBLE=ENABLE,LANFCS=ENABLE,RTDELAY=6043,CONDTYPE=GFPCMF,GFPRFI=ENABLE,AVLBLRATE=STS3C,PROVRXUNITS=1,GFPRTDELAY=ENABLE,MAXVCDEL=14000,CURRVCDEL=0,ACTUALRXUNITS=1:IS"
   "WAN-1-17-4::MAPPING=GFP-F,RATE=STS3C,VCAT=ENABLE,LCAS=DISABLE,PROVUNITS=7,ACTUALUNITS=7,MAGICNUM=DISABLE,LCM=DISABLE,NCP=NONE,MODE=SDH,FCS=32,SCRAMBLE=ENABLE,LANFCS=ENABLE,RTDELAY=3675,CONDTYPE=GFPCMF,GFPRFI=ENABLE,AVLBLRATE=STS3C,PROVRXUNITS=7,GFPRTDELAY=ENABLE,MAXVCDEL=14000,CURRVCDEL=0,ACTUALRXUNITS=7:IS"
   "WAN-1-18-1::MAPPING=GFP-F,RATE=STS3C,VCAT=ENABLE,LCAS=DISABLE,PROVUNITS=1,ACTUALUNITS=1,MAGICNUM=DISABLE,LCM=DISABLE,NCP=NONE,MODE=SDH,FCS=32,SCRAMBLE=ENABLE,LANFCS=ENABLE,RTDELAY=763,CONDTYPE=GFPCMF,GFPRFI=ENABLE,AVLBLRATE=STS3C,PROVRXUNITS=1,GFPRTDELAY=ENABLE,MAXVCDEL=14000,CURRVCDEL=0,ACTUALRXUNITS=1:IS"
>

   "Ehv001A_OME03" 12-12-29 15:45:12
M  17 COMPLD
   "WAN-1-18-2::MAPPING=GFP-F,RATE=STS3C,VCAT=ENABLE,LCAS=DISABLE,PROVUNITS=1,ACTUALUNITS=1,MAGICNUM=DISABLE,LCM=DISABLE,NCP=NONE,MODE=SDH,FCS=32,SCRAMBLE=ENABLE,LANFCS=ENABLE,RTDELAY=134,CONDTYPE=GFPCMF,GFPRFI=ENABLE,AVLBLRATE=STS3C,PROVRXUNITS=1,GFPRTDELAY=ENABLE,MAXVCDEL=14000,CURRVCDEL=0,ACTUALRXUNITS=1:IS,AINS"
   "WAN-1-18-3::MAPPING=GFP-F,RATE=STS3C,VCAT=ENABLE,LCAS=DISABLE,PROVUNITS=1,ACTUALUNITS=1,MAGICNUM=DISABLE,LCM=DISABLE,NCP=NONE,MODE=SDH,FCS=32,SCRAMBLE=ENABLE,LANFCS=ENABLE,RTDELAY=7383,CONDTYPE=GFPCMF,GFPRFI=ENABLE,AVLBLRATE=STS3C,PROVRXUNITS=1,GFPRTDELAY=ENABLE,MAXVCDEL=14000,CURRVCDEL=0,ACTUALRXUNITS=1:IS"
   "WAN-1-18-4::MAPPING=GFP-F,RATE=STS3C,VCAT=ENABLE,LCAS=DISABLE,PROVUNITS=7,ACTUALUNITS=7,MAGICNUM=DISABLE,LCM=DISABLE,NCP=NONE,MODE=SDH,FCS=32,SCRAMBLE=ENABLE,LANFCS=ENABLE,RTDELAY=3572,CONDTYPE=GFPCMF,GFPRFI=ENABLE,AVLBLRATE=STS3C,PROVRXUNITS=7,GFPRTDELAY=ENABLE,MAXVCDEL=14000,CURRVCDEL=0,ACTUALRXUNITS=7:IS"
   "WAN-1-21-1::MAPPING=GFP-F,RATE=STS3C,VCAT=ENABLE,LCAS=DISABLE,PROVUNITS=1,ACTUALUNITS=1,MAGICNUM=DISABLE,LCM=DISABLE,NCP=NONE,MODE=SDH,FCS=32,SCRAMBLE=ENABLE,LANFCS=ENABLE,RTDELAY=4479,CONDTYPE=GFPCMF,GFPRFI=ENABLE,AVLBLRATE=STS3C,PROVRXUNITS=1,GFPRTDELAY=ENABLE,MAXVCDEL=14000,CURRVCDEL=0,ACTUALRXUNITS=1:IS"
   "WAN-1-21-2::MAPPING=GFP-F,RATE=STS3C,VCAT=ENABLE,LCAS=DISABLE,PROVUNITS=1,ACTUALUNITS=1,MAGICNUM=DISABLE,LCM=DISABLE,NCP=NONE,MODE=SDH,FCS=32,SCRAMBLE=ENABLE,LANFCS=ENABLE,RTDELAY=1546,CONDTYPE=GFPCMF,GFPRFI=ENABLE,AVLBLRATE=STS3C,PROVRXUNITS=1,GFPRTDELAY=ENABLE,MAXVCDEL=14000,CURRVCDEL=0,ACTUALRXUNITS=1:IS"
>

   "Ehv001A_OME03" 12-12-29 15:45:12
M  17 COMPLD
   "WAN-1-22-1::MAPPING=GFP-F,RATE=STS3C,VCAT=ENABLE,LCAS=DISABLE,PROVUNITS=1,ACTUALUNITS=1,MAGICNUM=DISABLE,LCM=DISABLE,NCP=NONE,MODE=SDH,FCS=32,SCRAMBLE=ENABLE,LANFCS=ENABLE,RTDELAY=9318,CONDTYPE=GFPCMF,GFPRFI=ENABLE,AVLBLRATE=STS3C,PROVRXUNITS=1,GFPRTDELAY=ENABLE,MAXVCDEL=14000,CURRVCDEL=0,ACTUALRXUNITS=1:IS"
   "WAN-1-22-2::MAPPING=GFP-F,RATE=STS3C,VCAT=ENABLE,LCAS=DISABLE,PROVUNITS=1,ACTUALUNITS=1,MAGICNUM=DISABLE,LCM=DISABLE,NCP=NONE,MODE=SDH,FCS=32,SCRAMBLE=ENABLE,LANFCS=ENABLE,RTDELAY=1566,CONDTYPE=GFPCMF,GFPRFI=ENABLE,AVLBLRATE=STS3C,PROVRXUNITS=1,GFPRTDELAY=ENABLE,MAXVCDEL=14000,CURRVCDEL=0,ACTUALRXUNITS=1:IS"
;RTRV-VCS:"Ehv001A_OME03":VCS-1-ALL:18;
IP 18
<

   "Ehv001A_OME03" 12-12-29 15:45:13
M  18 COMPLD
;RTRV-VCE:"Ehv001A_OME03":VCE-1-ALL:19;
IP 19
<

   "Ehv001A_OME03" 12-12-29 15:45:13
M  19 COMPLD
;RTRV-VCEMAP:"Ehv001A_OME03":VCEMAP-1-ALL:20;
IP 20
<

   "Ehv001A_OME03" 12-12-29 15:45:14
M  20 COMPLD
;RTRV-CRS-ALL:"Ehv001A_OME03"::21:::CKTID=ALL;
IP 21
<

   "Ehv001A_OME03" 12-12-29 15:45:14
M  21 COMPLD
   "STS3C-1-7-1-97,STS3C-1-1-3-1:2WAY:PRIMARYXC=SHELF,PRIME=OSS,CKTID=\"2126LR1_Ehv01-Asd01_RIVM-O13(BOBZ@Ehv15 DigiBob_OPN)\":STS3C:"
   "STS3C-1-7-1-100,STS3C-1-1-3-4:2WAY:PRIMARYXC=SHELF,PRIME=OSS,CKTID=\"2126LR1_Ehv01-Asd01_RIVM-O13(BOBZ@Ehv15 DigiBob_OPN)\":STS3C:"
   "STS3C-1-6-1-22,STS3C-1-1-2-1:2WAYPR:SWMATE=STS3C-1-13-1-46,PRIMARYXC=SHELF,PRIME=OSS,CKTID=\"2056LP_Tb01-Ehv01_FONTYS-O06(Tb05-OPN)\":STS3C:"
   "STS3C-1-6-1-25,STS3C-1-1-2-4:2WAYPR:SWMATE=STS3C-1-13-1-49,PRIMARYXC=SHELF,PRIME=OSS,CKTID=\"2056LP_Tb01-Ehv01_FONTYS-O06(Tb05-OPN)\":STS3C:"
   "STS3C-1-6-1-28,STS3C-1-1-2-7:2WAYPR:SWMATE=STS3C-1-13-1-52,PRIMARYXC=SHELF,PRIME=OSS,CKTID=\"2056LP_Tb01-Ehv01_FONTYS-O06(Tb05-OPN)\":STS3C:"
   "STS3C-1-6-1-31,STS3C-1-1-2-10:2WAYPR:SWMATE=STS3C-1-13-1-55,PRIMARYXC=SHELF,PRIME=OSS,CKTID=\"2056LP_Tb01-Ehv01_FONTYS-O06(Tb05-OPN)\":STS3C:"
   "STS3C-1-6-1-34,STS3C-1-1-2-13:2WAYPR:SWMATE=STS3C-1-13-1-58,PRIMARYXC=SHELF,PRIME=OSS,CKTID=\"2056LP_Tb01-Ehv01_FONTYS-O06(Tb05-OPN)\":STS3C:"
   "STS3C-1-6-1-37,STS3C-1-1-2-16:2WAYPR:SWMATE=STS3C-1-13-1-61,PRIMARYXC=SHELF,PRIME=OSS,CKTID=\"2056LP_Tb01-Ehv01_FONTYS-O06(Tb05-OPN)\":STS3C:"
   "STS3C-1-6-1-40,STS3C-1-1-2-19:2WAYPR:SWMATE=STS3C-1-13-1-64,PRIMARYXC=SHELF,PRIME=OSS,CKTID=\"2056LP_Tb01-Ehv01_FONTYS-O06(Tb05-OPN)\":STS3C:"
   "STS3C-1-8-1-22,STS3C-1-1-1-1:2WAY:PRIMARYXC=SHELF,PRIME=OSS,CKTID=\"2007LR1_Ehv01-Asd01_OU-O15(Ehv06-OPN)\":STS3C:"
   "STS3C-1-11-1-1,STS3C-1-2-2-1:2WAY:PRIMARYXC=SHELF,PRIME=OSS,CKTID=\"2007LR2_Ehv01-Asd02_OU-O15(Ehv06-OPN)\":STS3C:"
   "STS3C-1-31-1-127,STS3C-1-2-1-1:2WAYPR:SWMATE=STS3C-1-8-1-127,PRIMARYXC=SHELF,PRIME=OSS,CKTID=\"2057LP_Std01-Ehv01_FONTYS-O06(Std-OPN)\":STS3C:"
   "STS3C-1-31-1-130,STS3C-1-2-1-4:2WAYPR:SWMATE=STS3C-1-8-1-130,PRIMARYXC=SHELF,PRIME=OSS,CKTID=\"2057LP_Std01-Ehv01_FONTYS-O06(Std-OPN)\":STS3C:"
   "STS3C-1-31-1-133,STS3C-1-2-1-7:2WAYPR:SWMATE=STS3C-1-8-1-133,PRIMARYXC=SHELF,PRIME=OSS,CKTID=\"2057LP_Std01-Ehv01_FONTYS-O06(Std-OPN)\":STS3C:"
   "STS3C-1-31-1-136,STS3C-1-2-1-10:2WAYPR:SWMATE=STS3C-1-8-1-136,PRIMARYXC=SHELF,PRIME=OSS,CKTID=\"2057LP_Std01-Ehv01_FONTYS-O06(Std-OPN)\":STS3C:"
   "STS3C-1-31-1-139,STS3C-1-2-1-13:2WAYPR:SWMATE=STS3C-1-8-1-139,PRIMARYXC=SHELF,PRIME=OSS,CKTID=\"2057LP_Std01-Ehv01_FONTYS-O06(Std-OPN)\":STS3C:"
   "STS3C-1-31-1-142,STS3C-1-2-1-16:2WAYPR:SWMATE=STS3C-1-8-1-142,PRIMARYXC=SHELF,PRIME=OSS,CKTID=\"2057LP_Std01-Ehv01_FONTYS-O06(Std-OPN)\":STS3C:"
   "STS3C-1-31-1-145,STS3C-1-2-1-19:2WAYPR:SWMATE=STS3C-1-8-1-145,PRIMARYXC=SHELF,PRIME=OSS,CKTID=\"2057LP_Std01-Ehv01_FONTYS-O06(Std-OPN)\":STS3C:"
>

   "Ehv001A_OME03" 12-12-29 15:45:14
M  21 COMPLD
   "STS3C-1-12-1-22,STS3C-1-3-4-1:2WAYPR:SWMATE=STS3C-1-5-1-1,PRIMARYXC=SHELF,PRIME=OSS,CKTID=\"2087LP_Ehv01-Dt08_TNO-O22(Ehv01-OPN)\":STS3C:"
   "STS3C-1-12-1-25,STS3C-1-3-4-4:2WAYPR:SWMATE=STS3C-1-5-1-4,PRIMARYXC=SHELF,PRIME=OSS,CKTID=\"2087LP_Ehv01-Dt08_TNO-O22(Ehv01-OPN)\":STS3C:"
   "STS3C-1-12-1-28,STS3C-1-3-4-7:2WAYPR:SWMATE=STS3C-1-5-1-7,PRIMARYXC=SHELF,PRIME=OSS,CKTID=\"2087LP_Ehv01-Dt08_TNO-O22(Ehv01-OPN)\":STS3C:"
   "STS3C-1-12-1-31,STS3C-1-3-4-10:2WAYPR:SWMATE=STS3C-1-5-1-10,PRIMARYXC=SHELF,PRIME=OSS,CKTID=\"2087LP_Ehv01-Dt08_TNO-O22(Ehv01-OPN)\":STS3C:"
   "STS3C-1-8-1-169,STS3C-1-3-2-1:2WAYPR:SWMATE=STS3C-1-31-1-169,PRIMARYXC=SHELF,PRIME=OSS,CKTID=\"2052LP_Vl02-Ehv01_FONTYS-O06(Vl02-OPN)\":STS3C:"
   "STS3C-1-8-1-172,STS3C-1-3-2-4:2WAYPR:SWMATE=STS3C-1-31-1-172,PRIMARYXC=SHELF,PRIME=OSS,CKTID=\"2052LP_Vl02-Ehv01_FONTYS-O06(Vl02-OPN)\":STS3C:"
   "STS3C-1-8-1-175,STS3C-1-3-2-7:2WAYPR:SWMATE=STS3C-1-31-1-175,PRIMARYXC=SHELF,PRIME=OSS,CKTID=\"2052LP_Vl02-Ehv01_FONTYS-O06(Vl02-OPN)\":STS3C:"
   "STS3C-1-8-1-178,STS3C-1-3-2-10:2WAYPR:SWMATE=STS3C-1-31-1-178,PRIMARYXC=SHELF,PRIME=OSS,CKTID=\"2052LP_Vl02-Ehv01_FONTYS-O06(Vl02-OPN)\":STS3C:"
   "STS3C-1-8-1-181,STS3C-1-3-2-13:2WAYPR:SWMATE=STS3C-1-31-1-181,PRIMARYXC=SHELF,PRIME=OSS,CKTID=\"2052LP_Vl02-Ehv01_FONTYS-O06(Vl02-OPN)\":STS3C:"
   "STS3C-1-8-1-184,STS3C-1-3-2-16:2WAYPR:SWMATE=STS3C-1-31-1-184,PRIMARYXC=SHELF,PRIME=OSS,CKTID=\"2052LP_Vl02-Ehv01_FONTYS-O06(Vl02-OPN)\":STS3C:"
   "STS3C-1-8-1-187,STS3C-1-3-2-19:2WAYPR:SWMATE=STS3C-1-31-1-187,PRIMARYXC=SHELF,PRIME=OSS,CKTID=\"2052LP_Vl02-Ehv01_FONTYS-O06(Vl02-OPN)\":STS3C:"
   "STS3C-1-13-1-1,STS3C-1-3-1-1:2WAYPR:SWMATE=STS3C-1-8-1-85,PRIMARYXC=SHELF,PRIME=OSS,CKTID=\"2054LP_Ht01-Ehv01_FONTYS-O06(Ht02-OPN)\":STS3C:"
   "STS3C-1-13-1-4,STS3C-1-3-1-4:2WAYPR:SWMATE=STS3C-1-8-1-88,PRIMARYXC=SHELF,PRIME=OSS,CKTID=\"2054LP_Ht01-Ehv01_FONTYS-O06(Ht02-OPN)\":STS3C:"
   "STS3C-1-13-1-7,STS3C-1-3-1-7:2WAYPR:SWMATE=STS3C-1-8-1-91,PRIMARYXC=SHELF,PRIME=OSS,CKTID=\"2054LP_Ht01-Ehv01_FONTYS-O06(Ht02-OPN)\":STS3C:"
   "STS3C-1-13-1-10,STS3C-1-3-1-10:2WAYPR:SWMATE=STS3C-1-8-1-94,PRIMARYXC=SHELF,PRIME=OSS,CKTID=\"2054LP_Ht01-Ehv01_FONTYS-O06(Ht02-OPN)\":STS3C:"
   "STS3C-1-13-1-13,STS3C-1-3-1-13:2WAYPR:SWMATE=STS3C-1-8-1-97,PRIMARYXC=SHELF,PRIME=OSS,CKTID=\"2054LP_Ht01-Ehv01_FONTYS-O06(Ht02-OPN)\":STS3C:"
   "STS3C-1-13-1-16,STS3C-1-3-1-16:2WAYPR:SWMATE=STS3C-1-8-1-100,PRIMARYXC=SHELF,PRIME=OSS,CKTID=\"2054LP_Ht01-Ehv01_FONTYS-O06(Ht02-OPN)\":STS3C:"
   "STS3C-1-13-1-19,STS3C-1-3-1-19:2WAYPR:SWMATE=STS3C-1-8-1-103,PRIMARYXC=SHELF,PRIME=OSS,CKTID=\"2054LP_Ht01-Ehv01_FONTYS-O06(Ht02-OPN)\":STS3C:"
>

   "Ehv001A_OME03" 12-12-29 15:45:14
M  21 COMPLD
   "STS3C-1-31-1-1,STS3C-1-5-1-13:2WAY:PRIMARYXC=SHELF,PRIME=OSS,CKTID=\"T2086LR1_Ah01A-Dt08A_TNO(Ap04)\":STS3C:"
   "STS3C-1-31-1-10,STS3C-1-5-1-37:2WAY:PRIMARYXC=SHELF,PRIME=OSS,CKTID=\"T2117LR2_Ap01-Rt01_LSOP-O14(Rt05)\":STS3C:"
   "STS3C-1-22-1-1,STS3C-1-7-1-10:2WAY:PRIMARYXC=SHELF,PRIME=OSS,CKTID=\"2182LR2_Hedr01-Ehv01_ECN(Pet01-Ehv01)\":STS3C:"
   "STS3C-1-16-4-1,STS3C-1-7-1-55:2WAY:PRIMARYXC=SHELF,PRIME=OSS,CKTID=\"2097LE_Asd01-Ehv01_SARA-TUe(EYR)\":STS3C:"
   "STS3C-1-16-4-4,STS3C-1-7-1-58:2WAY:PRIMARYXC=SHELF,PRIME=OSS,CKTID=\"2097LE_Asd01-Ehv01_SARA-TUe(EYR)\":STS3C:"
   "STS3C-1-16-4-7,STS3C-1-7-1-61:2WAY:PRIMARYXC=SHELF,PRIME=OSS,CKTID=\"2097LE_Asd01-Ehv01_SARA-TUe(EYR)\":STS3C:"
   "STS3C-1-16-4-10,STS3C-1-7-1-64:2WAY:PRIMARYXC=SHELF,PRIME=OSS,CKTID=\"2097LE_Asd01-Ehv01_SARA-TUe(EYR)\":STS3C:"
   "STS3C-1-16-4-13,STS3C-1-7-1-67:2WAY:PRIMARYXC=SHELF,PRIME=OSS,CKTID=\"2097LE_Asd01-Ehv01_SARA-TUe(EYR)\":STS3C:"
   "STS3C-1-16-4-16,STS3C-1-7-1-70:2WAY:PRIMARYXC=SHELF,PRIME=OSS,CKTID=\"2097LE_Asd01-Ehv01_SARA-TUe(EYR)\":STS3C:"
   "STS3C-1-16-4-19,STS3C-1-7-1-73:2WAY:PRIMARYXC=SHELF,PRIME=OSS,CKTID=\"2097LE_Asd01-Ehv01_SARA-TUe(EYR)\":STS3C:"
   "STS3C-1-17-3-1,STS3C-1-7-1-109:2WAY:PRIMARYXC=SHELF,PRIME=OSS,CKTID=\"2116LR1_Ap01-Ehv01_LSOP-O14(@Ehv12)\":STS3C:"
   "STS3C-1-16-3-1,STS3C-1-8-1-1:2WAY:PRIMARYXC=SHELF,PRIME=OSS,CKTID=\"2092LP_Mrs01-Ehv01_Philips(Backup)\":STS3C:"
   "STS3C-1-16-3-4,STS3C-1-8-1-4:2WAY:PRIMARYXC=SHELF,PRIME=OSS,CKTID=\"2092LP_Mrs01-Ehv01_Philips(Backup)\":STS3C:"
   "STS3C-1-16-3-7,STS3C-1-8-1-7:2WAY:PRIMARYXC=SHELF,PRIME=OSS,CKTID=\"2092LP_Mrs01-Ehv01_Philips(Backup)\":STS3C:"
   "STS3C-1-16-3-10,STS3C-1-8-1-10:2WAY:PRIMARYXC=SHELF,PRIME=OSS,CKTID=\"2092LP_Mrs01-Ehv01_Philips(Backup)\":STS3C:"
   "STS3C-1-16-3-13,STS3C-1-8-1-13:2WAY:PRIMARYXC=SHELF,PRIME=OSS,CKTID=\"2092LP_Mrs01-Ehv01_Philips(Backup)\":STS3C:"
   "STS3C-1-16-3-16,STS3C-1-8-1-16:2WAY:PRIMARYXC=SHELF,PRIME=OSS,CKTID=\"2092LP_Mrs01-Ehv01_Philips(Backup)\":STS3C:"
   "STS3C-1-16-3-19,STS3C-1-8-1-19:2WAY:PRIMARYXC=SHELF,PRIME=OSS,CKTID=\"2092LP_Mrs01-Ehv01_Philips(Backup)\":STS3C:"
>

   "Ehv001A_OME03" 12-12-29 15:45:14
M  21 COMPLD
   "STS3C-1-17-4-1,STS3C-1-8-1-25:2WAY:PRIMARYXC=SHELF,PRIME=OSS,CKTID=\"2135LR1_Ehv01-Asd01_SARA(Big_Grid@SARA)\":STS3C:"
   "STS3C-1-17-4-4,STS3C-1-8-1-28:2WAY:PRIMARYXC=SHELF,PRIME=OSS,CKTID=\"2135LR1_Ehv01-Asd01_SARA(Big_Grid@SARA)\":STS3C:"
   "STS3C-1-17-4-7,STS3C-1-8-1-31:2WAY:PRIMARYXC=SHELF,PRIME=OSS,CKTID=\"2135LR1_Ehv01-Asd01_SARA(Big_Grid@SARA)\":STS3C:"
   "STS3C-1-17-4-10,STS3C-1-8-1-34:2WAY:PRIMARYXC=SHELF,PRIME=OSS,CKTID=\"2135LR1_Ehv01-Asd01_SARA(Big_Grid@SARA)\":STS3C:"
   "STS3C-1-17-4-13,STS3C-1-8-1-37:2WAY:PRIMARYXC=SHELF,PRIME=OSS,CKTID=\"2135LR1_Ehv01-Asd01_SARA(Big_Grid@SARA)\":STS3C:"
   "STS3C-1-17-4-16,STS3C-1-8-1-40:2WAY:PRIMARYXC=SHELF,PRIME=OSS,CKTID=\"2135LR1_Ehv01-Asd01_SARA(Big_Grid@SARA)\":STS3C:"
   "STS3C-1-31-1-64,STS3C-1-8-1-43:2WAY:PRIMARYXC=SHELF,PRIME=OSS,CKTID=\"2012LR1_Hrl02-Asd01_OU-O15(@HSZuyd)\":STS3C:"
   "STS3C-1-31-1-67,STS3C-1-8-1-46:2WAY:PRIMARYXC=SHELF,PRIME=OSS,CKTID=\"2012LR1_Hrl02-Asd01_OU-O15(@HSZuyd)\":STS3C:"
   "STS3C-1-31-1-70,STS3C-1-8-1-49:2WAY:PRIMARYXC=SHELF,PRIME=OSS,CKTID=\"2012LR1_Hrl02-Asd01_OU-O15(@HSZuyd)\":STS3C:"
   "STS3C-1-31-1-73,STS3C-1-8-1-52:2WAY:PRIMARYXC=SHELF,PRIME=OSS,CKTID=\"2012LR1_Hrl02-Asd01_OU-O15(@HSZuyd)\":STS3C:"
   "STS3C-1-31-1-76,STS3C-1-8-1-55:2WAY:PRIMARYXC=SHELF,PRIME=OSS,CKTID=\"2012LR1_Hrl02-Asd01_OU-O15(@HSZuyd)\":STS3C:"
   "STS3C-1-31-1-79,STS3C-1-8-1-58:2WAY:PRIMARYXC=SHELF,PRIME=OSS,CKTID=\"2012LR1_Hrl02-Asd01_OU-O15(@HSZuyd)\":STS3C:"
   "STS3C-1-31-1-82,STS3C-1-8-1-61:2WAY:PRIMARYXC=SHELF,PRIME=OSS,CKTID=\"2012LR1_Hrl02-Asd01_OU-O15(@HSZuyd)\":STS3C:"
   "STS3C-1-17-4-19,STS3C-1-8-1-106:2WAY:PRIMARYXC=SHELF,PRIME=OSS,CKTID=\"2135LR1_Ehv01-Asd01_SARA(Big_Grid@SARA)\":STS3C:"
   "STS3C-1-31-1-25,STS3C-1-11-1-4:2WAY:PRIMARYXC=SHELF,PRIME=OSS,CKTID=\"2120LR2_Mt01-Asd02_RIVM-O13(SKSL@Mt09 DigiBob_OPN)\":STS3C:"
   "STS3C-1-31-1-28,STS3C-1-11-1-7:2WAY:PRIMARYXC=SHELF,PRIME=OSS,CKTID=\"2120LR2_Mt01-Asd02_RIVM-O13(SKSL@Mt09 DigiBob_OPN)\":STS3C:"
   "STS3C-1-31-1-31,STS3C-1-11-1-10:2WAY:PRIMARYXC=SHELF,PRIME=OSS,CKTID=\"2113LR2_Vl02-Asd02_RIVM-O13(BOBZ@Vl03 DigiBob_OPN)\":STS3C:"
   "STS3C-1-31-1-34,STS3C-1-11-1-13:2WAY:PRIMARYXC=SHELF,PRIME=OSS,CKTID=\"2113LR2_Vl02-Asd02_RIVM-O13(BOBZ@Vl03 DigiBob_OPN)\":STS3C:"
>

   "Ehv001A_OME03" 12-12-29 15:45:14
M  21 COMPLD
   "STS3C-1-16-1-1,STS3C-1-11-1-16:2WAY:PRIMARYXC=SHELF,PRIME=OSS,CKTID=\"2126LR2_Ehv01-Asd02_RIVM-O13(BOBZ@Ehv15 DigiBob_OPN)\":STS3C:"
   "STS3C-1-16-1-4,STS3C-1-11-1-19:2WAY:PRIMARYXC=SHELF,PRIME=OSS,CKTID=\"2126LR2_Ehv01-Asd02_RIVM-O13(BOBZ@Ehv15 DigiBob_OPN)\":STS3C:"
   "STS3C-1-21-1-1,STS3C-1-11-1-22:2WAY:PRIMARYXC=SHELF,PRIME=OSS,CKTID=\"2182LR1_Amr01-Ehv01_ECN(Pet03-Ehv01)\":STS3C:"
   "STS3C-1-31-1-43,STS3C-1-11-1-43:2WAY:PRIMARYXC=SHELF,PRIME=OSS,CKTID=\"2011LR2_Mt07-Asd02_OU-O15(Mt-OPN)\":STS3C:"
   "STS3C-1-31-1-46,STS3C-1-11-1-46:2WAY:PRIMARYXC=SHELF,PRIME=OSS,CKTID=\"2011LR2_Mt07-Asd02_OU-O15(Mt-OPN)\":STS3C:"
   "STS3C-1-31-1-49,STS3C-1-11-1-49:2WAY:PRIMARYXC=SHELF,PRIME=OSS,CKTID=\"2011LR2_Mt07-Asd02_OU-O15(Mt-OPN)\":STS3C:"
   "STS3C-1-31-1-52,STS3C-1-11-1-52:2WAY:PRIMARYXC=SHELF,PRIME=OSS,CKTID=\"2011LR2_Mt07-Asd02_OU-O15(Mt-OPN)\":STS3C:"
   "STS3C-1-31-1-55,STS3C-1-11-1-55:2WAY:PRIMARYXC=SHELF,PRIME=OSS,CKTID=\"2011LR2_Mt07-Asd02_OU-O15(Mt-OPN)\":STS3C:"
   "STS3C-1-31-1-58,STS3C-1-11-1-58:2WAY:PRIMARYXC=SHELF,PRIME=OSS,CKTID=\"2011LR2_Mt07-Asd02_OU-O15(Mt-OPN)\":STS3C:"
   "STS3C-1-31-1-61,STS3C-1-11-1-61:2WAY:PRIMARYXC=SHELF,PRIME=OSS,CKTID=\"2011LR2_Mt07-Asd02_OU-O15(Mt-OPN)\":STS3C:"
   "STS3C-1-17-1-1,STS3C-1-12-1-55:2WAY:PRIMARYXC=SHELF,PRIME=OSS,CKTID=\"2077LE_Ledn01-Ehv01_LUMC(EYR LUMC-TUe)\":STS3C:"
   "STS3C-1-17-1-4,STS3C-1-12-1-58:2WAY:PRIMARYXC=SHELF,PRIME=OSS,CKTID=\"2077LE_Ledn01-Ehv01_LUMC(EYR LUMC-TUe)\":STS3C:"
   "STS3C-1-17-1-7,STS3C-1-12-1-61:2WAY:PRIMARYXC=SHELF,PRIME=OSS,CKTID=\"2077LE_Ledn01-Ehv01_LUMC(EYR LUMC-TUe)\":STS3C:"
   "STS3C-1-17-1-10,STS3C-1-12-1-64:2WAY:PRIMARYXC=SHELF,PRIME=OSS,CKTID=\"2077LE_Ledn01-Ehv01_LUMC(EYR LUMC-TUe)\":STS3C:"
   "STS3C-1-17-1-13,STS3C-1-12-1-67:2WAY:PRIMARYXC=SHELF,PRIME=OSS,CKTID=\"2077LE_Ledn01-Ehv01_LUMC(EYR LUMC-TUe)\":STS3C:"
   "STS3C-1-17-1-16,STS3C-1-12-1-70:2WAY:PRIMARYXC=SHELF,PRIME=OSS,CKTID=\"2077LE_Ledn01-Ehv01_LUMC(EYR LUMC-TUe)\":STS3C:"
   "STS3C-1-17-1-19,STS3C-1-12-1-73:2WAY:PRIMARYXC=SHELF,PRIME=OSS,CKTID=\"2077LE_Ledn01-Ehv01_LUMC(EYR LUMC-TUe)\":STS3C:"
   "STS3C-1-18-4-1,STS3C-1-12-1-76:2WAY:PRIMARYXC=SHELF,PRIME=OSS,CKTID=\"2135LR2_Ehv01-Asd01_SARA(Big_Grid@SARA)\":STS3C:"
>

   "Ehv001A_OME03" 12-12-29 15:45:14
M  21 COMPLD
   "STS3C-1-18-4-4,STS3C-1-12-1-79:2WAY:PRIMARYXC=SHELF,PRIME=OSS,CKTID=\"2135LR2_Ehv01-Asd01_SARA(Big_Grid@SARA)\":STS3C:"
   "STS3C-1-18-4-7,STS3C-1-12-1-82:2WAY:PRIMARYXC=SHELF,PRIME=OSS,CKTID=\"2135LR2_Ehv01-Asd01_SARA(Big_Grid@SARA)\":STS3C:"
   "STS3C-1-18-4-10,STS3C-1-12-1-85:2WAY:PRIMARYXC=SHELF,PRIME=OSS,CKTID=\"2135LR2_Ehv01-Asd01_SARA(Big_Grid@SARA)\":STS3C:"
   "STS3C-1-18-4-13,STS3C-1-12-1-88:2WAY:PRIMARYXC=SHELF,PRIME=OSS,CKTID=\"2135LR2_Ehv01-Asd01_SARA(Big_Grid@SARA)\":STS3C:"
   "STS3C-1-18-4-16,STS3C-1-12-1-91:2WAY:PRIMARYXC=SHELF,PRIME=OSS,CKTID=\"2135LR2_Ehv01-Asd01_SARA(Big_Grid@SARA)\":STS3C:"
   "STS3C-1-18-4-19,STS3C-1-12-1-94:2WAY:PRIMARYXC=SHELF,PRIME=OSS,CKTID=\"2135LR2_Ehv01-Asd01_SARA(Big_Grid@SARA)\":STS3C:"
   "STS3C-1-18-1-1,STS3C-1-13-1-43:2WAY:PRIMARYXC=SHELF,PRIME=OSS,CKTID=\"2180LR1_Ht01-Ehv01_StLucas(Btl01-Ehv14)\":STS3C:"
   "STS3C-1-6-1-1,STS3C-1-16-2-1:2WAYPR:SWMATE=STS3C-1-11-1-64,PRIMARYXC=SHELF,PRIME=OSS,CKTID=\"2055LP_Tb01-Ehv01_FONTYS-O06(Tb05-OPN)\":STS3C:"
   "STS3C-1-6-1-4,STS3C-1-16-2-4:2WAYPR:SWMATE=STS3C-1-11-1-67,PRIMARYXC=SHELF,PRIME=OSS,CKTID=\"2055LP_Tb01-Ehv01_FONTYS-O06(Tb05-OPN)\":STS3C:"
   "STS3C-1-6-1-7,STS3C-1-16-2-7:2WAYPR:SWMATE=STS3C-1-11-1-70,PRIMARYXC=SHELF,PRIME=OSS,CKTID=\"2055LP_Tb01-Ehv01_FONTYS-O06(Tb05-OPN)\":STS3C:"
   "STS3C-1-6-1-10,STS3C-1-16-2-10:2WAYPR:SWMATE=STS3C-1-11-1-73,PRIMARYXC=SHELF,PRIME=OSS,CKTID=\"2055LP_Tb01-Ehv01_FONTYS-O06(Tb05-OPN)\":STS3C:"
   "STS3C-1-6-1-13,STS3C-1-16-2-13:2WAYPR:SWMATE=STS3C-1-11-1-76,PRIMARYXC=SHELF,PRIME=OSS,CKTID=\"2055LP_Tb01-Ehv01_FONTYS-O06(Tb05-OPN)\":STS3C:"
   "STS3C-1-6-1-16,STS3C-1-16-2-16:2WAYPR:SWMATE=STS3C-1-11-1-79,PRIMARYXC=SHELF,PRIME=OSS,CKTID=\"2055LP_Tb01-Ehv01_FONTYS-O06(Tb05-OPN)\":STS3C:"
   "STS3C-1-6-1-19,STS3C-1-16-2-19:2WAYPR:SWMATE=STS3C-1-11-1-82,PRIMARYXC=SHELF,PRIME=OSS,CKTID=\"2055LP_Tb01-Ehv01_FONTYS-O06(Tb05-OPN)\":STS3C:"
   "STS3C-1-5-1-16,STS3C-1-17-2-1:2WAYPR:SWMATE=STS3C-1-11-1-25,PRIMARYXC=SHELF,PRIME=OSS,CKTID=\"2188LP_Rt01-Ehv01_ROC-Albeda(Rt18-Bt01)\":STS3C:"
   "STS3C-1-5-1-19,STS3C-1-17-2-4:2WAYPR:SWMATE=STS3C-1-11-1-28,PRIMARYXC=SHELF,PRIME=OSS,CKTID=\"2188LP_Rt01-Ehv01_ROC-Albeda(Rt18-Bt01)\":STS3C:"
   "STS3C-1-5-1-22,STS3C-1-17-2-7:2WAYPR:SWMATE=STS3C-1-11-1-31,PRIMARYXC=SHELF,PRIME=OSS,CKTID=\"2188LP_Rt01-Ehv01_ROC-Albeda(Rt18-Bt01)\":STS3C:"
   "STS3C-1-5-1-25,STS3C-1-17-2-10:2WAYPR:SWMATE=STS3C-1-11-1-34,PRIMARYXC=SHELF,PRIME=OSS,CKTID=\"2188LP_Rt01-Ehv01_ROC-Albeda(Rt18-Bt01)\":STS3C:"
>

   "Ehv001A_OME03" 12-12-29 15:45:14
M  21 COMPLD
   "STS3C-1-5-1-28,STS3C-1-17-2-13:2WAYPR:SWMATE=STS3C-1-11-1-37,PRIMARYXC=SHELF,PRIME=OSS,CKTID=\"2188LP_Rt01-Ehv01_ROC-Albeda(Rt18-Bt01)\":STS3C:"
   "STS3C-1-5-1-31,STS3C-1-17-2-16:2WAYPR:SWMATE=STS3C-1-11-1-40,PRIMARYXC=SHELF,PRIME=OSS,CKTID=\"2188LP_Rt01-Ehv01_ROC-Albeda(Rt18-Bt01)\":STS3C:"
   "STS3C-1-5-1-34,STS3C-1-17-2-19:2WAYPR:SWMATE=STS3C-1-11-1-85,PRIMARYXC=SHELF,PRIME=OSS,CKTID=\"2188LP_Rt01-Ehv01_ROC-Albeda(Rt18-Bt01)\":STS3C:"
   "STS3C-1-32-1-43,STS3C-1-18-3-1:2WAY:PRIMARYXC=SHELF,PRIME=OSS,CKTID=\"2116LR2_Ap01-Ehv01_LSOP-O14(@Ehv12)\":STS3C:"
   "STS3C-1-18-2-1,STS3C-1-18-2-1:1WAY:PRIMARYXC=SHELF,PRIME=OSS,CKTID=\"DRAC-loopback\":STS3C:"
   "STS3C-1-31-1-4,STS3C-1-21-2-1:2WAYPR:SWMATE=STS3C-1-32-1-1,PRIMARYXC=SHELF,PRIME=OSS,CKTID=\"2185LP_Mt01-Ehv01_AZM-Veldhoven(Mt01-Vhn01)\":STS3C:"
   "STS3C-1-31-1-7,STS3C-1-22-2-1:2WAYPR:SWMATE=STS3C-1-32-1-4,PRIMARYXC=SHELF,PRIME=OSS,CKTID=\"2186LP_Mt01-Ehv01_AZM-Eindhoven(Mt01-Ehv16)\":STS3C:"
;RTRV-AD-ALL:"Ehv001A_OME03"::22;
IP 22
<

   "Ehv001A_OME03" 12-12-29 15:45:15
M  22 COMPLD
   "ADJ-1-4-1:TYP-SH-SL-PRT,PHYS:TX_VERSION=\"2\",TX_TAG=\"Ehv001A_OME03-1-4-1\",RX_VERSION=\"2\",RX_ACTUAL=\"\",RX_EXPECTED=\"\",RECONFIG=DISABLE,RX_RELIABILITY=UNRELIABLE,MECHANISM=DERIVED"
   "ADJ-1-4-2:TYP-SH-SL-PRT,PHYS:TX_VERSION=\"2\",TX_TAG=\"Ehv001A_OME03-1-4-2\",RX_VERSION=\"2\",RX_ACTUAL=\"\",RX_EXPECTED=\"\",RECONFIG=DISABLE,RX_RELIABILITY=UNRELIABLE,MECHANISM=DERIVED"
   "OC192-1-5-1:TYP-SH-SL-PRT,LINE:TX_VERSION=\"2\",TX_TAG=\"AD_2_80:17:7d:e7:74:8a_001_000_005_000_001_ME_1\",RX_VERSION=\"2\",RX_ACTUAL=\"AD_2_00:11:58:ff:85:45_001_000_014_000_001_ME_1\",RX_EXPECTED=\"\",RECONFIG=DISABLE,RX_RELIABILITY=RELIABLE,MECHANISM=IIH"
   "ADJ-1-5-1:TYP-SH-SL-PRT,PHYS:TX_VERSION=\"2\",TX_TAG=\"Ehv001A_OME03-1-5-1\",RX_VERSION=\"2\",RX_ACTUAL=\"\",RX_EXPECTED=\"\",RECONFIG=DISABLE,RX_RELIABILITY=UNRELIABLE,MECHANISM=DERIVED"
   "OC192-1-6-1:TYP-SH-SL-PRT,LINE:TX_VERSION=\"2\",TX_TAG=\"AD_2_80:17:7d:e7:74:8a_001_000_006_000_001_ME_1\",RX_VERSION=\"2\",RX_ACTUAL=\"AD_2_00:20:d8:df:3b:f6_001_000_011_000_001_ME_1\",RX_EXPECTED=\"\",RECONFIG=DISABLE,RX_RELIABILITY=RELIABLE,MECHANISM=IIH"
   "ADJ-1-6-1:TYP-SH-SL-PRT,PHYS:TX_VERSION=\"2\",TX_TAG=\"Ehv001A_OME03-1-6-1\",RX_VERSION=\"2\",RX_ACTUAL=\"\",RX_EXPECTED=\"\",RECONFIG=DISABLE,RX_RELIABILITY=UNRELIABLE,MECHANISM=DERIVED"
   "OC192-1-7-1:TYP-SH-SL-PRT,LINE:TX_VERSION=\"2\",TX_TAG=\"AD_2_80:17:7d:e7:74:8a_001_000_007_000_001_ME_1\",RX_VERSION=\"2\",RX_ACTUAL=\"AD_2_00:21:e1:d9:cc:70_001_000_031_000_001_ME_1\",RX_EXPECTED=\"\",RECONFIG=DISABLE,RX_RELIABILITY=RELIABLE,MECHANISM=IIH"
   "OC192-1-8-1:TYP-SH-SL-PRT,LINE:TX_VERSION=\"2\",TX_TAG=\"AD_2_80:17:7d:e7:74:8a_001_000_008_000_001_ME_1\",RX_VERSION=\"2\",RX_ACTUAL=\"AD_2_00:21:e1:d9:cc:70_001_000_007_000_001_ME_1\",RX_EXPECTED=\"\",RECONFIG=DISABLE,RX_RELIABILITY=RELIABLE,MECHANISM=IIH"
   "ADJ-1-8-1:TYP-SH-SL-PRT,PHYS:TX_VERSION=\"2\",TX_TAG=\"Ehv001A_OME03-1-8-1\",RX_VERSION=\"2\",RX_ACTUAL=\"\",RX_EXPECTED=\"\",RECONFIG=DISABLE,RX_RELIABILITY=UNRELIABLE,MECHANISM=DERIVED"
   "OC192-1-11-1:TYP-SH-SL-PRT,LINE:TX_VERSION=\"2\",TX_TAG=\"AD_2_80:17:7d:e7:74:8a_001_000_011_000_001_ME_1\",RX_VERSION=\"2\",RX_ACTUAL=\"AD_2_00:21:e1:d9:d2:7f_001_000_008_000_001_ME_1\",RX_EXPECTED=\"\",RECONFIG=DISABLE,RX_RELIABILITY=RELIABLE,MECHANISM=IIH"
   "OC192-1-12-1:TYP-SH-SL-PRT,LINE:TX_VERSION=\"2\",TX_TAG=\"AD_2_80:17:7d:e7:74:8a_001_000_012_000_001_ME_1\",RX_VERSION=\"2\",RX_ACTUAL=\"AD_2_00:21:e1:d9:d2:7f_001_000_011_000_001_ME_1\",RX_EXPECTED=\"\",RECONFIG=DISABLE,RX_RELIABILITY=RELIABLE,MECHANISM=IIH"
   "OC192-1-13-1:TYP-SH-SL-PRT,LINE:TX_VERSION=\"2\",TX_TAG=\"AD_2_80:17:7d:e7:74:8a_001_000_013_000_001_ME_1\",RX_VERSION=\"2\",RX_ACTUAL=\"AD_2_00:20:d8:df:3c:50_001_000_005_000_001_ME_1\",RX_EXPECTED=\"\",RECONFIG=DISABLE,RX_RELIABILITY=RELIABLE,MECHANISM=IIH"
   "ADJ-1-13-1:TYP-SH-SL-PRT,PHYS:TX_VERSION=\"2\",TX_TAG=\"Ehv001A_OME03-1-13-1\",RX_VERSION=\"2\",RX_ACTUAL=\"\",RX_EXPECTED=\"\",RECONFIG=DISABLE,RX_RELIABILITY=UNRELIABLE,MECHANISM=DERIVED"
   "ADJ-1-14-1:TYP-SH-SL-PRT,PHYS:TX_VERSION=\"2\",TX_TAG=\"Ehv001A_OME03-1-14-1\",RX_VERSION=\"2\",RX_ACTUAL=\"\",RX_EXPECTED=\"\",RECONFIG=DISABLE,RX_RELIABILITY=UNRELIABLE,MECHANISM=DERIVED"
   "ADJ-1-14-2:TYP-SH-SL-PRT,PHYS:TX_VERSION=\"2\",TX_TAG=\"Ehv001A_OME03-1-14-2\",RX_VERSION=\"2\",RX_ACTUAL=\"\",RX_EXPECTED=\"\",RECONFIG=DISABLE,RX_RELIABILITY=UNRELIABLE,MECHANISM=DERIVED"
>

   "Ehv001A_OME03" 12-12-29 15:45:15
M  22 COMPLD
   "ADJ-1-15-1:TYP-SH-SL-PRT,PHYS:TX_VERSION=\"2\",TX_TAG=\"Ehv001A_OME03-1-15-1\",RX_VERSION=\"2\",RX_ACTUAL=\"\",RX_EXPECTED=\"\",RECONFIG=DISABLE,RX_RELIABILITY=UNRELIABLE,MECHANISM=DERIVED"
   "OC192-1-24-1:TYP-SH-SL-PRT,LINE:TX_VERSION=\"2\",TX_TAG=\"AD_2_80:17:7d:e7:74:8a_001_000_024_000_001_ME_1\",RX_VERSION=\"2\",RX_ACTUAL=\"AD_2_00:20:d8:df:3c:00_001_000_009_000_001_ME_1\",RX_EXPECTED=\"\",RECONFIG=DISABLE,RX_RELIABILITY=RELIABLE,MECHANISM=IIH"
   "ADJ-1-24-1:TYP-SH-SL-PRT,PHYS:TX_VERSION=\"2\",TX_TAG=\"Ehv001A_OME03-1-24-1\",RX_VERSION=\"2\",RX_ACTUAL=\"\",RX_EXPECTED=\"\",RECONFIG=DISABLE,RX_RELIABILITY=UNRELIABLE,MECHANISM=DERIVED"
   "ADJ-1-28-1:TYP-SH-SL-PRT,PHYS:TX_VERSION=\"2\",TX_TAG=\"Ehv001A_OME03-1-28-1\",RX_VERSION=\"2\",RX_ACTUAL=\"\",RX_EXPECTED=\"\",RECONFIG=DISABLE,RX_RELIABILITY=UNRELIABLE,MECHANISM=DERIVED"
   "OC192-1-31-1:TYP-SH-SL-PRT,LINE:TX_VERSION=\"2\",TX_TAG=\"AD_2_80:17:7d:e7:74:8a_001_000_031_000_001_ME_1\",RX_VERSION=\"2\",RX_ACTUAL=\"AD_2_00:20:d8:df:37:c9_001_000_009_000_001_ME_1\",RX_EXPECTED=\"\",RECONFIG=DISABLE,RX_RELIABILITY=RELIABLE,MECHANISM=IIH"
   "OC192-1-32-1:TYP-SH-SL-PRT,LINE:TX_VERSION=\"2\",TX_TAG=\"AD_2_80:17:7d:e7:74:8a_001_000_032_000_001_ME_1\",RX_VERSION=\"2\",RX_ACTUAL=\"AD_2_00:20:d8:df:32:83_001_000_011_000_001_ME_1\",RX_EXPECTED=\"\",RECONFIG=DISABLE,RX_RELIABILITY=RELIABLE,MECHANISM=IIH"
   "ADJ-1-32-1:TYP-SH-SL-PRT,PHYS:TX_VERSION=\"2\",TX_TAG=\"Ehv001A_OME03-1-32-1\",RX_VERSION=\"2\",RX_ACTUAL=\"\",RX_EXPECTED=\"\",RECONFIG=DISABLE,RX_RELIABILITY=UNRELIABLE,MECHANISM=DERIVED"
   "ADJ-1-33-1:TYP-SH-SL-PRT,PHYS:TX_VERSION=\"2\",TX_TAG=\"Ehv001A_OME03-1-33-1\",RX_VERSION=\"2\",RX_ACTUAL=\"\",RX_EXPECTED=\"\",RECONFIG=DISABLE,RX_RELIABILITY=UNRELIABLE,MECHANISM=DERIVED"
   "ADJ-1-33-2:TYP-SH-SL-PRT,PHYS:TX_VERSION=\"2\",TX_TAG=\"Ehv001A_OME03-1-33-2\",RX_VERSION=\"2\",RX_ACTUAL=\"\",RX_EXPECTED=\"\",RECONFIG=DISABLE,RX_RELIABILITY=UNRELIABLE,MECHANISM=DERIVED"
   "OC192-1-34-1:TYP-SH-SL-PRT,LINE:TX_VERSION=\"2\",TX_TAG=\"AD_2_80:17:7d:e7:74:8a_001_000_034_000_001_ME_1\",RX_VERSION=\"2\",RX_ACTUAL=\"AD_2_00:20:d8:df:3c:55_001_000_006_000_001_ME_1\",RX_EXPECTED=\"\",RECONFIG=DISABLE,RX_RELIABILITY=RELIABLE,MECHANISM=IIH"
   "ADJ-1-34-1:TYP-SH-SL-PRT,PHYS:TX_VERSION=\"2\",TX_TAG=\"Ehv001A_OME03-1-34-1\",RX_VERSION=\"2\",RX_ACTUAL=\"\",RX_EXPECTED=\"\",RECONFIG=DISABLE,RX_RELIABILITY=UNRELIABLE,MECHANISM=DERIVED"
;RTRV-FFP-OC192:"Ehv001A_OME03":OC192-1-ALL:23;
IP 23
<

   "Ehv001A_OME03" 12-12-29 15:45:15
M  23 COMPLD
;

   "Ehv001A_OME03" 12-12-29 15:45:59
A  0000514359 REPT EVT LOG
   "DATE=12-12-29,TIME=15-45-59:USERID=SNSCRIPT,PRIORITY=GEN_TL1_CMD,STATUS=COMPLD:ACT-USER:SNSCRIPT:1::::"
;

   "Ehv001A_OME03" 12-12-29 15:45:59
A  0000514360 REPT EVT LOG
   "DATE=12-12-29,TIME=15-45-59:USERID=SNSCRIPT,PRIORITY=GEN_TL1_CMD,STATUS=COMPLD:CANC-USER:SNSCRIPT:1::::"
;

   "Ehv001A_OME03" 12-12-29 15:46:08
A  0000514361 REPT EVT LOG
   "DATE=12-12-29,TIME=15-46-08:USERID=OMEAMAN,PRIORITY=GEN_TL1_CMD,STATUS=COMPLD:ACT-USER:OMEAMAN:3::::"
;

   "Ehv001A_OME03" 12-12-29 15:46:10
A  0000514362 REPT EVT LOG
   "DATE=12-12-29,TIME=15-46-10:USERID=OMEAMAN,PRIORITY=GEN_TL1_CMD,STATUS=COMPLD:CANC-USER:OMEAMAN:9::::"
;

   "Ehv001A_OME03" 12-12-29 15:46:11
A  0000514363 REPT EVT LOG
   "DATE=12-12-29,TIME=15-46-11:USERID=OMEAMAN,PRIORITY=GEN_TL1_CMD,STATUS=COMPLD:ACT-USER:OMEAMAN:2::::"
;

   "Ehv001A_OME03" 12-12-29 15:46:12
A  0000514364 REPT EVT LOG
   "DATE=12-12-29,TIME=15-46-12:USERID=OMEAMAN,PRIORITY=GEN_TL1_CMD,STATUS=COMPLD:RTRV-ATTR-CSA::8::::"
;<<RTRV-HDR keep alive sent>>
IP 24
<

   "Ehv001A_OME03" 12-12-29 15:46:22
M  24 COMPLD
;<<RTRV-HDR keep alive sent>>
IP 25
<

   "Ehv001A_OME03" 12-12-29 15:48:22
M  25 COMPLD
;<<RTRV-HDR keep alive sent>>
IP 26
<

   "Ehv001A_OME03" 12-12-29 15:50:23
M  26 COMPLD
;

   "Ehv001A_OME03" 12-12-29 15:52:09
A  0000514365 REPT EVT LOG
   "DATE=12-12-29,TIME=15-52-09:USERID=SNSCRIPT,PRIORITY=GEN_TL1_CMD,STATUS=COMPLD:ACT-USER:SNSCRIPT:1::::"
;

   "Ehv001A_OME03" 12-12-29 15:52:10
A  0000514366 REPT EVT LOG
   "DATE=12-12-29,TIME=15-52-10:USERID=SNSCRIPT,PRIORITY=GEN_TL1_CMD,STATUS=COMPLD:CANC-USER:SNSCRIPT:1::::"
;<<RTRV-HDR keep alive sent>>
IP 27
<

   "Ehv001A_OME03" 12-12-29 15:52:23
M  27 COMPLD
;<<RTRV-HDR keep alive sent>>
IP 28
<

   "Ehv001A_OME03" 12-12-29 15:54:23
M  28 COMPLD
;<<RTRV-HDR keep alive sent>>
IP 29
<

   "Ehv001A_OME03" 12-12-29 15:56:24
M  29 COMPLD
;<<RTRV-HDR keep alive sent>>
IP 30
<

   "Ehv001A_OME03" 12-12-29 15:58:25
M  30 COMPLD
;<<RTRV-HDR keep alive sent>>
IP 31
<

   "Ehv001A_OME03" 12-12-29 16:00:25
M  31 COMPLD
;

   "Ehv001A_OME03" 12-12-29 16:00:58
A  0000514367 REPT EVT LOG
   "DATE=12-12-29,TIME=16-00-58:USERID=SNSCRIPT,PRIORITY=GEN_TL1_CMD,STATUS=COMPLD:ACT-USER:SNSCRIPT:1::::"
;

   "Ehv001A_OME03" 12-12-29 16:00:58
A  0000514368 REPT EVT LOG
   "DATE=12-12-29,TIME=16-00-58:USERID=SNSCRIPT,PRIORITY=GEN_TL1_CMD,STATUS=COMPLD:CANC-USER:SNSCRIPT:1::::"
;<<RTRV-HDR keep alive sent>>
IP 32
<

   "Ehv001A_OME03" 12-12-29 16:02:25
M  32 COMPLD
;<<RTRV-HDR keep alive sent>>
IP 33
<

   "Ehv001A_OME03" 12-12-29 16:04:26
M  33 COMPLD
;<<RTRV-HDR keep alive sent>>
IP 34
<

   "Ehv001A_OME03" 12-12-29 16:06:26
M  34 COMPLD
;<<RTRV-HDR keep alive sent>>
IP 35
<

   "Ehv001A_OME03" 12-12-29 16:08:27
M  35 COMPLD
;<<RTRV-HDR keep alive sent>>
IP 36
<

   "Ehv001A_OME03" 12-12-29 16:10:27
M  36 COMPLD
;<<RTRV-HDR keep alive sent>>
IP 37
<

   "Ehv001A_OME03" 12-12-29 16:12:27
M  37 COMPLD
;

   "Ehv001A_OME03" 12-12-29 16:14:15
A  0000514369 REPT EVT LOG
   "DATE=12-12-29,TIME=16-14-15:USERID=SNSCRIPT,PRIORITY=GEN_TL1_CMD,STATUS=COMPLD:ACT-USER:SNSCRIPT:1::::"
;

   "Ehv001A_OME03" 12-12-29 16:14:16
A  0000514370 REPT EVT LOG
   "DATE=12-12-29,TIME=16-14-16:USERID=SNSCRIPT,PRIORITY=GEN_TL1_CMD,STATUS=COMPLD:CANC-USER:SNSCRIPT:1::::"
;<<RTRV-HDR keep alive sent>>
IP 38
<

   "Ehv001A_OME03" 12-12-29 16:14:28
M  38 COMPLD
;

   "Ehv001A_OME03" 12-12-29 16:15:59
A  0000514371 REPT EVT LOG
   "DATE=12-12-29,TIME=16-15-59:USERID=SNSCRIPT,PRIORITY=GEN_TL1_CMD,STATUS=COMPLD:ACT-USER:SNSCRIPT:1::::"
;

   "Ehv001A_OME03" 12-12-29 16:15:59
A  0000514372 REPT EVT LOG
   "DATE=12-12-29,TIME=16-15-59:USERID=SNSCRIPT,PRIORITY=GEN_TL1_CMD,STATUS=COMPLD:CANC-USER:SNSCRIPT:1::::"
;<<RTRV-HDR keep alive sent>>
IP 39
<

   "Ehv001A_OME03" 12-12-29 16:16:28
M  39 COMPLD
;<<RTRV-HDR keep alive sent>>
IP 40
<

   "Ehv001A_OME03" 12-12-29 16:18:28
M  40 COMPLD
;<<RTRV-HDR keep alive sent>>
IP 41
<

   "Ehv001A_OME03" 12-12-29 16:20:29
M  41 COMPLD
;<<RTRV-HDR keep alive sent>>
IP 42
<

   "Ehv001A_OME03" 12-12-29 16:22:29
M  42 COMPLD
;<<RTRV-HDR keep alive sent>>
IP 43
<

   "Ehv001A_OME03" 12-12-29 16:24:29
M  43 COMPLD
;<<RTRV-HDR keep alive sent>>
IP 44
<

   "Ehv001A_OME03" 12-12-29 16:26:30
M  44 COMPLD
;<<RTRV-HDR keep alive sent>>
IP 45
<

   "Ehv001A_OME03" 12-12-29 16:28:30
M  45 COMPLD
;<<RTRV-HDR keep alive sent>>
IP 46
<

   "Ehv001A_OME03" 12-12-29 16:30:30
M  46 COMPLD
;

   "Ehv001A_OME03" 12-12-29 16:31:00
A  0000514373 REPT EVT OTM2
   "OTM2-1-4-1:T-OPR-OCH,TC,12-29,16-31-00,NEND,RCV,-6.70,3,1-UNT:\"T-OPR-OCH\":0100000000-0000-0000,:YEAR=2012,MODE=SDH,WAVELENGTH=1542.54"
;

   "Ehv001A_OME03" 12-12-29 16:31:01
A  0000514374 REPT EVT LOG
   "DATE=12-12-29,TIME=16-31-01:USERID=SNSCRIPT,PRIORITY=GEN_TL1_CMD,STATUS=COMPLD:ACT-USER:SNSCRIPT:1::::"
;

   "Ehv001A_OME03" 12-12-29 16:31:01
A  0000514375 REPT EVT LOG
   "DATE=12-12-29,TIME=16-31-01:USERID=SNSCRIPT,PRIORITY=GEN_TL1_CMD,STATUS=COMPLD:CANC-USER:SNSCRIPT:1::::"
;<<RTRV-HDR keep alive sent>>
IP 47
<

   "Ehv001A_OME03" 12-12-29 16:32:32
M  47 COMPLD
;

   "Ehv001A_OME03" 12-12-29 16:34:30
A  0000514376 REPT EVT OTM2
   "OTM2-1-8-1:T-OPR-OCH,TC,12-29,16-34-30,NEND,RCV,-14.40,3,1-UNT:\"T-OPR-OCH\":0100000000-0000-0000,:YEAR=2012,MODE=SDH,WAVELENGTH=1542.94"
;<<RTRV-HDR keep alive sent>>
IP 48
<

   "Ehv001A_OME03" 12-12-29 16:34:32
M  48 COMPLD
;<<RTRV-HDR keep alive sent>>
IP 49
<

   "Ehv001A_OME03" 12-12-29 16:36:32
M  49 COMPLD
;

   "Ehv001A_OME03" 12-12-29 16:37:15
A  0000514377 REPT EVT OTM2
   "OTM2-1-4-1:T-OPR-OCH,TC,12-29,16-37-15,NEND,RCV,-6.70,3,1-UNT:\"T-OPR-OCH\":0100000000-0000-0000,:YEAR=2012,MODE=SDH,WAVELENGTH=1542.54"
;

   "Ehv001A_OME03" 12-12-29 16:38:15
A  0000514378 REPT EVT OTM2
   "OTM2-1-8-1:T-OPR-OCH,TC,12-29,16-38-15,NEND,RCV,-14.40,3,1-UNT:\"T-OPR-OCH\":0100000000-0000-0000,:YEAR=2012,MODE=SDH,WAVELENGTH=1542.94"
;<<RTRV-HDR keep alive sent>>
IP 50
<

   "Ehv001A_OME03" 12-12-29 16:38:33
M  50 COMPLD
;

   "Ehv001A_OME03" 12-12-29 16:39:30
A  0000514379 REPT EVT OTM2
   "OTM2-1-8-1:T-OPR-OCH,TC,12-29,16-39-30,NEND,RCV,-14.50,3,1-UNT:\"T-OPR-OCH\":0100000000-0000-0000,:YEAR=2012,MODE=SDH,WAVELENGTH=1542.94"
;<<RTRV-HDR keep alive sent>>
IP 51
<

   "Ehv001A_OME03" 12-12-29 16:40:33
M  51 COMPLD
;<<RTRV-HDR keep alive sent>>
IP 52
<

   "Ehv001A_OME03" 12-12-29 16:42:33
M  52 COMPLD
;

   "Ehv001A_OME03" 12-12-29 16:43:15
A  0000514380 REPT EVT OTM2
   "OTM2-1-4-1:T-OPR-OCH,TC,12-29,16-43-15,NEND,RCV,-6.70,3,1-UNT:\"T-OPR-OCH\":0100000000-0000-0000,:YEAR=2012,MODE=SDH,WAVELENGTH=1542.54"
;<<RTRV-HDR keep alive sent>>
IP 53
<

   "Ehv001A_OME03" 12-12-29 16:44:34
M  53 COMPLD
;

   "Ehv001A_OME03" 12-12-29 16:45:30
A  0000514381 REPT EVT OTM2
   "OTM2-1-4-1:T-OPR-OCH,TC,12-29,16-45-30,NEND,RCV,-6.70,3,1-UNT:\"T-OPR-OCH\":0100000000-0000-0000,:YEAR=2012,MODE=SDH,WAVELENGTH=1542.54"
;

   "Ehv001A_OME03" 12-12-29 16:46:00
A  0000514382 REPT EVT LOG
   "DATE=12-12-29,TIME=16-46-00:USERID=SNSCRIPT,PRIORITY=GEN_TL1_CMD,STATUS=COMPLD:ACT-USER:SNSCRIPT:1::::"
;

   "Ehv001A_OME03" 12-12-29 16:46:01
A  0000514383 REPT EVT LOG
   "DATE=12-12-29,TIME=16-46-01:USERID=SNSCRIPT,PRIORITY=GEN_TL1_CMD,STATUS=COMPLD:CANC-USER:SNSCRIPT:1::::"
;<<RTRV-HDR keep alive sent>>
IP 54
<

   "Ehv001A_OME03" 12-12-29 16:46:34
M  54 COMPLD
;<<RTRV-HDR keep alive sent>>
IP 55
<

   "Ehv001A_OME03" 12-12-29 16:48:35
M  55 COMPLD
;

   "Ehv001A_OME03" 12-12-29 16:48:45
A  0000514384 REPT EVT OTM2
   "OTM2-1-8-1:T-OPR-OCH,TC,12-29,16-48-45,NEND,RCV,-14.40,3,1-UNT:\"T-OPR-OCH\":0100000000-0000-0000,:YEAR=2012,MODE=SDH,WAVELENGTH=1542.94"
;<<RTRV-HDR keep alive sent>>
IP 56
<

   "Ehv001A_OME03" 12-12-29 16:50:35
M  56 COMPLD
;

   "Ehv001A_OME03" 12-12-29 16:52:15
A  0000514385 REPT EVT OTM2
   "OTM2-1-8-1:T-OPR-OCH,TC,12-29,16-52-15,NEND,RCV,-14.40,3,1-UNT:\"T-OPR-OCH\":0100000000-0000-0000,:YEAR=2012,MODE=SDH,WAVELENGTH=1542.94"
;<<RTRV-HDR keep alive sent>>
IP 57
<

   "Ehv001A_OME03" 12-12-29 16:52:35
M  57 COMPLD
;<<RTRV-HDR keep alive sent>>
IP 58
<

   "Ehv001A_OME03" 12-12-29 16:54:36
M  58 COMPLD
;

   "Ehv001A_OME03" 12-12-29 16:56:00
A  0000514386 REPT EVT OTM2
   "OTM2-1-4-1:T-OPR-OCH,TC,12-29,16-56-00,NEND,RCV,-6.70,3,1-UNT:\"T-OPR-OCH\":0100000000-0000-0000,:YEAR=2012,MODE=SDH,WAVELENGTH=1542.54"
;<<RTRV-HDR keep alive sent>>
IP 59
<

   "Ehv001A_OME03" 12-12-29 16:56:36
M  59 COMPLD
;

   "Ehv001A_OME03" 12-12-29 16:57:00
A  0000514387 REPT EVT OTM2
   "OTM2-1-8-1:T-OPR-OCH,TC,12-29,16-57-00,NEND,RCV,-14.50,3,1-UNT:\"T-OPR-OCH\":0100000000-0000-0000,:YEAR=2012,MODE=SDH,WAVELENGTH=1542.94"
;

   "Ehv001A_OME03" 12-12-29 16:57:42
A  0000514388 REPT EVT LOG
   "DATE=12-12-29,TIME=16-57-42:USERID=OMEAMAN,PRIORITY=GEN_TL1_CMD,STATUS=COMPLD:ACT-USER:OMEAMAN:3::::"
;

   "Ehv001A_OME03" 12-12-29 16:57:43
A  0000514389 REPT EVT LOG
   "DATE=12-12-29,TIME=16-57-43:USERID=OMEAMAN,PRIORITY=GEN_TL1_CMD,STATUS=COMPLD:CANC-USER:OMEAMAN:9::::"
;

   "Ehv001A_OME03" 12-12-29 16:57:45
A  0000514390 REPT EVT LOG
   "DATE=12-12-29,TIME=16-57-45:USERID=OMEAMAN,PRIORITY=GEN_TL1_CMD,STATUS=COMPLD:ACT-USER:OMEAMAN:2::::"
;

   "Ehv001A_OME03" 12-12-29 16:57:46
A  0000514391 REPT EVT LOG
   "DATE=12-12-29,TIME=16-57-46:USERID=OMEAMAN,PRIORITY=GEN_TL1_CMD,STATUS=COMPLD:RTRV-ATTR-CSA::8::::"
;