***** (re)Starting logger at Sat Dec 29 10:44:11 EST 2012*****


**** TL1 session opened at Sat Dec 29 10:44:11 EST 2012 ****


<<RTRV-HDR keep alive sent>>
ÿûÿûÿý

WARNING! This computer system and network is PRIVATE and PROPRIETARY of
[SURFnet] and may only be accesses by authorized users. Unauthorized use of
this computer system or network is strictly prohibited and may be subject
to criminal prosecution, employee discipline up to and including discharge,
or the termination of the vendor/service contracts. The owner, or its
agents, may monitor any activity or communication on the computer system or
NETWORK.

--- Copyright (c) 2000 - 2011 Ciena (R) Corporation. All Rights Reserved ---
|  NOTICE: This is a private computer system.                              |
|  Unauthorized access or use may lead to prosecution.                     |
|                                                                          |
|  Ciena 6500 OPTICAL                                                      |
----------------------------------------------------------------------------

/*
 * Starting Interactive TL1 Command Mode.
 * Type ? for help while constructing TL1 commands.
 * Type .? for specific parameter/keyword help.
 */


IP 2
<

   "Dgl001A_OME01" 12-12-29 15:44:12
M  2 DENY
   PLNA
   /*Privilege, Login Not Active*/
;<<ACT-USER sent, password hidden>>
IP 3
<

   "Dgl001A_OME01" 12-12-29 15:44:15
M  3 COMPLD
;RTRV-NETYPE:"Dgl001A_OME01"::4;
IP 4
<

   "Dgl001A_OME01" 12-12-29 15:44:16
M  4 COMPLD
   "CIENA,\"6500 OPTICAL\",OCP,\"REL0810Z.HD\""
;RTRV-SW-VER:"Dgl001A_OME01"::5;
IP 5
<

   "Dgl001A_OME01" 12-12-29 15:44:16
M  5 COMPLD
   "SHELF-1:REL0810Z.HD"
;RTRV-RTG-INFO:"Dgl001A_OME01"::6:::NAME="Dgl001A_OME01";
IP 6
<

   "Dgl001A_OME01" 12-12-29 15:44:23
M  6 COMPLD
   "SHELF-1::,\"Dgl001A_OME01\",0020D8DF3D7A|145.145.74.113,00001600,YES"
;RTRV-SYS:"Dgl001A_OME01"::7;
IP 7
<

   "Dgl001A_OME01" 12-12-29 15:44:24
M  7 COMPLD
   "SHELF-1::ACTUALCOOLING=LOWFLOW,ACTUALPOWER=796,AINSTIMEOUT=00-05,ALMCORR=OFF,ALMHO=2.5,BAYFICINAO=FALSE,BITSMODE=SDH,CSFMCASTMAC=0180C2880001,EQPTCURRENT=40,ETHEERTH=20,ETHGFPRFI=ENABLED,ETHGFPRFIUPI=128,ETHSDTH=1,FCEERTH=20,FCSDTH=1,FIBERLOSSDETECTION=DISABLED,FILLERMGMT=ENABLED,GCC0MODE=IISIS,GCC1MODE=DISABLED,LASEROFFFARENDFAIL=DISABLED,LINEPEVSTAT=MAN&AUTO,MAJORDEGRADETHRESH=6.00,MINCOOLING=LOWFLOW,MINORDEGRADETHRESH=3.00,MONITORFAN=ENABLED,NEMODE=SDH,OSCMODE=OSPF,PATHEBERTH=3,PATHPEVSTAT=MAN,PATHSDTH=6,PATHSWCRIT=UNEQ&SD&EBER&AIS&LOP,PROVCURRENT=40,PTHAISINSERT=AIS&LOP,SHELFSYNCH=NO,STATE=NORMAL,WANFREERTH=20,WANFRSDTH=1,WANTREERTH=20,WANTRSDTH=1"
;ALW-MSG-BROADCAST:"Dgl001A_OME01":ALL:8;
IP 8
<

   "Dgl001A_OME01" 12-12-29 15:44:24
M  8 COMPLD
;RTRV-EQPT:"Dgl001A_OME01":ALL:9;
IP 9
<

   "Dgl001A_OME01" 12-12-29 15:44:24
M  9 COMPLD
   "GE-1-1::PROVPEC=NTK535LA,CTYPE=\"GE EPL 4 Port SFP\",SNMPINDEX=671220736,PEC=NTK535LA,REL= 03 ,CLEI=WMOTAJ4JAC,SER=NNTM01S1D3SY7,MDAT=2004-42,AGE=07-015-12-15,ONSC=03-215-15-02:IS,ACT"
   "PGEFC-1-1-1::PROVPEC=NTTP01AF,CTYPE=\"GE SX/FC100 Mx 850nm LC SFP\",SNMPINDEX=671220737,PEC=NTTP01AF,REL=01,CLEI=SOC3NNFCAA,SER=AGLTMY000017A9  :IS,ACT"
   "PGEFC-1-1-2::PROVPEC=NTTP01AF,CTYPE=\"GE SX/FC100 Mx 850nm LC SFP\",SNMPINDEX=671220738,PEC=NTTP01AF,REL=01,CLEI=SOC3NNFCAA,SER=AGLTMY00002P3Q  :IS,ACT"
   "PGEFC200-1-1-3::PROVPEC=NTTP06CF,CTYPE=\"GE LX [10k]/FC100/FC200 SM 1310nm LC SFP\",SNMPINDEX=671220739,PEC=NTTP06CF,REL=05,CLEI=WMOTCWUJAA,SER=BE0922670330    :IS,IDLE"
   "GE-1-2::PROVPEC=NTK535LA,CTYPE=\"GE EPL 4 Port SFP\",SNMPINDEX=671221760,PEC=NTK535LA,REL=06  ,CLEI=WMOTAJ4JAD,SER=NNTMH1T10262G,MDAT=2009-16,AGE=02-281-13-43,ONSC=02-056-02-36:IS,ACT"
   "PGEFC-1-2-1::PROVPEC=NTTP01AF,CTYPE=\"GE SX/FC100 Mx 850nm LC SFP\",SNMPINDEX=671221761,PEC=NTTP01AF,REL=01,CLEI=SOC3NNFCAA,SER=AGLTMY000079Y8  :IS,ACT"
   "PGEFC-1-2-2::PROVPEC=NTTP01AF,CTYPE=\"GE SX/FC100 Mx 850nm LC SFP\",SNMPINDEX=671221762,PEC=NTTP01AF,REL=01,CLEI=SOC3NNFCAA,SER=AGLTMY000073AZ  :IS,ACT"
   "PGEFC-1-2-3::PROVPEC=NTTP01AF,CTYPE=\"GE SX/FC100 Mx 850nm LC SFP\",SNMPINDEX=671221763,PEC=NTTP01AF,REL=01,CLEI=SOC3NNFCAA,SER=AGLTMY00001C36  :IS,ACT"
   "PGEFC-1-2-4::PROVPEC=NTTP01AF,CTYPE=\"GE SX/FC100 Mx 850nm LC SFP\",SNMPINDEX=671221764,PEC=NTTP01AF,REL=01,CLEI=SOC3NNFCAA,SER=AGLTMY00001C3A  :IS,IDLE"
   "GE-1-3::PROVPEC=NTK535LA,CTYPE=\"GE EPL 4 Port SFP\",SNMPINDEX=671222784,PEC=NTK535LA,REL= 03 ,CLEI=WMOTAJ4JAC,SER=NNTMH8V000KXK,MDAT=2005-49,AGE=06-285-23-55,ONSC=03-215-15-17:IS,ACT"
>

   "Dgl001A_OME01" 12-12-29 15:44:24
M  9 COMPLD
   "PGEFC-1-3-1::PROVPEC=NTTP01AF,CTYPE=\"GE SX/FC100 Mx 850nm LC SFP\",SNMPINDEX=671222785,PEC=NTTP01AF,REL=01,CLEI=SOC3NNFCAA,SER=AGLTMY00001C3U  :IS,ACT"
   "PGEFC-1-3-2::PROVPEC=NTTP01AF,CTYPE=\"GE SX/FC100 Mx 850nm LC SFP\",SNMPINDEX=671222786,PEC=NTTP01AF,REL=01,CLEI=SOC3NNFCAA,SER=AGLTMY00000W9H  :IS,ACT"
   "PGEFC-1-3-3::PROVPEC=NTTP01AF,CTYPE=\"GE SX/FC100 Mx 850nm LC SFP\",SNMPINDEX=671222787,PEC=NTTP01AF,REL=01,CLEI=SOC3NNFCAA,SER=AGLTMY00001C41  :IS,ACT"
   "PGEFC-1-3-4::PROVPEC=NTTP01AF,CTYPE=\"GE SX/FC100 Mx 850nm LC SFP\",SNMPINDEX=671222788,PEC=NTTP01AF,REL=01,CLEI=SOC3NNFCAA,SER=AGLTMY00001C5D  :IS,IDLE"
   "10GELWT-1-4::PROVPEC=NTK530AB,CTYPE=\"NGM WT 1x10GE LAN 1x11.1G DWDM\",SNMPINDEX=671223808,PEC=NTK530AB,REL= 30 ,CLEI=WMOPBZWLAG,SER=NNTMGY0005Z6O,MDAT=2009-37,AGE=02-033-02-54,ONSC=00-078-03-08:IS,IDLE"
   "P10GSEL-1-4-2::PROVPEC=NTTP80BA,CTYPE=\"OC192 SR-1:I-64.1/10GBASE-LR/LW,1310 nm, XFP, 0/70C, LC, MSA\",SNMPINDEX=671223810,PEC=NTTP80BA,REL= 04,CLEI=WMOTBNAJAA,SER=EXLGJPP1E1700041:IS,IDLE"
   "10GELWT-1-5::PROVPEC=NTK530AB,CTYPE=\"NGM WT 1x10GE LAN 1x11.1G DWDM\",SNMPINDEX=671224832,PEC=NTK530AB,REL= 15 ,CLEI=WMOPBZWLAA,SER=NNTMH8F001E6K,MDAT=2006-31,AGE=06-005-03-49,ONSC=00-251-15-02:IS,ACT"
   "P10GSEL-1-5-2::PROVPEC=NTTP80BA,CTYPE=\"OC192 SR-1:I-64.1/10GBASE-LR/LW,1310 nm, XFP, 0/70C, LC, MSA\",SNMPINDEX=671224834,PEC=NTTP80BA,REL= 04,CLEI=WMOTBNAJAA,SER=EXLGJPP1E1700036:IS,ACT"
   "10G-1-6::PROVPEC=NTK526MJ,CTYPE=\"OC-192/STM-64 STS-1/HO 1 Port G.709 DWDM 1550.92nm\",SNMPINDEX=671225856,PEC=NTK526MJ,REL= 05 ,CLEI=WMOTBEDJAA,SER=NNTM01N1D489Y,MDAT=2004-51,AGE=01-283-11-28,ONSC=01-283-11-28:IS,ACT"
   "XC-1-7::PROVPEC=NTK557BA,CTYPE=\"X-Conn 160G+ STS-1/VC-3 Sync-ST3\",SNMPINDEX=671226880,PEC=NTK557BA,REL= 05 ,CLEI=WMIXCE0BAC,SER=NNTM01A1D3L6S,MDAT=2004-38,AGE=02-198-11-35,ONSC=02-198-11-35:IS,WRKTRAF&WRKSYNC"
>

   "Dgl001A_OME01" 12-12-29 15:44:24
M  9 COMPLD
   "XC-1-8::PROVPEC=NTK557BA,CTYPE=\"X-Conn 160G+ STS-1/VC-3 Sync-ST3\",SNMPINDEX=671227904,PEC=NTK557BA,REL= 05 ,CLEI=WMIXCE0BAC,SER=NNTM01X1D3LF6,MDAT=2004-38,AGE=02-198-11-41,ONSC=02-198-11-41:IS,STBYH"
   "10G-1-9::PROVPEC=NTK526MJ,CTYPE=\"OC-192/STM-64 STS-1/HO 1 Port G.709 DWDM 1550.92nm\",SNMPINDEX=671228928,PEC=NTK526MJ,REL= 05 ,CLEI=WMOTBEDJAA,SER=NNTM01O1D489Z,MDAT=2004-51,AGE=01-283-11-29,ONSC=01-283-11-29:IS,ACT"
   "10GELWT-1-10::PROVPEC=NTK530BB,CTYPE=\"NGM WT 1x10GE LAN 1x11.1G DWDM Reg\",SNMPINDEX=671229952,PEC=NTK530BB,REL=37  ,CLEI=WMOPBEXLAK,SER=NNTMRRF017XOO,MDAT=2011-27,AGE=01-147-04-23,ONSC=01-147-04-23:IS,ACT"
   "P10GSOEL-1-10-2::PROVPEC=NTTP84BA,CTYPE=\"OC192 SR1/I64.1 10G LR/LW OTU2/10GFC 1200SMLLL 100m 1310 nm XFP\",SNMPINDEX=671229954,PEC=NTTP84BA,REL= 03,CLEI=WOTRANAKAC,SER=EXLGJP0Y16630375:IS,ACT"
   "10GELWT-1-11::PROVPEC=NTK530AB,CTYPE=\"NGM WT 1x10GE LAN 1x11.1G DWDM\",SNMPINDEX=671230976,PEC=NTK530AB,REL= 26A,CLEI=WMOPBZWLAE,SER=NNTMH8500148A,MDAT=2008-17,AGE=03-113-03-44,ONSC=00-078-03-07:IS,IDLE"
   "P10GSEL-1-11-2::PROVPEC=NTTP80BA,CTYPE=\"OC192 SR-1:I-64.1/10GBASE-LR/LW,1310 nm, XFP, 0/70C, LC, MSA\",SNMPINDEX=671230978,PEC=NTTP80BA,REL= 04,CLEI=WMOTBNAJAA,SER=EXLGJPP1E1700079:IS,IDLE"
   "L2SS-1-13::PROVPEC=NTK531BA,CTYPE=\"L2SS 2.5G GE VT1.5/LO 4 Port SFP\",SNMPINDEX=671233024,PEC=NTK531BA,REL= 03 ,CLEI=WMOTBRCJAA,SER=NNTMH8E000Y5L,MDAT=2006-09,AGE=03-354-15-02,ONSC=01-283-11-06,EQPTPROFILE=L2SS_NONPDH:IS,ACT"
   "PGEFC-1-13-1::PROVPEC=NTTP01AF,CTYPE=\"GE SX/FC100 Mx 850nm LC SFP\",SNMPINDEX=671233025,PEC=NTTP01AF,REL=01,CLEI=SOC3NNFCAA,SER=AVAGMY50000NCA  :IS,ACT"
   "SP-1-15::PROVPEC=NTK555AA,CTYPE=\"Processor SP\",SNMPINDEX=671235072,PEC=NTK555AA,REL= 05 ,CLEI=WMUCAJFAAB,SER=NNTM01H1D3UXZ,MDAT=2004-43,AGE=07-151-14-07,ONSC=03-215-14-40,TCUR=20,TAVG=20:IS,"
;RTRV-OC3:"Dgl001A_OME01":OC3-1-ALL:10;
IP 10
<

   "Dgl001A_OME01" 12-12-29 15:44:25
M  10 COMPLD
;RTRV-OC12:"Dgl001A_OME01":OC12-1-ALL:11;
IP 11
<

   "Dgl001A_OME01" 12-12-29 15:44:25
M  11 COMPLD
;RTRV-OC48:"Dgl001A_OME01":OC48-1-ALL:12;
IP 12
<

   "Dgl001A_OME01" 12-12-29 15:44:26
M  12 COMPLD
;RTRV-OC192:"Dgl001A_OME01":OC192-1-ALL:13;
IP 13
<

   "Dgl001A_OME01" 12-12-29 15:44:26
M  13 COMPLD
   "OC192-1-6-1::TMGREF=Y,DCC=Y,,SDTH=6,,,,,ALS=DISABLED,DUSOVERRIDE=DISABLED,EBERTH=3,PORTMODE=SDH,UNEQMODE=VC4,,,,CLFI=\"\":IS,"
   "OC192-1-9-1::TMGREF=Y,DCC=Y,,SDTH=6,,,,,ALS=DISABLED,DUSOVERRIDE=DISABLED,EBERTH=3,PORTMODE=SDH,UNEQMODE=VC4,,,,CLFI=\"\":IS,"
;RTRV-ETH:"Dgl001A_OME01":ETH-1-ALL:14;
IP 14
<

   "Dgl001A_OME01" 12-12-29 15:44:29
M  14 COMPLD
   "ETH-1-1-1::AN=ENABLE,ANSTATUS=COMPLETED,ANETHDPX=FULL,ANSPEED=1000,ANPAUSETX=DISABLE,ANPAUSERX=DISABLE,ADVETHDPX=FULL,ADVSPEED=1000,ADVFLOWCTRL=NONE,ETHDPX=FULL,SPEED=1000,FLOWCTRL=ASYM,PAUSETX=ENABLE,PAUSERX=DISABLE,PAUSERXOVERRIDE=ENABLE,MTU=9600,TXCON=ENABLE,PASSCTRL=DISABLE,PAUSETXOVERRIDE=DISABLE,RXIDLE=0,CFPRF=CFPRF-1-4,PHYSADDR=001158FF5319,CLFI=\"\":IS"
   "ETH-1-1-2::AN=ENABLE,ANSTATUS=COMPLETED,ANETHDPX=FULL,ANSPEED=1000,ANPAUSETX=DISABLE,ANPAUSERX=DISABLE,ADVETHDPX=FULL,ADVSPEED=1000,ADVFLOWCTRL=BOTH,ETHDPX=FULL,SPEED=1000,FLOWCTRL=NONE,PAUSETX=DISABLE,PAUSERX=DISABLE,PAUSERXOVERRIDE=ENABLE,MTU=9600,TXCON=ENABLE,PASSCTRL=DISABLE,PAUSETXOVERRIDE=DISABLE,RXIDLE=0,CFPRF=CFPRF-1-4,PHYSADDR=001158FF531A,CLFI=\"\":IS"
   "ETH-1-1-3::AN=ENABLE,ANSTATUS=INPROGRESS,ANETHDPX=UNKNOWN,ANSPEED=UNKNOWN,ANPAUSETX=UNKNOWN,ANPAUSERX=UNKNOWN,ADVETHDPX=UNKNOWN,ADVSPEED=UNKNOWN,ADVFLOWCTRL=UNKNOWN,ETHDPX=FULL,SPEED=1000,FLOWCTRL=NONE,PAUSETX=DISABLE,PAUSERX=DISABLE,PAUSERXOVERRIDE=ENABLE,MTU=9600,TXCON=ENABLE,PASSCTRL=DISABLE,PAUSETXOVERRIDE=DISABLE,RXIDLE=0,CFPRF=CFPRF-1-4,PHYSADDR=001158FF531B,CLFI=\"\":OOS-MA,DISCD"
   "ETH-1-2-1::AN=ENABLE,ANSTATUS=COMPLETED,ANETHDPX=FULL,ANSPEED=1000,ANPAUSETX=DISABLE,ANPAUSERX=DISABLE,ADVETHDPX=FULL,ADVSPEED=1000,ADVFLOWCTRL=NONE,ETHDPX=FULL,SPEED=1000,FLOWCTRL=ASYM,PAUSETX=ENABLE,PAUSERX=DISABLE,PAUSERXOVERRIDE=ENABLE,MTU=9600,TXCON=ENABLE,PASSCTRL=DISABLE,PAUSETXOVERRIDE=DISABLE,RXIDLE=0,CFPRF=CFPRF-1-4,PHYSADDR=0016CA40B649,CLFI=\"\":IS"
>

   "Dgl001A_OME01" 12-12-29 15:44:29
M  14 COMPLD
   "ETH-1-2-2::AN=ENABLE,ANSTATUS=COMPLETED,ANETHDPX=FULL,ANSPEED=1000,ANPAUSETX=DISABLE,ANPAUSERX=DISABLE,ADVETHDPX=FULL,ADVSPEED=1000,ADVFLOWCTRL=NONE,ETHDPX=FULL,SPEED=1000,FLOWCTRL=ASYM,PAUSETX=ENABLE,PAUSERX=DISABLE,PAUSERXOVERRIDE=ENABLE,MTU=9600,TXCON=ENABLE,PASSCTRL=DISABLE,PAUSETXOVERRIDE=DISABLE,RXIDLE=0,CFPRF=CFPRF-1-4,PHYSADDR=0016CA40B64A,CLFI=\"\":IS"
   "ETH-1-2-3::AN=ENABLE,ANSTATUS=COMPLETED,ANETHDPX=FULL,ANSPEED=1000,ANPAUSETX=DISABLE,ANPAUSERX=DISABLE,ADVETHDPX=FULL,ADVSPEED=1000,ADVFLOWCTRL=NONE,ETHDPX=FULL,SPEED=1000,FLOWCTRL=ASYM,PAUSETX=ENABLE,PAUSERX=DISABLE,PAUSERXOVERRIDE=ENABLE,MTU=9600,TXCON=ENABLE,PASSCTRL=DISABLE,PAUSETXOVERRIDE=DISABLE,RXIDLE=0,CFPRF=CFPRF-1-4,PHYSADDR=0016CA40B64B,CLFI=\"Dgl001A ODF01_P7 (JIVE Manchester)\":IS"
   "ETH-1-2-4::AN=ENABLE,ANSTATUS=INPROGRESS,ANETHDPX=UNKNOWN,ANSPEED=UNKNOWN,ANPAUSETX=UNKNOWN,ANPAUSERX=UNKNOWN,ADVETHDPX=UNKNOWN,ADVSPEED=UNKNOWN,ADVFLOWCTRL=UNKNOWN,ETHDPX=FULL,SPEED=1000,FLOWCTRL=ASYM,PAUSETX=ENABLE,PAUSERX=DISABLE,PAUSERXOVERRIDE=ENABLE,MTU=9600,TXCON=ENABLE,PASSCTRL=DISABLE,PAUSETXOVERRIDE=DISABLE,RXIDLE=0,CFPRF=CFPRF-1-4,PHYSADDR=0016CA40B64C,CLFI=\"\":OOS-MA,DISCD"
   "ETH-1-3-1::AN=ENABLE,ANSTATUS=COMPLETED,ANETHDPX=FULL,ANSPEED=1000,ANPAUSETX=DISABLE,ANPAUSERX=DISABLE,ADVETHDPX=FULL,ADVSPEED=1000,ADVFLOWCTRL=NONE,ETHDPX=FULL,SPEED=1000,FLOWCTRL=ASYM,PAUSETX=ENABLE,PAUSERX=DISABLE,PAUSERXOVERRIDE=ENABLE,MTU=9600,TXCON=ENABLE,PASSCTRL=DISABLE,PAUSETXOVERRIDE=DISABLE,RXIDLE=0,CFPRF=CFPRF-1-4,PHYSADDR=00140D034785,CLFI=\"\":IS"
>

   "Dgl001A_OME01" 12-12-29 15:44:29
M  14 COMPLD
   "ETH-1-3-2::AN=ENABLE,ANSTATUS=COMPLETED,ANETHDPX=FULL,ANSPEED=1000,ANPAUSETX=DISABLE,ANPAUSERX=DISABLE,ADVETHDPX=FULL,ADVSPEED=1000,ADVFLOWCTRL=NONE,ETHDPX=FULL,SPEED=1000,FLOWCTRL=ASYM,PAUSETX=ENABLE,PAUSERX=DISABLE,PAUSERXOVERRIDE=ENABLE,MTU=9600,TXCON=ENABLE,PASSCTRL=DISABLE,PAUSETXOVERRIDE=DISABLE,RXIDLE=0,CFPRF=CFPRF-1-4,PHYSADDR=00140D034786,CLFI=\"\":IS"
   "ETH-1-3-3::AN=ENABLE,ANSTATUS=COMPLETED,ANETHDPX=FULL,ANSPEED=1000,ANPAUSETX=DISABLE,ANPAUSERX=DISABLE,ADVETHDPX=FULL,ADVSPEED=1000,ADVFLOWCTRL=NONE,ETHDPX=FULL,SPEED=1000,FLOWCTRL=NONE,PAUSETX=DISABLE,PAUSERX=DISABLE,PAUSERXOVERRIDE=ENABLE,MTU=9600,TXCON=ENABLE,PASSCTRL=DISABLE,PAUSETXOVERRIDE=DISABLE,RXIDLE=0,CFPRF=CFPRF-1-4,PHYSADDR=00140D034787,CLFI=\"\":IS"
   "ETH-1-3-4::AN=ENABLE,ANSTATUS=INPROGRESS,ANETHDPX=UNKNOWN,ANSPEED=UNKNOWN,ANPAUSETX=UNKNOWN,ANPAUSERX=UNKNOWN,ADVETHDPX=UNKNOWN,ADVSPEED=UNKNOWN,ADVFLOWCTRL=UNKNOWN,ETHDPX=FULL,SPEED=1000,FLOWCTRL=ASYM,PAUSETX=ENABLE,PAUSERX=DISABLE,PAUSERXOVERRIDE=ENABLE,MTU=9600,TXCON=ENABLE,PASSCTRL=DISABLE,PAUSETXOVERRIDE=DISABLE,RXIDLE=0,CFPRF=CFPRF-1-4,PHYSADDR=00140D034788,CLFI=\"\":OOS-MA,DISCD"
   "ETH-1-13-1::AN=ENABLE,ANSTATUS=COMPLETED,ANETHDPX=FULL,ANSPEED=1000,ANPAUSETX=DISABLE,ANPAUSERX=DISABLE,ADVETHDPX=FULL,ADVSPEED=1000,ADVFLOWCTRL=NONE,ETHDPX=FULL,SPEED=1000,FLOWCTRL=NONE,PAUSETX=DISABLE,PAUSERX=DISABLE,MTU=9216,BWTHRESHLD=100,BWUTL=0,BWREMAIN=1000000,IFTYPE=UNI,POLICING=ENABLE,ETYPE=8100,PMODE=PBITS,TXCOSPRF=TXCOSPRF-1-29,RXCOSPRF=RXCOSPRF-1-29,URXCOS=6,CFPRF=CFPRF-1-9,SCHPRF=SCHPRF-1-33,QGRP1=QGRP-1-4,PHYSADDR=00140D0363EF,SNMPINDEX=537722914,CLFI=\"\":IS"
>

   "Dgl001A_OME01" 12-12-29 15:44:29
M  14 COMPLD
;RTRV-ETH10G:"Dgl001A_OME01":ETH10G-1-ALL:15;
IP 15
<

   "Dgl001A_OME01" 12-12-29 15:44:32
M  15 COMPLD
   "ETH10G-1-4-2::LASEROFFFARENDFAIL=DISABLED,OCHTXACTPWR=\"-3.7\",OCHTXMINPWR=\"-7.0\",OCHTXMAXPWR=\"0.0\",OCHRXACTPWR=\"OOR-LO\",OCHRXMINPWR=\"-12.5\",OCHRXMAXPWR=\"0.4\",FLOWCTRL=NONE,CLFI=\"\",AINSTIMELEFT=00-05,,:OOS-AU,FLT&AINS"
   "ETH10G-1-5-2::LASEROFFFARENDFAIL=DISABLED,OCHTXACTPWR=\"-3.7\",OCHTXMINPWR=\"-7.0\",OCHTXMAXPWR=\"0.0\",OCHRXACTPWR=\"-1.1\",OCHRXMINPWR=\"-12.5\",OCHRXMAXPWR=\"0.4\",FLOWCTRL=NONE,CLFI=\"\",,:IS"
   "ETH10G-1-10-2::LASEROFFFARENDFAIL=DISABLED,OCHTXACTPWR=\"-3.5\",OCHTXMINPWR=\"-8.0\",OCHTXMAXPWR=\"0.9\",OCHRXACTPWR=\"-4.5\",OCHRXMINPWR=\"-13.0\",OCHRXMAXPWR=\"0.4\",FLOWCTRL=NONE,CLFI=\"\",,:IS"
>

   "Dgl001A_OME01" 12-12-29 15:44:32
M  15 COMPLD
   "ETH10G-1-11-2::LASEROFFFARENDFAIL=DISABLED,OCHTXACTPWR=\"-2.7\",OCHTXMINPWR=\"-7.0\",OCHTXMAXPWR=\"0.0\",OCHRXACTPWR=\"OOR-LO\",OCHRXMINPWR=\"-12.5\",OCHRXMAXPWR=\"0.4\",FLOWCTRL=NONE,CLFI=\"\",AINSTIMELEFT=00-05,,:OOS-AU,FLT&AINS"
;RTRV-ETH100:"Dgl001A_OME01":ETH100-1-ALL:16;
IP 16
<

   "Dgl001A_OME01" 12-12-29 15:44:32
M  16 COMPLD
;RTRV-WAN:"Dgl001A_OME01":WAN-1-ALL:17;
IP 17
<

   "Dgl001A_OME01" 12-12-29 15:44:35
M  17 COMPLD
   "WAN-1-1-1::MAPPING=GFP-F,RATE=STS3C,VCAT=ENABLE,LCAS=DISABLE,PROVUNITS=7,ACTUALUNITS=7,MAGICNUM=DISABLE,LCM=DISABLE,NCP=NONE,MODE=SDH,FCS=32,SCRAMBLE=ENABLE,LANFCS=ENABLE,RTDELAY=UNKNOWN,CONDTYPE=GFPCMF,GFPRFI=ENABLE,AVLBLRATE=STS3C,PROVRXUNITS=7,GFPRTDELAY=ENABLE,MAXVCDEL=14000,CURRVCDEL=0,ACTUALRXUNITS=7:IS"
   "WAN-1-1-2::MAPPING=GFP-F,RATE=STS3C,VCAT=ENABLE,LCAS=DISABLE,PROVUNITS=1,ACTUALUNITS=1,MAGICNUM=DISABLE,LCM=DISABLE,NCP=NONE,MODE=SDH,FCS=32,SCRAMBLE=ENABLE,LANFCS=ENABLE,RTDELAY=131,CONDTYPE=GFPCMF,GFPRFI=ENABLE,AVLBLRATE=STS3C,PROVRXUNITS=1,GFPRTDELAY=ENABLE,MAXVCDEL=14000,CURRVCDEL=0,ACTUALRXUNITS=1:IS"
   "WAN-1-1-3::MAPPING=GFP-F,RATE=NONE,VCAT=ENABLE,LCAS=DISABLE,PROVUNITS=0,ACTUALUNITS=0,MAGICNUM=DISABLE,LCM=DISABLE,NCP=NONE,MODE=SDH,FCS=32,SCRAMBLE=ENABLE,LANFCS=ENABLE,RTDELAY=UNKNOWN,CONDTYPE=GFPCMF,GFPRFI=ENABLE,AVLBLRATE=STS1HO/STS1LO/STS3C,PROVRXUNITS=0,GFPRTDELAY=ENABLE,MAXVCDEL=14000,CURRVCDEL=0,ACTUALRXUNITS=0:OOS-MA,DISCD"
   "WAN-1-2-1::MAPPING=GFP-F,RATE=STS3C,VCAT=ENABLE,LCAS=DISABLE,PROVUNITS=7,ACTUALUNITS=7,MAGICNUM=DISABLE,LCM=DISABLE,NCP=NONE,MODE=SDH,FCS=32,SCRAMBLE=ENABLE,LANFCS=ENABLE,RTDELAY=162271,CONDTYPE=GFPCMF,GFPRFI=ENABLE,AVLBLRATE=STS3C,PROVRXUNITS=7,GFPRTDELAY=ENABLE,MAXVCDEL=14000,CURRVCDEL=0,ACTUALRXUNITS=7:IS"
   "WAN-1-2-2::MAPPING=GFP-F,RATE=STS3C,VCAT=ENABLE,LCAS=DISABLE,PROVUNITS=7,ACTUALUNITS=7,MAGICNUM=DISABLE,LCM=DISABLE,NCP=NONE,MODE=SDH,FCS=0,SCRAMBLE=ENABLE,LANFCS=ENABLE,RTDELAY=UNKNOWN,CONDTYPE=GFPCMF,GFPRFI=ENABLE,AVLBLRATE=STS3C,PROVRXUNITS=7,GFPRTDELAY=ENABLE,MAXVCDEL=14000,CURRVCDEL=0,ACTUALRXUNITS=7:IS"
>

   "Dgl001A_OME01" 12-12-29 15:44:35
M  17 COMPLD
   "WAN-1-2-3::MAPPING=GFP-F,RATE=STS3C,VCAT=ENABLE,LCAS=DISABLE,PROVUNITS=7,ACTUALUNITS=7,MAGICNUM=DISABLE,LCM=DISABLE,NCP=NONE,MODE=SDH,FCS=32,SCRAMBLE=ENABLE,LANFCS=ENABLE,RTDELAY=UNKNOWN,CONDTYPE=GFPCMF,GFPRFI=ENABLE,AVLBLRATE=STS3C,PROVRXUNITS=7,GFPRTDELAY=ENABLE,MAXVCDEL=14000,CURRVCDEL=1375,ACTUALRXUNITS=7:IS"
   "WAN-1-2-4::MAPPING=GFP-F,RATE=NONE,VCAT=DISABLE,LCAS=DISABLE,PROVUNITS=0,ACTUALUNITS=0,MAGICNUM=DISABLE,LCM=DISABLE,NCP=NONE,MODE=SDH,FCS=32,SCRAMBLE=ENABLE,LANFCS=ENABLE,RTDELAY=UNKNOWN,CONDTYPE=GFPCMF,GFPRFI=ENABLE,AVLBLRATE=NONE,PROVRXUNITS=0,GFPRTDELAY=ENABLE,MAXVCDEL=14000,CURRVCDEL=0,ACTUALRXUNITS=0:OOS-MA,DISCD"
   "WAN-1-3-1::MAPPING=GFP-F,RATE=STS3C,VCAT=ENABLE,LCAS=DISABLE,PROVUNITS=7,ACTUALUNITS=7,MAGICNUM=DISABLE,LCM=DISABLE,NCP=NONE,MODE=SDH,FCS=32,SCRAMBLE=ENABLE,LANFCS=ENABLE,RTDELAY=UNKNOWN,CONDTYPE=GFPCMF,GFPRFI=ENABLE,AVLBLRATE=STS3C,PROVRXUNITS=7,GFPRTDELAY=ENABLE,MAXVCDEL=14000,CURRVCDEL=1375,ACTUALRXUNITS=7:IS"
   "WAN-1-3-2::MAPPING=GFP-F,RATE=STS3C,VCAT=ENABLE,LCAS=DISABLE,PROVUNITS=7,ACTUALUNITS=7,MAGICNUM=DISABLE,LCM=DISABLE,NCP=NONE,MODE=SDH,FCS=32,SCRAMBLE=ENABLE,LANFCS=ENABLE,RTDELAY=UNKNOWN,CONDTYPE=GFPCMF,GFPRFI=ENABLE,AVLBLRATE=STS3C,PROVRXUNITS=7,GFPRTDELAY=ENABLE,MAXVCDEL=14000,CURRVCDEL=1375,ACTUALRXUNITS=7:IS"
   "WAN-1-3-3::MAPPING=GFP-F,RATE=STS24C,VCAT=DISABLE,LCAS=DISABLE,PROVUNITS=1,ACTUALUNITS=1,MAGICNUM=DISABLE,LCM=DISABLE,NCP=NONE,MODE=SDH,FCS=32,SCRAMBLE=ENABLE,LANFCS=ENABLE,RTDELAY=UNKNOWN,CONDTYPE=GFPCMF,GFPRFI=ENABLE,AVLBLRATE=STS24C,PROVRXUNITS=1,GFPRTDELAY=ENABLE,MAXVCDEL=14000,CURRVCDEL=0,ACTUALRXUNITS=1:IS"
>

   "Dgl001A_OME01" 12-12-29 15:44:35
M  17 COMPLD
   "WAN-1-3-4::MAPPING=GFP-F,RATE=NONE,VCAT=DISABLE,LCAS=DISABLE,PROVUNITS=0,ACTUALUNITS=0,MAGICNUM=DISABLE,LCM=DISABLE,NCP=NONE,MODE=SDH,FCS=32,SCRAMBLE=ENABLE,LANFCS=ENABLE,RTDELAY=UNKNOWN,CONDTYPE=GFPCMF,GFPRFI=ENABLE,AVLBLRATE=STS24C,PROVRXUNITS=0,GFPRTDELAY=ENABLE,MAXVCDEL=14000,CURRVCDEL=0,ACTUALRXUNITS=0:OOS-MA,DISCD"
   "WAN-1-13-101::MAPPING=GFP-F,FCS=32,PDHTYPE=NONPDH,RATE=STS3C,LCAS=DISABLE,VCAT=ENABLE,PROVUNITS=7,ACTUALUNITS=7,LANFCS=DISABLE,RTDELAY=UNKNOWN,MAXVCDEL=64000,CURRVCDEL=2,SCRAMBLE=ENABLE,ACTUALRXUNITS=7,IFTYPE=NNI,POLICING=ENABLE,ETYPE=8100,DMPRF=DMPRF-1-3,TXCOSPRF=TXCOSPRF-1-3,RXCOSPRF=RXCOSPRF-1-3,URXCOS=0,CFPRF=CFPRF-1-1,SCHPRF=SCHPRF-1-33,LOOPDETECT=DISABLE,QGRP1=QGRP-1-4,BWTHRESHLD=100,BWUTL=0,BWREMAIN=1048320,SNMPINDEX=537726116,PDHVLI=DISABLE,MACOPTION=NONE:IS"
   "WAN-1-13-102::MAPPING=GFP-F,FCS=32,PDHTYPE=NONPDH,RATE=STS3C,LCAS=DISABLE,VCAT=ENABLE,PROVUNITS=7,ACTUALUNITS=7,LANFCS=DISABLE,RTDELAY=UNKNOWN,MAXVCDEL=64000,CURRVCDEL=2,SCRAMBLE=ENABLE,ACTUALRXUNITS=7,IFTYPE=NNI,POLICING=ENABLE,ETYPE=8100,DMPRF=DMPRF-1-3,TXCOSPRF=TXCOSPRF-1-3,RXCOSPRF=RXCOSPRF-1-3,URXCOS=0,CFPRF=CFPRF-1-1,SCHPRF=SCHPRF-1-33,LOOPDETECT=DISABLE,QGRP1=QGRP-1-4,BWTHRESHLD=100,BWUTL=0,BWREMAIN=1048320,SNMPINDEX=537726148,PDHVLI=DISABLE,MACOPTION=NONE:IS"
;RTRV-VCS:"Dgl001A_OME01":VCS-1-ALL:18;
IP 18
<

   "Dgl001A_OME01" 12-12-29 15:44:36
M  18 COMPLD
   "VCS-1-1652::PROTOCOL=ETH,ENCAP=SVLAN,DATATYPE=CUSTDATA,TOPO=M2M,COSSUP=GD,MTU=9100,FID=16384,QGRP=1,CKTID=\"NFRA_Dgl001A_1\":IS"
;RTRV-VCE:"Dgl001A_OME01":VCE-1-ALL:19;
IP 19
<

   "Dgl001A_OME01" 12-12-29 15:44:36
M  19 COMPLD
   "VCE-1-13-1-1652:GD,GD,GD,GD,GD,GD,GD,GD:DIR=TXRX,STBW=BWPRF-1-8,BRBW=BWPRF-1-8,SLBW=BWPRF-1-8,GDBW=BWPRF-1-9,PLBW=BWPRF-1-8,PRBW=BWPRF-1-8,NTBW=BWPRF-1-8,CRBW=BWPRF-1-8,NWBW=BWPRF-1-8,RXCOSPRF=RXCOSPRF-1-196312,TXCOSPRF=TXCOSPRF-1-0,DETAILEDOMSTATS=DISABLE:IS"
   "VCE-1-13-101-1652::IFLABEL=1652,IFENCAP=SVLAN,DIR=TXRX,STBW=BWPRF-1-8,BRBW=BWPRF-1-8,SLBW=BWPRF-1-8,GDBW=BWPRF-1-9,PLBW=BWPRF-1-8,PRBW=BWPRF-1-8,NTBW=BWPRF-1-8,CRBW=BWPRF-1-8,NWBW=BWPRF-1-8,RXCOSPRF=RXCOSPRF-1-0,TXCOSPRF=TXCOSPRF-1-0,DETAILEDOMSTATS=DISABLE:IS"
   "VCE-1-13-102-1652::IFLABEL=1652,IFENCAP=SVLAN,DIR=TXRX,STBW=BWPRF-1-8,BRBW=BWPRF-1-8,SLBW=BWPRF-1-8,GDBW=BWPRF-1-9,PLBW=BWPRF-1-8,PRBW=BWPRF-1-8,NTBW=BWPRF-1-8,CRBW=BWPRF-1-8,NWBW=BWPRF-1-8,RXCOSPRF=RXCOSPRF-1-0,TXCOSPRF=TXCOSPRF-1-0,DETAILEDOMSTATS=DISABLE:IS"
;RTRV-VCEMAP:"Dgl001A_OME01":VCEMAP-1-ALL:20;
IP 20
<

   "Dgl001A_OME01" 12-12-29 15:44:36
M  20 COMPLD
   "VCEMAP-1-13-1-1652-4096:RX:ACCESS=ALLOW,LOCLBL1=4096,RXPRIOMASK=00000001,RXPRIOSRC=LOCTAG1,TAGS2MATCH=1"
   "VCEMAP-1-13-101-1652-1:TXADDRXDEL:ACCESS=ALLOW,LOCLBL1=1652,LOCTAGETH1=0"
   "VCEMAP-1-13-102-1652-1:TXADDRXDEL:ACCESS=ALLOW,LOCLBL1=1652,LOCTAGETH1=0"
;RTRV-CRS-ALL:"Dgl001A_OME01"::21:::CKTID=ALL;
IP 21
<

   "Dgl001A_OME01" 12-12-29 15:44:37
M  21 COMPLD
   "STS3C-1-1-2-1,STS3C-1-1-2-1:1WAY:PRIMARYXC=SHELF,PRIME=OSS,CKTID=\"DRAC-loopback\":STS3C:"
   "STS3C-1-6-1-85,STS3C-1-1-1-1:2WAY:PRIMARYXC=SHELF,PRIME=OSS,CKTID=\"5022LE_PLTOR-NLDGL(NBD-PSNC-JIVE)\":STS3C:"
   "STS3C-1-6-1-88,STS3C-1-1-1-4:2WAY:PRIMARYXC=SHELF,PRIME=OSS,CKTID=\"5022LE_PLTOR-NLDGL(NBD-PSNC-JIVE)\":STS3C:"
   "STS3C-1-6-1-91,STS3C-1-1-1-7:2WAY:PRIMARYXC=SHELF,PRIME=OSS,CKTID=\"5022LE_PLTOR-NLDGL(NBD-PSNC-JIVE)\":STS3C:"
   "STS3C-1-6-1-94,STS3C-1-1-1-10:2WAY:PRIMARYXC=SHELF,PRIME=OSS,CKTID=\"5022LE_PLTOR-NLDGL(NBD-PSNC-JIVE)\":STS3C:"
   "STS3C-1-6-1-97,STS3C-1-1-1-13:2WAY:PRIMARYXC=SHELF,PRIME=OSS,CKTID=\"5022LE_PLTOR-NLDGL(NBD-PSNC-JIVE)\":STS3C:"
   "STS3C-1-6-1-100,STS3C-1-1-1-16:2WAY:PRIMARYXC=SHELF,PRIME=OSS,CKTID=\"5022LE_PLTOR-NLDGL(NBD-PSNC-JIVE)\":STS3C:"
   "STS3C-1-6-1-103,STS3C-1-1-1-19:2WAY:PRIMARYXC=SHELF,PRIME=OSS,CKTID=\"5022LE_PLTOR-NLDGL(NBD-PSNC-JIVE)\":STS3C:"
   "STS3C-1-6-1-22,STS3C-1-2-3-1:2WAYPR:SWMATE=STS3C-1-9-1-106,PRIMARYXC=SHELF,PRIME=OSS,CKTID=\"5026LP_GBMCL-NLDGL(NBD-JIVE-Manchester)\":STS3C:"
   "STS3C-1-6-1-25,STS3C-1-2-3-4:2WAYPR:SWMATE=STS3C-1-9-1-109,PRIMARYXC=SHELF,PRIME=OSS,CKTID=\"5026LP_GBMCL-NLDGL(NBD-JIVE-Manchester)\":STS3C:"
   "STS3C-1-6-1-28,STS3C-1-2-3-7:2WAYPR:SWMATE=STS3C-1-9-1-112,PRIMARYXC=SHELF,PRIME=OSS,CKTID=\"5026LP_GBMCL-NLDGL(NBD-JIVE-Manchester)\":STS3C:"
   "STS3C-1-6-1-31,STS3C-1-2-3-10:2WAYPR:SWMATE=STS3C-1-9-1-115,PRIMARYXC=SHELF,PRIME=OSS,CKTID=\"5026LP_GBMCL-NLDGL(NBD-JIVE-Manchester)\":STS3C:"
   "STS3C-1-6-1-34,STS3C-1-2-3-13:2WAYPR:SWMATE=STS3C-1-9-1-118,PRIMARYXC=SHELF,PRIME=OSS,CKTID=\"5026LP_GBMCL-NLDGL(NBD-JIVE-Manchester)\":STS3C:"
   "STS3C-1-6-1-142,STS3C-1-2-3-16:2WAYPR:SWMATE=STS3C-1-9-1-142,PRIMARYXC=SHELF,PRIME=OSS,CKTID=\"5026LP_GBMCL-NLDGL(NBD-JIVE-Manchester)\":STS3C:"
   "STS3C-1-6-1-190,STS3C-1-2-3-19:2WAYPR:SWMATE=STS3C-1-9-1-145,PRIMARYXC=SHELF,PRIME=OSS,CKTID=\"5026LP_GBMCL-NLDGL(NBD-JIVE-Manchester)\":STS3C:"
   "STS3C-1-6-1-43,STS3C-1-2-2-1:2WAYPR:SWMATE=STS3C-1-9-1-64,PRIMARYXC=SHELF,PRIME=OSS,CKTID=\"5023LP_GBMCL-NLDGL(NBD-JBO1-JIVE)\":STS3C:"
   "STS3C-1-6-1-46,STS3C-1-2-2-4:2WAYPR:SWMATE=STS3C-1-9-1-67,PRIMARYXC=SHELF,PRIME=OSS,CKTID=\"5023LP_GBMCL-NLDGL(NBD-JBO1-JIVE)\":STS3C:"
   "STS3C-1-6-1-49,STS3C-1-2-2-7:2WAYPR:SWMATE=STS3C-1-9-1-70,PRIMARYXC=SHELF,PRIME=OSS,CKTID=\"5023LP_GBMCL-NLDGL(NBD-JBO1-JIVE)\":STS3C:"
>

   "Dgl001A_OME01" 12-12-29 15:44:37
M  21 COMPLD
   "STS3C-1-6-1-52,STS3C-1-2-2-10:2WAYPR:SWMATE=STS3C-1-9-1-73,PRIMARYXC=SHELF,PRIME=OSS,CKTID=\"5023LP_GBMCL-NLDGL(NBD-JBO1-JIVE)\":STS3C:"
   "STS3C-1-6-1-55,STS3C-1-2-2-13:2WAYPR:SWMATE=STS3C-1-9-1-76,PRIMARYXC=SHELF,PRIME=OSS,CKTID=\"5023LP_GBMCL-NLDGL(NBD-JBO1-JIVE)\":STS3C:"
   "STS3C-1-6-1-58,STS3C-1-2-2-16:2WAYPR:SWMATE=STS3C-1-9-1-79,PRIMARYXC=SHELF,PRIME=OSS,CKTID=\"5023LP_GBMCL-NLDGL(NBD-JBO1-JIVE)\":STS3C:"
   "STS3C-1-6-1-61,STS3C-1-2-2-19:2WAYPR:SWMATE=STS3C-1-9-1-82,PRIMARYXC=SHELF,PRIME=OSS,CKTID=\"5023LP_GBMCL-NLDGL(NBD-JBO1-JIVE)\":STS3C:"
   "STS3C-1-6-1-169,STS3C-1-2-1-1:2WAYPR:SWMATE=STS3C-1-9-1-22,PRIMARYXC=SHELF,PRIME=OSS,CKTID=\"5000LP_CNSHA-NLDGL(NBD-SHAO-JIVE-EVLBI)\":STS3C:"
   "STS3C-1-6-1-172,STS3C-1-2-1-4:2WAYPR:SWMATE=STS3C-1-9-1-25,PRIMARYXC=SHELF,PRIME=OSS,CKTID=\"5000LP_CNSHA-NLDGL(NBD-SHAO-JIVE-EVLBI)\":STS3C:"
   "STS3C-1-6-1-175,STS3C-1-2-1-7:2WAYPR:SWMATE=STS3C-1-9-1-28,PRIMARYXC=SHELF,PRIME=OSS,CKTID=\"5000LP_CNSHA-NLDGL(NBD-SHAO-JIVE-EVLBI)\":STS3C:"
   "STS3C-1-6-1-178,STS3C-1-2-1-10:2WAYPR:SWMATE=STS3C-1-9-1-31,PRIMARYXC=SHELF,PRIME=OSS,CKTID=\"5000LP_CNSHA-NLDGL(NBD-SHAO-JIVE-EVLBI)\":STS3C:"
   "STS3C-1-6-1-181,STS3C-1-2-1-13:2WAYPR:SWMATE=STS3C-1-9-1-34,PRIMARYXC=SHELF,PRIME=OSS,CKTID=\"5000LP_CNSHA-NLDGL(NBD-SHAO-JIVE-EVLBI)\":STS3C:"
   "STS3C-1-6-1-184,STS3C-1-2-1-16:2WAYPR:SWMATE=STS3C-1-9-1-37,PRIMARYXC=SHELF,PRIME=OSS,CKTID=\"5000LP_CNSHA-NLDGL(NBD-SHAO-JIVE-EVLBI)\":STS3C:"
   "STS3C-1-6-1-187,STS3C-1-2-1-19:2WAYPR:SWMATE=STS3C-1-9-1-40,PRIMARYXC=SHELF,PRIME=OSS,CKTID=\"5000LP_CNSHA-NLDGL(NBD-SHAO-JIVE-EVLBI)\":STS3C:"
   "STS24C-1-6-1-145,STS24C-1-3-3-1:2WAY:PRIMARYXC=SHELF,PRIME=OSS,CKTID=\"5018LE_AUSYD-NLDGL(EXP-ATNF-JIVE)\":STS24C:"
   "STS3C-1-6-1-37,STS3C-1-3-2-1:2WAYPR:SWMATE=STS3C-1-9-1-43,PRIMARYXC=SHELF,PRIME=OSS,CKTID=\"5017LP_ITMDI-NLDGL(NBD-INAF-JIVE)\":STS3C:"
   "STS3C-1-6-1-40,STS3C-1-3-2-4:2WAYPR:SWMATE=STS3C-1-9-1-46,PRIMARYXC=SHELF,PRIME=OSS,CKTID=\"5017LP_ITMDI-NLDGL(NBD-INAF-JIVE)\":STS3C:"
   "STS3C-1-6-1-106,STS3C-1-3-2-7:2WAYPR:SWMATE=STS3C-1-9-1-49,PRIMARYXC=SHELF,PRIME=OSS,CKTID=\"5017LP_ITMDI-NLDGL(NBD-INAF-JIVE)\":STS3C:"
   "STS3C-1-6-1-109,STS3C-1-3-2-10:2WAYPR:SWMATE=STS3C-1-9-1-52,PRIMARYXC=SHELF,PRIME=OSS,CKTID=\"5017LP_ITMDI-NLDGL(NBD-INAF-JIVE)\":STS3C:"
   "STS3C-1-6-1-112,STS3C-1-3-2-13:2WAYPR:SWMATE=STS3C-1-9-1-55,PRIMARYXC=SHELF,PRIME=OSS,CKTID=\"5017LP_ITMDI-NLDGL(NBD-INAF-JIVE)\":STS3C:"
   "STS3C-1-6-1-115,STS3C-1-3-2-16:2WAYPR:SWMATE=STS3C-1-9-1-58,PRIMARYXC=SHELF,PRIME=OSS,CKTID=\"5017LP_ITMDI-NLDGL(NBD-INAF-JIVE)\":STS3C:"
>

   "Dgl001A_OME01" 12-12-29 15:44:37
M  21 COMPLD
   "STS3C-1-6-1-118,STS3C-1-3-2-19:2WAYPR:SWMATE=STS3C-1-9-1-61,PRIMARYXC=SHELF,PRIME=OSS,CKTID=\"5017LP_ITMDI-NLDGL(NBD-INAF-JIVE)\":STS3C:"
   "STS3C-1-6-1-64,STS3C-1-3-1-1:2WAYPR:SWMATE=STS3C-1-9-1-85,PRIMARYXC=SHELF,PRIME=OSS,CKTID=\"5024LP_GBMCL-NLDGL(NBD-JBO2-JIVE)\":STS3C:"
   "STS3C-1-6-1-67,STS3C-1-3-1-4:2WAYPR:SWMATE=STS3C-1-9-1-88,PRIMARYXC=SHELF,PRIME=OSS,CKTID=\"5024LP_GBMCL-NLDGL(NBD-JBO2-JIVE)\":STS3C:"
   "STS3C-1-6-1-70,STS3C-1-3-1-7:2WAYPR:SWMATE=STS3C-1-9-1-91,PRIMARYXC=SHELF,PRIME=OSS,CKTID=\"5024LP_GBMCL-NLDGL(NBD-JBO2-JIVE)\":STS3C:"
   "STS3C-1-6-1-73,STS3C-1-3-1-10:2WAYPR:SWMATE=STS3C-1-9-1-94,PRIMARYXC=SHELF,PRIME=OSS,CKTID=\"5024LP_GBMCL-NLDGL(NBD-JBO2-JIVE)\":STS3C:"
   "STS3C-1-6-1-76,STS3C-1-3-1-13:2WAYPR:SWMATE=STS3C-1-9-1-97,PRIMARYXC=SHELF,PRIME=OSS,CKTID=\"5024LP_GBMCL-NLDGL(NBD-JBO2-JIVE)\":STS3C:"
   "STS3C-1-6-1-79,STS3C-1-3-1-16:2WAYPR:SWMATE=STS3C-1-9-1-100,PRIMARYXC=SHELF,PRIME=OSS,CKTID=\"5024LP_GBMCL-NLDGL(NBD-JBO2-JIVE)\":STS3C:"
   "STS3C-1-6-1-82,STS3C-1-3-1-19:2WAYPR:SWMATE=STS3C-1-9-1-103,PRIMARYXC=SHELF,PRIME=OSS,CKTID=\"5024LP_GBMCL-NLDGL(NBD-JBO2-JIVE)\":STS3C:"
   "STS3C-1-13-101-1,STS3C-1-6-1-1:2WAY:PRIMARYXC=SHELF,PRIME=OSS,CKTID=\"1007IR1_Dgl01-Asd01_L2SS\":STS3C:"
   "STS3C-1-13-101-4,STS3C-1-6-1-4:2WAY:PRIMARYXC=SHELF,PRIME=OSS,CKTID=\"1007IR1_Dgl01-Asd01_L2SS\":STS3C:"
   "STS3C-1-13-101-7,STS3C-1-6-1-7:2WAY:PRIMARYXC=SHELF,PRIME=OSS,CKTID=\"1007IR1_Dgl01-Asd01_L2SS\":STS3C:"
   "STS3C-1-13-101-10,STS3C-1-6-1-10:2WAY:PRIMARYXC=SHELF,PRIME=OSS,CKTID=\"1007IR1_Dgl01-Asd01_L2SS\":STS3C:"
   "STS3C-1-13-101-13,STS3C-1-6-1-13:2WAY:PRIMARYXC=SHELF,PRIME=OSS,CKTID=\"1007IR1_Dgl01-Asd01_L2SS\":STS3C:"
   "STS3C-1-13-101-16,STS3C-1-6-1-16:2WAY:PRIMARYXC=SHELF,PRIME=OSS,CKTID=\"1007IR1_Dgl01-Asd01_L2SS\":STS3C:"
   "STS3C-1-13-101-19,STS3C-1-6-1-19:2WAY:PRIMARYXC=SHELF,PRIME=OSS,CKTID=\"1007IR1_Dgl01-Asd01_L2SS\":STS3C:"
   "STS3C-1-13-102-1,STS3C-1-9-1-1:2WAY:PRIMARYXC=SHELF,PRIME=OSS,CKTID=\"1007IR2_Dgl01-Asd02_L2SS\":STS3C:"
   "STS3C-1-13-102-4,STS3C-1-9-1-4:2WAY:PRIMARYXC=SHELF,PRIME=OSS,CKTID=\"1007IR2_Dgl01-Asd02_L2SS\":STS3C:"
   "STS3C-1-13-102-7,STS3C-1-9-1-7:2WAY:PRIMARYXC=SHELF,PRIME=OSS,CKTID=\"1007IR2_Dgl01-Asd02_L2SS\":STS3C:"
>

   "Dgl001A_OME01" 12-12-29 15:44:37
M  21 COMPLD
   "STS3C-1-13-102-10,STS3C-1-9-1-10:2WAY:PRIMARYXC=SHELF,PRIME=OSS,CKTID=\"1007IR2_Dgl01-Asd02_L2SS\":STS3C:"
   "STS3C-1-13-102-13,STS3C-1-9-1-13:2WAY:PRIMARYXC=SHELF,PRIME=OSS,CKTID=\"1007IR2_Dgl01-Asd02_L2SS\":STS3C:"
   "STS3C-1-13-102-16,STS3C-1-9-1-16:2WAY:PRIMARYXC=SHELF,PRIME=OSS,CKTID=\"1007IR2_Dgl01-Asd02_L2SS\":STS3C:"
   "STS3C-1-13-102-19,STS3C-1-9-1-19:2WAY:PRIMARYXC=SHELF,PRIME=OSS,CKTID=\"1007IR2_Dgl01-Asd02_L2SS\":STS3C:"
;RTRV-AD-ALL:"Dgl001A_OME01"::22;
IP 22
<

   "Dgl001A_OME01" 12-12-29 15:44:38
M  22 COMPLD
   "ADJ-1-4-1:TYP-SH-SL-PRT,PHYS:TX_VERSION=\"2\",TX_TAG=\"Dgl001A_OME01-1-4-1\",RX_VERSION=\"2\",RX_ACTUAL=\"\",RX_EXPECTED=\"\",RECONFIG=DISABLE,RX_RELIABILITY=UNRELIABLE,MECHANISM=DERIVED"
   "ADJ-1-4-2:TYP-SH-SL-PRT,PHYS:TX_VERSION=\"2\",TX_TAG=\"Dgl001A_OME01-1-4-2\",RX_VERSION=\"2\",RX_ACTUAL=\"\",RX_EXPECTED=\"\",RECONFIG=DISABLE,RX_RELIABILITY=UNRELIABLE,MECHANISM=DERIVED"
   "ADJ-1-5-1:TYP-SH-SL-PRT,PHYS:TX_VERSION=\"2\",TX_TAG=\"Dgl001A_OME01-1-5-1\",RX_VERSION=\"2\",RX_ACTUAL=\"\",RX_EXPECTED=\"\",RECONFIG=DISABLE,RX_RELIABILITY=UNRELIABLE,MECHANISM=DERIVED"
   "ADJ-1-5-2:TYP-SH-SL-PRT,PHYS:TX_VERSION=\"2\",TX_TAG=\"Dgl001A_OME01-1-5-2\",RX_VERSION=\"2\",RX_ACTUAL=\"\",RX_EXPECTED=\"\",RECONFIG=DISABLE,RX_RELIABILITY=UNRELIABLE,MECHANISM=DERIVED"
   "OC192-1-6-1:TYP-SH-SL-PRT,LINE:TX_VERSION=\"2\",TX_TAG=\"AD_2_00:20:d8:df:3d:7a_001_000_006_000_001_ME_1\",RX_VERSION=\"2\",RX_ACTUAL=\"AD_2_00:21:e1:d9:ac:20_001_000_007_000_001_ME_1\",RX_EXPECTED=\"\",RECONFIG=DISABLE,RX_RELIABILITY=RELIABLE,MECHANISM=IIH"
   "OC192-1-9-1:TYP-SH-SL-PRT,LINE:TX_VERSION=\"2\",TX_TAG=\"AD_2_00:20:d8:df:3d:7a_001_000_009_000_001_ME_1\",RX_VERSION=\"2\",RX_ACTUAL=\"AD_2_00:21:e1:d9:aa:1b_001_000_011_000_001_ME_1\",RX_EXPECTED=\"\",RECONFIG=DISABLE,RX_RELIABILITY=RELIABLE,MECHANISM=IIH"
   "ADJ-1-10-1:TYP-SH-SL-PRT,PHYS:TX_VERSION=\"2\",TX_TAG=\"Dgl001A_OME01-1-10-1\",RX_VERSION=\"2\",RX_ACTUAL=\"\",RX_EXPECTED=\"\",RECONFIG=DISABLE,RX_RELIABILITY=UNRELIABLE,MECHANISM=DERIVED"
   "ADJ-1-10-2:TYP-SH-SL-PRT,PHYS:TX_VERSION=\"2\",TX_TAG=\"Dgl001A_OME01-1-10-2\",RX_VERSION=\"2\",RX_ACTUAL=\"\",RX_EXPECTED=\"\",RECONFIG=DISABLE,RX_RELIABILITY=UNRELIABLE,MECHANISM=DERIVED"
   "ADJ-1-11-1:TYP-SH-SL-PRT,PHYS:TX_VERSION=\"2\",TX_TAG=\"Dgl001A_OME01-1-11-1\",RX_VERSION=\"2\",RX_ACTUAL=\"\",RX_EXPECTED=\"\",RECONFIG=DISABLE,RX_RELIABILITY=UNRELIABLE,MECHANISM=DERIVED"
   "ADJ-1-11-2:TYP-SH-SL-PRT,PHYS:TX_VERSION=\"2\",TX_TAG=\"Dgl001A_OME01-1-11-2\",RX_VERSION=\"2\",RX_ACTUAL=\"\",RX_EXPECTED=\"\",RECONFIG=DISABLE,RX_RELIABILITY=UNRELIABLE,MECHANISM=DERIVED"
;RTRV-FFP-OC192:"Dgl001A_OME01":OC192-1-ALL:23;
IP 23
<

   "Dgl001A_OME01" 12-12-29 15:44:40
M  23 COMPLD
;

   "Dgl001A_OME01" 12-12-29 15:45:08
A  0001923254 REPT EVT COM
   "SP-1-15:PMFTPI,TC,12-29,15-45-08,NEND,NA,,,:\"file 'sftp://sftpuser@145.145.64.26:22//opt/nortel/omea/NE_info/pmdata/0020D8DF3D7A/pm_Dgl001A_OME01_20121229154507_date_201212291530.gz' has started\",NONE:0100000000-0000-0647,:YEAR=2012,MODE=NONE,SIGLAYER=\"\""
;

   "Dgl001A_OME01" 12-12-29 15:45:08
A  0001923255 REPT EVT COM
   "SP-1-15:PMFTPF,TC,12-29,15-45-08,NEND,NA,,,:\"file 'sftp://sftpuser@145.145.64.26:22//opt/nortel/omea/NE_info/pmdata/0020D8DF3D7A/pm_Dgl001A_OME01_20121229154507_date_201212291530.gz' has failed\",NONE:0100000000-0000-0649,:YEAR=2012,MODE=NONE,SIGLAYER=\"\""
;

   "Dgl001A_OME01" 12-12-29 15:45:26
A  0001923256 REPT EVT COM
   "SP-1-15:PMFTPI,TC,12-29,15-45-26,NEND,NA,,,:\"file 'sftp://sftpuser@145.145.64.26:22//opt/nortel/omea/NE_info/pmdata/0020D8DF3D7A/pm_Dgl001A_OME01_20121229154507_date_201212291530.gz' has started\",NONE:0100000000-0000-0647,:YEAR=2012,MODE=NONE,SIGLAYER=\"\""
;

   "Dgl001A_OME01" 12-12-29 15:45:40
A  0001923257 REPT EVT LOG
   "DATE=12-12-29,TIME=15-45-40:USERID=NLSCRIPT,PRIORITY=GEN_TL1_CMD,STATUS=COMPLD:ACT-USER:NLSCRIPT:1::::"
;

   "Dgl001A_OME01" 12-12-29 15:45:40
A  0001923258 REPT EVT LOG
   "DATE=12-12-29,TIME=15-45-40:USERID=NLSCRIPT,PRIORITY=GEN_TL1_CMD,STATUS=COMPLD:CANC-USER:NLSCRIPT:1::::"
;

   "Dgl001A_OME01" 12-12-29 15:45:41
A  0001923259 REPT EVT COM
   "SP-1-15:PMFTPC,TC,12-29,15-45-41,NEND,NA,,,:\"file 'sftp://sftpuser@145.145.64.26:22//opt/nortel/omea/NE_info/pmdata/0020D8DF3D7A/pm_Dgl001A_OME01_20121229154507_date_201212291530.gz' has completed\",NONE:0100000000-0000-0648,:YEAR=2012,MODE=NONE,SIGLAYER=\"\""
;

   "Dgl001A_OME01" 12-12-29 15:45:49
A  0001923260 REPT EVT LOG
   "DATE=12-12-29,TIME=15-45-49:USERID=SNSCRIPT,PRIORITY=GEN_TL1_CMD,STATUS=COMPLD:ACT-USER:SNSCRIPT:1::::"
;

   "Dgl001A_OME01" 12-12-29 15:45:49
A  0001923261 REPT EVT LOG
   "DATE=12-12-29,TIME=15-45-49:USERID=SNSCRIPT,PRIORITY=GEN_TL1_CMD,STATUS=COMPLD:CANC-USER:SNSCRIPT:1::::"
;<<RTRV-HDR keep alive sent>>
IP 24
<

   "Dgl001A_OME01" 12-12-29 15:46:16
M  24 COMPLD
;<<RTRV-HDR keep alive sent>>
IP 25
<

   "Dgl001A_OME01" 12-12-29 15:48:17
M  25 COMPLD
;<<RTRV-HDR keep alive sent>>
IP 26
<

   "Dgl001A_OME01" 12-12-29 15:50:16
M  26 COMPLD
;

   "Dgl001A_OME01" 12-12-29 15:50:23
A  0001923262 REPT EVT LOG
   "DATE=12-12-29,TIME=15-50-23:USERID=NLSCRIPT,PRIORITY=GEN_TL1_CMD,STATUS=COMPLD:ACT-USER:NLSCRIPT:1::::"
;

   "Dgl001A_OME01" 12-12-29 15:50:23
A  0001923263 REPT EVT LOG
   "DATE=12-12-29,TIME=15-50-23:USERID=NLSCRIPT,PRIORITY=GEN_TL1_CMD,STATUS=COMPLD:CANC-USER:NLSCRIPT:1::::"
;

   "Dgl001A_OME01" 12-12-29 15:51:01
A  0001923264 REPT EVT LOG
   "DATE=12-12-29,TIME=15-51-01:USERID=NLSCRIPT,PRIORITY=GEN_TL1_CMD,STATUS=COMPLD:ACT-USER:NLSCRIPT:1::::"
;

   "Dgl001A_OME01" 12-12-29 15:51:03
A  0001923265 REPT EVT LOG
   "DATE=12-12-29,TIME=15-51-03:USERID=NLSCRIPT,PRIORITY=GEN_TL1_CMD,STATUS=COMPLD:CANC-USER:NLSCRIPT:1::::"
;

   "Dgl001A_OME01" 12-12-29 15:51:55
A  0001923266 REPT EVT LOG
   "DATE=12-12-29,TIME=15-51-55:USERID=SNSCRIPT,PRIORITY=GEN_TL1_CMD,STATUS=COMPLD:ACT-USER:SNSCRIPT:1::::"
;

   "Dgl001A_OME01" 12-12-29 15:51:56
A  0001923267 REPT EVT LOG
   "DATE=12-12-29,TIME=15-51-56:USERID=SNSCRIPT,PRIORITY=GEN_TL1_CMD,STATUS=COMPLD:CANC-USER:SNSCRIPT:1::::"
;<<RTRV-HDR keep alive sent>>
IP 27
<

   "Dgl001A_OME01" 12-12-29 15:52:17
M  27 COMPLD
;<<RTRV-HDR keep alive sent>>
IP 28
<

   "Dgl001A_OME01" 12-12-29 15:54:17
M  28 COMPLD
;

   "Dgl001A_OME01" 12-12-29 15:55:39
A  0001923268 REPT EVT LOG
   "DATE=12-12-29,TIME=15-55-39:USERID=NLSCRIPT,PRIORITY=GEN_TL1_CMD,STATUS=COMPLD:ACT-USER:NLSCRIPT:1::::"
;

   "Dgl001A_OME01" 12-12-29 15:55:40
A  0001923269 REPT EVT LOG
   "DATE=12-12-29,TIME=15-55-40:USERID=NLSCRIPT,PRIORITY=GEN_TL1_CMD,STATUS=COMPLD:CANC-USER:NLSCRIPT:1::::"
;<<RTRV-HDR keep alive sent>>
IP 29
<

   "Dgl001A_OME01" 12-12-29 15:56:18
M  29 COMPLD
;<<RTRV-HDR keep alive sent>>
IP 30
<

   "Dgl001A_OME01" 12-12-29 15:58:18
M  30 COMPLD
;

   "Dgl001A_OME01" 12-12-29 16:00:09
A  0001923270 REPT EVT LOG
   "DATE=12-12-29,TIME=16-00-09:USERID=NLSCRIPT,PRIORITY=GEN_TL1_CMD,STATUS=COMPLD:ACT-USER:NLSCRIPT:1::::"
;

   "Dgl001A_OME01" 12-12-29 16:00:10
A  0001923271 REPT EVT LOG
   "DATE=12-12-29,TIME=16-00-10:USERID=NLSCRIPT,PRIORITY=GEN_TL1_CMD,STATUS=COMPLD:CANC-USER:NLSCRIPT:1::::"
;<<RTRV-HDR keep alive sent>>
IP 31
<

   "Dgl001A_OME01" 12-12-29 16:00:19
M  31 COMPLD
;

   "Dgl001A_OME01" 12-12-29 16:00:31
A  0001923272 REPT EVT LOG
   "DATE=12-12-29,TIME=16-00-31:USERID=NLSCRIPT,PRIORITY=GEN_TL1_CMD,STATUS=COMPLD:ACT-USER:NLSCRIPT:1::::"
;

   "Dgl001A_OME01" 12-12-29 16:00:32
A  0001923273 REPT EVT LOG
   "DATE=12-12-29,TIME=16-00-32:USERID=NLSCRIPT,PRIORITY=GEN_TL1_CMD,STATUS=COMPLD:CANC-USER:NLSCRIPT:1::::"
;

   "Dgl001A_OME01" 12-12-29 16:00:49
A  0001923274 REPT EVT LOG
   "DATE=12-12-29,TIME=16-00-49:USERID=SNSCRIPT,PRIORITY=GEN_TL1_CMD,STATUS=COMPLD:ACT-USER:SNSCRIPT:1::::"
;

   "Dgl001A_OME01" 12-12-29 16:00:49
A  0001923275 REPT EVT LOG
   "DATE=12-12-29,TIME=16-00-49:USERID=SNSCRIPT,PRIORITY=GEN_TL1_CMD,STATUS=COMPLD:CANC-USER:SNSCRIPT:1::::"
;<<RTRV-HDR keep alive sent>>
IP 32
<

   "Dgl001A_OME01" 12-12-29 16:02:20
M  32 COMPLD
;<<RTRV-HDR keep alive sent>>
IP 33
<

   "Dgl001A_OME01" 12-12-29 16:04:20
M  33 COMPLD
;

   "Dgl001A_OME01" 12-12-29 16:05:20
A  0001923276 REPT EVT LOG
   "DATE=12-12-29,TIME=16-05-20:USERID=NLSCRIPT,PRIORITY=GEN_TL1_CMD,STATUS=COMPLD:ACT-USER:NLSCRIPT:1::::"
;

   "Dgl001A_OME01" 12-12-29 16:05:21
A  0001923277 REPT EVT LOG
   "DATE=12-12-29,TIME=16-05-21:USERID=NLSCRIPT,PRIORITY=GEN_TL1_CMD,STATUS=COMPLD:CANC-USER:NLSCRIPT:1::::"
;<<RTRV-HDR keep alive sent>>
IP 34
<

   "Dgl001A_OME01" 12-12-29 16:06:21
M  34 COMPLD
;<<RTRV-HDR keep alive sent>>
IP 35
<

   "Dgl001A_OME01" 12-12-29 16:08:20
M  35 COMPLD
;

   "Dgl001A_OME01" 12-12-29 16:10:15
A  0001923278 REPT EVT LOG
   "DATE=12-12-29,TIME=16-10-15:USERID=NLSCRIPT,PRIORITY=GEN_TL1_CMD,STATUS=COMPLD:ACT-USER:NLSCRIPT:1::::"
;

   "Dgl001A_OME01" 12-12-29 16:10:15
A  0001923279 REPT EVT LOG
   "DATE=12-12-29,TIME=16-10-15:USERID=NLSCRIPT,PRIORITY=GEN_TL1_CMD,STATUS=COMPLD:CANC-USER:NLSCRIPT:1::::"
;<<RTRV-HDR keep alive sent>>
IP 36
<

   "Dgl001A_OME01" 12-12-29 16:10:21
M  36 COMPLD
;<<RTRV-HDR keep alive sent>>
IP 37
<

   "Dgl001A_OME01" 12-12-29 16:12:21
M  37 COMPLD
;

   "Dgl001A_OME01" 12-12-29 16:14:00
A  0001923280 REPT EVT LOG
   "DATE=12-12-29,TIME=16-14-00:USERID=SNSCRIPT,PRIORITY=GEN_TL1_CMD,STATUS=COMPLD:ACT-USER:SNSCRIPT:1::::"
;

   "Dgl001A_OME01" 12-12-29 16:14:01
A  0001923281 REPT EVT LOG
   "DATE=12-12-29,TIME=16-14-01:USERID=SNSCRIPT,PRIORITY=GEN_TL1_CMD,STATUS=COMPLD:CANC-USER:SNSCRIPT:1::::"
;<<RTRV-HDR keep alive sent>>
IP 38
<

   "Dgl001A_OME01" 12-12-29 16:14:22
M  38 COMPLD
;

   "Dgl001A_OME01" 12-12-29 16:15:32
A  0001923282 REPT EVT LOG
   "DATE=12-12-29,TIME=16-15-32:USERID=NLSCRIPT,PRIORITY=GEN_TL1_CMD,STATUS=COMPLD:ACT-USER:NLSCRIPT:1::::"
;

   "Dgl001A_OME01" 12-12-29 16:15:32
A  0001923283 REPT EVT LOG
   "DATE=12-12-29,TIME=16-15-32:USERID=NLSCRIPT,PRIORITY=GEN_TL1_CMD,STATUS=COMPLD:CANC-USER:NLSCRIPT:1::::"
;

   "Dgl001A_OME01" 12-12-29 16:15:49
A  0001923284 REPT EVT LOG
   "DATE=12-12-29,TIME=16-15-49:USERID=SNSCRIPT,PRIORITY=GEN_TL1_CMD,STATUS=COMPLD:ACT-USER:SNSCRIPT:1::::"
;

   "Dgl001A_OME01" 12-12-29 16:15:50
A  0001923285 REPT EVT LOG
   "DATE=12-12-29,TIME=16-15-50:USERID=SNSCRIPT,PRIORITY=GEN_TL1_CMD,STATUS=COMPLD:CANC-USER:SNSCRIPT:1::::"
;<<RTRV-HDR keep alive sent>>
IP 39
<

   "Dgl001A_OME01" 12-12-29 16:16:22
M  39 COMPLD
;<<RTRV-HDR keep alive sent>>
IP 40
<

   "Dgl001A_OME01" 12-12-29 16:18:22
M  40 COMPLD
;

   "Dgl001A_OME01" 12-12-29 16:20:09
A  0001923286 REPT EVT LOG
   "DATE=12-12-29,TIME=16-20-09:USERID=NLSCRIPT,PRIORITY=GEN_TL1_CMD,STATUS=COMPLD:ACT-USER:NLSCRIPT:1::::"
;

   "Dgl001A_OME01" 12-12-29 16:20:11
A  0001923287 REPT EVT LOG
   "DATE=12-12-29,TIME=16-20-11:USERID=NLSCRIPT,PRIORITY=GEN_TL1_CMD,STATUS=COMPLD:CANC-USER:NLSCRIPT:1::::"
;<<RTRV-HDR keep alive sent>>
IP 41
<

   "Dgl001A_OME01" 12-12-29 16:20:22
M  41 COMPLD
;

   "Dgl001A_OME01" 12-12-29 16:20:30
A  0001923288 REPT EVT LOG
   "DATE=12-12-29,TIME=16-20-30:USERID=NLSCRIPT,PRIORITY=GEN_TL1_CMD,STATUS=COMPLD:ACT-USER:NLSCRIPT:1::::"
;

   "Dgl001A_OME01" 12-12-29 16:20:30
A  0001923289 REPT EVT LOG
   "DATE=12-12-29,TIME=16-20-30:USERID=NLSCRIPT,PRIORITY=GEN_TL1_CMD,STATUS=COMPLD:CANC-USER:NLSCRIPT:1::::"
;<<RTRV-HDR keep alive sent>>
IP 42
<

   "Dgl001A_OME01" 12-12-29 16:22:23
M  42 COMPLD
;<<RTRV-HDR keep alive sent>>
IP 43
<

   "Dgl001A_OME01" 12-12-29 16:24:23
M  43 COMPLD
;

   "Dgl001A_OME01" 12-12-29 16:25:28
A  0001923290 REPT EVT LOG
   "DATE=12-12-29,TIME=16-25-28:USERID=NLSCRIPT,PRIORITY=GEN_TL1_CMD,STATUS=COMPLD:ACT-USER:NLSCRIPT:1::::"
;

   "Dgl001A_OME01" 12-12-29 16:25:28
A  0001923291 REPT EVT LOG
   "DATE=12-12-29,TIME=16-25-28:USERID=NLSCRIPT,PRIORITY=GEN_TL1_CMD,STATUS=COMPLD:CANC-USER:NLSCRIPT:1::::"
;<<RTRV-HDR keep alive sent>>
IP 44
<

   "Dgl001A_OME01" 12-12-29 16:26:23
M  44 COMPLD
;<<RTRV-HDR keep alive sent>>
IP 45
<

   "Dgl001A_OME01" 12-12-29 16:28:24
M  45 COMPLD
;<<RTRV-HDR keep alive sent>>
IP 46
<

   "Dgl001A_OME01" 12-12-29 16:30:24
M  46 COMPLD
;

   "Dgl001A_OME01" 12-12-29 16:30:29
A  0001923292 REPT EVT LOG
   "DATE=12-12-29,TIME=16-30-29:USERID=NLSCRIPT,PRIORITY=GEN_TL1_CMD,STATUS=COMPLD:ACT-USER:NLSCRIPT:1::::"
;

   "Dgl001A_OME01" 12-12-29 16:30:29
A  0001923293 REPT EVT LOG
   "DATE=12-12-29,TIME=16-30-29:USERID=NLSCRIPT,PRIORITY=GEN_TL1_CMD,STATUS=COMPLD:CANC-USER:NLSCRIPT:1::::"
;

   "Dgl001A_OME01" 12-12-29 16:30:52
A  0001923294 REPT EVT LOG
   "DATE=12-12-29,TIME=16-30-52:USERID=SNSCRIPT,PRIORITY=GEN_TL1_CMD,STATUS=COMPLD:ACT-USER:SNSCRIPT:1::::"
;

   "Dgl001A_OME01" 12-12-29 16:30:52
A  0001923295 REPT EVT LOG
   "DATE=12-12-29,TIME=16-30-52:USERID=SNSCRIPT,PRIORITY=GEN_TL1_CMD,STATUS=COMPLD:CANC-USER:SNSCRIPT:1::::"
;<<RTRV-HDR keep alive sent>>
IP 47
<

   "Dgl001A_OME01" 12-12-29 16:32:25
M  47 COMPLD
;<<RTRV-HDR keep alive sent>>
IP 48
<

   "Dgl001A_OME01" 12-12-29 16:34:25
M  48 COMPLD
;

   "Dgl001A_OME01" 12-12-29 16:35:05
A  0001923296 REPT EVT LOG
   "DATE=12-12-29,TIME=16-35-05:USERID=NLSCRIPT,PRIORITY=GEN_TL1_CMD,STATUS=COMPLD:ACT-USER:NLSCRIPT:1::::"
;

   "Dgl001A_OME01" 12-12-29 16:35:05
A  0001923297 REPT EVT LOG
   "DATE=12-12-29,TIME=16-35-05:USERID=NLSCRIPT,PRIORITY=GEN_TL1_CMD,STATUS=COMPLD:CANC-USER:NLSCRIPT:1::::"
;<<RTRV-HDR keep alive sent>>
IP 49
<

   "Dgl001A_OME01" 12-12-29 16:36:25
M  49 COMPLD
;<<RTRV-HDR keep alive sent>>
IP 50
<

   "Dgl001A_OME01" 12-12-29 16:38:25
M  50 COMPLD
;

   "Dgl001A_OME01" 12-12-29 16:40:07
A  0001923298 REPT EVT LOG
   "DATE=12-12-29,TIME=16-40-07:USERID=NLSCRIPT,PRIORITY=GEN_TL1_CMD,STATUS=COMPLD:ACT-USER:NLSCRIPT:1::::"
;

   "Dgl001A_OME01" 12-12-29 16:40:07
A  0001923299 REPT EVT LOG
   "DATE=12-12-29,TIME=16-40-07:USERID=NLSCRIPT,PRIORITY=GEN_TL1_CMD,STATUS=COMPLD:CANC-USER:NLSCRIPT:1::::"
;

   "Dgl001A_OME01" 12-12-29 16:40:10
A  0001923300 REPT EVT LOG
   "DATE=12-12-29,TIME=16-40-10:USERID=NLSCRIPT,PRIORITY=GEN_TL1_CMD,STATUS=COMPLD:ACT-USER:NLSCRIPT:1::::"
;

   "Dgl001A_OME01" 12-12-29 16:40:12
A  0001923301 REPT EVT LOG
   "DATE=12-12-29,TIME=16-40-12:USERID=NLSCRIPT,PRIORITY=GEN_TL1_CMD,STATUS=COMPLD:CANC-USER:NLSCRIPT:1::::"
;<<RTRV-HDR keep alive sent>>
IP 51
<

   "Dgl001A_OME01" 12-12-29 16:40:26
M  51 COMPLD
;<<RTRV-HDR keep alive sent>>
IP 52
<

   "Dgl001A_OME01" 12-12-29 16:42:26
M  52 COMPLD
;<<RTRV-HDR keep alive sent>>
IP 53
<

   "Dgl001A_OME01" 12-12-29 16:44:26
M  53 COMPLD
;

   "Dgl001A_OME01" 12-12-29 16:45:28
A  0001923302 REPT EVT LOG
   "DATE=12-12-29,TIME=16-45-28:USERID=NLSCRIPT,PRIORITY=GEN_TL1_CMD,STATUS=COMPLD:ACT-USER:NLSCRIPT:1::::"
;

   "Dgl001A_OME01" 12-12-29 16:45:28
A  0001923303 REPT EVT LOG
   "DATE=12-12-29,TIME=16-45-28:USERID=NLSCRIPT,PRIORITY=GEN_TL1_CMD,STATUS=COMPLD:CANC-USER:NLSCRIPT:1::::"
;

   "Dgl001A_OME01" 12-12-29 16:45:47
A  0001923304 REPT EVT LOG
   "DATE=12-12-29,TIME=16-45-47:USERID=SNSCRIPT,PRIORITY=GEN_TL1_CMD,STATUS=COMPLD:ACT-USER:SNSCRIPT:1::::"
;

   "Dgl001A_OME01" 12-12-29 16:45:48
A  0001923305 REPT EVT LOG
   "DATE=12-12-29,TIME=16-45-48:USERID=SNSCRIPT,PRIORITY=GEN_TL1_CMD,STATUS=COMPLD:CANC-USER:SNSCRIPT:1::::"
;<<RTRV-HDR keep alive sent>>
IP 54
<

   "Dgl001A_OME01" 12-12-29 16:46:27
M  54 COMPLD
;<<RTRV-HDR keep alive sent>>
IP 55
<

   "Dgl001A_OME01" 12-12-29 16:48:28
M  55 COMPLD
;

   "Dgl001A_OME01" 12-12-29 16:50:06
A  0001923306 REPT EVT LOG
   "DATE=12-12-29,TIME=16-50-06:USERID=NLSCRIPT,PRIORITY=GEN_TL1_CMD,STATUS=COMPLD:ACT-USER:NLSCRIPT:1::::"
;

   "Dgl001A_OME01" 12-12-29 16:50:06
A  0001923307 REPT EVT LOG
   "DATE=12-12-29,TIME=16-50-06:USERID=NLSCRIPT,PRIORITY=GEN_TL1_CMD,STATUS=COMPLD:CANC-USER:NLSCRIPT:1::::"
;<<RTRV-HDR keep alive sent>>
IP 56
<

   "Dgl001A_OME01" 12-12-29 16:50:28
M  56 COMPLD
;<<RTRV-HDR keep alive sent>>
IP 57
<

   "Dgl001A_OME01" 12-12-29 16:52:29
M  57 COMPLD
;<<RTRV-HDR keep alive sent>>
IP 58
<

   "Dgl001A_OME01" 12-12-29 16:54:28
M  58 COMPLD
;

   "Dgl001A_OME01" 12-12-29 16:55:29
A  0001923308 REPT EVT LOG
   "DATE=12-12-29,TIME=16-55-29:USERID=NLSCRIPT,PRIORITY=GEN_TL1_CMD,STATUS=COMPLD:ACT-USER:NLSCRIPT:1::::"
;

   "Dgl001A_OME01" 12-12-29 16:55:29
A  0001923309 REPT EVT LOG
   "DATE=12-12-29,TIME=16-55-29:USERID=NLSCRIPT,PRIORITY=GEN_TL1_CMD,STATUS=COMPLD:CANC-USER:NLSCRIPT:1::::"
;<<RTRV-HDR keep alive sent>>
IP 59
<

   "Dgl001A_OME01" 12-12-29 16:56:29
M  59 COMPLD
;