***** (re)Starting logger at Sat Dec 29 10:44:17 EST 2012*****


**** TL1 session opened at Sat Dec 29 10:44:17 EST 2012 ****


<<RTRV-HDR keep alive sent>>
ÿûÿûÿý
                                                                                
This computer system may be accessed only by authorized users.                  
The data and programs in this system are private, proprietary,                  
confidential and protected by copyright law and international                   
treaties. Unauthorized access, use, knowledge, duplication,                     
reproduction, modification, distribution, retransmission,                       
download or disclosure of any of the data and programs in this                  
system or any portion of it may result in severe civil and                      
criminal penalties and will be enforced and prosecuted to the                   
maximum extent possible under law. Employees or other Company                   
authorized users exceeding their authorizations subject                         
themselves to Company initiated disciplinary proceedings.                       
                                                                                

--- Copyright (c) 2000 - 2011 Ciena (R) Corporation. All Rights Reserved ---
|  NOTICE: This is a private computer system.                              |
|  Unauthorized access or use may lead to prosecution.                     |
|                                                                          |
|  Ciena 6500 32-SLOT OPTICAL                                              |
----------------------------------------------------------------------------

/*
 * Starting Interactive TL1 Command Mode.
 * Type ? for help while constructing TL1 commands.
 * Type .? for specific parameter/keyword help.
 */


IP 2
<

   "Nm001A_OME03" 12-12-29 15:44:18
M  2 DENY
   PLNA
   /*Privilege, Login Not Active*/
;<<ACT-USER sent, password hidden>>
IP 3
<

   "Nm001A_OME03" 12-12-29 15:44:21
M  3 COMPLD
;RTRV-NETYPE:"Nm001A_OME03"::4;
IP 4
<

   "Nm001A_OME03" 12-12-29 15:44:21
M  4 COMPLD
   "CIENA,\"6500 32-SLOT OPTICAL\",OCP,\"REL0810Z.HD\""
;RTRV-SW-VER:"Nm001A_OME03"::5;
IP 5
<

   "Nm001A_OME03" 12-12-29 15:44:22
M  5 COMPLD
   "SHELF-1:REL0810Z.HD"
;RTRV-RTG-INFO:"Nm001A_OME03"::6:::NAME="Nm001A_OME03";
IP 6
<

   "Nm001A_OME03" 12-12-29 15:44:53
M  6 COMPLD
   "SHELF-1::,\"Nm001A_OME03\",80177DE7D549|145.145.68.47,00001600,YES"
;RTRV-SYS:"Nm001A_OME03"::7;
IP 7
<

   "Nm001A_OME03" 12-12-29 15:44:54
M  7 COMPLD
   "SHELF-1::ACTUALCOOLING=HIGHFLOW,ACTUALPOWER=1983,AINSTIMEOUT=00-05,ALMCORR=OFF,ALMHO=2.5,BAYFICINAO=FALSE,BITSMODE=SDH,CSFMCASTMAC=0180C2880001,EQPTCURRENT=180,ETHEERTH=20,ETHGFPRFI=ENABLED,ETHGFPRFIUPI=128,ETHSDTH=1,FCEERTH=20,FCSDTH=1,FIBERLOSSDETECTION=DISABLED,FILLERMGMT=ENABLED,GCC0MODE=DISABLED,GCC1MODE=DISABLED,LASEROFFFARENDFAIL=DISABLED,LINEPEVSTAT=MAN&AUTO,MAJORDEGRADETHRESH=6.00,MINCOOLING=HIGHFLOW,MINORDEGRADETHRESH=3.00,MONITORFAN=ENABLED,NEMODE=SDH,OSCMODE=OSPF,PATHEBERTH=3,PATHPEVSTAT=MAN,PATHSDTH=6,PATHSWCRIT=UNEQ&SD&EBER&AIS&LOP,PROVCURRENT=180,PTHAISINSERT=AIS&LOP,SHELFSYNCH=NO,STATE=NORMAL,WANFREERTH=20,WANFRSDTH=1,WANTREERTH=20,WANTRSDTH=1,ZONE1POWER=428,ZONE2POWER=1261,ZONE3POWER=294"
;ALW-MSG-BROADCAST:"Nm001A_OME03":ALL:8;
IP 8
<

   "Nm001A_OME03" 12-12-29 15:44:54
M  8 COMPLD
;RTRV-EQPT:"Nm001A_OME03":ALL:9;
IP 9
<

   "Nm001A_OME03" 12-12-29 15:44:55
M  9 COMPLD
   "GE-1-1::PROVPEC=NTK535LA,CTYPE=\"GE EPL 4 Port SFP\",SNMPINDEX=671220736,PEC=NTK535LA,REL= 03 ,CLEI=WMOTAJ4JAC,SER=NNTMH8B0002OR,MDAT=2005-25,AGE=06-252-06-42,ONSC=02-031-08-32:IS,ACT"
   "PGEFC-1-1-1::PROVPEC=NTTP01CF,CTYPE=\"GE LX [10k]/FC100 SM 1310nm LC SFP\",SNMPINDEX=671220737,PEC=NTTP01CF,REL=01,CLEI=WMOTAH1JAA,SER=EXLGJPD5T5030236:IS,ACT"
   "PGEFC-1-1-2::PROVPEC=NTTP01AF,CTYPE=\"GE SX/FC100 Mx 850nm LC SFP\",SNMPINDEX=671220738,PEC=NTTP01AF,REL=01,CLEI=SOC3NNFCAA,SER=AGLTMY000073HG  :IS,ACT"
   "PGEFC-1-1-3::PROVPEC=NTTP01CF,CTYPE=\"GE LX [10k]/FC100 SM 1310nm LC SFP\",SNMPINDEX=671220739,PEC=NTTP01CF,REL=01,CLEI=WMOTAH1JAA,SER=EXLGJPD5T5030148:IS,ACT"
   "PGEFC-1-1-4::PROVPEC=NTTP01CF,CTYPE=\"GE LX [10k]/FC100 SM 1310nm LC SFP\",SNMPINDEX=671220740,PEC=NTTP01CF,REL=01,CLEI=WMOTAH1JAA,SER=EXLGJPD251590564:IS,ACT"
   "GE-1-2::PROVPEC=NTK535LA,CTYPE=\"GE EPL 4 Port SFP\",SNMPINDEX=671221760,PEC=NTK535LA,REL=06  ,CLEI=WMOTAJ4JAD,SER=NNTM01Z1D6JLP,MDAT=2006-42,AGE=05-244-13-53,ONSC=02-031-08-43:IS,ACT"
   "PGEFC-1-2-1::PROVPEC=NTTP01CF,CTYPE=\"GE LX [10k]/FC100 SM 1310nm LC SFP\",SNMPINDEX=671221761,PEC=NTTP01CF,REL=01,CLEI=WMOTAH1JAA,SER=EXLGJPM8E8290692:IS,ACT"
   "PGEFC-1-2-2::PROVPEC=NTTP01CF,CTYPE=\"GE LX [10k]/FC100 SM 1310nm LC SFP\",SNMPINDEX=671221762,PEC=NTTP01CF,REL=01,CLEI=WMOTAH1JAA,SER=EXLGJPM5T5030046:IS,ACT"
   "PGEFC-1-2-3::PROVPEC=NTTP01CF,CTYPE=\"GE LX [10k]/FC100 SM 1310nm LC SFP\",SNMPINDEX=671221763,PEC=NTTP01CF,REL=01,CLEI=WMOTAH1JAA,SER=EXLGJPD5T5030208:IS,IDLE"
   "PGEFC-1-2-4::PROVPEC=NTTP01CF,CTYPE=\"GE LX [10k]/FC100 SM 1310nm LC SFP\",SNMPINDEX=671221764,PEC=NTTP01CF,REL=01,CLEI=WMOTAH1JAA,SER=EXLGJPD251590555:IS,IDLE"
>

   "Nm001A_OME03" 12-12-29 15:44:55
M  9 COMPLD
   "10GELWT-1-5::PROVPEC=NTK530BB,CTYPE=\"NGM WT 1x10GE LAN 1x11.1G DWDM Reg\",SNMPINDEX=671224832,PEC=NTK530BB,REL= 20 ,CLEI=WMOPBEXLAB,SER=NNTMH85001M08,MDAT=2006-50,AGE=04-254-17-51,ONSC=00-251-16-22:IS,ACT"
   "P10GSEL-1-5-2::PROVPEC=NTTP80BA,CTYPE=\"OC192 SR-1:I-64.1/10GBASE-LR/LW,1310 nm, XFP, 0/70C, LC, MSA\",SNMPINDEX=671224834,PEC=NTTP80BA,REL= 04,CLEI=WMOTBNAJAA,SER=EXLGJPA430010206:IS,ACT"
   "10G-1-6::PROVPEC=NTK526LN,CTYPE=\"OC-192/STM-64 STS-1/HO 1 Port G.709 DWDM 1542.94nm\",SNMPINDEX=671225856,PEC=NTK526LN,REL= 05 ,CLEI=WMOTBD5JAA,SER=NNTM01K1D469L,MDAT=2004-51,AGE=01-295-23-37,ONSC=01-295-23-37:IS,ACT"
   "10G-1-7::PROVPEC=NTK526KQ,CTYPE=\"OC-192/STM-64 STS-1/HO 1 Port G.709 DWDM 1534.25nm\",SNMPINDEX=671226880,PEC=NTK526KQ,REL= 12 ,CLEI=WMOTBDWJAC,SER=NNTMH8A002ER1,MDAT=2007-15,AGE=01-295-23-50,ONSC=01-295-23-50:IS,ACT"
   "10G-1-8::PROVPEC=NTK526LL,CTYPE=\"OC-192/STM-64 STS-1/HO 1 Port G.709 DWDM 1542.14nm\",SNMPINDEX=671227904,PEC=NTK526LL,REL= 05 ,CLEI=WMOTBD4JAA,SER=NNTMH8X000DX5,MDAT=2006-10,AGE=01-295-23-52,ONSC=01-295-23-52:IS,ACT"
   "XC-1-9::PROVPEC=NTK610BB,CTYPE=\"X-Conn 640G+ STS-1/VC-3 Sync-ST3\",SNMPINDEX=671228928,PEC=NTK610BB,REL= 01 ,CLEI=WMUCA46AAA,SER=NNTMDG0009F6,MDAT=2010-04,AGE=02-031-08-44,ONSC=02-031-08-44:IS,WRKTRAF&WRKSYNC"
   "XC-1-10::PROVPEC=NTK610BB,CTYPE=\"X-Conn 640G+ STS-1/VC-3 Sync-ST3\",SNMPINDEX=671229952,PEC=NTK610BB,REL= 01 ,CLEI=WMUCA46AAA,SER=NNTMDG000D2T,MDAT=2010-05,AGE=02-031-08-43,ONSC=02-031-08-43:IS,STBYH"
   "10G-1-11::PROVPEC=NTK526LL,CTYPE=\"OC-192/STM-64 STS-1/HO 1 Port G.709 DWDM 1542.14nm\",SNMPINDEX=671230976,PEC=NTK526LL,REL= 09 ,CLEI=WMOTBD4JAB,SER=NNTMH8J000LZ9,MDAT=2006-09,AGE=01-295-23-36,ONSC=01-295-23-36:IS,ACT"
   "10G-1-12::PROVPEC=NTK526LN,CTYPE=\"OC-192/STM-64 STS-1/HO 1 Port G.709 DWDM 1542.94nm\",SNMPINDEX=671232000,PEC=NTK526LN,REL= 05 ,CLEI=WMOTBD5JAA,SER=NNTM01P1D467C,MDAT=2004-49,AGE=01-295-23-45,ONSC=01-295-23-45:IS,ACT"
   "10GELWT-1-13::PROVPEC=NTK530BB,CTYPE=\"NGM WT 1x10GE LAN 1x11.1G DWDM Reg\",SNMPINDEX=671233024,PEC=NTK530BB,REL= 20 ,CLEI=WMOPBEXLAB,SER=NNTMH82001M05,MDAT=2006-50,AGE=04-293-19-34,ONSC=00-251-16-18:IS,ACT"
>

   "Nm001A_OME03" 12-12-29 15:44:55
M  9 COMPLD
   "P10GSEL-1-13-2::PROVPEC=NTTP80BA,CTYPE=\"OC192 SR-1:I-64.1/10GBASE-LR/LW,1310 nm, XFP, 0/70C, LC, MSA\",SNMPINDEX=671233026,PEC=NTTP80BA,REL= 04,CLEI=WMOTBNAJAA,SER=EXLGJPP1E1700043:IS,ACT"
   "10GELWT-1-14::PROVPEC=NTK530BB,CTYPE=\"NGM WT 1x10GE LAN 1x11.1G DWDM Reg\",SNMPINDEX=671234048,PEC=NTK530BB,REL= 27 ,CLEI=WMOPBEXLAC,SER=NNTMH80003GF8,MDAT=2008-11,AGE=04-213-21-02,ONSC=01-193-01-14:IS,ACT"
   "P10GSEL-1-14-2::PROVPEC=NTTP80BA,CTYPE=\"OC192 SR-1:I-64.1/10GBASE-LR/LW,1310 nm, XFP, 0/70C, LC, MSA\",SNMPINDEX=671234050,PEC=NTTP80BA,REL= 04,CLEI=WMOTBNAJAA,SER=EXLGJPA930010130:IS,ACT"
   "GE-1-17::PROVPEC=NTK535LA,CTYPE=\"GE EPL 4 Port SFP\",SNMPINDEX=671237120,PEC=NTK535LA,REL= 04 ,CLEI=WMOTAJ4JAC,SER=NNTMH8H000E63,MDAT=2010-49,AGE=01-177-05-13,ONSC=01-177-05-13:IS,ACT"
   "PGEFC200-1-17-1::PROVPEC=NTTP06CF,CTYPE=\"GE LX [10k]/FC100/FC200 SM 1310nm LC SFP\",SNMPINDEX=671237121,PEC=NTTP06CF,REL=01,CLEI=WM1TTTLDAA,SER=FNSRMYPEK182V   :IS,ACT"
   "PGEFC200-1-17-2::PROVPEC=NTTP06CF,CTYPE=\"GE LX [10k]/FC100/FC200 SM 1310nm LC SFP\",SNMPINDEX=671237122,PEC=NTTP06CF,REL=05,CLEI=WMOTCWUJAA,SER=BP1037080620    :IS,IDLE"
   "PGEFC-1-17-3::PROVPEC=NTTP01AF,CTYPE=\"GE SX/FC100 Mx 850nm LC SFP\",SNMPINDEX=671237123,PEC=NTTP01AF,REL=01,CLEI=SOC3NNFCAA,SER=AGLTMY00002RRH  :IS,ACT"
   "PGEFC-1-17-4::PROVPEC=NTTP01CF,CTYPE=\"GE LX [10k]/FC100 SM 1310nm LC SFP\",SNMPINDEX=671237124,PEC=NTTP01CF,REL=01,CLEI=WMOTAH1JAA,SER=EXLGJP8851590805:IS,ACT"
   "GE-1-18::PROVPEC=NTK535LA,CTYPE=\"GE EPL 4 Port SFP\",SNMPINDEX=671238144,PEC=NTK535LA,REL= 04 ,CLEI=WMOTAJ4JAC,SER=NNTMH8I000HAT,MDAT=2005-42,AGE=06-223-01-08,ONSC=02-031-08-48:IS,ACT"
   "PGEFC-1-18-1::PROVPEC=NTTP01CF,CTYPE=\"GE LX [10k]/FC100 SM 1310nm LC SFP\",SNMPINDEX=671238145,PEC=NTTP01CF,REL=01,CLEI=WMOTAH1JAA,SER=EXLGJPM8E8290018:IS,ACT"
>

   "Nm001A_OME03" 12-12-29 15:44:55
M  9 COMPLD
   "PGEFC-1-18-2::PROVPEC=NTTP01CF,CTYPE=\"GE LX [10k]/FC100 SM 1310nm LC SFP\",SNMPINDEX=671238146,PEC=NTTP01CF,REL=01,CLEI=WMOTAH1JAA,SER=EXLGJPM6T5030347:IS,ACT"
   "PGEFC-1-18-3::PROVPEC=NTTP01CF,CTYPE=\"GE LX [10k]/FC100 SM 1310nm LC SFP\",SNMPINDEX=671238147,PEC=NTTP01CF,REL=01,CLEI=WMOTAH1JAA,SER=EXLGJP8951590059:IS,ACT"
   "PGEFC-1-18-4::PROVPEC=NTTP01CF,CTYPE=\"GE LX [10k]/FC100 SM 1310nm LC SFP\",SNMPINDEX=671238148,PEC=NTTP01CF,REL=01,CLEI=WMOTAH1JAA,SER=EXLGJP8751590567:IS,ACT"
   "10G-1-21::PROVPEC=NTK526LA,CTYPE=\"OC-192/STM-64 STS-1/HO 1 Port G.709 DWDM 1538.19nm\",SNMPINDEX=671241216,PEC=NTK526LA,REL= 05 ,CLEI=WMOTBD0JAA,SER=NNTMGPYZ00FYS,MDAT=2005-24,AGE=01-193-00-58,ONSC=01-193-00-58:IS,ACT"
   "XGE-1-25::PROVPEC=NTK533AA,CTYPE=\"10GE LAN/WAN 10G EPL 1 Port XFP\",SNMPINDEX=671245312,PEC=NTK533AA,REL= 02 ,CLEI=WOTRAM7KAA,SER=NNTMH181029RN,MDAT=2009-43,AGE=02-354-16-28,ONSC=02-016-13-21:IS,ACT"
   "P10GSEL-1-25-1::PROVPEC=NTTP80BA,CTYPE=\"OC192 SR-1:I-64.1/10GBASE-LR/LW,1310 nm, XFP, 0/70C, LC, MSA\",SNMPINDEX=671245313,PEC=NTTP80BA,REL=04,CLEI=WMOTBNAJAA,SER=EXLGJP8630010117:IS,ACT"
   "10G-1-26::PROVPEC=NTK523FA,CTYPE=\"OC-192/STM-64 STS-1/HO 1 Port LR-2/L-64.2 1533\",SNMPINDEX=671246336,PEC=NTK523FA,REL= 04 ,CLEI=WMOTAHWJAA,SER=NNTMH8H000CBS,MDAT=2005-36,AGE=01-295-23-51,ONSC=01-295-23-51:IS,ACT"
   "10G-1-27::PROVPEC=NTK526JA,CTYPE=\"OC-192/STM-64 STS-1/HO 1 Port G.709 DWDM C-Band AM1/AM2\",SNMPINDEX=671247360,PEC=NTK526JA,REL= 01 ,CLEI=WMOTCM0JAA,SER=NNTMH8O0041C9,MDAT=2007-50,AGE=01-295-11-51,ONSC=00-251-16-15:IS,ACT"
   "10G-1-28::PROVPEC=NTK526KE,CTYPE=\"OC-192/STM-64 STS-1/HO 1 Port G.709 DWDM 1530.33nm\",SNMPINDEX=671248384,PEC=NTK526KE,REL= 05 ,CLEI=WMOTBDSJAA,SER=NNTM01D1D4935,MDAT=2004-52,AGE=01-295-23-41,ONSC=01-295-23-41:IS,ACT"
   "10G-1-31::PROVPEC=NTK526KE,CTYPE=\"OC-192/STM-64 STS-1/HO 1 Port G.709 DWDM 1530.33nm\",SNMPINDEX=671251456,PEC=NTK526KE,REL= 05 ,CLEI=WMOTBDSJAA,SER=NNTM01R1D48BG,MDAT=2004-51,AGE=01-295-23-46,ONSC=01-295-23-46:IS,ACT"
>

   "Nm001A_OME03" 12-12-29 15:44:55
M  9 COMPLD
   "SP-1-41::PROVPEC=NTK555FA,CTYPE=\"SP-2 Dual CPU\",SNMPINDEX=671261696,PEC=NTK555FA,REL= 01 ,CLEI=WMUCA45AAA,SER=NNTMDG000EC5,MDAT=2010-09,AGE=02-028-10-19,ONSC=01-296-00-38,TCUR=34,TAVG=34:IS,WRK"
   "SP-1-42::PROVPEC=NTK555FA,CTYPE=\"SP-2 Dual CPU\",SNMPINDEX=671262720,PEC=NTK555FA,REL= 01 ,CLEI=WMUCA45AAA,SER=NNTMDG00068K,MDAT=2009-38,AGE=02-015-14-03,ONSC=01-296-00-44,TCUR=32,TAVG=32:IS,STBYH"
;RTRV-OC3:"Nm001A_OME03":OC3-1-ALL:10;
IP 10
<

   "Nm001A_OME03" 12-12-29 15:44:56
M  10 COMPLD
;RTRV-OC12:"Nm001A_OME03":OC12-1-ALL:11;
IP 11
<

   "Nm001A_OME03" 12-12-29 15:44:56
M  11 COMPLD
;RTRV-OC48:"Nm001A_OME03":OC48-1-ALL:12;
IP 12
<

   "Nm001A_OME03" 12-12-29 15:44:56
M  12 COMPLD
;RTRV-OC192:"Nm001A_OME03":OC192-1-ALL:13;
IP 13
<

   "Nm001A_OME03" 12-12-29 15:44:57
M  13 COMPLD
   "OC192-1-6-1::TMGREF=N,DCC=Y,,SDTH=6,,,,,ALS=DISABLED,DUSOVERRIDE=DISABLED,EBERTH=3,PORTMODE=SDH,UNEQMODE=VC4,,,,CLFI=\"\":IS,"
   "OC192-1-7-1::TMGREF=N,DCC=Y,,SDTH=6,,,,,ALS=DISABLED,DUSOVERRIDE=DISABLED,EBERTH=3,PORTMODE=SDH,UNEQMODE=VC4,,,,CLFI=\"\":IS,"
   "OC192-1-8-1::TMGREF=N,DCC=Y,,SDTH=6,,,,,ALS=DISABLED,DUSOVERRIDE=DISABLED,EBERTH=3,PORTMODE=SDH,UNEQMODE=VC4,,,,CLFI=\"\":IS,"
   "OC192-1-11-1::TMGREF=Y,DCC=Y,,SDTH=6,,,,,ALS=DISABLED,DUSOVERRIDE=DISABLED,EBERTH=3,PORTMODE=SDH,UNEQMODE=VC4,,,,CLFI=\"\":IS,"
   "OC192-1-12-1::TMGREF=N,DCC=Y,,SDTH=6,,,,,ALS=DISABLED,DUSOVERRIDE=DISABLED,EBERTH=3,PORTMODE=SDH,UNEQMODE=VC4,,,,CLFI=\"\":IS,"
   "OC192-1-21-1::TMGREF=N,DCC=Y,,SDTH=6,,,,,ALS=DISABLED,DUSOVERRIDE=DISABLED,EBERTH=3,PORTMODE=SDH,UNEQMODE=VC4,,,,CLFI=\"\":IS,"
   "OC192-1-26-1::TMGREF=N,DCC=Y,,SDTH=6,,,,,ALS=ENABLED,DUSOVERRIDE=DISABLED,EBERTH=3,PORTMODE=SDH,UNEQMODE=VC4,,,,CLFI=\"\":IS,"
>

   "Nm001A_OME03" 12-12-29 15:44:57
M  13 COMPLD
   "OC192-1-27-1::TMGREF=N,DCC=Y,,SDTH=6,,,,,ALS=DISABLED,DUSOVERRIDE=DISABLED,EBERTH=3,PORTMODE=SDH,UNEQMODE=VC4,,,,CLFI=\"\":IS,"
   "OC192-1-28-1::TMGREF=Y,DCC=Y,,SDTH=6,,,,,ALS=DISABLED,DUSOVERRIDE=DISABLED,EBERTH=3,PORTMODE=SDH,UNEQMODE=VC4,,,,CLFI=\"\":IS,"
   "OC192-1-31-1::TMGREF=N,DCC=Y,,SDTH=6,,,,,ALS=DISABLED,DUSOVERRIDE=DISABLED,EBERTH=3,PORTMODE=SDH,UNEQMODE=VC4,,,,CLFI=\"\":IS,"
;RTRV-ETH:"Nm001A_OME03":ETH-1-ALL:14;
IP 14
<

   "Nm001A_OME03" 12-12-29 15:45:01
M  14 COMPLD
   "ETH-1-1-1::AN=ENABLE,ANSTATUS=COMPLETED,ANETHDPX=FULL,ANSPEED=1000,ANPAUSETX=DISABLE,ANPAUSERX=DISABLE,ADVETHDPX=FULL,ADVSPEED=1000,ADVFLOWCTRL=SYM,ETHDPX=FULL,SPEED=1000,FLOWCTRL=NONE,PAUSETX=DISABLE,PAUSERX=DISABLE,PAUSERXOVERRIDE=ENABLE,MTU=9600,TXCON=ENABLE,PASSCTRL=DISABLE,PAUSETXOVERRIDE=DISABLE,RXIDLE=60,CFPRF=CFPRF-1-4,PHYSADDR=001158FF6691,CLFI=\"\":IS"
   "ETH-1-1-2::AN=ENABLE,ANSTATUS=COMPLETED,ANETHDPX=FULL,ANSPEED=1000,ANPAUSETX=DISABLE,ANPAUSERX=DISABLE,ADVETHDPX=FULL,ADVSPEED=1000,ADVFLOWCTRL=BOTH,ETHDPX=FULL,SPEED=1000,FLOWCTRL=NONE,PAUSETX=DISABLE,PAUSERX=DISABLE,PAUSERXOVERRIDE=ENABLE,MTU=9600,TXCON=ENABLE,PASSCTRL=DISABLE,PAUSETXOVERRIDE=DISABLE,RXIDLE=0,CFPRF=CFPRF-1-4,PHYSADDR=001158FF6692,CLFI=\"\":IS"
   "ETH-1-1-3::AN=ENABLE,ANSTATUS=COMPLETED,ANETHDPX=FULL,ANSPEED=1000,ANPAUSETX=DISABLE,ANPAUSERX=DISABLE,ADVETHDPX=FULL,ADVSPEED=1000,ADVFLOWCTRL=NONE,ETHDPX=FULL,SPEED=1000,FLOWCTRL=NONE,PAUSETX=DISABLE,PAUSERX=DISABLE,PAUSERXOVERRIDE=ENABLE,MTU=9600,TXCON=ENABLE,PASSCTRL=DISABLE,PAUSETXOVERRIDE=DISABLE,RXIDLE=0,CFPRF=CFPRF-1-4,PHYSADDR=001158FF6693,CLFI=\"\":IS"
   "ETH-1-1-4::AN=ENABLE,ANSTATUS=COMPLETED,ANETHDPX=FULL,ANSPEED=1000,ANPAUSETX=DISABLE,ANPAUSERX=DISABLE,ADVETHDPX=FULL,ADVSPEED=1000,ADVFLOWCTRL=SYM,ETHDPX=FULL,SPEED=1000,FLOWCTRL=NONE,PAUSETX=DISABLE,PAUSERX=DISABLE,PAUSERXOVERRIDE=ENABLE,MTU=9600,TXCON=ENABLE,PASSCTRL=DISABLE,PAUSETXOVERRIDE=DISABLE,RXIDLE=0,CFPRF=CFPRF-1-4,PHYSADDR=001158FF6694,CLFI=\"\":IS"
>

   "Nm001A_OME03" 12-12-29 15:45:01
M  14 COMPLD
   "ETH-1-2-1::AN=ENABLE,ANSTATUS=COMPLETED,ANETHDPX=FULL,ANSPEED=1000,ANPAUSETX=DISABLE,ANPAUSERX=DISABLE,ADVETHDPX=FULL,ADVSPEED=1000,ADVFLOWCTRL=SYM,ETHDPX=FULL,SPEED=1000,FLOWCTRL=NONE,PAUSETX=DISABLE,PAUSERX=DISABLE,PAUSERXOVERRIDE=ENABLE,MTU=9600,TXCON=ENABLE,PASSCTRL=DISABLE,PAUSETXOVERRIDE=DISABLE,RXIDLE=0,CFPRF=CFPRF-1-4,PHYSADDR=0016CA40238A,CLFI=\"\":IS"
   "ETH-1-2-2::AN=ENABLE,ANSTATUS=COMPLETED,ANETHDPX=FULL,ANSPEED=1000,ANPAUSETX=DISABLE,ANPAUSERX=DISABLE,ADVETHDPX=FULL,ADVSPEED=1000,ADVFLOWCTRL=NONE,ETHDPX=FULL,SPEED=1000,FLOWCTRL=NONE,PAUSETX=DISABLE,PAUSERX=DISABLE,PAUSERXOVERRIDE=ENABLE,MTU=9600,TXCON=ENABLE,PASSCTRL=DISABLE,PAUSETXOVERRIDE=DISABLE,RXIDLE=0,CFPRF=CFPRF-1-4,PHYSADDR=0016CA40238B,CLFI=\"\":IS"
   "ETH-1-2-3::AN=ENABLE,ANSTATUS=INPROGRESS,ANETHDPX=UNKNOWN,ANSPEED=UNKNOWN,ANPAUSETX=UNKNOWN,ANPAUSERX=UNKNOWN,ADVETHDPX=UNKNOWN,ADVSPEED=UNKNOWN,ADVFLOWCTRL=UNKNOWN,ETHDPX=FULL,SPEED=1000,FLOWCTRL=NONE,PAUSETX=DISABLE,PAUSERX=DISABLE,PAUSERXOVERRIDE=ENABLE,MTU=9600,TXCON=ENABLE,PASSCTRL=DISABLE,PAUSETXOVERRIDE=DISABLE,RXIDLE=0,CFPRF=CFPRF-1-4,PHYSADDR=0016CA40238C,CLFI=\"\":OOS-AU,FLT&DISCD"
   "ETH-1-2-4::AN=ENABLE,ANSTATUS=INPROGRESS,ANETHDPX=UNKNOWN,ANSPEED=UNKNOWN,ANPAUSETX=UNKNOWN,ANPAUSERX=UNKNOWN,ADVETHDPX=UNKNOWN,ADVSPEED=UNKNOWN,ADVFLOWCTRL=UNKNOWN,ETHDPX=FULL,SPEED=1000,FLOWCTRL=NONE,PAUSETX=DISABLE,PAUSERX=DISABLE,PAUSERXOVERRIDE=ENABLE,MTU=9600,TXCON=ENABLE,PASSCTRL=DISABLE,PAUSETXOVERRIDE=DISABLE,RXIDLE=0,CFPRF=CFPRF-1-4,PHYSADDR=0016CA40238D,CLFI=\"\":OOS-MA,DISCD"
>

   "Nm001A_OME03" 12-12-29 15:45:01
M  14 COMPLD
   "ETH-1-17-1::AN=ENABLE,ANSTATUS=COMPLETED,ANETHDPX=FULL,ANSPEED=1000,ANPAUSETX=DISABLE,ANPAUSERX=DISABLE,ADVETHDPX=FULL,ADVSPEED=1000,ADVFLOWCTRL=NONE,ETHDPX=FULL,SPEED=1000,FLOWCTRL=NONE,PAUSETX=DISABLE,PAUSERX=DISABLE,PAUSERXOVERRIDE=ENABLE,MTU=9600,TXCON=ENABLE,PASSCTRL=DISABLE,PAUSETXOVERRIDE=DISABLE,RXIDLE=0,CFPRF=CFPRF-1-4,PHYSADDR=001158FF88FC,CLFI=\"\":IS"
   "ETH-1-17-2::AN=ENABLE,ANSTATUS=INPROGRESS,ANETHDPX=UNKNOWN,ANSPEED=UNKNOWN,ANPAUSETX=UNKNOWN,ANPAUSERX=UNKNOWN,ADVETHDPX=UNKNOWN,ADVSPEED=UNKNOWN,ADVFLOWCTRL=UNKNOWN,ETHDPX=FULL,SPEED=1000,FLOWCTRL=NONE,PAUSETX=DISABLE,PAUSERX=DISABLE,PAUSERXOVERRIDE=ENABLE,MTU=9600,TXCON=ENABLE,PASSCTRL=DISABLE,PAUSETXOVERRIDE=DISABLE,RXIDLE=0,CFPRF=CFPRF-1-4,PHYSADDR=001158FF88FD,CLFI=\"\":OOS-MA,DISCD&LPBK"
   "ETH-1-17-3::AN=ENABLE,ANSTATUS=COMPLETED,ANETHDPX=FULL,ANSPEED=1000,ANPAUSETX=DISABLE,ANPAUSERX=DISABLE,ADVETHDPX=FULL,ADVSPEED=1000,ADVFLOWCTRL=NONE,ETHDPX=FULL,SPEED=1000,FLOWCTRL=NONE,PAUSETX=DISABLE,PAUSERX=DISABLE,PAUSERXOVERRIDE=ENABLE,MTU=9600,TXCON=ENABLE,PASSCTRL=DISABLE,PAUSETXOVERRIDE=DISABLE,RXIDLE=0,CFPRF=CFPRF-1-4,PHYSADDR=001158FF88FE,CLFI=\"\":IS"
   "ETH-1-17-4::AN=ENABLE,ANSTATUS=COMPLETED,ANETHDPX=FULL,ANSPEED=1000,ANPAUSETX=DISABLE,ANPAUSERX=DISABLE,ADVETHDPX=FULL,ADVSPEED=1000,ADVFLOWCTRL=ASYM,ETHDPX=FULL,SPEED=1000,FLOWCTRL=NONE,PAUSETX=DISABLE,PAUSERX=DISABLE,PAUSERXOVERRIDE=ENABLE,MTU=9600,TXCON=ENABLE,PASSCTRL=DISABLE,PAUSETXOVERRIDE=DISABLE,RXIDLE=0,CFPRF=CFPRF-1-4,PHYSADDR=001158FF88FF,CLFI=\"\":IS"
>

   "Nm001A_OME03" 12-12-29 15:45:01
M  14 COMPLD
   "ETH-1-18-1::AN=ENABLE,ANSTATUS=COMPLETED,ANETHDPX=FULL,ANSPEED=1000,ANPAUSETX=DISABLE,ANPAUSERX=DISABLE,ADVETHDPX=FULL,ADVSPEED=1000,ADVFLOWCTRL=ASYM,ETHDPX=FULL,SPEED=1000,FLOWCTRL=NONE,PAUSETX=DISABLE,PAUSERX=DISABLE,PAUSERXOVERRIDE=ENABLE,MTU=9600,TXCON=ENABLE,PASSCTRL=DISABLE,PAUSETXOVERRIDE=DISABLE,RXIDLE=0,CFPRF=CFPRF-1-4,PHYSADDR=001158FF8FA0,CLFI=\"\":IS"
   "ETH-1-18-2::AN=ENABLE,ANSTATUS=COMPLETED,ANETHDPX=FULL,ANSPEED=1000,ANPAUSETX=DISABLE,ANPAUSERX=DISABLE,ADVETHDPX=FULL,ADVSPEED=1000,ADVFLOWCTRL=SYM,ETHDPX=FULL,SPEED=1000,FLOWCTRL=NONE,PAUSETX=DISABLE,PAUSERX=DISABLE,PAUSERXOVERRIDE=ENABLE,MTU=9600,TXCON=ENABLE,PASSCTRL=DISABLE,PAUSETXOVERRIDE=DISABLE,RXIDLE=0,CFPRF=CFPRF-1-4,PHYSADDR=001158FF8FA1,CLFI=\"\":IS"
   "ETH-1-18-3::AN=ENABLE,ANSTATUS=COMPLETED,ANETHDPX=FULL,ANSPEED=1000,ANPAUSETX=DISABLE,ANPAUSERX=DISABLE,ADVETHDPX=FULL,ADVSPEED=1000,ADVFLOWCTRL=SYM,ETHDPX=FULL,SPEED=1000,FLOWCTRL=NONE,PAUSETX=DISABLE,PAUSERX=DISABLE,PAUSERXOVERRIDE=ENABLE,MTU=9600,TXCON=DISABLE,PASSCTRL=DISABLE,PAUSETXOVERRIDE=DISABLE,RXIDLE=0,CFPRF=CFPRF-1-4,PHYSADDR=001158FF8FA2,CLFI=\"\":IS"
   "ETH-1-18-4::AN=ENABLE,ANSTATUS=COMPLETED,ANETHDPX=FULL,ANSPEED=1000,ANPAUSETX=DISABLE,ANPAUSERX=DISABLE,ADVETHDPX=FULL,ADVSPEED=1000,ADVFLOWCTRL=SYM,ETHDPX=FULL,SPEED=1000,FLOWCTRL=NONE,PAUSETX=DISABLE,PAUSERX=DISABLE,PAUSERXOVERRIDE=ENABLE,MTU=9600,TXCON=ENABLE,PASSCTRL=DISABLE,PAUSETXOVERRIDE=DISABLE,RXIDLE=0,CFPRF=CFPRF-1-4,PHYSADDR=001158FF8FA3,CLFI=\"\":IS"
>

   "Nm001A_OME03" 12-12-29 15:45:01
M  14 COMPLD
;RTRV-ETH10G:"Nm001A_OME03":ETH10G-1-ALL:15;
IP 15
<

   "Nm001A_OME03" 12-12-29 15:45:03
M  15 COMPLD
   "ETH10G-1-5-2::LASEROFFFARENDFAIL=DISABLED,OCHTXACTPWR=\"-3.3\",OCHTXMINPWR=\"-7.0\",OCHTXMAXPWR=\"0.0\",OCHRXACTPWR=\"-1.7\",OCHRXMINPWR=\"-12.5\",OCHRXMAXPWR=\"0.4\",FLOWCTRL=NONE,CLFI=\"\",,:IS"
   "ETH10G-1-13-2::LASEROFFFARENDFAIL=DISABLED,OCHTXACTPWR=\"-3.3\",OCHTXMINPWR=\"-7.0\",OCHTXMAXPWR=\"0.0\",OCHRXACTPWR=\"-2.9\",OCHRXMINPWR=\"-12.5\",OCHRXMAXPWR=\"0.4\",FLOWCTRL=NONE,CLFI=\"\",,:IS"
   "ETH10G-1-14-2::LASEROFFFARENDFAIL=DISABLED,OCHTXACTPWR=\"-3.4\",OCHTXMINPWR=\"-7.0\",OCHTXMAXPWR=\"0.0\",OCHRXACTPWR=\"-3.9\",OCHRXMINPWR=\"-12.5\",OCHRXMAXPWR=\"0.4\",FLOWCTRL=NONE,CLFI=\"\",,:IS"
>

   "Nm001A_OME03" 12-12-29 15:45:03
M  15 COMPLD
   "ETH10G-1-25-1::MTU=9018,FLOWCTRL=ASYM,CLFI=\"\",AN=DISABLE,ANSTATUS=DISABLED,ETHDPX=FULL,SPEED=10G,TXCON=ENABLE,PAUSETX=ENABLE,PAUSERX=DISABLE,PAUSERXOVERRIDE=ENABLE,PAUSETXOVERRIDE=DISABLE,ANETHDPX=UNKNOWN,ANSPEED=UNKNOWN,ANPAUSETX=UNKNOWN,ANPAUSERX=UNKNOWN,ADVETHDPX=UNKNOWN,ADVSPEED=UNKNOWN,ADVFLOWCTRL=UNKNOWN,PASSCTRL=DISABLE,PHYSADDR=0016CA40BB9D,EQPT=XGELAN,RXIDLE=0:IS"
;RTRV-ETH100:"Nm001A_OME03":ETH100-1-ALL:16;
IP 16
<

   "Nm001A_OME03" 12-12-29 15:45:03
M  16 COMPLD
;RTRV-WAN:"Nm001A_OME03":WAN-1-ALL:17;
IP 17
<

   "Nm001A_OME03" 12-12-29 15:45:06
M  17 COMPLD
   "WAN-1-1-1::MAPPING=GFP-F,RATE=STS3C,VCAT=ENABLE,LCAS=DISABLE,PROVUNITS=2,ACTUALUNITS=2,MAGICNUM=DISABLE,LCM=DISABLE,NCP=NONE,MODE=SDH,FCS=32,SCRAMBLE=ENABLE,LANFCS=ENABLE,RTDELAY=3119,CONDTYPE=GFPCMF,GFPRFI=ENABLE,AVLBLRATE=STS3C,PROVRXUNITS=2,GFPRTDELAY=ENABLE,MAXVCDEL=14000,CURRVCDEL=0,ACTUALRXUNITS=2:IS"
   "WAN-1-1-2::MAPPING=GFP-F,RATE=STS3C,VCAT=ENABLE,LCAS=DISABLE,PROVUNITS=1,ACTUALUNITS=1,MAGICNUM=DISABLE,LCM=DISABLE,NCP=NONE,MODE=SDH,FCS=32,SCRAMBLE=ENABLE,LANFCS=ENABLE,RTDELAY=452,CONDTYPE=GFPCMF,GFPRFI=ENABLE,AVLBLRATE=STS3C,PROVRXUNITS=1,GFPRTDELAY=ENABLE,MAXVCDEL=14000,CURRVCDEL=0,ACTUALRXUNITS=1:IS"
   "WAN-1-1-3::MAPPING=GFP-F,RATE=STS3C,VCAT=ENABLE,LCAS=DISABLE,PROVUNITS=2,ACTUALUNITS=2,MAGICNUM=DISABLE,LCM=DISABLE,NCP=NONE,MODE=SDH,FCS=32,SCRAMBLE=ENABLE,LANFCS=ENABLE,RTDELAY=1303,CONDTYPE=GFPCMF,GFPRFI=ENABLE,AVLBLRATE=STS3C,PROVRXUNITS=2,GFPRTDELAY=ENABLE,MAXVCDEL=14000,CURRVCDEL=0,ACTUALRXUNITS=2:IS"
   "WAN-1-1-4::MAPPING=GFP-F,RATE=STS3C,VCAT=ENABLE,LCAS=DISABLE,PROVUNITS=2,ACTUALUNITS=UNKNOWN,MAGICNUM=DISABLE,LCM=DISABLE,NCP=NONE,MODE=SDH,FCS=32,SCRAMBLE=ENABLE,LANFCS=ENABLE,RTDELAY=UNKNOWN,CONDTYPE=GFPCMF,GFPRFI=ENABLE,AVLBLRATE=STS3C,PROVRXUNITS=2,GFPRTDELAY=ENABLE,MAXVCDEL=UNKNOWN,CURRVCDEL=UNKNOWN,ACTUALRXUNITS=UNKNOWN:IS"
   "WAN-1-2-1::MAPPING=GFP-F,RATE=STS3C,VCAT=ENABLE,LCAS=DISABLE,PROVUNITS=2,ACTUALUNITS=2,MAGICNUM=DISABLE,LCM=DISABLE,NCP=NONE,MODE=SDH,FCS=32,SCRAMBLE=ENABLE,LANFCS=ENABLE,RTDELAY=3669,CONDTYPE=GFPCMF,GFPRFI=ENABLE,AVLBLRATE=STS3C,PROVRXUNITS=2,GFPRTDELAY=ENABLE,MAXVCDEL=14000,CURRVCDEL=0,ACTUALRXUNITS=2:IS"
>

   "Nm001A_OME03" 12-12-29 15:45:06
M  17 COMPLD
   "WAN-1-2-2::MAPPING=GFP-F,RATE=STS3C,VCAT=ENABLE,LCAS=DISABLE,PROVUNITS=1,ACTUALUNITS=1,MAGICNUM=DISABLE,LCM=DISABLE,NCP=NONE,MODE=SDH,FCS=32,SCRAMBLE=ENABLE,LANFCS=ENABLE,RTDELAY=3101,CONDTYPE=GFPCMF,GFPRFI=ENABLE,AVLBLRATE=STS3C,PROVRXUNITS=1,GFPRTDELAY=ENABLE,MAXVCDEL=14000,CURRVCDEL=0,ACTUALRXUNITS=1:IS"
   "WAN-1-2-3::MAPPING=GFP-F,RATE=NONE,VCAT=ENABLE,LCAS=DISABLE,PROVUNITS=0,ACTUALUNITS=0,MAGICNUM=DISABLE,LCM=DISABLE,NCP=NONE,MODE=SDH,FCS=32,SCRAMBLE=ENABLE,LANFCS=ENABLE,RTDELAY=UNKNOWN,CONDTYPE=GFPCMF,GFPRFI=ENABLE,AVLBLRATE=STS1HO/STS1LO/STS3C,PROVRXUNITS=0,GFPRTDELAY=ENABLE,MAXVCDEL=14000,CURRVCDEL=0,ACTUALRXUNITS=0:IS,DISCD"
   "WAN-1-2-4::MAPPING=GFP-F,RATE=NONE,VCAT=ENABLE,LCAS=DISABLE,PROVUNITS=0,ACTUALUNITS=0,MAGICNUM=DISABLE,LCM=DISABLE,NCP=NONE,MODE=SDH,FCS=32,SCRAMBLE=ENABLE,LANFCS=ENABLE,RTDELAY=UNKNOWN,CONDTYPE=GFPCMF,GFPRFI=ENABLE,AVLBLRATE=STS1HO/STS1LO/STS3C,PROVRXUNITS=0,GFPRTDELAY=ENABLE,MAXVCDEL=14000,CURRVCDEL=0,ACTUALRXUNITS=0:OOS-MA,DISCD"
   "WAN-1-17-1::MAPPING=GFP-F,RATE=STS3C,VCAT=ENABLE,LCAS=DISABLE,PROVUNITS=1,ACTUALUNITS=1,MAGICNUM=DISABLE,LCM=DISABLE,NCP=NONE,MODE=SDH,FCS=32,SCRAMBLE=ENABLE,LANFCS=ENABLE,RTDELAY=3676,CONDTYPE=GFPCMF,GFPRFI=ENABLE,AVLBLRATE=STS3C,PROVRXUNITS=1,GFPRTDELAY=ENABLE,MAXVCDEL=14000,CURRVCDEL=0,ACTUALRXUNITS=1:IS"
   "WAN-1-17-2::MAPPING=GFP-F,RATE=NONE,VCAT=ENABLE,LCAS=DISABLE,PROVUNITS=0,ACTUALUNITS=0,MAGICNUM=DISABLE,LCM=DISABLE,NCP=NONE,MODE=SDH,FCS=32,SCRAMBLE=ENABLE,LANFCS=ENABLE,RTDELAY=UNKNOWN,CONDTYPE=GFPCMF,GFPRFI=ENABLE,AVLBLRATE=STS3C,PROVRXUNITS=0,GFPRTDELAY=ENABLE,MAXVCDEL=14000,CURRVCDEL=0,ACTUALRXUNITS=0:OOS-MA,DISCD"
>

   "Nm001A_OME03" 12-12-29 15:45:06
M  17 COMPLD
   "WAN-1-17-3::MAPPING=GFP-F,RATE=STS3C,VCAT=ENABLE,LCAS=DISABLE,PROVUNITS=1,ACTUALUNITS=1,MAGICNUM=DISABLE,LCM=DISABLE,NCP=NONE,MODE=SDH,FCS=32,SCRAMBLE=ENABLE,LANFCS=ENABLE,RTDELAY=494,CONDTYPE=GFPCMF,GFPRFI=ENABLE,AVLBLRATE=STS3C,PROVRXUNITS=1,GFPRTDELAY=ENABLE,MAXVCDEL=14000,CURRVCDEL=0,ACTUALRXUNITS=1:IS"
   "WAN-1-17-4::MAPPING=GFP-F,RATE=STS3C,VCAT=ENABLE,LCAS=DISABLE,PROVUNITS=1,ACTUALUNITS=1,MAGICNUM=DISABLE,LCM=DISABLE,NCP=NONE,MODE=SDH,FCS=32,SCRAMBLE=ENABLE,LANFCS=ENABLE,RTDELAY=5407,CONDTYPE=GFPCMF,GFPRFI=ENABLE,AVLBLRATE=STS3C,PROVRXUNITS=1,GFPRTDELAY=ENABLE,MAXVCDEL=14000,CURRVCDEL=0,ACTUALRXUNITS=1:IS"
   "WAN-1-18-1::MAPPING=GFP-F,RATE=STS3C,VCAT=ENABLE,LCAS=DISABLE,PROVUNITS=1,ACTUALUNITS=1,MAGICNUM=DISABLE,LCM=DISABLE,NCP=NONE,MODE=SDH,FCS=32,SCRAMBLE=ENABLE,LANFCS=ENABLE,RTDELAY=3652,CONDTYPE=GFPCMF,GFPRFI=ENABLE,AVLBLRATE=STS3C,PROVRXUNITS=1,GFPRTDELAY=ENABLE,MAXVCDEL=14000,CURRVCDEL=0,ACTUALRXUNITS=1:IS"
   "WAN-1-18-2::MAPPING=GFP-F,RATE=STS3C,VCAT=ENABLE,LCAS=DISABLE,PROVUNITS=2,ACTUALUNITS=2,MAGICNUM=DISABLE,LCM=DISABLE,NCP=NONE,MODE=SDH,FCS=32,SCRAMBLE=ENABLE,LANFCS=ENABLE,RTDELAY=482,CONDTYPE=GFPCMF,GFPRFI=ENABLE,AVLBLRATE=STS3C,PROVRXUNITS=2,GFPRTDELAY=ENABLE,MAXVCDEL=14000,CURRVCDEL=125,ACTUALRXUNITS=2:IS"
   "WAN-1-18-3::MAPPING=GFP-F,RATE=STS3C,VCAT=ENABLE,LCAS=DISABLE,PROVUNITS=2,ACTUALUNITS=2,MAGICNUM=DISABLE,LCM=DISABLE,NCP=NONE,MODE=SDH,FCS=32,SCRAMBLE=ENABLE,LANFCS=ENABLE,RTDELAY=3088,CONDTYPE=GFPCMF,GFPRFI=ENABLE,AVLBLRATE=STS3C,PROVRXUNITS=2,GFPRTDELAY=ENABLE,MAXVCDEL=14000,CURRVCDEL=0,ACTUALRXUNITS=2:IS"
>

   "Nm001A_OME03" 12-12-29 15:45:06
M  17 COMPLD
   "WAN-1-18-4::MAPPING=GFP-F,RATE=STS3C,VCAT=ENABLE,LCAS=DISABLE,PROVUNITS=2,ACTUALUNITS=UNKNOWN,MAGICNUM=DISABLE,LCM=DISABLE,NCP=NONE,MODE=SDH,FCS=32,SCRAMBLE=ENABLE,LANFCS=ENABLE,RTDELAY=UNKNOWN,CONDTYPE=GFPCMF,GFPRFI=ENABLE,AVLBLRATE=STS3C,PROVRXUNITS=2,GFPRTDELAY=ENABLE,MAXVCDEL=UNKNOWN,CURRVCDEL=UNKNOWN,ACTUALRXUNITS=UNKNOWN:IS"
   "WAN-1-25-1::MAPPING=GFP-F,FCS=32,CONDTYPE=GFPCMF,GFPRFI=ENABLE,PROVRXUNITS=7,GFPRTDELAY=ENABLE,RATE=STS3C,LCAS=DISABLE,VCAT=ENABLE,PROVUNITS=7,ACTUALUNITS=7,LANFCS=ENABLE,RTDELAY=UNKNOWN,MAXVCDEL=0,CURRVCDEL=0,SCRAMBLE=ENABLE,ACTUALRXUNITS=7,AVLBLRATE=STS3C:IS"
;RTRV-VCS:"Nm001A_OME03":VCS-1-ALL:18;
IP 18
<

   "Nm001A_OME03" 12-12-29 15:45:07
M  18 COMPLD
;RTRV-VCE:"Nm001A_OME03":VCE-1-ALL:19;
IP 19
<

   "Nm001A_OME03" 12-12-29 15:45:07
M  19 COMPLD
;RTRV-VCEMAP:"Nm001A_OME03":VCEMAP-1-ALL:20;
IP 20
<

   "Nm001A_OME03" 12-12-29 15:45:08
M  20 COMPLD
;RTRV-CRS-ALL:"Nm001A_OME03"::21:::CKTID=ALL;
IP 21
<

   "Nm001A_OME03" 12-12-29 15:45:08
M  21 COMPLD
   "STS3C-1-11-1-40,STS3C-1-1-4-1:2WAY:PRIMARYXC=SHELF,PRIME=OSS,CKTID=\"2105LR2_Dv01-Asd02_RIVM-O13(SVOB-Dv02 DigiBob OPN)\":STS3C:"
   "STS3C-1-11-1-43,STS3C-1-1-4-4:2WAY:PRIMARYXC=SHELF,PRIME=OSS,CKTID=\"2105LR2_Dv01-Asd02_RIVM-O13(SVOB-Dv02 DigiBob OPN)\":STS3C:"
   "STS3C-1-21-1-166,STS3C-1-1-3-1:2WAY:PRIMARYXC=SHELF,PRIME=OSS,CKTID=\"2105LE4_Dv01-Asd02_RIVM-O13(NR_SVOB-Dv02 DigiBob OPN)\":STS3C:"
   "STS3C-1-21-1-169,STS3C-1-1-3-4:2WAY:PRIMARYXC=SHELF,PRIME=OSS,CKTID=\"2105LE4_Dv01-Asd02_RIVM-O13(NR_SVOB-Dv02 DigiBob OPN)\":STS3C:"
   "STS3C-1-28-1-19,STS3C-1-1-2-1:2WAYPR:SWMATE=STS3C-1-7-1-187,PRIMARYXC=SHELF,PRIME=OSS,CKTID=\"2094LP_Ah01-Nm01_UMCN\":STS3C:"
   "STS3C-1-11-1-10,STS3C-1-1-1-1:2WAY:PRIMARYXC=SHELF,PRIME=OSS,CKTID=\"2134LR2_Nm01-Asd02_LRCB-O13(@Nm11A)\":STS3C:"
   "STS3C-1-11-1-13,STS3C-1-1-1-4:2WAY:PRIMARYXC=SHELF,PRIME=OSS,CKTID=\"2134LR2_Nm01-Asd02_LRCB-O13(@Nm11A)\":STS3C:"
   "STS3C-1-12-1-1,STS3C-1-2-2-1:2WAY:PRIMARYXC=SHELF,PRIME=OSS,CKTID=\"2013LR2_Nm01-Asd02_OU-O15(Nm03-Asd02)\":STS3C:"
   "STS3C-1-8-1-25,STS3C-1-2-1-1:2WAY:PRIMARYXC=SHELF,PRIME=OSS,CKTID=\"2133LR1_Nm01-Asd01_RIVM-O13(SVOKON@Nm11B DigiBob_OPN)\":STS3C:"
   "STS3C-1-8-1-28,STS3C-1-2-1-4:2WAY:PRIMARYXC=SHELF,PRIME=OSS,CKTID=\"2133LR1_Nm01-Asd01_RIVM-O13(SVOKON@Nm11B DigiBob_OPN)\":STS3C:"
   "STS3C-1-26-1-22,STS3C-1-6-1-1:2WAY:PRIMARYXC=SHELF,PRIME=OSS,CKTID=\"2057LP_Std01-Ehv01_FONTYS-O06(Std-OPN)\":STS3C:"
   "STS3C-1-26-1-25,STS3C-1-6-1-4:2WAY:PRIMARYXC=SHELF,PRIME=OSS,CKTID=\"2057LP_Std01-Ehv01_FONTYS-O06(Std-OPN)\":STS3C:"
   "STS3C-1-26-1-28,STS3C-1-6-1-7:2WAY:PRIMARYXC=SHELF,PRIME=OSS,CKTID=\"2057LP_Std01-Ehv01_FONTYS-O06(Std-OPN)\":STS3C:"
   "STS3C-1-26-1-31,STS3C-1-6-1-10:2WAY:PRIMARYXC=SHELF,PRIME=OSS,CKTID=\"2057LP_Std01-Ehv01_FONTYS-O06(Std-OPN)\":STS3C:"
   "STS3C-1-26-1-34,STS3C-1-6-1-13:2WAY:PRIMARYXC=SHELF,PRIME=OSS,CKTID=\"2057LP_Std01-Ehv01_FONTYS-O06(Std-OPN)\":STS3C:"
   "STS3C-1-26-1-37,STS3C-1-6-1-16:2WAY:PRIMARYXC=SHELF,PRIME=OSS,CKTID=\"2057LP_Std01-Ehv01_FONTYS-O06(Std-OPN)\":STS3C:"
   "STS3C-1-26-1-40,STS3C-1-6-1-19:2WAY:PRIMARYXC=SHELF,PRIME=OSS,CKTID=\"2057LP_Std01-Ehv01_FONTYS-O06(Std-OPN)\":STS3C:"
   "STS3C-1-17-1-1,STS3C-1-6-1-43:2WAY:PRIMARYXC=SHELF,PRIME=OSS,CKTID=\"2013LR1_Nm01-Asd01_OU-O15(Nm03-Asd01)\":STS3C:"
>

   "Nm001A_OME03" 12-12-29 15:45:08
M  21 COMPLD
   "STS3C-1-26-1-1,STS3C-1-6-1-46:2WAY:PRIMARYXC=SHELF,PRIME=OSS,CKTID=\"2113LR1_Vl02-Asd01_RIVM-O13(BOBZ@Vl03 DigiBob_OPN)\":STS3C:"
   "STS3C-1-26-1-4,STS3C-1-6-1-49:2WAY:PRIMARYXC=SHELF,PRIME=OSS,CKTID=\"2113LR1_Vl02-Asd01_RIVM-O13(BOBZ@Vl03 DigiBob_OPN)\":STS3C:"
   "STS3C-1-25-1-1,STS3C-1-6-1-52:2WAY:PRIMARYXC=SHELF,PRIME=OSS,CKTID=\"2184LE_Asd01-Nm01_SURFnet(rogier_storage_test)\":STS3C:"
   "STS3C-1-25-1-4,STS3C-1-6-1-55:2WAY:PRIMARYXC=SHELF,PRIME=OSS,CKTID=\"2184LE_Asd01-Nm01_SURFnet(rogier_storage_test)\":STS3C:"
   "STS3C-1-25-1-7,STS3C-1-6-1-58:2WAY:PRIMARYXC=SHELF,PRIME=OSS,CKTID=\"2184LE_Asd01-Nm01_SURFnet(rogier_storage_test)\":STS3C:"
   "STS3C-1-25-1-10,STS3C-1-6-1-61:2WAY:PRIMARYXC=SHELF,PRIME=OSS,CKTID=\"2184LE_Asd01-Nm01_SURFnet(rogier_storage_test)\":STS3C:"
   "STS3C-1-26-1-64,STS3C-1-6-1-64:2WAY:PRIMARYXC=SHELF,PRIME=OSS,CKTID=\"2052LP_Vl02-Ehv01_FONTYS-O06(Vl02-OPN)\":STS3C:"
   "STS3C-1-26-1-67,STS3C-1-6-1-67:2WAY:PRIMARYXC=SHELF,PRIME=OSS,CKTID=\"2052LP_Vl02-Ehv01_FONTYS-O06(Vl02-OPN)\":STS3C:"
   "STS3C-1-26-1-70,STS3C-1-6-1-70:2WAY:PRIMARYXC=SHELF,PRIME=OSS,CKTID=\"2052LP_Vl02-Ehv01_FONTYS-O06(Vl02-OPN)\":STS3C:"
   "STS3C-1-26-1-73,STS3C-1-6-1-73:2WAY:PRIMARYXC=SHELF,PRIME=OSS,CKTID=\"2052LP_Vl02-Ehv01_FONTYS-O06(Vl02-OPN)\":STS3C:"
   "STS3C-1-26-1-76,STS3C-1-6-1-76:2WAY:PRIMARYXC=SHELF,PRIME=OSS,CKTID=\"2052LP_Vl02-Ehv01_FONTYS-O06(Vl02-OPN)\":STS3C:"
   "STS3C-1-26-1-79,STS3C-1-6-1-79:2WAY:PRIMARYXC=SHELF,PRIME=OSS,CKTID=\"2052LP_Vl02-Ehv01_FONTYS-O06(Vl02-OPN)\":STS3C:"
   "STS3C-1-26-1-82,STS3C-1-6-1-82:2WAY:PRIMARYXC=SHELF,PRIME=OSS,CKTID=\"2052LP_Vl02-Ehv01_FONTYS-O06(Vl02-OPN)\":STS3C:"
   "STS3C-1-26-1-85,STS3C-1-6-1-85:2WAY:PRIMARYXC=SHELF,PRIME=OSS,CKTID=\"2011LR1_Mt07-Asd01_OU-O15(Mt-OPN)\":STS3C:"
   "STS3C-1-26-1-88,STS3C-1-6-1-88:2WAY:PRIMARYXC=SHELF,PRIME=OSS,CKTID=\"2011LR1_Mt07-Asd01_OU-O15(Mt-OPN)\":STS3C:"
   "STS3C-1-26-1-91,STS3C-1-6-1-91:2WAY:PRIMARYXC=SHELF,PRIME=OSS,CKTID=\"2011LR1_Mt07-Asd01_OU-O15(Mt-OPN)\":STS3C:"
   "STS3C-1-26-1-94,STS3C-1-6-1-94:2WAY:PRIMARYXC=SHELF,PRIME=OSS,CKTID=\"2011LR1_Mt07-Asd01_OU-O15(Mt-OPN)\":STS3C:"
   "STS3C-1-26-1-97,STS3C-1-6-1-97:2WAY:PRIMARYXC=SHELF,PRIME=OSS,CKTID=\"2011LR1_Mt07-Asd01_OU-O15(Mt-OPN)\":STS3C:"
>

   "Nm001A_OME03" 12-12-29 15:45:08
M  21 COMPLD
   "STS3C-1-26-1-100,STS3C-1-6-1-100:2WAY:PRIMARYXC=SHELF,PRIME=OSS,CKTID=\"2011LR1_Mt07-Asd01_OU-O15(Mt-OPN)\":STS3C:"
   "STS3C-1-26-1-103,STS3C-1-6-1-103:2WAY:PRIMARYXC=SHELF,PRIME=OSS,CKTID=\"2011LR1_Mt07-Asd01_OU-O15(Mt-OPN)\":STS3C:"
   "STS3C-1-25-1-13,STS3C-1-6-1-106:2WAY:PRIMARYXC=SHELF,PRIME=OSS,CKTID=\"2184LE_Asd01-Nm01_SURFnet(rogier_storage_test)\":STS3C:"
   "STS3C-1-25-1-16,STS3C-1-6-1-109:2WAY:PRIMARYXC=SHELF,PRIME=OSS,CKTID=\"2184LE_Asd01-Nm01_SURFnet(rogier_storage_test)\":STS3C:"
   "STS3C-1-25-1-19,STS3C-1-6-1-112:2WAY:PRIMARYXC=SHELF,PRIME=OSS,CKTID=\"2184LE_Asd01-Nm01_SURFnet(rogier_storage_test)\":STS3C:"
   "STS3C-1-31-1-1,STS3C-1-7-1-1:2WAY:PRIMARYXC=SHELF,PRIME=OSS,CKTID=\"2185LP_Mt01-Ehv01_AZM-Veldhoven(Mt01-Vhn01)\":STS3C:"
   "STS3C-1-31-1-4,STS3C-1-7-1-4:2WAY:PRIMARYXC=SHELF,PRIME=OSS,CKTID=\"2186LP_Mt01-Ehv01_AZM-Eindhoven(Mt01-Ehv16)\":STS3C:"
   "STS3C-1-28-1-64,STS3C-1-7-1-43:2WAY:PRIMARYXC=SHELF,PRIME=OSS,CKTID=\"2019LP_Ah01-Zl01_ARTEZ-O03(Ah05-OPN)\":STS3C:"
   "STS3C-1-28-1-67,STS3C-1-7-1-46:2WAY:PRIMARYXC=SHELF,PRIME=OSS,CKTID=\"2019LP_Ah01-Zl01_ARTEZ-O03(Ah05-OPN)\":STS3C:"
   "STS3C-1-28-1-70,STS3C-1-7-1-49:2WAY:PRIMARYXC=SHELF,PRIME=OSS,CKTID=\"2019LP_Ah01-Zl01_ARTEZ-O03(Ah05-OPN)\":STS3C:"
   "STS3C-1-28-1-73,STS3C-1-7-1-52:2WAY:PRIMARYXC=SHELF,PRIME=OSS,CKTID=\"2019LP_Ah01-Zl01_ARTEZ-O03(Ah05-OPN)\":STS3C:"
   "STS3C-1-28-1-76,STS3C-1-7-1-55:2WAY:PRIMARYXC=SHELF,PRIME=OSS,CKTID=\"2019LP_Ah01-Zl01_ARTEZ-O03(Ah05-OPN)\":STS3C:"
   "STS3C-1-28-1-79,STS3C-1-7-1-58:2WAY:PRIMARYXC=SHELF,PRIME=OSS,CKTID=\"2019LP_Ah01-Zl01_ARTEZ-O03(Ah05-OPN)\":STS3C:"
   "STS3C-1-28-1-82,STS3C-1-7-1-61:2WAY:PRIMARYXC=SHELF,PRIME=OSS,CKTID=\"2019LP_Ah01-Zl01_ARTEZ-O03(Ah05-OPN)\":STS3C:"
   "STS3C-1-28-1-22,STS3C-1-7-1-64:2WAY:PRIMARYXC=SHELF,PRIME=OSS,CKTID=\"2018LP_Ah01-Es01_ARTEZ-O03(Ah05-OPN)\":STS3C:"
   "STS3C-1-28-1-25,STS3C-1-7-1-67:2WAY:PRIMARYXC=SHELF,PRIME=OSS,CKTID=\"2018LP_Ah01-Es01_ARTEZ-O03(Ah05-OPN)\":STS3C:"
   "STS3C-1-28-1-28,STS3C-1-7-1-70:2WAY:PRIMARYXC=SHELF,PRIME=OSS,CKTID=\"2018LP_Ah01-Es01_ARTEZ-O03(Ah05-OPN)\":STS3C:"
   "STS3C-1-28-1-31,STS3C-1-7-1-73:2WAY:PRIMARYXC=SHELF,PRIME=OSS,CKTID=\"2018LP_Ah01-Es01_ARTEZ-O03(Ah05-OPN)\":STS3C:"
>

   "Nm001A_OME03" 12-12-29 15:45:08
M  21 COMPLD
   "STS3C-1-28-1-34,STS3C-1-7-1-76:2WAY:PRIMARYXC=SHELF,PRIME=OSS,CKTID=\"2018LP_Ah01-Es01_ARTEZ-O03(Ah05-OPN)\":STS3C:"
   "STS3C-1-28-1-37,STS3C-1-7-1-79:2WAY:PRIMARYXC=SHELF,PRIME=OSS,CKTID=\"2018LP_Ah01-Es01_ARTEZ-O03(Ah05-OPN)\":STS3C:"
   "STS3C-1-28-1-40,STS3C-1-7-1-82:2WAY:PRIMARYXC=SHELF,PRIME=OSS,CKTID=\"2018LP_Ah01-Es01_ARTEZ-O03(Ah05-OPN)\":STS3C:"
   "STS3C-1-27-1-25,STS3C-1-7-1-85:2WAY:PRIMARYXC=SHELF,PRIME=OSS,CKTID=\"2116LR2_Ap01-Ehv01_LSOP-O14(@Ehv12)\":STS3C:"
   "STS3C-1-28-1-88,STS3C-1-7-1-181:2WAY:PRIMARYXC=SHELF,PRIME=OSS,CKTID=\"2164LE3_Ah01-Es01_RIVM-O13(NP_Nm11B-DigiBob@Dtc02)\":STS3C:"
   "STS3C-1-28-1-91,STS3C-1-7-1-184:2WAY:PRIMARYXC=SHELF,PRIME=OSS,CKTID=\"2164LE3_Ah01-Es01_RIVM-O13(NP_Nm11B-DigiBob@Dtc02)\":STS3C:"
   "STS3C-1-28-1-190,STS3C-1-7-1-190:2WAY:PRIMARYXC=SHELF,PRIME=OSS,CKTID=\"2111LR1_Ah01-Ap01_LSOP-O14(Wasv01-Ap01)\":STS3C:"
   "STS3C-1-28-1-85,STS3C-1-8-1-4:2WAY:PRIMARYXC=SHELF,PRIME=OSS,CKTID=\"2041LE4_Ap01-Lw01_LSOP-O14(NR_Ap01-Dtn01)\":STS3C:"
   "STS3C-1-31-1-25,STS3C-1-8-1-13:2WAY:PRIMARYXC=SHELF,PRIME=OSS,CKTID=\"2120LR1_Mt01-Asd01_RIVM-O13(SKSL@Mt09 DigiBob_OPN)\":STS3C:"
   "STS3C-1-31-1-28,STS3C-1-8-1-16:2WAY:PRIMARYXC=SHELF,PRIME=OSS,CKTID=\"2120LR1_Mt01-Asd01_RIVM-O13(SKSL@Mt09 DigiBob_OPN)\":STS3C:"
   "STS3C-1-27-1-10,STS3C-1-8-1-19:2WAY:PRIMARYXC=SHELF,PRIME=OSS,CKTID=\"2107LR2_Ap01-Lls01_LSOP-O14(Lls03)\":STS3C:"
   "STS3C-1-27-1-40,STS3C-1-8-1-22:2WAY:PRIMARYXC=SHELF,PRIME=OSS,CKTID=\"2107LR2_Ap01-Lls01_LSOP-O14(Lls03)\":STS3C:"
   "STS3C-1-18-4-1,STS3C-1-8-1-31:2WAY:PRIMARYXC=SHELF,PRIME=OSS,CKTID=\"2134LR1_Nm01-Asd01_LRCB-O13(@Nm11A)\":STS3C:"
   "STS3C-1-18-4-4,STS3C-1-8-1-34:2WAY:PRIMARYXC=SHELF,PRIME=OSS,CKTID=\"2134LR1_Nm01-Asd01_LRCB-O13(@Nm11A)\":STS3C:"
   "STS3C-1-27-1-43,STS3C-1-8-1-37:2WAY:PRIMARYXC=SHELF,PRIME=OSS,CKTID=\"2107LR2_Ap01-Lls01_LSOP-O14(Lls03)\":STS3C:"
   "STS3C-1-27-1-46,STS3C-1-8-1-40:2WAY:PRIMARYXC=SHELF,PRIME=OSS,CKTID=\"2107LR2_Ap01-Lls01_LSOP-O14(Lls03)\":STS3C:"
   "STS3C-1-27-1-49,STS3C-1-8-1-43:2WAY:PRIMARYXC=SHELF,PRIME=OSS,CKTID=\"2107LR2_Ap01-Lls01_LSOP-O14(Lls03)\":STS3C:"
   "STS3C-1-27-1-52,STS3C-1-8-1-46:2WAY:PRIMARYXC=SHELF,PRIME=OSS,CKTID=\"2107LR2_Ap01-Lls01_LSOP-O14(Lls03)\":STS3C:"
>

   "Nm001A_OME03" 12-12-29 15:45:08
M  21 COMPLD
   "STS3C-1-27-1-55,STS3C-1-8-1-49:2WAY:PRIMARYXC=SHELF,PRIME=OSS,CKTID=\"2107LR2_Ap01-Lls01_LSOP-O14(Lls03)\":STS3C:"
   "STS3C-1-27-1-28,STS3C-1-11-1-1:2WAY:PRIMARYXC=SHELF,PRIME=OSS,CKTID=\"2132LR2_Ap01-Asd01_LSOP-O14(@Asd41)\":STS3C:"
   "STS3C-1-18-3-1,STS3C-1-11-1-4:2WAY:PRIMARYXC=SHELF,PRIME=OSS,CKTID=\"2133LR2_Nm01-Asd02_RIVM-O13(SVOKON@Nm11B DigiBob_OPN)\":STS3C:"
   "STS3C-1-18-3-4,STS3C-1-11-1-7:2WAY:PRIMARYXC=SHELF,PRIME=OSS,CKTID=\"2133LR2_Nm01-Asd02_RIVM-O13(SVOKON@Nm11B DigiBob_OPN)\":STS3C:"
   "STS3C-1-28-1-127,STS3C-1-11-1-19:2WAY:PRIMARYXC=SHELF,PRIME=OSS,CKTID=\"1021IR4_Ah01-Asd02_L2SS(o.a.LSOP)\":STS3C:"
   "STS3C-1-28-1-130,STS3C-1-11-1-22:2WAY:PRIMARYXC=SHELF,PRIME=OSS,CKTID=\"1021IR4_Ah01-Asd02_L2SS(o.a.LSOP)\":STS3C:"
   "STS3C-1-28-1-133,STS3C-1-11-1-25:2WAY:PRIMARYXC=SHELF,PRIME=OSS,CKTID=\"1021IR4_Ah01-Asd02_L2SS(o.a.LSOP)\":STS3C:"
   "STS3C-1-28-1-136,STS3C-1-11-1-28:2WAY:PRIMARYXC=SHELF,PRIME=OSS,CKTID=\"1021IR4_Ah01-Asd02_L2SS(o.a.LSOP)\":STS3C:"
   "STS3C-1-28-1-139,STS3C-1-11-1-31:2WAY:PRIMARYXC=SHELF,PRIME=OSS,CKTID=\"1021IR4_Ah01-Asd02_L2SS(o.a.LSOP)\":STS3C:"
   "STS3C-1-28-1-142,STS3C-1-11-1-34:2WAY:PRIMARYXC=SHELF,PRIME=OSS,CKTID=\"1021IR4_Ah01-Asd02_L2SS(o.a.LSOP)\":STS3C:"
   "STS3C-1-28-1-145,STS3C-1-11-1-37:2WAY:PRIMARYXC=SHELF,PRIME=OSS,CKTID=\"1021IR4_Ah01-Asd02_L2SS(o.a.LSOP)\":STS3C:"
   "STS3C-1-28-1-187,STS3C-1-11-1-103:2WAY:PRIMARYXC=SHELF,PRIME=OSS,CKTID=\"2044LP_Ah01-Wg01_WUR-O27(Ah04-OPN)\":STS3C:"
   "STS3C-1-28-1-148,STS3C-1-11-1-106:2WAY:PRIMARYXC=SHELF,PRIME=OSS,CKTID=\"1001IR2_Ah01-Asd02_L2SS(E8U02)\":STS3C:"
   "STS3C-1-28-1-151,STS3C-1-11-1-109:2WAY:PRIMARYXC=SHELF,PRIME=OSS,CKTID=\"1001IR2_Ah01-Asd02_L2SS(E8U02)\":STS3C:"
   "STS3C-1-28-1-154,STS3C-1-11-1-112:2WAY:PRIMARYXC=SHELF,PRIME=OSS,CKTID=\"1001IR2_Ah01-Asd02_L2SS(E8U02)\":STS3C:"
   "STS3C-1-28-1-157,STS3C-1-11-1-115:2WAY:PRIMARYXC=SHELF,PRIME=OSS,CKTID=\"1001IR2_Ah01-Asd02_L2SS(E8U02)\":STS3C:"
   "STS3C-1-28-1-160,STS3C-1-11-1-118:2WAY:PRIMARYXC=SHELF,PRIME=OSS,CKTID=\"1001IR2_Ah01-Asd02_L2SS(E8U02)\":STS3C:"
   "STS3C-1-28-1-163,STS3C-1-11-1-121:2WAY:PRIMARYXC=SHELF,PRIME=OSS,CKTID=\"1001IR2_Ah01-Asd02_L2SS(E8U02)\":STS3C:"
>

   "Nm001A_OME03" 12-12-29 15:45:08
M  21 COMPLD
   "STS3C-1-28-1-166,STS3C-1-11-1-124:2WAY:PRIMARYXC=SHELF,PRIME=OSS,CKTID=\"1001IR2_Ah01-Asd02_L2SS(E8U02)\":STS3C:"
   "STS3C-1-28-1-169,STS3C-1-11-1-130:2WAY:PRIMARYXC=SHELF,PRIME=OSS,CKTID=\"2044LP_Ah01-Wg01_WUR-O27(Ah04-OPN)\":STS3C:"
   "STS3C-1-28-1-172,STS3C-1-11-1-133:2WAY:PRIMARYXC=SHELF,PRIME=OSS,CKTID=\"2044LP_Ah01-Wg01_WUR-O27(Ah04-OPN)\":STS3C:"
   "STS3C-1-28-1-175,STS3C-1-11-1-136:2WAY:PRIMARYXC=SHELF,PRIME=OSS,CKTID=\"2044LP_Ah01-Wg01_WUR-O27(Ah04-OPN)\":STS3C:"
   "STS3C-1-28-1-178,STS3C-1-11-1-139:2WAY:PRIMARYXC=SHELF,PRIME=OSS,CKTID=\"2044LP_Ah01-Wg01_WUR-O27(Ah04-OPN)\":STS3C:"
   "STS3C-1-28-1-181,STS3C-1-11-1-142:2WAY:PRIMARYXC=SHELF,PRIME=OSS,CKTID=\"2044LP_Ah01-Wg01_WUR-O27(Ah04-OPN)\":STS3C:"
   "STS3C-1-28-1-184,STS3C-1-11-1-145:2WAY:PRIMARYXC=SHELF,PRIME=OSS,CKTID=\"2044LP_Ah01-Wg01_WUR-O27(Ah04-OPN)\":STS3C:"
   "STS3C-1-31-1-64,STS3C-1-11-1-148:2WAY:PRIMARYXC=SHELF,PRIME=OSS,CKTID=\"2012LR2_Hrl01-Asd02_OU-O15\":STS3C:"
   "STS3C-1-31-1-67,STS3C-1-11-1-151:2WAY:PRIMARYXC=SHELF,PRIME=OSS,CKTID=\"2012LR2_Hrl01-Asd02_OU-O15\":STS3C:"
   "STS3C-1-31-1-70,STS3C-1-11-1-154:2WAY:PRIMARYXC=SHELF,PRIME=OSS,CKTID=\"2012LR2_Hrl01-Asd02_OU-O15\":STS3C:"
   "STS3C-1-31-1-73,STS3C-1-11-1-157:2WAY:PRIMARYXC=SHELF,PRIME=OSS,CKTID=\"2012LR2_Hrl01-Asd02_OU-O15\":STS3C:"
   "STS3C-1-31-1-76,STS3C-1-11-1-160:2WAY:PRIMARYXC=SHELF,PRIME=OSS,CKTID=\"2012LR2_Hrl01-Asd02_OU-O15\":STS3C:"
   "STS3C-1-31-1-79,STS3C-1-11-1-163:2WAY:PRIMARYXC=SHELF,PRIME=OSS,CKTID=\"2012LR2_Hrl01-Asd02_OU-O15\":STS3C:"
   "STS3C-1-31-1-82,STS3C-1-11-1-166:2WAY:PRIMARYXC=SHELF,PRIME=OSS,CKTID=\"2012LR2_Hrl01-Asd02_OU-O15\":STS3C:"
   "STS3C-1-27-1-7,STS3C-1-12-1-4:2WAY:PRIMARYXC=SHELF,PRIME=OSS,CKTID=\"2118LR2_Ap01-Gv01_LSOP-O14(Gv16)\":STS3C:"
   "STS3C-1-27-1-31,STS3C-1-12-1-13:2WAY:PRIMARYXC=SHELF,PRIME=OSS,CKTID=\"2136LR2_Ah01-Asd02_RIVM-O13(SVOKON@Ah08 DigiBob_OPN)\":STS3C:"
   "STS3C-1-27-1-34,STS3C-1-12-1-16:2WAY:PRIMARYXC=SHELF,PRIME=OSS,CKTID=\"2136LR2_Ah01-Asd02_RIVM-O13(SVOKON@Ah08 DigiBob_OPN)\":STS3C:"
   "STS3C-1-28-1-124,STS3C-1-12-1-190:2WAY:PRIMARYXC=SHELF,PRIME=OSS,CKTID=\"2093LR1_Ap01-Boz01_LSOP-O14(Osd01-Ap01)\":STS3C:"
>

   "Nm001A_OME03" 12-12-29 15:45:08
M  21 COMPLD
   "STS3C-1-6-1-136,STS3C-1-17-4-1:2WAYPR:SWMATE=STS3C-1-11-1-16,PRIMARYXC=SHELF,PRIME=OSS,CKTID=\"2195LP_Nm01-Ut15_SURFNETNETWERK(SNETlan@Ut)\":STS3C:"
   "STS3C-1-27-1-169,STS3C-1-17-3-1:2WAYPR:SWMATE=STS3C-1-7-1-178,PRIMARYXC=SHELF,PRIME=OSS,CKTID=\"2161LP_Ah01-Nm01_CITO(Ah9B-Nm01)\":STS3C:"
   "STS3C-1-27-1-19,STS3C-1-18-2-1:2WAYPR:SWMATE=STS3C-1-7-1-88,PRIMARYXC=SHELF,PRIME=OSS,CKTID=\"2164LP_Ah01-Nm01_RIVM-Bevolkingsonderzoek_Oost-O13(Nm11B-Dtc02)\":STS3C:"
   "STS3C-1-27-1-22,STS3C-1-18-2-4:2WAYPR:SWMATE=STS3C-1-7-1-91,PRIMARYXC=SHELF,PRIME=OSS,CKTID=\"2164LP_Ah01-Nm01_RIVM-Bevolkingsonderzoek_Oost-O13(Nm11B-Dtc02)\":STS3C:"
   "STS3C-1-8-1-1,STS3C-1-18-1-1:2WAYPR:SWMATE=STS3C-1-12-1-22,PRIMARYXC=SHELF,PRIME=OSS,CKTID=\"2089LP_Nm01-Asd01_SURFNETNETWERK(SNETlan@RU)\":STS3C:"
   "STS3C-1-27-1-58,STS3C-1-21-1-1:2WAY:PRIMARYXC=SHELF,PRIME=OSS,CKTID=\"2128LE3_Ap01-Dv01_RIVM-O13(NP_SBVOB Ap05-Dv02 DigiBob_OPN)\":STS3C:"
   "STS3C-1-27-1-61,STS3C-1-21-1-4:2WAY:PRIMARYXC=SHELF,PRIME=OSS,CKTID=\"2128LE3_Ap01-Dv01_RIVM-O13(NP_SBVOB Ap05-Dv02 DigiBob_OPN)\":STS3C:"
   "STS3C-1-27-1-172,STS3C-1-21-1-172:2WAY:PRIMARYXC=SHELF,PRIME=OSS,CKTID=\"0001IR2_Dv01-Ap01_SAXION\":STS3C:"
   "STS3C-1-27-1-175,STS3C-1-21-1-175:2WAY:PRIMARYXC=SHELF,PRIME=OSS,CKTID=\"0001IR2_Dv01-Ap01_SAXION\":STS3C:"
   "STS3C-1-27-1-178,STS3C-1-21-1-178:2WAY:PRIMARYXC=SHELF,PRIME=OSS,CKTID=\"0001IR2_Dv01-Ap01_SAXION\":STS3C:"
   "STS3C-1-27-1-181,STS3C-1-21-1-181:2WAY:PRIMARYXC=SHELF,PRIME=OSS,CKTID=\"0001IR2_Dv01-Ap01_SAXION\":STS3C:"
   "STS3C-1-27-1-184,STS3C-1-21-1-184:2WAY:PRIMARYXC=SHELF,PRIME=OSS,CKTID=\"0001IR2_Dv01-Ap01_SAXION\":STS3C:"
   "STS3C-1-27-1-187,STS3C-1-21-1-187:2WAY:PRIMARYXC=SHELF,PRIME=OSS,CKTID=\"0001IR2_Dv01-Ap01_SAXION\":STS3C:"
   "STS3C-1-27-1-190,STS3C-1-21-1-190:2WAY:PRIMARYXC=SHELF,PRIME=OSS,CKTID=\"0001IR2_Dv01-Ap01_SAXION\":STS3C:"
   "STS3C-1-27-1-4,STS3C-1-26-1-106:2WAY:PRIMARYXC=SHELF,PRIME=OSS,CKTID=\"T2086LR1_Ah01A-Dt08A_TNO(Ap04)\":STS3C:"
   "STS3C-1-31-1-22,STS3C-1-27-1-1:2WAY:PRIMARYXC=SHELF,PRIME=OSS,CKTID=\"T2117LR2_Ap01-Rt01_LSOP-O14(Rt05)\":STS3C:"
;RTRV-AD-ALL:"Nm001A_OME03"::22;
IP 22
<

   "Nm001A_OME03" 12-12-29 15:45:09
M  22 COMPLD
   "ADJ-1-5-1:TYP-SH-SL-PRT,PHYS:TX_VERSION=\"2\",TX_TAG=\"Nm001A_OME03-1-5-1\",RX_VERSION=\"2\",RX_ACTUAL=\"\",RX_EXPECTED=\"\",RECONFIG=DISABLE,RX_RELIABILITY=UNRELIABLE,MECHANISM=DERIVED"
   "ADJ-1-5-2:TYP-SH-SL-PRT,PHYS:TX_VERSION=\"2\",TX_TAG=\"Nm001A_OME03-1-5-2\",RX_VERSION=\"2\",RX_ACTUAL=\"NM001A-CPL2P-5-8-5\",RX_EXPECTED=\"\",RECONFIG=DISABLE,RX_RELIABILITY=UNRELIABLE,MECHANISM=DERIVED"
   "OC192-1-6-1:TYP-SH-SL-PRT,LINE:TX_VERSION=\"2\",TX_TAG=\"AD_2_80:17:7d:e7:d5:49_001_000_006_000_001_ME_1\",RX_VERSION=\"2\",RX_ACTUAL=\"AD_2_00:21:e1:d9:cc:70_001_000_023_000_001_ME_1\",RX_EXPECTED=\"\",RECONFIG=DISABLE,RX_RELIABILITY=RELIABLE,MECHANISM=IIH"
   "OC192-1-7-1:TYP-SH-SL-PRT,LINE:TX_VERSION=\"2\",TX_TAG=\"AD_2_80:17:7d:e7:d5:49_001_000_007_000_001_ME_1\",RX_VERSION=\"2\",RX_ACTUAL=\"AD_2_00:20:d8:df:32:83_001_000_010_000_001_ME_1\",RX_EXPECTED=\"\",RECONFIG=DISABLE,RX_RELIABILITY=RELIABLE,MECHANISM=IIH"
   "OC192-1-8-1:TYP-SH-SL-PRT,LINE:TX_VERSION=\"2\",TX_TAG=\"AD_2_80:17:7d:e7:d5:49_001_000_008_000_001_ME_1\",RX_VERSION=\"2\",RX_ACTUAL=\"AD_2_00:21:e1:d9:cc:70_001_000_025_000_001_ME_1\",RX_EXPECTED=\"\",RECONFIG=DISABLE,RX_RELIABILITY=RELIABLE,MECHANISM=IIH"
   "OC192-1-11-1:TYP-SH-SL-PRT,LINE:TX_VERSION=\"2\",TX_TAG=\"AD_2_80:17:7d:e7:d5:49_001_000_011_000_001_ME_1\",RX_VERSION=\"2\",RX_ACTUAL=\"AD_2_00:21:e1:d9:d2:7f_001_000_033_000_001_ME_1\",RX_EXPECTED=\"\",RECONFIG=DISABLE,RX_RELIABILITY=RELIABLE,MECHANISM=IIH"
   "OC192-1-12-1:TYP-SH-SL-PRT,LINE:TX_VERSION=\"2\",TX_TAG=\"AD_2_80:17:7d:e7:d5:49_001_000_012_000_001_ME_1\",RX_VERSION=\"2\",RX_ACTUAL=\"AD_2_00:21:e1:d9:d2:7f_001_000_034_000_001_ME_1\",RX_EXPECTED=\"\",RECONFIG=DISABLE,RX_RELIABILITY=RELIABLE,MECHANISM=IIH"
   "ADJ-1-13-1:TYP-SH-SL-PRT,PHYS:TX_VERSION=\"2\",TX_TAG=\"Nm001A_OME03-1-13-1\",RX_VERSION=\"2\",RX_ACTUAL=\"\",RX_EXPECTED=\"\",RECONFIG=DISABLE,RX_RELIABILITY=UNRELIABLE,MECHANISM=DERIVED"
   "ADJ-1-13-2:TYP-SH-SL-PRT,PHYS:TX_VERSION=\"2\",TX_TAG=\"Nm001A_OME03-1-13-2\",RX_VERSION=\"2\",RX_ACTUAL=\"NM001A-CPL2P-6-8-5\",RX_EXPECTED=\"\",RECONFIG=DISABLE,RX_RELIABILITY=UNRELIABLE,MECHANISM=DERIVED"
   "ADJ-1-14-1:TYP-SH-SL-PRT,PHYS:TX_VERSION=\"2\",TX_TAG=\"Nm001A_OME03-1-14-1\",RX_VERSION=\"2\",RX_ACTUAL=\"\",RX_EXPECTED=\"\",RECONFIG=DISABLE,RX_RELIABILITY=UNRELIABLE,MECHANISM=DERIVED"
   "ADJ-1-14-2:TYP-SH-SL-PRT,PHYS:TX_VERSION=\"2\",TX_TAG=\"Nm001A_OME03-1-14-2\",RX_VERSION=\"2\",RX_ACTUAL=\"\",RX_EXPECTED=\"\",RECONFIG=DISABLE,RX_RELIABILITY=UNRELIABLE,MECHANISM=DERIVED"
   "OC192-1-21-1:TYP-SH-SL-PRT,LINE:TX_VERSION=\"2\",TX_TAG=\"AD_2_80:17:7d:e7:d5:49_001_000_021_000_001_ME_1\",RX_VERSION=\"2\",RX_ACTUAL=\"AD_2_00:20:d8:df:30:f2_001_000_009_000_001_ME_1\",RX_EXPECTED=\"\",RECONFIG=DISABLE,RX_RELIABILITY=RELIABLE,MECHANISM=IIH"
   "OC192-1-26-1:TYP-SH-SL-PRT,LINE:TX_VERSION=\"2\",TX_TAG=\"AD_2_80:17:7d:e7:d5:49_001_000_026_000_001_ME_1\",RX_VERSION=\"2\",RX_ACTUAL=\"AD_2_00:20:d8:df:32:88_001_000_009_000_001_ME_1\",RX_EXPECTED=\"\",RECONFIG=DISABLE,RX_RELIABILITY=RELIABLE,MECHANISM=IIH"
   "OC192-1-27-1:TYP-SH-SL-PRT,LINE:TX_VERSION=\"2\",TX_TAG=\"AD_2_80:17:7d:e7:d5:49_001_000_027_000_001_ME_1\",RX_VERSION=\"2\",RX_ACTUAL=\"AD_2_00:20:d8:df:37:d3_001_000_010_000_001_ME_1\",RX_EXPECTED=\"\",RECONFIG=DISABLE,RX_RELIABILITY=RELIABLE,MECHANISM=IIH"
   "ADJ-1-27-1:TYP-SH-SL-PRT,PHYS:TX_VERSION=\"2\",TX_TAG=\"Nm001A_OME03-1-27-1\",RX_VERSION=\"2\",RX_ACTUAL=\"\",RX_EXPECTED=\"\",RECONFIG=DISABLE,RX_RELIABILITY=UNRELIABLE,MECHANISM=DERIVED"
>

   "Nm001A_OME03" 12-12-29 15:45:09
M  22 COMPLD
   "OC192-1-28-1:TYP-SH-SL-PRT,LINE:TX_VERSION=\"2\",TX_TAG=\"AD_2_80:17:7d:e7:d5:49_001_000_028_000_001_ME_1\",RX_VERSION=\"2\",RX_ACTUAL=\"AD_2_00:20:d8:df:37:d3_001_000_009_000_001_ME_1\",RX_EXPECTED=\"\",RECONFIG=DISABLE,RX_RELIABILITY=RELIABLE,MECHANISM=IIH"
   "OC192-1-31-1:TYP-SH-SL-PRT,LINE:TX_VERSION=\"2\",TX_TAG=\"AD_2_80:17:7d:e7:d5:49_001_000_031_000_001_ME_1\",RX_VERSION=\"2\",RX_ACTUAL=\"AD_2_00:20:d8:df:37:c9_001_000_006_000_001_ME_1\",RX_EXPECTED=\"\",RECONFIG=DISABLE,RX_RELIABILITY=RELIABLE,MECHANISM=IIH"
;RTRV-FFP-OC192:"Nm001A_OME03":OC192-1-ALL:23;
IP 23
<

   "Nm001A_OME03" 12-12-29 15:45:09
M  23 COMPLD
;

   "Nm001A_OME03" 12-12-29 15:45:15
A  0000565614 REPT EVT ETH
   "ETH-1-2-3:T-UAS-E,TC,12-29,15-45-15,NEND,RCV,10,10,15-MIN:\"T-UAS-E\":0100000000-0000-0000,:YEAR=2012,MODE=NONE"
;<<RTRV-HDR keep alive sent>>
IP 24
<

   "Nm001A_OME03" 12-12-29 15:46:21
M  24 COMPLD
;

   "Nm001A_OME03" 12-12-29 15:46:53
A  0000565615 REPT EVT LOG
   "DATE=12-12-29,TIME=15-46-53:USERID=SNSCRIPT,PRIORITY=GEN_TL1_CMD,STATUS=COMPLD:ACT-USER:SNSCRIPT:1::::"
;

   "Nm001A_OME03" 12-12-29 15:46:53
A  0000565616 REPT EVT LOG
   "DATE=12-12-29,TIME=15-46-53:USERID=SNSCRIPT,PRIORITY=GEN_TL1_CMD,STATUS=COMPLD:CANC-USER:SNSCRIPT:1::::"
;<<RTRV-HDR keep alive sent>>
IP 25
<

   "Nm001A_OME03" 12-12-29 15:48:22
M  25 COMPLD
;

   "Nm001A_OME03" 12-12-29 15:49:00
A  0000565617 REPT EVT OC192
   "OC192-1-8-1:T-OPRN-OCH,TC,12-29,15-49-00,NEND,RCV,100,100,1-UNT:\"T-OPRN-OCH\":0100000000-0000-0000,:YEAR=2012,MODE=SDH"
;<<RTRV-HDR keep alive sent>>
IP 26
<

   "Nm001A_OME03" 12-12-29 15:50:22
M  26 COMPLD
;<<RTRV-HDR keep alive sent>>
IP 27
<

   "Nm001A_OME03" 12-12-29 15:52:22
M  27 COMPLD
;

   "Nm001A_OME03" 12-12-29 15:53:15
A  0000565618 REPT EVT OC192
   "OC192-1-8-1:T-OPRN-OCH,TC,12-29,15-53-15,NEND,RCV,100,100,1-UNT:\"T-OPRN-OCH\":0100000000-0000-0000,:YEAR=2012,MODE=SDH"
;

   "Nm001A_OME03" 12-12-29 15:53:33
A  0000565619 REPT EVT LOG
   "DATE=12-12-29,TIME=15-53-33:USERID=SNSCRIPT,PRIORITY=GEN_TL1_CMD,STATUS=COMPLD:ACT-USER:SNSCRIPT:1::::"
;

   "Nm001A_OME03" 12-12-29 15:53:34
A  0000565620 REPT EVT LOG
   "DATE=12-12-29,TIME=15-53-34:USERID=SNSCRIPT,PRIORITY=GEN_TL1_CMD,STATUS=COMPLD:CANC-USER:SNSCRIPT:1::::"
;<<RTRV-HDR keep alive sent>>
IP 28
<

   "Nm001A_OME03" 12-12-29 15:54:23
M  28 COMPLD
;

   "Nm001A_OME03" 12-12-29 15:55:45
A  0000565621 REPT EVT OC192
   "OC192-1-8-1:T-OPRN-OCH,TC,12-29,15-55-45,NEND,RCV,100,100,1-UNT:\"T-OPRN-OCH\":0100000000-0000-0000,:YEAR=2012,MODE=SDH"
;<<RTRV-HDR keep alive sent>>
IP 29
<

   "Nm001A_OME03" 12-12-29 15:56:23
M  29 COMPLD
;<<RTRV-HDR keep alive sent>>
IP 30
<

   "Nm001A_OME03" 12-12-29 15:58:24
M  30 COMPLD
;

   "Nm001A_OME03" 12-12-29 15:58:45
A  0000565622 REPT EVT OC192
   "OC192-1-8-1:T-OPRN-OCH,TC,12-29,15-58-45,NEND,RCV,100,100,1-UNT:\"T-OPRN-OCH\":0100000000-0000-0000,:YEAR=2012,MODE=SDH"
;

   "Nm001A_OME03" 12-12-29 16:00:15
A  0000565623 REPT EVT ETH
   "ETH-1-2-3:T-UAS-E,TC,12-29,16-00-15,NEND,RCV,10,10,15-MIN:\"T-UAS-E\":0100000000-0000-0000,:YEAR=2012,MODE=NONE"
;<<RTRV-HDR keep alive sent>>
IP 31
<

   "Nm001A_OME03" 12-12-29 16:00:25
M  31 COMPLD
;

   "Nm001A_OME03" 12-12-29 16:01:15
A  0000565624 REPT EVT OC192
   "OC192-1-8-1:T-OPRN-OCH,TC,12-29,16-01-15,NEND,RCV,100,100,1-UNT:\"T-OPRN-OCH\":0100000000-0000-0000,:YEAR=2012,MODE=SDH"
;

   "Nm001A_OME03" 12-12-29 16:01:53
A  0000565625 REPT EVT LOG
   "DATE=12-12-29,TIME=16-01-53:USERID=SNSCRIPT,PRIORITY=GEN_TL1_CMD,STATUS=COMPLD:ACT-USER:SNSCRIPT:1::::"
;

   "Nm001A_OME03" 12-12-29 16:01:53
A  0000565626 REPT EVT LOG
   "DATE=12-12-29,TIME=16-01-53:USERID=SNSCRIPT,PRIORITY=GEN_TL1_CMD,STATUS=COMPLD:CANC-USER:SNSCRIPT:1::::"
;<<RTRV-HDR keep alive sent>>
IP 32
<

   "Nm001A_OME03" 12-12-29 16:02:25
M  32 COMPLD
;<<RTRV-HDR keep alive sent>>
IP 33
<

   "Nm001A_OME03" 12-12-29 16:04:26
M  33 COMPLD
;

   "Nm001A_OME03" 12-12-29 16:04:59
A  0000565627 REPT EVT WAN
   "WAN-1-17-3:T-UTLMX-W,TC,12-29,16-04-59,NEND,RCV,100,100,15-MIN:\"T-UTLMX-W\":0100000000-0000-0000,:YEAR=2012,MODE=NONE"
;<<RTRV-HDR keep alive sent>>
IP 34
<

   "Nm001A_OME03" 12-12-29 16:06:26
M  34 COMPLD
;<<RTRV-HDR keep alive sent>>
IP 35
<

   "Nm001A_OME03" 12-12-29 16:08:27
M  35 COMPLD
;<<RTRV-HDR keep alive sent>>
IP 36
<

   "Nm001A_OME03" 12-12-29 16:10:27
M  36 COMPLD
;<<RTRV-HDR keep alive sent>>
IP 37
<

   "Nm001A_OME03" 12-12-29 16:12:27
M  37 COMPLD
;<<RTRV-HDR keep alive sent>>
IP 38
<

   "Nm001A_OME03" 12-12-29 16:14:28
M  38 COMPLD
;

   "Nm001A_OME03" 12-12-29 16:15:14
A  0000565628 REPT EVT ETH
   "ETH-1-2-3:T-UAS-E,TC,12-29,16-15-14,NEND,RCV,10,10,15-MIN:\"T-UAS-E\":0100000000-0000-0000,:YEAR=2012,MODE=NONE"
;

   "Nm001A_OME03" 12-12-29 16:15:14
A  0000565629 REPT EVT OC192
   "OC192-1-8-1:T-OPRN-OCH,TC,12-29,16-15-14,NEND,RCV,100,100,1-UNT:\"T-OPRN-OCH\":0100000000-0000-0000,:YEAR=2012,MODE=SDH"
;

   "Nm001A_OME03" 12-12-29 16:15:39
A  0000565630 REPT EVT LOG
   "DATE=12-12-29,TIME=16-15-39:USERID=SNSCRIPT,PRIORITY=GEN_TL1_CMD,STATUS=COMPLD:ACT-USER:SNSCRIPT:1::::"
;

   "Nm001A_OME03" 12-12-29 16:15:40
A  0000565631 REPT EVT LOG
   "DATE=12-12-29,TIME=16-15-40:USERID=SNSCRIPT,PRIORITY=GEN_TL1_CMD,STATUS=COMPLD:CANC-USER:SNSCRIPT:1::::"
;<<RTRV-HDR keep alive sent>>
IP 39
<

   "Nm001A_OME03" 12-12-29 16:16:28
M  39 COMPLD
;

   "Nm001A_OME03" 12-12-29 16:16:53
A  0000565632 REPT EVT LOG
   "DATE=12-12-29,TIME=16-16-53:USERID=SNSCRIPT,PRIORITY=GEN_TL1_CMD,STATUS=COMPLD:ACT-USER:SNSCRIPT:1::::"
;

   "Nm001A_OME03" 12-12-29 16:16:53
A  0000565633 REPT EVT LOG
   "DATE=12-12-29,TIME=16-16-53:USERID=SNSCRIPT,PRIORITY=GEN_TL1_CMD,STATUS=COMPLD:CANC-USER:SNSCRIPT:1::::"
;<<RTRV-HDR keep alive sent>>
IP 40
<

   "Nm001A_OME03" 12-12-29 16:18:28
M  40 COMPLD
;

   "Nm001A_OME03" 12-12-29 16:19:29
A  0000565634 REPT EVT OC192
   "OC192-1-8-1:T-OPRN-OCH,TC,12-29,16-19-29,NEND,RCV,100,100,1-UNT:\"T-OPRN-OCH\":0100000000-0000-0000,:YEAR=2012,MODE=SDH"
;<<RTRV-HDR keep alive sent>>
IP 41
<

   "Nm001A_OME03" 12-12-29 16:20:29
M  41 COMPLD
;

   "Nm001A_OME03" 12-12-29 16:21:29
A  0000565635 REPT EVT OC192
   "OC192-1-8-1:T-OPRN-OCH,TC,12-29,16-21-29,NEND,RCV,100,100,1-UNT:\"T-OPRN-OCH\":0100000000-0000-0000,:YEAR=2012,MODE=SDH"
;<<RTRV-HDR keep alive sent>>
IP 42
<

   "Nm001A_OME03" 12-12-29 16:22:29
M  42 COMPLD
;<<RTRV-HDR keep alive sent>>
IP 43
<

   "Nm001A_OME03" 12-12-29 16:24:29
M  43 COMPLD
;<<RTRV-HDR keep alive sent>>
IP 44
<

   "Nm001A_OME03" 12-12-29 16:26:30
M  44 COMPLD
;

   "Nm001A_OME03" 12-12-29 16:27:59
A  0000565636 REPT EVT OC192
   "OC192-1-8-1:T-OPRN-OCH,TC,12-29,16-27-59,NEND,RCV,100,100,1-UNT:\"T-OPRN-OCH\":0100000000-0000-0000,:YEAR=2012,MODE=SDH"
;<<RTRV-HDR keep alive sent>>
IP 45
<

   "Nm001A_OME03" 12-12-29 16:28:30
M  45 COMPLD
;

   "Nm001A_OME03" 12-12-29 16:29:44
A  0000565637 REPT EVT OC192
   "OC192-1-8-1:T-OPRN-OCH,TC,12-29,16-29-44,NEND,RCV,100,100,1-UNT:\"T-OPRN-OCH\":0100000000-0000-0000,:YEAR=2012,MODE=SDH"
;

   "Nm001A_OME03" 12-12-29 16:30:14
A  0000565638 REPT EVT ETH
   "ETH-1-2-3:T-UAS-E,TC,12-29,16-30-14,NEND,RCV,10,10,15-MIN:\"T-UAS-E\":0100000000-0000-0000,:YEAR=2012,MODE=NONE"
;<<RTRV-HDR keep alive sent>>
IP 46
<

   "Nm001A_OME03" 12-12-29 16:30:30
M  46 COMPLD
;

   "Nm001A_OME03" 12-12-29 16:31:44
A  0000565639 REPT EVT OC192
   "OC192-1-8-1:T-OPRN-OCH,TC,12-29,16-31-44,NEND,RCV,100,100,1-UNT:\"T-OPRN-OCH\":0100000000-0000-0000,:YEAR=2012,MODE=SDH"
;

   "Nm001A_OME03" 12-12-29 16:31:54
A  0000565640 REPT EVT LOG
   "DATE=12-12-29,TIME=16-31-54:USERID=SNSCRIPT,PRIORITY=GEN_TL1_CMD,STATUS=COMPLD:ACT-USER:SNSCRIPT:1::::"
;

   "Nm001A_OME03" 12-12-29 16:31:54
A  0000565641 REPT EVT LOG
   "DATE=12-12-29,TIME=16-31-54:USERID=SNSCRIPT,PRIORITY=GEN_TL1_CMD,STATUS=COMPLD:CANC-USER:SNSCRIPT:1::::"
;<<RTRV-HDR keep alive sent>>
IP 47
<

   "Nm001A_OME03" 12-12-29 16:32:31
M  47 COMPLD
;<<RTRV-HDR keep alive sent>>
IP 48
<

   "Nm001A_OME03" 12-12-29 16:34:31
M  48 COMPLD
;

   "Nm001A_OME03" 12-12-29 16:35:59
A  0000565642 REPT EVT OC192
   "OC192-1-8-1:T-OPRN-OCH,TC,12-29,16-35-59,NEND,RCV,100,100,1-UNT:\"T-OPRN-OCH\":0100000000-0000-0000,:YEAR=2012,MODE=SDH"
;

   "Nm001A_OME03" 12-12-29 16:36:09
A  0000565643 REPT EVT LOG
   "DATE=12-12-29,TIME=16-36-09:USERID=OMEAMAN,PRIORITY=GEN_TL1_CMD,STATUS=COMPLD:ACT-USER:OMEAMAN:3::::"
;

   "Nm001A_OME03" 12-12-29 16:36:10
A  0000565644 REPT EVT LOG
   "DATE=12-12-29,TIME=16-36-10:USERID=OMEAMAN,PRIORITY=GEN_TL1_CMD,STATUS=COMPLD:CANC-USER:OMEAMAN:9::::"
;

   "Nm001A_OME03" 12-12-29 16:36:11
A  0000565645 REPT EVT LOG
   "DATE=12-12-29,TIME=16-36-11:USERID=OMEAMAN,PRIORITY=GEN_TL1_CMD,STATUS=COMPLD:ACT-USER:OMEAMAN:2::::"
;

   "Nm001A_OME03" 12-12-29 16:36:12
A  0000565646 REPT EVT LOG
   "DATE=12-12-29,TIME=16-36-12:USERID=OMEAMAN,PRIORITY=GEN_TL1_CMD,STATUS=COMPLD:RTRV-ATTR-CSA::8::::"
;

   "Nm001A_OME03" 12-12-29 16:36:19
A  0000565647 REPT EVT LOG
   "DATE=12-12-29,TIME=16-36-19:USERID=OMEAMAN,PRIORITY=GEN_TL1_CMD,STATUS=COMPLD:ACT-USER:OMEAMAN:3::::"
;

   "Nm001A_OME03" 12-12-29 16:36:20
A  0000565648 REPT EVT LOG
   "DATE=12-12-29,TIME=16-36-20:USERID=OMEAMAN,PRIORITY=GEN_TL1_CMD,STATUS=COMPLD:CANC-USER:OMEAMAN:9::::"
;

   "Nm001A_OME03" 12-12-29 16:36:22
A  0000565649 REPT EVT LOG
   "DATE=12-12-29,TIME=16-36-22:USERID=OMEAMAN,PRIORITY=GEN_TL1_CMD,STATUS=COMPLD:ACT-USER:OMEAMAN:2::::"
;

   "Nm001A_OME03" 12-12-29 16:36:23
A  0000565650 REPT EVT LOG
   "DATE=12-12-29,TIME=16-36-23:USERID=OMEAMAN,PRIORITY=GEN_TL1_CMD,STATUS=COMPLD:RTRV-ATTR-CSA::8::::"
;

   "Nm001A_OME03" 12-12-29 16:36:26
A  0000565651 REPT DBCHG
   "DBCHGSEQ=4644,DATE=12-12-29,TIME=16-36-26,USERID=OMEAMAN,SOURCE=19,PRIORITY=GEN_TL1_CMD:ED-TOD-MODE:::SYNC=INACTIVE:"
;

   "Nm001A_OME03" 12-12-29 16:36:27
A  0000565652 REPT DBCHG
   "DBCHGSEQ=4645,DATE=12-12-29,TIME=16-36-27,USERID=OMEAMAN,SOURCE=20,PRIORITY=GEN_TL1_CMD:SET-TOD-SER:::SERADDRESS1=145.145.65.25,SERADDRESS2=,SERADDRESS3=,SERADDRESS4=,SERADDRESS5=:"
;

   "Nm001A_OME03" 12-12-29 16:36:28
A  0000565653 REPT DBCHG
   "DBCHGSEQ=4646,DATE=12-12-29,TIME=16-36-28,USERID=OMEAMAN,SOURCE=21,PRIORITY=GEN_TL1_CMD:ED-DAT::12-12-29,16-36-28::"
;

   "Nm001A_OME03" 12-12-29 16:36:28
A  0000565654 REPT DBCHG
   "DBCHGSEQ=4647,DATE=12-12-29,TIME=16-36-28,USERID=OMEAMAN,SOURCE=22,PRIORITY=GEN_TL1_CMD:ED-TOD-MODE:::SYNC=ACTIVE,POLLINGINTERVAL=1440:"
;<<RTRV-HDR keep alive sent>>
IP 49
<

   "Nm001A_OME03" 12-12-29 16:36:32
M  49 COMPLD
;

   "Nm001A_OME03" 12-12-29 16:37:44
A  0000565655 REPT EVT OC192
   "OC192-1-8-1:T-OPRN-OCH,TC,12-29,16-37-44,NEND,RCV,100,100,1-UNT:\"T-OPRN-OCH\":0100000000-0000-0000,:YEAR=2012,MODE=SDH"
;

   "Nm001A_OME03" 12-12-29 16:37:59
A  0000565656 REPT EVT WAN
   "WAN-1-17-3:T-UTLMX-W,TC,12-29,16-37-59,NEND,RCV,100,100,15-MIN:\"T-UTLMX-W\":0100000000-0000-0000,:YEAR=2012,MODE=NONE"
;<<RTRV-HDR keep alive sent>>
IP 50
<

   "Nm001A_OME03" 12-12-29 16:38:32
M  50 COMPLD
;

   "Nm001A_OME03" 12-12-29 16:40:14
A  0000565657 REPT EVT OC192
   "OC192-1-8-1:T-OPRN-OCH,TC,12-29,16-40-14,NEND,RCV,100,100,1-UNT:\"T-OPRN-OCH\":0100000000-0000-0000,:YEAR=2012,MODE=SDH"
;<<RTRV-HDR keep alive sent>>
IP 51
<

   "Nm001A_OME03" 12-12-29 16:40:32
M  51 COMPLD
;<<RTRV-HDR keep alive sent>>
IP 52
<

   "Nm001A_OME03" 12-12-29 16:42:33
M  52 COMPLD
;

   "Nm001A_OME03" 12-12-29 16:42:44
A  0000565658 REPT EVT OC192
   "OC192-1-8-1:T-OPRN-OCH,TC,12-29,16-42-44,NEND,RCV,100,100,1-UNT:\"T-OPRN-OCH\":0100000000-0000-0000,:YEAR=2012,MODE=SDH"
;<<RTRV-HDR keep alive sent>>
IP 53
<

   "Nm001A_OME03" 12-12-29 16:44:34
M  53 COMPLD
;

   "Nm001A_OME03" 12-12-29 16:44:44
A  0000565659 REPT EVT OC192
   "OC192-1-8-1:T-OPRN-OCH,TC,12-29,16-44-44,NEND,RCV,100,100,1-UNT:\"T-OPRN-OCH\":0100000000-0000-0000,:YEAR=2012,MODE=SDH"
;

   "Nm001A_OME03" 12-12-29 16:45:14
A  0000565660 REPT EVT ETH
   "ETH-1-2-3:T-UAS-E,TC,12-29,16-45-14,NEND,RCV,10,10,15-MIN:\"T-UAS-E\":0100000000-0000-0000,:YEAR=2012,MODE=NONE"
;<<RTRV-HDR keep alive sent>>
IP 54
<

   "Nm001A_OME03" 12-12-29 16:46:34
M  54 COMPLD
;

   "Nm001A_OME03" 12-12-29 16:46:57
A  0000565661 REPT EVT LOG
   "DATE=12-12-29,TIME=16-46-57:USERID=SNSCRIPT,PRIORITY=GEN_TL1_CMD,STATUS=COMPLD:ACT-USER:SNSCRIPT:1::::"
;

   "Nm001A_OME03" 12-12-29 16:46:57
A  0000565662 REPT EVT LOG
   "DATE=12-12-29,TIME=16-46-57:USERID=SNSCRIPT,PRIORITY=GEN_TL1_CMD,STATUS=COMPLD:CANC-USER:SNSCRIPT:1::::"
;

   "Nm001A_OME03" 12-12-29 16:48:14
A  0000565663 REPT EVT OC192
   "OC192-1-8-1:T-OPRN-OCH,TC,12-29,16-48-14,NEND,RCV,100,100,1-UNT:\"T-OPRN-OCH\":0100000000-0000-0000,:YEAR=2012,MODE=SDH"
;<<RTRV-HDR keep alive sent>>
IP 55
<

   "Nm001A_OME03" 12-12-29 16:48:34
M  55 COMPLD
;<<RTRV-HDR keep alive sent>>
IP 56
<

   "Nm001A_OME03" 12-12-29 16:50:35
M  56 COMPLD
;

   "Nm001A_OME03" 12-12-29 16:51:29
A  0000565664 REPT EVT OC192
   "OC192-1-8-1:T-OPRN-OCH,TC,12-29,16-51-29,NEND,RCV,100,100,1-UNT:\"T-OPRN-OCH\":0100000000-0000-0000,:YEAR=2012,MODE=SDH"
;<<RTRV-HDR keep alive sent>>
IP 57
<

   "Nm001A_OME03" 12-12-29 16:52:35
M  57 COMPLD
;

   "Nm001A_OME03" 12-12-29 16:53:59
A  0000565665 REPT EVT OC192
   "OC192-1-8-1:T-OPRN-OCH,TC,12-29,16-53-59,NEND,RCV,100,100,1-UNT:\"T-OPRN-OCH\":0100000000-0000-0000,:YEAR=2012,MODE=SDH"
;<<RTRV-HDR keep alive sent>>
IP 58
<

   "Nm001A_OME03" 12-12-29 16:54:35
M  58 COMPLD
;<<RTRV-HDR keep alive sent>>
IP 59
<

   "Nm001A_OME03" 12-12-29 16:56:36
M  59 COMPLD
;

   "Nm001A_OME03" 12-12-29 16:56:44
A  0000565666 REPT EVT OC192
   "OC192-1-8-1:T-OPRN-OCH,TC,12-29,16-56-44,NEND,RCV,100,100,1-UNT:\"T-OPRN-OCH\":0100000000-0000-0000,:YEAR=2012,MODE=SDH"
;