***** (re)Starting logger at Mon Mar 29 15:07:23 EDT 2010*****


**** TL1 session opened at Mon Mar 29 15:07:23 EDT 2010 ****


??????<<RTRV-HDR keep alive sent>>


WARNING! This computer system and network is PRIVATE and PROPRIETARY of [com
pany name] and may only be accesses by authorized users.  Unauthorized use 
of this computer system or network is strictly prohibited and may be subjec
t to criminal prosecution, employee discipline up to and including discharg
e, or the termination of the vendor/service contracts.  The owner, or its a
gents, may monitor any activity or communication on the computer system or 
NETWORK.

------------ (c) 2000 - 2009 Nortel Networks. All Rights Reserved ----------
|  NOTICE: This is a private computer system.                              |
|  Unauthorized access or use may lead to prosecution.                     |
|                                                                          |
|  NORTEL Optical Multiservice Edge 6500 REARELEC                          |
----------------------------------------------------------------------------

/*
 * Starting Interactive TL1 Command Mode.
 * Type ? for help while constructing TL1 commands.
 * Type .? for specific parameter/keyword help.
 */


IP 2
<

   OME0039 10-03-29 19:05:07
M  2 DENY
   PLNA
   /*Privilege, Login Not Active*/
;<<ACT-USER sent, password hidden>>
IP 3
<

   OME0039 10-03-29 19:05:07
M  3 COMPLD
;RTRV-NETYPE:OME0039::4;
IP 4
<

   OME0039 10-03-29 19:05:08
M  4 COMPLD
   "NORTEL,\"Optical Multiservice Edge 6500 REARELEC\",OCP,\"REL0600Z.PK\""
;RTRV-SW-VER:OME0039::5;
IP 5
<

   OME0039 10-03-29 19:05:08
M  5 COMPLD
   "SHELF-1:REL0600Z.PK"
;RTRV-RTG-INFO:OME0039::6:::NAME="OME0039";
IP 6
<

   OME0039 10-03-29 19:05:08
M  6 COMPLD
   "SHELF-1::,\"OME0039\",0021E1D6D670,00001600,YES"
;RTRV-SYS:OME0039::7;
IP 7
<

   OME0039 10-03-29 19:05:08
M  7 COMPLD
   "ALMHO=2.5,ALMCORR=OFF,BAYFICINAO=FALSE,LINEPEVSTAT=MAN&AUTO,GCC0MODE=DISABLED,GCC1MODE=DISABLED,PATHSDTH=6,PATHEBERTH=3,PATHSWCRIT=AIS&LOP&UNEQ&EBER&SD,PTHAISINSERT=AIS&LOP,PATHPEVSTAT=MAN,PROVCURRENT=40,EQPTCURRENT=40,ACTUALPOWER=528,MONITORFAN=ENABLED,MINCOOLING=HIGHFLOW,ACTUALCOOLING=LOWFLOW,LASEROFFFARENDFAIL=DISABLED,NEMODE=SONET,FILLERMGMT=ENABLED,CSFMCASTMAC=0180c2880001,BITSMODE=SONET,ETHSDTH=1,ETHEERTH=20,FCSDTH=1,FCEERTH=20,WANFRSDTH=1,WANFREERTH=20,WANTRSDTH=1,WANTREERTH=20,ETHGFPRFI=ENABLED,ETHGFPRFIUPI=128,OSCMODE=OSPF"
;ALW-MSG-BROADCAST:OME0039:ALL:8;
IP 8
<

   OME0039 10-03-29 19:05:08
M  8 COMPLD
;RTRV-OC3:OME0039:OC3-1-ALL:9;
IP 9
<

   OME0039 10-03-29 19:05:08
M  9 COMPLD
;RTRV-OC12:OME0039:OC12-1-ALL:10;
IP 10
<

   OME0039 10-03-29 19:05:08
M  10 COMPLD
   "OC12-1-11-1::TMGREF=N,DCC=Y,,SDTH=6,,,,,ALS=DISABLED,DUSOVERRIDE=DISABLED,EBERTH=3,PORTMODE=SONET,UNEQMODE=STS1,,:OOS-AU,FLT&DISCD"
   "OC12-1-12-1::TMGREF=N,DCC=Y,,SDTH=6,,,,,ALS=DISABLED,DUSOVERRIDE=DISABLED,EBERTH=3,PORTMODE=SONET,UNEQMODE=STS1,,:IS,DISCD"
;RTRV-OC48:OME0039:OC48-1-ALL:11;
IP 11
<

   OME0039 10-03-29 19:05:08
M  11 COMPLD
   "OC48-1-5-1::TMGREF=N,DCC=N,,SDTH=6,,,,,ALS=DISABLED,DUSOVERRIDE=DISABLED,EBERTH=3,PORTMODE=SONET,UNEQMODE=STS1,,:OOS-AU,FLT&DISCD"
;RTRV-OC192:OME0039:OC192-1-ALL:12;
IP 12
<

   OME0039 10-03-29 19:05:08
M  12 COMPLD
   "OC192-1-9-1::TMGREF=N,DCC=N,,SDTH=6,,,,,ALS=DISABLED,DUSOVERRIDE=DISABLED,EBERTH=3,PORTMODE=SONET,UNEQMODE=STS1,,:OOS-AU,FLT&DISCD"
;RTRV-EQPT:OME0039:ALL:13;
IP 13
<

   OME0039 10-03-29 19:05:09
M  13 COMPLD
   "GE-1-1::PROVPEC=NTK535LA,CTYPE=\"4xGbE/GFP/p-p Optical\",PEC=NTK535LA,REL=07  ,CLEI=WMOTAJ4JAE,SER=NNTMH1M103GH3,MDAT=2010-06,AGE=00-005-05-08,ONSC=00-005-05-08:IS,ACT"
   "PGEFC-1-1-1::PROVPEC=NTTP01AF,CTYPE=\"GE SX/FC100 Mx 850nm LC SFP\":OOS-AU,UEQ"
   "PGEFC-1-1-2::PROVPEC=NTTP01AF,CTYPE=\"GE SX/FC100 Mx 850nm LC SFP\":OOS-AU,UEQ"
   "PGEFC-1-1-3::PROVPEC=NTTP01AF,CTYPE=\"GE SX/FC100 Mx 850nm LC SFP\":OOS-AU,UEQ"
   "PGEFC-1-1-4::PROVPEC=NTTP01AF,CTYPE=\"GE SX/FC100 Mx 850nm LC SFP\":OOS-AUMA,UEQ"
   "GE-1-3::PROVPEC=NTK535LA,CTYPE=\"4xGbE/GFP/p-p Optical\":OOS-AUMA,UEQ"
   "PGEFC-1-3-1::PROVPEC=NTTP01AF,CTYPE=\"GE SX/FC100 Mx 850nm LC SFP\":OOS-AUMA,UEQ"
   "PGEFC-1-3-2::PROVPEC=NTK591LB,CTYPE=\"Trcvr,1.25Gb/s,24dB,CWDM,1471nm\":OOS-AUMA,UEQ"
   "2G5-1-5::PROVPEC=NTK519BA,CTYPE=\"2x OC-48/STM-16 STS-1/HO DPO\",PEC=NTK519BA,REL= 01 ,CLEI=,SER=,MDAT=0-00,AGE=04-100-21-41,ONSC=00-027-21-56:IS,IDLE"
   "P2G5-1-5-1::PROVPEC=NTK580DA,CTYPE=\"Trcvr,2.5Gb/s,175km,1557.36nm,DWDM\",PEC=NTK580DA,REL=,CLEI=WMOTAMYJAA,SER=NNTM72MG107413  :IS,IDLE"
>

   OME0039 10-03-29 19:05:09
M  13 COMPLD
   "XC-1-7::PROVPEC=NTK557BA,CTYPE=\"X-CONN 160G+ STS-1/VC-3 SYNC-ST3\",PEC=NTK557BA,REL= 11 ,CLEI=WMIXCE0BAG,SER=NNTMH1Q102R46,MDAT=2008-36,AGE=00-159-23-35,ONSC=00-027-21-57:IS,WRKTRAF&WRKSYNC"
   "XC-1-8::PROVPEC=NTK557BA,CTYPE=\"X-CONN 160G+ STS-1/VC-3 SYNC-ST3\",PEC=NTK557BA,REL= 10 ,CLEI=WMIXCE0BAF,SER=NNTMH1Y1027YG,MDAT=2009-19,AGE=00-271-01-33,ONSC=00-027-21-58:IS,STBYH"
   "10G-1-9::PROVPEC=NTK524DA,CTYPE=\"1xOC-192/STM-64 VT1.5/LO IR2/S64.2\",PEC=NTK524DA,REL= 07 ,CLEI=WMOTAHAJAB,SER=NNTMH8T002XO4,MDAT=2007-27,AGE=01-301-06-13,ONSC=00-027-21-57:IS,IDLE"
   "155622M-1-11::PROVPEC=NTK513DA,CTYPE=\"8x OC-3/12/STM-1/4 VT1.5/LO SFP\",PEC=NTK513DA,REL=08  ,CLEI=WMOTAHYJAD,SER=NNTMH1Y100VZX,MDAT=2008-09,AGE=01-300-18-28,ONSC=00-020-17-06:IS,IDLE"
   "P155622M-1-11-1::PROVPEC=NTTP04CF,CTYPE=\"OC-3/12/STM-1/4 IR-1/S-1.1_S-4.1 1310nm SFP\",PEC=NTTP04CF,REL=01,CLEI=WMOTAJCJAA,SER=EXLGJPC350040069:IS,IDLE"
   "155622M-1-12::PROVPEC=NTK513DA,CTYPE=\"8x OC-3/12/STM-1/4 VT1.5/LO SFP\",PEC=NTK513DA,REL=08  ,CLEI=WMOTAHYJAD,SER=NNTMH1I100W1I,MDAT=2008-09,AGE=01-300-18-08,ONSC=00-020-17-06:IS,IDLE"
   "P155622M-1-12-1::PROVPEC=NTTP04CF,CTYPE=\"OC-3/12/STM-1/4 IR-1/S-1.1_S-4.1 1310nm SFP\",PEC=NTTP04CF,REL=01,CLEI=WMOTAJCJAA,SER=EXLGJPC7E6540203:IS,IDLE"
   "20GL2SS-1-13::PROVPEC=NTK531HA,CTYPE=\"20G L2SS 16 Port I/O 2xXFP 8xSFP\",MAPMODE=AU3_VT15,WANCONFIG=8HI56LOCAP,CARRIER1=NONE,CARRIER2=NONE:OOS-AU,UEQ"
   "P10GEL-1-13-1::PROVPEC=NTTP81AA,CTYPE=\"10GBASE-SR/SW, 850 nm, XFP, 0/70C, LC, MSA\":OOS-AU,UEQ"
   "P10GEL-1-13-2::PROVPEC=NTTP81AA,CTYPE=\"10GBASE-SR/SW, 850 nm, XFP, 0/70C, LC, MSA\":OOS-AU,UEQ"
>

   OME0039 10-03-29 19:05:09
M  13 COMPLD
   "PGEFC-1-13-4::PROVPEC=NTTP01AF,CTYPE=\"GE SX/FC100 Mx 850nm LC SFP\":OOS-AU,UEQ"
   "SP-1-15::PROVPEC=NTK555AB,CTYPE=\"Processor SP with I2C support\",PEC=NTK555AB,REL= 01 ,CLEI=WMUCA2MAAA,SER=NNTMH1Y102JP0,MDAT=2008-32,AGE=00-189-07-39,ONSC=00-020-19-28:IS,"
;RTRV-WAN:OME0039:WAN-1-ALL:14;
IP 14
<

   OME0039 10-03-29 19:05:11
M  14 COMPLD
   "WAN-1-1-1::MAPPING=GFP-F,RATE=STS3C,VCAT=DISABLE,LCAS=DISABLE,PROVUNITS=1,ACTUALUNITS=1,MAGICNUM=DISABLE,LCM=DISABLE,NCP=NONE,MODE=SONET,FCS=32,SCRAMBLE=ENABLE,LANFCS=ENABLE,RTDELAY=UNKNOWN,CONDTYPE=GFPCMF,GFPRFI=ENABLE,PROVRXUNITS=1,GFPRTDELAY=ENABLE,MAXVCDEL=14000,CURRVCDEL=0,ACTUALRXUNITS=1:OOS-MA"
   "WAN-1-1-2::MAPPING=GFP-F,RATE=STS3C,VCAT=DISABLE,LCAS=DISABLE,PROVUNITS=1,ACTUALUNITS=1,MAGICNUM=DISABLE,LCM=DISABLE,NCP=NONE,MODE=SONET,FCS=32,SCRAMBLE=ENABLE,LANFCS=ENABLE,RTDELAY=UNKNOWN,CONDTYPE=GFPCMF,GFPRFI=ENABLE,PROVRXUNITS=1,GFPRTDELAY=ENABLE,MAXVCDEL=14000,CURRVCDEL=0,ACTUALRXUNITS=1:OOS-MA"
   "WAN-1-1-3::MAPPING=GFP-F,RATE=STS3C,VCAT=DISABLE,LCAS=DISABLE,PROVUNITS=1,ACTUALUNITS=UNKNOWN,MAGICNUM=DISABLE,LCM=DISABLE,NCP=NONE,MODE=SONET,FCS=32,SCRAMBLE=ENABLE,LANFCS=ENABLE,RTDELAY=UNKNOWN,CONDTYPE=GFPCMF,GFPRFI=ENABLE,PROVRXUNITS=1,GFPRTDELAY=ENABLE,MAXVCDEL=UNKNOWN,CURRVCDEL=UNKNOWN,ACTUALRXUNITS=UNKNOWN:OOS-MA"
   "WAN-1-1-4::MAPPING=GFP-F,RATE=STS3C,VCAT=DISABLE,LCAS=DISABLE,PROVUNITS=1,ACTUALUNITS=UNKNOWN,MAGICNUM=DISABLE,LCM=DISABLE,NCP=NONE,MODE=SONET,FCS=32,SCRAMBLE=ENABLE,LANFCS=ENABLE,RTDELAY=UNKNOWN,CONDTYPE=GFPCMF,GFPRFI=ENABLE,PROVRXUNITS=1,GFPRTDELAY=ENABLE,MAXVCDEL=UNKNOWN,CURRVCDEL=UNKNOWN,ACTUALRXUNITS=UNKNOWN:OOS-MA"
   "WAN-1-3-1::MAPPING=GFP-F,RATE=STS3C,VCAT=ENABLE,LCAS=DISABLE,PROVUNITS=1,ACTUALUNITS=UNKNOWN,MAGICNUM=DISABLE,LCM=DISABLE,NCP=NONE,MODE=SONET,FCS=32,SCRAMBLE=ENABLE,LANFCS=ENABLE,RTDELAY=UNKNOWN,CONDTYPE=GFPCMF,GFPRFI=ENABLE,PROVRXUNITS=1,GFPRTDELAY=ENABLE,MAXVCDEL=UNKNOWN,CURRVCDEL=UNKNOWN,ACTUALRXUNITS=UNKNOWN:OOS-AUMA,SGEO"
>

   OME0039 10-03-29 19:05:11
M  14 COMPLD
   "WAN-1-3-2::MAPPING=GFP-F,RATE=NONE,VCAT=ENABLE,LCAS=DISABLE,PROVUNITS=0,ACTUALUNITS=UNKNOWN,MAGICNUM=DISABLE,LCM=DISABLE,NCP=NONE,MODE=SONET,FCS=32,SCRAMBLE=ENABLE,LANFCS=ENABLE,RTDELAY=UNKNOWN,CONDTYPE=GFPCMF,GFPRFI=ENABLE,PROVRXUNITS=0,GFPRTDELAY=ENABLE,MAXVCDEL=UNKNOWN,CURRVCDEL=UNKNOWN,ACTUALRXUNITS=UNKNOWN:OOS-AUMA,SGEO&DISCD"
;RTRV-ETH:OME0039:ETH-1-ALL:15;
IP 15
<

   OME0039 10-03-29 19:05:13
M  15 COMPLD
   "ETH-1-1-1::AN=ENABLE,ANSTATUS=INPROGRESS,ANETHDPX=UNKNOWN,ANSPEED=UNKNOWN,ANPAUSETX=UNKNOWN,ANPAUSERX=UNKNOWN,ADVETHDPX=UNKNOWN,ADVSPEED=UNKNOWN,ADVFLOWCTRL=UNKNOWN,ETHDPX=FULL,SPEED=1000,FLOWCTRL=ASYM,PAUSETX=ENABLE,PAUSERX=DISABLE,PAUSERXOVERRIDE=ENABLE,MTU=1600,TXCON=ENABLE,PASSCTRL=DISABLE,PAUSETXOVERRIDE=DISABLE,RXIDLE=0,CFPRF=CFPRF-1-4,PHYSADDR=0025C3BE484B:OOS-AUMA,SGEO"
   "ETH-1-1-2::AN=ENABLE,ANSTATUS=UNKNOWN,ANETHDPX=UNKNOWN,ANSPEED=UNKNOWN,ANPAUSETX=UNKNOWN,ANPAUSERX=UNKNOWN,ADVETHDPX=UNKNOWN,ADVSPEED=UNKNOWN,ADVFLOWCTRL=UNKNOWN,ETHDPX=FULL,SPEED=1000,FLOWCTRL=ASYM,PAUSETX=ENABLE,PAUSERX=DISABLE,PAUSERXOVERRIDE=ENABLE,MTU=1600,TXCON=ENABLE,PASSCTRL=DISABLE,PAUSETXOVERRIDE=DISABLE,RXIDLE=0,CFPRF=CFPRF-1-4,PHYSADDR=UNKNOWN:OOS-AUMA,SGEO"
   "ETH-1-1-3::AN=ENABLE,ANSTATUS=UNKNOWN,ANETHDPX=UNKNOWN,ANSPEED=UNKNOWN,ANPAUSETX=UNKNOWN,ANPAUSERX=UNKNOWN,ADVETHDPX=UNKNOWN,ADVSPEED=UNKNOWN,ADVFLOWCTRL=UNKNOWN,ETHDPX=FULL,SPEED=1000,FLOWCTRL=ASYM,PAUSETX=ENABLE,PAUSERX=DISABLE,PAUSERXOVERRIDE=ENABLE,MTU=1600,TXCON=ENABLE,PASSCTRL=DISABLE,PAUSETXOVERRIDE=DISABLE,RXIDLE=0,CFPRF=CFPRF-1-4,PHYSADDR=UNKNOWN:OOS-AUMA,SGEO"
   "ETH-1-1-4::AN=ENABLE,ANSTATUS=UNKNOWN,ANETHDPX=UNKNOWN,ANSPEED=UNKNOWN,ANPAUSETX=UNKNOWN,ANPAUSERX=UNKNOWN,ADVETHDPX=UNKNOWN,ADVSPEED=UNKNOWN,ADVFLOWCTRL=UNKNOWN,ETHDPX=FULL,SPEED=1000,FLOWCTRL=ASYM,PAUSETX=ENABLE,PAUSERX=DISABLE,PAUSERXOVERRIDE=ENABLE,MTU=1600,TXCON=ENABLE,PASSCTRL=DISABLE,PAUSETXOVERRIDE=DISABLE,RXIDLE=0,CFPRF=CFPRF-1-4,PHYSADDR=UNKNOWN:OOS-AUMA,SGEO"
   "ETH-1-3-1::AN=ENABLE,ANSTATUS=UNKNOWN,ANETHDPX=UNKNOWN,ANSPEED=UNKNOWN,ANPAUSETX=UNKNOWN,ANPAUSERX=UNKNOWN,ADVETHDPX=UNKNOWN,ADVSPEED=UNKNOWN,ADVFLOWCTRL=UNKNOWN,ETHDPX=FULL,SPEED=1000,FLOWCTRL=ASYM,PAUSETX=ENABLE,PAUSERX=DISABLE,PAUSERXOVERRIDE=ENABLE,MTU=1600,TXCON=ENABLE,PASSCTRL=DISABLE,PAUSETXOVERRIDE=DISABLE,RXIDLE=0,CFPRF=CFPRF-1-4,PHYSADDR=UNKNOWN:OOS-AUMA,SGEO"
>

   OME0039 10-03-29 19:05:13
M  15 COMPLD
   "ETH-1-3-2::AN=ENABLE,ANSTATUS=UNKNOWN,ANETHDPX=UNKNOWN,ANSPEED=UNKNOWN,ANPAUSETX=UNKNOWN,ANPAUSERX=UNKNOWN,ADVETHDPX=UNKNOWN,ADVSPEED=UNKNOWN,ADVFLOWCTRL=UNKNOWN,ETHDPX=FULL,SPEED=1000,FLOWCTRL=ASYM,PAUSETX=ENABLE,PAUSERX=DISABLE,PAUSERXOVERRIDE=ENABLE,MTU=1600,TXCON=ENABLE,PASSCTRL=DISABLE,PAUSETXOVERRIDE=DISABLE,RXIDLE=0,CFPRF=CFPRF-1-4,PHYSADDR=UNKNOWN:OOS-AUMA,SGEO&DISCD"
   "ETH-1-13-4::AN=DISABLE,ANSTATUS=UNKNOWN,ANETHDPX=UNKNOWN,ANSPEED=UNKNOWN,ANPAUSETX=UNKNOWN,ANPAUSERX=UNKNOWN,ADVETHDPX=UNKNOWN,ADVSPEED=UNKNOWN,ADVFLOWCTRL=UNKNOWN,ETHDPX=FULL,SPEED=1000,FLOWCTRL=NONE,PAUSETX=DISABLE,PAUSERX=DISABLE,MTU=9216,IFTYPE=UNI,POLICING=ENABLE,ETYPE=8100,PMODE=PBITS,TXCOSPRF=TXCOSPRF-1-30,RXCOSPRF=RXCOSPRF-1-30,URXCOS=0,CFPRF=CFPRF-1-1,SCHPRF=SCHPRF-1-1,QGRP1=QGRP-1-68,QGRP2=QGRP-1-68,PHYSADDR=UNKNOWN,PBTLISTSUP=0,PORTBW=BWPRF-1-0:OOS-AU,SGEO&DSBLD"
;RTRV-ETH10G:OME0039:ETH10G-1-ALL:16;
IP 16
<

   OME0039 10-03-29 19:05:13
M  16 COMPLD
   "ETH10G-1-13-1::MTU=9216,FLOWCTRL=NONE,IFTYPE=UNI,CFPRF=CFPRF-1-1,TXCOSPRF=TXCOSPRF-1-30,RXCOSPRF=RXCOSPRF-1-30,URXCOS=0,SCHPRF=SCHPRF-1-1,QGRP1=QGRP-1-68,QGRP2=QGRP-1-68,POLICING=ENABLE,ETYPE=8100,PMODE=PBITS,PORTBW=BWPRF-1-0,PBTLISTSUP=0,AN=DISABLE,ANSTATUS=UNKNOWN,ETHDPX=FULL,SPEED=10G,PAUSETX=DISABLE,PAUSERX=DISABLE,ANETHDPX=UNKNOWN,ANSPEED=UNKNOWN,ANPAUSETX=UNKNOWN,ANPAUSERX=UNKNOWN,ADVETHDPX=UNKNOWN,ADVSPEED=UNKNOWN,ADVFLOWCTRL=UNKNOWN,PHYSADDR=UNKNOWN,EQPT=XGELAN:OOS-AU,SGEO&DSBLD"
   "ETH10G-1-13-2::MTU=9216,FLOWCTRL=NONE,IFTYPE=UNI,CFPRF=CFPRF-1-1,TXCOSPRF=TXCOSPRF-1-30,RXCOSPRF=RXCOSPRF-1-30,URXCOS=0,SCHPRF=SCHPRF-1-1,QGRP1=QGRP-1-68,QGRP2=QGRP-1-68,POLICING=ENABLE,ETYPE=8100,PMODE=PBITS,PORTBW=BWPRF-1-0,PBTLISTSUP=0,AN=DISABLE,ANSTATUS=UNKNOWN,ETHDPX=FULL,SPEED=10G,PAUSETX=DISABLE,PAUSERX=DISABLE,ANETHDPX=UNKNOWN,ANSPEED=UNKNOWN,ANPAUSETX=UNKNOWN,ANPAUSERX=UNKNOWN,ADVETHDPX=UNKNOWN,ADVSPEED=UNKNOWN,ADVFLOWCTRL=UNKNOWN,PHYSADDR=UNKNOWN,EQPT=XGELAN:OOS-AU,SGEO&DSBLD"
;RTRV-VCS:OME0039:VCS-1-ALL:17;
IP 17
<

   OME0039 10-03-29 19:05:13
M  17 COMPLD
;RTRV-VCE:OME0039:VCE-1-ALL:18;
IP 18
<

   OME0039 10-03-29 19:05:13
M  18 COMPLD
;RTRV-VCEMAP:OME0039:VCEMAP-1-ALL:19;
IP 19
<

   OME0039 10-03-29 19:05:13
M  19 COMPLD
;RTRV-CRS-ALL:OME0039::20:::CKTID=ALL;
IP 20
<

   OME0039 10-03-29 19:05:13
M  20 COMPLD
   "STS3C-1-1-4-1,STS3C-1-1-4-1:1WAY:PRIMARYXC=SHELF,PRIME=OSS,CKTID=\"DRAC-loopback\":STS3C:"
   "STS3C-1-1-3-1,STS3C-1-1-3-1:1WAY:PRIMARYXC=SHELF,PRIME=OSS,CKTID=\"DRAC-loopback\":STS3C:"
   "STS3C-1-1-2-1,STS3C-1-1-2-1:1WAY:PRIMARYXC=SHELF,PRIME=OSS,CKTID=\"DRAC-loopback\":STS3C:"
   "STS3C-1-1-1-1,STS3C-1-1-1-1:1WAY:PRIMARYXC=SHELF,PRIME=OSS,CKTID=\"DRAC-loopback\":STS3C:"
   "STS3C-1-3-1-1,STS3C-1-3-1-1:1WAY:PRIMARYXC=SHELF,PRIME=OSS,CKTID=\"DRAC-loopback\":STS3C:"
;RTRV-AD-ALL:OME0039::21;
IP 21
<

   OME0039 10-03-29 19:05:13
M  21 COMPLD
   "OC12-1-11-1:TYP-SH-SL-PRT,SECT:TX_VERSION=\"2\",TX_TAG=\"AD_2_00:21:e1:d6:d6:70_001_000_011_000_001_ME_1\",RX_VERSION=\"2\",RX_ACTUAL=\"AD_2_00:21:e1:d6:d5:dc_001_000_012_000_001_ME_1\",RX_RELIABILITY=RELIABLE,MECHANISM=IIH"
   "OC12-1-12-1:TYP-SH-SL-PRT,SECT:TX_VERSION=\"2\",TX_TAG=\"AD_2_00:21:e1:d6:d6:70_001_000_012_000_001_ME_1\",RX_VERSION=\"2\",RX_ACTUAL=\"AD_2_00:21:e1:d6:d8:2c_001_000_011_000_001_ME_1\",RX_RELIABILITY=RELIABLE,MECHANISM=IIH"
;RTRV-FFP-OC192:OME0039:OC192-1-ALL:22;
IP 22
<

   OME0039 10-03-29 19:05:13
M  22 COMPLD
;ENT-CRS-STS3C:OME0039:STS3C-1-1-1-1,STS3C-1-1-1-1:23::1WAY:CKTID="DRAC-loopback";
IP 23
<

   OME0039 10-03-29 19:05:37
M  23 DENY
   IEAE
   /*Input, Entity Already Exists*/
;

   OME0039 10-03-29 19:05:37
A  0000128187 REPT EVT LOG
   "DATE=10-03-29,TIME=19-05-37:USERID=ADMIN,PRIORITY=GEN_TL1_CMD,STATUS=IEAE:ENT-CRS-STS3C:STS3C-1-1-1-1,STS3C-1-1-1-1:23:1WAY:CKTID=\"DRAC-loopback\"::"
;ENT-CRS-STS3C:OME0039:STS3C-1-1-2-1,STS3C-1-1-2-1:24::1WAY:CKTID="DRAC-loopback";
IP 24
<

   OME0039 10-03-29 19:05:43
M  24 DENY
   IEAE
   /*Input, Entity Already Exists*/
;

   OME0039 10-03-29 19:05:43
A  0000128188 REPT EVT LOG
   "DATE=10-03-29,TIME=19-05-43:USERID=ADMIN,PRIORITY=GEN_TL1_CMD,STATUS=IEAE:ENT-CRS-STS3C:STS3C-1-1-2-1,STS3C-1-1-2-1:24:1WAY:CKTID=\"DRAC-loopback\"::"
;ENT-CRS-STS3C:OME0039:STS3C-1-1-3-1,STS3C-1-1-3-1:25::1WAY:CKTID="DRAC-loopback";
IP 25
<

   OME0039 10-03-29 19:05:49
M  25 DENY
   IEAE
   /*Input, Entity Already Exists*/
;

   OME0039 10-03-29 19:05:49
A  0000128189 REPT EVT LOG
   "DATE=10-03-29,TIME=19-05-49:USERID=ADMIN,PRIORITY=GEN_TL1_CMD,STATUS=IEAE:ENT-CRS-STS3C:STS3C-1-1-3-1,STS3C-1-1-3-1:25:1WAY:CKTID=\"DRAC-loopback\"::"
;ENT-CRS-STS3C:OME0039:STS3C-1-1-4-1,STS3C-1-1-4-1:26::1WAY:CKTID="DRAC-loopback";
IP 26
<

   OME0039 10-03-29 19:05:55
M  26 DENY
   IEAE
   /*Input, Entity Already Exists*/
;

   OME0039 10-03-29 19:05:55
A  0000128190 REPT EVT LOG
   "DATE=10-03-29,TIME=19-05-55:USERID=ADMIN,PRIORITY=GEN_TL1_CMD,STATUS=IEAE:ENT-CRS-STS3C:STS3C-1-1-4-1,STS3C-1-1-4-1:26:1WAY:CKTID=\"DRAC-loopback\"::"
;<<RTRV-HDR keep alive sent>>
IP 27
<

   OME0039 10-03-29 19:07:08
M  27 COMPLD
;<<RTRV-HDR keep alive sent>>
IP 28
<

   OME0039 10-03-29 19:09:08
M  28 COMPLD
;<<RTRV-HDR keep alive sent>>
IP 29
<

   OME0039 10-03-29 19:11:07
M  29 COMPLD
;<<RTRV-HDR keep alive sent>>
IP 30
<

   OME0039 10-03-29 19:13:08
M  30 COMPLD
;

   OME0039 10-03-29 19:15:07
A  0000128191 REPT EVT OC48
   "OC48-1-5-1:T-ES-S,TC,03-29,19-15-07,NEND,RCV,6,5,15-MIN:\"T-ES-S\":0100000000-0000-0000,:YEAR=2010,MODE=SONET"
;

   OME0039 10-03-29 19:15:07
A  0000128192 REPT EVT OC48
   "OC48-1-5-1:T-SES-S,TC,03-29,19-15-07,NEND,RCV,6,2,15-MIN:\"T-SES-S\":0100000000-0000-0000,:YEAR=2010,MODE=SONET"
;

   OME0039 10-03-29 19:15:07
A  0000128193 REPT EVT OC48
   "OC48-1-5-1:T-SEFS-S,TC,03-29,19-15-07,NEND,RCV,6,2,15-MIN:\"T-SEFS-S\":0100000000-0000-0000,:YEAR=2010,MODE=SONET"
;<<RTRV-HDR keep alive sent>>
IP 31
<

   OME0039 10-03-29 19:15:08
M  31 COMPLD
;

   OME0039 10-03-29 19:15:19
A  0000128194 REPT EVT OC12
   "OC12-1-11-1:T-UAS-L,TC,03-29,19-15-19,NEND,RCV,18,10,15-MIN:\"T-UAS-L\":0100000000-0000-0000,:YEAR=2010,MODE=SONET"
;

   OME0039 10-03-29 19:15:20
A  0000128195 REPT EVT OC192
   "OC192-1-9-1:T-UAS-L,TC,03-29,19-15-20,NEND,RCV,19,10,15-MIN:\"T-UAS-L\":0100000000-0000-0000,:YEAR=2010,MODE=SONET"
;

   OME0039 10-03-29 19:15:22
A  0000128196 REPT EVT OC48
   "OC48-1-5-1:T-UAS-L,TC,03-29,19-15-22,NEND,RCV,21,10,15-MIN:\"T-UAS-L\":0100000000-0000-0000,:YEAR=2010,MODE=SONET"
;<<RTRV-HDR keep alive sent>>
IP 32
<

   OME0039 10-03-29 19:17:08
M  32 COMPLD
;<<RTRV-HDR keep alive sent>>
IP 33
<

   OME0039 10-03-29 19:19:08
M  33 COMPLD
;