***** (re)Starting logger at Sat Dec 29 10:44:20 EST 2012*****


**** TL1 session opened at Sat Dec 29 10:44:20 EST 2012 ****


<<RTRV-HDR keep alive sent>>
ÿûÿûÿý
                                                                                
This computer system may be accessed only by authorized users.                  
The data and programs in this system are private, proprietary,                  
confidential and protected by copyright law and international                   
treaties. Unauthorized access, use, knowledge, duplication,                     
reproduction, modification, distribution, retransmission,                       
download or disclosure of any of the data and programs in this                  
system or any portion of it may result in severe civil and                      
criminal penalties and will be enforced and prosecuted to the                   
maximum extent possible under law. Employees or other Company                   
authorized users exceeding their authorizations subject                         
themselves to Company initiated disciplinary proceedings.                       
                                                                                

--- Copyright (c) 2000 - 2011 Ciena (R) Corporation. All Rights Reserved ---
|  NOTICE: This is a private computer system.                              |
|  Unauthorized access or use may lead to prosecution.                     |
|                                                                          |
|  Ciena 6500 OPTICAL                                                      |
----------------------------------------------------------------------------

/*
 * Starting Interactive TL1 Command Mode.
 * Type ? for help while constructing TL1 commands.
 * Type .? for specific parameter/keyword help.
 */


IP 2
<

   "Flightcase" 12-12-29 15:44:21
M  2 DENY
   PLNA
   /*Privilege, Login Not Active*/
;<<ACT-USER sent, password hidden>>
IP 3
<

   "Flightcase" 12-12-29 15:44:21
M  3 COMPLD
;RTRV-NETYPE:"Flightcase"::4;
IP 4
<

   "Flightcase" 12-12-29 15:44:21
M  4 COMPLD
   "CIENA,\"6500 OPTICAL\",OCP,\"REL0810Z.HD\""
;RTRV-SW-VER:"Flightcase"::5;
IP 5
<

   "Flightcase" 12-12-29 15:44:22
M  5 COMPLD
   "SHELF-1:REL0810Z.HD"
;RTRV-RTG-INFO:"Flightcase"::6:::NAME="Flightcase";
IP 6
<

   "Flightcase" 12-12-29 15:44:55
M  6 COMPLD
   "SHELF-1::,\"Flightcase\",0021E1D7235E|145.145.74.18,00001600,YES"
;RTRV-SYS:"Flightcase"::7;
IP 7
<

   "Flightcase" 12-12-29 15:44:55
M  7 COMPLD
   "SHELF-1::ACTUALCOOLING=HIGHFLOW,ACTUALPOWER=461,AINSTIMEOUT=00-05,ALMCORR=OFF,ALMHO=2.5,BAYFICINAO=FALSE,BITSMODE=SDH,CSFMCASTMAC=0180C2880001,EQPTCURRENT=40,ETHEERTH=20,ETHGFPRFI=ENABLED,ETHGFPRFIUPI=128,ETHSDTH=1,FCEERTH=20,FCSDTH=1,FIBERLOSSDETECTION=DISABLED,FILLERMGMT=ENABLED,GCC0MODE=IISIS,GCC1MODE=DISABLED,LASEROFFFARENDFAIL=DISABLED,LINEPEVSTAT=MAN&AUTO,MAJORDEGRADETHRESH=6.00,MINCOOLING=LOWFLOW,MINORDEGRADETHRESH=3.00,MONITORFAN=ENABLED,NEMODE=SDH,OSCMODE=OSPF,PATHEBERTH=3,PATHPEVSTAT=MAN,PATHSDTH=6,PATHSWCRIT=UNEQ&SD&EBER&AIS&LOP,PROVCURRENT=40,PTHAISINSERT=AIS&LOP,SHELFSYNCH=YES,STATE=NORMAL,WANFREERTH=20,WANFRSDTH=1,WANTREERTH=20,WANTRSDTH=1"
;ALW-MSG-BROADCAST:"Flightcase":ALL:8;
IP 8
<

   "Flightcase" 12-12-29 15:44:55
M  8 COMPLD
;RTRV-EQPT:"Flightcase":ALL:9;
IP 9
<

   "Flightcase" 12-12-29 15:44:56
M  9 COMPLD
   "GE-1-1::PROVPEC=NTK535LA,CTYPE=\"GE EPL 4 Port SFP\",PEC=NTK535LA,REL=06  ,CLEI=WMOTAJ4JAD,SER=NNTMH890027Z3,MDAT=2007-35,AGE=02-263-22-17,ONSC=00-030-06-21:IS,ACT"
   "PGEFC-1-1-1::PROVPEC=NTTP01AF,CTYPE=\"GE SX/FC100 Mx 850nm LC SFP\",PEC=NTTP01AF,REL=01,CLEI=SOC3NNFCAA,SER=AVAGMY500007SK  :IS,ACT"
   "PGE-1-1-2::PROVPEC=NTTP61AA,CTYPE=\"1000 BaseT, 0/+70C, SFP, 20 pins, RJ45, Basic MSA\",PEC=NTTP61AA,REL=03,CLEI=WMOTBKRJAB,SER=AVAGMY000002HQ  :IS,IDLE"
   "PGEFC-1-1-3::PROVPEC=NTTP01AF,CTYPE=\"GE SX/FC100 Mx 850nm LC SFP\",PEC=NTTP01AF,REL=01,CLEI=SOC3NNFCAA,SER=AVAGMY500007SB  :IS,IDLE"
   "GE-1-2::PROVPEC=NTK535LA,CTYPE=\"GE EPL 4 Port SFP\",PEC=NTK535LA,REL=06  ,CLEI=WMOTAJ4JAD,SER=NNTMH1M100H3F,MDAT=2007-39,AGE=02-261-01-30,ONSC=00-030-06-22:IS,IDLE"
   "PGEFC-1-2-1::PROVPEC=NTTP01AF,CTYPE=\"GE SX/FC100 Mx 850nm LC SFP\",PEC=NTTP01AF,REL=01,CLEI=SOC3NNFCAA,SER=AVAGMY500007DB  :IS,IDLE"
   "PGE-1-2-2::PROVPEC=NTTP61AA,CTYPE=\"1000 BaseT, 0/+70C, SFP, 20 pins, RJ45, Basic MSA\",PEC=NTTP61AA,REL=03,CLEI=WMOTBKRJAB,SER=AVAGMY000002HP  :IS,IDLE"
   "PGEFC-1-2-3::PROVPEC=NTTP01AF,CTYPE=\"GE SX/FC100 Mx 850nm LC SFP\",PEC=NTTP01AF,REL=01,CLEI=SOC3NNFCAA,SER=AVAGMY500007DG  :IS,IDLE"
   "PGEFC-1-2-4::PROVPEC=NTTP01AF,CTYPE=\"GE SX/FC100 Mx 850nm LC SFP\",PEC=NTTP01AF,REL=01,CLEI=SOC3NNFCAA,SER=AVAGMY500007DP  :IS,IDLE"
   "XC-1-7::PROVPEC=NTK557AA,CTYPE=\"X-Conn 80G STS-1/VC-3 Sync-ST3\",PEC=NTK557AA,REL= 08 ,CLEI=WMIXCC0BAF,SER=NNTMH83000TIM,MDAT=2006-04,AGE=00-165-03-31,ONSC=00-030-06-21:IS,WRKTRAF&WRKSYNC"
>

   "Flightcase" 12-12-29 15:44:56
M  9 COMPLD
   "XC-1-8::PROVPEC=NTK557AA,CTYPE=\"X-Conn 80G STS-1/VC-3 Sync-ST3\",PEC=NTK557AA,REL= 05 ,CLEI=WMIXCC0BAD,SER=NNTM01Z1D47SC,MDAT=2004-50,AGE=00-164-05-10,ONSC=00-030-06-21:IS,STBYH"
   "10G-1-10::PROVPEC=NTK526JA,CTYPE=\"OC-192/STM-64 STS-1/HO 1 Port G.709 DWDM C-Band AM1/AM2\",PEC=NTK526JA,REL= 01 ,CLEI=WMOTCM0JAA,SER=NNTMH85003KB5,MDAT=2007-39,AGE=00-057-18-49,ONSC=00-030-06-21:IS,IDLE"
   "40GMUX-1-12::PROVPEC=NTK525CA,CTYPE=\"4x10G MUX 4x10-11.1G XFP\",PEC=NTK525CA,REL= 04 ,CLEI=WMUIAJZJAD,SER=NNTMDP000EH9,MDAT=2009-06,AGE=00-049-05-27,ONSC=00-030-06-21,TCUR=51,TAVG=51:OOS-MA,IDLE"
   "P10GSOEL-1-12-1::PROVPEC=NTTP84BA,CTYPE=\"OC192 SR1/I64.1 10G LR/LW OTU2/10GFC 1200SMLLL 100m 1310 nm XFP\",PEC=NTTP84BA,REL= 03,CLEI=WOTRANAKAC,SER=EXLGCN1216791069:OOS-MA,IDLE"
   "P10GSOEL-1-12-2::PROVPEC=NTTP84BA,CTYPE=\"OC192 SR1/I64.1 10G LR/LW OTU2/10GFC 1200SMLLL 100m 1310 nm XFP\",PEC=NTTP84BA,REL= 03,CLEI=WOTRANAKAC,SER=EXLGCN1216791068:OOS-MA,IDLE"
   "P10GSOEL-1-12-3::PROVPEC=NTTP84BA,CTYPE=\"OC192 SR1/I64.1 10G LR/LW OTU2/10GFC 1200SMLLL 100m 1310 nm XFP\",PEC=NTTP84BA,REL= 03,CLEI=WOTRANAKAC,SER=EXLGCN1216791066:OOS-MA,IDLE"
   "P10GSOEL-1-12-4::PROVPEC=NTTP84BA,CTYPE=\"OC192 SR1/I64.1 10G LR/LW OTU2/10GFC 1200SMLLL 100m 1310 nm XFP\",PEC=NTTP84BA,REL= 03,CLEI=WOTRANAKAC,SER=EXLGCN1216791067:OOS-MA,IDLE"
   "SP-1-15::PROVPEC=NTK555AA,CTYPE=\"Processor SP\",PEC=NTK555AA,REL= 05 ,CLEI=WMUCAJFAAB,SER=NNTM01D1D3S1D,MDAT=2004-41,AGE=00-030-07-09,ONSC=00-030-06-21,TCUR=27,TAVG=26:IS,"
;RTRV-OC3:"Flightcase":OC3-1-ALL:10;
IP 10
<

   "Flightcase" 12-12-29 15:44:56
M  10 COMPLD
;RTRV-OC12:"Flightcase":OC12-1-ALL:11;
IP 11
<

   "Flightcase" 12-12-29 15:44:57
M  11 COMPLD
;RTRV-OC48:"Flightcase":OC48-1-ALL:12;
IP 12
<

   "Flightcase" 12-12-29 15:44:57
M  12 COMPLD
;RTRV-OC192:"Flightcase":OC192-1-ALL:13;
IP 13
<

   "Flightcase" 12-12-29 15:44:59
M  13 COMPLD
   "OC192-1-10-1::TMGREF=N,DCC=Y,,SDTH=6,,,,,ALS=DISABLED,DUSOVERRIDE=DISABLED,EBERTH=3,PORTMODE=SDH,UNEQMODE=VC4,,,,CLFI=\"\":IS,DISCD"
;RTRV-ETH:"Flightcase":ETH-1-ALL:14;
IP 14
<

   "Flightcase" 12-12-29 15:45:01
M  14 COMPLD
   "ETH-1-1-1::AN=ENABLE,ANSTATUS=INPROGRESS,ANETHDPX=UNKNOWN,ANSPEED=UNKNOWN,ANPAUSETX=UNKNOWN,ANPAUSERX=UNKNOWN,ADVETHDPX=UNKNOWN,ADVSPEED=UNKNOWN,ADVFLOWCTRL=UNKNOWN,ETHDPX=FULL,SPEED=1000,FLOWCTRL=NONE,PAUSETX=DISABLE,PAUSERX=DISABLE,PAUSERXOVERRIDE=ENABLE,MTU=9600,TXCON=ENABLE,PASSCTRL=DISABLE,PAUSETXOVERRIDE=DISABLE,RXIDLE=0,CFPRF=CFPRF-1-4,PHYSADDR=0016CA4051CC,CLFI=\"\":OOS-AU,FLT"
;RTRV-ETH10G:"Flightcase":ETH10G-1-ALL:15;
IP 15
<

   "Flightcase" 12-12-29 15:45:01
M  15 COMPLD
;RTRV-ETH100:"Flightcase":ETH100-1-ALL:16;
IP 16
<

   "Flightcase" 12-12-29 15:45:01
M  16 COMPLD
;RTRV-WAN:"Flightcase":WAN-1-ALL:17;
IP 17
<

   "Flightcase" 12-12-29 15:45:03
M  17 COMPLD
   "WAN-1-1-1::MAPPING=GFP-F,RATE=STS3C,VCAT=ENABLE,LCAS=DISABLE,PROVUNITS=1,ACTUALUNITS=1,MAGICNUM=DISABLE,LCM=DISABLE,NCP=NONE,MODE=SDH,FCS=32,SCRAMBLE=ENABLE,LANFCS=ENABLE,RTDELAY=92,CONDTYPE=GFPCMF,GFPRFI=ENABLE,AVLBLRATE=STS3C,PROVRXUNITS=1,GFPRTDELAY=ENABLE,MAXVCDEL=14000,CURRVCDEL=0,ACTUALRXUNITS=1:IS"
;RTRV-VCS:"Flightcase":VCS-1-ALL:18;
IP 18
<

   "Flightcase" 12-12-29 15:45:04
M  18 COMPLD
;RTRV-VCE:"Flightcase":VCE-1-ALL:19;
IP 19
<

   "Flightcase" 12-12-29 15:45:04
M  19 COMPLD
;RTRV-VCEMAP:"Flightcase":VCEMAP-1-ALL:20;
IP 20
<

   "Flightcase" 12-12-29 15:45:04
M  20 COMPLD
;RTRV-CRS-ALL:"Flightcase"::21:::CKTID=ALL;
IP 21
<

   "Flightcase" 12-12-29 15:45:04
M  21 COMPLD
   "STS3C-1-1-1-1,STS3C-1-1-1-1:1WAY:PRIMARYXC=SHELF,PRIME=OSS,CKTID=\"DRAC-loopback\":STS3C:"
;RTRV-AD-ALL:"Flightcase"::22;
IP 22
<

   "Flightcase" 12-12-29 15:45:05
M  22 COMPLD
   "OC192-1-10-1:TYP-SH-SL-PRT,LINE:TX_VERSION=\"2\",TX_TAG=\"AD_2_00:21:e1:d7:23:5e_001_000_010_000_001_ME_1\",RX_VERSION=\"2\",RX_ACTUAL=\"AD_2_00:21:e1:d9:ac:20_001_000_034_000_001_ME_1\",RX_EXPECTED=\"\",RECONFIG=DISABLE,RX_RELIABILITY=RELIABLE,MECHANISM=IIH"
   "ADJ-1-10-1:TYP-SH-SL-PRT,PHYS:TX_VERSION=\"2\",TX_TAG=\"Flightcase-1-10-1\",RX_VERSION=\"2\",RX_ACTUAL=\"\",RX_EXPECTED=\"\",RECONFIG=DISABLE,RX_RELIABILITY=UNRELIABLE,MECHANISM=DERIVED"
;RTRV-FFP-OC192:"Flightcase":OC192-1-ALL:23;
IP 23
<

   "Flightcase" 12-12-29 15:45:05
M  23 COMPLD
;

   "Flightcase" 12-12-29 15:45:14
A  0000016698 REPT EVT ETH
   "ETH-1-1-1:T-UAS-E,TC,12-29,15-45-14,NEND,RCV,10,10,15-MIN:\"T-UAS-E\":0100000000-0000-0000,:YEAR=2012,MODE=NONE"
;<<RTRV-HDR keep alive sent>>
IP 24
<

   "Flightcase" 12-12-29 15:46:22
M  24 COMPLD
;<<RTRV-HDR keep alive sent>>
IP 25
<

   "Flightcase" 12-12-29 15:48:22
M  25 COMPLD
;<<RTRV-HDR keep alive sent>>
IP 26
<

   "Flightcase" 12-12-29 15:50:22
M  26 COMPLD
;<<RTRV-HDR keep alive sent>>
IP 27
<

   "Flightcase" 12-12-29 15:52:22
M  27 COMPLD
;<<RTRV-HDR keep alive sent>>
IP 28
<

   "Flightcase" 12-12-29 15:54:23
M  28 COMPLD
;<<RTRV-HDR keep alive sent>>
IP 29
<

   "Flightcase" 12-12-29 15:56:23
M  29 COMPLD
;<<RTRV-HDR keep alive sent>>
IP 30
<

   "Flightcase" 12-12-29 15:58:25
M  30 COMPLD
;

   "Flightcase" 12-12-29 16:00:14
A  0000016699 REPT EVT ETH
   "ETH-1-1-1:T-UAS-E,TC,12-29,16-00-14,NEND,RCV,10,10,15-MIN:\"T-UAS-E\":0100000000-0000-0000,:YEAR=2012,MODE=NONE"
;<<RTRV-HDR keep alive sent>>
IP 31
<

   "Flightcase" 12-12-29 16:00:24
M  31 COMPLD
;<<RTRV-HDR keep alive sent>>
IP 32
<

   "Flightcase" 12-12-29 16:02:25
M  32 COMPLD
;

   "Flightcase" 12-12-29 16:03:24
A  0000016700 REPT EVT LOG
   "DATE=12-12-29,TIME=16-03-24:USERID=OMEAMAN,PRIORITY=GEN_TL1_CMD,STATUS=COMPLD:ACT-USER:OMEAMAN:3::::"
;

   "Flightcase" 12-12-29 16:03:25
A  0000016701 REPT EVT LOG
   "DATE=12-12-29,TIME=16-03-25:USERID=OMEAMAN,PRIORITY=GEN_TL1_CMD,STATUS=COMPLD:CANC-USER:OMEAMAN:9::::"
;

   "Flightcase" 12-12-29 16:03:27
A  0000016702 REPT EVT LOG
   "DATE=12-12-29,TIME=16-03-27:USERID=OMEAMAN,PRIORITY=GEN_TL1_CMD,STATUS=COMPLD:ACT-USER:OMEAMAN:2::::"
;

   "Flightcase" 12-12-29 16:03:28
A  0000016703 REPT EVT LOG
   "DATE=12-12-29,TIME=16-03-28:USERID=OMEAMAN,PRIORITY=GEN_TL1_CMD,STATUS=COMPLD:RTRV-ATTR-CSA::8::::"
;<<RTRV-HDR keep alive sent>>
IP 33
<

   "Flightcase" 12-12-29 16:04:26
M  33 COMPLD
;<<RTRV-HDR keep alive sent>>
IP 34
<

   "Flightcase" 12-12-29 16:06:27
M  34 COMPLD
;<<RTRV-HDR keep alive sent>>
IP 35
<

   "Flightcase" 12-12-29 16:08:27
M  35 COMPLD
;<<RTRV-HDR keep alive sent>>
IP 36
<

   "Flightcase" 12-12-29 16:10:27
M  36 COMPLD
;<<RTRV-HDR keep alive sent>>
IP 37
<

   "Flightcase" 12-12-29 16:12:27
M  37 COMPLD
;<<RTRV-HDR keep alive sent>>
IP 38
<

   "Flightcase" 12-12-29 16:14:28
M  38 COMPLD
;

   "Flightcase" 12-12-29 16:15:15
A  0000016704 REPT EVT ETH
   "ETH-1-1-1:T-UAS-E,TC,12-29,16-15-15,NEND,RCV,10,10,15-MIN:\"T-UAS-E\":0100000000-0000-0000,:YEAR=2012,MODE=NONE"
;<<RTRV-HDR keep alive sent>>
IP 39
<

   "Flightcase" 12-12-29 16:16:28
M  39 COMPLD
;

   "Flightcase" 12-12-29 16:17:46
A  0000016705 REPT EVT LOG
   "DATE=12-12-29,TIME=16-17-46:USERID=OMEAMAN,PRIORITY=GEN_TL1_CMD,STATUS=COMPLD:ACT-USER:OMEAMAN:3::::"
;

   "Flightcase" 12-12-29 16:17:47
A  0000016706 REPT EVT LOG
   "DATE=12-12-29,TIME=16-17-47:USERID=OMEAMAN,PRIORITY=GEN_TL1_CMD,STATUS=COMPLD:CANC-USER:OMEAMAN:9::::"
;

   "Flightcase" 12-12-29 16:17:50
A  0000016707 REPT EVT LOG
   "DATE=12-12-29,TIME=16-17-50:USERID=OMEAMAN,PRIORITY=GEN_TL1_CMD,STATUS=COMPLD:ACT-USER:OMEAMAN:2::::"
;

   "Flightcase" 12-12-29 16:17:51
A  0000016708 REPT EVT LOG
   "DATE=12-12-29,TIME=16-17-51:USERID=OMEAMAN,PRIORITY=GEN_TL1_CMD,STATUS=COMPLD:RTRV-ATTR-CSA::8::::"
;

   "Flightcase" 12-12-29 16:17:54
A  0000016709 REPT DBCHG
   "DBCHGSEQ=4933,DATE=12-12-29,TIME=16-17-54,USERID=OMEAMAN,SOURCE=19,PRIORITY=GEN_TL1_CMD:ED-TOD-MODE:::SYNC=INACTIVE:"
;

   "Flightcase" 12-12-29 16:17:55
A  0000016710 REPT DBCHG
   "DBCHGSEQ=4934,DATE=12-12-29,TIME=16-17-55,USERID=OMEAMAN,SOURCE=20,PRIORITY=GEN_TL1_CMD:SET-TOD-SER:::SERADDRESS1=145.145.65.25,SERADDRESS2=,SERADDRESS3=,SERADDRESS4=,SERADDRESS5=:"
;

   "Flightcase" 12-12-29 16:17:55
A  0000016711 REPT DBCHG
   "DBCHGSEQ=4935,DATE=12-12-29,TIME=16-17-55,USERID=OMEAMAN,SOURCE=21,PRIORITY=GEN_TL1_CMD:ED-DAT::12-12-29,16-17-55::"
;

   "Flightcase" 12-12-29 16:17:55
A  0000016712 REPT DBCHG
   "DBCHGSEQ=4936,DATE=12-12-29,TIME=16-17-55,USERID=OMEAMAN,SOURCE=22,PRIORITY=GEN_TL1_CMD:ED-TOD-MODE:::SYNC=ACTIVE,POLLINGINTERVAL=1440:"
;<<RTRV-HDR keep alive sent>>
IP 40
<

   "Flightcase" 12-12-29 16:18:28
M  40 COMPLD
;<<RTRV-HDR keep alive sent>>
IP 41
<

   "Flightcase" 12-12-29 16:20:28
M  41 COMPLD
;<<RTRV-HDR keep alive sent>>
IP 42
<

   "Flightcase" 12-12-29 16:22:29
M  42 COMPLD
;<<RTRV-HDR keep alive sent>>
IP 43
<

   "Flightcase" 12-12-29 16:24:29
M  43 COMPLD
;<<RTRV-HDR keep alive sent>>
IP 44
<

   "Flightcase" 12-12-29 16:26:30
M  44 COMPLD
;<<RTRV-HDR keep alive sent>>
IP 45
<

   "Flightcase" 12-12-29 16:28:29
M  45 COMPLD
;

   "Flightcase" 12-12-29 16:30:15
A  0000016713 REPT EVT ETH
   "ETH-1-1-1:T-UAS-E,TC,12-29,16-30-15,NEND,RCV,10,10,15-MIN:\"T-UAS-E\":0100000000-0000-0000,:YEAR=2012,MODE=NONE"
;<<RTRV-HDR keep alive sent>>
IP 46
<

   "Flightcase" 12-12-29 16:30:30
M  46 COMPLD
;<<RTRV-HDR keep alive sent>>
IP 47
<

   "Flightcase" 12-12-29 16:32:30
M  47 COMPLD
;<<RTRV-HDR keep alive sent>>
IP 48
<

   "Flightcase" 12-12-29 16:34:31
M  48 COMPLD
;<<RTRV-HDR keep alive sent>>
IP 49
<

   "Flightcase" 12-12-29 16:36:31
M  49 COMPLD
;<<RTRV-HDR keep alive sent>>
IP 50
<

   "Flightcase" 12-12-29 16:38:31
M  50 COMPLD
;<<RTRV-HDR keep alive sent>>
IP 51
<

   "Flightcase" 12-12-29 16:40:32
M  51 COMPLD
;<<RTRV-HDR keep alive sent>>
IP 52
<

   "Flightcase" 12-12-29 16:42:32
M  52 COMPLD
;<<RTRV-HDR keep alive sent>>
IP 53
<

   "Flightcase" 12-12-29 16:44:33
M  53 COMPLD
;

   "Flightcase" 12-12-29 16:45:15
A  0000016714 REPT EVT ETH
   "ETH-1-1-1:T-UAS-E,TC,12-29,16-45-15,NEND,RCV,10,10,15-MIN:\"T-UAS-E\":0100000000-0000-0000,:YEAR=2012,MODE=NONE"
;<<RTRV-HDR keep alive sent>>
IP 54
<

   "Flightcase" 12-12-29 16:46:32
M  54 COMPLD
;<<RTRV-HDR keep alive sent>>
IP 55
<

   "Flightcase" 12-12-29 16:48:33
M  55 COMPLD
;<<RTRV-HDR keep alive sent>>
IP 56
<

   "Flightcase" 12-12-29 16:50:34
M  56 COMPLD
;<<RTRV-HDR keep alive sent>>
IP 57
<

   "Flightcase" 12-12-29 16:52:34
M  57 COMPLD
;<<RTRV-HDR keep alive sent>>
IP 58
<

   "Flightcase" 12-12-29 16:54:35
M  58 COMPLD
;<<RTRV-HDR keep alive sent>>
IP 59
<

   "Flightcase" 12-12-29 16:56:34
M  59 COMPLD
;