***** (re)Starting logger at Sat Dec 29 10:44:11 EST 2012*****


**** TL1 session opened at Sat Dec 29 10:44:11 EST 2012 ****


<<RTRV-HDR keep alive sent>>
ÿûÿûÿý

WARNING! This computer system and network is PRIVATE and PROPRIETARY of [SUR
Fnet] and may only be accesses by authorized users.  Unauthorized use of th
is computer system or network is strictly prohibited and may be subject to 
criminal prosecution, employee discipline up to and including discharge, or
 the termination of the vendor/service contracts.  The owner, or its agents
, may monitor any activity or communication on the computer system or netwo
RK.

--- Copyright (c) 2000 - 2011 Ciena (R) Corporation. All Rights Reserved ---
|  NOTICE: This is a private computer system.                              |
|  Unauthorized access or use may lead to prosecution.                     |
|                                                                          |
|  Ciena 6500 OPTICAL                                                      |
----------------------------------------------------------------------------

/*
 * Starting Interactive TL1 Command Mode.
 * Type ? for help while constructing TL1 commands.
 * Type .? for specific parameter/keyword help.
 */


IP 2
<

   "Ut015A_OME01" 12-12-29 15:44:12
M  2 DENY
   PLNA
   /*Privilege, Login Not Active*/
;<<ACT-USER sent, password hidden>>
IP 3
<

   "Ut015A_OME01" 12-12-29 15:44:14
M  3 COMPLD
;RTRV-NETYPE:"Ut015A_OME01"::4;
IP 4
<

   "Ut015A_OME01" 12-12-29 15:44:14
M  4 COMPLD
   "CIENA,\"6500 OPTICAL\",OCP,\"REL0810Z.HD\""
;RTRV-SW-VER:"Ut015A_OME01"::5;
IP 5
<

   "Ut015A_OME01" 12-12-29 15:44:14
M  5 COMPLD
   "SHELF-1:REL0810Z.HD"
;RTRV-RTG-INFO:"Ut015A_OME01"::6:::NAME="Ut015A_OME01";
IP 6
<

   "Ut015A_OME01" 12-12-29 15:44:22
M  6 COMPLD
   "SHELF-1::,\"Ut015A_OME01\",0017D1FFC28E|145.145.68.34,00001600,YES"
;RTRV-SYS:"Ut015A_OME01"::7;
IP 7
<

   "Ut015A_OME01" 12-12-29 15:44:22
M  7 COMPLD
   "SHELF-1::ACTUALCOOLING=LOWFLOW,ACTUALPOWER=367,AINSTIMEOUT=00-05,ALMCORR=OFF,ALMHO=2.5,BAYFICINAO=FALSE,BITSMODE=SDH,CSFMCASTMAC=0180C2880001,EQPTCURRENT=40,ETHEERTH=20,ETHGFPRFI=ENABLED,ETHGFPRFIUPI=128,ETHSDTH=1,FCEERTH=20,FCSDTH=1,FIBERLOSSDETECTION=DISABLED,FILLERMGMT=ENABLED,GCC0MODE=IISIS,GCC1MODE=DISABLED,LASEROFFFARENDFAIL=DISABLED,LINEPEVSTAT=MAN&AUTO,MAJORDEGRADETHRESH=6.00,MINCOOLING=LOWFLOW,MINORDEGRADETHRESH=3.00,MONITORFAN=ENABLED,NEMODE=SDH,OSCMODE=OSPF,PATHEBERTH=3,PATHPEVSTAT=MAN,PATHSDTH=6,PATHSWCRIT=UNEQ&SD&EBER&AIS&LOP,PROVCURRENT=40,PTHAISINSERT=AIS&LOP,SHELFSYNCH=NO,STATE=NORMAL,WANFREERTH=20,WANFRSDTH=1,WANTREERTH=20,WANTRSDTH=1"
;ALW-MSG-BROADCAST:"Ut015A_OME01":ALL:8;
IP 8
<

   "Ut015A_OME01" 12-12-29 15:44:22
M  8 COMPLD
;RTRV-EQPT:"Ut015A_OME01":ALL:9;
IP 9
<

   "Ut015A_OME01" 12-12-29 15:44:23
M  9 COMPLD
   "GE-1-1::PROVPEC=NTK535LA,CTYPE=\"GE EPL 4 Port SFP\",SNMPINDEX=671220736,PEC=NTK535LA,REL=06  ,CLEI=WMOTAJ4JAD,SER=NNTMH1H100I0C,MDAT=2007-41,AGE=04-219-11-22,ONSC=03-259-22-24:IS,ACT"
   "PGEFC-1-1-1::PROVPEC=NTTP01CF,CTYPE=\"GE LX [10k]/FC100 SM 1310nm LC SFP\",SNMPINDEX=671220737,PEC=NTTP01CF,REL=01,CLEI=WMOTAH1JAA,SER=EXLGJPD851592334:IS,ACT"
   "PGEFC-1-1-2::PROVPEC=NTTP01CF,CTYPE=\"GE LX [10k]/FC100 SM 1310nm LC SFP\",SNMPINDEX=671220738,PEC=NTTP01CF,REL=01,CLEI=WMOTAH1JAA,SER=EXLGJPM8E8290994:IS,ACT"
   "PGEFC200-1-1-3::PROVPEC=NTTP06CF,CTYPE=\"GE LX [10k]/FC100/FC200 SM 1310nm LC SFP\",SNMPINDEX=671220739,PEC=NTTP06CF,REL=05,CLEI=WMOTCWUJAA,SER=WHTDCN1220000280:IS,ACT"
   "PGEFC200-1-1-4::PROVPEC=NTTP06CF,CTYPE=\"GE LX [10k]/FC100/FC200 SM 1310nm LC SFP\",SNMPINDEX=671220740,PEC=NTTP06CF,REL=05,CLEI=WMOTCWUJAA,SER=WHTDCN1220000042:IS,ACT"
   "GE-1-2::PROVPEC=NTK535LA,CTYPE=\"GE EPL 4 Port SFP\",SNMPINDEX=671221760,PEC=NTK535LA,REL=06  ,CLEI=WMOTAJ4JAD,SER=NNTMH1D1026D5,MDAT=2009-16,AGE=03-159-12-03,ONSC=00-159-07-37:IS,ACT"
   "PGEFC200-1-2-1::PROVPEC=NTTP06CF,CTYPE=\"GE LX [10k]/FC100/FC200 SM 1310nm LC SFP\",SNMPINDEX=671221761,PEC=NTTP06CF,REL=05,CLEI=WMOTCWUJAA,SER=WHTDCN1223001876:IS,ACT"
   "10G-1-6::PROVPEC=NTK526JA,CTYPE=\"OC-192/STM-64 STS-1/HO 1 Port G.709 DWDM C-Band AM1/AM2\",SNMPINDEX=671225856,PEC=NTK526JA,REL= 01 ,CLEI=WMOTCM0JAA,SER=NNTMH8D00435V,MDAT=2007-51,AGE=01-307-17-43,ONSC=00-251-15-26:IS,ACT"
   "XC-1-7::PROVPEC=NTK557AA,CTYPE=\"X-Conn 80G STS-1/VC-3 Sync-ST3\",SNMPINDEX=671226880,PEC=NTK557AA,REL= 08 ,CLEI=WMIXCC0BAF,SER=NNTMH8E000THQ,MDAT=2006-04,AGE=02-209-03-21,ONSC=02-209-03-21:IS,STBYH"
   "XC-1-8::PROVPEC=NTK557AA,CTYPE=\"X-Conn 80G STS-1/VC-3 Sync-ST3\",SNMPINDEX=671227904,PEC=NTK557AA,REL= 05 ,CLEI=WMIXCC0BAD,SER=NNTM01T1D47S6,MDAT=2004-50,AGE=02-209-03-35,ONSC=02-209-03-35:IS,WRKTRAF&WRKSYNC"
>

   "Ut015A_OME01" 12-12-29 15:44:23
M  9 COMPLD
   "10G-1-9::PROVPEC=NTK526JA,CTYPE=\"OC-192/STM-64 STS-1/HO 1 Port G.709 DWDM C-Band AM1/AM2\",SNMPINDEX=671228928,PEC=NTK526JA,REL= 01 ,CLEI=WMOTCM0JAA,SER=NNTMH8F0043EO,MDAT=2007-52,AGE=01-306-17-48,ONSC=00-228-12-10:IS,ACT"
   "SP-1-15::PROVPEC=NTK555AA,CTYPE=\"Processor SP\",SNMPINDEX=671235072,PEC=NTK555AA,REL= 07 ,CLEI=WMUCAJFAAB,SER=NNTMH8O0002KC,MDAT=2006-20,AGE=05-059-01-05,ONSC=03-259-22-50,TCUR=26,TAVG=26:IS,"
;RTRV-OC3:"Ut015A_OME01":OC3-1-ALL:10;
IP 10
<

   "Ut015A_OME01" 12-12-29 15:44:23
M  10 COMPLD
;RTRV-OC12:"Ut015A_OME01":OC12-1-ALL:11;
IP 11
<

   "Ut015A_OME01" 12-12-29 15:44:24
M  11 COMPLD
;RTRV-OC48:"Ut015A_OME01":OC48-1-ALL:12;
IP 12
<

   "Ut015A_OME01" 12-12-29 15:44:24
M  12 COMPLD
;RTRV-OC192:"Ut015A_OME01":OC192-1-ALL:13;
IP 13
<

   "Ut015A_OME01" 12-12-29 15:44:25
M  13 COMPLD
   "OC192-1-6-1::TMGREF=N,DCC=Y,,SDTH=6,,,,,ALS=DISABLED,DUSOVERRIDE=DISABLED,EBERTH=3,PORTMODE=SDH,UNEQMODE=VC4,,,,CLFI=\"\":IS,"
   "OC192-1-9-1::TMGREF=N,DCC=Y,,SDTH=6,,,,,ALS=DISABLED,DUSOVERRIDE=DISABLED,EBERTH=3,PORTMODE=SDH,UNEQMODE=VC4,,,,CLFI=\"\":IS,"
;RTRV-ETH:"Ut015A_OME01":ETH-1-ALL:14;
IP 14
<

   "Ut015A_OME01" 12-12-29 15:44:26
M  14 COMPLD
   "ETH-1-1-1::AN=ENABLE,ANSTATUS=COMPLETED,ANETHDPX=FULL,ANSPEED=1000,ANPAUSETX=DISABLE,ANPAUSERX=DISABLE,ADVETHDPX=FULL,ADVSPEED=1000,ADVFLOWCTRL=ASYM,ETHDPX=FULL,SPEED=1000,FLOWCTRL=NONE,PAUSETX=DISABLE,PAUSERX=DISABLE,PAUSERXOVERRIDE=ENABLE,MTU=9600,TXCON=ENABLE,PASSCTRL=DISABLE,PAUSETXOVERRIDE=DISABLE,RXIDLE=0,CFPRF=CFPRF-1-4,PHYSADDR=0019E1EF703D,CLFI=\"\":IS"
   "ETH-1-1-2::AN=ENABLE,ANSTATUS=COMPLETED,ANETHDPX=FULL,ANSPEED=1000,ANPAUSETX=DISABLE,ANPAUSERX=DISABLE,ADVETHDPX=FULL,ADVSPEED=1000,ADVFLOWCTRL=ASYM,ETHDPX=FULL,SPEED=1000,FLOWCTRL=NONE,PAUSETX=DISABLE,PAUSERX=DISABLE,PAUSERXOVERRIDE=ENABLE,MTU=9600,TXCON=ENABLE,PASSCTRL=DISABLE,PAUSETXOVERRIDE=DISABLE,RXIDLE=0,CFPRF=CFPRF-1-4,PHYSADDR=0019E1EF703E,CLFI=\"\":IS"
   "ETH-1-1-3::AN=ENABLE,ANSTATUS=COMPLETED,ANETHDPX=FULL,ANSPEED=1000,ANPAUSETX=DISABLE,ANPAUSERX=DISABLE,ADVETHDPX=FULL,ADVSPEED=1000,ADVFLOWCTRL=NONE,ETHDPX=FULL,SPEED=1000,FLOWCTRL=NONE,PAUSETX=DISABLE,PAUSERX=DISABLE,PAUSERXOVERRIDE=ENABLE,MTU=9600,TXCON=ENABLE,PASSCTRL=DISABLE,PAUSETXOVERRIDE=DISABLE,RXIDLE=0,CFPRF=CFPRF-1-4,PHYSADDR=0019E1EF703F,CLFI=\"\":IS"
   "ETH-1-1-4::AN=ENABLE,ANSTATUS=COMPLETED,ANETHDPX=FULL,ANSPEED=1000,ANPAUSETX=DISABLE,ANPAUSERX=DISABLE,ADVETHDPX=FULL,ADVSPEED=1000,ADVFLOWCTRL=SYM,ETHDPX=FULL,SPEED=1000,FLOWCTRL=ASYM,PAUSETX=ENABLE,PAUSERX=DISABLE,PAUSERXOVERRIDE=ENABLE,MTU=9600,TXCON=ENABLE,PASSCTRL=DISABLE,PAUSETXOVERRIDE=DISABLE,RXIDLE=0,CFPRF=CFPRF-1-4,PHYSADDR=0019E1EF7040,CLFI=\"\":IS"
>

   "Ut015A_OME01" 12-12-29 15:44:26
M  14 COMPLD
   "ETH-1-2-1::AN=ENABLE,ANSTATUS=COMPLETED,ANETHDPX=FULL,ANSPEED=1000,ANPAUSETX=DISABLE,ANPAUSERX=DISABLE,ADVETHDPX=FULL,ADVSPEED=1000,ADVFLOWCTRL=ASYM,ETHDPX=FULL,SPEED=1000,FLOWCTRL=NONE,PAUSETX=ENABLE,PAUSERX=DISABLE,PAUSERXOVERRIDE=ENABLE,MTU=9600,TXCON=ENABLE,PASSCTRL=DISABLE,PAUSETXOVERRIDE=DISABLE,RXIDLE=0,CFPRF=CFPRF-1-4,PHYSADDR=0016CA40B78A,CLFI=\"Ut015A_ODF01-P5\":IS"
;RTRV-ETH10G:"Ut015A_OME01":ETH10G-1-ALL:15;
IP 15
<

   "Ut015A_OME01" 12-12-29 15:44:27
M  15 COMPLD
;RTRV-ETH100:"Ut015A_OME01":ETH100-1-ALL:16;
IP 16
<

   "Ut015A_OME01" 12-12-29 15:44:27
M  16 COMPLD
;RTRV-WAN:"Ut015A_OME01":WAN-1-ALL:17;
IP 17
<

   "Ut015A_OME01" 12-12-29 15:44:29
M  17 COMPLD
   "WAN-1-1-1::MAPPING=GFP-F,RATE=STS3C,VCAT=ENABLE,LCAS=DISABLE,PROVUNITS=7,ACTUALUNITS=7,MAGICNUM=DISABLE,LCM=DISABLE,NCP=NONE,MODE=SDH,FCS=32,SCRAMBLE=ENABLE,LANFCS=ENABLE,RTDELAY=506,CONDTYPE=GFPCMF,GFPRFI=ENABLE,AVLBLRATE=STS3C,PROVRXUNITS=7,GFPRTDELAY=ENABLE,MAXVCDEL=14000,CURRVCDEL=0,ACTUALRXUNITS=7:IS"
   "WAN-1-1-2::MAPPING=GFP-F,RATE=STS3C,VCAT=ENABLE,LCAS=DISABLE,PROVUNITS=7,ACTUALUNITS=7,MAGICNUM=DISABLE,LCM=DISABLE,NCP=NONE,MODE=SDH,FCS=32,SCRAMBLE=ENABLE,LANFCS=ENABLE,RTDELAY=535,CONDTYPE=GFPCMF,GFPRFI=ENABLE,AVLBLRATE=STS3C,PROVRXUNITS=7,GFPRTDELAY=ENABLE,MAXVCDEL=14000,CURRVCDEL=0,ACTUALRXUNITS=7:IS"
   "WAN-1-1-3::MAPPING=GFP-F,RATE=STS3C,VCAT=ENABLE,LCAS=DISABLE,PROVUNITS=1,ACTUALUNITS=UNKNOWN,MAGICNUM=DISABLE,LCM=DISABLE,NCP=NONE,MODE=SDH,FCS=32,SCRAMBLE=ENABLE,LANFCS=ENABLE,RTDELAY=UNKNOWN,CONDTYPE=GFPCMF,GFPRFI=ENABLE,AVLBLRATE=STS3C,PROVRXUNITS=1,GFPRTDELAY=ENABLE,MAXVCDEL=UNKNOWN,CURRVCDEL=UNKNOWN,ACTUALRXUNITS=UNKNOWN:IS"
   "WAN-1-1-4::MAPPING=GFP-F,RATE=STS3C,VCAT=ENABLE,LCAS=DISABLE,PROVUNITS=7,ACTUALUNITS=UNKNOWN,MAGICNUM=DISABLE,LCM=DISABLE,NCP=NONE,MODE=SDH,FCS=32,SCRAMBLE=ENABLE,LANFCS=ENABLE,RTDELAY=UNKNOWN,CONDTYPE=GFPCMF,GFPRFI=ENABLE,AVLBLRATE=STS3C,PROVRXUNITS=7,GFPRTDELAY=ENABLE,MAXVCDEL=UNKNOWN,CURRVCDEL=UNKNOWN,ACTUALRXUNITS=UNKNOWN:IS"
   "WAN-1-2-1::MAPPING=GFP-F,RATE=STS3C,VCAT=ENABLE,LCAS=DISABLE,PROVUNITS=5,ACTUALUNITS=5,MAGICNUM=DISABLE,LCM=DISABLE,NCP=NONE,MODE=SDH,FCS=32,SCRAMBLE=ENABLE,LANFCS=ENABLE,RTDELAY=373,CONDTYPE=GFPCMF,GFPRFI=ENABLE,AVLBLRATE=STS3C,PROVRXUNITS=5,GFPRTDELAY=ENABLE,MAXVCDEL=14000,CURRVCDEL=0,ACTUALRXUNITS=5:IS"
>

   "Ut015A_OME01" 12-12-29 15:44:29
M  17 COMPLD
;RTRV-VCS:"Ut015A_OME01":VCS-1-ALL:18;
IP 18
<

   "Ut015A_OME01" 12-12-29 15:44:30
M  18 COMPLD
;RTRV-VCE:"Ut015A_OME01":VCE-1-ALL:19;
IP 19
<

   "Ut015A_OME01" 12-12-29 15:44:30
M  19 COMPLD
;RTRV-VCEMAP:"Ut015A_OME01":VCEMAP-1-ALL:20;
IP 20
<

   "Ut015A_OME01" 12-12-29 15:44:31
M  20 COMPLD
;RTRV-CRS-ALL:"Ut015A_OME01"::21:::CKTID=ALL;
IP 21
<

   "Ut015A_OME01" 12-12-29 15:44:31
M  21 COMPLD
   "STS3C-1-6-1-106,STS3C-1-1-4-1:2WAYPR:SWMATE=STS3C-1-9-1-85,PRIMARYXC=SHELF,PRIME=OSS,CKTID=\"2198LP_Ut15-Ut01_SURFNETNETWERK(SNETlan@Ut15)\":STS3C:"
   "STS3C-1-6-1-109,STS3C-1-1-4-4:2WAYPR:SWMATE=STS3C-1-9-1-88,PRIMARYXC=SHELF,PRIME=OSS,CKTID=\"2198LP_Ut15-Ut01_SURFNETNETWERK(SNETlan@Ut15)\":STS3C:"
   "STS3C-1-6-1-112,STS3C-1-1-4-7:2WAYPR:SWMATE=STS3C-1-9-1-91,PRIMARYXC=SHELF,PRIME=OSS,CKTID=\"2198LP_Ut15-Ut01_SURFNETNETWERK(SNETlan@Ut15)\":STS3C:"
   "STS3C-1-6-1-115,STS3C-1-1-4-10:2WAYPR:SWMATE=STS3C-1-9-1-94,PRIMARYXC=SHELF,PRIME=OSS,CKTID=\"2198LP_Ut15-Ut01_SURFNETNETWERK(SNETlan@Ut15)\":STS3C:"
   "STS3C-1-6-1-118,STS3C-1-1-4-13:2WAYPR:SWMATE=STS3C-1-9-1-97,PRIMARYXC=SHELF,PRIME=OSS,CKTID=\"2198LP_Ut15-Ut01_SURFNETNETWERK(SNETlan@Ut15)\":STS3C:"
   "STS3C-1-6-1-121,STS3C-1-1-4-16:2WAYPR:SWMATE=STS3C-1-9-1-100,PRIMARYXC=SHELF,PRIME=OSS,CKTID=\"2198LP_Ut15-Ut01_SURFNETNETWERK(SNETlan@Ut15)\":STS3C:"
   "STS3C-1-6-1-124,STS3C-1-1-4-19:2WAYPR:SWMATE=STS3C-1-9-1-103,PRIMARYXC=SHELF,PRIME=OSS,CKTID=\"2198LP_Ut15-Ut01_SURFNETNETWERK(SNETlan@Ut15)\":STS3C:"
   "STS3C-1-6-1-22,STS3C-1-1-3-1:2WAYPR:SWMATE=STS3C-1-9-1-172,PRIMARYXC=SHELF,PRIME=OSS,CKTID=\"2195LP_Nm01-Ut15_SURFNETNETWERK(SNETlan@Ut)\":STS3C:"
   "STS3C-1-9-1-43,STS3C-1-1-2-1:2WAYPR:SWMATE=STS3C-1-6-1-43,PRIMARYXC=SHELF,PRIME=OSS,CKTID=\"0035IP_Ut01-Ut15_WBI(Ut15)\":STS3C:"
   "STS3C-1-9-1-46,STS3C-1-1-2-4:2WAYPR:SWMATE=STS3C-1-6-1-46,PRIMARYXC=SHELF,PRIME=OSS,CKTID=\"0035IP_Ut01-Ut15_WBI(Ut15)\":STS3C:"
   "STS3C-1-9-1-49,STS3C-1-1-2-7:2WAYPR:SWMATE=STS3C-1-6-1-49,PRIMARYXC=SHELF,PRIME=OSS,CKTID=\"0035IP_Ut01-Ut15_WBI(Ut15)\":STS3C:"
   "STS3C-1-9-1-52,STS3C-1-1-2-10:2WAYPR:SWMATE=STS3C-1-6-1-52,PRIMARYXC=SHELF,PRIME=OSS,CKTID=\"0035IP_Ut01-Ut15_WBI(Ut15)\":STS3C:"
   "STS3C-1-9-1-55,STS3C-1-1-2-13:2WAYPR:SWMATE=STS3C-1-6-1-55,PRIMARYXC=SHELF,PRIME=OSS,CKTID=\"0035IP_Ut01-Ut15_WBI(Ut15)\":STS3C:"
   "STS3C-1-9-1-58,STS3C-1-1-2-16:2WAYPR:SWMATE=STS3C-1-6-1-58,PRIMARYXC=SHELF,PRIME=OSS,CKTID=\"0035IP_Ut01-Ut15_WBI(Ut15)\":STS3C:"
   "STS3C-1-9-1-61,STS3C-1-1-2-19:2WAYPR:SWMATE=STS3C-1-6-1-61,PRIMARYXC=SHELF,PRIME=OSS,CKTID=\"0035IP_Ut01-Ut15_WBI(Ut15)\":STS3C:"
   "STS3C-1-6-1-1,STS3C-1-1-1-1:2WAYPR:SWMATE=STS3C-1-9-1-1,PRIMARYXC=SHELF,PRIME=OSS,CKTID=\"0066IP_Ut15-Ut01_UMCU(Ut01-ome02)\":STS3C:"
   "STS3C-1-6-1-4,STS3C-1-1-1-4:2WAYPR:SWMATE=STS3C-1-9-1-4,PRIMARYXC=SHELF,PRIME=OSS,CKTID=\"0066IP_Ut15-Ut01_UMCU(Ut01-ome02)\":STS3C:"
   "STS3C-1-6-1-7,STS3C-1-1-1-7:2WAYPR:SWMATE=STS3C-1-9-1-7,PRIMARYXC=SHELF,PRIME=OSS,CKTID=\"0066IP_Ut15-Ut01_UMCU(Ut01-ome02)\":STS3C:"
>

   "Ut015A_OME01" 12-12-29 15:44:31
M  21 COMPLD
   "STS3C-1-6-1-10,STS3C-1-1-1-10:2WAYPR:SWMATE=STS3C-1-9-1-10,PRIMARYXC=SHELF,PRIME=OSS,CKTID=\"0066IP_Ut15-Ut01_UMCU(Ut01-ome02)\":STS3C:"
   "STS3C-1-6-1-13,STS3C-1-1-1-13:2WAYPR:SWMATE=STS3C-1-9-1-13,PRIMARYXC=SHELF,PRIME=OSS,CKTID=\"0066IP_Ut15-Ut01_UMCU(Ut01-ome02)\":STS3C:"
   "STS3C-1-6-1-16,STS3C-1-1-1-16:2WAYPR:SWMATE=STS3C-1-9-1-16,PRIMARYXC=SHELF,PRIME=OSS,CKTID=\"0066IP_Ut15-Ut01_UMCU(Ut01-ome02)\":STS3C:"
   "STS3C-1-6-1-19,STS3C-1-1-1-19:2WAYPR:SWMATE=STS3C-1-9-1-19,PRIMARYXC=SHELF,PRIME=OSS,CKTID=\"0066IP_Ut15-Ut01_UMCU(Ut01-ome02)\":STS3C:"
   "STS3C-1-9-1-175,STS3C-1-2-1-1:2WAYPR:SWMATE=STS3C-1-6-1-25,PRIMARYXC=SHELF,PRIME=OSS,CKTID=\"2196LP_Ut15-Ut02_SURFNETNETWERK(SNETlan@Ut)\":STS3C:"
   "STS3C-1-9-1-181,STS3C-1-2-1-4:2WAYPR:SWMATE=STS3C-1-6-1-31,PRIMARYXC=SHELF,PRIME=OSS,CKTID=\"2196LP_Ut15-Ut02_SURFNETNETWERK(SNETlan@Ut)\":STS3C:"
   "STS3C-1-9-1-184,STS3C-1-2-1-7:2WAYPR:SWMATE=STS3C-1-6-1-34,PRIMARYXC=SHELF,PRIME=OSS,CKTID=\"2196LP_Ut15-Ut02_SURFNETNETWERK(SNETlan@Ut)\":STS3C:"
   "STS3C-1-9-1-187,STS3C-1-2-1-10:2WAYPR:SWMATE=STS3C-1-6-1-37,PRIMARYXC=SHELF,PRIME=OSS,CKTID=\"2196LP_Ut15-Ut02_SURFNETNETWERK(SNETlan@Ut)\":STS3C:"
   "STS3C-1-9-1-190,STS3C-1-2-1-13:2WAYPR:SWMATE=STS3C-1-6-1-40,PRIMARYXC=SHELF,PRIME=OSS,CKTID=\"2196LP_Ut15-Ut02_SURFNETNETWERK(SNETlan@Ut)\":STS3C:"
   "STS3C-1-9-1-178,STS3C-1-6-1-28:2WAY:PRIMARYXC=SHELF,PRIME=OSS,CKTID=\"5086LP_Ut02-Asd01_KPN\":STS3C:"
   "STS3C-1-9-1-64,STS3C-1-6-1-64:2WAY:PRIMARYXC=SHELF,PRIME=OSS,CKTID=\"0040IP_Ut01-Ut02_SURFnetKantoor(Ut02)\":STS3C:"
   "STS3C-1-9-1-67,STS3C-1-6-1-67:2WAY:PRIMARYXC=SHELF,PRIME=OSS,CKTID=\"0040IP_Ut01-Ut02_SURFnetKantoor(Ut02)\":STS3C:"
   "STS3C-1-9-1-70,STS3C-1-6-1-70:2WAY:PRIMARYXC=SHELF,PRIME=OSS,CKTID=\"0040IP_Ut01-Ut02_SURFnetKantoor(Ut02)\":STS3C:"
   "STS3C-1-9-1-73,STS3C-1-6-1-73:2WAY:PRIMARYXC=SHELF,PRIME=OSS,CKTID=\"0040IP_Ut01-Ut02_SURFnetKantoor(Ut02)\":STS3C:"
   "STS3C-1-9-1-76,STS3C-1-6-1-76:2WAY:PRIMARYXC=SHELF,PRIME=OSS,CKTID=\"0040IP_Ut01-Ut02_SURFnetKantoor(Ut02)\":STS3C:"
   "STS3C-1-9-1-79,STS3C-1-6-1-79:2WAY:PRIMARYXC=SHELF,PRIME=OSS,CKTID=\"0040IP_Ut01-Ut02_SURFnetKantoor(Ut02)\":STS3C:"
   "STS3C-1-9-1-82,STS3C-1-6-1-82:2WAY:PRIMARYXC=SHELF,PRIME=OSS,CKTID=\"0040IP_Ut01-Ut02_SURFnetKantoor(Ut02)\":STS3C:"
   "STS3C-1-9-1-106,STS3C-1-6-1-127:2WAY:PRIMARYXC=SHELF,PRIME=OSS,CKTID=\"2157LP_Ut02-Tb01_SURFnet\":STS3C:"
>

   "Ut015A_OME01" 12-12-29 15:44:31
M  21 COMPLD
   "STS3C-1-9-1-109,STS3C-1-6-1-130:2WAY:PRIMARYXC=SHELF,PRIME=OSS,CKTID=\"2157LP_Ut02-Tb01_SURFnet\":STS3C:"
   "STS3C-1-9-1-112,STS3C-1-6-1-133:2WAY:PRIMARYXC=SHELF,PRIME=OSS,CKTID=\"2157LP_Ut02-Tb01_SURFnet\":STS3C:"
   "STS3C-1-9-1-115,STS3C-1-6-1-136:2WAY:PRIMARYXC=SHELF,PRIME=OSS,CKTID=\"2172LP_Ut01-Asd01_SURFnet\":STS3C:"
   "STS3C-1-9-1-118,STS3C-1-6-1-139:2WAY:PRIMARYXC=SHELF,PRIME=OSS,CKTID=\"2172LP_Ut01-Asd01_SURFnet\":STS3C:"
   "STS3C-1-9-1-121,STS3C-1-6-1-142:2WAY:PRIMARYXC=SHELF,PRIME=OSS,CKTID=\"2172LP_Ut01-Asd01_SURFnet\":STS3C:"
   "STS3C-1-9-1-124,STS3C-1-6-1-145:2WAY:PRIMARYXC=SHELF,PRIME=OSS,CKTID=\"2172LP_Ut01-Asd01_SURFnet\":STS3C:"
   "STS3C-1-9-1-127,STS3C-1-6-1-148:2WAY:PRIMARYXC=SHELF,PRIME=OSS,CKTID=\"2084LP_Ut02-Asd01_SURFdiensten\":STS3C:"
   "STS3C-1-9-1-130,STS3C-1-6-1-151:2WAY:PRIMARYXC=SHELF,PRIME=OSS,CKTID=\"2084LP_Ut02-Asd01_SURFdiensten\":STS3C:"
   "STS3C-1-9-1-133,STS3C-1-6-1-154:2WAY:PRIMARYXC=SHELF,PRIME=OSS,CKTID=\"2084LP_Ut02-Asd01_SURFdiensten\":STS3C:"
   "STS3C-1-9-1-136,STS3C-1-6-1-157:2WAY:PRIMARYXC=SHELF,PRIME=OSS,CKTID=\"2084LP_Ut02-Asd01_SURFdiensten\":STS3C:"
   "STS3C-1-9-1-139,STS3C-1-6-1-160:2WAY:PRIMARYXC=SHELF,PRIME=OSS,CKTID=\"2084LP_Ut02-Asd01_SURFdiensten\":STS3C:"
   "STS3C-1-9-1-142,STS3C-1-6-1-163:2WAY:PRIMARYXC=SHELF,PRIME=OSS,CKTID=\"2084LP_Ut02-Asd01_SURFdiensten\":STS3C:"
   "STS3C-1-9-1-145,STS3C-1-6-1-166:2WAY:PRIMARYXC=SHELF,PRIME=OSS,CKTID=\"2084LP_Ut02-Asd01_SURFdiensten\":STS3C:"
   "STS3C-1-9-1-148,STS3C-1-6-1-169:2WAY:PRIMARYXC=SHELF,PRIME=OSS,CKTID=\"0040IP_Ut01-Ut02_SURFnetKantoor(Ut02)\":STS3C:"
   "STS3C-1-9-1-151,STS3C-1-6-1-172:2WAY:PRIMARYXC=SHELF,PRIME=OSS,CKTID=\"0040IP_Ut01-Ut02_SURFnetKantoor(Ut02)\":STS3C:"
   "STS3C-1-9-1-154,STS3C-1-6-1-175:2WAY:PRIMARYXC=SHELF,PRIME=OSS,CKTID=\"0040IP_Ut01-Ut02_SURFnetKantoor(Ut02)\":STS3C:"
   "STS3C-1-9-1-157,STS3C-1-6-1-178:2WAY:PRIMARYXC=SHELF,PRIME=OSS,CKTID=\"0040IP_Ut01-Ut02_SURFnetKantoor(Ut02)\":STS3C:"
   "STS3C-1-9-1-160,STS3C-1-6-1-181:2WAY:PRIMARYXC=SHELF,PRIME=OSS,CKTID=\"0040IP_Ut01-Ut02_SURFnetKantoor(Ut02)\":STS3C:"
>

   "Ut015A_OME01" 12-12-29 15:44:31
M  21 COMPLD
   "STS3C-1-9-1-163,STS3C-1-6-1-184:2WAY:PRIMARYXC=SHELF,PRIME=OSS,CKTID=\"0040IP_Ut01-Ut02_SURFnetKantoor(Ut02)\":STS3C:"
   "STS3C-1-9-1-166,STS3C-1-6-1-187:2WAY:PRIMARYXC=SHELF,PRIME=OSS,CKTID=\"0040IP_Ut01-Ut02_SURFnetKantoor(Ut02)\":STS3C:"
   "STS3C-1-9-1-169,STS3C-1-6-1-190:2WAY:PRIMARYXC=SHELF,PRIME=OSS,CKTID=\"0040IP_Ut01-Ut02_SURFnetKantoor(Ut02)\":STS3C:"
;RTRV-AD-ALL:"Ut015A_OME01"::22;
IP 22
<

   "Ut015A_OME01" 12-12-29 15:44:32
M  22 COMPLD
   "OC192-1-6-1:TYP-SH-SL-PRT,LINE:TX_VERSION=\"2\",TX_TAG=\"AD_2_00:17:d1:ff:c2:8e_001_000_006_000_001_ME_1\",RX_VERSION=\"2\",RX_ACTUAL=\"AD_2_00:14:0d:03:50:34_001_000_013_000_001_ME_1\",RX_EXPECTED=\"\",RECONFIG=DISABLE,RX_RELIABILITY=RELIABLE,MECHANISM=IIH"
   "ADJ-1-6-1:TYP-SH-SL-PRT,PHYS:TX_VERSION=\"2\",TX_TAG=\"Ut015A_OME01-1-6-1\",RX_VERSION=\"2\",RX_ACTUAL=\"\",RX_EXPECTED=\"\",RECONFIG=DISABLE,RX_RELIABILITY=UNRELIABLE,MECHANISM=DERIVED"
   "OC192-1-9-1:TYP-SH-SL-PRT,LINE:TX_VERSION=\"2\",TX_TAG=\"AD_2_00:17:d1:ff:c2:8e_001_000_009_000_001_ME_1\",RX_VERSION=\"2\",RX_ACTUAL=\"AD_2_00:1b:25:2d:da:65_001_000_006_000_001_ME_1\",RX_EXPECTED=\"\",RECONFIG=DISABLE,RX_RELIABILITY=RELIABLE,MECHANISM=IIH"
   "ADJ-1-9-1:TYP-SH-SL-PRT,PHYS:TX_VERSION=\"2\",TX_TAG=\"Ut015A_OME01-1-9-1\",RX_VERSION=\"2\",RX_ACTUAL=\"\",RX_EXPECTED=\"\",RECONFIG=DISABLE,RX_RELIABILITY=UNRELIABLE,MECHANISM=DERIVED"
;RTRV-FFP-OC192:"Ut015A_OME01":OC192-1-ALL:23;
IP 23
<

   "Ut015A_OME01" 12-12-29 15:44:32
M  23 COMPLD
;<<RTRV-HDR keep alive sent>>
IP 24
<

   "Ut015A_OME01" 12-12-29 15:46:14
M  24 COMPLD
;

   "Ut015A_OME01" 12-12-29 15:47:09
A  0001160959 REPT EVT LOG
   "DATE=12-12-29,TIME=15-47-09:USERID=SNSCRIPT,PRIORITY=GEN_TL1_CMD,STATUS=COMPLD:ACT-USER:SNSCRIPT:1::::"
;

   "Ut015A_OME01" 12-12-29 15:47:10
A  0001160960 REPT EVT LOG
   "DATE=12-12-29,TIME=15-47-10:USERID=SNSCRIPT,PRIORITY=GEN_TL1_CMD,STATUS=COMPLD:CANC-USER:SNSCRIPT:1::::"
;<<RTRV-HDR keep alive sent>>
IP 25
<

   "Ut015A_OME01" 12-12-29 15:48:14
M  25 COMPLD
;<<RTRV-HDR keep alive sent>>
IP 26
<

   "Ut015A_OME01" 12-12-29 15:50:14
M  26 COMPLD
;<<RTRV-HDR keep alive sent>>
IP 27
<

   "Ut015A_OME01" 12-12-29 15:52:15
M  27 COMPLD
;

   "Ut015A_OME01" 12-12-29 15:54:03
A  0001160961 REPT EVT LOG
   "DATE=12-12-29,TIME=15-54-03:USERID=SNSCRIPT,PRIORITY=GEN_TL1_CMD,STATUS=COMPLD:ACT-USER:SNSCRIPT:1::::"
;

   "Ut015A_OME01" 12-12-29 15:54:04
A  0001160962 REPT EVT LOG
   "DATE=12-12-29,TIME=15-54-04:USERID=SNSCRIPT,PRIORITY=GEN_TL1_CMD,STATUS=COMPLD:CANC-USER:SNSCRIPT:1::::"
;<<RTRV-HDR keep alive sent>>
IP 28
<

   "Ut015A_OME01" 12-12-29 15:54:15
M  28 COMPLD
;<<RTRV-HDR keep alive sent>>
IP 29
<

   "Ut015A_OME01" 12-12-29 15:56:16
M  29 COMPLD
;<<RTRV-HDR keep alive sent>>
IP 30
<

   "Ut015A_OME01" 12-12-29 15:58:16
M  30 COMPLD
;<<RTRV-HDR keep alive sent>>
IP 31
<

   "Ut015A_OME01" 12-12-29 16:00:17
M  31 COMPLD
;

   "Ut015A_OME01" 12-12-29 16:02:09
A  0001160963 REPT EVT LOG
   "DATE=12-12-29,TIME=16-02-09:USERID=SNSCRIPT,PRIORITY=GEN_TL1_CMD,STATUS=COMPLD:ACT-USER:SNSCRIPT:1::::"
;

   "Ut015A_OME01" 12-12-29 16:02:10
A  0001160964 REPT EVT LOG
   "DATE=12-12-29,TIME=16-02-10:USERID=SNSCRIPT,PRIORITY=GEN_TL1_CMD,STATUS=COMPLD:CANC-USER:SNSCRIPT:1::::"
;<<RTRV-HDR keep alive sent>>
IP 32
<

   "Ut015A_OME01" 12-12-29 16:02:18
M  32 COMPLD
;<<RTRV-HDR keep alive sent>>
IP 33
<

   "Ut015A_OME01" 12-12-29 16:04:19
M  33 COMPLD
;<<RTRV-HDR keep alive sent>>
IP 34
<

   "Ut015A_OME01" 12-12-29 16:06:20
M  34 COMPLD
;<<RTRV-HDR keep alive sent>>
IP 35
<

   "Ut015A_OME01" 12-12-29 16:08:19
M  35 COMPLD
;<<RTRV-HDR keep alive sent>>
IP 36
<

   "Ut015A_OME01" 12-12-29 16:10:21
M  36 COMPLD
;<<RTRV-HDR keep alive sent>>
IP 37
<

   "Ut015A_OME01" 12-12-29 16:12:21
M  37 COMPLD
;<<RTRV-HDR keep alive sent>>
IP 38
<

   "Ut015A_OME01" 12-12-29 16:14:22
M  38 COMPLD
;

   "Ut015A_OME01" 12-12-29 16:16:09
A  0001160965 REPT EVT LOG
   "DATE=12-12-29,TIME=16-16-09:USERID=SNSCRIPT,PRIORITY=GEN_TL1_CMD,STATUS=COMPLD:ACT-USER:SNSCRIPT:1::::"
;

   "Ut015A_OME01" 12-12-29 16:16:10
A  0001160966 REPT EVT LOG
   "DATE=12-12-29,TIME=16-16-10:USERID=SNSCRIPT,PRIORITY=GEN_TL1_CMD,STATUS=COMPLD:CANC-USER:SNSCRIPT:1::::"
;<<RTRV-HDR keep alive sent>>
IP 39
<

   "Ut015A_OME01" 12-12-29 16:16:22
M  39 COMPLD
;

   "Ut015A_OME01" 12-12-29 16:17:10
A  0001160967 REPT EVT LOG
   "DATE=12-12-29,TIME=16-17-10:USERID=SNSCRIPT,PRIORITY=GEN_TL1_CMD,STATUS=COMPLD:ACT-USER:SNSCRIPT:1::::"
;

   "Ut015A_OME01" 12-12-29 16:17:10
A  0001160968 REPT EVT LOG
   "DATE=12-12-29,TIME=16-17-10:USERID=SNSCRIPT,PRIORITY=GEN_TL1_CMD,STATUS=COMPLD:CANC-USER:SNSCRIPT:1::::"
;<<RTRV-HDR keep alive sent>>
IP 40
<

   "Ut015A_OME01" 12-12-29 16:18:22
M  40 COMPLD
;<<RTRV-HDR keep alive sent>>
IP 41
<

   "Ut015A_OME01" 12-12-29 16:20:22
M  41 COMPLD
;<<RTRV-HDR keep alive sent>>
IP 42
<

   "Ut015A_OME01" 12-12-29 16:22:23
M  42 COMPLD
;<<RTRV-HDR keep alive sent>>
IP 43
<

   "Ut015A_OME01" 12-12-29 16:24:23
M  43 COMPLD
;<<RTRV-HDR keep alive sent>>
IP 44
<

   "Ut015A_OME01" 12-12-29 16:26:23
M  44 COMPLD
;<<RTRV-HDR keep alive sent>>
IP 45
<

   "Ut015A_OME01" 12-12-29 16:28:23
M  45 COMPLD
;<<RTRV-HDR keep alive sent>>
IP 46
<

   "Ut015A_OME01" 12-12-29 16:30:24
M  46 COMPLD
;

   "Ut015A_OME01" 12-12-29 16:32:10
A  0001160969 REPT EVT LOG
   "DATE=12-12-29,TIME=16-32-10:USERID=SNSCRIPT,PRIORITY=GEN_TL1_CMD,STATUS=COMPLD:ACT-USER:SNSCRIPT:1::::"
;

   "Ut015A_OME01" 12-12-29 16:32:10
A  0001160970 REPT EVT LOG
   "DATE=12-12-29,TIME=16-32-10:USERID=SNSCRIPT,PRIORITY=GEN_TL1_CMD,STATUS=COMPLD:CANC-USER:SNSCRIPT:1::::"
;<<RTRV-HDR keep alive sent>>
IP 47
<

   "Ut015A_OME01" 12-12-29 16:32:25
M  47 COMPLD
;<<RTRV-HDR keep alive sent>>
IP 48
<

   "Ut015A_OME01" 12-12-29 16:34:25
M  48 COMPLD
;<<RTRV-HDR keep alive sent>>
IP 49
<

   "Ut015A_OME01" 12-12-29 16:36:25
M  49 COMPLD
;<<RTRV-HDR keep alive sent>>
IP 50
<

   "Ut015A_OME01" 12-12-29 16:38:25
M  50 COMPLD
;<<RTRV-HDR keep alive sent>>
IP 51
<

   "Ut015A_OME01" 12-12-29 16:40:26
M  51 COMPLD
;<<RTRV-HDR keep alive sent>>
IP 52
<

   "Ut015A_OME01" 12-12-29 16:42:26
M  52 COMPLD
;<<RTRV-HDR keep alive sent>>
IP 53
<

   "Ut015A_OME01" 12-12-29 16:44:26
M  53 COMPLD
;<<RTRV-HDR keep alive sent>>
IP 54
<

   "Ut015A_OME01" 12-12-29 16:46:27
M  54 COMPLD
;

   "Ut015A_OME01" 12-12-29 16:47:13
A  0001160971 REPT EVT LOG
   "DATE=12-12-29,TIME=16-47-13:USERID=SNSCRIPT,PRIORITY=GEN_TL1_CMD,STATUS=COMPLD:ACT-USER:SNSCRIPT:1::::"
;

   "Ut015A_OME01" 12-12-29 16:47:14
A  0001160972 REPT EVT LOG
   "DATE=12-12-29,TIME=16-47-14:USERID=SNSCRIPT,PRIORITY=GEN_TL1_CMD,STATUS=COMPLD:CANC-USER:SNSCRIPT:1::::"
;<<RTRV-HDR keep alive sent>>
IP 55
<

   "Ut015A_OME01" 12-12-29 16:48:27
M  55 COMPLD
;<<RTRV-HDR keep alive sent>>
IP 56
<

   "Ut015A_OME01" 12-12-29 16:50:28
M  56 COMPLD
;<<RTRV-HDR keep alive sent>>
IP 57
<

   "Ut015A_OME01" 12-12-29 16:52:29
M  57 COMPLD
;<<RTRV-HDR keep alive sent>>
IP 58
<

   "Ut015A_OME01" 12-12-29 16:54:28
M  58 COMPLD
;<<RTRV-HDR keep alive sent>>
IP 59
<

   "Ut015A_OME01" 12-12-29 16:56:29
M  59 COMPLD
;