***** (re)Starting logger at Mon Mar 29 15:07:10 EDT 2010*****


**** TL1 session opened at Mon Mar 29 15:07:10 EDT 2010 ****


??????<<RTRV-HDR keep alive sent>>


WARNING! This computer system and network is PRIVATE and PROPRIETARY of [com
pany name] and may only be accesses by authorized users.  Unauthorized use 
of this computer system or network is strictly prohibited and may be subjec
t to criminal prosecution, employee discipline up to and including discharg
e, or the termination of the vendor/service contracts.  The owner, or its a
gents, may monitor any activity or communication on the computer system or 
NETWORK.

------------ (c) 2000 - 2009 Nortel Networks. All Rights Reserved ----------
|  NOTICE: This is a private computer system.                              |
|  Unauthorized access or use may lead to prosecution.                     |
|                                                                          |
|  NORTEL Optical Multiservice Edge 6500 REARELEC                          |
----------------------------------------------------------------------------

/*
 * Starting Interactive TL1 Command Mode.
 * Type ? for help while constructing TL1 commands.
 * Type .? for specific parameter/keyword help.
 */


IP 2
<

   OME0307 10-03-29 19:04:55
M  2 DENY
   PLNA
   /*Privilege, Login Not Active*/
;<<ACT-USER sent, password hidden>>
IP 3
<

   OME0307 10-03-29 19:04:55
M  3 COMPLD
;RTRV-NETYPE:OME0307::4;
IP 4
<

   OME0307 10-03-29 19:04:56
M  4 COMPLD
   "NORTEL,\"Optical Multiservice Edge 6500 REARELEC\",OCP,\"REL0600Z.PK\""
;RTRV-SW-VER:OME0307::5;
IP 5
<

   OME0307 10-03-29 19:04:56
M  5 COMPLD
   "SHELF-1:REL0600Z.PK"
;RTRV-RTG-INFO:OME0307::6:::NAME="OME0307";
IP 6
<

   OME0307 10-03-29 19:04:56
M  6 COMPLD
   "SHELF-1::,\"OME0307\",0021E1D6D82C,00001600,YES"
;RTRV-SYS:OME0307::7;
IP 7
<

   OME0307 10-03-29 19:04:56
M  7 COMPLD
   "ALMHO=2.5,ALMCORR=OFF,BAYFICINAO=FALSE,LINEPEVSTAT=MAN&AUTO,GCC0MODE=DISABLED,GCC1MODE=DISABLED,PATHSDTH=6,PATHEBERTH=3,PATHSWCRIT=AIS&LOP&UNEQ&EBER&SD,PTHAISINSERT=AIS&LOP,PATHPEVSTAT=MAN,PROVCURRENT=40,EQPTCURRENT=40,ACTUALPOWER=301,MONITORFAN=ENABLED,MINCOOLING=HIGHFLOW,ACTUALCOOLING=LOWFLOW,LASEROFFFARENDFAIL=DISABLED,NEMODE=SONET,FILLERMGMT=ENABLED,CSFMCASTMAC=0180c2880001,BITSMODE=SONET,ETHSDTH=1,ETHEERTH=20,FCSDTH=1,FCEERTH=20,WANFRSDTH=1,WANFREERTH=20,WANTRSDTH=1,WANTREERTH=20,ETHGFPRFI=ENABLED,ETHGFPRFIUPI=128,OSCMODE=OSPF"
;ALW-MSG-BROADCAST:OME0307:ALL:8;
IP 8
<

   OME0307 10-03-29 19:04:56
M  8 COMPLD
;RTRV-OC3:OME0307:OC3-1-ALL:9;
IP 9
<

   OME0307 10-03-29 19:04:56
M  9 COMPLD
;RTRV-OC12:OME0307:OC12-1-ALL:10;
IP 10
<

   OME0307 10-03-29 19:04:56
M  10 COMPLD
   "OC12-1-11-1::TMGREF=N,DCC=Y,,SDTH=6,,,,,ALS=DISABLED,DUSOVERRIDE=DISABLED,EBERTH=3,PORTMODE=SONET,UNEQMODE=STS1,,:IS,DISCD"
   "OC12-1-12-1::TMGREF=N,DCC=Y,,SDTH=6,,,,,ALS=DISABLED,DUSOVERRIDE=DISABLED,EBERTH=3,PORTMODE=SONET,UNEQMODE=STS1,,:OOS-AU,FLT&DISCD"
;RTRV-OC48:OME0307:OC48-1-ALL:11;
IP 11
<

   OME0307 10-03-29 19:04:56
M  11 COMPLD
;RTRV-OC192:OME0307:OC192-1-ALL:12;
IP 12
<

   OME0307 10-03-29 19:04:57
M  12 COMPLD
;RTRV-EQPT:OME0307:ALL:13;
IP 13
<

   OME0307 10-03-29 19:04:57
M  13 COMPLD
   "GE-1-1::PROVPEC=NTK535LA,CTYPE=\"4xGbE/GFP/p-p Optical\",PEC=NTK535LA,REL=06  ,CLEI=WMOTAJ4JAD,SER=NNTMH1H1027YZ,MDAT=2010-05,AGE=00-005-05-01,ONSC=00-005-05-01:IS,IDLE"
   "XC-1-7::PROVPEC=NTK557BA,CTYPE=\"X-CONN 160G+ STS-1/VC-3 SYNC-ST3\",PEC=NTK557BA,REL= 11 ,CLEI=WMIXCE0BAG,SER=NNTMH1Q103CCP,MDAT=2010-01,AGE=00-046-05-30,ONSC=00-046-05-30:IS,WRKTRAF&WRKSYNC"
   "XC-1-8::PROVPEC=NTK557BA,CTYPE=\"X-CONN 160G+ STS-1/VC-3 SYNC-ST3\":OOS-AU,UEQ"
   "155622M-1-11::PROVPEC=NTK513DA,CTYPE=\"8x OC-3/12/STM-1/4 VT1.5/LO SFP\",PEC=NTK513DA,REL=08  ,CLEI=WMOTAHYJAD,SER=NNTMH1H100W1H,MDAT=2008-09,AGE=01-296-15-08,ONSC=00-020-17-13:IS,IDLE"
   "P155622M-1-11-1::PROVPEC=NTTP04CF,CTYPE=\"OC-3/12/STM-1/4 IR-1/S-1.1_S-4.1 1310nm SFP\",PEC=NTTP04CF,REL=01,CLEI=OMISNBRONE,SER=EXLGJP38E7170363:IS,IDLE"
   "155622M-1-12::PROVPEC=NTK513DA,CTYPE=\"8x OC-3/12/STM-1/4 VT1.5/LO SFP\",PEC=NTK513DA,REL=08  ,CLEI=WMOTAHYJAD,SER=NNTMH1M100VZL,MDAT=2008-09,AGE=00-282-07-27,ONSC=00-020-17-13:IS,IDLE"
   "P155622M-1-12-1::PROVPEC=NTTP04CF,CTYPE=\"OC-3/12/STM-1/4 IR-1/S-1.1_S-4.1 1310nm SFP\",PEC=NTTP04CF,REL=01,CLEI=OMISNBRONE,SER=EXLGJP38E7180372:IS,IDLE"
   "SP-1-15::PROVPEC=NTK555AB,CTYPE=\"Processor SP with I2C support\",PEC=NTK555AB,REL= 01 ,CLEI=WMUCA2MAAA,SER=NNTMH1N102JHJ,MDAT=2009-33,AGE=00-157-23-39,ONSC=00-020-19-50:IS,"
;RTRV-WAN:OME0307:WAN-1-ALL:14;
IP 14
<

   OME0307 10-03-29 19:04:57
M  14 COMPLD
;RTRV-ETH:OME0307:ETH-1-ALL:15;
IP 15
<

   OME0307 10-03-29 19:04:57
M  15 COMPLD
;RTRV-ETH10G:OME0307:ETH10G-1-ALL:16;
IP 16
<

   OME0307 10-03-29 19:04:57
M  16 COMPLD
;RTRV-VCS:OME0307:VCS-1-ALL:17;
IP 17
<

   OME0307 10-03-29 19:04:57
M  17 COMPLD
;RTRV-VCE:OME0307:VCE-1-ALL:18;
IP 18
<

   OME0307 10-03-29 19:04:57
M  18 COMPLD
;RTRV-VCEMAP:OME0307:VCEMAP-1-ALL:19;
IP 19
<

   OME0307 10-03-29 19:04:57
M  19 COMPLD
;RTRV-CRS-ALL:OME0307::20:::CKTID=ALL;
IP 20
<

   OME0307 10-03-29 19:04:58
M  20 COMPLD
;RTRV-AD-ALL:OME0307::21;
IP 21
<

   OME0307 10-03-29 19:04:58
M  21 COMPLD
   "OC12-1-11-1:TYP-SH-SL-PRT,SECT:TX_VERSION=\"2\",TX_TAG=\"AD_2_00:21:e1:d6:d8:2c_001_000_011_000_001_ME_1\",RX_VERSION=\"2\",RX_ACTUAL=\"AD_2_00:21:e1:d6:d6:70_001_000_012_000_001_ME_1\",RX_RELIABILITY=RELIABLE,MECHANISM=IIH"
   "OC12-1-12-1:TYP-SH-SL-PRT,SECT:TX_VERSION=\"2\",TX_TAG=\"AD_2_00:21:e1:d6:d8:2c_001_000_012_000_001_ME_1\",RX_VERSION=\"2\",RX_ACTUAL=\"AD_2_00:21:e1:d6:d5:dc_001_000_011_000_001_ME_1\",RX_RELIABILITY=RELIABLE,MECHANISM=IIH"
;RTRV-FFP-OC192:OME0307:OC192-1-ALL:22;
IP 22
<

   OME0307 10-03-29 19:04:58
M  22 COMPLD
;<<RTRV-HDR keep alive sent>>
IP 23
<

   OME0307 10-03-29 19:06:55
M  23 COMPLD
;<<RTRV-HDR keep alive sent>>
IP 24
<

   OME0307 10-03-29 19:08:55
M  24 COMPLD
;<<RTRV-HDR keep alive sent>>
IP 25
<

   OME0307 10-03-29 19:10:56
M  25 COMPLD
;<<RTRV-HDR keep alive sent>>
IP 26
<

   OME0307 10-03-29 19:12:56
M  26 COMPLD
;<<RTRV-HDR keep alive sent>>
IP 27
<

   OME0307 10-03-29 19:14:56
M  27 COMPLD
;

   OME0307 10-03-29 19:15:23
A  0000027190 REPT EVT OC12
   "OC12-1-12-1:T-UAS-L,TC,03-29,19-15-23,NEND,RCV,23,10,15-MIN:\"T-UAS-L\":0100000000-0000-0000,:YEAR=2010,MODE=SONET"
;<<RTRV-HDR keep alive sent>>
IP 28
<

   OME0307 10-03-29 19:16:56
M  28 COMPLD
;<<RTRV-HDR keep alive sent>>
IP 29
<

   OME0307 10-03-29 19:18:56
M  29 COMPLD
;