***** (re)Starting logger at Sat Dec 29 10:44:11 EST 2012*****


**** TL1 session opened at Sat Dec 29 10:44:11 EST 2012 ****


<<RTRV-HDR keep alive sent>>
ÿûÿûÿý

WARNING! This computer system and network is PRIVATE and PROPRIETARY of
[SURFnet] and may only be accesses by authorized users. Unauthorized use of
this computer system or network is strictly prohibited and may be subject
to criminal prosecution, employee discipline up to and including discharge,
or the termination of the vendor/service contracts. The owner, or its
agents, may monitor any activity or communication on the computer system or
NETWORK.

--- Copyright (c) 2000 - 2011 Ciena (R) Corporation. All Rights Reserved ---
|  NOTICE: This is a private computer system.                              |
|  Unauthorized access or use may lead to prosecution.                     |
|                                                                          |
|  Ciena 6500 OPTICAL                                                      |
----------------------------------------------------------------------------

/*
 * Starting Interactive TL1 Command Mode.
 * Type ? for help while constructing TL1 commands.
 * Type .? for specific parameter/keyword help.
 */


IP 2
<

   "Ut001A_OME01" 12-12-29 15:44:12
M  2 DENY
   PLNA
   /*Privilege, Login Not Active*/
;<<ACT-USER sent, password hidden>>
IP 3
<

   "Ut001A_OME01" 12-12-29 15:44:14
M  3 COMPLD
;RTRV-NETYPE:"Ut001A_OME01"::4;
IP 4
<

   "Ut001A_OME01" 12-12-29 15:44:15
M  4 COMPLD
   "CIENA,\"6500 OPTICAL\",OCP,\"REL0810Z.HD\""
;RTRV-SW-VER:"Ut001A_OME01"::5;
IP 5
<

   "Ut001A_OME01" 12-12-29 15:44:15
M  5 COMPLD
   "SHELF-1:REL0810Z.HD"
;RTRV-RTG-INFO:"Ut001A_OME01"::6:::NAME="Ut001A_OME01";
IP 6
<

   "Ut001A_OME01" 12-12-29 15:44:22
M  6 COMPLD
   "SHELF-1::,\"Ut001A_OME01\",0020D8DF3BFB|145.145.74.80,00001600,YES"
;RTRV-SYS:"Ut001A_OME01"::7;
IP 7
<

   "Ut001A_OME01" 12-12-29 15:44:23
M  7 COMPLD
   "SHELF-1::ACTUALCOOLING=HIGHFLOW,ACTUALPOWER=832,AINSTIMEOUT=00-05,ALMCORR=OFF,ALMHO=2.5,BAYFICINAO=FALSE,BITSMODE=SDH,CSFMCASTMAC=0180C2880001,EQPTCURRENT=40,ETHEERTH=20,ETHGFPRFI=ENABLED,ETHGFPRFIUPI=128,ETHSDTH=1,FCEERTH=20,FCSDTH=1,FIBERLOSSDETECTION=DISABLED,FILLERMGMT=ENABLED,GCC0MODE=IISIS,GCC1MODE=DISABLED,LASEROFFFARENDFAIL=DISABLED,LINEPEVSTAT=MAN&AUTO,MAJORDEGRADETHRESH=6.00,MINCOOLING=LOWFLOW,MINORDEGRADETHRESH=3.00,MONITORFAN=ENABLED,NEMODE=SDH,OSCMODE=OSPF,PATHEBERTH=3,PATHPEVSTAT=MAN,PATHSDTH=6,PATHSWCRIT=UNEQ&SD&EBER&AIS&LOP,PROVCURRENT=40,PTHAISINSERT=AIS&LOP,SHELFSYNCH=NO,STATE=NORMAL,WANFREERTH=20,WANFRSDTH=1,WANTREERTH=20,WANTRSDTH=1"
;ALW-MSG-BROADCAST:"Ut001A_OME01":ALL:8;
IP 8
<

   "Ut001A_OME01" 12-12-29 15:44:23
M  8 COMPLD
;RTRV-EQPT:"Ut001A_OME01":ALL:9;
IP 9
<

   "Ut001A_OME01" 12-12-29 15:44:24
M  9 COMPLD
   "GE-1-1::PROVPEC=NTK535LA,CTYPE=\"GE EPL 4 Port SFP\",SNMPINDEX=671220736,PEC=NTK535LA,REL= 03 ,CLEI=WMOTAJ4JAC,SER=NNTMH830005R1,MDAT=2005-25,AGE=06-362-10-01,ONSC=06-362-10-01:IS,ACT"
   "PGEFC-1-1-1::PROVPEC=NTTP01CF,CTYPE=\"GE LX [10k]/FC100 SM 1310nm LC SFP\",SNMPINDEX=671220737,PEC=NTTP01CF,REL=01,CLEI=WMOTAH1JAA,SER=EXLGJPM5E4260102:IS,ACT"
   "PGEFC-1-1-2::PROVPEC=NTTP01CF,CTYPE=\"GE LX [10k]/FC100 SM 1310nm LC SFP\",SNMPINDEX=671220738,PEC=NTTP01CF,REL=01,CLEI=WMOTAH1JAA,SER=EXLGJPM4E4260859:IS,ACT"
   "PGEFC-1-1-3::PROVPEC=NTTP01CF,CTYPE=\"GE LX [10k]/FC100 SM 1310nm LC SFP\",SNMPINDEX=671220739,PEC=NTTP01CF,REL=01,CLEI=WMOTAH1JAA,SER=EXLGJPM4E4260267:IS,ACT"
   "PGEFC-1-1-4::PROVPEC=NTTP01CF,CTYPE=\"GE LX [10k]/FC100 SM 1310nm LC SFP\",SNMPINDEX=671220740,PEC=NTTP01CF,REL=01,CLEI=WMOTAH1JAA,SER=EXLGJPM4E4260036:IS,ACT"
   "2G5-1-2::PROVPEC=NTK516BA,CTYPE=\"OC-48/STM-16 STS-1/HO 2 Port SFP\",SNMPINDEX=671221760,PEC=NTK516BA,REL= 01 ,CLEI=WMOTAG6JAA,SER=NNTM01I1D491W,MDAT=2004-52,AGE=01-309-01-57,ONSC=01-309-01-57:IS,ACT"
   "P2G5-1-2-1::PROVPEC=NTTP03FF,CTYPE=\"OC-48 LR-2/L-16.2,1550nm,3.3V,-10/+85C,SFP,20pins,LC,EMSA\",SNMPINDEX=671221761,PEC=NTTP03FF,REL=01,CLEI=WMOTAJAJAA,SER=EXLGJPP9D9320031:IS,ACT"
   "GE-1-3::PROVPEC=NTK535LB,CTYPE=\"GE EPL EFM 4 Port SFP\",SNMPINDEX=671222784,PEC=NTK535LB,REL= 01 ,CLEI=WMOTBRFJAA,SER=NNTM0131D69VD,MDAT=2007-43,AGE=02-285-21-18,ONSC=02-285-21-18:IS,ACT"
   "PGEFC-1-3-1::PROVPEC=NTTP01CF,CTYPE=\"GE LX [10k]/FC100 SM 1310nm LC SFP\",SNMPINDEX=671222785,PEC=NTTP01CF,REL=01,CLEI=WMOTAH1JAA,SER=EXLGJPMYEY340049:IS,ACT"
   "PGEFC-1-3-2::PROVPEC=NTTP01CF,CTYPE=\"GE LX [10k]/FC100 SM 1310nm LC SFP\",SNMPINDEX=671222786,PEC=NTTP01CF,REL=01,CLEI=WMOTAH1JAA,SER=EXLGJPD851592495:IS,ACT"
>

   "Ut001A_OME01" 12-12-29 15:44:24
M  9 COMPLD
   "PGEFC-1-3-3::PROVPEC=NTTP01CF,CTYPE=\"GE LX [10k]/FC100 SM 1310nm LC SFP\",SNMPINDEX=671222787,PEC=NTTP01CF,REL=01,CLEI=WMOTAH1JAA,SER=EXLGJPD6T5030032:IS,ACT"
   "PGEFC-1-3-4::PROVPEC=NTTP01CF,CTYPE=\"GE LX [10k]/FC100 SM 1310nm LC SFP\",SNMPINDEX=671222788,PEC=NTTP01CF,REL=01,CLEI=WMOTAH1JAA,SER=EXLGJPC4E4110206:IS,ACT"
   "XGE-1-4::PROVPEC=NTK533AA,CTYPE=\"10GE LAN/WAN 10G EPL 1 Port XFP\",SNMPINDEX=671223808,PEC=NTK533AA,REL= 02 ,CLEI=WOTRAM7KAA,SER=NNTMH1N10457P,MDAT=2010-28,AGE=02-035-15-01,ONSC=01-122-11-23:IS,ACT"
   "P10GSOEL-1-4-1::PROVPEC=NTTP84BA,CTYPE=\"OC192 SR1/I64.1 10G LR/LW OTU2/10GFC 1200SMLLL 100m 1310 nm XFP\",SNMPINDEX=671223809,PEC=NTTP84BA,REL=02,CLEI=WOTRANAKAB,SER=EXLGJP0616590375:IS,ACT"
   "SMUX-1-5::PROVPEC=NTK535FA,CTYPE=\"SuperMux 24 Port I/O 1xXFP/10xSFP\",SNMPINDEX=671224832,PEC=NTK535FA,REL= 01 ,CLEI=WOOMAJSTAA,SER=NNTMH1C104WHK,MDAT=2010-49,AGE=01-150-12-26,ONSC=01-150-11-27,TMGID=SHELF-1,EQPTPROFILE=GFP-F,EQPTPROFILE2=STS3C,CARRIER1=NONE,CARRIER2=NONE:IS,ACT"
   "PXFP-1-5-1::PROVPEC=NTK583AA,CTYPE=\"Multirate 1528.38 to 1568.77 (1 - 88) 50GHz DWDM XFP\",SNMPINDEX=671224833,PEC=NTK583AA,REL=01,CLEI=WOTRBV9KAA,SER=JDSUTHB04959100C:IS,IDLE"
   "PGEFC-1-5-2::PROVPEC=NTTP01CF,CTYPE=\"GE LX [10k]/FC100 SM 1310nm LC SFP\",SNMPINDEX=671224834,PEC=NTTP01CF,REL=01,CLEI=WMOTAH1JAA,SER=EXLGJPM7T7050096:IS,ACT"
   "PGEFC-1-5-3::PROVPEC=NTTP01CF,CTYPE=\"GE LX [10k]/FC100 SM 1310nm LC SFP\",SNMPINDEX=671224835,PEC=NTTP01CF,REL=01,CLEI=WMOTAH1JAA,SER=EXLGJPD951590365:IS,ACT"
   "PGEFC-1-5-4::PROVPEC=NTTP01CF,CTYPE=\"GE LX [10k]/FC100 SM 1310nm LC SFP\",SNMPINDEX=671224836,PEC=NTTP01CF,REL=01,CLEI=WMOTAH1JAA,SER=EXLGJPD751590608:IS,IDLE"
   "PGEFC-1-5-5::PROVPEC=NTTP01CF,CTYPE=\"GE LX [10k]/FC100 SM 1310nm LC SFP\",SNMPINDEX=671224837,PEC=NTTP01CF,REL=01,CLEI=WMOTAH1JAA,SER=EXLGJPD751590573:IS,IDLE"
>

   "Ut001A_OME01" 12-12-29 15:44:24
M  9 COMPLD
   "PGEFC200-1-5-6::PROVPEC=NTTP06CF,CTYPE=\"GE LX [10k]/FC100/FC200 SM 1310nm LC SFP\",SNMPINDEX=671224838,PEC=NTTP06CF,REL=01,CLEI=WM1TTTLDAA,SER=FNSRMYPEK1AME   :IS,ACT"
   "PGEFC200-1-5-7::PROVPEC=NTTP06CF,CTYPE=\"GE LX [10k]/FC100/FC200 SM 1310nm LC SFP\",SNMPINDEX=671224839,PEC=NTTP06CF,REL=05,CLEI=WMOTCWUJAA,SER=WHTDCN1220000211:IS,ACT"
   "PGEFC200-1-5-8::PROVPEC=NTTP06CF,CTYPE=\"GE LX [10k]/FC100/FC200 SM 1310nm LC SFP\",SNMPINDEX=671224840,PEC=NTTP06CF,REL=01,CLEI=WM1TTTLDAA,SER=FNSRMYPEK188K   :IS,ACT"
   "PGEFC200-1-5-9::PROVPEC=NTTP06CF,CTYPE=\"GE LX [10k]/FC100/FC200 SM 1310nm LC SFP\",SNMPINDEX=671224841,PEC=NTTP06CF,REL=05,CLEI=WMOTCWUJAA,SER=WHTDCN1223000916:IS,ACT"
   "10G-1-6::PROVPEC=NTK526KE,CTYPE=\"OC-192/STM-64 STS-1/HO 1 Port G.709 DWDM 1530.33nm\",SNMPINDEX=671225856,PEC=NTK526KE,REL= 05 ,CLEI=WMOTBDSJAA,SER=NNTM01Y1D469Z,MDAT=2004-50,AGE=01-309-01-46,ONSC=01-309-01-46:IS,ACT"
   "XC-1-7::PROVPEC=NTK557BA,CTYPE=\"X-Conn 160G+ STS-1/VC-3 Sync-ST3\",SNMPINDEX=671226880,PEC=NTK557BA,REL= 08 ,CLEI=WMIXCE0BAE,SER=NNTMH82000O4O,MDAT=2008-10,AGE=02-209-03-32,ONSC=02-209-03-32:IS,WRKTRAF&WRKSYNC"
   "XC-1-8::PROVPEC=NTK557BA,CTYPE=\"X-Conn 160G+ STS-1/VC-3 Sync-ST3\",SNMPINDEX=671227904,PEC=NTK557BA,REL= 05 ,CLEI=WMIXCE0BAC,SER=NNTMGPUZ00CIN,MDAT=2004-48,AGE=02-209-02-59,ONSC=02-209-02-59:IS,STBYH"
   "10G-1-9::PROVPEC=NTK526KE,CTYPE=\"OC-192/STM-64 STS-1/HO 1 Port G.709 DWDM 1530.33nm\",SNMPINDEX=671228928,PEC=NTK526KE,REL= 05 ,CLEI=WMOTBDSJAA,SER=NNTM0131D45H1,MDAT=2004-51,AGE=01-309-01-53,ONSC=01-309-01-53:IS,ACT"
   "SMUX-1-10::PROVPEC=NTK535FA,CTYPE=\"SuperMux 24 Port I/O 1xXFP/10xSFP\",SNMPINDEX=671229952,PEC=NTK535FA,REL= 01 ,CLEI=WOOMAJSTAA,SER=NNTMH19104LDP,MDAT=2010-42,AGE=01-150-12-33,ONSC=01-150-12-03,TMGID=SHELF-1,EQPTPROFILE=GFP-F,EQPTPROFILE2=STS3C,CARRIER1=NONE,CARRIER2=NONE:IS,ACT"
   "PXFP-1-10-1::PROVPEC=NTK583AA,CTYPE=\"Multirate 1528.38 to 1568.77 (1 - 88) 50GHz DWDM XFP\",SNMPINDEX=671229953,PEC=NTK583AA,REL=01,CLEI=WOTRBV9KAA,SER=JDSUTHB04959100F:IS,ACT"
>

   "Ut001A_OME01" 12-12-29 15:44:24
M  9 COMPLD
   "PGEFC-1-10-2::PROVPEC=NTTP01CF,CTYPE=\"GE LX [10k]/FC100 SM 1310nm LC SFP\",SNMPINDEX=671229954,PEC=NTTP01CF,REL=01,CLEI=WMOTAH1JAA,SER=EXLGJPD751590593:IS,IDLE"
   "PGEFC-1-10-3::PROVPEC=NTTP01CF,CTYPE=\"GE LX [10k]/FC100 SM 1310nm LC SFP\",SNMPINDEX=671229955,PEC=NTTP01CF,REL=01,CLEI=WMOTAH1JAA,SER=EXLGJPMYE9030043:IS,ACT"
   "PGEFC-1-10-4::PROVPEC=NTTP01CF,CTYPE=\"GE LX [10k]/FC100 SM 1310nm LC SFP\",SNMPINDEX=671229956,PEC=NTTP01CF,REL=01,CLEI=WMOTAH1JAA,SER=EXLGJPD851592197:IS,ACT"
   "PGEFC-1-10-5::PROVPEC=NTTP01CF,CTYPE=\"GE LX [10k]/FC100 SM 1310nm LC SFP\",SNMPINDEX=671229957,PEC=NTTP01CF,REL=01,CLEI=WMOTAH1JAA,SER=EXLGJPD851591216:IS,IDLE"
   "PGEFC200-1-10-6::PROVPEC=NTTP06CF,CTYPE=\"GE LX [10k]/FC100/FC200 SM 1310nm LC SFP\",SNMPINDEX=671229958,PEC=NTTP06CF,REL=05,CLEI=WMOTCWUJAA,SER=BP0936890070    :IS,ACT"
   "PGEFC-1-10-7::PROVPEC=NTTP01CF,CTYPE=\"GE LX [10k]/FC100 SM 1310nm LC SFP\",SNMPINDEX=671229959,PEC=NTTP01CF,REL=01,CLEI=WMOTAH1JAA,SER=EXLGJPM5E4260145:IS,ACT"
   "PGEFC200-1-10-9::PROVPEC=NTTP06CF,CTYPE=\"GE LX [10k]/FC100/FC200 SM 1310nm LC SFP\",SNMPINDEX=671229961,PEC=NTTP06CF,REL=05,CLEI=WMOTCWUJAA,SER=WHTDCN1220000223:IS,ACT"
   "10G-1-11::PROVPEC=NTK526JA,CTYPE=\"OC-192/STM-64 STS-1/HO 1 Port G.709 DWDM C-Band AM1/AM2\",SNMPINDEX=671230976,PEC=NTK526JA,REL= 01 ,CLEI=WMOTCM0JAA,SER=NNTMH810043EA,MDAT=2007-52,AGE=01-307-12-14,ONSC=00-228-12-21:IS,ACT"
   "10G-1-12::PROVPEC=NTK523BA,CTYPE=\"OC-192/STM-64 STS-1/HO 1 Port SR-1/I-64.1\",SNMPINDEX=671232000,PEC=NTK523BA,REL= 11 ,CLEI=WMOTAHVJAB,SER=NNTMH8R00440X,MDAT=2008-02,AGE=01-309-01-56,ONSC=01-309-01-56:IS,ACT"
   "10G-1-13::PROVPEC=NTK523BA,CTYPE=\"OC-192/STM-64 STS-1/HO 1 Port SR-1/I-64.1\",SNMPINDEX=671233024,PEC=NTK523BA,REL= 11 ,CLEI=WMOTAHVJAB,SER=NNTMH1X101VT9,MDAT=2008-50,AGE=01-309-01-50,ONSC=01-309-01-50:IS,ACT"
>

   "Ut001A_OME01" 12-12-29 15:44:24
M  9 COMPLD
   "10G-1-14::PROVPEC=NTK526JA,CTYPE=\"OC-192/STM-64 STS-1/HO 1 Port G.709 DWDM C-Band AM1/AM2\",SNMPINDEX=671234048,PEC=NTK526JA,REL= 01 ,CLEI=WMOTCM0JAA,SER=NNTMH8Y002HBI,MDAT=2007-17,AGE=01-308-12-31,ONSC=00-251-15-55:IS,ACT"
   "SP-1-15::PROVPEC=NTK555AA,CTYPE=\"Processor SP\",SNMPINDEX=671235072,PEC=NTK555AA,REL= 05 ,CLEI=WMUCAJFAAB,SER=NNTM01E1D3U32,MDAT=2004-43,AGE=07-270-02-42,ONSC=02-289-04-39,TCUR=21,TAVG=21:IS,"
;RTRV-OC3:"Ut001A_OME01":OC3-1-ALL:10;
IP 10
<

   "Ut001A_OME01" 12-12-29 15:44:25
M  10 COMPLD
;RTRV-OC12:"Ut001A_OME01":OC12-1-ALL:11;
IP 11
<

   "Ut001A_OME01" 12-12-29 15:44:25
M  11 COMPLD
;RTRV-OC48:"Ut001A_OME01":OC48-1-ALL:12;
IP 12
<

   "Ut001A_OME01" 12-12-29 15:44:25
M  12 COMPLD
   "OC48-1-2-1::TMGREF=N,DCC=Y,,SDTH=6,,,,,ALS=DISABLED,DUSOVERRIDE=DISABLED,EBERTH=3,PORTMODE=SDH,UNEQMODE=VC4,,,,CLFI=\"\":IS,"
;RTRV-OC192:"Ut001A_OME01":OC192-1-ALL:13;
IP 13
<

   "Ut001A_OME01" 12-12-29 15:44:26
M  13 COMPLD
   "OC192-1-5-1::TMGREF=N,DCC=Y,,SDTH=6,,,,,ALS=DISABLED,DUSOVERRIDE=DISABLED,EBERTH=3,PORTMODE=SDH,UNEQMODE=VC4,,,,CLFI=\"\":IS,DISCD"
   "OC192-1-6-1::TMGREF=Y,DCC=Y,,SDTH=6,,,,,ALS=DISABLED,DUSOVERRIDE=DISABLED,EBERTH=3,PORTMODE=SDH,UNEQMODE=VC4,,,,CLFI=\"\":IS,"
   "OC192-1-9-1::TMGREF=Y,DCC=Y,,SDTH=6,,,,,ALS=DISABLED,DUSOVERRIDE=DISABLED,EBERTH=3,PORTMODE=SDH,UNEQMODE=VC4,,,,CLFI=\"\":IS,"
   "OC192-1-10-1::TMGREF=N,DCC=Y,,SDTH=6,,,,,ALS=DISABLED,DUSOVERRIDE=DISABLED,EBERTH=3,PORTMODE=SDH,UNEQMODE=VC4,,,,CLFI=\"\":IS,"
   "OC192-1-11-1::TMGREF=N,DCC=Y,,SDTH=6,,,,,ALS=DISABLED,DUSOVERRIDE=DISABLED,EBERTH=3,PORTMODE=SDH,UNEQMODE=VC4,,,,CLFI=\"\":IS,"
   "OC192-1-12-1::TMGREF=N,DCC=Y,,SDTH=6,,,,,ALS=ENABLED,DUSOVERRIDE=DISABLED,EBERTH=3,PORTMODE=SDH,UNEQMODE=VC4,,,,CLFI=\"\":IS,"
   "OC192-1-13-1::TMGREF=N,DCC=Y,,SDTH=6,,,,,ALS=DISABLED,DUSOVERRIDE=DISABLED,EBERTH=3,PORTMODE=SDH,UNEQMODE=VC4,,,,CLFI=\"\":IS,"
>

   "Ut001A_OME01" 12-12-29 15:44:26
M  13 COMPLD
   "OC192-1-14-1::TMGREF=N,DCC=Y,,SDTH=6,,,,,ALS=DISABLED,DUSOVERRIDE=DISABLED,EBERTH=3,PORTMODE=SDH,UNEQMODE=VC4,,,,CLFI=\"\":IS,"
;RTRV-ETH:"Ut001A_OME01":ETH-1-ALL:14;
IP 14
<

   "Ut001A_OME01" 12-12-29 15:44:29
M  14 COMPLD
   "ETH-1-1-1::AN=ENABLE,ANSTATUS=COMPLETED,ANETHDPX=FULL,ANSPEED=1000,ANPAUSETX=DISABLE,ANPAUSERX=DISABLE,ADVETHDPX=FULL,ADVSPEED=1000,ADVFLOWCTRL=NONE,ETHDPX=FULL,SPEED=1000,FLOWCTRL=NONE,PAUSETX=DISABLE,PAUSERX=DISABLE,PAUSERXOVERRIDE=ENABLE,MTU=9600,TXCON=ENABLE,PASSCTRL=DISABLE,PAUSETXOVERRIDE=DISABLE,RXIDLE=0,CFPRF=CFPRF-1-4,PHYSADDR=001158FF6FB6,CLFI=\"Ut001A_O4_S7P1\":IS"
   "ETH-1-1-2::AN=ENABLE,ANSTATUS=COMPLETED,ANETHDPX=FULL,ANSPEED=1000,ANPAUSETX=DISABLE,ANPAUSERX=DISABLE,ADVETHDPX=FULL,ADVSPEED=1000,ADVFLOWCTRL=NONE,ETHDPX=FULL,SPEED=1000,FLOWCTRL=NONE,PAUSETX=DISABLE,PAUSERX=DISABLE,PAUSERXOVERRIDE=ENABLE,MTU=9600,TXCON=ENABLE,PASSCTRL=DISABLE,PAUSETXOVERRIDE=DISABLE,RXIDLE=0,CFPRF=CFPRF-1-4,PHYSADDR=001158FF6FB7,CLFI=\"\":IS"
   "ETH-1-1-3::AN=ENABLE,ANSTATUS=COMPLETED,ANETHDPX=FULL,ANSPEED=1000,ANPAUSETX=DISABLE,ANPAUSERX=DISABLE,ADVETHDPX=FULL,ADVSPEED=1000,ADVFLOWCTRL=SYM,ETHDPX=FULL,SPEED=1000,FLOWCTRL=NONE,PAUSETX=DISABLE,PAUSERX=DISABLE,PAUSERXOVERRIDE=ENABLE,MTU=9600,TXCON=ENABLE,PASSCTRL=DISABLE,PAUSETXOVERRIDE=DISABLE,RXIDLE=0,CFPRF=CFPRF-1-4,PHYSADDR=001158FF6FB8,CLFI=\"\":IS"
   "ETH-1-1-4::AN=ENABLE,ANSTATUS=COMPLETED,ANETHDPX=FULL,ANSPEED=1000,ANPAUSETX=DISABLE,ANPAUSERX=DISABLE,ADVETHDPX=FULL,ADVSPEED=1000,ADVFLOWCTRL=SYM,ETHDPX=FULL,SPEED=1000,FLOWCTRL=NONE,PAUSETX=DISABLE,PAUSERX=DISABLE,PAUSERXOVERRIDE=ENABLE,MTU=9600,TXCON=ENABLE,PASSCTRL=DISABLE,PAUSETXOVERRIDE=DISABLE,RXIDLE=0,CFPRF=CFPRF-1-4,PHYSADDR=001158FF6FB9,CLFI=\"\":IS"
>

   "Ut001A_OME01" 12-12-29 15:44:29
M  14 COMPLD
   "ETH-1-3-1::AN=ENABLE,ANSTATUS=COMPLETED,ANETHDPX=FULL,ANSPEED=1000,ANPAUSETX=DISABLE,ANPAUSERX=DISABLE,ADVETHDPX=FULL,ADVSPEED=1000,ADVFLOWCTRL=SYM,ETHDPX=FULL,SPEED=1000,FLOWCTRL=NONE,PAUSETX=ENABLE,PAUSERX=DISABLE,PAUSERXOVERRIDE=ENABLE,MTU=9600,TXCON=ENABLE,PASSCTRL=DISABLE,PAUSETXOVERRIDE=DISABLE,RXIDLE=0,CFPRF=CFPRF-1-4,PHYSADDR=00140D03698B,CLFI=\"\":IS"
   "ETH-1-3-2::AN=ENABLE,ANSTATUS=COMPLETED,ANETHDPX=FULL,ANSPEED=1000,ANPAUSETX=DISABLE,ANPAUSERX=DISABLE,ADVETHDPX=FULL,ADVSPEED=1000,ADVFLOWCTRL=NONE,ETHDPX=FULL,SPEED=1000,FLOWCTRL=NONE,PAUSETX=DISABLE,PAUSERX=DISABLE,PAUSERXOVERRIDE=ENABLE,MTU=9600,TXCON=ENABLE,PASSCTRL=DISABLE,PAUSETXOVERRIDE=DISABLE,RXIDLE=0,CFPRF=CFPRF-1-4,PHYSADDR=00140D03698C,CLFI=\"\":IS"
   "ETH-1-3-3::AN=ENABLE,ANSTATUS=COMPLETED,ANETHDPX=FULL,ANSPEED=1000,ANPAUSETX=DISABLE,ANPAUSERX=DISABLE,ADVETHDPX=FULL,ADVSPEED=1000,ADVFLOWCTRL=NONE,ETHDPX=FULL,SPEED=1000,FLOWCTRL=NONE,PAUSETX=ENABLE,PAUSERX=DISABLE,PAUSERXOVERRIDE=ENABLE,MTU=9600,TXCON=ENABLE,PASSCTRL=DISABLE,PAUSETXOVERRIDE=DISABLE,RXIDLE=0,CFPRF=CFPRF-1-4,PHYSADDR=00140D03698D,CLFI=\"\":IS"
   "ETH-1-3-4::AN=ENABLE,ANSTATUS=COMPLETED,ANETHDPX=FULL,ANSPEED=1000,ANPAUSETX=DISABLE,ANPAUSERX=DISABLE,ADVETHDPX=FULL,ADVSPEED=1000,ADVFLOWCTRL=SYM,ETHDPX=FULL,SPEED=1000,FLOWCTRL=ASYM,PAUSETX=ENABLE,PAUSERX=DISABLE,PAUSERXOVERRIDE=ENABLE,MTU=9600,TXCON=ENABLE,PASSCTRL=DISABLE,PAUSETXOVERRIDE=DISABLE,RXIDLE=0,CFPRF=CFPRF-1-4,PHYSADDR=00140D03698E,CLFI=\"\":IS"
>

   "Ut001A_OME01" 12-12-29 15:44:29
M  14 COMPLD
   "ETH-1-5-2::AN=ENABLE,ANSTATUS=COMPLETED,ANETHDPX=FULL,ANSPEED=1000,ANPAUSETX=DISABLE,ANPAUSERX=DISABLE,ADVETHDPX=FULL,ADVSPEED=1000,ADVFLOWCTRL=SYM,ETHDPX=FULL,SPEED=1000,FLOWCTRL=NONE,PAUSETX=DISABLE,PAUSERX=DISABLE,PAUSERXOVERRIDE=ENABLE,MTU=9600,TXCON=ENABLE,PASSCTRL=DISABLE,RXIDLE=0,PAUSETXOVERRIDE=DISABLE,CFPRF=CFPRF-1-4,PHYSADDR=A4218AED71FB,CLFI=\"\":IS"
   "ETH-1-5-3::AN=ENABLE,ANSTATUS=COMPLETED,ANETHDPX=FULL,ANSPEED=1000,ANPAUSETX=DISABLE,ANPAUSERX=DISABLE,ADVETHDPX=FULL,ADVSPEED=1000,ADVFLOWCTRL=NONE,ETHDPX=FULL,SPEED=1000,FLOWCTRL=NONE,PAUSETX=DISABLE,PAUSERX=DISABLE,PAUSERXOVERRIDE=ENABLE,MTU=9600,TXCON=ENABLE,PASSCTRL=DISABLE,RXIDLE=0,PAUSETXOVERRIDE=DISABLE,CFPRF=CFPRF-1-4,PHYSADDR=A4218AED71FC,CLFI=\"\":IS"
   "ETH-1-5-4::AN=ENABLE,ANSTATUS=INPROGRESS,ANETHDPX=UNKNOWN,ANSPEED=UNKNOWN,ANPAUSETX=UNKNOWN,ANPAUSERX=UNKNOWN,ADVETHDPX=UNKNOWN,ADVSPEED=UNKNOWN,ADVFLOWCTRL=UNKNOWN,ETHDPX=FULL,SPEED=1000,FLOWCTRL=NONE,PAUSETX=DISABLE,PAUSERX=DISABLE,PAUSERXOVERRIDE=ENABLE,MTU=9600,TXCON=ENABLE,PASSCTRL=DISABLE,RXIDLE=0,PAUSETXOVERRIDE=DISABLE,CFPRF=CFPRF-1-4,PHYSADDR=A4218AED71FD,CLFI=\"\":OOS-MA,DISCD"
   "ETH-1-5-5::AN=ENABLE,ANSTATUS=INPROGRESS,ANETHDPX=UNKNOWN,ANSPEED=UNKNOWN,ANPAUSETX=UNKNOWN,ANPAUSERX=UNKNOWN,ADVETHDPX=UNKNOWN,ADVSPEED=UNKNOWN,ADVFLOWCTRL=UNKNOWN,ETHDPX=FULL,SPEED=1000,FLOWCTRL=NONE,PAUSETX=DISABLE,PAUSERX=DISABLE,PAUSERXOVERRIDE=ENABLE,MTU=9600,TXCON=ENABLE,PASSCTRL=DISABLE,RXIDLE=0,PAUSETXOVERRIDE=DISABLE,CFPRF=CFPRF-1-4,PHYSADDR=A4218AED71FE,CLFI=\"\":OOS-MA,DISCD"
>

   "Ut001A_OME01" 12-12-29 15:44:29
M  14 COMPLD
   "ETH-1-5-6::AN=ENABLE,ANSTATUS=COMPLETED,ANETHDPX=FULL,ANSPEED=1000,ANPAUSETX=DISABLE,ANPAUSERX=DISABLE,ADVETHDPX=FULL,ADVSPEED=1000,ADVFLOWCTRL=ASYM,ETHDPX=FULL,SPEED=1000,FLOWCTRL=NONE,PAUSETX=DISABLE,PAUSERX=DISABLE,PAUSERXOVERRIDE=ENABLE,MTU=9600,TXCON=ENABLE,PASSCTRL=DISABLE,RXIDLE=0,PAUSETXOVERRIDE=DISABLE,CFPRF=CFPRF-1-4,PHYSADDR=A4218AED71FF,CLFI=\"\":IS"
   "ETH-1-5-7::AN=ENABLE,ANSTATUS=COMPLETED,ANETHDPX=FULL,ANSPEED=1000,ANPAUSETX=ENABLE,ANPAUSERX=DISABLE,ADVETHDPX=FULL,ADVSPEED=1000,ADVFLOWCTRL=BOTH,ETHDPX=FULL,SPEED=1000,FLOWCTRL=ASYM,PAUSETX=DISABLE,PAUSERX=DISABLE,PAUSERXOVERRIDE=ENABLE,MTU=1600,TXCON=ENABLE,PASSCTRL=DISABLE,RXIDLE=0,PAUSETXOVERRIDE=DISABLE,CFPRF=CFPRF-1-4,PHYSADDR=A4218AED7200,CLFI=\"\":IS"
   "ETH-1-5-8::AN=ENABLE,ANSTATUS=COMPLETED,ANETHDPX=FULL,ANSPEED=1000,ANPAUSETX=DISABLE,ANPAUSERX=DISABLE,ADVETHDPX=FULL,ADVSPEED=1000,ADVFLOWCTRL=NONE,ETHDPX=FULL,SPEED=1000,FLOWCTRL=NONE,PAUSETX=DISABLE,PAUSERX=DISABLE,PAUSERXOVERRIDE=ENABLE,MTU=9600,TXCON=ENABLE,PASSCTRL=DISABLE,RXIDLE=0,PAUSETXOVERRIDE=DISABLE,CFPRF=CFPRF-1-4,PHYSADDR=A4218AED7201,CLFI=\"\":IS"
   "ETH-1-5-9::AN=ENABLE,ANSTATUS=COMPLETED,ANETHDPX=FULL,ANSPEED=1000,ANPAUSETX=DISABLE,ANPAUSERX=DISABLE,ADVETHDPX=FULL,ADVSPEED=1000,ADVFLOWCTRL=NONE,ETHDPX=FULL,SPEED=1000,FLOWCTRL=NONE,PAUSETX=DISABLE,PAUSERX=DISABLE,PAUSERXOVERRIDE=ENABLE,MTU=9600,TXCON=ENABLE,PASSCTRL=DISABLE,RXIDLE=0,PAUSETXOVERRIDE=DISABLE,CFPRF=CFPRF-1-4,PHYSADDR=A4218AED7202,CLFI=\"Ut001A_ODF03_5\":OOS-MA,LPBK"
>

   "Ut001A_OME01" 12-12-29 15:44:29
M  14 COMPLD
   "ETH-1-10-2::AN=DISABLE,ANSTATUS=DISABLED,ANETHDPX=UNKNOWN,ANSPEED=UNKNOWN,ANPAUSETX=UNKNOWN,ANPAUSERX=UNKNOWN,ADVETHDPX=UNKNOWN,ADVSPEED=UNKNOWN,ADVFLOWCTRL=UNKNOWN,ETHDPX=FULL,SPEED=1000,FLOWCTRL=NONE,PAUSETX=DISABLE,PAUSERX=DISABLE,PAUSERXOVERRIDE=ENABLE,MTU=9600,TXCON=ENABLE,PASSCTRL=DISABLE,RXIDLE=0,PAUSETXOVERRIDE=DISABLE,CFPRF=CFPRF-1-4,PHYSADDR=80177D50B54A,CLFI=\"\":OOS-MA,DISCD"
   "ETH-1-10-3::AN=ENABLE,ANSTATUS=COMPLETED,ANETHDPX=FULL,ANSPEED=1000,ANPAUSETX=DISABLE,ANPAUSERX=DISABLE,ADVETHDPX=FULL,ADVSPEED=1000,ADVFLOWCTRL=SYM,ETHDPX=FULL,SPEED=1000,FLOWCTRL=NONE,PAUSETX=DISABLE,PAUSERX=DISABLE,PAUSERXOVERRIDE=ENABLE,MTU=9600,TXCON=ENABLE,PASSCTRL=DISABLE,RXIDLE=0,PAUSETXOVERRIDE=DISABLE,CFPRF=CFPRF-1-4,PHYSADDR=80177D50B54B,CLFI=\"\":IS"
   "ETH-1-10-4::AN=ENABLE,ANSTATUS=COMPLETED,ANETHDPX=FULL,ANSPEED=1000,ANPAUSETX=DISABLE,ANPAUSERX=DISABLE,ADVETHDPX=FULL,ADVSPEED=1000,ADVFLOWCTRL=SYM,ETHDPX=FULL,SPEED=1000,FLOWCTRL=NONE,PAUSETX=DISABLE,PAUSERX=DISABLE,PAUSERXOVERRIDE=ENABLE,MTU=9600,TXCON=ENABLE,PASSCTRL=DISABLE,RXIDLE=0,PAUSETXOVERRIDE=DISABLE,CFPRF=CFPRF-1-4,PHYSADDR=80177D50B54C,CLFI=\"\":IS"
   "ETH-1-10-5::AN=ENABLE,ANSTATUS=INPROGRESS,ANETHDPX=UNKNOWN,ANSPEED=UNKNOWN,ANPAUSETX=UNKNOWN,ANPAUSERX=UNKNOWN,ADVETHDPX=UNKNOWN,ADVSPEED=UNKNOWN,ADVFLOWCTRL=UNKNOWN,ETHDPX=FULL,SPEED=1000,FLOWCTRL=NONE,PAUSETX=DISABLE,PAUSERX=DISABLE,PAUSERXOVERRIDE=ENABLE,MTU=9600,TXCON=ENABLE,PASSCTRL=DISABLE,RXIDLE=0,PAUSETXOVERRIDE=DISABLE,CFPRF=CFPRF-1-4,PHYSADDR=80177D50B54D,CLFI=\"\":OOS-MA,DISCD"
>

   "Ut001A_OME01" 12-12-29 15:44:30
M  14 COMPLD
   "ETH-1-10-6::AN=ENABLE,ANSTATUS=COMPLETED,ANETHDPX=FULL,ANSPEED=1000,ANPAUSETX=DISABLE,ANPAUSERX=DISABLE,ADVETHDPX=FULL,ADVSPEED=1000,ADVFLOWCTRL=NONE,ETHDPX=FULL,SPEED=1000,FLOWCTRL=NONE,PAUSETX=DISABLE,PAUSERX=DISABLE,PAUSERXOVERRIDE=ENABLE,MTU=9600,TXCON=ENABLE,PASSCTRL=DISABLE,RXIDLE=0,PAUSETXOVERRIDE=DISABLE,CFPRF=CFPRF-1-4,PHYSADDR=80177D50B54E,CLFI=\"\":IS"
   "ETH-1-10-7::AN=ENABLE,ANSTATUS=COMPLETED,ANETHDPX=FULL,ANSPEED=1000,ANPAUSETX=DISABLE,ANPAUSERX=DISABLE,ADVETHDPX=FULL,ADVSPEED=1000,ADVFLOWCTRL=SYM,ETHDPX=FULL,SPEED=1000,FLOWCTRL=NONE,PAUSETX=DISABLE,PAUSERX=DISABLE,PAUSERXOVERRIDE=ENABLE,MTU=9600,TXCON=ENABLE,PASSCTRL=DISABLE,RXIDLE=0,PAUSETXOVERRIDE=DISABLE,CFPRF=CFPRF-1-4,PHYSADDR=80177D50B54F,CLFI=\"\":IS"
   "ETH-1-10-9::AN=ENABLE,ANSTATUS=COMPLETED,ANETHDPX=FULL,ANSPEED=1000,ANPAUSETX=DISABLE,ANPAUSERX=DISABLE,ADVETHDPX=FULL,ADVSPEED=1000,ADVFLOWCTRL=SYM,ETHDPX=FULL,SPEED=1000,FLOWCTRL=NONE,PAUSETX=DISABLE,PAUSERX=DISABLE,PAUSERXOVERRIDE=ENABLE,MTU=9600,TXCON=ENABLE,PASSCTRL=DISABLE,RXIDLE=0,PAUSETXOVERRIDE=DISABLE,CFPRF=CFPRF-1-4,PHYSADDR=80177D50B551,CLFI=\"Ut001A_O3_15_3\":IS"
;RTRV-ETH10G:"Ut001A_OME01":ETH10G-1-ALL:15;
IP 15
<

   "Ut001A_OME01" 12-12-29 15:44:32
M  15 COMPLD
   "ETH10G-1-4-1::MTU=9018,FLOWCTRL=ASYM,CLFI=\"\",AN=DISABLE,ANSTATUS=DISABLED,ETHDPX=FULL,SPEED=10G,TXCON=ENABLE,PAUSETX=ENABLE,PAUSERX=DISABLE,PAUSERXOVERRIDE=ENABLE,PAUSETXOVERRIDE=DISABLE,ANETHDPX=UNKNOWN,ANSPEED=UNKNOWN,ANPAUSETX=UNKNOWN,ANPAUSERX=UNKNOWN,ADVETHDPX=UNKNOWN,ADVSPEED=UNKNOWN,ADVFLOWCTRL=UNKNOWN,PASSCTRL=DISABLE,PHYSADDR=0003189D4E85,EQPT=XGELAN,RXIDLE=0:OOS-AU,FLT"
;RTRV-ETH100:"Ut001A_OME01":ETH100-1-ALL:16;
IP 16
<

   "Ut001A_OME01" 12-12-29 15:44:32
M  16 COMPLD
;RTRV-WAN:"Ut001A_OME01":WAN-1-ALL:17;
IP 17
<

   "Ut001A_OME01" 12-12-29 15:44:35
M  17 COMPLD
   "WAN-1-1-1::MAPPING=GFP-F,RATE=STS3C,VCAT=ENABLE,LCAS=DISABLE,PROVUNITS=7,ACTUALUNITS=7,MAGICNUM=DISABLE,LCM=DISABLE,NCP=NONE,MODE=SDH,FCS=32,SCRAMBLE=ENABLE,LANFCS=ENABLE,RTDELAY=3847,CONDTYPE=GFPCMF,GFPRFI=ENABLE,AVLBLRATE=STS3C,PROVRXUNITS=7,GFPRTDELAY=ENABLE,MAXVCDEL=14000,CURRVCDEL=0,ACTUALRXUNITS=7:IS"
   "WAN-1-1-2::MAPPING=GFP-F,RATE=STS3C,VCAT=ENABLE,LCAS=DISABLE,PROVUNITS=7,ACTUALUNITS=7,MAGICNUM=DISABLE,LCM=DISABLE,NCP=NONE,MODE=SDH,FCS=32,SCRAMBLE=ENABLE,LANFCS=ENABLE,RTDELAY=8311,CONDTYPE=GFPCMF,GFPRFI=ENABLE,AVLBLRATE=STS3C,PROVRXUNITS=7,GFPRTDELAY=ENABLE,MAXVCDEL=14000,CURRVCDEL=125,ACTUALRXUNITS=7:IS"
   "WAN-1-1-3::MAPPING=GFP-F,RATE=STS3C,VCAT=ENABLE,LCAS=DISABLE,PROVUNITS=1,ACTUALUNITS=1,MAGICNUM=DISABLE,LCM=DISABLE,NCP=NONE,MODE=SDH,FCS=32,SCRAMBLE=ENABLE,LANFCS=ENABLE,RTDELAY=2452,CONDTYPE=GFPCMF,GFPRFI=ENABLE,AVLBLRATE=STS3C,PROVRXUNITS=1,GFPRTDELAY=ENABLE,MAXVCDEL=14000,CURRVCDEL=0,ACTUALRXUNITS=1:IS"
   "WAN-1-1-4::MAPPING=GFP-F,RATE=STS3C,VCAT=ENABLE,LCAS=DISABLE,PROVUNITS=4,ACTUALUNITS=4,MAGICNUM=DISABLE,LCM=DISABLE,NCP=NONE,MODE=SDH,FCS=32,SCRAMBLE=ENABLE,LANFCS=ENABLE,RTDELAY=1612,CONDTYPE=GFPCMF,GFPRFI=ENABLE,AVLBLRATE=STS3C,PROVRXUNITS=4,GFPRTDELAY=ENABLE,MAXVCDEL=14000,CURRVCDEL=0,ACTUALRXUNITS=4:IS"
   "WAN-1-3-1::MAPPING=GFP-F,RATE=STS3C,VCAT=ENABLE,LCAS=DISABLE,PROVUNITS=7,ACTUALUNITS=7,MAGICNUM=DISABLE,LCM=DISABLE,NCP=NONE,MODE=SDH,FCS=32,SCRAMBLE=ENABLE,LANFCS=ENABLE,RTDELAY=4272,CONDTYPE=GFPCMF,GFPRFI=ENABLE,AVLBLRATE=STS3C,PROVRXUNITS=7,GFPRTDELAY=ENABLE,MAXVCDEL=14000,CURRVCDEL=0,ACTUALRXUNITS=7:IS"
>

   "Ut001A_OME01" 12-12-29 15:44:36
M  17 COMPLD
   "WAN-1-3-2::MAPPING=GFP-F,RATE=STS3C,VCAT=ENABLE,LCAS=DISABLE,PROVUNITS=7,ACTUALUNITS=7,MAGICNUM=DISABLE,LCM=DISABLE,NCP=NONE,MODE=SDH,FCS=32,SCRAMBLE=ENABLE,LANFCS=ENABLE,RTDELAY=1308,CONDTYPE=GFPCMF,GFPRFI=ENABLE,AVLBLRATE=STS3C,PROVRXUNITS=7,GFPRTDELAY=ENABLE,MAXVCDEL=14000,CURRVCDEL=0,ACTUALRXUNITS=7:IS"
   "WAN-1-3-3::MAPPING=GFP-F,RATE=STS3C,VCAT=ENABLE,LCAS=DISABLE,PROVUNITS=7,ACTUALUNITS=7,MAGICNUM=DISABLE,LCM=DISABLE,NCP=NONE,MODE=SDH,FCS=32,SCRAMBLE=ENABLE,LANFCS=ENABLE,RTDELAY=2477,CONDTYPE=GFPCMF,GFPRFI=ENABLE,AVLBLRATE=STS3C,PROVRXUNITS=7,GFPRTDELAY=ENABLE,MAXVCDEL=14000,CURRVCDEL=125,ACTUALRXUNITS=7:IS"
   "WAN-1-3-4::MAPPING=GFP-F,RATE=STS3C,VCAT=ENABLE,LCAS=DISABLE,PROVUNITS=1,ACTUALUNITS=1,MAGICNUM=DISABLE,LCM=DISABLE,NCP=NONE,MODE=SDH,FCS=32,SCRAMBLE=ENABLE,LANFCS=ENABLE,RTDELAY=958,CONDTYPE=GFPCMF,GFPRFI=ENABLE,AVLBLRATE=STS3C,PROVRXUNITS=1,GFPRTDELAY=ENABLE,MAXVCDEL=14000,CURRVCDEL=0,ACTUALRXUNITS=1:IS"
   "WAN-1-4-1::MAPPING=GFP-F,FCS=32,CONDTYPE=GFPCMF,GFPRFI=ENABLE,PROVRXUNITS=1,GFPRTDELAY=ENABLE,RATE=STS3C,LCAS=DISABLE,VCAT=ENABLE,PROVUNITS=1,ACTUALUNITS=1,LANFCS=ENABLE,RTDELAY=UNKNOWN,MAXVCDEL=0,CURRVCDEL=0,SCRAMBLE=ENABLE,ACTUALRXUNITS=1,AVLBLRATE=STS3C:IS"
   "WAN-1-5-2::MAPPING=GFP-F,FCS=32,CONDTYPE=GFPCMF,GFPRFI=ENABLE,PROVRXUNITS=4,GFPRTDELAY=DISABLE,RATE=STS3C,LCAS=DISABLE,VCAT=ENABLE,PROVUNITS=4,ACTUALUNITS=4,LANFCS=ENABLE,RTDELAY=UNKNOWN,MAXVCDEL=108000,CURRVCDEL=3,SCRAMBLE=ENABLE,ACTUALRXUNITS=4,MAGICNUM=DISABLE,LCM=DISABLE,NCP=NONE:IS"
>

   "Ut001A_OME01" 12-12-29 15:44:36
M  17 COMPLD
   "WAN-1-5-3::MAPPING=GFP-F,FCS=32,CONDTYPE=GFPCMF,GFPRFI=ENABLE,PROVRXUNITS=4,GFPRTDELAY=DISABLE,RATE=STS3C,LCAS=DISABLE,VCAT=ENABLE,PROVUNITS=4,ACTUALUNITS=4,LANFCS=ENABLE,RTDELAY=UNKNOWN,MAXVCDEL=108000,CURRVCDEL=3,SCRAMBLE=ENABLE,ACTUALRXUNITS=4,MAGICNUM=DISABLE,LCM=DISABLE,NCP=NONE:IS"
   "WAN-1-5-4::MAPPING=GFP-F,FCS=32,CONDTYPE=GFPCMF,GFPRFI=ENABLE,PROVRXUNITS=0,GFPRTDELAY=DISABLE,RATE=NONE,LCAS=DISABLE,VCAT=ENABLE,PROVUNITS=0,ACTUALUNITS=1,LANFCS=ENABLE,RTDELAY=UNKNOWN,MAXVCDEL=UNKNOWN,CURRVCDEL=UNKNOWN,SCRAMBLE=ENABLE,ACTUALRXUNITS=1,MAGICNUM=DISABLE,LCM=DISABLE,NCP=NONE:OOS-MA,DISCD"
   "WAN-1-5-5::MAPPING=GFP-F,FCS=32,CONDTYPE=GFPCMF,GFPRFI=ENABLE,PROVRXUNITS=0,GFPRTDELAY=DISABLE,RATE=NONE,LCAS=DISABLE,VCAT=ENABLE,PROVUNITS=0,ACTUALUNITS=0,LANFCS=ENABLE,RTDELAY=UNKNOWN,MAXVCDEL=UNKNOWN,CURRVCDEL=UNKNOWN,SCRAMBLE=ENABLE,ACTUALRXUNITS=0,MAGICNUM=DISABLE,LCM=DISABLE,NCP=NONE:OOS-MA,DISCD"
   "WAN-1-5-6::MAPPING=GFP-F,FCS=32,CONDTYPE=GFPCMF,GFPRFI=ENABLE,PROVRXUNITS=7,GFPRTDELAY=DISABLE,RATE=STS3C,LCAS=DISABLE,VCAT=ENABLE,PROVUNITS=7,ACTUALUNITS=7,LANFCS=ENABLE,RTDELAY=UNKNOWN,MAXVCDEL=108000,CURRVCDEL=3,SCRAMBLE=ENABLE,ACTUALRXUNITS=7,MAGICNUM=DISABLE,LCM=DISABLE,NCP=NONE:IS"
   "WAN-1-5-7::MAPPING=GFP-F,FCS=32,CONDTYPE=GFPCMF,GFPRFI=ENABLE,PROVRXUNITS=7,GFPRTDELAY=DISABLE,RATE=STS3C,LCAS=DISABLE,VCAT=ENABLE,PROVUNITS=7,ACTUALUNITS=7,LANFCS=ENABLE,RTDELAY=UNKNOWN,MAXVCDEL=108000,CURRVCDEL=3,SCRAMBLE=ENABLE,ACTUALRXUNITS=7,MAGICNUM=DISABLE,LCM=DISABLE,NCP=NONE:IS"
>

   "Ut001A_OME01" 12-12-29 15:44:36
M  17 COMPLD
   "WAN-1-5-8::MAPPING=GFP-F,FCS=32,CONDTYPE=GFPCMF,GFPRFI=ENABLE,PROVRXUNITS=1,GFPRTDELAY=DISABLE,RATE=STS3C,LCAS=DISABLE,VCAT=ENABLE,PROVUNITS=1,ACTUALUNITS=1,LANFCS=ENABLE,RTDELAY=UNKNOWN,MAXVCDEL=UNKNOWN,CURRVCDEL=UNKNOWN,SCRAMBLE=ENABLE,ACTUALRXUNITS=1,MAGICNUM=DISABLE,LCM=DISABLE,NCP=NONE:IS"
   "WAN-1-5-9::MAPPING=GFP-F,FCS=32,CONDTYPE=GFPCMF,GFPRFI=ENABLE,PROVRXUNITS=1,GFPRTDELAY=DISABLE,RATE=STS3C,LCAS=DISABLE,VCAT=ENABLE,PROVUNITS=1,ACTUALUNITS=1,LANFCS=ENABLE,RTDELAY=UNKNOWN,MAXVCDEL=UNKNOWN,CURRVCDEL=UNKNOWN,SCRAMBLE=ENABLE,ACTUALRXUNITS=1,MAGICNUM=DISABLE,LCM=DISABLE,NCP=NONE:OOS-MA"
   "WAN-1-10-2::MAPPING=GFP-F,FCS=32,CONDTYPE=GFPCMF,GFPRFI=ENABLE,PROVRXUNITS=0,GFPRTDELAY=DISABLE,RATE=NONE,LCAS=DISABLE,VCAT=ENABLE,PROVUNITS=0,ACTUALUNITS=0,LANFCS=ENABLE,RTDELAY=UNKNOWN,MAXVCDEL=UNKNOWN,CURRVCDEL=UNKNOWN,SCRAMBLE=ENABLE,ACTUALRXUNITS=0,MAGICNUM=DISABLE,LCM=DISABLE,NCP=NONE:OOS-MA,DISCD"
   "WAN-1-10-3::MAPPING=GFP-F,FCS=32,CONDTYPE=GFPCMF,GFPRFI=ENABLE,PROVRXUNITS=4,GFPRTDELAY=DISABLE,RATE=STS3C,LCAS=DISABLE,VCAT=ENABLE,PROVUNITS=4,ACTUALUNITS=4,LANFCS=ENABLE,RTDELAY=UNKNOWN,MAXVCDEL=108000,CURRVCDEL=3,SCRAMBLE=ENABLE,ACTUALRXUNITS=4,MAGICNUM=DISABLE,LCM=DISABLE,NCP=NONE:IS"
   "WAN-1-10-4::MAPPING=GFP-F,FCS=32,CONDTYPE=GFPCMF,GFPRFI=ENABLE,PROVRXUNITS=1,GFPRTDELAY=DISABLE,RATE=STS3C,LCAS=DISABLE,VCAT=ENABLE,PROVUNITS=1,ACTUALUNITS=1,LANFCS=ENABLE,RTDELAY=UNKNOWN,MAXVCDEL=UNKNOWN,CURRVCDEL=UNKNOWN,SCRAMBLE=ENABLE,ACTUALRXUNITS=1,MAGICNUM=DISABLE,LCM=DISABLE,NCP=NONE:IS"
>

   "Ut001A_OME01" 12-12-29 15:44:36
M  17 COMPLD
   "WAN-1-10-5::MAPPING=GFP-F,FCS=32,CONDTYPE=GFPCMF,GFPRFI=ENABLE,PROVRXUNITS=0,GFPRTDELAY=DISABLE,RATE=NONE,LCAS=DISABLE,VCAT=ENABLE,PROVUNITS=0,ACTUALUNITS=7,LANFCS=ENABLE,RTDELAY=UNKNOWN,MAXVCDEL=108000,CURRVCDEL=5380,SCRAMBLE=ENABLE,ACTUALRXUNITS=7,MAGICNUM=DISABLE,LCM=DISABLE,NCP=NONE:OOS-MA,DISCD"
   "WAN-1-10-6::MAPPING=GFP-F,FCS=32,CONDTYPE=GFPCMF,GFPRFI=ENABLE,PROVRXUNITS=4,GFPRTDELAY=DISABLE,RATE=STS3C,LCAS=DISABLE,VCAT=ENABLE,PROVUNITS=4,ACTUALUNITS=4,LANFCS=ENABLE,RTDELAY=UNKNOWN,MAXVCDEL=108000,CURRVCDEL=6,SCRAMBLE=ENABLE,ACTUALRXUNITS=4,MAGICNUM=DISABLE,LCM=DISABLE,NCP=NONE:IS"
   "WAN-1-10-7::MAPPING=GFP-F,FCS=32,CONDTYPE=GFPCMF,GFPRFI=ENABLE,PROVRXUNITS=7,GFPRTDELAY=DISABLE,RATE=STS3C,LCAS=DISABLE,VCAT=ENABLE,PROVUNITS=7,ACTUALUNITS=7,LANFCS=ENABLE,RTDELAY=UNKNOWN,MAXVCDEL=108000,CURRVCDEL=3,SCRAMBLE=ENABLE,ACTUALRXUNITS=7,MAGICNUM=DISABLE,LCM=DISABLE,NCP=NONE:IS"
   "WAN-1-10-9::MAPPING=GFP-F,FCS=32,CONDTYPE=GFPCMF,GFPRFI=ENABLE,PROVRXUNITS=4,GFPRTDELAY=DISABLE,RATE=STS3C,LCAS=DISABLE,VCAT=ENABLE,PROVUNITS=4,ACTUALUNITS=4,LANFCS=ENABLE,RTDELAY=UNKNOWN,MAXVCDEL=108000,CURRVCDEL=6,SCRAMBLE=ENABLE,ACTUALRXUNITS=4,MAGICNUM=DISABLE,LCM=DISABLE,NCP=NONE:IS"
;RTRV-VCS:"Ut001A_OME01":VCS-1-ALL:18;
IP 18
<

   "Ut001A_OME01" 12-12-29 15:44:40
M  18 COMPLD
;RTRV-VCE:"Ut001A_OME01":VCE-1-ALL:19;
IP 19
<

   "Ut001A_OME01" 12-12-29 15:44:40
M  19 COMPLD
;RTRV-VCEMAP:"Ut001A_OME01":VCEMAP-1-ALL:20;
IP 20
<

   "Ut001A_OME01" 12-12-29 15:44:41
M  20 COMPLD
;RTRV-CRS-ALL:"Ut001A_OME01"::21:::CKTID=ALL;
IP 21
<

   "Ut001A_OME01" 12-12-29 15:44:41
M  21 COMPLD
   "STS3C-1-14-1-55,STS3C-1-1-4-1:2WAY:PRIMARYXC=SHELF,PRIME=OSS,CKTID=\"2169LR1_Ut01-Gv01_PBL(Ut05-Gv38)\":STS3C:"
   "STS3C-1-14-1-82,STS3C-1-1-4-4:2WAY:PRIMARYXC=SHELF,PRIME=OSS,CKTID=\"2169LR1_Ut01-Gv01_PBL(Ut05-Gv38)\":STS3C:"
   "STS3C-1-14-1-85,STS3C-1-1-4-7:2WAY:PRIMARYXC=SHELF,PRIME=OSS,CKTID=\"2169LR1_Ut01-Gv01_PBL(Ut05-Gv38)\":STS3C:"
   "STS3C-1-14-1-88,STS3C-1-1-4-10:2WAY:PRIMARYXC=SHELF,PRIME=OSS,CKTID=\"2169LR1_Ut01-Gv01_PBL(Ut05-Gv38)\":STS3C:"
   "STS3C-1-9-1-1,STS3C-1-1-3-1:2WAY:PRIMARYXC=SHELF,PRIME=OSS,CKTID=\"2015LR2_Ut01-Asd02_OU-O15(Ut08-Asd02) \":STS3C:"
   "STS3C-1-9-1-106,STS3C-1-1-2-1:2WAYPR:SWMATE=STS3C-1-6-1-85,PRIMARYXC=SHELF,PRIME=OSS,CKTID=\"2063LP_Ut01-Tb01_UvT-UU-O24\":STS3C:"
   "STS3C-1-9-1-109,STS3C-1-1-2-4:2WAYPR:SWMATE=STS3C-1-6-1-88,PRIMARYXC=SHELF,PRIME=OSS,CKTID=\"2063LP_Ut01-Tb01_UvT-UU-O24\":STS3C:"
   "STS3C-1-9-1-112,STS3C-1-1-2-7:2WAYPR:SWMATE=STS3C-1-6-1-91,PRIMARYXC=SHELF,PRIME=OSS,CKTID=\"2063LP_Ut01-Tb01_UvT-UU-O24\":STS3C:"
   "STS3C-1-9-1-115,STS3C-1-1-2-10:2WAYPR:SWMATE=STS3C-1-6-1-94,PRIMARYXC=SHELF,PRIME=OSS,CKTID=\"2063LP_Ut01-Tb01_UvT-UU-O24\":STS3C:"
   "STS3C-1-9-1-118,STS3C-1-1-2-13:2WAYPR:SWMATE=STS3C-1-6-1-97,PRIMARYXC=SHELF,PRIME=OSS,CKTID=\"2063LP_Ut01-Tb01_UvT-UU-O24\":STS3C:"
   "STS3C-1-9-1-121,STS3C-1-1-2-16:2WAYPR:SWMATE=STS3C-1-6-1-100,PRIMARYXC=SHELF,PRIME=OSS,CKTID=\"2063LP_Ut01-Tb01_UvT-UU-O24\":STS3C:"
   "STS3C-1-9-1-124,STS3C-1-1-2-19:2WAYPR:SWMATE=STS3C-1-6-1-103,PRIMARYXC=SHELF,PRIME=OSS,CKTID=\"2063LP_Ut01-Tb01_UvT-UU-O24\":STS3C:"
   "STS3C-1-9-1-4,STS3C-1-1-1-1:2WAY:PRIMARYXC=SHELF,PRIME=OSS,CKTID=\"2112LE3_Amf01-Ut01_RIVM(NP_Ut04-Ut05)\":STS3C:"
   "STS3C-1-9-1-7,STS3C-1-1-1-4:2WAY:PRIMARYXC=SHELF,PRIME=OSS,CKTID=\"2112LE3_Amf01-Ut01_RIVM(NP_Ut04-Ut05)\":STS3C:"
   "STS3C-1-9-1-10,STS3C-1-1-1-7:2WAY:PRIMARYXC=SHELF,PRIME=OSS,CKTID=\"2112LE3_Amf01-Ut01_RIVM(NP_Ut04-Ut05)\":STS3C:"
   "STS3C-1-9-1-13,STS3C-1-1-1-10:2WAY:PRIMARYXC=SHELF,PRIME=OSS,CKTID=\"2112LE3_Amf01-Ut01_RIVM(NP_Ut04-Ut05)\":STS3C:"
   "STS3C-1-9-1-16,STS3C-1-1-1-13:2WAY:PRIMARYXC=SHELF,PRIME=OSS,CKTID=\"2112LE3_Amf01-Ut01_RIVM(NP_Ut04-Ut05)\":STS3C:"
   "STS3C-1-9-1-19,STS3C-1-1-1-16:2WAY:PRIMARYXC=SHELF,PRIME=OSS,CKTID=\"2112LE3_Amf01-Ut01_RIVM(NP_Ut04-Ut05)\":STS3C:"
>

   "Ut001A_OME01" 12-12-29 15:44:41
M  21 COMPLD
   "STS3C-1-9-1-55,STS3C-1-1-1-19:2WAY:PRIMARYXC=SHELF,PRIME=OSS,CKTID=\"2112LE3_Amf01-Ut01_RIVM(NP_Ut04-Ut05)\":STS3C:"
   "STS3C-1-9-1-22,STS3C-1-2-1-22:2WAY:PRIMARYXC=SHELF,PRIME=OSS,CKTID=\"1008IR2_Ed01-Asd02_L2SS\":STS3C:"
   "STS3C-1-9-1-25,STS3C-1-2-1-25:2WAY:PRIMARYXC=SHELF,PRIME=OSS,CKTID=\"1008IR2_Ed01-Asd02_L2SS\":STS3C:"
   "STS3C-1-9-1-28,STS3C-1-2-1-28:2WAY:PRIMARYXC=SHELF,PRIME=OSS,CKTID=\"1008IR2_Ed01-Asd02_L2SS\":STS3C:"
   "STS3C-1-9-1-31,STS3C-1-2-1-31:2WAY:PRIMARYXC=SHELF,PRIME=OSS,CKTID=\"1008IR2_Ed01-Asd02_L2SS\":STS3C:"
   "STS3C-1-9-1-34,STS3C-1-2-1-34:2WAY:PRIMARYXC=SHELF,PRIME=OSS,CKTID=\"1008IR2_Ed01-Asd02_L2SS\":STS3C:"
   "STS3C-1-9-1-37,STS3C-1-2-1-37:2WAY:PRIMARYXC=SHELF,PRIME=OSS,CKTID=\"1008IR2_Ed01-Asd02_L2SS\":STS3C:"
   "STS3C-1-9-1-40,STS3C-1-2-1-40:2WAY:PRIMARYXC=SHELF,PRIME=OSS,CKTID=\"1008IR2_Ed01-Asd02_L2SS\":STS3C:"
   "STS3C-1-6-1-43,STS3C-1-3-4-1:2WAY:PRIMARYXC=SHELF,PRIME=OSS,CKTID=\"2015LR1_Ut01-Asd01_OU-O15(Ut08-Asd01)\":STS3C:"
   "STS3C-1-10-1-1,STS3C-1-3-3-1:2WAY:PRIMARYXC=SHELF,PRIME=OSS,CKTID=\"DRAC-e5429191-1352106408145\":STS3C:"
   "STS3C-1-10-1-4,STS3C-1-3-3-4:2WAY:PRIMARYXC=SHELF,PRIME=OSS,CKTID=\"DRAC-e5429191-1352106408145\":STS3C:"
   "STS3C-1-10-1-7,STS3C-1-3-3-7:2WAY:PRIMARYXC=SHELF,PRIME=OSS,CKTID=\"DRAC-e5429191-1352106408145\":STS3C:"
   "STS3C-1-10-1-10,STS3C-1-3-3-10:2WAY:PRIMARYXC=SHELF,PRIME=OSS,CKTID=\"DRAC-e5429191-1352106408145\":STS3C:"
   "STS3C-1-10-1-13,STS3C-1-3-3-13:2WAY:PRIMARYXC=SHELF,PRIME=OSS,CKTID=\"DRAC-e5429191-1352106408145\":STS3C:"
   "STS3C-1-10-1-16,STS3C-1-3-3-16:2WAY:PRIMARYXC=SHELF,PRIME=OSS,CKTID=\"DRAC-e5429191-1352106408145\":STS3C:"
   "STS3C-1-10-1-19,STS3C-1-3-3-19:2WAY:PRIMARYXC=SHELF,PRIME=OSS,CKTID=\"DRAC-e5429191-1352106408145\":STS3C:"
   "STS3C-1-14-1-1,STS3C-1-3-2-1:2WAY:PRIMARYXC=SHELF,PRIME=OSS,CKTID=\"2071LR1_Ut01-Dt08_TNO-O22(Ssb01-OPN)\":STS3C:"
   "STS3C-1-14-1-4,STS3C-1-3-2-4:2WAY:PRIMARYXC=SHELF,PRIME=OSS,CKTID=\"2071LR1_Ut01-Dt08_TNO-O22(Ssb01-OPN)\":STS3C:"
>

   "Ut001A_OME01" 12-12-29 15:44:41
M  21 COMPLD
   "STS3C-1-14-1-7,STS3C-1-3-2-7:2WAY:PRIMARYXC=SHELF,PRIME=OSS,CKTID=\"2071LR1_Ut01-Dt08_TNO-O22(Ssb01-OPN)\":STS3C:"
   "STS3C-1-14-1-10,STS3C-1-3-2-10:2WAY:PRIMARYXC=SHELF,PRIME=OSS,CKTID=\"2071LR1_Ut01-Dt08_TNO-O22(Ssb01-OPN)\":STS3C:"
   "STS3C-1-14-1-13,STS3C-1-3-2-13:2WAY:PRIMARYXC=SHELF,PRIME=OSS,CKTID=\"2071LR1_Ut01-Dt08_TNO-O22(Ssb01-OPN)\":STS3C:"
   "STS3C-1-14-1-16,STS3C-1-3-2-16:2WAY:PRIMARYXC=SHELF,PRIME=OSS,CKTID=\"2071LR1_Ut01-Dt08_TNO-O22(Ssb01-OPN)\":STS3C:"
   "STS3C-1-14-1-19,STS3C-1-3-2-19:2WAY:PRIMARYXC=SHELF,PRIME=OSS,CKTID=\"2071LR1_Ut01-Dt08_TNO-O22(Ssb01-OPN)\":STS3C:"
   "STS3C-1-9-1-85,STS3C-1-3-1-1:2WAYPR:SWMATE=STS3C-1-6-1-64,PRIMARYXC=SHELF,PRIME=OSS,CKTID=\"2064LP_Ut01-Amf01_ROCMN-O21\":STS3C:"
   "STS3C-1-9-1-88,STS3C-1-3-1-4:2WAYPR:SWMATE=STS3C-1-6-1-67,PRIMARYXC=SHELF,PRIME=OSS,CKTID=\"2064LP_Ut01-Amf01_ROCMN-O21\":STS3C:"
   "STS3C-1-9-1-91,STS3C-1-3-1-7:2WAYPR:SWMATE=STS3C-1-6-1-70,PRIMARYXC=SHELF,PRIME=OSS,CKTID=\"2064LP_Ut01-Amf01_ROCMN-O21\":STS3C:"
   "STS3C-1-9-1-94,STS3C-1-3-1-10:2WAYPR:SWMATE=STS3C-1-6-1-73,PRIMARYXC=SHELF,PRIME=OSS,CKTID=\"2064LP_Ut01-Amf01_ROCMN-O21\":STS3C:"
   "STS3C-1-9-1-97,STS3C-1-3-1-13:2WAYPR:SWMATE=STS3C-1-6-1-76,PRIMARYXC=SHELF,PRIME=OSS,CKTID=\"2064LP_Ut01-Amf01_ROCMN-O21\":STS3C:"
   "STS3C-1-9-1-100,STS3C-1-3-1-16:2WAYPR:SWMATE=STS3C-1-6-1-79,PRIMARYXC=SHELF,PRIME=OSS,CKTID=\"2064LP_Ut01-Amf01_ROCMN-O21\":STS3C:"
   "STS3C-1-9-1-103,STS3C-1-3-1-19:2WAYPR:SWMATE=STS3C-1-6-1-82,PRIMARYXC=SHELF,PRIME=OSS,CKTID=\"2064LP_Ut01-Amf01_ROCMN-O21\":STS3C:"
   "STS3C-1-4-1-1,STS3C-1-4-1-1:1WAY:PRIMARYXC=SHELF,PRIME=OSS,CKTID=\"DRAC-loopback\":STS3C:"
   "STS3C-1-12-1-124,STS3C-1-5-2-1:2WAY:PRIMARYXC=SHELF,PRIME=OSS,CKTID=\"2078LR2_Ut01-Dt08_TNO-O22(Zt01-OPN)\":STS3C:"
   "STS3C-1-12-1-127,STS3C-1-5-2-4:2WAY:PRIMARYXC=SHELF,PRIME=OSS,CKTID=\"2078LR2_Ut01-Dt08_TNO-O22(Zt01-OPN)\":STS3C:"
   "STS3C-1-12-1-130,STS3C-1-5-2-7:2WAY:PRIMARYXC=SHELF,PRIME=OSS,CKTID=\"2078LR2_Ut01-Dt08_TNO-O22(Zt01-OPN)\":STS3C:"
   "STS3C-1-12-1-133,STS3C-1-5-2-10:2WAY:PRIMARYXC=SHELF,PRIME=OSS,CKTID=\"2078LR2_Ut01-Dt08_TNO-O22(Zt01-OPN)\":STS3C:"
   "STS3C-1-12-1-46,STS3C-1-5-3-1:2WAY:PRIMARYXC=SHELF,PRIME=OSS,CKTID=\"2079LR1_Ut01-Dt08_TNO-O22(Ut01-OPN)\":STS3C:"
>

   "Ut001A_OME01" 12-12-29 15:44:41
M  21 COMPLD
   "STS3C-1-12-1-49,STS3C-1-5-3-4:2WAY:PRIMARYXC=SHELF,PRIME=OSS,CKTID=\"2079LR1_Ut01-Dt08_TNO-O22(Ut01-OPN)\":STS3C:"
   "STS3C-1-12-1-52,STS3C-1-5-3-7:2WAY:PRIMARYXC=SHELF,PRIME=OSS,CKTID=\"2079LR1_Ut01-Dt08_TNO-O22(Ut01-OPN)\":STS3C:"
   "STS3C-1-12-1-55,STS3C-1-5-3-10:2WAY:PRIMARYXC=SHELF,PRIME=OSS,CKTID=\"2079LR1_Ut01-Dt08_TNO-O22(Ut01-OPN)\":STS3C:"
   "STS3C-1-13-1-172,STS3C-1-5-7-1:2WAYPR:SWMATE=STS3C-1-12-1-172,PRIMARYXC=SHELF,PRIME=OSS,CKTID=\"2198LP_Ut15-Ut01_SURFNETNETWERK(SNETlan@Ut15)\":STS3C:"
   "STS3C-1-6-1-106,STS3C-1-5-9-1:2WAYPR:SWMATE=STS3C-1-9-1-172,PRIMARYXC=SHELF,PRIME=OSS,CKTID=\"5085LP_Ut01-Asd01_KPN\":STS3C:"
   "STS3C-1-13-1-175,STS3C-1-5-7-4:2WAYPR:SWMATE=STS3C-1-12-1-175,PRIMARYXC=SHELF,PRIME=OSS,CKTID=\"2198LP_Ut15-Ut01_SURFNETNETWERK(SNETlan@Ut15)\":STS3C:"
   "STS3C-1-13-1-178,STS3C-1-5-7-7:2WAYPR:SWMATE=STS3C-1-12-1-178,PRIMARYXC=SHELF,PRIME=OSS,CKTID=\"2198LP_Ut15-Ut01_SURFNETNETWERK(SNETlan@Ut15)\":STS3C:"
   "STS3C-1-13-1-181,STS3C-1-5-7-10:2WAYPR:SWMATE=STS3C-1-12-1-181,PRIMARYXC=SHELF,PRIME=OSS,CKTID=\"2198LP_Ut15-Ut01_SURFNETNETWERK(SNETlan@Ut15)\":STS3C:"
   "STS3C-1-13-1-184,STS3C-1-5-7-13:2WAYPR:SWMATE=STS3C-1-12-1-184,PRIMARYXC=SHELF,PRIME=OSS,CKTID=\"2198LP_Ut15-Ut01_SURFNETNETWERK(SNETlan@Ut15)\":STS3C:"
   "STS3C-1-13-1-187,STS3C-1-5-7-16:2WAYPR:SWMATE=STS3C-1-12-1-187,PRIMARYXC=SHELF,PRIME=OSS,CKTID=\"2198LP_Ut15-Ut01_SURFNETNETWERK(SNETlan@Ut15)\":STS3C:"
   "STS3C-1-13-1-190,STS3C-1-5-7-19:2WAYPR:SWMATE=STS3C-1-12-1-190,PRIMARYXC=SHELF,PRIME=OSS,CKTID=\"2198LP_Ut15-Ut01_SURFNETNETWERK(SNETlan@Ut15)\":STS3C:"
   "STS3C-1-5-8-1,STS3C-1-5-8-1:1WAY:PRIMARYXC=SHELF,PRIME=OSS,CKTID=\"DRAC-loopback\":STS3C:"
   "STS3C-1-9-1-64,STS3C-1-5-6-1:2WAY:PRIMARYXC=SHELF,PRIME=OSS,CKTID=\"2149LR2_Ut01-Asd42_UU(Ut30-Asd42)\":STS3C:"
   "STS3C-1-9-1-67,STS3C-1-5-6-4:2WAY:PRIMARYXC=SHELF,PRIME=OSS,CKTID=\"2149LR2_Ut01-Asd42_UU(Ut30-Asd42)\":STS3C:"
   "STS3C-1-9-1-70,STS3C-1-5-6-7:2WAY:PRIMARYXC=SHELF,PRIME=OSS,CKTID=\"2149LR2_Ut01-Asd42_UU(Ut30-Asd42)\":STS3C:"
   "STS3C-1-9-1-73,STS3C-1-5-6-10:2WAY:PRIMARYXC=SHELF,PRIME=OSS,CKTID=\"2149LR2_Ut01-Asd42_UU(Ut30-Asd42)\":STS3C:"
   "STS3C-1-9-1-76,STS3C-1-5-6-13:2WAY:PRIMARYXC=SHELF,PRIME=OSS,CKTID=\"2149LR2_Ut01-Asd42_UU(Ut30-Asd42)\":STS3C:"
   "STS3C-1-9-1-79,STS3C-1-5-6-16:2WAY:PRIMARYXC=SHELF,PRIME=OSS,CKTID=\"2149LR2_Ut01-Asd42_UU(Ut30-Asd42)\":STS3C:"
>

   "Ut001A_OME01" 12-12-29 15:44:41
M  21 COMPLD
   "STS3C-1-9-1-82,STS3C-1-5-6-19:2WAY:PRIMARYXC=SHELF,PRIME=OSS,CKTID=\"2149LR2_Ut01-Asd42_UU(Ut30-Asd42)\":STS3C:"
   "STS3C-1-12-1-58,STS3C-1-9-1-43:2WAY:PRIMARYXC=SHELF,PRIME=OSS,CKTID=\"2114LR2_Ut01-Asd01_RIVM-O13(DigiBobOPN Preventicon@Ut27)\":STS3C:"
   "STS3C-1-12-1-61,STS3C-1-9-1-46:2WAY:PRIMARYXC=SHELF,PRIME=OSS,CKTID=\"2114LR2_Ut01-Asd01_RIVM-O13(DigiBobOPN Preventicon@Ut27)\":STS3C:"
   "STS3C-1-12-1-64,STS3C-1-9-1-49:2WAY:PRIMARYXC=SHELF,PRIME=OSS,CKTID=\"2114LR2_Ut01-Asd01_RIVM-O13(DigiBobOPN Preventicon@Ut27)\":STS3C:"
   "STS3C-1-12-1-67,STS3C-1-9-1-52:2WAY:PRIMARYXC=SHELF,PRIME=OSS,CKTID=\"2114LR2_Ut01-Asd01_RIVM-O13(DigiBobOPN Preventicon@Ut27)\":STS3C:"
   "STS3C-1-12-1-19,STS3C-1-9-1-58:2WAY:PRIMARYXC=SHELF,PRIME=OSS,CKTID=\"0029IE_Amf01-Ut01_PBL(Bhv)\":STS3C:"
   "STS3C-1-13-1-43,STS3C-1-9-1-61:2WAY:PRIMARYXC=SHELF,PRIME=OSS,CKTID=\"2157LP_Ut02-Tb01_SURFnet\":STS3C:"
   "STS3C-1-13-1-46,STS3C-1-9-1-127:2WAY:PRIMARYXC=SHELF,PRIME=OSS,CKTID=\"2157LP_Ut02-Tb01_SURFnet\":STS3C:"
   "STS3C-1-13-1-49,STS3C-1-9-1-130:2WAY:PRIMARYXC=SHELF,PRIME=OSS,CKTID=\"2157LP_Ut02-Tb01_SURFnet\":STS3C:"
   "STS3C-1-13-1-52,STS3C-1-9-1-136:2WAY:PRIMARYXC=SHELF,PRIME=OSS,CKTID=\"2172LP_Ut01-Asd01_SURFnet\":STS3C:"
   "STS3C-1-13-1-55,STS3C-1-9-1-139:2WAY:PRIMARYXC=SHELF,PRIME=OSS,CKTID=\"2172LP_Ut01-Asd01_SURFnet\":STS3C:"
   "STS3C-1-13-1-58,STS3C-1-9-1-142:2WAY:PRIMARYXC=SHELF,PRIME=OSS,CKTID=\"2172LP_Ut01-Asd01_SURFnet\":STS3C:"
   "STS3C-1-13-1-61,STS3C-1-9-1-145:2WAY:PRIMARYXC=SHELF,PRIME=OSS,CKTID=\"2172LP_Ut01-Asd01_SURFnet\":STS3C:"
   "STS3C-1-12-1-22,STS3C-1-9-1-148:2WAY:PRIMARYXC=SHELF,PRIME=OSS,CKTID=\"0029IE_Amf01-Ut01_PBL(Bhv)\":STS3C:"
   "STS3C-1-12-1-25,STS3C-1-9-1-151:2WAY:PRIMARYXC=SHELF,PRIME=OSS,CKTID=\"0029IE_Amf01-Ut01_PBL(Bhv)\":STS3C:"
   "STS3C-1-12-1-28,STS3C-1-9-1-154:2WAY:PRIMARYXC=SHELF,PRIME=OSS,CKTID=\"0029IE_Amf01-Ut01_PBL(Bhv)\":STS3C:"
   "STS3C-1-12-1-31,STS3C-1-9-1-157:2WAY:PRIMARYXC=SHELF,PRIME=OSS,CKTID=\"0029IE_Amf01-Ut01_PBL(Bhv)\":STS3C:"
   "STS3C-1-12-1-34,STS3C-1-9-1-160:2WAY:PRIMARYXC=SHELF,PRIME=OSS,CKTID=\"0029IE_Amf01-Ut01_PBL(Bhv)\":STS3C:"
>

   "Ut001A_OME01" 12-12-29 15:44:42
M  21 COMPLD
   "STS3C-1-12-1-37,STS3C-1-9-1-163:2WAY:PRIMARYXC=SHELF,PRIME=OSS,CKTID=\"0029IE_Amf01-Ut01_PBL(Bhv)\":STS3C:"
   "STS3C-1-12-1-1,STS3C-1-9-1-166:2WAY:PRIMARYXC=SHELF,PRIME=OSS,CKTID=\"2195LP_Nm01-Ut15_SURFNETNETWERK(SNETlan@Ut)\":STS3C:"
   "STS3C-1-12-1-4,STS3C-1-9-1-169:2WAY:PRIMARYXC=SHELF,PRIME=OSS,CKTID=\"5086LP_Ut02-Asd01_KPN\":STS3C:"
   "STS3C-1-10-9-1,STS3C-1-9-1-181:2WAY:PRIMARYXC=SHELF,PRIME=OSS,CKTID=\"2121LR2_Amf01-Ut01(KNMI@Ut4-RIVM@Ut5)\":STS3C:"
   "STS3C-1-10-9-4,STS3C-1-9-1-184:2WAY:PRIMARYXC=SHELF,PRIME=OSS,CKTID=\"2121LR2_Amf01-Ut01(KNMI@Ut4-RIVM@Ut5)\":STS3C:"
   "STS3C-1-10-9-7,STS3C-1-9-1-187:2WAY:PRIMARYXC=SHELF,PRIME=OSS,CKTID=\"2121LR2_Amf01-Ut01(KNMI@Ut4-RIVM@Ut5)\":STS3C:"
   "STS3C-1-10-9-10,STS3C-1-9-1-190:2WAY:PRIMARYXC=SHELF,PRIME=OSS,CKTID=\"2121LR2_Amf01-Ut01(KNMI@Ut4-RIVM@Ut5)\":STS3C:"
   "STS3C-1-12-1-70,STS3C-1-10-4-1:2WAYPR:SWMATE=STS3C-1-14-1-46,PRIMARYXC=SHELF,PRIME=OSS,CKTID=\"2042LP_Ut01-Gv01_NWO-STW(Gv04-Ut06)\":STS3C:"
   "STS3C-1-14-1-34,STS3C-1-10-6-1:2WAY:PRIMARYXC=SHELF,PRIME=OSS,CKTID=\"2079LR2_Ut01-Dt08_TNO-O22(Ut01-OPN)\":STS3C:"
   "STS3C-1-14-1-37,STS3C-1-10-6-4:2WAY:PRIMARYXC=SHELF,PRIME=OSS,CKTID=\"2079LR2_Ut01-Dt08_TNO-O22(Ut01-OPN)\":STS3C:"
   "STS3C-1-14-1-40,STS3C-1-10-6-7:2WAY:PRIMARYXC=SHELF,PRIME=OSS,CKTID=\"2079LR2_Ut01-Dt08_TNO-O22(Ut01-OPN)\":STS3C:"
   "STS3C-1-14-1-43,STS3C-1-10-6-10:2WAY:PRIMARYXC=SHELF,PRIME=OSS,CKTID=\"2079LR2_Ut01-Dt08_TNO-O22(Ut01-OPN)\":STS3C:"
   "STS3C-1-14-1-31,STS3C-1-10-3-10:2WAY:PRIMARYXC=SHELF,PRIME=OSS,CKTID=\"2078LR1_Ut01-Dt08_TNO-O22(Zt01-OPN)\":STS3C:"
   "STS3C-1-10-1-31,STS3C-1-10-7-10:2WAYPR:SWMATE=STS3C-1-11-1-139,PRIMARYXC=SHELF,PRIME=OSS,CKTID=\"DRAC-e5429191-1339758375348\":STS3C:"
   "STS3C-1-10-1-37,STS3C-1-10-7-16:2WAYPR:SWMATE=STS3C-1-11-1-145,PRIMARYXC=SHELF,PRIME=OSS,CKTID=\"DRAC-e5429191-1339758375348\":STS3C:"
   "STS3C-1-10-1-22,STS3C-1-10-7-1:2WAYPR:SWMATE=STS3C-1-11-1-130,PRIMARYXC=SHELF,PRIME=OSS,CKTID=\"DRAC-e5429191-1339758375348\":STS3C:"
   "STS3C-1-14-1-22,STS3C-1-10-3-1:2WAY:PRIMARYXC=SHELF,PRIME=OSS,CKTID=\"2078LR1_Ut01-Dt08_TNO-O22(Zt01-OPN)\":STS3C:"
   "STS3C-1-14-1-25,STS3C-1-10-3-4:2WAY:PRIMARYXC=SHELF,PRIME=OSS,CKTID=\"2078LR1_Ut01-Dt08_TNO-O22(Zt01-OPN)\":STS3C:"
>

   "Ut001A_OME01" 12-12-29 15:44:42
M  21 COMPLD
   "STS3C-1-14-1-28,STS3C-1-10-3-7:2WAY:PRIMARYXC=SHELF,PRIME=OSS,CKTID=\"2078LR1_Ut01-Dt08_TNO-O22(Zt01-OPN)\":STS3C:"
   "STS3C-1-10-1-25,STS3C-1-10-7-4:2WAYPR:SWMATE=STS3C-1-11-1-133,PRIMARYXC=SHELF,PRIME=OSS,CKTID=\"DRAC-e5429191-1339758375348\":STS3C:"
   "STS3C-1-10-1-34,STS3C-1-10-7-13:2WAYPR:SWMATE=STS3C-1-11-1-142,PRIMARYXC=SHELF,PRIME=OSS,CKTID=\"DRAC-e5429191-1339758375348\":STS3C:"
   "STS3C-1-10-1-40,STS3C-1-10-7-19:2WAYPR:SWMATE=STS3C-1-11-1-148,PRIMARYXC=SHELF,PRIME=OSS,CKTID=\"DRAC-e5429191-1339758375348\":STS3C:"
   "STS3C-1-10-1-28,STS3C-1-10-7-7:2WAYPR:SWMATE=STS3C-1-11-1-136,PRIMARYXC=SHELF,PRIME=OSS,CKTID=\"DRAC-e5429191-1339758375348\":STS3C:"
   "STS3C-1-12-1-118,STS3C-1-11-1-1:2WAY:PRIMARYXC=SHELF,PRIME=OSS,CKTID=\"2138LR2_Ut01-Asd01_Amarantis(@Ut31-Ut01_2-Asd01)\":STS3C:"
   "STS3C-1-12-1-121,STS3C-1-11-1-4:2WAY:PRIMARYXC=SHELF,PRIME=OSS,CKTID=\"2138LR2_Ut01-Asd01_Amarantis(@Ut31-Ut01_2-Asd01)\":STS3C:"
   "STS3C-1-12-1-136,STS3C-1-11-1-7:2WAY:PRIMARYXC=SHELF,PRIME=OSS,CKTID=\"2138LR2_Ut01-Asd01_Amarantis(@Ut31-Ut01_2-Asd01)\":STS3C:"
   "STS3C-1-12-1-139,STS3C-1-11-1-10:2WAY:PRIMARYXC=SHELF,PRIME=OSS,CKTID=\"2138LR2_Ut01-Asd01_Amarantis(@Ut31-Ut01_2-Asd01)\":STS3C:"
   "STS3C-1-12-1-142,STS3C-1-11-1-13:2WAY:PRIMARYXC=SHELF,PRIME=OSS,CKTID=\"2138LR2_Ut01-Asd01_Amarantis(@Ut31-Ut01_2-Asd01)\":STS3C:"
   "STS3C-1-12-1-145,STS3C-1-11-1-16:2WAY:PRIMARYXC=SHELF,PRIME=OSS,CKTID=\"2138LR2_Ut01-Asd01_Amarantis(@Ut31-Ut01_2-Asd01)\":STS3C:"
   "STS3C-1-12-1-148,STS3C-1-11-1-19:2WAY:PRIMARYXC=SHELF,PRIME=OSS,CKTID=\"2138LR2_Ut01-Asd01_Amarantis(@Ut31-Ut01_2-Asd01)\":STS3C:"
   "STS3C-1-13-1-67,STS3C-1-11-1-22:2WAY:PRIMARYXC=SHELF,PRIME=OSS,CKTID=\"2084LP_Ut02-Asd01_SURFdiensten\":STS3C:"
   "STS3C-1-13-1-70,STS3C-1-11-1-25:2WAY:PRIMARYXC=SHELF,PRIME=OSS,CKTID=\"2084LP_Ut02-Asd01_SURFdiensten\":STS3C:"
   "STS3C-1-13-1-73,STS3C-1-11-1-28:2WAY:PRIMARYXC=SHELF,PRIME=OSS,CKTID=\"2084LP_Ut02-Asd01_SURFdiensten\":STS3C:"
   "STS3C-1-13-1-76,STS3C-1-11-1-31:2WAY:PRIMARYXC=SHELF,PRIME=OSS,CKTID=\"2084LP_Ut02-Asd01_SURFdiensten\":STS3C:"
   "STS3C-1-13-1-79,STS3C-1-11-1-34:2WAY:PRIMARYXC=SHELF,PRIME=OSS,CKTID=\"2084LP_Ut02-Asd01_SURFdiensten\":STS3C:"
   "STS3C-1-13-1-82,STS3C-1-11-1-37:2WAY:PRIMARYXC=SHELF,PRIME=OSS,CKTID=\"2084LP_Ut02-Asd01_SURFdiensten\":STS3C:"
>

   "Ut001A_OME01" 12-12-29 15:44:42
M  21 COMPLD
   "STS3C-1-13-1-85,STS3C-1-11-1-40:2WAY:PRIMARYXC=SHELF,PRIME=OSS,CKTID=\"2084LP_Ut02-Asd01_SURFdiensten\":STS3C:"
   "STS3C-1-12-1-73,STS3C-1-11-1-64:2WAY:PRIMARYXC=SHELF,PRIME=OSS,CKTID=\"2124LP_Ut01-Asd01_TNO-Utrecht(Ut17-Asd40)\":STS3C:"
   "STS3C-1-12-1-76,STS3C-1-11-1-67:2WAY:PRIMARYXC=SHELF,PRIME=OSS,CKTID=\"2124LP_Ut01-Asd01_TNO-Utrecht(Ut17-Asd40)\":STS3C:"
   "STS3C-1-12-1-79,STS3C-1-11-1-70:2WAY:PRIMARYXC=SHELF,PRIME=OSS,CKTID=\"2124LP_Ut01-Asd01_TNO-Utrecht(Ut17-Asd40)\":STS3C:"
   "STS3C-1-12-1-82,STS3C-1-11-1-73:2WAY:PRIMARYXC=SHELF,PRIME=OSS,CKTID=\"2124LP_Ut01-Asd01_TNO-Utrecht(Ut17-Asd40)\":STS3C:"
   "STS3C-1-12-1-85,STS3C-1-11-1-76:2WAY:PRIMARYXC=SHELF,PRIME=OSS,CKTID=\"2124LP_Ut01-Asd01_TNO-Utrecht(Ut17-Asd40)\":STS3C:"
   "STS3C-1-12-1-88,STS3C-1-11-1-79:2WAY:PRIMARYXC=SHELF,PRIME=OSS,CKTID=\"2124LP_Ut01-Asd01_TNO-Utrecht(Ut17-Asd40)\":STS3C:"
   "STS3C-1-12-1-91,STS3C-1-11-1-82:2WAY:PRIMARYXC=SHELF,PRIME=OSS,CKTID=\"2124LP_Ut01-Asd01_TNO-Utrecht(Ut17-Asd40)\":STS3C:"
;RTRV-AD-ALL:"Ut001A_OME01"::22;
IP 22
<

   "Ut001A_OME01" 12-12-29 15:44:45
M  22 COMPLD
   "OC48-1-2-1:TYP-SH-SL-PRT,LINE:TX_VERSION=\"2\",TX_TAG=\"AD_2_00:20:d8:df:3b:fb_001_000_002_000_001_ME_1\",RX_VERSION=\"2\",RX_ACTUAL=\"AD_2_00:20:d8:df:37:ce_001_000_009_000_001_ME_1\",RX_EXPECTED=\"\",RECONFIG=DISABLE,RX_RELIABILITY=RELIABLE,MECHANISM=IIH"
   "OC192-1-5-1:TYP-SH-SL-PRT,LINE:TX_VERSION=\"2\",TX_TAG=\"AD_2_00:20:d8:df:3b:fb_001_000_005_000_001_ME_1\",RX_VERSION=\"2\",RX_ACTUAL=\"AD_2_00:21:e1:d9:ac:20_001_000_023_000_001_ME_1\",RX_EXPECTED=\"\",RECONFIG=DISABLE,RX_RELIABILITY=RELIABLE,MECHANISM=IIH"
   "ADJ-1-5-1:TYP-SH-SL-PRT,PHYS:TX_VERSION=\"2\",TX_TAG=\"Ut001A_OME01-1-5-1\",RX_VERSION=\"2\",RX_ACTUAL=\"\",RX_EXPECTED=\"\",RECONFIG=DISABLE,RX_RELIABILITY=UNRELIABLE,MECHANISM=DERIVED"
   "OC192-1-6-1:TYP-SH-SL-PRT,LINE:TX_VERSION=\"2\",TX_TAG=\"AD_2_00:20:d8:df:3b:fb_001_000_006_000_001_ME_1\",RX_VERSION=\"2\",RX_ACTUAL=\"AD_2_00:21:e1:d9:ac:20_001_000_028_000_001_ME_1\",RX_EXPECTED=\"\",RECONFIG=DISABLE,RX_RELIABILITY=RELIABLE,MECHANISM=IIH"
   "OC192-1-9-1:TYP-SH-SL-PRT,LINE:TX_VERSION=\"2\",TX_TAG=\"AD_2_00:20:d8:df:3b:fb_001_000_009_000_001_ME_1\",RX_VERSION=\"2\",RX_ACTUAL=\"AD_2_00:21:e1:d9:d2:7f_001_000_028_000_001_ME_1\",RX_EXPECTED=\"\",RECONFIG=DISABLE,RX_RELIABILITY=RELIABLE,MECHANISM=IIH"
   "OC192-1-10-1:TYP-SH-SL-PRT,LINE:TX_VERSION=\"2\",TX_TAG=\"AD_2_00:20:d8:df:3b:fb_001_000_010_000_001_ME_1\",RX_VERSION=\"2\",RX_ACTUAL=\"AD_2_00:21:e1:d9:ac:20_001_000_022_000_001_ME_1\",RX_EXPECTED=\"\",RECONFIG=DISABLE,RX_RELIABILITY=RELIABLE,MECHANISM=IIH"
   "ADJ-1-10-1:TYP-SH-SL-PRT,PHYS:TX_VERSION=\"2\",TX_TAG=\"Ut001A_OME01-1-10-1\",RX_VERSION=\"2\",RX_ACTUAL=\"\",RX_EXPECTED=\"\",RECONFIG=DISABLE,RX_RELIABILITY=UNRELIABLE,MECHANISM=DERIVED"
   "OC192-1-11-1:TYP-SH-SL-PRT,LINE:TX_VERSION=\"2\",TX_TAG=\"AD_2_00:20:d8:df:3b:fb_001_000_011_000_001_ME_1\",RX_VERSION=\"2\",RX_ACTUAL=\"AD_2_00:21:e1:d9:aa:1b_001_000_028_000_001_ME_1\",RX_EXPECTED=\"\",RECONFIG=DISABLE,RX_RELIABILITY=RELIABLE,MECHANISM=IIH"
   "ADJ-1-11-1:TYP-SH-SL-PRT,PHYS:TX_VERSION=\"2\",TX_TAG=\"Ut001A_OME01-1-11-1\",RX_VERSION=\"2\",RX_ACTUAL=\"\",RX_EXPECTED=\"\",RECONFIG=DISABLE,RX_RELIABILITY=UNRELIABLE,MECHANISM=DERIVED"
   "OC192-1-12-1:TYP-SH-SL-PRT,LINE:TX_VERSION=\"2\",TX_TAG=\"AD_2_00:20:d8:df:3b:fb_001_000_012_000_001_ME_1\",RX_VERSION=\"2\",RX_ACTUAL=\"AD_2_00:14:0d:03:50:34_001_000_006_000_001_ME_1\",RX_EXPECTED=\"\",RECONFIG=DISABLE,RX_RELIABILITY=RELIABLE,MECHANISM=IIH"
   "OC192-1-13-1:TYP-SH-SL-PRT,LINE:TX_VERSION=\"2\",TX_TAG=\"AD_2_00:20:d8:df:3b:fb_001_000_013_000_001_ME_1\",RX_VERSION=\"2\",RX_ACTUAL=\"AD_2_00:14:0d:03:50:34_001_000_005_000_001_ME_1\",RX_EXPECTED=\"\",RECONFIG=DISABLE,RX_RELIABILITY=RELIABLE,MECHANISM=IIH"
   "OC192-1-14-1:TYP-SH-SL-PRT,LINE:TX_VERSION=\"2\",TX_TAG=\"AD_2_00:20:d8:df:3b:fb_001_000_014_000_001_ME_1\",RX_VERSION=\"2\",RX_ACTUAL=\"AD_2_00:11:58:ff:85:45_001_000_004_000_001_ME_1\",RX_EXPECTED=\"\",RECONFIG=DISABLE,RX_RELIABILITY=RELIABLE,MECHANISM=IIH"
   "ADJ-1-14-1:TYP-SH-SL-PRT,PHYS:TX_VERSION=\"2\",TX_TAG=\"Ut001A_OME01-1-14-1\",RX_VERSION=\"2\",RX_ACTUAL=\"\",RX_EXPECTED=\"\",RECONFIG=DISABLE,RX_RELIABILITY=UNRELIABLE,MECHANISM=DERIVED"
;RTRV-FFP-OC192:"Ut001A_OME01":OC192-1-ALL:23;
IP 23
<

   "Ut001A_OME01" 12-12-29 15:44:49
M  23 COMPLD
;

   "Ut001A_OME01" 12-12-29 15:45:05
A  0001845791 REPT EVT COM
   "SP-1-15:PMFTPI,TC,12-29,15-45-05,NEND,NA,,,:\"file 'sftp://sftpuser@145.145.64.26:22//opt/nortel/omea/NE_info/pmdata/0020D8DF3BFB/pm_Ut001A_OME01_20121229154504_date_201212291530.gz' has started\",NONE:0100000000-0000-0647,:YEAR=2012,MODE=NONE,SIGLAYER=\"\""
;RTRV-ALM-ALL:"Ut001A_OME01"::24::;
IP 24
<

   "Ut001A_OME01" 12-12-29 15:45:13
M  24 COMPLD
   "ETH-1-5-9,ETH:MN,LBKTERMINAL,NSA,11-02,19-46-23,NEND,NA:\"Loopback Active - Terminal\",NONE:0100000001-6009-0371,:YEAR=2012,MODE=NONE"
   "ETH10G-1-4-1,ETH10G:CR,LOS,SA,11-02,19-46-24,NEND,RCV:\"Loss Of Signal\",NONE:0100000003-0008-0673,:YEAR=2012,MODE=NONE"
   "ETH10G-1-4-1,ETH10G:CR,LOSSLNK,SA,11-02,19-46-24,NEND,RCV:\"Link Down\",NONE:0100000004-6000-0865,:YEAR=2012,MODE=NONE"
   "ETH10G-1-4-1,ETH10G:CR,FECRF,SA,11-02,19-46-24,FEND,NA:\"Far End Client Signal Fail\",NONE:0100000005-6271-0870,:YEAR=2012,MODE=NONE"
;

   "Ut001A_OME01" 12-12-29 15:45:15
A  0001845792 REPT EVT ETH10G
   "ETH10G-1-4-1:T-UAS-E,TC,12-29,15-45-15,NEND,RCV,10,10,15-MIN:\"T-UAS-E\":0100000000-0000-0000,:YEAR=2012,MODE=NONE"
;

   "Ut001A_OME01" 12-12-29 15:45:37
A  0001845793 REPT EVT COM
   "SP-1-15:PMFTPC,TC,12-29,15-45-37,NEND,NA,,,:\"file 'sftp://sftpuser@145.145.64.26:22//opt/nortel/omea/NE_info/pmdata/0020D8DF3BFB/pm_Ut001A_OME01_20121229154504_date_201212291530.gz' has completed\",NONE:0100000000-0000-0648,:YEAR=2012,MODE=NONE,SIGLAYER=\"\""
;<<RTRV-HDR keep alive sent>>
IP 25
<

   "Ut001A_OME01" 12-12-29 15:46:15
M  25 COMPLD
;

   "Ut001A_OME01" 12-12-29 15:47:05
A  0001845794 REPT EVT LOG
   "DATE=12-12-29,TIME=15-47-05:USERID=SNSCRIPT,PRIORITY=GEN_TL1_CMD,STATUS=COMPLD:ACT-USER:SNSCRIPT:1::::"
;

   "Ut001A_OME01" 12-12-29 15:47:05
A  0001845795 REPT EVT LOG
   "DATE=12-12-29,TIME=15-47-05:USERID=SNSCRIPT,PRIORITY=GEN_TL1_CMD,STATUS=COMPLD:CANC-USER:SNSCRIPT:1::::"
;<<RTRV-HDR keep alive sent>>
IP 26
<

   "Ut001A_OME01" 12-12-29 15:48:16
M  26 COMPLD
;<<RTRV-HDR keep alive sent>>
IP 27
<

   "Ut001A_OME01" 12-12-29 15:50:15
M  27 COMPLD
;<<RTRV-HDR keep alive sent>>
IP 28
<

   "Ut001A_OME01" 12-12-29 15:52:16
M  28 COMPLD
;

   "Ut001A_OME01" 12-12-29 15:53:53
A  0001845796 REPT EVT LOG
   "DATE=12-12-29,TIME=15-53-53:USERID=SNSCRIPT,PRIORITY=GEN_TL1_CMD,STATUS=COMPLD:ACT-USER:SNSCRIPT:1::::"
;

   "Ut001A_OME01" 12-12-29 15:53:55
A  0001845797 REPT EVT LOG
   "DATE=12-12-29,TIME=15-53-55:USERID=SNSCRIPT,PRIORITY=GEN_TL1_CMD,STATUS=COMPLD:CANC-USER:SNSCRIPT:1::::"
;<<RTRV-HDR keep alive sent>>
IP 29
<

   "Ut001A_OME01" 12-12-29 15:54:16
M  29 COMPLD
;<<RTRV-HDR keep alive sent>>
IP 30
<

   "Ut001A_OME01" 12-12-29 15:56:17
M  30 COMPLD
;<<RTRV-HDR keep alive sent>>
IP 31
<

   "Ut001A_OME01" 12-12-29 15:58:17
M  31 COMPLD
;

   "Ut001A_OME01" 12-12-29 16:00:15
A  0001845798 REPT EVT ETH10G
   "ETH10G-1-4-1:T-UAS-E,TC,12-29,16-00-15,NEND,RCV,10,10,15-MIN:\"T-UAS-E\":0100000000-0000-0000,:YEAR=2012,MODE=NONE"
;<<RTRV-HDR keep alive sent>>
IP 32
<

   "Ut001A_OME01" 12-12-29 16:00:18
M  32 COMPLD
;

   "Ut001A_OME01" 12-12-29 16:02:05
A  0001845799 REPT EVT LOG
   "DATE=12-12-29,TIME=16-02-05:USERID=SNSCRIPT,PRIORITY=GEN_TL1_CMD,STATUS=COMPLD:ACT-USER:SNSCRIPT:1::::"
;

   "Ut001A_OME01" 12-12-29 16:02:05
A  0001845800 REPT EVT LOG
   "DATE=12-12-29,TIME=16-02-05:USERID=SNSCRIPT,PRIORITY=GEN_TL1_CMD,STATUS=COMPLD:CANC-USER:SNSCRIPT:1::::"
;<<RTRV-HDR keep alive sent>>
IP 33
<

   "Ut001A_OME01" 12-12-29 16:02:19
M  33 COMPLD
;<<RTRV-HDR keep alive sent>>
IP 34
<

   "Ut001A_OME01" 12-12-29 16:04:19
M  34 COMPLD
;<<RTRV-HDR keep alive sent>>
IP 35
<

   "Ut001A_OME01" 12-12-29 16:06:20
M  35 COMPLD
;<<RTRV-HDR keep alive sent>>
IP 36
<

   "Ut001A_OME01" 12-12-29 16:08:19
M  36 COMPLD
;<<RTRV-HDR keep alive sent>>
IP 37
<

   "Ut001A_OME01" 12-12-29 16:10:21
M  37 COMPLD
;<<RTRV-HDR keep alive sent>>
IP 38
<

   "Ut001A_OME01" 12-12-29 16:12:21
M  38 COMPLD
;<<RTRV-HDR keep alive sent>>
IP 39
<

   "Ut001A_OME01" 12-12-29 16:14:22
M  39 COMPLD
;

   "Ut001A_OME01" 12-12-29 16:15:15
A  0001845801 REPT EVT ETH10G
   "ETH10G-1-4-1:T-UAS-E,TC,12-29,16-15-15,NEND,RCV,10,10,15-MIN:\"T-UAS-E\":0100000000-0000-0000,:YEAR=2012,MODE=NONE"
;

   "Ut001A_OME01" 12-12-29 16:16:00
A  0001845802 REPT EVT LOG
   "DATE=12-12-29,TIME=16-16-00:USERID=SNSCRIPT,PRIORITY=GEN_TL1_CMD,STATUS=COMPLD:ACT-USER:SNSCRIPT:1::::"
;

   "Ut001A_OME01" 12-12-29 16:16:02
A  0001845803 REPT EVT LOG
   "DATE=12-12-29,TIME=16-16-02:USERID=SNSCRIPT,PRIORITY=GEN_TL1_CMD,STATUS=COMPLD:CANC-USER:SNSCRIPT:1::::"
;<<RTRV-HDR keep alive sent>>
IP 40
<

   "Ut001A_OME01" 12-12-29 16:16:22
M  40 COMPLD
;

   "Ut001A_OME01" 12-12-29 16:17:04
A  0001845804 REPT EVT LOG
   "DATE=12-12-29,TIME=16-17-04:USERID=SNSCRIPT,PRIORITY=GEN_TL1_CMD,STATUS=COMPLD:ACT-USER:SNSCRIPT:1::::"
;

   "Ut001A_OME01" 12-12-29 16:17:04
A  0001845805 REPT EVT LOG
   "DATE=12-12-29,TIME=16-17-04:USERID=SNSCRIPT,PRIORITY=GEN_TL1_CMD,STATUS=COMPLD:CANC-USER:SNSCRIPT:1::::"
;<<RTRV-HDR keep alive sent>>
IP 41
<

   "Ut001A_OME01" 12-12-29 16:18:22
M  41 COMPLD
;<<RTRV-HDR keep alive sent>>
IP 42
<

   "Ut001A_OME01" 12-12-29 16:20:22
M  42 COMPLD
;<<RTRV-HDR keep alive sent>>
IP 43
<

   "Ut001A_OME01" 12-12-29 16:22:23
M  43 COMPLD
;<<RTRV-HDR keep alive sent>>
IP 44
<

   "Ut001A_OME01" 12-12-29 16:24:23
M  44 COMPLD
;<<RTRV-HDR keep alive sent>>
IP 45
<

   "Ut001A_OME01" 12-12-29 16:26:23
M  45 COMPLD
;<<RTRV-HDR keep alive sent>>
IP 46
<

   "Ut001A_OME01" 12-12-29 16:28:23
M  46 COMPLD
;

   "Ut001A_OME01" 12-12-29 16:30:15
A  0001845806 REPT EVT ETH10G
   "ETH10G-1-4-1:T-UAS-E,TC,12-29,16-30-15,NEND,RCV,10,10,15-MIN:\"T-UAS-E\":0100000000-0000-0000,:YEAR=2012,MODE=NONE"
;<<RTRV-HDR keep alive sent>>
IP 47
<

   "Ut001A_OME01" 12-12-29 16:30:24
M  47 COMPLD
;

   "Ut001A_OME01" 12-12-29 16:32:06
A  0001845807 REPT EVT LOG
   "DATE=12-12-29,TIME=16-32-06:USERID=SNSCRIPT,PRIORITY=GEN_TL1_CMD,STATUS=COMPLD:ACT-USER:SNSCRIPT:1::::"
;

   "Ut001A_OME01" 12-12-29 16:32:06
A  0001845808 REPT EVT LOG
   "DATE=12-12-29,TIME=16-32-06:USERID=SNSCRIPT,PRIORITY=GEN_TL1_CMD,STATUS=COMPLD:CANC-USER:SNSCRIPT:1::::"
;<<RTRV-HDR keep alive sent>>
IP 48
<

   "Ut001A_OME01" 12-12-29 16:32:24
M  48 COMPLD
;<<RTRV-HDR keep alive sent>>
IP 49
<

   "Ut001A_OME01" 12-12-29 16:34:25
M  49 COMPLD
;<<RTRV-HDR keep alive sent>>
IP 50
<

   "Ut001A_OME01" 12-12-29 16:36:25
M  50 COMPLD
;<<RTRV-HDR keep alive sent>>
IP 51
<

   "Ut001A_OME01" 12-12-29 16:38:25
M  51 COMPLD
;<<RTRV-HDR keep alive sent>>
IP 52
<

   "Ut001A_OME01" 12-12-29 16:40:26
M  52 COMPLD
;<<RTRV-HDR keep alive sent>>
IP 53
<

   "Ut001A_OME01" 12-12-29 16:42:26
M  53 COMPLD
;<<RTRV-HDR keep alive sent>>
IP 54
<

   "Ut001A_OME01" 12-12-29 16:44:26
M  54 COMPLD
;RTRV-ALM-ALL:"Ut001A_OME01"::55::;
IP 55
<

   "Ut001A_OME01" 12-12-29 16:45:13
M  55 COMPLD
   "ETH-1-5-9,ETH:MN,LBKTERMINAL,NSA,11-02,19-46-23,NEND,NA:\"Loopback Active - Terminal\",NONE:0100000001-6009-0371,:YEAR=2012,MODE=NONE"
   "ETH10G-1-4-1,ETH10G:CR,LOS,SA,11-02,19-46-24,NEND,RCV:\"Loss Of Signal\",NONE:0100000003-0008-0673,:YEAR=2012,MODE=NONE"
   "ETH10G-1-4-1,ETH10G:CR,LOSSLNK,SA,11-02,19-46-24,NEND,RCV:\"Link Down\",NONE:0100000004-6000-0865,:YEAR=2012,MODE=NONE"
   "ETH10G-1-4-1,ETH10G:CR,FECRF,SA,11-02,19-46-24,FEND,NA:\"Far End Client Signal Fail\",NONE:0100000005-6271-0870,:YEAR=2012,MODE=NONE"
;

   "Ut001A_OME01" 12-12-29 16:45:15
A  0001845809 REPT EVT ETH10G
   "ETH10G-1-4-1:T-UAS-E,TC,12-29,16-45-15,NEND,RCV,10,10,15-MIN:\"T-UAS-E\":0100000000-0000-0000,:YEAR=2012,MODE=NONE"
;<<RTRV-HDR keep alive sent>>
IP 56
<

   "Ut001A_OME01" 12-12-29 16:46:26
M  56 COMPLD
;

   "Ut001A_OME01" 12-12-29 16:47:09
A  0001845810 REPT EVT LOG
   "DATE=12-12-29,TIME=16-47-09:USERID=SNSCRIPT,PRIORITY=GEN_TL1_CMD,STATUS=COMPLD:ACT-USER:SNSCRIPT:1::::"
;

   "Ut001A_OME01" 12-12-29 16:47:09
A  0001845811 REPT EVT LOG
   "DATE=12-12-29,TIME=16-47-09:USERID=SNSCRIPT,PRIORITY=GEN_TL1_CMD,STATUS=COMPLD:CANC-USER:SNSCRIPT:1::::"
;<<RTRV-HDR keep alive sent>>
IP 57
<

   "Ut001A_OME01" 12-12-29 16:48:27
M  57 COMPLD
;<<RTRV-HDR keep alive sent>>
IP 58
<

   "Ut001A_OME01" 12-12-29 16:50:28
M  58 COMPLD
;<<RTRV-HDR keep alive sent>>
IP 59
<

   "Ut001A_OME01" 12-12-29 16:52:28
M  59 COMPLD
;<<RTRV-HDR keep alive sent>>
IP 60
<

   "Ut001A_OME01" 12-12-29 16:54:29
M  60 COMPLD
;<<RTRV-HDR keep alive sent>>
IP 61
<

   "Ut001A_OME01" 12-12-29 16:56:29
M  61 COMPLD
;