***** (re)Starting logger at Thu Feb 03 10:28:12 CET 2011*****


**** TL1 session opened at Thu Feb 03 10:28:12 CET 2011 ****


??????<<RTRV-HDR keep alive sent>>

NOTICE: This is a private computer system.
Unauthorized access or use may lead to prosecution.

------------ (c) 2000 - 2009 Nortel Networks. All Rights Reserved ----------
|  NOTICE: This is a private computer system.                              |
|  Unauthorized access or use may lead to prosecution.                     |
|                                                                          |
|  NORTEL Optical Multiservice Edge 6500 OPTICAL                           |
----------------------------------------------------------------------------

/*
 * Starting Interactive TL1 Command Mode.
 * Type ? for help while constructing TL1 commands.
 * Type .? for specific parameter/keyword help.
 */


IP 2
<

   "Asd001A_OME3T" 11-02-03 09:28:14
M  2 DENY
   PLNA
   /*Privilege, Login Not Active*/
;<<ACT-USER sent, password hidden>>
IP 3
<

   "Asd001A_OME3T" 11-02-03 09:28:16
M  3 COMPLD
;RTRV-NETYPE:"Asd001A_OME3T"::4;
IP 4
<

   "Asd001A_OME3T" 11-02-03 09:28:17
M  4 COMPLD
   "NORTEL,\"Optical Multiservice Edge 6500 OPTICAL\",OCP,\"REL0602Z.BN\""
;RTRV-SW-VER:"Asd001A_OME3T"::5;
IP 5
<

   "Asd001A_OME3T" 11-02-03 09:28:17
M  5 COMPLD
   "SHELF-1:REL0602Z.BN"
;RTRV-RTG-INFO:"Asd001A_OME3T"::6:::NAME="Asd001A_OME3T";
IP 6
<

   "Asd001A_OME3T" 11-02-03 09:28:17
M  6 COMPLD
   "SHELF-1::,\"Asd001A_OME3T\",0020D8DF3359|192.168.100.3,00001600,YES"
;RTRV-SYS:"Asd001A_OME3T"::7;
IP 7
<

   "Asd001A_OME3T" 11-02-03 09:28:18
M  7 COMPLD
   "ALMHO=2.5,ALMCORR=OFF,BAYFICINAO=FALSE,LINEPEVSTAT=MAN&AUTO,GCC0MODE=IISIS,GCC1MODE=DISABLED,PATHSDTH=6,PATHEBERTH=3,PATHSWCRIT=AIS&LOP&UNEQ&EBER&SD,PTHAISINSERT=AIS&LOP,PATHPEVSTAT=MAN,PROVCURRENT=40,EQPTCURRENT=40,ACTUALPOWER=578,MONITORFAN=ENABLED,MINCOOLING=LOWFLOW,ACTUALCOOLING=LOWFLOW,LASEROFFFARENDFAIL=DISABLED,NEMODE=SDH,FILLERMGMT=ENABLED,CSFMCASTMAC=0180c2880001,BITSMODE=SDH,ETHSDTH=1,ETHEERTH=20,FCSDTH=1,FCEERTH=20,WANFRSDTH=1,WANFREERTH=20,WANTRSDTH=1,WANTREERTH=20,ETHGFPRFI=ENABLED,ETHGFPRFIUPI=128,OSCMODE=OSPF"
;ALW-MSG-BROADCAST:"Asd001A_OME3T":ALL:8;
IP 8
<

   "Asd001A_OME3T" 11-02-03 09:28:19
M  8 COMPLD
;RTRV-EQPT:"Asd001A_OME3T":ALL:9;
IP 9
<

   "Asd001A_OME3T" 11-02-03 09:28:20
M  9 COMPLD
   "GE-1-1::PROVPEC=NTK535LA,CTYPE=\"4xGbE/GFP/p-p Optical\",SNMPINDEX=285476864,PEC=NTK535LA,REL= 03 ,CLEI=WMOTAJ4JAC,SER=NNTM01L1D3UYA,MDAT=2004-43,AGE=04-350-12-44,ONSC=03-137-17-54:IS,ACT"
   "PGEFC-1-1-1::PROVPEC=NTTP01CF,CTYPE=\"GE LX [10k]/FC100 SM 1310nm LC SFP\",SNMPINDEX=285476865,PEC=NTTP01CF,REL=01,CLEI=WMOTAH1JAA,SER=EXLGJPM6T5030225:IS,ACT"
   "PGEFC-1-1-2::PROVPEC=NTTP01CF,CTYPE=\"GE LX [10k]/FC100 SM 1310nm LC SFP\",SNMPINDEX=285476866,PEC=NTTP01CF,REL=01,CLEI=WMOTAH1JAA,SER=EXLGJPM4E4260918:IS,IDLE"
   "PGEFC-1-1-3::PROVPEC=NTTP01AF,CTYPE=\"GE SX/FC100 Mx 850nm LC SFP\",SNMPINDEX=285476867,PEC=NTTP01AF,REL=03,CLEI=WMOTCWXJAA,SER=BE0908570022    :IS,ACT"
   "PGEFC-1-1-4::PROVPEC=NTTP01CF,CTYPE=\"GE LX [10k]/FC100 SM 1310nm LC SFP\",SNMPINDEX=285476868,PEC=NTTP01CF,REL=01,CLEI=WMOTAH1JAA,SER=EXLGJPD751590603:IS,ACT"
   "10G-1-3::PROVPEC=NTK526LN,CTYPE=\"1xOC-192/STM-64 STS-1/HO DWDM 1542.94nm\",SNMPINDEX=285480960,PEC=NTK526LN,REL= 05 ,CLEI=WMOTBD5JAA,SER=NNTM0121D34HU,MDAT=2005-24,AGE=02-192-19-18,ONSC=01-055-00-35:IS,IDLE"
   "L2SS-1-4::PROVPEC=NTK531BA,CTYPE=\"4xGE L2SS 2.5G VT1.5/LO SFP\",SNMPINDEX=285483008,PEC=NTK531BA,REL= 03 ,CLEI=WMOTBRCJAA,SER=NNTMH8J000ZKA,MDAT=2006-09,AGE=03-200-07-36,ONSC=00-153-18-33,EQPTPROFILE=L2SS_NONPDH:IS,IDLE"
   "PGEFC-1-4-2::PROVPEC=NTTP01CF,CTYPE=\"GE LX [10k]/FC100 SM 1310nm LC SFP\",SNMPINDEX=285483010,PEC=NTTP01CF,REL=01,CLEI=WMOTAH1JAA,SER=EXLGJP9354010676:IS,IDLE"
   "PGE-1-4-3::PROVPEC=NTTP61AA,CTYPE=\"1000 BaseT, 0/+70C, SFP, 20 pins, RJ45, Basic MSA\",SNMPINDEX=285483011,PEC=NTTP61AA,REL=03,CLEI=WMOTBKRJAB,SER=AVAGMY000002HD  :IS,IDLE"
   "PGE-1-4-4::PROVPEC=NTTP61AA,CTYPE=\"1000 BaseT, 0/+70C, SFP, 20 pins, RJ45, Basic MSA\",SNMPINDEX=285483012,PEC=NTTP61AA,REL=03,CLEI=WMOTBKRJAB,SER=AVAGMY000002HJ  :IS,IDLE"
>

   "Asd001A_OME3T" 11-02-03 09:28:20
M  9 COMPLD
   "10G-1-6::PROVPEC=NTK526MN,CTYPE=\"1xOC-192/STM-64 STS-1/HO DWDM 1552.52nm\",SNMPINDEX=285487104,PEC=NTK526MN,REL= 05 ,CLEI=WMOTBEFJAA,SER=NNTM0171D446D,MDAT=2004-48,AGE=05-182-21-03,ONSC=02-200-22-56:IS,IDLE"
   "XC-1-7::PROVPEC=NTK557BA,CTYPE=\"X-CONN 160G+ STS-1/VC-3 SYNC-ST3\",SNMPINDEX=285489152,PEC=NTK557BA,REL= 04 ,CLEI=WMIXCE0BAB,SER=NNTMGP5Z008FT,MDAT=2004-37,AGE=00-153-19-15,ONSC=00-153-19-15:IS,STBYH"
   "XC-1-8::PROVPEC=NTK557BA,CTYPE=\"X-CONN 160G+ STS-1/VC-3 SYNC-ST3\",SNMPINDEX=285491200,PEC=NTK557BA,REL= 05 ,CLEI=WMIXCE0BAC,SER=NNTM0151D428F,MDAT=2004-47,AGE=00-153-19-20,ONSC=00-153-19-20:IS,WRKTRAF&WRKSYNC"
   "10G-1-9::PROVPEC=NTK526LA,CTYPE=\"1xOC-192/STM-64 STS-1/HO DWDM 1538.19nm\",SNMPINDEX=285493248,PEC=NTK526LA,REL= 05 ,CLEI=WMOTBD0JAA,SER=NNTM01K1D46X9,MDAT=2004-50,AGE=05-233-00-47,ONSC=02-200-23-06:IS,IDLE"
   "10G-1-10::PROVPEC=NTK523DA,CTYPE=\"1xOC-192/STM-64 STS-1/HO IR2/S64.2\",SNMPINDEX=285495296,PEC=NTK523DA,REL= 02 ,CLEI=WMOTAGXJAB,SER=NNTM0121D3AMN,MDAT=2004-32,AGE=05-345-23-55,ONSC=03-137-17-54:IS,IDLE"
   "GE-1-12::PROVPEC=NTK535LB,CTYPE=\"4xGbE/GFP/p-p/802.3ah Optical\",SNMPINDEX=285499392,PEC=NTK535LB,REL= 01 ,CLEI=WMOTBRFJAA,SER=NNTM0141D6F1E,MDAT=2006-17,AGE=04-119-04-12,ONSC=02-232-00-52:IS,ACT"
   "PGEFC-1-12-1::PROVPEC=NTTP01AF,CTYPE=\"GE SX/FC100 Mx 850nm LC SFP\",SNMPINDEX=285499393,PEC=NTTP01AF,REL=01,CLEI=SOC3NNFCAA,SER=AVAGMY500008HL  :IS,IDLE"
   "PGEFC-1-12-2::PROVPEC=NTTP01CF,CTYPE=\"GE LX [10k]/FC100 SM 1310nm LC SFP\",SNMPINDEX=285499394,PEC=NTTP01CF,REL=01,CLEI=WMOTAH1JAA,SER=EXLGJPM5E4260011:IS,IDLE"
   "PGEFC-1-12-3::PROVPEC=NTTP01CF,CTYPE=\"GE LX [10k]/FC100 SM 1310nm LC SFP\",SNMPINDEX=285499395,PEC=NTTP01CF,REL=01,CLEI=WMOTAH1JAA,SER=EXLGJPD751590604:IS,ACT"
   "PGEFC-1-12-4::PROVPEC=NTTP01CF,CTYPE=\"GE LX [10k]/FC100 SM 1310nm LC SFP\",SNMPINDEX=285499396,PEC=NTTP01CF,REL=01,CLEI=WMOTAH1JAA,SER=EXLGJP9354010200:IS,IDLE"
>

   "Asd001A_OME3T" 11-02-03 09:28:20
M  9 COMPLD
   "XGE-1-14::PROVPEC=NTK533AA,CTYPE=\"1x10GE EPL \",SNMPINDEX=285503488,PEC=NTK533AA,REL= 02 ,CLEI=WOTRAM7KAA,SER=NNTMH8R002Y2F,MDAT=2007-31,AGE=03-117-22-49,ONSC=03-117-22-49:IS,ACT"
   "P10GSEL-1-14-1::PROVPEC=NTTP80BA,CTYPE=\"OC192 SR-1:I-64.1/10GBASE-LR/LW,1310 nm, XFP, 0/70C, LC, MSA\",SNMPINDEX=285503489,PEC=NTTP80BA,REL=04,CLEI=WMOTBNAJAA,SER=EXLGJPA430010277:IS,ACT"
   "SP-1-15::PROVPEC=NTK555AA,CTYPE=\"Processor SP\",SNMPINDEX=285505536,PEC=NTK555AA,REL= 05 ,CLEI=WMUCAJFAAB,SER=NNTM01W1D3SGT,MDAT=2004-42,AGE=05-338-07-28,ONSC=00-190-19-18:IS,"
;RTRV-OC3:"Asd001A_OME3T":OC3-1-ALL:10;
IP 10
<

   "Asd001A_OME3T" 11-02-03 09:28:22
M  10 COMPLD
;RTRV-OC12:"Asd001A_OME3T":OC12-1-ALL:11;
IP 11
<

   "Asd001A_OME3T" 11-02-03 09:28:23
M  11 COMPLD
;RTRV-OC48:"Asd001A_OME3T":OC48-1-ALL:12;
IP 12
<

   "Asd001A_OME3T" 11-02-03 09:28:25
M  12 COMPLD
;RTRV-OC192:"Asd001A_OME3T":OC192-1-ALL:13;
IP 13
<

   "Asd001A_OME3T" 11-02-03 09:28:27
M  13 COMPLD
   "OC192-1-3-1::TMGREF=N,DCC=N,,SDTH=6,,,,,ALS=ENABLED,DUSOVERRIDE=DISABLED,EBERTH=3,PORTMODE=SDH,UNEQMODE=VC4,,:OOS-AUMA,SGEO&DISCD"
   "OC192-1-6-1::TMGREF=N,DCC=Y,,SDTH=6,,,,,ALS=ENABLED,DUSOVERRIDE=DISABLED,EBERTH=3,PORTMODE=SDH,UNEQMODE=VC4,,:IS,DISCD"
   "OC192-1-9-1::TMGREF=N,DCC=Y,,SDTH=6,,,,,ALS=ENABLED,DUSOVERRIDE=DISABLED,EBERTH=3,PORTMODE=SDH,UNEQMODE=VC4,,:IS,DISCD"
   "OC192-1-10-1::TMGREF=N,DCC=N,,SDTH=6,,,,,ALS=ENABLED,DUSOVERRIDE=DISABLED,EBERTH=3,PORTMODE=SDH,UNEQMODE=VC4,,:IS,DISCD"
;RTRV-ETH:"Asd001A_OME3T":ETH-1-ALL:14;
IP 14
<

   "Asd001A_OME3T" 11-02-03 09:28:30
M  14 COMPLD
   "ETH-1-1-1::AN=ENABLE,ANSTATUS=INPROGRESS,ANETHDPX=UNKNOWN,ANSPEED=UNKNOWN,ANPAUSETX=UNKNOWN,ANPAUSERX=UNKNOWN,ADVETHDPX=UNKNOWN,ADVSPEED=UNKNOWN,ADVFLOWCTRL=UNKNOWN,ETHDPX=FULL,SPEED=1000,FLOWCTRL=ASYM,PAUSETX=ENABLE,PAUSERX=DISABLE,PAUSERXOVERRIDE=ENABLE,MTU=9600,TXCON=ENABLE,PASSCTRL=DISABLE,PAUSETXOVERRIDE=DISABLE,RXIDLE=0,CFPRF=CFPRF-1-4,PHYSADDR=001158FF546A:OOS-AU,FLT"
   "ETH-1-1-2::AN=ENABLE,ANSTATUS=INPROGRESS,ANETHDPX=UNKNOWN,ANSPEED=UNKNOWN,ANPAUSETX=UNKNOWN,ANPAUSERX=UNKNOWN,ADVETHDPX=UNKNOWN,ADVSPEED=UNKNOWN,ADVFLOWCTRL=UNKNOWN,ETHDPX=FULL,SPEED=1000,FLOWCTRL=NONE,PAUSETX=ENABLE,PAUSERX=DISABLE,PAUSERXOVERRIDE=ENABLE,MTU=9600,TXCON=ENABLE,PASSCTRL=DISABLE,PAUSETXOVERRIDE=DISABLE,RXIDLE=0,CFPRF=CFPRF-1-4,PHYSADDR=001158FF546B:OOS-AU,FLT&DISCD"
   "ETH-1-1-3::AN=ENABLE,ANSTATUS=COMPLETED,ANETHDPX=FULL,ANSPEED=1000,ANPAUSETX=DISABLE,ANPAUSERX=DISABLE,ADVETHDPX=FULL,ADVSPEED=1000,ADVFLOWCTRL=NONE,ETHDPX=FULL,SPEED=1000,FLOWCTRL=ASYM,PAUSETX=ENABLE,PAUSERX=DISABLE,PAUSERXOVERRIDE=ENABLE,MTU=9600,TXCON=ENABLE,PASSCTRL=DISABLE,PAUSETXOVERRIDE=DISABLE,RXIDLE=0,CFPRF=CFPRF-1-4,PHYSADDR=001158FF546C:IS"
   "ETH-1-1-4::AN=ENABLE,ANSTATUS=COMPLETED,ANETHDPX=FULL,ANSPEED=1000,ANPAUSETX=DISABLE,ANPAUSERX=DISABLE,ADVETHDPX=FULL,ADVSPEED=1000,ADVFLOWCTRL=NONE,ETHDPX=FULL,SPEED=1000,FLOWCTRL=ASYM,PAUSETX=ENABLE,PAUSERX=DISABLE,PAUSERXOVERRIDE=ENABLE,MTU=9600,TXCON=DISABLE,PASSCTRL=DISABLE,PAUSETXOVERRIDE=DISABLE,RXIDLE=0,CFPRF=CFPRF-1-4,PHYSADDR=001158FF546D:IS"
   "ETH-1-4-2::AN=ENABLE,ANSTATUS=INPROGRESS,ANETHDPX=UNKNOWN,ANSPEED=UNKNOWN,ANPAUSETX=UNKNOWN,ANPAUSERX=UNKNOWN,ADVETHDPX=UNKNOWN,ADVSPEED=UNKNOWN,ADVFLOWCTRL=UNKNOWN,ETHDPX=FULL,SPEED=1000,FLOWCTRL=NONE,PAUSETX=DISABLE,PAUSERX=DISABLE,MTU=9216,BWTHRESHLD=100,BWUTL=0,BWREMAIN=1000000,IFTYPE=UNI,POLICING=ENABLE,ETYPE=8100,PMODE=PBITS,TXCOSPRF=TXCOSPRF-1-29,RXCOSPRF=RXCOSPRF-1-29,URXCOS=0,CFPRF=CFPRF-1-1,SCHPRF=SCHPRF-1-33,QGRP1=QGRP-1-4,PHYSADDR=00140D03667A,SNMPINDEX=537133122:OOS-AUMA,FLT"
>

   "Asd001A_OME3T" 11-02-03 09:28:30
M  14 COMPLD
   "ETH-1-4-3::AN=ENABLE,ANSTATUS=INPROGRESS,ANETHDPX=UNKNOWN,ANSPEED=UNKNOWN,ANPAUSETX=UNKNOWN,ANPAUSERX=UNKNOWN,ADVETHDPX=UNKNOWN,ADVSPEED=UNKNOWN,ADVFLOWCTRL=UNKNOWN,ETHDPX=FULL,SPEED=1000,FLOWCTRL=NONE,PAUSETX=DISABLE,PAUSERX=DISABLE,MTU=9216,BWTHRESHLD=80,BWUTL=0,BWREMAIN=1000000,IFTYPE=UNI,POLICING=ENABLE,ETYPE=8100,PMODE=PBITS,TXCOSPRF=TXCOSPRF-1-29,RXCOSPRF=RXCOSPRF-1-29,URXCOS=0,CFPRF=CFPRF-1-1,SCHPRF=SCHPRF-1-33,QGRP1=QGRP-1-4,PHYSADDR=00140D03667B,SNMPINDEX=537133154:OOS-AUMA,FLT&DSBLD"
   "ETH-1-4-4::AN=ENABLE,ANSTATUS=INPROGRESS,ANETHDPX=UNKNOWN,ANSPEED=UNKNOWN,ANPAUSETX=UNKNOWN,ANPAUSERX=UNKNOWN,ADVETHDPX=UNKNOWN,ADVSPEED=UNKNOWN,ADVFLOWCTRL=UNKNOWN,ETHDPX=FULL,SPEED=1000,FLOWCTRL=NONE,PAUSETX=DISABLE,PAUSERX=DISABLE,MTU=9216,BWTHRESHLD=80,BWUTL=0,BWREMAIN=1000000,IFTYPE=UNI,POLICING=ENABLE,ETYPE=8100,PMODE=PBITS,TXCOSPRF=TXCOSPRF-1-29,RXCOSPRF=RXCOSPRF-1-29,URXCOS=0,CFPRF=CFPRF-1-1,SCHPRF=SCHPRF-1-33,QGRP1=QGRP-1-4,PHYSADDR=00140D03667C,SNMPINDEX=537133186:OOS-AUMA,FLT&DSBLD"
   "ETH-1-12-1::AN=ENABLE,ANSTATUS=INPROGRESS,ANETHDPX=UNKNOWN,ANSPEED=UNKNOWN,ANPAUSETX=UNKNOWN,ANPAUSERX=UNKNOWN,ADVETHDPX=UNKNOWN,ADVSPEED=UNKNOWN,ADVFLOWCTRL=UNKNOWN,ETHDPX=FULL,SPEED=1000,FLOWCTRL=ASYM,PAUSETX=ENABLE,PAUSERX=DISABLE,PAUSERXOVERRIDE=ENABLE,MTU=9600,TXCON=ENABLE,PASSCTRL=DISABLE,PAUSETXOVERRIDE=DISABLE,RXIDLE=0,CFPRF=CFPRF-1-4,PHYSADDR=0016CA401796:OOS-AU,FLT&DISCD"
   "ETH-1-12-2::AN=ENABLE,ANSTATUS=INPROGRESS,ANETHDPX=UNKNOWN,ANSPEED=UNKNOWN,ANPAUSETX=UNKNOWN,ANPAUSERX=UNKNOWN,ADVETHDPX=UNKNOWN,ADVSPEED=UNKNOWN,ADVFLOWCTRL=UNKNOWN,ETHDPX=FULL,SPEED=1000,FLOWCTRL=ASYM,PAUSETX=ENABLE,PAUSERX=DISABLE,PAUSERXOVERRIDE=ENABLE,MTU=9600,TXCON=ENABLE,PASSCTRL=DISABLE,PAUSETXOVERRIDE=DISABLE,RXIDLE=0,CFPRF=CFPRF-1-4,PHYSADDR=0016CA401797:OOS-AU,FLT&DISCD"
   "ETH-1-12-3::AN=ENABLE,ANSTATUS=COMPLETED,ANETHDPX=FULL,ANSPEED=1000,ANPAUSETX=DISABLE,ANPAUSERX=DISABLE,ADVETHDPX=FULL,ADVSPEED=1000,ADVFLOWCTRL=BOTH,ETHDPX=FULL,SPEED=1000,FLOWCTRL=NONE,PAUSETX=ENABLE,PAUSERX=DISABLE,PAUSERXOVERRIDE=ENABLE,MTU=9600,TXCON=ENABLE,PASSCTRL=DISABLE,PAUSETXOVERRIDE=DISABLE,RXIDLE=0,CFPRF=CFPRF-1-4,PHYSADDR=0016CA401798:IS"
>

   "Asd001A_OME3T" 11-02-03 09:28:30
M  14 COMPLD
   "ETH-1-12-4::AN=ENABLE,ANSTATUS=INPROGRESS,ANETHDPX=UNKNOWN,ANSPEED=UNKNOWN,ANPAUSETX=UNKNOWN,ANPAUSERX=UNKNOWN,ADVETHDPX=UNKNOWN,ADVSPEED=UNKNOWN,ADVFLOWCTRL=UNKNOWN,ETHDPX=FULL,SPEED=1000,FLOWCTRL=NONE,PAUSETX=DISABLE,PAUSERX=DISABLE,PAUSERXOVERRIDE=ENABLE,MTU=9600,TXCON=ENABLE,PASSCTRL=DISABLE,PAUSETXOVERRIDE=DISABLE,RXIDLE=0,CFPRF=CFPRF-1-4,PHYSADDR=0016CA401799:OOS-MA,DISCD"
;RTRV-ETH10G:"Asd001A_OME3T":ETH10G-1-ALL:15;
IP 15
<

   "Asd001A_OME3T" 11-02-03 09:28:33
M  15 COMPLD
   "ETH10G-1-14-1::MTU=9018,FLOWCTRL=ASYM,AN=DISABLE,ANSTATUS=DISABLED,ETHDPX=FULL,SPEED=10G,TXCON=ENABLE,PAUSETX=ENABLE,PAUSERX=DISABLE,PAUSERXOVERRIDE=ENABLE,PAUSETXOVERRIDE=DISABLE,ANETHDPX=UNKNOWN,ANSPEED=UNKNOWN,ANPAUSETX=UNKNOWN,ANPAUSERX=UNKNOWN,ADVETHDPX=UNKNOWN,ADVSPEED=UNKNOWN,ADVFLOWCTRL=UNKNOWN,PASSCTRL=DISABLE,PHYSADDR=0016CA406A77,EQPT=XGELAN,RXIDLE=0:IS"
;RTRV-ETH100:"Asd001A_OME3T":ETH100-1-ALL:16;
IP 16
<

   "Asd001A_OME3T" 11-02-03 09:28:33
M  16 COMPLD
;RTRV-WAN:"Asd001A_OME3T":WAN-1-ALL:17;
IP 17
<

   "Asd001A_OME3T" 11-02-03 09:28:36
M  17 COMPLD
   "WAN-1-1-1::MAPPING=GFP-F,RATE=STS3C,VCAT=ENABLE,LCAS=DISABLE,PROVUNITS=1,ACTUALUNITS=1,MAGICNUM=DISABLE,LCM=DISABLE,NCP=NONE,MODE=SDH,FCS=32,SCRAMBLE=ENABLE,LANFCS=ENABLE,RTDELAY=86,CONDTYPE=GFPCMF,GFPRFI=ENABLE,PROVRXUNITS=1,GFPRTDELAY=ENABLE,MAXVCDEL=14000,CURRVCDEL=0,ACTUALRXUNITS=1:IS"
   "WAN-1-1-2::MAPPING=GFP-F,RATE=NONE,VCAT=ENABLE,LCAS=DISABLE,PROVUNITS=0,ACTUALUNITS=0,MAGICNUM=DISABLE,LCM=DISABLE,NCP=NONE,MODE=SDH,FCS=32,SCRAMBLE=ENABLE,LANFCS=ENABLE,RTDELAY=UNKNOWN,CONDTYPE=GFPCMF,GFPRFI=ENABLE,PROVRXUNITS=0,GFPRTDELAY=ENABLE,MAXVCDEL=14000,CURRVCDEL=0,ACTUALRXUNITS=0:IS,DISCD"
   "WAN-1-1-3::MAPPING=GFP-F,RATE=STS3C,VCAT=ENABLE,LCAS=DISABLE,PROVUNITS=1,ACTUALUNITS=1,MAGICNUM=DISABLE,LCM=DISABLE,NCP=NONE,MODE=SDH,FCS=32,SCRAMBLE=ENABLE,LANFCS=ENABLE,RTDELAY=87,CONDTYPE=GFPCMF,GFPRFI=ENABLE,PROVRXUNITS=1,GFPRTDELAY=ENABLE,MAXVCDEL=14000,CURRVCDEL=0,ACTUALRXUNITS=1:IS"
   "WAN-1-1-4::MAPPING=GFP-F,RATE=STS3C,VCAT=ENABLE,LCAS=DISABLE,PROVUNITS=1,ACTUALUNITS=1,MAGICNUM=DISABLE,LCM=DISABLE,NCP=NONE,MODE=SDH,FCS=32,SCRAMBLE=ENABLE,LANFCS=ENABLE,RTDELAY=90,CONDTYPE=GFPCMF,GFPRFI=ENABLE,PROVRXUNITS=1,GFPRTDELAY=ENABLE,MAXVCDEL=14000,CURRVCDEL=0,ACTUALRXUNITS=1:IS"
   "WAN-1-4-101::MAPPING=GFP-F,FCS=32,PDHTYPE=NONPDH,RATE=NONE,LCAS=DISABLE,VCAT=ENABLE,PROVUNITS=0,ACTUALUNITS=0,LANFCS=DISABLE,RTDELAY=UNKNOWN,MAXVCDEL=64000,CURRVCDEL=UNKNOWN,SCRAMBLE=ENABLE,ACTUALRXUNITS=0,IFTYPE=NNI,POLICING=ENABLE,ETYPE=8100,DMPRF=DMPRF-1-3,TXCOSPRF=TXCOSPRF-1-3,RXCOSPRF=RXCOSPRF-1-3,URXCOS=0,CFPRF=CFPRF-1-1,SCHPRF=SCHPRF-1-33,QGRP1=QGRP-1-4,BWTHRESHLD=100,BWUTL=0,BWREMAIN=0,SNMPINDEX=537136292,PDHVLI=DISABLE,MACOPTION=NONE:IS,DISCD&DSBLD"
>

   "Asd001A_OME3T" 11-02-03 09:28:36
M  17 COMPLD
   "WAN-1-4-102::MAPPING=GFP-F,FCS=32,PDHTYPE=NONPDH,RATE=NONE,LCAS=DISABLE,VCAT=ENABLE,PROVUNITS=0,ACTUALUNITS=0,LANFCS=DISABLE,RTDELAY=UNKNOWN,MAXVCDEL=64000,CURRVCDEL=UNKNOWN,SCRAMBLE=ENABLE,ACTUALRXUNITS=0,IFTYPE=NNI,POLICING=ENABLE,ETYPE=8100,DMPRF=DMPRF-1-3,TXCOSPRF=TXCOSPRF-1-3,RXCOSPRF=RXCOSPRF-1-3,URXCOS=0,CFPRF=CFPRF-1-1,SCHPRF=SCHPRF-1-33,QGRP1=QGRP-1-4,BWTHRESHLD=100,BWUTL=0,BWREMAIN=0,SNMPINDEX=537136324,PDHVLI=DISABLE,MACOPTION=NONE:OOS-MA,DISCD&DSBLD"
   "WAN-1-12-1::MAPPING=GFP-F,RATE=NONE,VCAT=ENABLE,LCAS=DISABLE,PROVUNITS=0,ACTUALUNITS=0,MAGICNUM=DISABLE,LCM=DISABLE,NCP=NONE,MODE=SDH,FCS=32,SCRAMBLE=ENABLE,LANFCS=ENABLE,RTDELAY=UNKNOWN,CONDTYPE=GFPCMF,GFPRFI=ENABLE,PROVRXUNITS=0,GFPRTDELAY=ENABLE,MAXVCDEL=14000,CURRVCDEL=0,ACTUALRXUNITS=0:IS,DISCD"
   "WAN-1-12-2::MAPPING=GFP-F,RATE=NONE,VCAT=ENABLE,LCAS=DISABLE,PROVUNITS=0,ACTUALUNITS=0,MAGICNUM=DISABLE,LCM=DISABLE,NCP=NONE,MODE=SDH,FCS=32,SCRAMBLE=ENABLE,LANFCS=ENABLE,RTDELAY=UNKNOWN,CONDTYPE=GFPCMF,GFPRFI=ENABLE,PROVRXUNITS=0,GFPRTDELAY=ENABLE,MAXVCDEL=14000,CURRVCDEL=0,ACTUALRXUNITS=0:IS,DISCD"
   "WAN-1-12-3::MAPPING=GFP-F,RATE=STS3C,VCAT=ENABLE,LCAS=DISABLE,PROVUNITS=1,ACTUALUNITS=1,MAGICNUM=DISABLE,LCM=DISABLE,NCP=NONE,MODE=SDH,FCS=32,SCRAMBLE=ENABLE,LANFCS=ENABLE,RTDELAY=49,CONDTYPE=GFPCMF,GFPRFI=ENABLE,PROVRXUNITS=1,GFPRTDELAY=ENABLE,MAXVCDEL=14000,CURRVCDEL=0,ACTUALRXUNITS=1:IS"
   "WAN-1-12-4::MAPPING=GFP-F,RATE=NONE,VCAT=ENABLE,LCAS=DISABLE,PROVUNITS=0,ACTUALUNITS=0,MAGICNUM=DISABLE,LCM=DISABLE,NCP=NONE,MODE=SDH,FCS=32,SCRAMBLE=ENABLE,LANFCS=ENABLE,RTDELAY=UNKNOWN,CONDTYPE=GFPCMF,GFPRFI=ENABLE,PROVRXUNITS=0,GFPRTDELAY=ENABLE,MAXVCDEL=14000,CURRVCDEL=0,ACTUALRXUNITS=0:OOS-MA,DISCD"
>

   "Asd001A_OME3T" 11-02-03 09:28:36
M  17 COMPLD
   "WAN-1-14-1::MAPPING=GFP-F,FCS=32,CONDTYPE=GFPCMF,GFPRFI=ENABLE,PROVRXUNITS=1,GFPRTDELAY=ENABLE,RATE=STS3C,LCAS=DISABLE,VCAT=ENABLE,PROVUNITS=1,ACTUALUNITS=1,LANFCS=ENABLE,RTDELAY=UNKNOWN,MAXVCDEL=0,CURRVCDEL=0,SCRAMBLE=ENABLE,ACTUALRXUNITS=1:IS"
;RTRV-VCS:"Asd001A_OME3T":VCS-1-ALL:18;
IP 18
<

   "Asd001A_OME3T" 11-02-03 09:28:36
M  18 COMPLD
   "VCS-1-666::PROTOCOL=ETH,ENCAP=SVLAN,DATATYPE=CUSTDATA,TOPO=M2M,COSSUP=GD,MTU=9100,FID=16386,QGRP=1:IS"
;RTRV-VCE:"Asd001A_OME3T":VCE-1-ALL:19;
IP 19
<

   "Asd001A_OME3T" 11-02-03 09:28:36
M  19 COMPLD
   "VCE-1-4-2-666:GD,GD,GD,GD,GD,GD,GD,GD:DIR=TXRX,STBW=BWPRF-1-8,BRBW=BWPRF-1-8,SLBW=BWPRF-1-8,GDBW=BWPRF-1-9,PLBW=BWPRF-1-8,PRBW=BWPRF-1-8,NTBW=BWPRF-1-8,CRBW=BWPRF-1-8,NWBW=BWPRF-1-8,RXCOSPRF=RXCOSPRF-1-196312,TXCOSPRF=TXCOSPRF-1-0,DETAILEDOMSTATS=DISABLE:IS"
;RTRV-VCEMAP:"Asd001A_OME3T":VCEMAP-1-ALL:20;
IP 20
<

   "Asd001A_OME3T" 11-02-03 09:28:36
M  20 COMPLD
;RTRV-CRS-ALL:"Asd001A_OME3T"::21:::CKTID=ALL;
IP 21
<

   "Asd001A_OME3T" 11-02-03 09:28:37
M  21 COMPLD
   "STS3C-1-1-4-1,STS3C-1-1-4-1:1WAY:PRIMARYXC=SHELF,PRIME=OSS,CKTID=\"DRAC-loopback\":STS3C:"
   "STS3C-1-1-3-1,STS3C-1-1-3-1:1WAY:PRIMARYXC=SHELF,PRIME=OSS,CKTID=\"DRAC-loopback\":STS3C:"
   "STS3C-1-1-1-1,STS3C-1-1-1-1:1WAY:PRIMARYXC=SHELF,PRIME=OSS,CKTID=\"DRAC-loopback\":STS3C:"
   "STS3C-1-12-3-1,STS3C-1-12-3-1:1WAY:PRIMARYXC=SHELF,PRIME=OSS,CKTID=\"DRAC-loopback\":STS3C:"
   "STS3C-1-14-1-1,STS3C-1-14-1-1:1WAY:PRIMARYXC=SHELF,PRIME=OSS,CKTID=\"DRAC-loopback\":STS3C:"
;RTRV-AD-ALL:"Asd001A_OME3T"::22;
IP 22
<

   "Asd001A_OME3T" 11-02-03 09:28:37
M  22 COMPLD
   "OC192-1-6-1:TYP-SH-SL-PRT,LINE:TX_VERSION=\"2\",TX_TAG=\"AD_2_00:20:d8:df:33:59_001_000_006_000_001_ME_1\",RX_VERSION=\"2\",RX_ACTUAL=\"AD_2_00:20:d8:df:33:86_001_000_009_000_001_ME_1\",RX_RELIABILITY=RELIABLE,MECHANISM=IIH"
   "OC192-1-9-1:TYP-SH-SL-PRT,LINE:TX_VERSION=\"2\",TX_TAG=\"AD_2_00:20:d8:df:33:59_001_000_009_000_001_ME_1\",RX_VERSION=\"2\",RX_ACTUAL=\"AD_2_00:20:d8:df:33:8b_001_000_006_000_001_ME_1\",RX_RELIABILITY=RELIABLE,MECHANISM=IIH"
;RTRV-FFP-OC192:"Asd001A_OME3T":OC192-1-ALL:23;
IP 23
<

   "Asd001A_OME3T" 11-02-03 09:28:37
M  23 COMPLD
;

   "Asd001A_OME3T" 11-02-03 09:30:13
A  0000062413 REPT EVT WAN
   "WAN-1-1-3:T-UTLMX-W,TC,02-03,09-30-13,NEND,RCV,100,100,15-MIN:\"T-UTLMX-W\":0100000000-0000-0000,:YEAR=2011,MODE=NONE"
;

   "Asd001A_OME3T" 11-02-03 09:30:13
A  0000062414 REPT EVT WAN
   "WAN-1-1-3:T-UTLMX-W,TC,02-03,09-30-13,NEND,TRMT,100,100,15-MIN:\"T-UTLMX-W\":0100000000-0000-0000,:YEAR=2011,MODE=NONE"
;

   "Asd001A_OME3T" 11-02-03 09:30:13
A  0000062415 REPT EVT ETH
   "ETH-1-1-1:T-UAS-E,TC,02-03,09-30-13,NEND,RCV,10,10,15-MIN:\"T-UAS-E\":0100000000-0000-0000,:YEAR=2011,MODE=NONE"
;

   "Asd001A_OME3T" 11-02-03 09:30:13
A  0000062416 REPT EVT ETH
   "ETH-1-1-2:T-UAS-E,TC,02-03,09-30-13,NEND,RCV,10,10,15-MIN:\"T-UAS-E\":0100000000-0000-0000,:YEAR=2011,MODE=NONE"
;<<RTRV-HDR keep alive sent>>
IP 24
<

   "Asd001A_OME3T" 11-02-03 09:30:16
M  24 COMPLD
;

   "Asd001A_OME3T" 11-02-03 09:30:20
A  0000062417 REPT EVT ETH
   "ETH-1-12-1:T-UAS-E,TC,02-03,09-30-20,NEND,RCV,10,10,15-MIN:\"T-UAS-E\":0100000000-0000-0000,:YEAR=2011,MODE=NONE"
;

   "Asd001A_OME3T" 11-02-03 09:30:20
A  0000062418 REPT EVT ETH
   "ETH-1-12-2:T-UAS-E,TC,02-03,09-30-20,NEND,RCV,10,10,15-MIN:\"T-UAS-E\":0100000000-0000-0000,:YEAR=2011,MODE=NONE"
;<<RTRV-HDR keep alive sent>>
IP 25
<

   "Asd001A_OME3T" 11-02-03 09:32:15
M  25 COMPLD
;<<RTRV-HDR keep alive sent>>
IP 26
<

   "Asd001A_OME3T" 11-02-03 09:34:16
M  26 COMPLD
;***** (re)Starting logger at Thu Feb 03 10:35:17 CET 2011*****


**** TL1 session opened at Thu Feb 03 10:35:17 CET 2011 ****


<<RTRV-HDR keep alive sent>>
??????
NOTICE: This is a private computer system.
Unauthorized access or use may lead to prosecution.

------------ (c) 2000 - 2009 Nortel Networks. All Rights Reserved ----------
|  NOTICE: This is a private computer system.                              |
|  Unauthorized access or use may lead to prosecution.                     |
|                                                                          |
|  NORTEL Optical Multiservice Edge 6500 OPTICAL                           |
----------------------------------------------------------------------------

/*
 * Starting Interactive TL1 Command Mode.
 * Type ? for help while constructing TL1 commands.
 * Type .? for specific parameter/keyword help.
 */


IP 2
<

   "Asd001A_OME3T" 11-02-03 09:35:19
M  2 DENY
   PLNA
   /*Privilege, Login Not Active*/
;<<ACT-USER sent, password hidden>>
IP 3
<

   "Asd001A_OME3T" 11-02-03 09:35:21
M  3 COMPLD
;RTRV-NETYPE:"Asd001A_OME3T"::4;
IP 4
<

   "Asd001A_OME3T" 11-02-03 09:35:21
M  4 COMPLD
   "NORTEL,\"Optical Multiservice Edge 6500 OPTICAL\",OCP,\"REL0602Z.BN\""
;RTRV-SW-VER:"Asd001A_OME3T"::5;
IP 5
<

   "Asd001A_OME3T" 11-02-03 09:35:21
M  5 COMPLD
   "SHELF-1:REL0602Z.BN"
;RTRV-RTG-INFO:"Asd001A_OME3T"::6:::NAME="Asd001A_OME3T";
IP 6
<

   "Asd001A_OME3T" 11-02-03 09:35:22
M  6 COMPLD
   "SHELF-1::,\"Asd001A_OME3T\",0020D8DF3359|192.168.100.3,00001600,YES"
;RTRV-SYS:"Asd001A_OME3T"::7;
IP 7
<

   "Asd001A_OME3T" 11-02-03 09:35:23
M  7 COMPLD
   "ALMHO=2.5,ALMCORR=OFF,BAYFICINAO=FALSE,LINEPEVSTAT=MAN&AUTO,GCC0MODE=IISIS,GCC1MODE=DISABLED,PATHSDTH=6,PATHEBERTH=3,PATHSWCRIT=AIS&LOP&UNEQ&EBER&SD,PTHAISINSERT=AIS&LOP,PATHPEVSTAT=MAN,PROVCURRENT=40,EQPTCURRENT=40,ACTUALPOWER=578,MONITORFAN=ENABLED,MINCOOLING=LOWFLOW,ACTUALCOOLING=LOWFLOW,LASEROFFFARENDFAIL=DISABLED,NEMODE=SDH,FILLERMGMT=ENABLED,CSFMCASTMAC=0180c2880001,BITSMODE=SDH,ETHSDTH=1,ETHEERTH=20,FCSDTH=1,FCEERTH=20,WANFRSDTH=1,WANFREERTH=20,WANTRSDTH=1,WANTREERTH=20,ETHGFPRFI=ENABLED,ETHGFPRFIUPI=128,OSCMODE=OSPF"
;ALW-MSG-BROADCAST:"Asd001A_OME3T":ALL:8;
IP 8
<

   "Asd001A_OME3T" 11-02-03 09:35:23
M  8 COMPLD
;RTRV-EQPT:"Asd001A_OME3T":ALL:9;
IP 9
<

   "Asd001A_OME3T" 11-02-03 09:35:24
M  9 COMPLD
   "GE-1-1::PROVPEC=NTK535LA,CTYPE=\"4xGbE/GFP/p-p Optical\",SNMPINDEX=285476864,PEC=NTK535LA,REL= 03 ,CLEI=WMOTAJ4JAC,SER=NNTM01L1D3UYA,MDAT=2004-43,AGE=04-350-12-51,ONSC=03-137-18-01:IS,ACT"
   "PGEFC-1-1-1::PROVPEC=NTTP01CF,CTYPE=\"GE LX [10k]/FC100 SM 1310nm LC SFP\",SNMPINDEX=285476865,PEC=NTTP01CF,REL=01,CLEI=WMOTAH1JAA,SER=EXLGJPM6T5030225:IS,ACT"
   "PGEFC-1-1-2::PROVPEC=NTTP01CF,CTYPE=\"GE LX [10k]/FC100 SM 1310nm LC SFP\",SNMPINDEX=285476866,PEC=NTTP01CF,REL=01,CLEI=WMOTAH1JAA,SER=EXLGJPM4E4260918:IS,IDLE"
   "PGEFC-1-1-3::PROVPEC=NTTP01AF,CTYPE=\"GE SX/FC100 Mx 850nm LC SFP\",SNMPINDEX=285476867,PEC=NTTP01AF,REL=03,CLEI=WMOTCWXJAA,SER=BE0908570022    :IS,ACT"
   "PGEFC-1-1-4::PROVPEC=NTTP01CF,CTYPE=\"GE LX [10k]/FC100 SM 1310nm LC SFP\",SNMPINDEX=285476868,PEC=NTTP01CF,REL=01,CLEI=WMOTAH1JAA,SER=EXLGJPD751590603:IS,ACT"
   "10G-1-3::PROVPEC=NTK526LN,CTYPE=\"1xOC-192/STM-64 STS-1/HO DWDM 1542.94nm\",SNMPINDEX=285480960,PEC=NTK526LN,REL= 05 ,CLEI=WMOTBD5JAA,SER=NNTM0121D34HU,MDAT=2005-24,AGE=02-192-19-25,ONSC=01-055-00-42:IS,IDLE"
   "L2SS-1-4::PROVPEC=NTK531BA,CTYPE=\"4xGE L2SS 2.5G VT1.5/LO SFP\",SNMPINDEX=285483008,PEC=NTK531BA,REL= 03 ,CLEI=WMOTBRCJAA,SER=NNTMH8J000ZKA,MDAT=2006-09,AGE=03-200-07-43,ONSC=00-153-18-40,EQPTPROFILE=L2SS_NONPDH:IS,IDLE"
   "PGEFC-1-4-2::PROVPEC=NTTP01CF,CTYPE=\"GE LX [10k]/FC100 SM 1310nm LC SFP\",SNMPINDEX=285483010,PEC=NTTP01CF,REL=01,CLEI=WMOTAH1JAA,SER=EXLGJP9354010676:IS,IDLE"
   "PGE-1-4-3::PROVPEC=NTTP61AA,CTYPE=\"1000 BaseT, 0/+70C, SFP, 20 pins, RJ45, Basic MSA\",SNMPINDEX=285483011,PEC=NTTP61AA,REL=03,CLEI=WMOTBKRJAB,SER=AVAGMY000002HD  :IS,IDLE"
   "PGE-1-4-4::PROVPEC=NTTP61AA,CTYPE=\"1000 BaseT, 0/+70C, SFP, 20 pins, RJ45, Basic MSA\",SNMPINDEX=285483012,PEC=NTTP61AA,REL=03,CLEI=WMOTBKRJAB,SER=AVAGMY000002HJ  :IS,IDLE"
>

   "Asd001A_OME3T" 11-02-03 09:35:25
M  9 COMPLD
   "10G-1-6::PROVPEC=NTK526MN,CTYPE=\"1xOC-192/STM-64 STS-1/HO DWDM 1552.52nm\",SNMPINDEX=285487104,PEC=NTK526MN,REL= 05 ,CLEI=WMOTBEFJAA,SER=NNTM0171D446D,MDAT=2004-48,AGE=05-182-21-10,ONSC=02-200-23-03:IS,IDLE"
   "XC-1-7::PROVPEC=NTK557BA,CTYPE=\"X-CONN 160G+ STS-1/VC-3 SYNC-ST3\",SNMPINDEX=285489152,PEC=NTK557BA,REL= 04 ,CLEI=WMIXCE0BAB,SER=NNTMGP5Z008FT,MDAT=2004-37,AGE=00-153-19-22,ONSC=00-153-19-22:IS,STBYH"
   "XC-1-8::PROVPEC=NTK557BA,CTYPE=\"X-CONN 160G+ STS-1/VC-3 SYNC-ST3\",SNMPINDEX=285491200,PEC=NTK557BA,REL= 05 ,CLEI=WMIXCE0BAC,SER=NNTM0151D428F,MDAT=2004-47,AGE=00-153-19-27,ONSC=00-153-19-27:IS,WRKTRAF&WRKSYNC"
   "10G-1-9::PROVPEC=NTK526LA,CTYPE=\"1xOC-192/STM-64 STS-1/HO DWDM 1538.19nm\",SNMPINDEX=285493248,PEC=NTK526LA,REL= 05 ,CLEI=WMOTBD0JAA,SER=NNTM01K1D46X9,MDAT=2004-50,AGE=05-233-00-54,ONSC=02-200-23-13:IS,IDLE"
   "10G-1-10::PROVPEC=NTK523DA,CTYPE=\"1xOC-192/STM-64 STS-1/HO IR2/S64.2\",SNMPINDEX=285495296,PEC=NTK523DA,REL= 02 ,CLEI=WMOTAGXJAB,SER=NNTM0121D3AMN,MDAT=2004-32,AGE=05-346-00-02,ONSC=03-137-18-01:IS,IDLE"
   "GE-1-12::PROVPEC=NTK535LB,CTYPE=\"4xGbE/GFP/p-p/802.3ah Optical\",SNMPINDEX=285499392,PEC=NTK535LB,REL= 01 ,CLEI=WMOTBRFJAA,SER=NNTM0141D6F1E,MDAT=2006-17,AGE=04-119-04-19,ONSC=02-232-00-59:IS,ACT"
   "PGEFC-1-12-1::PROVPEC=NTTP01AF,CTYPE=\"GE SX/FC100 Mx 850nm LC SFP\",SNMPINDEX=285499393,PEC=NTTP01AF,REL=01,CLEI=SOC3NNFCAA,SER=AVAGMY500008HL  :IS,IDLE"
   "PGEFC-1-12-2::PROVPEC=NTTP01CF,CTYPE=\"GE LX [10k]/FC100 SM 1310nm LC SFP\",SNMPINDEX=285499394,PEC=NTTP01CF,REL=01,CLEI=WMOTAH1JAA,SER=EXLGJPM5E4260011:IS,IDLE"
   "PGEFC-1-12-3::PROVPEC=NTTP01CF,CTYPE=\"GE LX [10k]/FC100 SM 1310nm LC SFP\",SNMPINDEX=285499395,PEC=NTTP01CF,REL=01,CLEI=WMOTAH1JAA,SER=EXLGJPD751590604:IS,ACT"
   "PGEFC-1-12-4::PROVPEC=NTTP01CF,CTYPE=\"GE LX [10k]/FC100 SM 1310nm LC SFP\",SNMPINDEX=285499396,PEC=NTTP01CF,REL=01,CLEI=WMOTAH1JAA,SER=EXLGJP9354010200:IS,IDLE"
>

   "Asd001A_OME3T" 11-02-03 09:35:25
M  9 COMPLD
   "XGE-1-14::PROVPEC=NTK533AA,CTYPE=\"1x10GE EPL \",SNMPINDEX=285503488,PEC=NTK533AA,REL= 02 ,CLEI=WOTRAM7KAA,SER=NNTMH8R002Y2F,MDAT=2007-31,AGE=03-117-22-56,ONSC=03-117-22-56:IS,ACT"
   "P10GSEL-1-14-1::PROVPEC=NTTP80BA,CTYPE=\"OC192 SR-1:I-64.1/10GBASE-LR/LW,1310 nm, XFP, 0/70C, LC, MSA\",SNMPINDEX=285503489,PEC=NTTP80BA,REL=04,CLEI=WMOTBNAJAA,SER=EXLGJPA430010277:IS,ACT"
   "SP-1-15::PROVPEC=NTK555AA,CTYPE=\"Processor SP\",SNMPINDEX=285505536,PEC=NTK555AA,REL= 05 ,CLEI=WMUCAJFAAB,SER=NNTM01W1D3SGT,MDAT=2004-42,AGE=05-338-07-35,ONSC=00-190-19-25:IS,"
;RTRV-OC3:"Asd001A_OME3T":OC3-1-ALL:10;
IP 10
<

   "Asd001A_OME3T" 11-02-03 09:35:26
M  10 COMPLD
;RTRV-OC12:"Asd001A_OME3T":OC12-1-ALL:11;
IP 11
<

   "Asd001A_OME3T" 11-02-03 09:35:28
M  11 COMPLD
;RTRV-OC48:"Asd001A_OME3T":OC48-1-ALL:12;
IP 12
<

   "Asd001A_OME3T" 11-02-03 09:35:28
M  12 COMPLD
;RTRV-OC192:"Asd001A_OME3T":OC192-1-ALL:13;
IP 13
<

   "Asd001A_OME3T" 11-02-03 09:35:28
M  13 COMPLD
   "OC192-1-3-1::TMGREF=N,DCC=N,,SDTH=6,,,,,ALS=ENABLED,DUSOVERRIDE=DISABLED,EBERTH=3,PORTMODE=SDH,UNEQMODE=VC4,,:OOS-AUMA,SGEO&DISCD"
   "OC192-1-6-1::TMGREF=N,DCC=Y,,SDTH=6,,,,,ALS=ENABLED,DUSOVERRIDE=DISABLED,EBERTH=3,PORTMODE=SDH,UNEQMODE=VC4,,:IS,DISCD"
   "OC192-1-9-1::TMGREF=N,DCC=Y,,SDTH=6,,,,,ALS=ENABLED,DUSOVERRIDE=DISABLED,EBERTH=3,PORTMODE=SDH,UNEQMODE=VC4,,:IS,DISCD"
   "OC192-1-10-1::TMGREF=N,DCC=N,,SDTH=6,,,,,ALS=ENABLED,DUSOVERRIDE=DISABLED,EBERTH=3,PORTMODE=SDH,UNEQMODE=VC4,,:IS,DISCD"
;RTRV-ETH:"Asd001A_OME3T":ETH-1-ALL:14;
IP 14
<

   "Asd001A_OME3T" 11-02-03 09:35:31
M  14 COMPLD
   "ETH-1-1-1::AN=ENABLE,ANSTATUS=INPROGRESS,ANETHDPX=UNKNOWN,ANSPEED=UNKNOWN,ANPAUSETX=UNKNOWN,ANPAUSERX=UNKNOWN,ADVETHDPX=UNKNOWN,ADVSPEED=UNKNOWN,ADVFLOWCTRL=UNKNOWN,ETHDPX=FULL,SPEED=1000,FLOWCTRL=ASYM,PAUSETX=ENABLE,PAUSERX=DISABLE,PAUSERXOVERRIDE=ENABLE,MTU=9600,TXCON=ENABLE,PASSCTRL=DISABLE,PAUSETXOVERRIDE=DISABLE,RXIDLE=0,CFPRF=CFPRF-1-4,PHYSADDR=001158FF546A:OOS-AU,FLT"
   "ETH-1-1-2::AN=ENABLE,ANSTATUS=INPROGRESS,ANETHDPX=UNKNOWN,ANSPEED=UNKNOWN,ANPAUSETX=UNKNOWN,ANPAUSERX=UNKNOWN,ADVETHDPX=UNKNOWN,ADVSPEED=UNKNOWN,ADVFLOWCTRL=UNKNOWN,ETHDPX=FULL,SPEED=1000,FLOWCTRL=NONE,PAUSETX=ENABLE,PAUSERX=DISABLE,PAUSERXOVERRIDE=ENABLE,MTU=9600,TXCON=ENABLE,PASSCTRL=DISABLE,PAUSETXOVERRIDE=DISABLE,RXIDLE=0,CFPRF=CFPRF-1-4,PHYSADDR=001158FF546B:OOS-AU,FLT&DISCD"
   "ETH-1-1-3::AN=ENABLE,ANSTATUS=COMPLETED,ANETHDPX=FULL,ANSPEED=1000,ANPAUSETX=DISABLE,ANPAUSERX=DISABLE,ADVETHDPX=FULL,ADVSPEED=1000,ADVFLOWCTRL=NONE,ETHDPX=FULL,SPEED=1000,FLOWCTRL=ASYM,PAUSETX=ENABLE,PAUSERX=DISABLE,PAUSERXOVERRIDE=ENABLE,MTU=9600,TXCON=ENABLE,PASSCTRL=DISABLE,PAUSETXOVERRIDE=DISABLE,RXIDLE=0,CFPRF=CFPRF-1-4,PHYSADDR=001158FF546C:IS"
   "ETH-1-1-4::AN=ENABLE,ANSTATUS=COMPLETED,ANETHDPX=FULL,ANSPEED=1000,ANPAUSETX=DISABLE,ANPAUSERX=DISABLE,ADVETHDPX=FULL,ADVSPEED=1000,ADVFLOWCTRL=NONE,ETHDPX=FULL,SPEED=1000,FLOWCTRL=ASYM,PAUSETX=ENABLE,PAUSERX=DISABLE,PAUSERXOVERRIDE=ENABLE,MTU=9600,TXCON=DISABLE,PASSCTRL=DISABLE,PAUSETXOVERRIDE=DISABLE,RXIDLE=0,CFPRF=CFPRF-1-4,PHYSADDR=001158FF546D:IS"
   "ETH-1-4-2::AN=ENABLE,ANSTATUS=INPROGRESS,ANETHDPX=UNKNOWN,ANSPEED=UNKNOWN,ANPAUSETX=UNKNOWN,ANPAUSERX=UNKNOWN,ADVETHDPX=UNKNOWN,ADVSPEED=UNKNOWN,ADVFLOWCTRL=UNKNOWN,ETHDPX=FULL,SPEED=1000,FLOWCTRL=NONE,PAUSETX=DISABLE,PAUSERX=DISABLE,MTU=9216,BWTHRESHLD=100,BWUTL=0,BWREMAIN=1000000,IFTYPE=UNI,POLICING=ENABLE,ETYPE=8100,PMODE=PBITS,TXCOSPRF=TXCOSPRF-1-29,RXCOSPRF=RXCOSPRF-1-29,URXCOS=0,CFPRF=CFPRF-1-1,SCHPRF=SCHPRF-1-33,QGRP1=QGRP-1-4,PHYSADDR=00140D03667A,SNMPINDEX=537133122:OOS-AUMA,FLT"
>

   "Asd001A_OME3T" 11-02-03 09:35:31
M  14 COMPLD
   "ETH-1-4-3::AN=ENABLE,ANSTATUS=INPROGRESS,ANETHDPX=UNKNOWN,ANSPEED=UNKNOWN,ANPAUSETX=UNKNOWN,ANPAUSERX=UNKNOWN,ADVETHDPX=UNKNOWN,ADVSPEED=UNKNOWN,ADVFLOWCTRL=UNKNOWN,ETHDPX=FULL,SPEED=1000,FLOWCTRL=NONE,PAUSETX=DISABLE,PAUSERX=DISABLE,MTU=9216,BWTHRESHLD=80,BWUTL=0,BWREMAIN=1000000,IFTYPE=UNI,POLICING=ENABLE,ETYPE=8100,PMODE=PBITS,TXCOSPRF=TXCOSPRF-1-29,RXCOSPRF=RXCOSPRF-1-29,URXCOS=0,CFPRF=CFPRF-1-1,SCHPRF=SCHPRF-1-33,QGRP1=QGRP-1-4,PHYSADDR=00140D03667B,SNMPINDEX=537133154:OOS-AUMA,FLT&DSBLD"
   "ETH-1-4-4::AN=ENABLE,ANSTATUS=INPROGRESS,ANETHDPX=UNKNOWN,ANSPEED=UNKNOWN,ANPAUSETX=UNKNOWN,ANPAUSERX=UNKNOWN,ADVETHDPX=UNKNOWN,ADVSPEED=UNKNOWN,ADVFLOWCTRL=UNKNOWN,ETHDPX=FULL,SPEED=1000,FLOWCTRL=NONE,PAUSETX=DISABLE,PAUSERX=DISABLE,MTU=9216,BWTHRESHLD=80,BWUTL=0,BWREMAIN=1000000,IFTYPE=UNI,POLICING=ENABLE,ETYPE=8100,PMODE=PBITS,TXCOSPRF=TXCOSPRF-1-29,RXCOSPRF=RXCOSPRF-1-29,URXCOS=0,CFPRF=CFPRF-1-1,SCHPRF=SCHPRF-1-33,QGRP1=QGRP-1-4,PHYSADDR=00140D03667C,SNMPINDEX=537133186:OOS-AUMA,FLT&DSBLD"
   "ETH-1-12-1::AN=ENABLE,ANSTATUS=INPROGRESS,ANETHDPX=UNKNOWN,ANSPEED=UNKNOWN,ANPAUSETX=UNKNOWN,ANPAUSERX=UNKNOWN,ADVETHDPX=UNKNOWN,ADVSPEED=UNKNOWN,ADVFLOWCTRL=UNKNOWN,ETHDPX=FULL,SPEED=1000,FLOWCTRL=ASYM,PAUSETX=ENABLE,PAUSERX=DISABLE,PAUSERXOVERRIDE=ENABLE,MTU=9600,TXCON=ENABLE,PASSCTRL=DISABLE,PAUSETXOVERRIDE=DISABLE,RXIDLE=0,CFPRF=CFPRF-1-4,PHYSADDR=0016CA401796:OOS-AU,FLT&DISCD"
   "ETH-1-12-2::AN=ENABLE,ANSTATUS=INPROGRESS,ANETHDPX=UNKNOWN,ANSPEED=UNKNOWN,ANPAUSETX=UNKNOWN,ANPAUSERX=UNKNOWN,ADVETHDPX=UNKNOWN,ADVSPEED=UNKNOWN,ADVFLOWCTRL=UNKNOWN,ETHDPX=FULL,SPEED=1000,FLOWCTRL=ASYM,PAUSETX=ENABLE,PAUSERX=DISABLE,PAUSERXOVERRIDE=ENABLE,MTU=9600,TXCON=ENABLE,PASSCTRL=DISABLE,PAUSETXOVERRIDE=DISABLE,RXIDLE=0,CFPRF=CFPRF-1-4,PHYSADDR=0016CA401797:OOS-AU,FLT&DISCD"
   "ETH-1-12-3::AN=ENABLE,ANSTATUS=COMPLETED,ANETHDPX=FULL,ANSPEED=1000,ANPAUSETX=DISABLE,ANPAUSERX=DISABLE,ADVETHDPX=FULL,ADVSPEED=1000,ADVFLOWCTRL=BOTH,ETHDPX=FULL,SPEED=1000,FLOWCTRL=NONE,PAUSETX=ENABLE,PAUSERX=DISABLE,PAUSERXOVERRIDE=ENABLE,MTU=9600,TXCON=ENABLE,PASSCTRL=DISABLE,PAUSETXOVERRIDE=DISABLE,RXIDLE=0,CFPRF=CFPRF-1-4,PHYSADDR=0016CA401798:IS"
>

   "Asd001A_OME3T" 11-02-03 09:35:31
M  14 COMPLD
   "ETH-1-12-4::AN=ENABLE,ANSTATUS=INPROGRESS,ANETHDPX=UNKNOWN,ANSPEED=UNKNOWN,ANPAUSETX=UNKNOWN,ANPAUSERX=UNKNOWN,ADVETHDPX=UNKNOWN,ADVSPEED=UNKNOWN,ADVFLOWCTRL=UNKNOWN,ETHDPX=FULL,SPEED=1000,FLOWCTRL=NONE,PAUSETX=DISABLE,PAUSERX=DISABLE,PAUSERXOVERRIDE=ENABLE,MTU=9600,TXCON=ENABLE,PASSCTRL=DISABLE,PAUSETXOVERRIDE=DISABLE,RXIDLE=0,CFPRF=CFPRF-1-4,PHYSADDR=0016CA401799:OOS-MA,DISCD"
;RTRV-ETH10G:"Asd001A_OME3T":ETH10G-1-ALL:15;
IP 15
<

   "Asd001A_OME3T" 11-02-03 09:35:35
M  15 COMPLD
   "ETH10G-1-14-1::MTU=9018,FLOWCTRL=ASYM,AN=DISABLE,ANSTATUS=DISABLED,ETHDPX=FULL,SPEED=10G,TXCON=ENABLE,PAUSETX=ENABLE,PAUSERX=DISABLE,PAUSERXOVERRIDE=ENABLE,PAUSETXOVERRIDE=DISABLE,ANETHDPX=UNKNOWN,ANSPEED=UNKNOWN,ANPAUSETX=UNKNOWN,ANPAUSERX=UNKNOWN,ADVETHDPX=UNKNOWN,ADVSPEED=UNKNOWN,ADVFLOWCTRL=UNKNOWN,PASSCTRL=DISABLE,PHYSADDR=0016CA406A77,EQPT=XGELAN,RXIDLE=0:IS"
;RTRV-ETH100:"Asd001A_OME3T":ETH100-1-ALL:16;
IP 16
<

   "Asd001A_OME3T" 11-02-03 09:35:35
M  16 COMPLD
;RTRV-WAN:"Asd001A_OME3T":WAN-1-ALL:17;
IP 17
<

   "Asd001A_OME3T" 11-02-03 09:35:40
M  17 COMPLD
   "WAN-1-1-1::MAPPING=GFP-F,RATE=STS3C,VCAT=ENABLE,LCAS=DISABLE,PROVUNITS=1,ACTUALUNITS=1,MAGICNUM=DISABLE,LCM=DISABLE,NCP=NONE,MODE=SDH,FCS=32,SCRAMBLE=ENABLE,LANFCS=ENABLE,RTDELAY=85,CONDTYPE=GFPCMF,GFPRFI=ENABLE,PROVRXUNITS=1,GFPRTDELAY=ENABLE,MAXVCDEL=14000,CURRVCDEL=0,ACTUALRXUNITS=1:IS"
   "WAN-1-1-2::MAPPING=GFP-F,RATE=NONE,VCAT=ENABLE,LCAS=DISABLE,PROVUNITS=0,ACTUALUNITS=0,MAGICNUM=DISABLE,LCM=DISABLE,NCP=NONE,MODE=SDH,FCS=32,SCRAMBLE=ENABLE,LANFCS=ENABLE,RTDELAY=UNKNOWN,CONDTYPE=GFPCMF,GFPRFI=ENABLE,PROVRXUNITS=0,GFPRTDELAY=ENABLE,MAXVCDEL=14000,CURRVCDEL=0,ACTUALRXUNITS=0:IS,DISCD"
   "WAN-1-1-3::MAPPING=GFP-F,RATE=STS3C,VCAT=ENABLE,LCAS=DISABLE,PROVUNITS=1,ACTUALUNITS=1,MAGICNUM=DISABLE,LCM=DISABLE,NCP=NONE,MODE=SDH,FCS=32,SCRAMBLE=ENABLE,LANFCS=ENABLE,RTDELAY=88,CONDTYPE=GFPCMF,GFPRFI=ENABLE,PROVRXUNITS=1,GFPRTDELAY=ENABLE,MAXVCDEL=14000,CURRVCDEL=0,ACTUALRXUNITS=1:IS"
   "WAN-1-1-4::MAPPING=GFP-F,RATE=STS3C,VCAT=ENABLE,LCAS=DISABLE,PROVUNITS=1,ACTUALUNITS=1,MAGICNUM=DISABLE,LCM=DISABLE,NCP=NONE,MODE=SDH,FCS=32,SCRAMBLE=ENABLE,LANFCS=ENABLE,RTDELAY=86,CONDTYPE=GFPCMF,GFPRFI=ENABLE,PROVRXUNITS=1,GFPRTDELAY=ENABLE,MAXVCDEL=14000,CURRVCDEL=0,ACTUALRXUNITS=1:IS"
   "WAN-1-4-101::MAPPING=GFP-F,FCS=32,PDHTYPE=NONPDH,RATE=NONE,LCAS=DISABLE,VCAT=ENABLE,PROVUNITS=0,ACTUALUNITS=0,LANFCS=DISABLE,RTDELAY=UNKNOWN,MAXVCDEL=64000,CURRVCDEL=UNKNOWN,SCRAMBLE=ENABLE,ACTUALRXUNITS=0,IFTYPE=NNI,POLICING=ENABLE,ETYPE=8100,DMPRF=DMPRF-1-3,TXCOSPRF=TXCOSPRF-1-3,RXCOSPRF=RXCOSPRF-1-3,URXCOS=0,CFPRF=CFPRF-1-1,SCHPRF=SCHPRF-1-33,QGRP1=QGRP-1-4,BWTHRESHLD=100,BWUTL=0,BWREMAIN=0,SNMPINDEX=537136292,PDHVLI=DISABLE,MACOPTION=NONE:IS,DISCD&DSBLD"
>

   "Asd001A_OME3T" 11-02-03 09:35:40
M  17 COMPLD
   "WAN-1-4-102::MAPPING=GFP-F,FCS=32,PDHTYPE=NONPDH,RATE=NONE,LCAS=DISABLE,VCAT=ENABLE,PROVUNITS=0,ACTUALUNITS=0,LANFCS=DISABLE,RTDELAY=UNKNOWN,MAXVCDEL=64000,CURRVCDEL=UNKNOWN,SCRAMBLE=ENABLE,ACTUALRXUNITS=0,IFTYPE=NNI,POLICING=ENABLE,ETYPE=8100,DMPRF=DMPRF-1-3,TXCOSPRF=TXCOSPRF-1-3,RXCOSPRF=RXCOSPRF-1-3,URXCOS=0,CFPRF=CFPRF-1-1,SCHPRF=SCHPRF-1-33,QGRP1=QGRP-1-4,BWTHRESHLD=100,BWUTL=0,BWREMAIN=0,SNMPINDEX=537136324,PDHVLI=DISABLE,MACOPTION=NONE:OOS-MA,DISCD&DSBLD"
   "WAN-1-12-1::MAPPING=GFP-F,RATE=NONE,VCAT=ENABLE,LCAS=DISABLE,PROVUNITS=0,ACTUALUNITS=0,MAGICNUM=DISABLE,LCM=DISABLE,NCP=NONE,MODE=SDH,FCS=32,SCRAMBLE=ENABLE,LANFCS=ENABLE,RTDELAY=UNKNOWN,CONDTYPE=GFPCMF,GFPRFI=ENABLE,PROVRXUNITS=0,GFPRTDELAY=ENABLE,MAXVCDEL=14000,CURRVCDEL=0,ACTUALRXUNITS=0:IS,DISCD"
   "WAN-1-12-2::MAPPING=GFP-F,RATE=NONE,VCAT=ENABLE,LCAS=DISABLE,PROVUNITS=0,ACTUALUNITS=0,MAGICNUM=DISABLE,LCM=DISABLE,NCP=NONE,MODE=SDH,FCS=32,SCRAMBLE=ENABLE,LANFCS=ENABLE,RTDELAY=UNKNOWN,CONDTYPE=GFPCMF,GFPRFI=ENABLE,PROVRXUNITS=0,GFPRTDELAY=ENABLE,MAXVCDEL=14000,CURRVCDEL=0,ACTUALRXUNITS=0:IS,DISCD"
   "WAN-1-12-3::MAPPING=GFP-F,RATE=STS3C,VCAT=ENABLE,LCAS=DISABLE,PROVUNITS=1,ACTUALUNITS=1,MAGICNUM=DISABLE,LCM=DISABLE,NCP=NONE,MODE=SDH,FCS=32,SCRAMBLE=ENABLE,LANFCS=ENABLE,RTDELAY=51,CONDTYPE=GFPCMF,GFPRFI=ENABLE,PROVRXUNITS=1,GFPRTDELAY=ENABLE,MAXVCDEL=14000,CURRVCDEL=0,ACTUALRXUNITS=1:IS"
   "WAN-1-12-4::MAPPING=GFP-F,RATE=NONE,VCAT=ENABLE,LCAS=DISABLE,PROVUNITS=0,ACTUALUNITS=0,MAGICNUM=DISABLE,LCM=DISABLE,NCP=NONE,MODE=SDH,FCS=32,SCRAMBLE=ENABLE,LANFCS=ENABLE,RTDELAY=UNKNOWN,CONDTYPE=GFPCMF,GFPRFI=ENABLE,PROVRXUNITS=0,GFPRTDELAY=ENABLE,MAXVCDEL=14000,CURRVCDEL=0,ACTUALRXUNITS=0:OOS-MA,DISCD"
>

   "Asd001A_OME3T" 11-02-03 09:35:40
M  17 COMPLD
   "WAN-1-14-1::MAPPING=GFP-F,FCS=32,CONDTYPE=GFPCMF,GFPRFI=ENABLE,PROVRXUNITS=1,GFPRTDELAY=ENABLE,RATE=STS3C,LCAS=DISABLE,VCAT=ENABLE,PROVUNITS=1,ACTUALUNITS=1,LANFCS=ENABLE,RTDELAY=UNKNOWN,MAXVCDEL=0,CURRVCDEL=0,SCRAMBLE=ENABLE,ACTUALRXUNITS=1:IS"
;RTRV-VCS:"Asd001A_OME3T":VCS-1-ALL:18;
IP 18
<

   "Asd001A_OME3T" 11-02-03 09:35:42
M  18 COMPLD
   "VCS-1-666::PROTOCOL=ETH,ENCAP=SVLAN,DATATYPE=CUSTDATA,TOPO=M2M,COSSUP=GD,MTU=9100,FID=16386,QGRP=1:IS"
;RTRV-VCE:"Asd001A_OME3T":VCE-1-ALL:19;
IP 19
<

   "Asd001A_OME3T" 11-02-03 09:35:43
M  19 COMPLD
   "VCE-1-4-2-666:GD,GD,GD,GD,GD,GD,GD,GD:DIR=TXRX,STBW=BWPRF-1-8,BRBW=BWPRF-1-8,SLBW=BWPRF-1-8,GDBW=BWPRF-1-9,PLBW=BWPRF-1-8,PRBW=BWPRF-1-8,NTBW=BWPRF-1-8,CRBW=BWPRF-1-8,NWBW=BWPRF-1-8,RXCOSPRF=RXCOSPRF-1-196312,TXCOSPRF=TXCOSPRF-1-0,DETAILEDOMSTATS=DISABLE:IS"
;RTRV-VCEMAP:"Asd001A_OME3T":VCEMAP-1-ALL:20;
IP 20
<

   "Asd001A_OME3T" 11-02-03 09:35:43
M  20 COMPLD
;RTRV-CRS-ALL:"Asd001A_OME3T"::21:::CKTID=ALL;
IP 21
<

   "Asd001A_OME3T" 11-02-03 09:35:43
M  21 COMPLD
   "STS3C-1-1-4-1,STS3C-1-1-4-1:1WAY:PRIMARYXC=SHELF,PRIME=OSS,CKTID=\"DRAC-loopback\":STS3C:"
   "STS3C-1-1-3-1,STS3C-1-1-3-1:1WAY:PRIMARYXC=SHELF,PRIME=OSS,CKTID=\"DRAC-loopback\":STS3C:"
   "STS3C-1-1-1-1,STS3C-1-1-1-1:1WAY:PRIMARYXC=SHELF,PRIME=OSS,CKTID=\"DRAC-loopback\":STS3C:"
   "STS3C-1-12-3-1,STS3C-1-12-3-1:1WAY:PRIMARYXC=SHELF,PRIME=OSS,CKTID=\"DRAC-loopback\":STS3C:"
   "STS3C-1-14-1-1,STS3C-1-14-1-1:1WAY:PRIMARYXC=SHELF,PRIME=OSS,CKTID=\"DRAC-loopback\":STS3C:"
;RTRV-AD-ALL:"Asd001A_OME3T"::22;
IP 22
<

   "Asd001A_OME3T" 11-02-03 09:35:44
M  22 COMPLD
   "OC192-1-6-1:TYP-SH-SL-PRT,LINE:TX_VERSION=\"2\",TX_TAG=\"AD_2_00:20:d8:df:33:59_001_000_006_000_001_ME_1\",RX_VERSION=\"2\",RX_ACTUAL=\"AD_2_00:20:d8:df:33:86_001_000_009_000_001_ME_1\",RX_RELIABILITY=RELIABLE,MECHANISM=IIH"
   "OC192-1-9-1:TYP-SH-SL-PRT,LINE:TX_VERSION=\"2\",TX_TAG=\"AD_2_00:20:d8:df:33:59_001_000_009_000_001_ME_1\",RX_VERSION=\"2\",RX_ACTUAL=\"AD_2_00:20:d8:df:33:8b_001_000_006_000_001_ME_1\",RX_RELIABILITY=RELIABLE,MECHANISM=IIH"
;RTRV-FFP-OC192:"Asd001A_OME3T":OC192-1-ALL:23;
IP 23
<

   "Asd001A_OME3T" 11-02-03 09:35:44
M  23 COMPLD
;<<RTRV-HDR keep alive sent>>
IP 24
<

   "Asd001A_OME3T" 11-02-03 09:37:21
M  24 COMPLD
;<<RTRV-HDR keep alive sent>>
IP 25
<

   "Asd001A_OME3T" 11-02-03 09:39:20
M  25 COMPLD
;<<RTRV-HDR keep alive sent>>
IP 26
<

   "Asd001A_OME3T" 11-02-03 09:41:21
M  26 COMPLD
;<<RTRV-HDR keep alive sent>>
IP 27
<

   "Asd001A_OME3T" 11-02-03 09:43:21
M  27 COMPLD
;

   "Asd001A_OME3T" 11-02-03 09:45:12
A  0000062420 REPT EVT WAN
   "WAN-1-1-3:T-UTLMX-W,TC,02-03,09-45-12,NEND,RCV,100,100,15-MIN:\"T-UTLMX-W\":0100000000-0000-0000,:YEAR=2011,MODE=NONE"
;

   "Asd001A_OME3T" 11-02-03 09:45:12
A  0000062421 REPT EVT WAN
   "WAN-1-1-3:T-UTLMX-W,TC,02-03,09-45-12,NEND,TRMT,100,100,15-MIN:\"T-UTLMX-W\":0100000000-0000-0000,:YEAR=2011,MODE=NONE"
;

   "Asd001A_OME3T" 11-02-03 09:45:12
A  0000062422 REPT EVT ETH
   "ETH-1-1-1:T-UAS-E,TC,02-03,09-45-12,NEND,RCV,10,10,15-MIN:\"T-UAS-E\":0100000000-0000-0000,:YEAR=2011,MODE=NONE"
;

   "Asd001A_OME3T" 11-02-03 09:45:12
A  0000062423 REPT EVT ETH
   "ETH-1-1-2:T-UAS-E,TC,02-03,09-45-12,NEND,RCV,10,10,15-MIN:\"T-UAS-E\":0100000000-0000-0000,:YEAR=2011,MODE=NONE"
;

   "Asd001A_OME3T" 11-02-03 09:45:20
A  0000062424 REPT EVT ETH
   "ETH-1-12-1:T-UAS-E,TC,02-03,09-45-20,NEND,RCV,10,10,15-MIN:\"T-UAS-E\":0100000000-0000-0000,:YEAR=2011,MODE=NONE"
;

   "Asd001A_OME3T" 11-02-03 09:45:20
A  0000062425 REPT EVT ETH
   "ETH-1-12-2:T-UAS-E,TC,02-03,09-45-20,NEND,RCV,10,10,15-MIN:\"T-UAS-E\":0100000000-0000-0000,:YEAR=2011,MODE=NONE"
;<<RTRV-HDR keep alive sent>>
IP 28
<

   "Asd001A_OME3T" 11-02-03 09:45:22
M  28 COMPLD
;<<RTRV-HDR keep alive sent>>
IP 29
<

   "Asd001A_OME3T" 11-02-03 09:47:21
M  29 COMPLD
;<<RTRV-HDR keep alive sent>>
IP 30
<

   "Asd001A_OME3T" 11-02-03 09:49:21
M  30 COMPLD
;<<RTRV-HDR keep alive sent>>
IP 31
<

   "Asd001A_OME3T" 11-02-03 09:51:22
M  31 COMPLD
;<<RTRV-HDR keep alive sent>>
IP 32
<

   "Asd001A_OME3T" 11-02-03 09:53:22
M  32 COMPLD
;<<RTRV-HDR keep alive sent>>
IP 33
<

   "Asd001A_OME3T" 11-02-03 09:55:22
M  33 COMPLD
;<<RTRV-HDR keep alive sent>>
IP 34
<

   "Asd001A_OME3T" 11-02-03 09:57:22
M  34 COMPLD
;<<RTRV-HDR keep alive sent>>
IP 35
<

   "Asd001A_OME3T" 11-02-03 09:59:22
M  35 COMPLD
;

   "Asd001A_OME3T" 11-02-03 10:00:12
A  0000062426 REPT EVT WAN
   "WAN-1-1-3:T-UTLMX-W,TC,02-03,10-00-12,NEND,RCV,100,100,15-MIN:\"T-UTLMX-W\":0100000000-0000-0000,:YEAR=2011,MODE=NONE"
;

   "Asd001A_OME3T" 11-02-03 10:00:12
A  0000062427 REPT EVT WAN
   "WAN-1-1-3:T-UTLMX-W,TC,02-03,10-00-12,NEND,TRMT,100,100,15-MIN:\"T-UTLMX-W\":0100000000-0000-0000,:YEAR=2011,MODE=NONE"
;

   "Asd001A_OME3T" 11-02-03 10:00:12
A  0000062428 REPT EVT ETH
   "ETH-1-1-1:T-UAS-E,TC,02-03,10-00-12,NEND,RCV,10,10,15-MIN:\"T-UAS-E\":0100000000-0000-0000,:YEAR=2011,MODE=NONE"
;

   "Asd001A_OME3T" 11-02-03 10:00:12
A  0000062429 REPT EVT ETH
   "ETH-1-1-2:T-UAS-E,TC,02-03,10-00-12,NEND,RCV,10,10,15-MIN:\"T-UAS-E\":0100000000-0000-0000,:YEAR=2011,MODE=NONE"
;

   "Asd001A_OME3T" 11-02-03 10:00:20
A  0000062430 REPT EVT ETH
   "ETH-1-12-1:T-UAS-E,TC,02-03,10-00-20,NEND,RCV,10,10,15-MIN:\"T-UAS-E\":0100000000-0000-0000,:YEAR=2011,MODE=NONE"
;

   "Asd001A_OME3T" 11-02-03 10:00:20
A  0000062431 REPT EVT ETH
   "ETH-1-12-2:T-UAS-E,TC,02-03,10-00-20,NEND,RCV,10,10,15-MIN:\"T-UAS-E\":0100000000-0000-0000,:YEAR=2011,MODE=NONE"
;<<RTRV-HDR keep alive sent>>
IP 36
<

   "Asd001A_OME3T" 11-02-03 10:01:22
M  36 COMPLD
;<<RTRV-HDR keep alive sent>>
IP 37
<

   "Asd001A_OME3T" 11-02-03 10:03:23
M  37 COMPLD
;<<RTRV-HDR keep alive sent>>
IP 38
<

   "Asd001A_OME3T" 11-02-03 10:05:22
M  38 COMPLD
;<<RTRV-HDR keep alive sent>>
IP 39
<

   "Asd001A_OME3T" 11-02-03 10:07:22
M  39 COMPLD
;<<RTRV-HDR keep alive sent>>
IP 40
<

   "Asd001A_OME3T" 11-02-03 10:09:23
M  40 COMPLD
;<<RTRV-HDR keep alive sent>>
IP 41
<

   "Asd001A_OME3T" 11-02-03 10:11:23
M  41 COMPLD
;<<RTRV-HDR keep alive sent>>
IP 42
<

   "Asd001A_OME3T" 11-02-03 10:13:23
M  42 COMPLD
;

   "Asd001A_OME3T" 11-02-03 10:15:12
A  0000062432 REPT EVT WAN
   "WAN-1-1-3:T-UTLMX-W,TC,02-03,10-15-12,NEND,RCV,100,100,15-MIN:\"T-UTLMX-W\":0100000000-0000-0000,:YEAR=2011,MODE=NONE"
;

   "Asd001A_OME3T" 11-02-03 10:15:12
A  0000062433 REPT EVT WAN
   "WAN-1-1-3:T-UTLMX-W,TC,02-03,10-15-12,NEND,TRMT,100,100,15-MIN:\"T-UTLMX-W\":0100000000-0000-0000,:YEAR=2011,MODE=NONE"
;

   "Asd001A_OME3T" 11-02-03 10:15:12
A  0000062434 REPT EVT ETH
   "ETH-1-1-1:T-UAS-E,TC,02-03,10-15-12,NEND,RCV,10,10,15-MIN:\"T-UAS-E\":0100000000-0000-0000,:YEAR=2011,MODE=NONE"
;

   "Asd001A_OME3T" 11-02-03 10:15:12
A  0000062435 REPT EVT ETH
   "ETH-1-1-2:T-UAS-E,TC,02-03,10-15-12,NEND,RCV,10,10,15-MIN:\"T-UAS-E\":0100000000-0000-0000,:YEAR=2011,MODE=NONE"
;

   "Asd001A_OME3T" 11-02-03 10:15:20
A  0000062436 REPT EVT ETH
   "ETH-1-12-1:T-UAS-E,TC,02-03,10-15-20,NEND,RCV,10,10,15-MIN:\"T-UAS-E\":0100000000-0000-0000,:YEAR=2011,MODE=NONE"
;

   "Asd001A_OME3T" 11-02-03 10:15:20
A  0000062437 REPT EVT ETH
   "ETH-1-12-2:T-UAS-E,TC,02-03,10-15-20,NEND,RCV,10,10,15-MIN:\"T-UAS-E\":0100000000-0000-0000,:YEAR=2011,MODE=NONE"
;<<RTRV-HDR keep alive sent>>
IP 43
<

   "Asd001A_OME3T" 11-02-03 10:15:23
M  43 COMPLD
;<<RTRV-HDR keep alive sent>>
IP 44
<

   "Asd001A_OME3T" 11-02-03 10:17:23
M  44 COMPLD
;<<RTRV-HDR keep alive sent>>
IP 45
<

   "Asd001A_OME3T" 11-02-03 10:19:23
M  45 COMPLD
;<<RTRV-HDR keep alive sent>>
IP 46
<

   "Asd001A_OME3T" 11-02-03 10:21:24
M  46 COMPLD
;<<RTRV-HDR keep alive sent>>
IP 47
<

   "Asd001A_OME3T" 11-02-03 10:23:23
M  47 COMPLD
;<<RTRV-HDR keep alive sent>>
IP 48
<

   "Asd001A_OME3T" 11-02-03 10:25:23
M  48 COMPLD
;<<RTRV-HDR keep alive sent>>
IP 49
<

   "Asd001A_OME3T" 11-02-03 10:27:24
M  49 COMPLD
;<<RTRV-HDR keep alive sent>>
IP 50
<

   "Asd001A_OME3T" 11-02-03 10:29:24
M  50 COMPLD
;

   "Asd001A_OME3T" 11-02-03 10:30:12
A  0000062438 REPT EVT WAN
   "WAN-1-1-3:T-UTLMX-W,TC,02-03,10-30-12,NEND,RCV,100,100,15-MIN:\"T-UTLMX-W\":0100000000-0000-0000,:YEAR=2011,MODE=NONE"
;

   "Asd001A_OME3T" 11-02-03 10:30:13
A  0000062439 REPT EVT WAN
   "WAN-1-1-3:T-UTLMX-W,TC,02-03,10-30-13,NEND,TRMT,100,100,15-MIN:\"T-UTLMX-W\":0100000000-0000-0000,:YEAR=2011,MODE=NONE"
;

   "Asd001A_OME3T" 11-02-03 10:30:13
A  0000062440 REPT EVT ETH
   "ETH-1-1-1:T-UAS-E,TC,02-03,10-30-13,NEND,RCV,10,10,15-MIN:\"T-UAS-E\":0100000000-0000-0000,:YEAR=2011,MODE=NONE"
;

   "Asd001A_OME3T" 11-02-03 10:30:13
A  0000062441 REPT EVT ETH
   "ETH-1-1-2:T-UAS-E,TC,02-03,10-30-13,NEND,RCV,10,10,15-MIN:\"T-UAS-E\":0100000000-0000-0000,:YEAR=2011,MODE=NONE"
;

   "Asd001A_OME3T" 11-02-03 10:30:20
A  0000062442 REPT EVT ETH
   "ETH-1-12-1:T-UAS-E,TC,02-03,10-30-20,NEND,RCV,10,10,15-MIN:\"T-UAS-E\":0100000000-0000-0000,:YEAR=2011,MODE=NONE"
;

   "Asd001A_OME3T" 11-02-03 10:30:20
A  0000062443 REPT EVT ETH
   "ETH-1-12-2:T-UAS-E,TC,02-03,10-30-20,NEND,RCV,10,10,15-MIN:\"T-UAS-E\":0100000000-0000-0000,:YEAR=2011,MODE=NONE"
;<<RTRV-HDR keep alive sent>>
IP 51
<

   "Asd001A_OME3T" 11-02-03 10:31:25
M  51 COMPLD
;<<RTRV-HDR keep alive sent>>
IP 52
<

   "Asd001A_OME3T" 11-02-03 10:33:24
M  52 COMPLD
;<<RTRV-HDR keep alive sent>>
IP 53
<

   "Asd001A_OME3T" 11-02-03 10:35:24
M  53 COMPLD
;<<RTRV-HDR keep alive sent>>
IP 54
<

   "Asd001A_OME3T" 11-02-03 10:37:25
M  54 COMPLD
;<<RTRV-HDR keep alive sent>>
IP 55
<

   "Asd001A_OME3T" 11-02-03 10:39:25
M  55 COMPLD
;<<RTRV-HDR keep alive sent>>
IP 56
<

   "Asd001A_OME3T" 11-02-03 10:41:24
M  56 COMPLD
;<<RTRV-HDR keep alive sent>>
IP 57
<

   "Asd001A_OME3T" 11-02-03 10:43:25
M  57 COMPLD
;

   "Asd001A_OME3T" 11-02-03 10:45:12
A  0000062444 REPT EVT WAN
   "WAN-1-1-3:T-UTLMX-W,TC,02-03,10-45-12,NEND,RCV,100,100,15-MIN:\"T-UTLMX-W\":0100000000-0000-0000,:YEAR=2011,MODE=NONE"
;

   "Asd001A_OME3T" 11-02-03 10:45:12
A  0000062445 REPT EVT WAN
   "WAN-1-1-3:T-UTLMX-W,TC,02-03,10-45-12,NEND,TRMT,100,100,15-MIN:\"T-UTLMX-W\":0100000000-0000-0000,:YEAR=2011,MODE=NONE"
;

   "Asd001A_OME3T" 11-02-03 10:45:12
A  0000062446 REPT EVT ETH
   "ETH-1-1-1:T-UAS-E,TC,02-03,10-45-12,NEND,RCV,10,10,15-MIN:\"T-UAS-E\":0100000000-0000-0000,:YEAR=2011,MODE=NONE"
;

   "Asd001A_OME3T" 11-02-03 10:45:12
A  0000062447 REPT EVT ETH
   "ETH-1-1-2:T-UAS-E,TC,02-03,10-45-12,NEND,RCV,10,10,15-MIN:\"T-UAS-E\":0100000000-0000-0000,:YEAR=2011,MODE=NONE"
;

   "Asd001A_OME3T" 11-02-03 10:45:20
A  0000062448 REPT EVT ETH
   "ETH-1-12-1:T-UAS-E,TC,02-03,10-45-20,NEND,RCV,10,10,15-MIN:\"T-UAS-E\":0100000000-0000-0000,:YEAR=2011,MODE=NONE"
;

   "Asd001A_OME3T" 11-02-03 10:45:20
A  0000062449 REPT EVT ETH
   "ETH-1-12-2:T-UAS-E,TC,02-03,10-45-20,NEND,RCV,10,10,15-MIN:\"T-UAS-E\":0100000000-0000-0000,:YEAR=2011,MODE=NONE"
;<<RTRV-HDR keep alive sent>>
IP 58
<

   "Asd001A_OME3T" 11-02-03 10:45:25
M  58 COMPLD
;<<RTRV-HDR keep alive sent>>
IP 59
<

   "Asd001A_OME3T" 11-02-03 10:47:25
M  59 COMPLD
;<<RTRV-HDR keep alive sent>>
IP 60
<

   "Asd001A_OME3T" 11-02-03 10:49:26
M  60 COMPLD
;<<RTRV-HDR keep alive sent>>
IP 61
<

   "Asd001A_OME3T" 11-02-03 10:51:25
M  61 COMPLD
;<<RTRV-HDR keep alive sent>>
IP 62
<

   "Asd001A_OME3T" 11-02-03 10:53:25
M  62 COMPLD
;<<RTRV-HDR keep alive sent>>
IP 63
<

   "Asd001A_OME3T" 11-02-03 10:55:26
M  63 COMPLD
;<<RTRV-HDR keep alive sent>>
IP 64
<

   "Asd001A_OME3T" 11-02-03 10:57:26
M  64 COMPLD
;<<RTRV-HDR keep alive sent>>
IP 65
<

   "Asd001A_OME3T" 11-02-03 10:59:25
M  65 COMPLD
;

   "Asd001A_OME3T" 11-02-03 11:00:13
A  0000062450 REPT EVT WAN
   "WAN-1-1-3:T-UTLMX-W,TC,02-03,11-00-13,NEND,RCV,100,100,15-MIN:\"T-UTLMX-W\":0100000000-0000-0000,:YEAR=2011,MODE=NONE"
;

   "Asd001A_OME3T" 11-02-03 11:00:13
A  0000062451 REPT EVT WAN
   "WAN-1-1-3:T-UTLMX-W,TC,02-03,11-00-13,NEND,TRMT,100,100,15-MIN:\"T-UTLMX-W\":0100000000-0000-0000,:YEAR=2011,MODE=NONE"
;

   "Asd001A_OME3T" 11-02-03 11:00:13
A  0000062452 REPT EVT ETH
   "ETH-1-1-1:T-UAS-E,TC,02-03,11-00-13,NEND,RCV,10,10,15-MIN:\"T-UAS-E\":0100000000-0000-0000,:YEAR=2011,MODE=NONE"
;

   "Asd001A_OME3T" 11-02-03 11:00:13
A  0000062453 REPT EVT ETH
   "ETH-1-1-2:T-UAS-E,TC,02-03,11-00-13,NEND,RCV,10,10,15-MIN:\"T-UAS-E\":0100000000-0000-0000,:YEAR=2011,MODE=NONE"
;

   "Asd001A_OME3T" 11-02-03 11:00:20
A  0000062454 REPT EVT ETH
   "ETH-1-12-1:T-UAS-E,TC,02-03,11-00-20,NEND,RCV,10,10,15-MIN:\"T-UAS-E\":0100000000-0000-0000,:YEAR=2011,MODE=NONE"
;

   "Asd001A_OME3T" 11-02-03 11:00:20
A  0000062455 REPT EVT ETH
   "ETH-1-12-2:T-UAS-E,TC,02-03,11-00-20,NEND,RCV,10,10,15-MIN:\"T-UAS-E\":0100000000-0000-0000,:YEAR=2011,MODE=NONE"
;<<RTRV-HDR keep alive sent>>
IP 66
<

   "Asd001A_OME3T" 11-02-03 11:01:26
M  66 COMPLD
;<<RTRV-HDR keep alive sent>>
IP 67
<

   "Asd001A_OME3T" 11-02-03 11:03:26
M  67 COMPLD
;<<RTRV-HDR keep alive sent>>
IP 68
<

   "Asd001A_OME3T" 11-02-03 11:05:26
M  68 COMPLD
;<<RTRV-HDR keep alive sent>>
IP 69
<

   "Asd001A_OME3T" 11-02-03 11:07:27
M  69 COMPLD
;<<RTRV-HDR keep alive sent>>
IP 70
<

   "Asd001A_OME3T" 11-02-03 11:09:26
M  70 COMPLD
;<<RTRV-HDR keep alive sent>>
IP 71
<

   "Asd001A_OME3T" 11-02-03 11:11:26
M  71 COMPLD
;<<RTRV-HDR keep alive sent>>
IP 72
<

   "Asd001A_OME3T" 11-02-03 11:13:27
M  72 COMPLD
;

   "Asd001A_OME3T" 11-02-03 11:15:12
A  0000062456 REPT EVT WAN
   "WAN-1-1-3:T-UTLMX-W,TC,02-03,11-15-12,NEND,RCV,100,100,15-MIN:\"T-UTLMX-W\":0100000000-0000-0000,:YEAR=2011,MODE=NONE"
;

   "Asd001A_OME3T" 11-02-03 11:15:12
A  0000062457 REPT EVT WAN
   "WAN-1-1-3:T-UTLMX-W,TC,02-03,11-15-12,NEND,TRMT,100,100,15-MIN:\"T-UTLMX-W\":0100000000-0000-0000,:YEAR=2011,MODE=NONE"
;

   "Asd001A_OME3T" 11-02-03 11:15:12
A  0000062458 REPT EVT ETH
   "ETH-1-1-1:T-UAS-E,TC,02-03,11-15-12,NEND,RCV,10,10,15-MIN:\"T-UAS-E\":0100000000-0000-0000,:YEAR=2011,MODE=NONE"
;

   "Asd001A_OME3T" 11-02-03 11:15:12
A  0000062459 REPT EVT ETH
   "ETH-1-1-2:T-UAS-E,TC,02-03,11-15-12,NEND,RCV,10,10,15-MIN:\"T-UAS-E\":0100000000-0000-0000,:YEAR=2011,MODE=NONE"
;

   "Asd001A_OME3T" 11-02-03 11:15:21
A  0000062460 REPT EVT ETH
   "ETH-1-12-1:T-UAS-E,TC,02-03,11-15-21,NEND,RCV,10,10,15-MIN:\"T-UAS-E\":0100000000-0000-0000,:YEAR=2011,MODE=NONE"
;

   "Asd001A_OME3T" 11-02-03 11:15:21
A  0000062461 REPT EVT ETH
   "ETH-1-12-2:T-UAS-E,TC,02-03,11-15-21,NEND,RCV,10,10,15-MIN:\"T-UAS-E\":0100000000-0000-0000,:YEAR=2011,MODE=NONE"
;<<RTRV-HDR keep alive sent>>
IP 73
<

   "Asd001A_OME3T" 11-02-03 11:15:27
M  73 COMPLD
;<<RTRV-HDR keep alive sent>>
IP 74
<

   "Asd001A_OME3T" 11-02-03 11:17:27
M  74 COMPLD
;<<RTRV-HDR keep alive sent>>
IP 75
<

   "Asd001A_OME3T" 11-02-03 11:19:27
M  75 COMPLD
;<<RTRV-HDR keep alive sent>>
IP 76
<

   "Asd001A_OME3T" 11-02-03 11:21:27
M  76 COMPLD
;<<RTRV-HDR keep alive sent>>
IP 77
<

   "Asd001A_OME3T" 11-02-03 11:23:28
M  77 COMPLD
;<<RTRV-HDR keep alive sent>>
IP 78
<

   "Asd001A_OME3T" 11-02-03 11:25:28
M  78 COMPLD
;<<RTRV-HDR keep alive sent>>
IP 79
<

   "Asd001A_OME3T" 11-02-03 11:27:27
M  79 COMPLD
;<<RTRV-HDR keep alive sent>>
IP 80
<

   "Asd001A_OME3T" 11-02-03 11:29:28
M  80 COMPLD
;

   "Asd001A_OME3T" 11-02-03 11:30:12
A  0000062462 REPT EVT WAN
   "WAN-1-1-3:T-UTLMX-W,TC,02-03,11-30-12,NEND,RCV,100,100,15-MIN:\"T-UTLMX-W\":0100000000-0000-0000,:YEAR=2011,MODE=NONE"
;

   "Asd001A_OME3T" 11-02-03 11:30:12
A  0000062463 REPT EVT WAN
   "WAN-1-1-3:T-UTLMX-W,TC,02-03,11-30-12,NEND,TRMT,100,100,15-MIN:\"T-UTLMX-W\":0100000000-0000-0000,:YEAR=2011,MODE=NONE"
;

   "Asd001A_OME3T" 11-02-03 11:30:12
A  0000062464 REPT EVT ETH
   "ETH-1-1-1:T-UAS-E,TC,02-03,11-30-12,NEND,RCV,10,10,15-MIN:\"T-UAS-E\":0100000000-0000-0000,:YEAR=2011,MODE=NONE"
;

   "Asd001A_OME3T" 11-02-03 11:30:12
A  0000062465 REPT EVT ETH
   "ETH-1-1-2:T-UAS-E,TC,02-03,11-30-12,NEND,RCV,10,10,15-MIN:\"T-UAS-E\":0100000000-0000-0000,:YEAR=2011,MODE=NONE"
;

   "Asd001A_OME3T" 11-02-03 11:30:20
A  0000062466 REPT EVT ETH
   "ETH-1-12-1:T-UAS-E,TC,02-03,11-30-20,NEND,RCV,10,10,15-MIN:\"T-UAS-E\":0100000000-0000-0000,:YEAR=2011,MODE=NONE"
;

   "Asd001A_OME3T" 11-02-03 11:30:20
A  0000062467 REPT EVT ETH
   "ETH-1-12-2:T-UAS-E,TC,02-03,11-30-20,NEND,RCV,10,10,15-MIN:\"T-UAS-E\":0100000000-0000-0000,:YEAR=2011,MODE=NONE"
;<<RTRV-HDR keep alive sent>>
IP 81
<

   "Asd001A_OME3T" 11-02-03 11:31:28
M  81 COMPLD
;<<RTRV-HDR keep alive sent>>
IP 82
<

   "Asd001A_OME3T" 11-02-03 11:33:28
M  82 COMPLD
;<<RTRV-HDR keep alive sent>>
IP 83
<

   "Asd001A_OME3T" 11-02-03 11:35:28
M  83 COMPLD
;<<RTRV-HDR keep alive sent>>
IP 84
<

   "Asd001A_OME3T" 11-02-03 11:37:28
M  84 COMPLD
;<<RTRV-HDR keep alive sent>>
IP 85
<

   "Asd001A_OME3T" 11-02-03 11:39:28
M  85 COMPLD
;<<RTRV-HDR keep alive sent>>
IP 86
<

   "Asd001A_OME3T" 11-02-03 11:41:29
M  86 COMPLD
;<<RTRV-HDR keep alive sent>>
IP 87
<

   "Asd001A_OME3T" 11-02-03 11:43:29
M  87 COMPLD
;

   "Asd001A_OME3T" 11-02-03 11:45:12
A  0000062468 REPT EVT WAN
   "WAN-1-1-3:T-UTLMX-W,TC,02-03,11-45-12,NEND,RCV,100,100,15-MIN:\"T-UTLMX-W\":0100000000-0000-0000,:YEAR=2011,MODE=NONE"
;

   "Asd001A_OME3T" 11-02-03 11:45:12
A  0000062469 REPT EVT WAN
   "WAN-1-1-3:T-UTLMX-W,TC,02-03,11-45-12,NEND,TRMT,100,100,15-MIN:\"T-UTLMX-W\":0100000000-0000-0000,:YEAR=2011,MODE=NONE"
;

   "Asd001A_OME3T" 11-02-03 11:45:12
A  0000062470 REPT EVT ETH
   "ETH-1-1-1:T-UAS-E,TC,02-03,11-45-12,NEND,RCV,10,10,15-MIN:\"T-UAS-E\":0100000000-0000-0000,:YEAR=2011,MODE=NONE"
;

   "Asd001A_OME3T" 11-02-03 11:45:12
A  0000062471 REPT EVT ETH
   "ETH-1-1-2:T-UAS-E,TC,02-03,11-45-12,NEND,RCV,10,10,15-MIN:\"T-UAS-E\":0100000000-0000-0000,:YEAR=2011,MODE=NONE"
;

   "Asd001A_OME3T" 11-02-03 11:45:20
A  0000062472 REPT EVT ETH
   "ETH-1-12-1:T-UAS-E,TC,02-03,11-45-20,NEND,RCV,10,10,15-MIN:\"T-UAS-E\":0100000000-0000-0000,:YEAR=2011,MODE=NONE"
;

   "Asd001A_OME3T" 11-02-03 11:45:20
A  0000062473 REPT EVT ETH
   "ETH-1-12-2:T-UAS-E,TC,02-03,11-45-20,NEND,RCV,10,10,15-MIN:\"T-UAS-E\":0100000000-0000-0000,:YEAR=2011,MODE=NONE"
;<<RTRV-HDR keep alive sent>>
IP 88
<

   "Asd001A_OME3T" 11-02-03 11:45:28
M  88 COMPLD
;<<RTRV-HDR keep alive sent>>
IP 89
<

   "Asd001A_OME3T" 11-02-03 11:47:29
M  89 COMPLD
;<<RTRV-HDR keep alive sent>>
IP 90
<

   "Asd001A_OME3T" 11-02-03 11:49:29
M  90 COMPLD
;<<RTRV-HDR keep alive sent>>
IP 91
<

   "Asd001A_OME3T" 11-02-03 11:51:29
M  91 COMPLD
;<<RTRV-HDR keep alive sent>>
IP 92
<

   "Asd001A_OME3T" 11-02-03 11:53:29
M  92 COMPLD
;<<RTRV-HDR keep alive sent>>
IP 93
<

   "Asd001A_OME3T" 11-02-03 11:55:29
M  93 COMPLD
;<<RTRV-HDR keep alive sent>>
IP 94
<

   "Asd001A_OME3T" 11-02-03 11:57:29
M  94 COMPLD
;<<RTRV-HDR keep alive sent>>
IP 95
<

   "Asd001A_OME3T" 11-02-03 11:59:30
M  95 COMPLD
;

   "Asd001A_OME3T" 11-02-03 12:00:12
A  0000062474 REPT EVT WAN
   "WAN-1-1-3:T-UTLMX-W,TC,02-03,12-00-12,NEND,RCV,100,100,15-MIN:\"T-UTLMX-W\":0100000000-0000-0000,:YEAR=2011,MODE=NONE"
;

   "Asd001A_OME3T" 11-02-03 12:00:12
A  0000062475 REPT EVT WAN
   "WAN-1-1-3:T-UTLMX-W,TC,02-03,12-00-12,NEND,TRMT,100,100,15-MIN:\"T-UTLMX-W\":0100000000-0000-0000,:YEAR=2011,MODE=NONE"
;

   "Asd001A_OME3T" 11-02-03 12:00:13
A  0000062476 REPT EVT ETH
   "ETH-1-1-1:T-UAS-E,TC,02-03,12-00-13,NEND,RCV,10,10,15-MIN:\"T-UAS-E\":0100000000-0000-0000,:YEAR=2011,MODE=NONE"
;

   "Asd001A_OME3T" 11-02-03 12:00:13
A  0000062477 REPT EVT ETH
   "ETH-1-1-2:T-UAS-E,TC,02-03,12-00-13,NEND,RCV,10,10,15-MIN:\"T-UAS-E\":0100000000-0000-0000,:YEAR=2011,MODE=NONE"
;

   "Asd001A_OME3T" 11-02-03 12:00:20
A  0000062478 REPT EVT ETH
   "ETH-1-12-1:T-UAS-E,TC,02-03,12-00-20,NEND,RCV,10,10,15-MIN:\"T-UAS-E\":0100000000-0000-0000,:YEAR=2011,MODE=NONE"
;

   "Asd001A_OME3T" 11-02-03 12:00:20
A  0000062479 REPT EVT ETH
   "ETH-1-12-2:T-UAS-E,TC,02-03,12-00-20,NEND,RCV,10,10,15-MIN:\"T-UAS-E\":0100000000-0000-0000,:YEAR=2011,MODE=NONE"
;<<RTRV-HDR keep alive sent>>
IP 96
<

   "Asd001A_OME3T" 11-02-03 12:01:30
M  96 COMPLD
;<<RTRV-HDR keep alive sent>>
IP 97
<

   "Asd001A_OME3T" 11-02-03 12:03:30
M  97 COMPLD
;<<RTRV-HDR keep alive sent>>
IP 98
<

   "Asd001A_OME3T" 11-02-03 12:05:30
M  98 COMPLD
;<<RTRV-HDR keep alive sent>>
IP 99
<

   "Asd001A_OME3T" 11-02-03 12:07:30
M  99 COMPLD
;<<RTRV-HDR keep alive sent>>
IP 100
<

   "Asd001A_OME3T" 11-02-03 12:09:31
M  100 COMPLD
;<<RTRV-HDR keep alive sent>>
IP 101
<

   "Asd001A_OME3T" 11-02-03 12:11:30
M  101 COMPLD
;<<RTRV-HDR keep alive sent>>
IP 102
<

   "Asd001A_OME3T" 11-02-03 12:13:30
M  102 COMPLD
;

   "Asd001A_OME3T" 11-02-03 12:15:13
A  0000062480 REPT EVT WAN
   "WAN-1-1-3:T-UTLMX-W,TC,02-03,12-15-13,NEND,RCV,100,100,15-MIN:\"T-UTLMX-W\":0100000000-0000-0000,:YEAR=2011,MODE=NONE"
;

   "Asd001A_OME3T" 11-02-03 12:15:13
A  0000062481 REPT EVT WAN
   "WAN-1-1-3:T-UTLMX-W,TC,02-03,12-15-13,NEND,TRMT,100,100,15-MIN:\"T-UTLMX-W\":0100000000-0000-0000,:YEAR=2011,MODE=NONE"
;

   "Asd001A_OME3T" 11-02-03 12:15:13
A  0000062482 REPT EVT ETH
   "ETH-1-1-1:T-UAS-E,TC,02-03,12-15-13,NEND,RCV,10,10,15-MIN:\"T-UAS-E\":0100000000-0000-0000,:YEAR=2011,MODE=NONE"
;

   "Asd001A_OME3T" 11-02-03 12:15:13
A  0000062483 REPT EVT ETH
   "ETH-1-1-2:T-UAS-E,TC,02-03,12-15-13,NEND,RCV,10,10,15-MIN:\"T-UAS-E\":0100000000-0000-0000,:YEAR=2011,MODE=NONE"
;

   "Asd001A_OME3T" 11-02-03 12:15:20
A  0000062484 REPT EVT ETH
   "ETH-1-12-1:T-UAS-E,TC,02-03,12-15-20,NEND,RCV,10,10,15-MIN:\"T-UAS-E\":0100000000-0000-0000,:YEAR=2011,MODE=NONE"
;

   "Asd001A_OME3T" 11-02-03 12:15:20
A  0000062485 REPT EVT ETH
   "ETH-1-12-2:T-UAS-E,TC,02-03,12-15-20,NEND,RCV,10,10,15-MIN:\"T-UAS-E\":0100000000-0000-0000,:YEAR=2011,MODE=NONE"
;<<RTRV-HDR keep alive sent>>
IP 103
<

   "Asd001A_OME3T" 11-02-03 12:15:31
M  103 COMPLD
;<<RTRV-HDR keep alive sent>>
IP 104
<

   "Asd001A_OME3T" 11-02-03 12:17:31
M  104 COMPLD
;<<RTRV-HDR keep alive sent>>
IP 105
<

   "Asd001A_OME3T" 11-02-03 12:19:31
M  105 COMPLD
;<<RTRV-HDR keep alive sent>>
IP 106
<

   "Asd001A_OME3T" 11-02-03 12:21:31
M  106 COMPLD
;<<RTRV-HDR keep alive sent>>
IP 107
<

   "Asd001A_OME3T" 11-02-03 12:23:31
M  107 COMPLD
;<<RTRV-HDR keep alive sent>>
IP 108
<

   "Asd001A_OME3T" 11-02-03 12:25:31
M  108 COMPLD
;<<RTRV-HDR keep alive sent>>
IP 109
<

   "Asd001A_OME3T" 11-02-03 12:27:32
M  109 COMPLD
;<<RTRV-HDR keep alive sent>>
IP 110
<

   "Asd001A_OME3T" 11-02-03 12:29:31
M  110 COMPLD
;

   "Asd001A_OME3T" 11-02-03 12:30:12
A  0000062486 REPT EVT WAN
   "WAN-1-1-3:T-UTLMX-W,TC,02-03,12-30-12,NEND,RCV,100,100,15-MIN:\"T-UTLMX-W\":0100000000-0000-0000,:YEAR=2011,MODE=NONE"
;

   "Asd001A_OME3T" 11-02-03 12:30:12
A  0000062487 REPT EVT WAN
   "WAN-1-1-3:T-UTLMX-W,TC,02-03,12-30-12,NEND,TRMT,100,100,15-MIN:\"T-UTLMX-W\":0100000000-0000-0000,:YEAR=2011,MODE=NONE"
;

   "Asd001A_OME3T" 11-02-03 12:30:12
A  0000062488 REPT EVT ETH
   "ETH-1-1-1:T-UAS-E,TC,02-03,12-30-12,NEND,RCV,10,10,15-MIN:\"T-UAS-E\":0100000000-0000-0000,:YEAR=2011,MODE=NONE"
;

   "Asd001A_OME3T" 11-02-03 12:30:12
A  0000062489 REPT EVT ETH
   "ETH-1-1-2:T-UAS-E,TC,02-03,12-30-12,NEND,RCV,10,10,15-MIN:\"T-UAS-E\":0100000000-0000-0000,:YEAR=2011,MODE=NONE"
;

   "Asd001A_OME3T" 11-02-03 12:30:21
A  0000062490 REPT EVT ETH
   "ETH-1-12-1:T-UAS-E,TC,02-03,12-30-21,NEND,RCV,10,10,15-MIN:\"T-UAS-E\":0100000000-0000-0000,:YEAR=2011,MODE=NONE"
;

   "Asd001A_OME3T" 11-02-03 12:30:21
A  0000062491 REPT EVT ETH
   "ETH-1-12-2:T-UAS-E,TC,02-03,12-30-21,NEND,RCV,10,10,15-MIN:\"T-UAS-E\":0100000000-0000-0000,:YEAR=2011,MODE=NONE"
;<<RTRV-HDR keep alive sent>>
IP 111
<

   "Asd001A_OME3T" 11-02-03 12:31:31
M  111 COMPLD
;<<RTRV-HDR keep alive sent>>
IP 112
<

   "Asd001A_OME3T" 11-02-03 12:33:32
M  112 COMPLD
;<<RTRV-HDR keep alive sent>>
IP 113
<

   "Asd001A_OME3T" 11-02-03 12:35:32
M  113 COMPLD
;<<RTRV-HDR keep alive sent>>
IP 114
<

   "Asd001A_OME3T" 11-02-03 12:37:32
M  114 COMPLD
;<<RTRV-HDR keep alive sent>>
IP 115
<

   "Asd001A_OME3T" 11-02-03 12:39:32
M  115 COMPLD
;<<RTRV-HDR keep alive sent>>
IP 116
<

   "Asd001A_OME3T" 11-02-03 12:41:32
M  116 COMPLD
;<<RTRV-HDR keep alive sent>>
IP 117
<

   "Asd001A_OME3T" 11-02-03 12:43:33
M  117 COMPLD
;

   "Asd001A_OME3T" 11-02-03 12:45:12
A  0000062492 REPT EVT WAN
   "WAN-1-1-3:T-UTLMX-W,TC,02-03,12-45-12,NEND,RCV,100,100,15-MIN:\"T-UTLMX-W\":0100000000-0000-0000,:YEAR=2011,MODE=NONE"
;

   "Asd001A_OME3T" 11-02-03 12:45:12
A  0000062493 REPT EVT WAN
   "WAN-1-1-3:T-UTLMX-W,TC,02-03,12-45-12,NEND,TRMT,100,100,15-MIN:\"T-UTLMX-W\":0100000000-0000-0000,:YEAR=2011,MODE=NONE"
;

   "Asd001A_OME3T" 11-02-03 12:45:12
A  0000062494 REPT EVT ETH
   "ETH-1-1-1:T-UAS-E,TC,02-03,12-45-12,NEND,RCV,10,10,15-MIN:\"T-UAS-E\":0100000000-0000-0000,:YEAR=2011,MODE=NONE"
;

   "Asd001A_OME3T" 11-02-03 12:45:12
A  0000062495 REPT EVT ETH
   "ETH-1-1-2:T-UAS-E,TC,02-03,12-45-12,NEND,RCV,10,10,15-MIN:\"T-UAS-E\":0100000000-0000-0000,:YEAR=2011,MODE=NONE"
;

   "Asd001A_OME3T" 11-02-03 12:45:20
A  0000062496 REPT EVT ETH
   "ETH-1-12-1:T-UAS-E,TC,02-03,12-45-20,NEND,RCV,10,10,15-MIN:\"T-UAS-E\":0100000000-0000-0000,:YEAR=2011,MODE=NONE"
;

   "Asd001A_OME3T" 11-02-03 12:45:20
A  0000062497 REPT EVT ETH
   "ETH-1-12-2:T-UAS-E,TC,02-03,12-45-20,NEND,RCV,10,10,15-MIN:\"T-UAS-E\":0100000000-0000-0000,:YEAR=2011,MODE=NONE"
;<<RTRV-HDR keep alive sent>>
IP 118
<

   "Asd001A_OME3T" 11-02-03 12:45:33
M  118 COMPLD
;<<RTRV-HDR keep alive sent>>
IP 119
<

   "Asd001A_OME3T" 11-02-03 12:47:32
M  119 COMPLD
;<<RTRV-HDR keep alive sent>>
IP 120
<

   "Asd001A_OME3T" 11-02-03 12:49:33
M  120 COMPLD
;<<RTRV-HDR keep alive sent>>
IP 121
<

   "Asd001A_OME3T" 11-02-03 12:51:33
M  121 COMPLD
;<<RTRV-HDR keep alive sent>>
IP 122
<

   "Asd001A_OME3T" 11-02-03 12:53:33
M  122 COMPLD
;<<RTRV-HDR keep alive sent>>
IP 123
<

   "Asd001A_OME3T" 11-02-03 12:55:34
M  123 COMPLD
;<<RTRV-HDR keep alive sent>>
IP 124
<

   "Asd001A_OME3T" 11-02-03 12:57:33
M  124 COMPLD
;<<RTRV-HDR keep alive sent>>
IP 125
<

   "Asd001A_OME3T" 11-02-03 12:59:33
M  125 COMPLD
;

   "Asd001A_OME3T" 11-02-03 13:00:12
A  0000062498 REPT EVT WAN
   "WAN-1-1-3:T-UTLMX-W,TC,02-03,13-00-12,NEND,RCV,100,100,15-MIN:\"T-UTLMX-W\":0100000000-0000-0000,:YEAR=2011,MODE=NONE"
;

   "Asd001A_OME3T" 11-02-03 13:00:12
A  0000062499 REPT EVT WAN
   "WAN-1-1-3:T-UTLMX-W,TC,02-03,13-00-12,NEND,TRMT,100,100,15-MIN:\"T-UTLMX-W\":0100000000-0000-0000,:YEAR=2011,MODE=NONE"
;

   "Asd001A_OME3T" 11-02-03 13:00:12
A  0000062500 REPT EVT ETH
   "ETH-1-1-1:T-UAS-E,TC,02-03,13-00-12,NEND,RCV,10,10,15-MIN:\"T-UAS-E\":0100000000-0000-0000,:YEAR=2011,MODE=NONE"
;

   "Asd001A_OME3T" 11-02-03 13:00:13
A  0000062501 REPT EVT ETH
   "ETH-1-1-2:T-UAS-E,TC,02-03,13-00-13,NEND,RCV,10,10,15-MIN:\"T-UAS-E\":0100000000-0000-0000,:YEAR=2011,MODE=NONE"
;

   "Asd001A_OME3T" 11-02-03 13:00:20
A  0000062502 REPT EVT ETH
   "ETH-1-12-1:T-UAS-E,TC,02-03,13-00-20,NEND,RCV,10,10,15-MIN:\"T-UAS-E\":0100000000-0000-0000,:YEAR=2011,MODE=NONE"
;

   "Asd001A_OME3T" 11-02-03 13:00:20
A  0000062503 REPT EVT ETH
   "ETH-1-12-2:T-UAS-E,TC,02-03,13-00-20,NEND,RCV,10,10,15-MIN:\"T-UAS-E\":0100000000-0000-0000,:YEAR=2011,MODE=NONE"
;<<RTRV-HDR keep alive sent>>
IP 126
<

   "Asd001A_OME3T" 11-02-03 13:01:34
M  126 COMPLD
;<<RTRV-HDR keep alive sent>>
IP 127
<

   "Asd001A_OME3T" 11-02-03 13:03:34
M  127 COMPLD
;<<RTRV-HDR keep alive sent>>
IP 128
<

   "Asd001A_OME3T" 11-02-03 13:05:33
M  128 COMPLD
;<<RTRV-HDR keep alive sent>>
IP 129
<

   "Asd001A_OME3T" 11-02-03 13:07:34
M  129 COMPLD
;<<RTRV-HDR keep alive sent>>
IP 130
<

   "Asd001A_OME3T" 11-02-03 13:09:34
M  130 COMPLD
;<<RTRV-HDR keep alive sent>>
IP 131
<

   "Asd001A_OME3T" 11-02-03 13:11:34
M  131 COMPLD
;<<RTRV-HDR keep alive sent>>
IP 132
<

   "Asd001A_OME3T" 11-02-03 13:13:35
M  132 COMPLD
;

   "Asd001A_OME3T" 11-02-03 13:15:12
A  0000062504 REPT EVT WAN
   "WAN-1-1-3:T-UTLMX-W,TC,02-03,13-15-12,NEND,RCV,100,100,15-MIN:\"T-UTLMX-W\":0100000000-0000-0000,:YEAR=2011,MODE=NONE"
;

   "Asd001A_OME3T" 11-02-03 13:15:12
A  0000062505 REPT EVT WAN
   "WAN-1-1-3:T-UTLMX-W,TC,02-03,13-15-12,NEND,TRMT,100,100,15-MIN:\"T-UTLMX-W\":0100000000-0000-0000,:YEAR=2011,MODE=NONE"
;

   "Asd001A_OME3T" 11-02-03 13:15:12
A  0000062506 REPT EVT ETH
   "ETH-1-1-1:T-UAS-E,TC,02-03,13-15-12,NEND,RCV,10,10,15-MIN:\"T-UAS-E\":0100000000-0000-0000,:YEAR=2011,MODE=NONE"
;

   "Asd001A_OME3T" 11-02-03 13:15:12
A  0000062507 REPT EVT ETH
   "ETH-1-1-2:T-UAS-E,TC,02-03,13-15-12,NEND,RCV,10,10,15-MIN:\"T-UAS-E\":0100000000-0000-0000,:YEAR=2011,MODE=NONE"
;

   "Asd001A_OME3T" 11-02-03 13:15:20
A  0000062508 REPT EVT ETH
   "ETH-1-12-1:T-UAS-E,TC,02-03,13-15-20,NEND,RCV,10,10,15-MIN:\"T-UAS-E\":0100000000-0000-0000,:YEAR=2011,MODE=NONE"
;

   "Asd001A_OME3T" 11-02-03 13:15:20
A  0000062509 REPT EVT ETH
   "ETH-1-12-2:T-UAS-E,TC,02-03,13-15-20,NEND,RCV,10,10,15-MIN:\"T-UAS-E\":0100000000-0000-0000,:YEAR=2011,MODE=NONE"
;<<RTRV-HDR keep alive sent>>
IP 133
<

   "Asd001A_OME3T" 11-02-03 13:15:34
M  133 COMPLD
;<<RTRV-HDR keep alive sent>>
IP 134
<

   "Asd001A_OME3T" 11-02-03 13:17:34
M  134 COMPLD
;<<RTRV-HDR keep alive sent>>
IP 135
<

   "Asd001A_OME3T" 11-02-03 13:19:35
M  135 COMPLD
;<<RTRV-HDR keep alive sent>>
IP 136
<

   "Asd001A_OME3T" 11-02-03 13:21:35
M  136 COMPLD
;<<RTRV-HDR keep alive sent>>
IP 137
<

   "Asd001A_OME3T" 11-02-03 13:23:34
M  137 COMPLD
;<<RTRV-HDR keep alive sent>>
IP 138
<

   "Asd001A_OME3T" 11-02-03 13:25:35
M  138 COMPLD
;<<RTRV-HDR keep alive sent>>
IP 139
<

   "Asd001A_OME3T" 11-02-03 13:27:35
M  139 COMPLD
;<<RTRV-HDR keep alive sent>>
IP 140
<

   "Asd001A_OME3T" 11-02-03 13:29:36
M  140 COMPLD
;

   "Asd001A_OME3T" 11-02-03 13:30:13
A  0000062510 REPT EVT WAN
   "WAN-1-1-3:T-UTLMX-W,TC,02-03,13-30-13,NEND,RCV,100,100,15-MIN:\"T-UTLMX-W\":0100000000-0000-0000,:YEAR=2011,MODE=NONE"
;

   "Asd001A_OME3T" 11-02-03 13:30:13
A  0000062511 REPT EVT WAN
   "WAN-1-1-3:T-UTLMX-W,TC,02-03,13-30-13,NEND,TRMT,100,100,15-MIN:\"T-UTLMX-W\":0100000000-0000-0000,:YEAR=2011,MODE=NONE"
;

   "Asd001A_OME3T" 11-02-03 13:30:13
A  0000062512 REPT EVT ETH
   "ETH-1-1-1:T-UAS-E,TC,02-03,13-30-13,NEND,RCV,10,10,15-MIN:\"T-UAS-E\":0100000000-0000-0000,:YEAR=2011,MODE=NONE"
;

   "Asd001A_OME3T" 11-02-03 13:30:13
A  0000062513 REPT EVT ETH
   "ETH-1-1-2:T-UAS-E,TC,02-03,13-30-13,NEND,RCV,10,10,15-MIN:\"T-UAS-E\":0100000000-0000-0000,:YEAR=2011,MODE=NONE"
;

   "Asd001A_OME3T" 11-02-03 13:30:20
A  0000062514 REPT EVT ETH
   "ETH-1-12-1:T-UAS-E,TC,02-03,13-30-20,NEND,RCV,10,10,15-MIN:\"T-UAS-E\":0100000000-0000-0000,:YEAR=2011,MODE=NONE"
;

   "Asd001A_OME3T" 11-02-03 13:30:20
A  0000062515 REPT EVT ETH
   "ETH-1-12-2:T-UAS-E,TC,02-03,13-30-20,NEND,RCV,10,10,15-MIN:\"T-UAS-E\":0100000000-0000-0000,:YEAR=2011,MODE=NONE"
;<<RTRV-HDR keep alive sent>>
IP 141
<

   "Asd001A_OME3T" 11-02-03 13:31:36
M  141 COMPLD
;<<RTRV-HDR keep alive sent>>
IP 142
<

   "Asd001A_OME3T" 11-02-03 13:33:35
M  142 COMPLD
;<<RTRV-HDR keep alive sent>>
IP 143
<

   "Asd001A_OME3T" 11-02-03 13:35:36
M  143 COMPLD
;<<RTRV-HDR keep alive sent>>
IP 144
<

   "Asd001A_OME3T" 11-02-03 13:37:36
M  144 COMPLD
;<<RTRV-HDR keep alive sent>>
IP 145
<

   "Asd001A_OME3T" 11-02-03 13:39:36
M  145 COMPLD
;<<RTRV-HDR keep alive sent>>
IP 146
<

   "Asd001A_OME3T" 11-02-03 13:41:36
M  146 COMPLD
;<<RTRV-HDR keep alive sent>>
IP 147
<

   "Asd001A_OME3T" 11-02-03 13:43:36
M  147 COMPLD
;

   "Asd001A_OME3T" 11-02-03 13:45:12
A  0000062516 REPT EVT WAN
   "WAN-1-1-3:T-UTLMX-W,TC,02-03,13-45-12,NEND,RCV,100,100,15-MIN:\"T-UTLMX-W\":0100000000-0000-0000,:YEAR=2011,MODE=NONE"
;

   "Asd001A_OME3T" 11-02-03 13:45:12
A  0000062517 REPT EVT WAN
   "WAN-1-1-3:T-UTLMX-W,TC,02-03,13-45-12,NEND,TRMT,100,100,15-MIN:\"T-UTLMX-W\":0100000000-0000-0000,:YEAR=2011,MODE=NONE"
;

   "Asd001A_OME3T" 11-02-03 13:45:12
A  0000062518 REPT EVT ETH
   "ETH-1-1-1:T-UAS-E,TC,02-03,13-45-12,NEND,RCV,10,10,15-MIN:\"T-UAS-E\":0100000000-0000-0000,:YEAR=2011,MODE=NONE"
;

   "Asd001A_OME3T" 11-02-03 13:45:12
A  0000062519 REPT EVT ETH
   "ETH-1-1-2:T-UAS-E,TC,02-03,13-45-12,NEND,RCV,10,10,15-MIN:\"T-UAS-E\":0100000000-0000-0000,:YEAR=2011,MODE=NONE"
;

   "Asd001A_OME3T" 11-02-03 13:45:21
A  0000062520 REPT EVT ETH
   "ETH-1-12-1:T-UAS-E,TC,02-03,13-45-21,NEND,RCV,10,10,15-MIN:\"T-UAS-E\":0100000000-0000-0000,:YEAR=2011,MODE=NONE"
;

   "Asd001A_OME3T" 11-02-03 13:45:21
A  0000062521 REPT EVT ETH
   "ETH-1-12-2:T-UAS-E,TC,02-03,13-45-21,NEND,RCV,10,10,15-MIN:\"T-UAS-E\":0100000000-0000-0000,:YEAR=2011,MODE=NONE"
;<<RTRV-HDR keep alive sent>>
IP 148
<

   "Asd001A_OME3T" 11-02-03 13:45:36
M  148 COMPLD
;<<RTRV-HDR keep alive sent>>
IP 149
<

   "Asd001A_OME3T" 11-02-03 13:47:37
M  149 COMPLD
;<<RTRV-HDR keep alive sent>>
IP 150
<

   "Asd001A_OME3T" 11-02-03 13:49:37
M  150 COMPLD
;<<RTRV-HDR keep alive sent>>
IP 151
<

   "Asd001A_OME3T" 11-02-03 13:51:36
M  151 COMPLD
;<<RTRV-HDR keep alive sent>>
IP 152
<

   "Asd001A_OME3T" 11-02-03 13:53:37
M  152 COMPLD
;<<RTRV-HDR keep alive sent>>
IP 153
<

   "Asd001A_OME3T" 11-02-03 13:55:37
M  153 COMPLD
;<<RTRV-HDR keep alive sent>>
IP 154
<

   "Asd001A_OME3T" 11-02-03 13:57:37
M  154 COMPLD
;<<RTRV-HDR keep alive sent>>
IP 155
<

   "Asd001A_OME3T" 11-02-03 13:59:37
M  155 COMPLD
;

   "Asd001A_OME3T" 11-02-03 14:00:12
A  0000062522 REPT EVT WAN
   "WAN-1-1-3:T-UTLMX-W,TC,02-03,14-00-12,NEND,RCV,100,100,15-MIN:\"T-UTLMX-W\":0100000000-0000-0000,:YEAR=2011,MODE=NONE"
;

   "Asd001A_OME3T" 11-02-03 14:00:12
A  0000062523 REPT EVT WAN
   "WAN-1-1-3:T-UTLMX-W,TC,02-03,14-00-12,NEND,TRMT,100,100,15-MIN:\"T-UTLMX-W\":0100000000-0000-0000,:YEAR=2011,MODE=NONE"
;

   "Asd001A_OME3T" 11-02-03 14:00:12
A  0000062524 REPT EVT ETH
   "ETH-1-1-1:T-UAS-E,TC,02-03,14-00-12,NEND,RCV,10,10,15-MIN:\"T-UAS-E\":0100000000-0000-0000,:YEAR=2011,MODE=NONE"
;

   "Asd001A_OME3T" 11-02-03 14:00:12
A  0000062525 REPT EVT ETH
   "ETH-1-1-2:T-UAS-E,TC,02-03,14-00-12,NEND,RCV,10,10,15-MIN:\"T-UAS-E\":0100000000-0000-0000,:YEAR=2011,MODE=NONE"
;

   "Asd001A_OME3T" 11-02-03 14:00:20
A  0000062526 REPT EVT ETH
   "ETH-1-12-1:T-UAS-E,TC,02-03,14-00-20,NEND,RCV,10,10,15-MIN:\"T-UAS-E\":0100000000-0000-0000,:YEAR=2011,MODE=NONE"
;

   "Asd001A_OME3T" 11-02-03 14:00:20
A  0000062527 REPT EVT ETH
   "ETH-1-12-2:T-UAS-E,TC,02-03,14-00-20,NEND,RCV,10,10,15-MIN:\"T-UAS-E\":0100000000-0000-0000,:YEAR=2011,MODE=NONE"
;<<RTRV-HDR keep alive sent>>
IP 156
<

   "Asd001A_OME3T" 11-02-03 14:01:37
M  156 COMPLD
;<<RTRV-HDR keep alive sent>>
IP 157
<

   "Asd001A_OME3T" 11-02-03 14:03:37
M  157 COMPLD
;<<RTRV-HDR keep alive sent>>
IP 158
<

   "Asd001A_OME3T" 11-02-03 14:05:38
M  158 COMPLD
;<<RTRV-HDR keep alive sent>>
IP 159
<

   "Asd001A_OME3T" 11-02-03 14:07:38
M  159 COMPLD
;<<RTRV-HDR keep alive sent>>
IP 160
<

   "Asd001A_OME3T" 11-02-03 14:09:37
M  160 COMPLD
;<<RTRV-HDR keep alive sent>>
IP 161
<

   "Asd001A_OME3T" 11-02-03 14:11:38
M  161 COMPLD
;<<RTRV-HDR keep alive sent>>
IP 162
<

   "Asd001A_OME3T" 11-02-03 14:13:38
M  162 COMPLD
;

   "Asd001A_OME3T" 11-02-03 14:15:12
A  0000062528 REPT EVT WAN
   "WAN-1-1-3:T-UTLMX-W,TC,02-03,14-15-12,NEND,RCV,100,100,15-MIN:\"T-UTLMX-W\":0100000000-0000-0000,:YEAR=2011,MODE=NONE"
;

   "Asd001A_OME3T" 11-02-03 14:15:12
A  0000062529 REPT EVT WAN
   "WAN-1-1-3:T-UTLMX-W,TC,02-03,14-15-12,NEND,TRMT,100,100,15-MIN:\"T-UTLMX-W\":0100000000-0000-0000,:YEAR=2011,MODE=NONE"
;

   "Asd001A_OME3T" 11-02-03 14:15:12
A  0000062530 REPT EVT ETH
   "ETH-1-1-1:T-UAS-E,TC,02-03,14-15-12,NEND,RCV,10,10,15-MIN:\"T-UAS-E\":0100000000-0000-0000,:YEAR=2011,MODE=NONE"
;

   "Asd001A_OME3T" 11-02-03 14:15:12
A  0000062531 REPT EVT ETH
   "ETH-1-1-2:T-UAS-E,TC,02-03,14-15-12,NEND,RCV,10,10,15-MIN:\"T-UAS-E\":0100000000-0000-0000,:YEAR=2011,MODE=NONE"
;

   "Asd001A_OME3T" 11-02-03 14:15:20
A  0000062532 REPT EVT ETH
   "ETH-1-12-1:T-UAS-E,TC,02-03,14-15-20,NEND,RCV,10,10,15-MIN:\"T-UAS-E\":0100000000-0000-0000,:YEAR=2011,MODE=NONE"
;

   "Asd001A_OME3T" 11-02-03 14:15:20
A  0000062533 REPT EVT ETH
   "ETH-1-12-2:T-UAS-E,TC,02-03,14-15-20,NEND,RCV,10,10,15-MIN:\"T-UAS-E\":0100000000-0000-0000,:YEAR=2011,MODE=NONE"
;<<RTRV-HDR keep alive sent>>
IP 163
<

   "Asd001A_OME3T" 11-02-03 14:15:39
M  163 COMPLD
;<<RTRV-HDR keep alive sent>>
IP 164
<

   "Asd001A_OME3T" 11-02-03 14:17:38
M  164 COMPLD
;<<RTRV-HDR keep alive sent>>
IP 165
<

   "Asd001A_OME3T" 11-02-03 14:19:38
M  165 COMPLD
;<<RTRV-HDR keep alive sent>>
IP 166
<

   "Asd001A_OME3T" 11-02-03 14:21:39
M  166 COMPLD
;<<RTRV-HDR keep alive sent>>
IP 167
<

   "Asd001A_OME3T" 11-02-03 14:23:39
M  167 COMPLD
;<<RTRV-HDR keep alive sent>>
IP 168
<

   "Asd001A_OME3T" 11-02-03 14:25:39
M  168 COMPLD
;<<RTRV-HDR keep alive sent>>
IP 169
<

   "Asd001A_OME3T" 11-02-03 14:27:39
M  169 COMPLD
;<<RTRV-HDR keep alive sent>>
IP 170
<

   "Asd001A_OME3T" 11-02-03 14:29:39
M  170 COMPLD
;

   "Asd001A_OME3T" 11-02-03 14:30:12
A  0000062534 REPT EVT WAN
   "WAN-1-1-3:T-UTLMX-W,TC,02-03,14-30-12,NEND,RCV,100,100,15-MIN:\"T-UTLMX-W\":0100000000-0000-0000,:YEAR=2011,MODE=NONE"
;

   "Asd001A_OME3T" 11-02-03 14:30:12
A  0000062535 REPT EVT WAN
   "WAN-1-1-3:T-UTLMX-W,TC,02-03,14-30-12,NEND,TRMT,100,100,15-MIN:\"T-UTLMX-W\":0100000000-0000-0000,:YEAR=2011,MODE=NONE"
;

   "Asd001A_OME3T" 11-02-03 14:30:12
A  0000062536 REPT EVT ETH
   "ETH-1-1-1:T-UAS-E,TC,02-03,14-30-12,NEND,RCV,10,10,15-MIN:\"T-UAS-E\":0100000000-0000-0000,:YEAR=2011,MODE=NONE"
;

   "Asd001A_OME3T" 11-02-03 14:30:12
A  0000062537 REPT EVT ETH
   "ETH-1-1-2:T-UAS-E,TC,02-03,14-30-12,NEND,RCV,10,10,15-MIN:\"T-UAS-E\":0100000000-0000-0000,:YEAR=2011,MODE=NONE"
;

   "Asd001A_OME3T" 11-02-03 14:30:20
A  0000062538 REPT EVT ETH
   "ETH-1-12-1:T-UAS-E,TC,02-03,14-30-20,NEND,RCV,10,10,15-MIN:\"T-UAS-E\":0100000000-0000-0000,:YEAR=2011,MODE=NONE"
;

   "Asd001A_OME3T" 11-02-03 14:30:20
A  0000062539 REPT EVT ETH
   "ETH-1-12-2:T-UAS-E,TC,02-03,14-30-20,NEND,RCV,10,10,15-MIN:\"T-UAS-E\":0100000000-0000-0000,:YEAR=2011,MODE=NONE"
;<<RTRV-HDR keep alive sent>>
IP 171
<

   "Asd001A_OME3T" 11-02-03 14:31:39
M  171 COMPLD
;<<RTRV-HDR keep alive sent>>
IP 172
<

   "Asd001A_OME3T" 11-02-03 14:33:40
M  172 COMPLD
;<<RTRV-HDR keep alive sent>>
IP 173
<

   "Asd001A_OME3T" 11-02-03 14:35:39
M  173 COMPLD
;<<RTRV-HDR keep alive sent>>
IP 174
<

   "Asd001A_OME3T" 11-02-03 14:37:39
M  174 COMPLD
;<<RTRV-HDR keep alive sent>>
IP 175
<

   "Asd001A_OME3T" 11-02-03 14:39:40
M  175 COMPLD
;<<RTRV-HDR keep alive sent>>
IP 176
<

   "Asd001A_OME3T" 11-02-03 14:41:40
M  176 COMPLD
;<<RTRV-HDR keep alive sent>>
IP 177
<

   "Asd001A_OME3T" 11-02-03 14:43:40
M  177 COMPLD
;

   "Asd001A_OME3T" 11-02-03 14:45:12
A  0000062540 REPT EVT WAN
   "WAN-1-1-3:T-UTLMX-W,TC,02-03,14-45-12,NEND,RCV,100,100,15-MIN:\"T-UTLMX-W\":0100000000-0000-0000,:YEAR=2011,MODE=NONE"
;

   "Asd001A_OME3T" 11-02-03 14:45:13
A  0000062541 REPT EVT WAN
   "WAN-1-1-3:T-UTLMX-W,TC,02-03,14-45-13,NEND,TRMT,100,100,15-MIN:\"T-UTLMX-W\":0100000000-0000-0000,:YEAR=2011,MODE=NONE"
;

   "Asd001A_OME3T" 11-02-03 14:45:13
A  0000062542 REPT EVT ETH
   "ETH-1-1-1:T-UAS-E,TC,02-03,14-45-13,NEND,RCV,10,10,15-MIN:\"T-UAS-E\":0100000000-0000-0000,:YEAR=2011,MODE=NONE"
;

   "Asd001A_OME3T" 11-02-03 14:45:13
A  0000062543 REPT EVT ETH
   "ETH-1-1-2:T-UAS-E,TC,02-03,14-45-13,NEND,RCV,10,10,15-MIN:\"T-UAS-E\":0100000000-0000-0000,:YEAR=2011,MODE=NONE"
;

   "Asd001A_OME3T" 11-02-03 14:45:20
A  0000062544 REPT EVT ETH
   "ETH-1-12-1:T-UAS-E,TC,02-03,14-45-20,NEND,RCV,10,10,15-MIN:\"T-UAS-E\":0100000000-0000-0000,:YEAR=2011,MODE=NONE"
;

   "Asd001A_OME3T" 11-02-03 14:45:20
A  0000062545 REPT EVT ETH
   "ETH-1-12-2:T-UAS-E,TC,02-03,14-45-20,NEND,RCV,10,10,15-MIN:\"T-UAS-E\":0100000000-0000-0000,:YEAR=2011,MODE=NONE"
;<<RTRV-HDR keep alive sent>>
IP 178
<

   "Asd001A_OME3T" 11-02-03 14:45:40
M  178 COMPLD
;<<RTRV-HDR keep alive sent>>
IP 179
<

   "Asd001A_OME3T" 11-02-03 14:47:40
M  179 COMPLD
;<<RTRV-HDR keep alive sent>>
IP 180
<

   "Asd001A_OME3T" 11-02-03 14:49:40
M  180 COMPLD
;<<RTRV-HDR keep alive sent>>
IP 181
<

   "Asd001A_OME3T" 11-02-03 14:51:41
M  181 COMPLD
;<<RTRV-HDR keep alive sent>>
IP 182
<

   "Asd001A_OME3T" 11-02-03 14:53:40
M  182 COMPLD
;<<RTRV-HDR keep alive sent>>
IP 183
<

   "Asd001A_OME3T" 11-02-03 14:55:40
M  183 COMPLD
;<<RTRV-HDR keep alive sent>>
IP 184
<

   "Asd001A_OME3T" 11-02-03 14:57:41
M  184 COMPLD
;<<RTRV-HDR keep alive sent>>
IP 185
<

   "Asd001A_OME3T" 11-02-03 14:59:41
M  185 COMPLD
;

   "Asd001A_OME3T" 11-02-03 15:00:13
A  0000062546 REPT EVT WAN
   "WAN-1-1-3:T-UTLMX-W,TC,02-03,15-00-13,NEND,RCV,100,100,15-MIN:\"T-UTLMX-W\":0100000000-0000-0000,:YEAR=2011,MODE=NONE"
;

   "Asd001A_OME3T" 11-02-03 15:00:13
A  0000062547 REPT EVT WAN
   "WAN-1-1-3:T-UTLMX-W,TC,02-03,15-00-13,NEND,TRMT,100,100,15-MIN:\"T-UTLMX-W\":0100000000-0000-0000,:YEAR=2011,MODE=NONE"
;

   "Asd001A_OME3T" 11-02-03 15:00:13
A  0000062548 REPT EVT ETH
   "ETH-1-1-1:T-UAS-E,TC,02-03,15-00-13,NEND,RCV,10,10,15-MIN:\"T-UAS-E\":0100000000-0000-0000,:YEAR=2011,MODE=NONE"
;

   "Asd001A_OME3T" 11-02-03 15:00:13
A  0000062549 REPT EVT ETH
   "ETH-1-1-2:T-UAS-E,TC,02-03,15-00-13,NEND,RCV,10,10,15-MIN:\"T-UAS-E\":0100000000-0000-0000,:YEAR=2011,MODE=NONE"
;

   "Asd001A_OME3T" 11-02-03 15:00:20
A  0000062550 REPT EVT ETH
   "ETH-1-12-1:T-UAS-E,TC,02-03,15-00-20,NEND,RCV,10,10,15-MIN:\"T-UAS-E\":0100000000-0000-0000,:YEAR=2011,MODE=NONE"
;

   "Asd001A_OME3T" 11-02-03 15:00:21
A  0000062551 REPT EVT ETH
   "ETH-1-12-2:T-UAS-E,TC,02-03,15-00-21,NEND,RCV,10,10,15-MIN:\"T-UAS-E\":0100000000-0000-0000,:YEAR=2011,MODE=NONE"
;<<RTRV-HDR keep alive sent>>
IP 186
<

   "Asd001A_OME3T" 11-02-03 15:01:42
M  186 COMPLD
;<<RTRV-HDR keep alive sent>>
IP 187
<

   "Asd001A_OME3T" 11-02-03 15:03:41
M  187 COMPLD
