***** (re)Starting logger at Sat Dec 29 10:44:11 EST 2012*****


**** TL1 session opened at Sat Dec 29 10:44:11 EST 2012 ****


<<RTRV-HDR keep alive sent>>
ÿûÿûÿý

WARNING! This computer system and network is PRIVATE and PROPRIETARY of
[SURFnet] and may only be accesses by authorized users. Unauthorized use of
this computer system or network is strictly prohibited and may be subject
to criminal prosecution, employee discipline up to and including discharge,
or the termination of the vendor/service contracts. The owner, or its
agents, may monitor any activity or communication on the computer system or
NETWORK.

--- Copyright (c) 2000 - 2011 Ciena (R) Corporation. All Rights Reserved ---
|  NOTICE: This is a private computer system.                              |
|  Unauthorized access or use may lead to prosecution.                     |
|                                                                          |
|  Ciena 6500 OPTICAL                                                      |
----------------------------------------------------------------------------

/*
 * Starting Interactive TL1 Command Mode.
 * Type ? for help while constructing TL1 commands.
 * Type .? for specific parameter/keyword help.
 */


IP 2
<

   "Gn001A_OME01" 12-12-29 15:44:13
M  2 DENY
   PLNA
   /*Privilege, Login Not Active*/
;<<ACT-USER sent, password hidden>>
IP 3
<

   "Gn001A_OME01" 12-12-29 15:44:13
M  3 COMPLD
;RTRV-NETYPE:"Gn001A_OME01"::4;
IP 4
<

   "Gn001A_OME01" 12-12-29 15:44:13
M  4 COMPLD
   "CIENA,\"6500 OPTICAL\",OCP,\"REL0810Z.HD\""
;RTRV-SW-VER:"Gn001A_OME01"::5;
IP 5
<

   "Gn001A_OME01" 12-12-29 15:44:14
M  5 COMPLD
   "SHELF-1:REL0810Z.HD"
;RTRV-RTG-INFO:"Gn001A_OME01"::6:::NAME="Gn001A_OME01";
IP 6
<

   "Gn001A_OME01" 12-12-29 15:44:22
M  6 COMPLD
   "SHELF-1::,\"Gn001A_OME01\",0020D8DF3363|145.145.74.48,00001600,YES"
;RTRV-SYS:"Gn001A_OME01"::7;
IP 7
<

   "Gn001A_OME01" 12-12-29 15:44:22
M  7 COMPLD
   "SHELF-1::ACTUALCOOLING=HIGHFLOW,ACTUALPOWER=868,AINSTIMEOUT=00-05,ALMCORR=OFF,ALMHO=2.5,BAYFICINAO=FALSE,BITSMODE=SDH,CSFMCASTMAC=0180C2880001,EQPTCURRENT=40,ETHEERTH=20,ETHGFPRFI=ENABLED,ETHGFPRFIUPI=128,ETHSDTH=1,FCEERTH=20,FCSDTH=1,FIBERLOSSDETECTION=DISABLED,FILLERMGMT=ENABLED,GCC0MODE=IISIS,GCC1MODE=DISABLED,LASEROFFFARENDFAIL=DISABLED,LINEPEVSTAT=MAN&AUTO,MAJORDEGRADETHRESH=6.00,MINCOOLING=LOWFLOW,MINORDEGRADETHRESH=3.00,MONITORFAN=ENABLED,NEMODE=SDH,OSCMODE=OSPF,PATHEBERTH=3,PATHPEVSTAT=MAN&AUTO,PATHSDTH=6,PATHSWCRIT=UNEQ&SD&EBER&AIS&LOP,PROVCURRENT=40,PTHAISINSERT=AIS&LOP,SHELFSYNCH=NO,STATE=NORMAL,WANFREERTH=20,WANFRSDTH=1,WANTREERTH=20,WANTRSDTH=1"
;ALW-MSG-BROADCAST:"Gn001A_OME01":ALL:8;
IP 8
<

   "Gn001A_OME01" 12-12-29 15:44:22
M  8 COMPLD
;RTRV-EQPT:"Gn001A_OME01":ALL:9;
IP 9
<

   "Gn001A_OME01" 12-12-29 15:44:23
M  9 COMPLD
   "10G-1-1::PROVPEC=NTK526JA,CTYPE=\"OC-192/STM-64 STS-1/HO 1 Port G.709 DWDM C-Band AM1/AM2\",SNMPINDEX=671220736,PEC=NTK526JA,REL= 01 ,CLEI=WMOTCM0JAA,SER=NNTMH8Z004OG1,MDAT=2008-19,AGE=00-191-11-19,ONSC=00-191-11-10:IS,IDLE"
   "2G5-1-2::PROVPEC=NTK516BA,CTYPE=\"OC-48/STM-16 STS-1/HO 2 Port SFP\",SNMPINDEX=671221760,PEC=NTK516BA,REL= 01 ,CLEI=WMOTAG6JAA,SER=NNTM01J1D491X,MDAT=2004-52,AGE=01-309-02-54,ONSC=01-309-02-54:IS,ACT"
   "PCWDMS-1-2-1::PROVPEC=NTK590NH,CTYPE=\"Trcvr,2.5Gb/s,28dB,CWDM,1511nm,3.3V,0/70C,SFP,20pins,LC,EMSA\",SNMPINDEX=671221761,PEC=NTK590NH,REL=02,CLEI=WMOTBJ7JAA,SER=EXLGJPD620110019:IS,ACT"
   "PCWDMS-1-2-2::PROVPEC=NTK590QH,CTYPE=\"Trcvr,2.5Gb/s,28dB,CWDM,1551nm,3.3V,0/70C,SFP,20pins,LC,EMSA\",SNMPINDEX=671221762,PEC=NTK590QH,REL=03,CLEI=WMOTBJ9JAA,SER=EXLGJP8Z20530003:IS,ACT"
   "SMUX-1-3::PROVPEC=NTK535FA,CTYPE=\"SuperMux 24 Port I/O 1xXFP/10xSFP\",SNMPINDEX=671222784,PEC=NTK535FA,REL= 01 ,CLEI=WOOMAJSTAA,SER=NNTMH1C10536F,MDAT=2011-02,AGE=00-158-15-33,ONSC=00-158-12-10,TMGID=SHELF-1,EQPTPROFILE=GFP-F,EQPTPROFILE2=STS3C,CARRIER1=NONE,CARRIER2=NONE:IS,ACT"
   "PGEFC-1-3-2::PROVPEC=NTTP01CF,CTYPE=\"GE LX [10k]/FC100 SM 1310nm LC SFP\",SNMPINDEX=671222786,PEC=NTTP01CF,REL=01,CLEI=WMOTAH1JAA,SER=EXLGJPM4E4260862:IS,ACT"
   "PGEFC-1-3-3::PROVPEC=NTTP01CF,CTYPE=\"GE LX [10k]/FC100 SM 1310nm LC SFP\",SNMPINDEX=671222787,PEC=NTTP01CF,REL=01,CLEI=WMOTAH1JAA,SER=EXLGJPM5T5030172:IS,ACT"
   "PGEFC-1-3-4::PROVPEC=NTTP01CF,CTYPE=\"GE LX [10k]/FC100 SM 1310nm LC SFP\",SNMPINDEX=671222788,PEC=NTTP01CF,REL=01,CLEI=WMOTAH1JAA,SER=EXLGJPM8E8290636:IS,ACT"
   "PGEFC-1-3-5::PROVPEC=NTTP01CF,CTYPE=\"GE LX [10k]/FC100 SM 1310nm LC SFP\",SNMPINDEX=671222789,PEC=NTTP01CF,REL=01,CLEI=WMOTAH1JAA,SER=EXLGJPD851592525:IS,ACT"
   "PGEFC200-1-3-6::PROVPEC=NTTP06CF,CTYPE=\"GE LX [10k]/FC100/FC200 SM 1310nm LC SFP\",SNMPINDEX=671222790,PEC=NTTP06CF,REL=05,CLEI=WMOTCWUJAA,SER=WHTDCN1150000348:IS,ACT"
>

   "Gn001A_OME01" 12-12-29 15:44:23
M  9 COMPLD
   "PGEFC200-1-3-7::PROVPEC=NTTP06CF,CTYPE=\"GE LX [10k]/FC100/FC200 SM 1310nm LC SFP\",SNMPINDEX=671222791,PEC=NTTP06CF,REL=05,CLEI=WMOTCWUJAA,SER=WHTDCN1220000058:IS,ACT"
   "GE-1-4::PROVPEC=NTK535LA,CTYPE=\"GE EPL 4 Port SFP\",SNMPINDEX=671223808,PEC=NTK535LA,REL=06  ,CLEI=WMOTAJ4JAD,SER=NNTMH830020HY,MDAT=2006-49,AGE=05-262-08-12,ONSC=05-262-08-12:IS,ACT"
   "PGEFC-1-4-1::PROVPEC=NTTP01CF,CTYPE=\"GE LX [10k]/FC100 SM 1310nm LC SFP\",SNMPINDEX=671223809,PEC=NTTP01CF,REL=01,CLEI=WMOTAH1JAA,SER=EXLGJPD751590656:IS,ACT"
   "PGEFC200-1-4-2::PROVPEC=NTTP06CF,CTYPE=\"GE LX [10k]/FC100/FC200 SM 1310nm LC SFP\",SNMPINDEX=671223810,PEC=NTTP06CF,REL=05,CLEI=WMOTCWUJAA,SER=WHTDCN1223000910:IS,ACT"
   "PGEFC-1-4-3::PROVPEC=NTTP01CF,CTYPE=\"GE LX [10k]/FC100 SM 1310nm LC SFP\",SNMPINDEX=671223811,PEC=NTTP01CF,REL=01,CLEI=WMOTAH1JAA,SER=EXLGJPM6E6850066:IS,ACT"
   "PGEFC-1-4-4::PROVPEC=NTTP01CF,CTYPE=\"GE LX [10k]/FC100 SM 1310nm LC SFP\",SNMPINDEX=671223812,PEC=NTTP01CF,REL=01,CLEI=WMOTAH1JAA,SER=EXLGJPM6E6850085:IS,ACT"
   "SMUX-1-5::PROVPEC=NTK535FA,CTYPE=\"SuperMux 24 Port I/O 1xXFP/10xSFP\",SNMPINDEX=671224832,PEC=NTK535FA,REL= 01 ,CLEI=WOOMAJSTAA,SER=NNTMDG00057E,MDAT=2011-03,AGE=00-304-02-25,ONSC=00-191-12-17,TMGID=SHELF-1,EQPTPROFILE=GFP-F,EQPTPROFILE2=STS3C,CARRIER1=NONE,CARRIER2=NONE:IS,ACT"
   "PCWDMS-1-5-2::PROVPEC=NTK590QH,CTYPE=\"Trcvr,2.5Gb/s,28dB,CWDM,1551nm,3.3V,0/70C,SFP,20pins,LC,EMSA\",SNMPINDEX=671224834,PEC=NTK590QH,REL=02,CLEI=WMOTBJ9JAA,SER=EXLGJPD320130004:IS,ACT"
   "PGEFC-1-5-3::PROVPEC=NTTP01CF,CTYPE=\"GE LX [10k]/FC100 SM 1310nm LC SFP\",SNMPINDEX=671224835,PEC=NTTP01CF,REL=01,CLEI=WMOTAH1JAA,SER=EXLGJPM6T5030315:IS,ACT"
   "PGEFC-1-5-4::PROVPEC=NTTP01AF,CTYPE=\"GE SX/FC100 Mx 850nm LC SFP\",SNMPINDEX=671224836,PEC=NTTP01AF,REL=03,CLEI=WMOTCWXJAA,SER=BE0908420072    :IS,ACT"
>

   "Gn001A_OME01" 12-12-29 15:44:23
M  9 COMPLD
   "PGEFC200-1-5-5::PROVPEC=NTTP06CF,CTYPE=\"GE LX [10k]/FC100/FC200 SM 1310nm LC SFP\",SNMPINDEX=671224837,PEC=NTTP06CF,REL=05,CLEI=WMOTCWUJAA,SER=BP0936890067    :IS,ACT"
   "PGEFC-1-5-6::PROVPEC=NTK591PH,CTYPE=\"Trcvr,1.25Gb/s,32dB,CWDM,1530nm\",SNMPINDEX=671224838,PEC=NTK591PH,REL= ,CLEI=WMOTB4MJAA,SER=EXLGJP8726040004:IS,ACT"
   "PGEFC-1-5-7::PROVPEC=NTTP01CF,CTYPE=\"GE LX [10k]/FC100 SM 1310nm LC SFP\",SNMPINDEX=671224839,PEC=NTTP01CF,REL=01,CLEI=WMOTAH1JAA,SER=EXLGJPM6E6850059:IS,ACT"
   "PGEFC200-1-5-8::PROVPEC=NTTP06CF,CTYPE=\"GE LX [10k]/FC100/FC200 SM 1310nm LC SFP\",SNMPINDEX=671224840,PEC=NTTP06CF,REL=05,CLEI=WMOTCWUJAA,SER=BP0936890154    :IS,ACT"
   "PGEFC-1-5-9::PROVPEC=NTTP01CF,CTYPE=\"GE LX [10k]/FC100 SM 1310nm LC SFP\",SNMPINDEX=671224841,PEC=NTTP01CF,REL=01,CLEI=WMOTAH1JAA,SER=EXLGJPD851592526:IS,ACT"
   "PGEFC-1-5-10::PROVPEC=NTTP01CF,CTYPE=\"GE LX [10k]/FC100 SM 1310nm LC SFP\",SNMPINDEX=671224842,PEC=NTTP01CF,REL=01,CLEI=WMOTAH1JAA,SER=EXLGJPM4E4260945:IS,ACT"
   "PGEFC-1-5-11::PROVPEC=NTTP01AF,CTYPE=\"GE SX/FC100 Mx 850nm LC SFP\",SNMPINDEX=671224843,PEC=NTTP01AF,REL=02,CLEI=WOTRBCZKAA,SER=AVAGCNS1000WS   :IS,ACT"
   "10G-1-6::PROVPEC=NTK526LA,CTYPE=\"OC-192/STM-64 STS-1/HO 1 Port G.709 DWDM 1538.19nm\",SNMPINDEX=671225856,PEC=NTK526LA,REL= 05 ,CLEI=WMOTBD0JAA,SER=NNTM0151D46Y1,MDAT=2004-50,AGE=01-309-02-48,ONSC=01-309-02-48:IS,ACT"
   "XC-1-7::PROVPEC=NTK557BA,CTYPE=\"X-Conn 160G+ STS-1/VC-3 Sync-ST3\",SNMPINDEX=671226880,PEC=NTK557BA,REL= 05 ,CLEI=WMIXCE0BAC,SER=NNTMGPSZ00CIL,MDAT=2004-48,AGE=02-252-02-14,ONSC=02-252-02-14:IS,STBYH"
   "XC-1-8::PROVPEC=NTK557BA,CTYPE=\"X-Conn 160G+ STS-1/VC-3 Sync-ST3\",SNMPINDEX=671227904,PEC=NTK557BA,REL= 05 ,CLEI=WMIXCE0BAC,SER=NNTM0171D3HDI,MDAT=2004-49,AGE=02-252-02-21,ONSC=02-252-02-21:IS,WRKTRAF&WRKSYNC"
>

   "Gn001A_OME01" 12-12-29 15:44:23
M  9 COMPLD
   "10G-1-9::PROVPEC=NTK526LA,CTYPE=\"OC-192/STM-64 STS-1/HO 1 Port G.709 DWDM 1538.19nm\",SNMPINDEX=671228928,PEC=NTK526LA,REL= 05 ,CLEI=WMOTBD0JAA,SER=NNTMH8800024S,MDAT=2005-14,AGE=01-309-02-44,ONSC=01-309-02-44:IS,ACT"
   "10G-1-10::PROVPEC=NTK526JA,CTYPE=\"OC-192/STM-64 STS-1/HO 1 Port G.709 DWDM C-Band AM1/AM2\",SNMPINDEX=671229952,PEC=NTK526JA,REL= 02 ,CLEI=WMOTCM0JAB,SER=NNTMH1G101TR4,MDAT=2008-47,AGE=01-308-16-04,ONSC=00-251-17-07:IS,ACT"
   "2G5-1-11::PROVPEC=NTK516BA,CTYPE=\"OC-48/STM-16 STS-1/HO 2 Port SFP\",SNMPINDEX=671230976,PEC=NTK516BA,REL= 01 ,CLEI=WMOTAG6JAA,SER=NNTM01Z1D49JV,MDAT=2005-01,AGE=01-309-02-57,ONSC=01-309-02-57:IS,ACT"
   "PCWDMS-1-11-1::PROVPEC=NTK590NH,CTYPE=\"Trcvr,2.5Gb/s,28dB,CWDM,1511nm,3.3V,0/70C,SFP,20pins,LC,EMSA\",SNMPINDEX=671230977,PEC=NTK590NH,REL=03,CLEI=WMOTBJ7JAA,SER=EXLGJP9720510106:IS,ACT"
   "PCWDMS-1-11-2::PROVPEC=NTK590RH,CTYPE=\"Trcvr,2.5Gb/s,28dB,CWDM,1571nm,3.3V,0/70C,SFP,20pins,LC,EMSA\",SNMPINDEX=671230978,PEC=NTK590RH,REL=02,CLEI=WMOTBKAJAA,SER=EXLGJPD920140022:IS,ACT"
   "GE-1-12::PROVPEC=NTK535LA,CTYPE=\"GE EPL 4 Port SFP\",SNMPINDEX=671232000,PEC=NTK535LA,REL=06  ,CLEI=WMOTAJ4JAD,SER=NNTMH87002AOT,MDAT=2007-10,AGE=05-230-06-50,ONSC=05-230-06-50:IS,ACT"
   "PGEFC200-1-12-1::PROVPEC=NTTP06CF,CTYPE=\"GE LX [10k]/FC100/FC200 SM 1310nm LC SFP\",SNMPINDEX=671232001,PEC=NTTP06CF,REL=01,CLEI=WM1TTTLDAA,SER=FNSRMYPEK18E2   :IS,IDLE"
   "PGEFC-1-12-2::PROVPEC=NTTP01CF,CTYPE=\"GE LX [10k]/FC100 SM 1310nm LC SFP\",SNMPINDEX=671232002,PEC=NTTP01CF,REL=01,CLEI=WMOTAH1JAA,SER=EXLGJP9354010728:IS,ACT"
   "PGEFC-1-12-3::PROVPEC=NTTP01AF,CTYPE=\"GE SX/FC100 Mx 850nm LC SFP\",SNMPINDEX=671232003,PEC=NTTP01AF,REL=01,CLEI=SOC3NNFCAA,SER=AVAGMY50000JXT  :IS,ACT"
   "PGEFC-1-12-4::PROVPEC=NTTP01CF,CTYPE=\"GE LX [10k]/FC100 SM 1310nm LC SFP\",SNMPINDEX=671232004,PEC=NTTP01CF,REL=01,CLEI=WMOTAH1JAA,SER=EXLGJP8X51590081:IS,ACT"
>

   "Gn001A_OME01" 12-12-29 15:44:24
M  9 COMPLD
   "XGE-1-13::PROVPEC=NTK533AA,CTYPE=\"10GE LAN/WAN 10G EPL 1 Port XFP\",SNMPINDEX=671233024,PEC=NTK533AA,REL= 02 ,CLEI=WOTRAM7KAA,SER=NNTMH1V105320,MDAT=2011-06,AGE=01-063-11-05,ONSC=00-186-11-29:IS,ACT"
   "P10GSOEL-1-13-1::PROVPEC=NTTP84BA,CTYPE=\"OC192 SR1/I64.1 10G LR/LW OTU2/10GFC 1200SMLLL 100m 1310 nm XFP\",SNMPINDEX=671233025,PEC=NTTP84BA,REL=01,CLEI=WOTRANAKAA,SER=OPNXTHT09B52405 :IS,ACT"
   "10GELWT-1-14::PROVPEC=NTK530BB,CTYPE=\"NGM WT 1x10GE LAN 1x11.1G DWDM Reg\",SNMPINDEX=671234048,PEC=NTK530BB,REL=37  ,CLEI=WMOPBEXLAK,SER=NNTMRRD01854D,MDAT=2011-28,AGE=01-109-01-58,ONSC=01-109-01-58:IS,ACT"
   "P10GSEL-1-14-2::PROVPEC=NTTP80BA,CTYPE=\"OC192 SR-1:I-64.1/10GBASE-LR/LW,1310 nm, XFP, 0/70C, LC, MSA\",SNMPINDEX=671234050,PEC=NTTP80BA,REL= 04,CLEI=WMOTBNAJAA,SER=EXLGJPP8E8240002:IS,ACT"
   "SP-1-15::PROVPEC=NTK555AA,CTYPE=\"Processor SP\",SNMPINDEX=671235072,PEC=NTK555AA,REL= 09A,CLEI=WMUCAJFAAB,SER=NNTMH1U100UVE,MDAT=2011-05,AGE=00-187-05-27,ONSC=00-187-05-27,TCUR=23,TAVG=22:IS,"
;RTRV-OC3:"Gn001A_OME01":OC3-1-ALL:10;
IP 10
<

   "Gn001A_OME01" 12-12-29 15:44:24
M  10 COMPLD
;RTRV-OC12:"Gn001A_OME01":OC12-1-ALL:11;
IP 11
<

   "Gn001A_OME01" 12-12-29 15:44:24
M  11 COMPLD
;RTRV-OC48:"Gn001A_OME01":OC48-1-ALL:12;
IP 12
<

   "Gn001A_OME01" 12-12-29 15:44:25
M  12 COMPLD
   "OC48-1-2-1::TMGREF=N,DCC=Y,,SDTH=6,,,,,ALS=ENABLED,DUSOVERRIDE=DISABLED,EBERTH=3,PORTMODE=SDH,UNEQMODE=VC4,,,,CLFI=\"\":IS,"
   "OC48-1-2-2::TMGREF=N,DCC=Y,,SDTH=6,,,,,ALS=DISABLED,DUSOVERRIDE=DISABLED,EBERTH=3,PORTMODE=SDH,UNEQMODE=VC4,,,,CLFI=\"\":IS,"
   "OC48-1-5-2::TMGREF=N,DCC=Y,,SDTH=6,,,,,ALS=DISABLED,DUSOVERRIDE=DISABLED,EBERTH=3,PORTMODE=SDH,UNEQMODE=VC4,,,,CLFI=\"\":IS,"
   "OC48-1-11-1::TMGREF=N,DCC=Y,,SDTH=6,,,,,ALS=DISABLED,DUSOVERRIDE=DISABLED,EBERTH=3,PORTMODE=SDH,UNEQMODE=VC4,,,,CLFI=\"\":IS,"
   "OC48-1-11-2::TMGREF=N,DCC=Y,,SDTH=6,,,,,ALS=DISABLED,DUSOVERRIDE=DISABLED,EBERTH=3,PORTMODE=SDH,UNEQMODE=VC4,,,,CLFI=\"\":IS,"
;RTRV-OC192:"Gn001A_OME01":OC192-1-ALL:13;
IP 13
<

   "Gn001A_OME01" 12-12-29 15:44:25
M  13 COMPLD
   "OC192-1-1-1::TMGREF=N,DCC=Y,,SDTH=6,,,,,ALS=DISABLED,DUSOVERRIDE=DISABLED,EBERTH=3,PORTMODE=SDH,UNEQMODE=VC4,,,,CLFI=\"\":IS,DISCD"
   "OC192-1-6-1::TMGREF=Y,DCC=Y,,SDTH=6,,,,,ALS=DISABLED,DUSOVERRIDE=DISABLED,EBERTH=3,PORTMODE=SDH,UNEQMODE=VC4,,,,CLFI=\"\":IS,"
   "OC192-1-9-1::TMGREF=Y,DCC=Y,,SDTH=6,,,,,ALS=DISABLED,DUSOVERRIDE=DISABLED,EBERTH=3,PORTMODE=SDH,UNEQMODE=VC4,,,,CLFI=\"\":IS,"
   "OC192-1-10-1::TMGREF=N,DCC=Y,,SDTH=6,,,,,ALS=DISABLED,DUSOVERRIDE=DISABLED,EBERTH=3,PORTMODE=SDH,UNEQMODE=VC4,,,,CLFI=\"\":IS,"
;RTRV-ETH:"Gn001A_OME01":ETH-1-ALL:14;
IP 14
<

   "Gn001A_OME01" 12-12-29 15:44:28
M  14 COMPLD
   "ETH-1-3-2::AN=ENABLE,ANSTATUS=COMPLETED,ANETHDPX=FULL,ANSPEED=1000,ANPAUSETX=DISABLE,ANPAUSERX=DISABLE,ADVETHDPX=FULL,ADVSPEED=1000,ADVFLOWCTRL=NONE,ETHDPX=FULL,SPEED=1000,FLOWCTRL=NONE,PAUSETX=DISABLE,PAUSERX=DISABLE,PAUSERXOVERRIDE=ENABLE,MTU=9600,TXCON=ENABLE,PASSCTRL=DISABLE,RXIDLE=0,PAUSETXOVERRIDE=DISABLE,CFPRF=CFPRF-1-4,PHYSADDR=A4218AED7D1A,CLFI=\"\":IS"
   "ETH-1-3-3::AN=ENABLE,ANSTATUS=COMPLETED,ANETHDPX=FULL,ANSPEED=1000,ANPAUSETX=DISABLE,ANPAUSERX=DISABLE,ADVETHDPX=FULL,ADVSPEED=1000,ADVFLOWCTRL=SYM,ETHDPX=FULL,SPEED=1000,FLOWCTRL=NONE,PAUSETX=DISABLE,PAUSERX=DISABLE,PAUSERXOVERRIDE=ENABLE,MTU=9600,TXCON=ENABLE,PASSCTRL=DISABLE,RXIDLE=0,PAUSETXOVERRIDE=DISABLE,CFPRF=CFPRF-1-4,PHYSADDR=A4218AED7D1B,CLFI=\"\":IS"
   "ETH-1-3-4::AN=ENABLE,ANSTATUS=COMPLETED,ANETHDPX=FULL,ANSPEED=1000,ANPAUSETX=DISABLE,ANPAUSERX=DISABLE,ADVETHDPX=FULL,ADVSPEED=1000,ADVFLOWCTRL=NONE,ETHDPX=FULL,SPEED=1000,FLOWCTRL=NONE,PAUSETX=DISABLE,PAUSERX=DISABLE,PAUSERXOVERRIDE=ENABLE,MTU=9600,TXCON=ENABLE,PASSCTRL=DISABLE,RXIDLE=0,PAUSETXOVERRIDE=DISABLE,CFPRF=CFPRF-1-4,PHYSADDR=A4218AED7D1C,CLFI=\"\":IS"
   "ETH-1-3-5::AN=ENABLE,ANSTATUS=COMPLETED,ANETHDPX=FULL,ANSPEED=1000,ANPAUSETX=DISABLE,ANPAUSERX=DISABLE,ADVETHDPX=FULL,ADVSPEED=1000,ADVFLOWCTRL=SYM,ETHDPX=FULL,SPEED=1000,FLOWCTRL=NONE,PAUSETX=DISABLE,PAUSERX=DISABLE,PAUSERXOVERRIDE=ENABLE,MTU=9600,TXCON=ENABLE,PASSCTRL=DISABLE,RXIDLE=0,PAUSETXOVERRIDE=DISABLE,CFPRF=CFPRF-1-4,PHYSADDR=A4218AED7D1D,CLFI=\"\":IS"
>

   "Gn001A_OME01" 12-12-29 15:44:28
M  14 COMPLD
   "ETH-1-3-6::AN=ENABLE,ANSTATUS=COMPLETED,ANETHDPX=FULL,ANSPEED=1000,ANPAUSETX=DISABLE,ANPAUSERX=DISABLE,ADVETHDPX=FULL,ADVSPEED=1000,ADVFLOWCTRL=NONE,ETHDPX=FULL,SPEED=1000,FLOWCTRL=NONE,PAUSETX=DISABLE,PAUSERX=DISABLE,PAUSERXOVERRIDE=ENABLE,MTU=9600,TXCON=ENABLE,PASSCTRL=DISABLE,RXIDLE=0,PAUSETXOVERRIDE=DISABLE,CFPRF=CFPRF-1-4,PHYSADDR=A4218AED7D1E,CLFI=\"ODF01_P6\":IS"
   "ETH-1-3-7::AN=ENABLE,ANSTATUS=COMPLETED,ANETHDPX=FULL,ANSPEED=1000,ANPAUSETX=DISABLE,ANPAUSERX=DISABLE,ADVETHDPX=FULL,ADVSPEED=1000,ADVFLOWCTRL=SYM,ETHDPX=FULL,SPEED=1000,FLOWCTRL=NONE,PAUSETX=DISABLE,PAUSERX=DISABLE,PAUSERXOVERRIDE=ENABLE,MTU=9600,TXCON=ENABLE,PASSCTRL=DISABLE,RXIDLE=0,PAUSETXOVERRIDE=DISABLE,CFPRF=CFPRF-1-4,PHYSADDR=A4218AED7D1F,CLFI=\"O2-S6-P3\":IS"
   "ETH-1-4-1::AN=ENABLE,ANSTATUS=COMPLETED,ANETHDPX=FULL,ANSPEED=1000,ANPAUSETX=DISABLE,ANPAUSERX=DISABLE,ADVETHDPX=FULL,ADVSPEED=1000,ADVFLOWCTRL=NONE,ETHDPX=FULL,SPEED=1000,FLOWCTRL=NONE,PAUSETX=DISABLE,PAUSERX=DISABLE,PAUSERXOVERRIDE=ENABLE,MTU=9600,TXCON=ENABLE,PASSCTRL=DISABLE,PAUSETXOVERRIDE=DISABLE,RXIDLE=0,CFPRF=CFPRF-1-4,PHYSADDR=0016CA403DAA,CLFI=\"Deltion\":IS"
   "ETH-1-4-2::AN=ENABLE,ANSTATUS=COMPLETED,ANETHDPX=FULL,ANSPEED=1000,ANPAUSETX=DISABLE,ANPAUSERX=DISABLE,ADVETHDPX=FULL,ADVSPEED=1000,ADVFLOWCTRL=NONE,ETHDPX=FULL,SPEED=1000,FLOWCTRL=NONE,PAUSETX=DISABLE,PAUSERX=DISABLE,PAUSERXOVERRIDE=ENABLE,MTU=9600,TXCON=ENABLE,PASSCTRL=DISABLE,PAUSETXOVERRIDE=DISABLE,RXIDLE=0,CFPRF=CFPRF-1-4,PHYSADDR=0016CA403DAB,CLFI=\"ODF03_P6\":IS"
>

   "Gn001A_OME01" 12-12-29 15:44:28
M  14 COMPLD
   "ETH-1-4-3::AN=ENABLE,ANSTATUS=COMPLETED,ANETHDPX=FULL,ANSPEED=1000,ANPAUSETX=DISABLE,ANPAUSERX=DISABLE,ADVETHDPX=FULL,ADVSPEED=1000,ADVFLOWCTRL=NONE,ETHDPX=FULL,SPEED=1000,FLOWCTRL=NONE,PAUSETX=DISABLE,PAUSERX=DISABLE,PAUSERXOVERRIDE=ENABLE,MTU=9600,TXCON=ENABLE,PASSCTRL=DISABLE,PAUSETXOVERRIDE=DISABLE,RXIDLE=0,CFPRF=CFPRF-1-4,PHYSADDR=0016CA403DAC,CLFI=\"\":IS"
   "ETH-1-4-4::AN=ENABLE,ANSTATUS=COMPLETED,ANETHDPX=FULL,ANSPEED=1000,ANPAUSETX=DISABLE,ANPAUSERX=DISABLE,ADVETHDPX=FULL,ADVSPEED=1000,ADVFLOWCTRL=NONE,ETHDPX=FULL,SPEED=1000,FLOWCTRL=NONE,PAUSETX=DISABLE,PAUSERX=DISABLE,PAUSERXOVERRIDE=ENABLE,MTU=9600,TXCON=ENABLE,PASSCTRL=DISABLE,PAUSETXOVERRIDE=DISABLE,RXIDLE=0,CFPRF=CFPRF-1-4,PHYSADDR=0016CA403DAD,CLFI=\"\":IS"
   "ETH-1-5-3::AN=DISABLE,ANSTATUS=DISABLED,ANETHDPX=UNKNOWN,ANSPEED=UNKNOWN,ANPAUSETX=UNKNOWN,ANPAUSERX=UNKNOWN,ADVETHDPX=UNKNOWN,ADVSPEED=UNKNOWN,ADVFLOWCTRL=UNKNOWN,ETHDPX=FULL,SPEED=1000,FLOWCTRL=NONE,PAUSETX=DISABLE,PAUSERX=DISABLE,PAUSERXOVERRIDE=ENABLE,MTU=9600,TXCON=ENABLE,PASSCTRL=DISABLE,RXIDLE=0,PAUSETXOVERRIDE=DISABLE,CFPRF=CFPRF-1-4,PHYSADDR=A4218AED6EE7,CLFI=\"\":IS"
   "ETH-1-5-4::AN=DISABLE,ANSTATUS=DISABLED,ANETHDPX=UNKNOWN,ANSPEED=UNKNOWN,ANPAUSETX=UNKNOWN,ANPAUSERX=UNKNOWN,ADVETHDPX=UNKNOWN,ADVSPEED=UNKNOWN,ADVFLOWCTRL=UNKNOWN,ETHDPX=FULL,SPEED=1000,FLOWCTRL=NONE,PAUSETX=DISABLE,PAUSERX=DISABLE,PAUSERXOVERRIDE=ENABLE,MTU=9600,TXCON=ENABLE,PASSCTRL=DISABLE,RXIDLE=0,PAUSETXOVERRIDE=DISABLE,CFPRF=CFPRF-1-4,PHYSADDR=A4218AED6EE8,CLFI=\"\":IS"
>

   "Gn001A_OME01" 12-12-29 15:44:28
M  14 COMPLD
   "ETH-1-5-5::AN=ENABLE,ANSTATUS=COMPLETED,ANETHDPX=FULL,ANSPEED=1000,ANPAUSETX=DISABLE,ANPAUSERX=DISABLE,ADVETHDPX=FULL,ADVSPEED=1000,ADVFLOWCTRL=NONE,ETHDPX=FULL,SPEED=1000,FLOWCTRL=NONE,PAUSETX=DISABLE,PAUSERX=DISABLE,PAUSERXOVERRIDE=ENABLE,MTU=9600,TXCON=ENABLE,PASSCTRL=DISABLE,RXIDLE=0,PAUSETXOVERRIDE=DISABLE,CFPRF=CFPRF-1-4,PHYSADDR=A4218AED6EE9,CLFI=\"\":IS"
   "ETH-1-5-6::AN=ENABLE,ANSTATUS=COMPLETED,ANETHDPX=FULL,ANSPEED=1000,ANPAUSETX=DISABLE,ANPAUSERX=DISABLE,ADVETHDPX=FULL,ADVSPEED=1000,ADVFLOWCTRL=NONE,ETHDPX=FULL,SPEED=1000,FLOWCTRL=NONE,PAUSETX=DISABLE,PAUSERX=DISABLE,PAUSERXOVERRIDE=ENABLE,MTU=9600,TXCON=ENABLE,PASSCTRL=DISABLE,RXIDLE=0,PAUSETXOVERRIDE=DISABLE,CFPRF=CFPRF-1-4,PHYSADDR=A4218AED6EEA,CLFI=\"\":IS"
   "ETH-1-5-7::AN=ENABLE,ANSTATUS=COMPLETED,ANETHDPX=FULL,ANSPEED=1000,ANPAUSETX=DISABLE,ANPAUSERX=DISABLE,ADVETHDPX=FULL,ADVSPEED=1000,ADVFLOWCTRL=NONE,ETHDPX=FULL,SPEED=1000,FLOWCTRL=NONE,PAUSETX=DISABLE,PAUSERX=DISABLE,PAUSERXOVERRIDE=ENABLE,MTU=9600,TXCON=ENABLE,PASSCTRL=DISABLE,RXIDLE=0,PAUSETXOVERRIDE=DISABLE,CFPRF=CFPRF-1-4,PHYSADDR=A4218AED6EEB,CLFI=\"\":IS"
   "ETH-1-5-8::AN=ENABLE,ANSTATUS=COMPLETED,ANETHDPX=FULL,ANSPEED=1000,ANPAUSETX=DISABLE,ANPAUSERX=DISABLE,ADVETHDPX=FULL,ADVSPEED=1000,ADVFLOWCTRL=SYM,ETHDPX=FULL,SPEED=1000,FLOWCTRL=NONE,PAUSETX=DISABLE,PAUSERX=DISABLE,PAUSERXOVERRIDE=ENABLE,MTU=9600,TXCON=ENABLE,PASSCTRL=DISABLE,RXIDLE=0,PAUSETXOVERRIDE=DISABLE,CFPRF=CFPRF-1-4,PHYSADDR=A4218AED6EEC,CLFI=\"\":IS"
>

   "Gn001A_OME01" 12-12-29 15:44:28
M  14 COMPLD
   "ETH-1-5-9::AN=ENABLE,ANSTATUS=COMPLETED,ANETHDPX=FULL,ANSPEED=1000,ANPAUSETX=DISABLE,ANPAUSERX=DISABLE,ADVETHDPX=FULL,ADVSPEED=1000,ADVFLOWCTRL=SYM,ETHDPX=FULL,SPEED=1000,FLOWCTRL=NONE,PAUSETX=DISABLE,PAUSERX=DISABLE,PAUSERXOVERRIDE=ENABLE,MTU=9600,TXCON=ENABLE,PASSCTRL=DISABLE,RXIDLE=0,PAUSETXOVERRIDE=DISABLE,CFPRF=CFPRF-1-4,PHYSADDR=A4218AED6EED,CLFI=\"\":IS"
   "ETH-1-5-10::AN=ENABLE,ANSTATUS=COMPLETED,ANETHDPX=FULL,ANSPEED=1000,ANPAUSETX=DISABLE,ANPAUSERX=DISABLE,ADVETHDPX=FULL,ADVSPEED=1000,ADVFLOWCTRL=NONE,ETHDPX=FULL,SPEED=1000,FLOWCTRL=NONE,PAUSETX=DISABLE,PAUSERX=DISABLE,PAUSERXOVERRIDE=ENABLE,MTU=9600,TXCON=ENABLE,PASSCTRL=DISABLE,RXIDLE=0,PAUSETXOVERRIDE=DISABLE,CFPRF=CFPRF-1-4,PHYSADDR=A4218AED6EEE,CLFI=\"\":IS"
   "ETH-1-5-11::AN=ENABLE,ANSTATUS=COMPLETED,ANETHDPX=FULL,ANSPEED=1000,ANPAUSETX=DISABLE,ANPAUSERX=DISABLE,ADVETHDPX=FULL,ADVSPEED=1000,ADVFLOWCTRL=NONE,ETHDPX=FULL,SPEED=1000,FLOWCTRL=NONE,PAUSETX=DISABLE,PAUSERX=DISABLE,PAUSERXOVERRIDE=ENABLE,MTU=9600,TXCON=ENABLE,PASSCTRL=DISABLE,RXIDLE=0,PAUSETXOVERRIDE=DISABLE,CFPRF=CFPRF-1-4,PHYSADDR=A4218AED6EEF,CLFI=\"\":IS"
   "ETH-1-12-1::AN=ENABLE,ANSTATUS=INPROGRESS,ANETHDPX=UNKNOWN,ANSPEED=UNKNOWN,ANPAUSETX=UNKNOWN,ANPAUSERX=UNKNOWN,ADVETHDPX=UNKNOWN,ADVSPEED=UNKNOWN,ADVFLOWCTRL=UNKNOWN,ETHDPX=FULL,SPEED=1000,FLOWCTRL=NONE,PAUSETX=DISABLE,PAUSERX=DISABLE,PAUSERXOVERRIDE=ENABLE,MTU=9600,TXCON=ENABLE,PASSCTRL=DISABLE,PAUSETXOVERRIDE=DISABLE,RXIDLE=0,CFPRF=CFPRF-1-4,PHYSADDR=0016CA4055F5,CLFI=\"\":OOS-MA,DISCD"
>

   "Gn001A_OME01" 12-12-29 15:44:28
M  14 COMPLD
   "ETH-1-12-2::AN=ENABLE,ANSTATUS=COMPLETED,ANETHDPX=FULL,ANSPEED=1000,ANPAUSETX=DISABLE,ANPAUSERX=DISABLE,ADVETHDPX=FULL,ADVSPEED=1000,ADVFLOWCTRL=NONE,ETHDPX=FULL,SPEED=1000,FLOWCTRL=NONE,PAUSETX=DISABLE,PAUSERX=DISABLE,PAUSERXOVERRIDE=ENABLE,MTU=9600,TXCON=ENABLE,PASSCTRL=DISABLE,PAUSETXOVERRIDE=DISABLE,RXIDLE=0,CFPRF=CFPRF-1-4,PHYSADDR=0016CA4055F6,CLFI=\"\":IS"
   "ETH-1-12-3::AN=ENABLE,ANSTATUS=COMPLETED,ANETHDPX=FULL,ANSPEED=1000,ANPAUSETX=DISABLE,ANPAUSERX=DISABLE,ADVETHDPX=FULL,ADVSPEED=1000,ADVFLOWCTRL=NONE,ETHDPX=FULL,SPEED=1000,FLOWCTRL=NONE,PAUSETX=DISABLE,PAUSERX=DISABLE,PAUSERXOVERRIDE=ENABLE,MTU=9600,TXCON=ENABLE,PASSCTRL=DISABLE,PAUSETXOVERRIDE=DISABLE,RXIDLE=0,CFPRF=CFPRF-1-4,PHYSADDR=0016CA4055F7,CLFI=\"\":IS"
   "ETH-1-12-4::AN=ENABLE,ANSTATUS=COMPLETED,ANETHDPX=FULL,ANSPEED=1000,ANPAUSETX=DISABLE,ANPAUSERX=DISABLE,ADVETHDPX=FULL,ADVSPEED=1000,ADVFLOWCTRL=NONE,ETHDPX=FULL,SPEED=1000,FLOWCTRL=NONE,PAUSETX=DISABLE,PAUSERX=DISABLE,PAUSERXOVERRIDE=ENABLE,MTU=9600,TXCON=ENABLE,PASSCTRL=DISABLE,PAUSETXOVERRIDE=DISABLE,RXIDLE=0,CFPRF=CFPRF-1-4,PHYSADDR=0016CA4055F8,CLFI=\"\":IS"
;RTRV-ETH10G:"Gn001A_OME01":ETH10G-1-ALL:15;
IP 15
<

   "Gn001A_OME01" 12-12-29 15:44:30
M  15 COMPLD
   "ETH10G-1-13-1::MTU=9018,FLOWCTRL=ASYM,CLFI=\"DLP\",AN=DISABLE,ANSTATUS=DISABLED,ETHDPX=FULL,SPEED=10G,TXCON=ENABLE,PAUSETX=ENABLE,PAUSERX=DISABLE,PAUSERXOVERRIDE=ENABLE,PAUSETXOVERRIDE=DISABLE,ANETHDPX=UNKNOWN,ANSPEED=UNKNOWN,ANPAUSETX=UNKNOWN,ANPAUSERX=UNKNOWN,ADVETHDPX=UNKNOWN,ADVSPEED=UNKNOWN,ADVFLOWCTRL=UNKNOWN,PASSCTRL=DISABLE,PHYSADDR=0003189D7CEB,EQPT=XGELAN,RXIDLE=0:IS"
   "ETH10G-1-14-2::LASEROFFFARENDFAIL=DISABLED,OCHTXACTPWR=\"-3.8\",OCHTXMINPWR=\"-7.0\",OCHTXMAXPWR=\"0.0\",OCHRXACTPWR=\"-4.4\",OCHRXMINPWR=\"-12.5\",OCHRXMAXPWR=\"0.4\",FLOWCTRL=NONE,CLFI=\"\",,:IS"
;RTRV-ETH100:"Gn001A_OME01":ETH100-1-ALL:16;
IP 16
<

   "Gn001A_OME01" 12-12-29 15:44:31
M  16 COMPLD
;RTRV-WAN:"Gn001A_OME01":WAN-1-ALL:17;
IP 17
<

   "Gn001A_OME01" 12-12-29 15:44:34
M  17 COMPLD
   "WAN-1-3-2::MAPPING=GFP-F,FCS=32,CONDTYPE=GFPCMF,GFPRFI=ENABLE,PROVRXUNITS=1,GFPRTDELAY=DISABLE,RATE=STS3C,LCAS=DISABLE,VCAT=ENABLE,PROVUNITS=1,ACTUALUNITS=1,LANFCS=ENABLE,RTDELAY=UNKNOWN,MAXVCDEL=UNKNOWN,CURRVCDEL=UNKNOWN,SCRAMBLE=ENABLE,ACTUALRXUNITS=1,MAGICNUM=DISABLE,LCM=DISABLE,NCP=NONE:IS"
   "WAN-1-3-3::MAPPING=GFP-F,FCS=32,CONDTYPE=GFPCMF,GFPRFI=ENABLE,PROVRXUNITS=1,GFPRTDELAY=DISABLE,RATE=STS3C,LCAS=DISABLE,VCAT=ENABLE,PROVUNITS=1,ACTUALUNITS=1,LANFCS=ENABLE,RTDELAY=UNKNOWN,MAXVCDEL=UNKNOWN,CURRVCDEL=UNKNOWN,SCRAMBLE=ENABLE,ACTUALRXUNITS=1,MAGICNUM=DISABLE,LCM=DISABLE,NCP=NONE:IS"
   "WAN-1-3-4::MAPPING=GFP-F,FCS=32,CONDTYPE=GFPCMF,GFPRFI=ENABLE,PROVRXUNITS=1,GFPRTDELAY=DISABLE,RATE=STS3C,LCAS=DISABLE,VCAT=ENABLE,PROVUNITS=1,ACTUALUNITS=1,LANFCS=ENABLE,RTDELAY=UNKNOWN,MAXVCDEL=UNKNOWN,CURRVCDEL=UNKNOWN,SCRAMBLE=ENABLE,ACTUALRXUNITS=1,MAGICNUM=DISABLE,LCM=DISABLE,NCP=NONE:IS"
   "WAN-1-3-5::MAPPING=GFP-F,FCS=32,CONDTYPE=GFPCMF,GFPRFI=ENABLE,PROVRXUNITS=2,GFPRTDELAY=DISABLE,RATE=STS3C,LCAS=DISABLE,VCAT=ENABLE,PROVUNITS=2,ACTUALUNITS=2,LANFCS=ENABLE,RTDELAY=UNKNOWN,MAXVCDEL=108000,CURRVCDEL=0,SCRAMBLE=ENABLE,ACTUALRXUNITS=2,MAGICNUM=DISABLE,LCM=DISABLE,NCP=NONE:IS"
   "WAN-1-3-6::MAPPING=GFP-F,FCS=32,CONDTYPE=GFPCMF,GFPRFI=ENABLE,PROVRXUNITS=7,GFPRTDELAY=DISABLE,RATE=STS3C,LCAS=DISABLE,VCAT=ENABLE,PROVUNITS=7,ACTUALUNITS=7,LANFCS=ENABLE,RTDELAY=UNKNOWN,MAXVCDEL=108000,CURRVCDEL=6,SCRAMBLE=ENABLE,ACTUALRXUNITS=7,MAGICNUM=DISABLE,LCM=DISABLE,NCP=NONE:IS"
>

   "Gn001A_OME01" 12-12-29 15:44:34
M  17 COMPLD
   "WAN-1-3-7::MAPPING=GFP-F,FCS=32,CONDTYPE=GFPCMF,GFPRFI=ENABLE,PROVRXUNITS=1,GFPRTDELAY=DISABLE,RATE=STS3C,LCAS=DISABLE,VCAT=ENABLE,PROVUNITS=1,ACTUALUNITS=1,LANFCS=ENABLE,RTDELAY=UNKNOWN,MAXVCDEL=UNKNOWN,CURRVCDEL=UNKNOWN,SCRAMBLE=ENABLE,ACTUALRXUNITS=1,MAGICNUM=DISABLE,LCM=DISABLE,NCP=NONE:IS"
   "WAN-1-4-1::MAPPING=GFP-F,RATE=STS3C,VCAT=ENABLE,LCAS=DISABLE,PROVUNITS=7,ACTUALUNITS=7,MAGICNUM=DISABLE,LCM=DISABLE,NCP=NONE,MODE=SDH,FCS=32,SCRAMBLE=ENABLE,LANFCS=ENABLE,RTDELAY=1464,CONDTYPE=GFPCMF,GFPRFI=ENABLE,AVLBLRATE=STS3C,PROVRXUNITS=7,GFPRTDELAY=ENABLE,MAXVCDEL=14000,CURRVCDEL=125,ACTUALRXUNITS=7:IS"
   "WAN-1-4-2::MAPPING=GFP-F,RATE=STS3C,VCAT=ENABLE,LCAS=DISABLE,PROVUNITS=7,ACTUALUNITS=7,MAGICNUM=DISABLE,LCM=DISABLE,NCP=NONE,MODE=SDH,FCS=32,SCRAMBLE=ENABLE,LANFCS=ENABLE,RTDELAY=3292,CONDTYPE=GFPCMF,GFPRFI=ENABLE,AVLBLRATE=STS3C,PROVRXUNITS=7,GFPRTDELAY=ENABLE,MAXVCDEL=14000,CURRVCDEL=0,ACTUALRXUNITS=7:IS"
   "WAN-1-4-3::MAPPING=GFP-F,RATE=STS3C,VCAT=ENABLE,LCAS=DISABLE,PROVUNITS=7,ACTUALUNITS=7,MAGICNUM=DISABLE,LCM=DISABLE,NCP=NONE,MODE=SDH,FCS=32,SCRAMBLE=ENABLE,LANFCS=ENABLE,RTDELAY=2286,CONDTYPE=GFPCMF,GFPRFI=ENABLE,AVLBLRATE=STS3C,PROVRXUNITS=7,GFPRTDELAY=ENABLE,MAXVCDEL=14000,CURRVCDEL=0,ACTUALRXUNITS=7:IS"
   "WAN-1-4-4::MAPPING=GFP-F,RATE=STS3C,VCAT=ENABLE,LCAS=DISABLE,PROVUNITS=7,ACTUALUNITS=7,MAGICNUM=DISABLE,LCM=DISABLE,NCP=NONE,MODE=SDH,FCS=32,SCRAMBLE=ENABLE,LANFCS=ENABLE,RTDELAY=609,CONDTYPE=GFPCMF,GFPRFI=ENABLE,AVLBLRATE=STS3C,PROVRXUNITS=7,GFPRTDELAY=ENABLE,MAXVCDEL=14000,CURRVCDEL=0,ACTUALRXUNITS=7:IS"
>

   "Gn001A_OME01" 12-12-29 15:44:35
M  17 COMPLD
   "WAN-1-5-3::MAPPING=GFP-F,FCS=32,CONDTYPE=GFPCMF,GFPRFI=ENABLE,PROVRXUNITS=7,GFPRTDELAY=DISABLE,RATE=STS3C,LCAS=DISABLE,VCAT=ENABLE,PROVUNITS=7,ACTUALUNITS=7,LANFCS=ENABLE,RTDELAY=UNKNOWN,MAXVCDEL=108000,CURRVCDEL=3,SCRAMBLE=ENABLE,ACTUALRXUNITS=7,MAGICNUM=DISABLE,LCM=DISABLE,NCP=NONE:IS"
   "WAN-1-5-4::MAPPING=GFP-F,FCS=32,CONDTYPE=GFPCMF,GFPRFI=ENABLE,PROVRXUNITS=1,GFPRTDELAY=DISABLE,RATE=STS3C,LCAS=DISABLE,VCAT=ENABLE,PROVUNITS=1,ACTUALUNITS=1,LANFCS=ENABLE,RTDELAY=UNKNOWN,MAXVCDEL=UNKNOWN,CURRVCDEL=UNKNOWN,SCRAMBLE=ENABLE,ACTUALRXUNITS=1,MAGICNUM=DISABLE,LCM=DISABLE,NCP=NONE:IS"
   "WAN-1-5-5::MAPPING=GFP-F,FCS=32,CONDTYPE=GFPCMF,GFPRFI=ENABLE,PROVRXUNITS=1,GFPRTDELAY=DISABLE,RATE=STS3C,LCAS=DISABLE,VCAT=ENABLE,PROVUNITS=1,ACTUALUNITS=1,LANFCS=ENABLE,RTDELAY=UNKNOWN,MAXVCDEL=UNKNOWN,CURRVCDEL=UNKNOWN,SCRAMBLE=ENABLE,ACTUALRXUNITS=1,MAGICNUM=DISABLE,LCM=DISABLE,NCP=NONE:IS"
   "WAN-1-5-6::MAPPING=GFP-F,FCS=32,CONDTYPE=GFPCMF,GFPRFI=ENABLE,PROVRXUNITS=7,GFPRTDELAY=DISABLE,RATE=STS3C,LCAS=DISABLE,VCAT=ENABLE,PROVUNITS=7,ACTUALUNITS=7,LANFCS=ENABLE,RTDELAY=UNKNOWN,MAXVCDEL=108000,CURRVCDEL=6,SCRAMBLE=ENABLE,ACTUALRXUNITS=7,MAGICNUM=DISABLE,LCM=DISABLE,NCP=NONE:IS"
   "WAN-1-5-7::MAPPING=GFP-F,FCS=32,CONDTYPE=GFPCMF,GFPRFI=ENABLE,PROVRXUNITS=1,GFPRTDELAY=DISABLE,RATE=STS3C,LCAS=DISABLE,VCAT=ENABLE,PROVUNITS=1,ACTUALUNITS=1,LANFCS=ENABLE,RTDELAY=UNKNOWN,MAXVCDEL=UNKNOWN,CURRVCDEL=UNKNOWN,SCRAMBLE=ENABLE,ACTUALRXUNITS=1,MAGICNUM=DISABLE,LCM=DISABLE,NCP=NONE:IS"
>

   "Gn001A_OME01" 12-12-29 15:44:35
M  17 COMPLD
   "WAN-1-5-8::MAPPING=GFP-F,FCS=32,CONDTYPE=GFPCMF,GFPRFI=ENABLE,PROVRXUNITS=7,GFPRTDELAY=DISABLE,RATE=STS3C,LCAS=DISABLE,VCAT=ENABLE,PROVUNITS=7,ACTUALUNITS=7,LANFCS=ENABLE,RTDELAY=UNKNOWN,MAXVCDEL=108000,CURRVCDEL=6,SCRAMBLE=ENABLE,ACTUALRXUNITS=7,MAGICNUM=DISABLE,LCM=DISABLE,NCP=NONE:IS"
   "WAN-1-5-9::MAPPING=GFP-F,FCS=32,CONDTYPE=GFPCMF,GFPRFI=ENABLE,PROVRXUNITS=2,GFPRTDELAY=DISABLE,RATE=STS3C,LCAS=DISABLE,VCAT=ENABLE,PROVUNITS=2,ACTUALUNITS=2,LANFCS=ENABLE,RTDELAY=UNKNOWN,MAXVCDEL=108000,CURRVCDEL=0,SCRAMBLE=ENABLE,ACTUALRXUNITS=2,MAGICNUM=DISABLE,LCM=DISABLE,NCP=NONE:IS"
   "WAN-1-5-10::MAPPING=GFP-F,FCS=32,CONDTYPE=GFPCMF,GFPRFI=ENABLE,PROVRXUNITS=7,GFPRTDELAY=DISABLE,RATE=STS3C,LCAS=DISABLE,VCAT=ENABLE,PROVUNITS=7,ACTUALUNITS=7,LANFCS=ENABLE,RTDELAY=UNKNOWN,MAXVCDEL=108000,CURRVCDEL=3,SCRAMBLE=ENABLE,ACTUALRXUNITS=7,MAGICNUM=DISABLE,LCM=DISABLE,NCP=NONE:IS"
   "WAN-1-5-11::MAPPING=GFP-F,FCS=32,CONDTYPE=GFPCMF,GFPRFI=ENABLE,PROVRXUNITS=7,GFPRTDELAY=DISABLE,RATE=STS3C,LCAS=DISABLE,VCAT=ENABLE,PROVUNITS=7,ACTUALUNITS=7,LANFCS=ENABLE,RTDELAY=UNKNOWN,MAXVCDEL=108000,CURRVCDEL=3,SCRAMBLE=ENABLE,ACTUALRXUNITS=7,MAGICNUM=DISABLE,LCM=DISABLE,NCP=NONE:IS"
   "WAN-1-12-1::MAPPING=GFP-F,RATE=NONE,VCAT=ENABLE,LCAS=DISABLE,PROVUNITS=0,ACTUALUNITS=0,MAGICNUM=DISABLE,LCM=DISABLE,NCP=NONE,MODE=SDH,FCS=32,SCRAMBLE=ENABLE,LANFCS=ENABLE,RTDELAY=UNKNOWN,CONDTYPE=GFPCMF,GFPRFI=ENABLE,AVLBLRATE=STS3C,PROVRXUNITS=0,GFPRTDELAY=ENABLE,MAXVCDEL=14000,CURRVCDEL=0,ACTUALRXUNITS=0:OOS-MA,DISCD"
>

   "Gn001A_OME01" 12-12-29 15:44:35
M  17 COMPLD
   "WAN-1-12-2::MAPPING=GFP-F,RATE=STS3C,VCAT=ENABLE,LCAS=DISABLE,PROVUNITS=7,ACTUALUNITS=7,MAGICNUM=DISABLE,LCM=DISABLE,NCP=NONE,MODE=SDH,FCS=32,SCRAMBLE=ENABLE,LANFCS=ENABLE,RTDELAY=601,CONDTYPE=GFPCMF,GFPRFI=ENABLE,AVLBLRATE=STS3C,PROVRXUNITS=7,GFPRTDELAY=ENABLE,MAXVCDEL=14000,CURRVCDEL=0,ACTUALRXUNITS=7:IS"
   "WAN-1-12-3::MAPPING=GFP-F,RATE=STS3C,VCAT=ENABLE,LCAS=DISABLE,PROVUNITS=7,ACTUALUNITS=7,MAGICNUM=DISABLE,LCM=DISABLE,NCP=NONE,MODE=SDH,FCS=32,SCRAMBLE=ENABLE,LANFCS=ENABLE,RTDELAY=4994,CONDTYPE=GFPCMF,GFPRFI=ENABLE,AVLBLRATE=STS3C,PROVRXUNITS=7,GFPRTDELAY=ENABLE,MAXVCDEL=14000,CURRVCDEL=0,ACTUALRXUNITS=7:IS"
   "WAN-1-12-4::MAPPING=GFP-F,RATE=STS3C,VCAT=ENABLE,LCAS=DISABLE,PROVUNITS=7,ACTUALUNITS=7,MAGICNUM=DISABLE,LCM=DISABLE,NCP=NONE,MODE=SDH,FCS=32,SCRAMBLE=ENABLE,LANFCS=ENABLE,RTDELAY=2269,CONDTYPE=GFPCMF,GFPRFI=ENABLE,AVLBLRATE=STS3C,PROVRXUNITS=7,GFPRTDELAY=ENABLE,MAXVCDEL=14000,CURRVCDEL=0,ACTUALRXUNITS=7:IS"
   "WAN-1-13-1::MAPPING=GFP-F,FCS=32,CONDTYPE=GFPCMF,GFPRFI=ENABLE,PROVRXUNITS=1,GFPRTDELAY=ENABLE,RATE=STS3C,LCAS=DISABLE,VCAT=ENABLE,PROVUNITS=1,ACTUALUNITS=1,LANFCS=ENABLE,RTDELAY=UNKNOWN,MAXVCDEL=0,CURRVCDEL=0,SCRAMBLE=ENABLE,ACTUALRXUNITS=1,AVLBLRATE=STS3C:IS"
;RTRV-VCS:"Gn001A_OME01":VCS-1-ALL:18;
IP 18
<

   "Gn001A_OME01" 12-12-29 15:44:36
M  18 COMPLD
;RTRV-VCE:"Gn001A_OME01":VCE-1-ALL:19;
IP 19
<

   "Gn001A_OME01" 12-12-29 15:44:36
M  19 COMPLD
;RTRV-VCEMAP:"Gn001A_OME01":VCEMAP-1-ALL:20;
IP 20
<

   "Gn001A_OME01" 12-12-29 15:44:36
M  20 COMPLD
;RTRV-CRS-ALL:"Gn001A_OME01"::21:::CKTID=ALL;
IP 21
<

   "Gn001A_OME01" 12-12-29 15:44:37
M  21 COMPLD
   "STS3C-1-4-4-1,STS3C-1-2-1-1:2WAY:PRIMARYXC=SHELF,PRIME=OSS,CKTID=\"2177LE3_Asn01-Gn01_INCAS3(NR_Asn03-Gn01)\":STS3C:"
   "STS3C-1-4-4-4,STS3C-1-2-1-4:2WAY:PRIMARYXC=SHELF,PRIME=OSS,CKTID=\"2177LE3_Asn01-Gn01_INCAS3(NR_Asn03-Gn01)\":STS3C:"
   "STS3C-1-4-4-7,STS3C-1-2-1-7:2WAY:PRIMARYXC=SHELF,PRIME=OSS,CKTID=\"2177LE3_Asn01-Gn01_INCAS3(NR_Asn03-Gn01)\":STS3C:"
   "STS3C-1-4-4-10,STS3C-1-2-1-10:2WAY:PRIMARYXC=SHELF,PRIME=OSS,CKTID=\"2177LE3_Asn01-Gn01_INCAS3(NR_Asn03-Gn01)\":STS3C:"
   "STS3C-1-4-4-13,STS3C-1-2-1-13:2WAY:PRIMARYXC=SHELF,PRIME=OSS,CKTID=\"2177LE3_Asn01-Gn01_INCAS3(NR_Asn03-Gn01)\":STS3C:"
   "STS3C-1-4-4-16,STS3C-1-2-1-16:2WAY:PRIMARYXC=SHELF,PRIME=OSS,CKTID=\"2177LE3_Asn01-Gn01_INCAS3(NR_Asn03-Gn01)\":STS3C:"
   "STS3C-1-4-4-19,STS3C-1-2-1-19:2WAY:PRIMARYXC=SHELF,PRIME=OSS,CKTID=\"2177LE3_Asn01-Gn01_INCAS3(NR_Asn03-Gn01)\":STS3C:"
   "STS3C-1-12-2-1,STS3C-1-2-1-28:2WAY:PRIMARYXC=SHELF,PRIME=OSS,CKTID=\"0038IE3_Asn01-Gn01_RTVDrenthe(NP_Asn02-Gn01)\":STS3C:"
   "STS3C-1-12-2-4,STS3C-1-2-1-31:2WAY:PRIMARYXC=SHELF,PRIME=OSS,CKTID=\"0038IE3_Asn01-Gn01_RTVDrenthe(NP_Asn02-Gn01)\":STS3C:"
   "STS3C-1-12-2-7,STS3C-1-2-1-34:2WAY:PRIMARYXC=SHELF,PRIME=OSS,CKTID=\"0038IE3_Asn01-Gn01_RTVDrenthe(NP_Asn02-Gn01)\":STS3C:"
   "STS3C-1-12-2-10,STS3C-1-2-1-37:2WAY:PRIMARYXC=SHELF,PRIME=OSS,CKTID=\"0038IE3_Asn01-Gn01_RTVDrenthe(NP_Asn02-Gn01)\":STS3C:"
   "STS3C-1-12-2-13,STS3C-1-2-1-40:2WAY:PRIMARYXC=SHELF,PRIME=OSS,CKTID=\"0038IE3_Asn01-Gn01_RTVDrenthe(NP_Asn02-Gn01)\":STS3C:"
   "STS3C-1-12-2-16,STS3C-1-2-1-43:2WAY:PRIMARYXC=SHELF,PRIME=OSS,CKTID=\"0038IE3_Asn01-Gn01_RTVDrenthe(NP_Asn02-Gn01)\":STS3C:"
   "STS3C-1-12-2-19,STS3C-1-2-1-46:2WAY:PRIMARYXC=SHELF,PRIME=OSS,CKTID=\"0038IE3_Asn01-Gn01_RTVDrenthe(NP_Asn02-Gn01)\":STS3C:"
   "STS3C-1-5-2-1,STS3C-1-2-2-1:2WAY:PRIMARYXC=SHELF,PRIME=OSS,CKTID=\"2023LP_Asn01-Emn01_HSDRENTHE-O05 \":STS3C:"
   "STS3C-1-5-2-4,STS3C-1-2-2-4:2WAY:PRIMARYXC=SHELF,PRIME=OSS,CKTID=\"2023LP_Asn01-Emn01_HSDRENTHE-O05 \":STS3C:"
   "STS3C-1-5-2-7,STS3C-1-2-2-7:2WAY:PRIMARYXC=SHELF,PRIME=OSS,CKTID=\"2023LP_Asn01-Emn01_HSDRENTHE-O05 \":STS3C:"
   "STS3C-1-5-2-10,STS3C-1-2-2-10:2WAY:PRIMARYXC=SHELF,PRIME=OSS,CKTID=\"2023LP_Asn01-Emn01_HSDRENTHE-O05 \":STS3C:"
>

   "Gn001A_OME01" 12-12-29 15:44:37
M  21 COMPLD
   "STS3C-1-5-2-13,STS3C-1-2-2-13:2WAY:PRIMARYXC=SHELF,PRIME=OSS,CKTID=\"2023LP_Asn01-Emn01_HSDRENTHE-O05 \":STS3C:"
   "STS3C-1-5-2-16,STS3C-1-2-2-16:2WAY:PRIMARYXC=SHELF,PRIME=OSS,CKTID=\"2023LP_Asn01-Emn01_HSDRENTHE-O05 \":STS3C:"
   "STS3C-1-5-2-19,STS3C-1-2-2-19:2WAY:PRIMARYXC=SHELF,PRIME=OSS,CKTID=\"2023LP_Asn01-Emn01_HSDRENTHE-O05 \":STS3C:"
   "STS3C-1-4-1-1,STS3C-1-2-2-22:2WAY:PRIMARYXC=SHELF,PRIME=OSS,CKTID=\"0008IE3_Mp01-Gn01_Deltion(NR_Gn01-Zl06)\":STS3C:"
   "STS3C-1-4-1-4,STS3C-1-2-2-25:2WAY:PRIMARYXC=SHELF,PRIME=OSS,CKTID=\"0008IE3_Mp01-Gn01_Deltion(NR_Gn01-Zl06)\":STS3C:"
   "STS3C-1-4-1-7,STS3C-1-2-2-28:2WAY:PRIMARYXC=SHELF,PRIME=OSS,CKTID=\"0008IE3_Mp01-Gn01_Deltion(NR_Gn01-Zl06)\":STS3C:"
   "STS3C-1-4-1-10,STS3C-1-2-2-31:2WAY:PRIMARYXC=SHELF,PRIME=OSS,CKTID=\"0008IE3_Mp01-Gn01_Deltion(NR_Gn01-Zl06)\":STS3C:"
   "STS3C-1-4-1-13,STS3C-1-2-2-34:2WAY:PRIMARYXC=SHELF,PRIME=OSS,CKTID=\"0008IE3_Mp01-Gn01_Deltion(NR_Gn01-Zl06)\":STS3C:"
   "STS3C-1-4-1-16,STS3C-1-2-2-37:2WAY:PRIMARYXC=SHELF,PRIME=OSS,CKTID=\"0008IE3_Mp01-Gn01_Deltion(NR_Gn01-Zl06)\":STS3C:"
   "STS3C-1-4-1-19,STS3C-1-2-2-40:2WAY:PRIMARYXC=SHELF,PRIME=OSS,CKTID=\"0008IE3_Mp01-Gn01_Deltion(NR_Gn01-Zl06)\":STS3C:"
   "STS3C-1-6-1-1,STS3C-1-3-3-1:2WAY:PRIMARYXC=SHELF,PRIME=OSS,CKTID=\"2010LR1_Gn01-Asd01_OU-O15(Gn04-Asd01)\":STS3C:"
   "STS3C-1-11-2-1,STS3C-1-3-4-1:2WAYPR:SWMATE=STS3C-1-6-1-49,PRIMARYXC=SHELF,PRIME=OSS,CKTID=\"2088LP_Gn01-Lw01_UMCG-MCL(Gn01-Lw04)\":STS3C:"
   "STS3C-1-6-1-55,STS3C-1-3-5-1:2WAY:PRIMARYXC=SHELF,PRIME=OSS,CKTID=\"2110LR1_Asd01-Gn01_RIVM-O13(DigiBobOPN BBNN Gn11A)\":STS3C:"
   "STS3C-1-6-1-58,STS3C-1-3-5-4:2WAY:PRIMARYXC=SHELF,PRIME=OSS,CKTID=\"2110LR1_Asd01-Gn01_RIVM-O13(DigiBobOPN BBNN Gn11A)\":STS3C:"
   "STS3C-1-9-1-22,STS3C-1-3-6-1:2WAY:PRIMARYXC=SHELF,PRIME=OSS,CKTID=\"2144LR2_Gn01-Asd03(PTHU-VU@Asd03)\":STS3C:"
   "STS3C-1-9-1-25,STS3C-1-3-6-4:2WAY:PRIMARYXC=SHELF,PRIME=OSS,CKTID=\"2144LR2_Gn01-Asd03(PTHU-VU@Asd03)\":STS3C:"
   "STS3C-1-9-1-49,STS3C-1-3-6-7:2WAY:PRIMARYXC=SHELF,PRIME=OSS,CKTID=\"2144LR2_Gn01-Asd03(PTHU-VU@Asd03)\":STS3C:"
   "STS3C-1-9-1-52,STS3C-1-3-6-10:2WAY:PRIMARYXC=SHELF,PRIME=OSS,CKTID=\"2144LR2_Gn01-Asd03(PTHU-VU@Asd03)\":STS3C:"
>

   "Gn001A_OME01" 12-12-29 15:44:37
M  21 COMPLD
   "STS3C-1-9-1-55,STS3C-1-3-6-13:2WAY:PRIMARYXC=SHELF,PRIME=OSS,CKTID=\"2144LR2_Gn01-Asd03(PTHU-VU@Asd03)\":STS3C:"
   "STS3C-1-9-1-58,STS3C-1-3-6-16:2WAY:PRIMARYXC=SHELF,PRIME=OSS,CKTID=\"2144LR2_Gn01-Asd03(PTHU-VU@Asd03)\":STS3C:"
   "STS3C-1-9-1-61,STS3C-1-3-6-19:2WAY:PRIMARYXC=SHELF,PRIME=OSS,CKTID=\"2144LR2_Gn01-Asd03(PTHU-VU@Asd03)\":STS3C:"
   "STS3C-1-3-2-1,STS3C-1-3-2-1:1WAY:PRIMARYXC=SHELF,PRIME=OSS,CKTID=\"DRAC-loopback\":STS3C:"
   "STS3C-1-9-1-64,STS3C-1-3-7-1:2WAYPR:SWMATE=STS3C-1-6-1-157,PRIMARYXC=SHELF,PRIME=OSS,CKTID=\"2158LP_Gn01-Gv01_DUO(Gn13-Gv29)\":STS3C:"
   "STS3C-1-10-1-4,STS3C-1-4-3-1:2WAY:PRIMARYXC=SHELF,PRIME=OSS,CKTID=\"0038IE4_Hgv01-Gn01_RTVDrenthe(NP_Asn02-Gn01) \":STS3C:"
   "STS3C-1-10-1-7,STS3C-1-4-3-4:2WAY:PRIMARYXC=SHELF,PRIME=OSS,CKTID=\"0038IE4_Hgv01-Gn01_RTVDrenthe(NP_Asn02-Gn01) \":STS3C:"
   "STS3C-1-10-1-10,STS3C-1-4-3-7:2WAY:PRIMARYXC=SHELF,PRIME=OSS,CKTID=\"0038IE4_Hgv01-Gn01_RTVDrenthe(NP_Asn02-Gn01) \":STS3C:"
   "STS3C-1-10-1-13,STS3C-1-4-3-10:2WAY:PRIMARYXC=SHELF,PRIME=OSS,CKTID=\"0038IE4_Hgv01-Gn01_RTVDrenthe(NP_Asn02-Gn01) \":STS3C:"
   "STS3C-1-10-1-16,STS3C-1-4-3-13:2WAY:PRIMARYXC=SHELF,PRIME=OSS,CKTID=\"0038IE4_Hgv01-Gn01_RTVDrenthe(NP_Asn02-Gn01) \":STS3C:"
   "STS3C-1-10-1-19,STS3C-1-4-3-16:2WAY:PRIMARYXC=SHELF,PRIME=OSS,CKTID=\"0038IE4_Hgv01-Gn01_RTVDrenthe(NP_Asn02-Gn01) \":STS3C:"
   "STS3C-1-10-1-112,STS3C-1-4-3-19:2WAY:PRIMARYXC=SHELF,PRIME=OSS,CKTID=\"0038IE4_Hgv01-Gn01_RTVDrenthe(NP_Asn02-Gn01) \":STS3C:"
   "STS3C-1-6-1-136,STS3C-1-4-2-1:2WAY:PRIMARYXC=SHELF,PRIME=OSS,CKTID=\"2144LR1_Gn01-Asd01(PTHU-VU@Asd05)\":STS3C:"
   "STS3C-1-6-1-139,STS3C-1-4-2-4:2WAY:PRIMARYXC=SHELF,PRIME=OSS,CKTID=\"2144LR1_Gn01-Asd01(PTHU-VU@Asd05)\":STS3C:"
   "STS3C-1-6-1-142,STS3C-1-4-2-7:2WAY:PRIMARYXC=SHELF,PRIME=OSS,CKTID=\"2144LR1_Gn01-Asd01(PTHU-VU@Asd05)\":STS3C:"
   "STS3C-1-6-1-145,STS3C-1-4-2-10:2WAY:PRIMARYXC=SHELF,PRIME=OSS,CKTID=\"2144LR1_Gn01-Asd01(PTHU-VU@Asd05)\":STS3C:"
   "STS3C-1-6-1-148,STS3C-1-4-2-13:2WAY:PRIMARYXC=SHELF,PRIME=OSS,CKTID=\"2144LR1_Gn01-Asd01(PTHU-VU@Asd05)\":STS3C:"
   "STS3C-1-6-1-151,STS3C-1-4-2-16:2WAY:PRIMARYXC=SHELF,PRIME=OSS,CKTID=\"2144LR1_Gn01-Asd01(PTHU-VU@Asd05)\":STS3C:"
>

   "Gn001A_OME01" 12-12-29 15:44:37
M  21 COMPLD
   "STS3C-1-6-1-154,STS3C-1-4-2-19:2WAY:PRIMARYXC=SHELF,PRIME=OSS,CKTID=\"2144LR1_Gn01-Asd01(PTHU-VU@Asd05)\":STS3C:"
   "STS3C-1-9-1-31,STS3C-1-5-6-1:2WAY:PRIMARYXC=SHELF,PRIME=OSS,CKTID=\"1006IR2_Hedr01-Asd02_L2SS \":STS3C:"
   "STS3C-1-9-1-169,STS3C-1-5-6-4:2WAY:PRIMARYXC=SHELF,PRIME=OSS,CKTID=\"1006IR2_Hedr01-Asd02_L2SS \":STS3C:"
   "STS3C-1-9-1-172,STS3C-1-5-6-7:2WAY:PRIMARYXC=SHELF,PRIME=OSS,CKTID=\"1006IR2_Hedr01-Asd02_L2SS \":STS3C:"
   "STS3C-1-9-1-175,STS3C-1-5-6-10:2WAY:PRIMARYXC=SHELF,PRIME=OSS,CKTID=\"1006IR2_Hedr01-Asd02_L2SS \":STS3C:"
   "STS3C-1-9-1-178,STS3C-1-5-6-13:2WAY:PRIMARYXC=SHELF,PRIME=OSS,CKTID=\"1006IR2_Hedr01-Asd02_L2SS \":STS3C:"
   "STS3C-1-9-1-181,STS3C-1-5-6-16:2WAY:PRIMARYXC=SHELF,PRIME=OSS,CKTID=\"1006IR2_Hedr01-Asd02_L2SS \":STS3C:"
   "STS3C-1-9-1-184,STS3C-1-5-6-19:2WAY:PRIMARYXC=SHELF,PRIME=OSS,CKTID=\"1006IR2_Hedr01-Asd02_L2SS \":STS3C:"
   "STS3C-1-9-1-1,STS3C-1-5-5-1:2WAY:PRIMARYXC=SHELF,PRIME=OSS,CKTID=\"2010LR2_Gn01-Asd02_OU-O15(Gn04-Asd02) \":STS3C:"
   "STS3C-1-6-1-22,STS3C-1-5-2-28:2WAY:PRIMARYXC=SHELF,PRIME=OSS,CKTID=\"1013IR1_Ws01-Asd01_L2SS \":STS3C:"
   "STS3C-1-6-1-25,STS3C-1-5-2-31:2WAY:PRIMARYXC=SHELF,PRIME=OSS,CKTID=\"1013IR1_Ws01-Asd01_L2SS \":STS3C:"
   "STS3C-1-6-1-28,STS3C-1-5-2-34:2WAY:PRIMARYXC=SHELF,PRIME=OSS,CKTID=\"1013IR1_Ws01-Asd01_L2SS \":STS3C:"
   "STS3C-1-6-1-31,STS3C-1-5-2-37:2WAY:PRIMARYXC=SHELF,PRIME=OSS,CKTID=\"1013IR1_Ws01-Asd01_L2SS \":STS3C:"
   "STS3C-1-6-1-34,STS3C-1-5-2-40:2WAY:PRIMARYXC=SHELF,PRIME=OSS,CKTID=\"1013IR1_Ws01-Asd01_L2SS \":STS3C:"
   "STS3C-1-6-1-37,STS3C-1-5-2-43:2WAY:PRIMARYXC=SHELF,PRIME=OSS,CKTID=\"1013IR1_Ws01-Asd01_L2SS \":STS3C:"
   "STS3C-1-6-1-40,STS3C-1-5-2-46:2WAY:PRIMARYXC=SHELF,PRIME=OSS,CKTID=\"1013IR1_Ws01-Asd01_L2SS \":STS3C:"
   "STS3C-1-6-1-73,STS3C-1-5-3-1:2WAYPR:SWMATE=STS3C-1-9-1-46,PRIMARYXC=SHELF,PRIME=OSS,CKTID=\"DRAC-e5429191-1340256589406\":STS3C:"
   "STS3C-1-6-1-82,STS3C-1-5-3-10:2WAYPR:SWMATE=STS3C-1-9-1-76,PRIMARYXC=SHELF,PRIME=OSS,CKTID=\"DRAC-e5429191-1340256589406\":STS3C:"
>

   "Gn001A_OME01" 12-12-29 15:44:37
M  21 COMPLD
   "STS3C-1-6-1-109,STS3C-1-5-3-19:2WAYPR:SWMATE=STS3C-1-9-1-85,PRIMARYXC=SHELF,PRIME=OSS,CKTID=\"DRAC-e5429191-1340256589406\":STS3C:"
   "STS3C-1-6-1-79,STS3C-1-5-3-7:2WAYPR:SWMATE=STS3C-1-9-1-73,PRIMARYXC=SHELF,PRIME=OSS,CKTID=\"DRAC-e5429191-1340256589406\":STS3C:"
   "STS3C-1-6-1-76,STS3C-1-5-3-4:2WAYPR:SWMATE=STS3C-1-9-1-70,PRIMARYXC=SHELF,PRIME=OSS,CKTID=\"DRAC-e5429191-1340256589406\":STS3C:"
   "STS3C-1-6-1-85,STS3C-1-5-3-13:2WAYPR:SWMATE=STS3C-1-9-1-79,PRIMARYXC=SHELF,PRIME=OSS,CKTID=\"DRAC-e5429191-1340256589406\":STS3C:"
   "STS3C-1-6-1-106,STS3C-1-5-3-16:2WAYPR:SWMATE=STS3C-1-9-1-82,PRIMARYXC=SHELF,PRIME=OSS,CKTID=\"DRAC-e5429191-1340256589406\":STS3C:"
   "STS3C-1-5-4-1,STS3C-1-5-4-1:1WAY:PRIMARYXC=SHELF,PRIME=OSS,CKTID=\"DRAC-loopback\":STS3C:"
   "STS3C-1-11-2-43,STS3C-1-5-7-1:2WAYPR:SWMATE=STS3C-1-6-1-112,PRIMARYXC=SHELF,PRIME=OSS,CKTID=\"2066LP_Lw01-Gn01_RUG(@Lw006A)\":STS3C:"
   "STS3C-1-11-2-4,STS3C-1-5-10-1:2WAYPR:SWMATE=STS3C-1-9-1-127,PRIMARYXC=SHELF,PRIME=OSS,CKTID=\"2181LP_Lw01-Gn01_Stenden(Lw02-Gn15)\":STS3C:"
   "STS3C-1-11-2-19,STS3C-1-5-10-16:2WAYPR:SWMATE=STS3C-1-9-1-142,PRIMARYXC=SHELF,PRIME=OSS,CKTID=\"2181LP_Lw01-Gn01_Stenden(Lw02-Gn15)\":STS3C:"
   "STS3C-1-11-2-22,STS3C-1-5-10-19:2WAYPR:SWMATE=STS3C-1-9-1-145,PRIMARYXC=SHELF,PRIME=OSS,CKTID=\"2181LP_Lw01-Gn01_Stenden(Lw02-Gn15)\":STS3C:"
   "STS3C-1-11-2-13,STS3C-1-5-10-10:2WAYPR:SWMATE=STS3C-1-9-1-136,PRIMARYXC=SHELF,PRIME=OSS,CKTID=\"2181LP_Lw01-Gn01_Stenden(Lw02-Gn15)\":STS3C:"
   "STS3C-1-11-2-16,STS3C-1-5-10-13:2WAYPR:SWMATE=STS3C-1-9-1-139,PRIMARYXC=SHELF,PRIME=OSS,CKTID=\"2181LP_Lw01-Gn01_Stenden(Lw02-Gn15)\":STS3C:"
   "STS3C-1-9-1-28,STS3C-1-5-9-1:2WAY:PRIMARYXC=SHELF,PRIME=OSS,CKTID=\"2110LR2_Asd02-Gn01_RIVM-O13(DigiBobOPN BBNN Gn11A)\":STS3C:"
   "STS3C-1-9-1-34,STS3C-1-5-9-4:2WAY:PRIMARYXC=SHELF,PRIME=OSS,CKTID=\"2110LR2_Asd02-Gn01_RIVM-O13(DigiBobOPN BBNN Gn11A)\":STS3C:"
   "STS3C-1-6-1-46,STS3C-1-5-8-1:2WAY:PRIMARYXC=SHELF,PRIME=OSS,CKTID=\"2153LR2_Gn01-Ztm04_DUO(Gn13)\":STS3C:"
   "STS3C-1-6-1-88,STS3C-1-5-8-4:2WAY:PRIMARYXC=SHELF,PRIME=OSS,CKTID=\"2153LR2_Gn01-Ztm04_DUO(Gn13)\":STS3C:"
   "STS3C-1-6-1-91,STS3C-1-5-8-7:2WAY:PRIMARYXC=SHELF,PRIME=OSS,CKTID=\"2153LR2_Gn01-Ztm04_DUO(Gn13)\":STS3C:"
   "STS3C-1-6-1-94,STS3C-1-5-8-10:2WAY:PRIMARYXC=SHELF,PRIME=OSS,CKTID=\"2153LR2_Gn01-Ztm04_DUO(Gn13)\":STS3C:"
>

   "Gn001A_OME01" 12-12-29 15:44:37
M  21 COMPLD
   "STS3C-1-6-1-97,STS3C-1-5-8-13:2WAY:PRIMARYXC=SHELF,PRIME=OSS,CKTID=\"2153LR2_Gn01-Ztm04_DUO(Gn13)\":STS3C:"
   "STS3C-1-6-1-100,STS3C-1-5-8-16:2WAY:PRIMARYXC=SHELF,PRIME=OSS,CKTID=\"2153LR2_Gn01-Ztm04_DUO(Gn13)\":STS3C:"
   "STS3C-1-6-1-103,STS3C-1-5-8-19:2WAY:PRIMARYXC=SHELF,PRIME=OSS,CKTID=\"2153LR2_Gn01-Ztm04_DUO(Gn13)\":STS3C:"
   "STS3C-1-9-1-4,STS3C-1-5-11-1:2WAY:PRIMARYXC=SHELF,PRIME=OSS,CKTID=\"2147LR2_Gn01-Asd01_Alfa-College(Gn01-Asd42)\":STS3C:"
   "STS3C-1-9-1-7,STS3C-1-5-11-4:2WAY:PRIMARYXC=SHELF,PRIME=OSS,CKTID=\"2147LR2_Gn01-Asd01_Alfa-College(Gn01-Asd42)\":STS3C:"
   "STS3C-1-9-1-10,STS3C-1-5-11-7:2WAY:PRIMARYXC=SHELF,PRIME=OSS,CKTID=\"2147LR2_Gn01-Asd01_Alfa-College(Gn01-Asd42)\":STS3C:"
   "STS3C-1-9-1-13,STS3C-1-5-11-10:2WAY:PRIMARYXC=SHELF,PRIME=OSS,CKTID=\"2147LR2_Gn01-Asd01_Alfa-College(Gn01-Asd42)\":STS3C:"
   "STS3C-1-9-1-16,STS3C-1-5-11-13:2WAY:PRIMARYXC=SHELF,PRIME=OSS,CKTID=\"2147LR2_Gn01-Asd01_Alfa-College(Gn01-Asd42)\":STS3C:"
   "STS3C-1-9-1-19,STS3C-1-5-11-16:2WAY:PRIMARYXC=SHELF,PRIME=OSS,CKTID=\"2147LR2_Gn01-Asd01_Alfa-College(Gn01-Asd42)\":STS3C:"
   "STS3C-1-9-1-43,STS3C-1-5-11-19:2WAY:PRIMARYXC=SHELF,PRIME=OSS,CKTID=\"2147LR2_Gn01-Asd01_Alfa-College(Gn01-Asd42)\":STS3C:"
   "STS3C-1-11-2-7,STS3C-1-5-10-4:2WAYPR:SWMATE=STS3C-1-9-1-130,PRIMARYXC=SHELF,PRIME=OSS,CKTID=\"2181LP_Lw01-Gn01_Stenden(Lw02-Gn15)\":STS3C:"
   "STS3C-1-11-2-10,STS3C-1-5-10-7:2WAYPR:SWMATE=STS3C-1-9-1-133,PRIMARYXC=SHELF,PRIME=OSS,CKTID=\"2181LP_Lw01-Gn01_Stenden(Lw02-Gn15)\":STS3C:"
   "STS3C-1-12-3-1,STS3C-1-6-1-10:2WAY:PRIMARYXC=SHELF,PRIME=OSS,CKTID=\"2147LR1_Gn01-Asd42_Alfa-College(Gn01-Asd42)\":STS3C:"
   "STS3C-1-12-3-4,STS3C-1-6-1-13:2WAY:PRIMARYXC=SHELF,PRIME=OSS,CKTID=\"2147LR1_Gn01-Asd42_Alfa-College(Gn01-Asd42)\":STS3C:"
   "STS3C-1-12-3-7,STS3C-1-6-1-16:2WAY:PRIMARYXC=SHELF,PRIME=OSS,CKTID=\"2147LR1_Gn01-Asd42_Alfa-College(Gn01-Asd42)\":STS3C:"
   "STS3C-1-12-3-10,STS3C-1-6-1-19:2WAY:PRIMARYXC=SHELF,PRIME=OSS,CKTID=\"2147LR1_Gn01-Asd42_Alfa-College(Gn01-Asd42)\":STS3C:"
   "STS3C-1-11-2-40,STS3C-1-6-1-43:2WAY:PRIMARYXC=SHELF,PRIME=OSS,CKTID=\"2182LR2_Hedr01-Ehv01_ECN(Pet01-Ehv01)\":STS3C:"
   "STS3C-1-11-2-28,STS3C-1-6-1-52:2WAY:PRIMARYXC=SHELF,PRIME=OSS,CKTID=\"2095LP_Lw01-Asd01_KNAW-O12(FryskeAcademy Lw07)\":STS3C:"
>

   "Gn001A_OME01" 12-12-29 15:44:37
M  21 COMPLD
   "STS3C-1-12-3-13,STS3C-1-6-1-61:2WAY:PRIMARYXC=SHELF,PRIME=OSS,CKTID=\"2147LR1_Gn01-Asd42_Alfa-College(Gn01-Asd42)\":STS3C:"
   "STS3C-1-12-3-16,STS3C-1-6-1-64:2WAY:PRIMARYXC=SHELF,PRIME=OSS,CKTID=\"2147LR1_Gn01-Asd42_Alfa-College(Gn01-Asd42)\":STS3C:"
   "STS3C-1-12-3-19,STS3C-1-6-1-67:2WAY:PRIMARYXC=SHELF,PRIME=OSS,CKTID=\"2147LR1_Gn01-Asd42_Alfa-College(Gn01-Asd42)\":STS3C:"
   "STS3C-1-10-1-70,STS3C-1-6-1-160:2WAY:PRIMARYXC=SHELF,PRIME=OSS,CKTID=\"2159LP_Gn01-Gv01_DUO(Gn14-Gv29)\":STS3C:"
   "STS3C-1-10-1-22,STS3C-1-6-1-163:2WAY:PRIMARYXC=SHELF,PRIME=OSS,CKTID=\"2024LP_Mp01-Emn01_HSDRENTHE-O05\":STS3C:"
   "STS3C-1-10-1-25,STS3C-1-6-1-166:2WAY:PRIMARYXC=SHELF,PRIME=OSS,CKTID=\"2024LP_Mp01-Emn01_HSDRENTHE-O05\":STS3C:"
   "STS3C-1-10-1-28,STS3C-1-6-1-169:2WAY:PRIMARYXC=SHELF,PRIME=OSS,CKTID=\"2024LP_Mp01-Emn01_HSDRENTHE-O05\":STS3C:"
   "STS3C-1-10-1-31,STS3C-1-6-1-172:2WAY:PRIMARYXC=SHELF,PRIME=OSS,CKTID=\"2024LP_Mp01-Emn01_HSDRENTHE-O05\":STS3C:"
   "STS3C-1-10-1-34,STS3C-1-6-1-175:2WAY:PRIMARYXC=SHELF,PRIME=OSS,CKTID=\"2024LP_Mp01-Emn01_HSDRENTHE-O05\":STS3C:"
   "STS3C-1-10-1-37,STS3C-1-6-1-178:2WAY:PRIMARYXC=SHELF,PRIME=OSS,CKTID=\"2024LP_Mp01-Emn01_HSDRENTHE-O05\":STS3C:"
   "STS3C-1-10-1-40,STS3C-1-6-1-181:2WAY:PRIMARYXC=SHELF,PRIME=OSS,CKTID=\"2024LP_Mp01-Emn01_HSDRENTHE-O05\":STS3C:"
   "STS3C-1-10-1-1,STS3C-1-6-1-184:2WAY:PRIMARYXC=SHELF,PRIME=OSS,CKTID=\"2008LR1_Emn01-Asd01_OU-O15(Emn-OPN)\":STS3C:"
   "STS3C-1-11-1-43,STS3C-1-9-1-37:2WAY:PRIMARYXC=SHELF,PRIME=OSS,CKTID=\"2034LR2_Amr01-Asd02_OU-O15(Amr02-OPN)\":STS3C:"
   "STS3C-1-11-1-46,STS3C-1-9-1-40:2WAY:PRIMARYXC=SHELF,PRIME=OSS,CKTID=\"2045LP_Lw01-Wg01_WUR-O27(Lw03-OPN)\":STS3C:"
   "STS3C-1-11-2-34,STS3C-1-9-1-109:2WAY:PRIMARYXC=SHELF,PRIME=OSS,CKTID=\"2073LR2_Lw01-Asd02_OU-O15(Lw06-OPN)\":STS3C:"
   "STS3C-1-10-1-73,STS3C-1-9-1-112:2WAY:PRIMARYXC=SHELF,PRIME=OSS,CKTID=\"2148LP_Hgv01-Asd42_Alfa-College(Hgv02-Asd42)\":STS3C:"
   "STS3C-1-10-1-76,STS3C-1-9-1-115:2WAY:PRIMARYXC=SHELF,PRIME=OSS,CKTID=\"2148LP_Hgv01-Asd42_Alfa-College(Hgv02-Asd42)\":STS3C:"
   "STS3C-1-10-1-79,STS3C-1-9-1-118:2WAY:PRIMARYXC=SHELF,PRIME=OSS,CKTID=\"2148LP_Hgv01-Asd42_Alfa-College(Hgv02-Asd42)\":STS3C:"
>

   "Gn001A_OME01" 12-12-29 15:44:37
M  21 COMPLD
   "STS3C-1-10-1-82,STS3C-1-9-1-121:2WAY:PRIMARYXC=SHELF,PRIME=OSS,CKTID=\"2148LP_Hgv01-Asd42_Alfa-College(Hgv02-Asd42)\":STS3C:"
   "STS3C-1-10-1-85,STS3C-1-9-1-124:2WAY:PRIMARYXC=SHELF,PRIME=OSS,CKTID=\"2148LP_Hgv01-Asd42_Alfa-College(Hgv02-Asd42)\":STS3C:"
   "STS3C-1-11-1-22,STS3C-1-9-1-148:2WAY:PRIMARYXC=SHELF,PRIME=OSS,CKTID=\"1011IR2_Lw01-Asd02_L2SS\":STS3C:"
   "STS3C-1-11-1-25,STS3C-1-9-1-151:2WAY:PRIMARYXC=SHELF,PRIME=OSS,CKTID=\"1011IR2_Lw01-Asd02_L2SS\":STS3C:"
   "STS3C-1-11-1-28,STS3C-1-9-1-154:2WAY:PRIMARYXC=SHELF,PRIME=OSS,CKTID=\"1011IR2_Lw01-Asd02_L2SS\":STS3C:"
   "STS3C-1-11-1-31,STS3C-1-9-1-157:2WAY:PRIMARYXC=SHELF,PRIME=OSS,CKTID=\"1011IR2_Lw01-Asd02_L2SS\":STS3C:"
   "STS3C-1-11-1-34,STS3C-1-9-1-160:2WAY:PRIMARYXC=SHELF,PRIME=OSS,CKTID=\"1011IR2_Lw01-Asd02_L2SS\":STS3C:"
   "STS3C-1-11-1-37,STS3C-1-9-1-163:2WAY:PRIMARYXC=SHELF,PRIME=OSS,CKTID=\"1011IR2_Lw01-Asd02_L2SS\":STS3C:"
   "STS3C-1-11-1-40,STS3C-1-9-1-166:2WAY:PRIMARYXC=SHELF,PRIME=OSS,CKTID=\"1011IR2_Lw01-Asd02_L2SS\":STS3C:"
   "STS3C-1-10-1-88,STS3C-1-9-1-187:2WAY:PRIMARYXC=SHELF,PRIME=OSS,CKTID=\"2148LP_Hgv01-Asd42_Alfa-College(Hgv02-Asd42)\":STS3C:"
   "STS3C-1-10-1-91,STS3C-1-9-1-190:2WAY:PRIMARYXC=SHELF,PRIME=OSS,CKTID=\"2148LP_Hgv01-Asd42_Alfa-College(Hgv02-Asd42)\":STS3C:"
   "STS3C-1-12-4-1,STS3C-1-10-1-49:2WAY:PRIMARYXC=SHELF,PRIME=OSS,CKTID=\"2177LE4_Hgv01-Gn01_INCAS3(NR_Asn03-Gn01)\":STS3C:"
   "STS3C-1-12-4-4,STS3C-1-10-1-52:2WAY:PRIMARYXC=SHELF,PRIME=OSS,CKTID=\"2177LE4_Hgv01-Gn01_INCAS3(NR_Asn03-Gn01)\":STS3C:"
   "STS3C-1-12-4-7,STS3C-1-10-1-55:2WAY:PRIMARYXC=SHELF,PRIME=OSS,CKTID=\"2177LE4_Hgv01-Gn01_INCAS3(NR_Asn03-Gn01)\":STS3C:"
   "STS3C-1-12-4-10,STS3C-1-10-1-58:2WAY:PRIMARYXC=SHELF,PRIME=OSS,CKTID=\"2177LE4_Hgv01-Gn01_INCAS3(NR_Asn03-Gn01)\":STS3C:"
   "STS3C-1-12-4-13,STS3C-1-10-1-61:2WAY:PRIMARYXC=SHELF,PRIME=OSS,CKTID=\"2177LE4_Hgv01-Gn01_INCAS3(NR_Asn03-Gn01)\":STS3C:"
   "STS3C-1-12-4-16,STS3C-1-10-1-64:2WAY:PRIMARYXC=SHELF,PRIME=OSS,CKTID=\"2177LE4_Hgv01-Gn01_INCAS3(NR_Asn03-Gn01)\":STS3C:"
   "STS3C-1-12-4-19,STS3C-1-10-1-67:2WAY:PRIMARYXC=SHELF,PRIME=OSS,CKTID=\"2177LE4_Hgv01-Gn01_INCAS3(NR_Asn03-Gn01)\":STS3C:"
>

   "Gn001A_OME01" 12-12-29 15:44:37
M  21 COMPLD
   "STS3C-1-11-1-1,STS3C-1-10-1-115:2WAY:PRIMARYXC=SHELF,PRIME=OSS,CKTID=\"2171LP_Lw01-Emn01_Stenden(Lw02-Emn01)\":STS3C:"
   "STS3C-1-11-1-4,STS3C-1-10-1-118:2WAY:PRIMARYXC=SHELF,PRIME=OSS,CKTID=\"2171LP_Lw01-Emn01_Stenden(Lw02-Emn01)\":STS3C:"
   "STS3C-1-11-1-7,STS3C-1-10-1-121:2WAY:PRIMARYXC=SHELF,PRIME=OSS,CKTID=\"2171LP_Lw01-Emn01_Stenden(Lw02-Emn01)\":STS3C:"
   "STS3C-1-11-1-10,STS3C-1-10-1-124:2WAY:PRIMARYXC=SHELF,PRIME=OSS,CKTID=\"2171LP_Lw01-Emn01_Stenden(Lw02-Emn01)\":STS3C:"
   "STS3C-1-11-1-13,STS3C-1-10-1-127:2WAY:PRIMARYXC=SHELF,PRIME=OSS,CKTID=\"2171LP_Lw01-Emn01_Stenden(Lw02-Emn01)\":STS3C:"
   "STS3C-1-11-1-16,STS3C-1-10-1-130:2WAY:PRIMARYXC=SHELF,PRIME=OSS,CKTID=\"2171LP_Lw01-Emn01_Stenden(Lw02-Emn01)\":STS3C:"
   "STS3C-1-11-1-19,STS3C-1-10-1-133:2WAY:PRIMARYXC=SHELF,PRIME=OSS,CKTID=\"2171LP_Lw01-Emn01_Stenden(Lw02-Emn01)\":STS3C:"
   "STS3C-1-13-1-1,STS3C-1-13-1-1:1WAY:PRIMARYXC=SHELF,PRIME=OSS,CKTID=\"DRAC-loopback\":STS3C:"
;RTRV-AD-ALL:"Gn001A_OME01"::22;
IP 22
<

   "Gn001A_OME01" 12-12-29 15:44:38
M  22 COMPLD
   "OC192-1-1-1:TYP-SH-SL-PRT,LINE:TX_VERSION=\"2\",TX_TAG=\"AD_2_00:20:d8:df:33:63_001_000_001_000_001_ME_1\",RX_VERSION=\"2\",RX_ACTUAL=\"AD_2_00:21:e1:d9:cc:70_001_000_014_000_001_ME_1\",RX_EXPECTED=\"\",RECONFIG=DISABLE,RX_RELIABILITY=RELIABLE,MECHANISM=IIH"
   "ADJ-1-1-1:TYP-SH-SL-PRT,PHYS:TX_VERSION=\"2\",TX_TAG=\"Gn001A_OME01-1-1-1\",RX_VERSION=\"2\",RX_ACTUAL=\"\",RX_EXPECTED=\"\",RECONFIG=DISABLE,RX_RELIABILITY=UNRELIABLE,MECHANISM=DERIVED"
   "OC48-1-2-1:TYP-SH-SL-PRT,LINE:TX_VERSION=\"2\",TX_TAG=\"AD_2_00:20:d8:df:33:63_001_000_002_000_001_ME_1\",RX_VERSION=\"2\",RX_ACTUAL=\"AD_2_00:20:d8:df:37:9c_001_000_009_000_002_ME_1\",RX_EXPECTED=\"\",RECONFIG=DISABLE,RX_RELIABILITY=RELIABLE,MECHANISM=IIH"
   "OC48-1-2-2:TYP-SH-SL-PRT,LINE:TX_VERSION=\"2\",TX_TAG=\"AD_2_00:20:d8:df:33:63_001_000_002_000_002_ME_1\",RX_VERSION=\"2\",RX_ACTUAL=\"AD_2_00:20:d8:df:37:9c_001_000_009_000_001_ME_1\",RX_EXPECTED=\"\",RECONFIG=DISABLE,RX_RELIABILITY=RELIABLE,MECHANISM=IIH"
   "OC48-1-5-2:TYP-SH-SL-PRT,LINE:TX_VERSION=\"2\",TX_TAG=\"AD_2_00:20:d8:df:33:63_001_000_005_000_002_ME_1\",RX_VERSION=\"2\",RX_ACTUAL=\"AD_2_00:20:d8:df:37:51_001_000_006_000_002_ME_1\",RX_EXPECTED=\"\",RECONFIG=DISABLE,RX_RELIABILITY=RELIABLE,MECHANISM=IIH"
   "OC192-1-6-1:TYP-SH-SL-PRT,LINE:TX_VERSION=\"2\",TX_TAG=\"AD_2_00:20:d8:df:33:63_001_000_006_000_001_ME_1\",RX_VERSION=\"2\",RX_ACTUAL=\"AD_2_00:21:e1:d9:cc:70_001_000_011_000_001_ME_1\",RX_EXPECTED=\"\",RECONFIG=DISABLE,RX_RELIABILITY=RELIABLE,MECHANISM=IIH"
   "OC192-1-9-1:TYP-SH-SL-PRT,LINE:TX_VERSION=\"2\",TX_TAG=\"AD_2_00:20:d8:df:33:63_001_000_009_000_001_ME_1\",RX_VERSION=\"2\",RX_ACTUAL=\"AD_2_00:21:e1:d9:d2:7f_001_000_007_000_001_ME_1\",RX_EXPECTED=\"\",RECONFIG=DISABLE,RX_RELIABILITY=RELIABLE,MECHANISM=IIH"
   "OC192-1-10-1:TYP-SH-SL-PRT,LINE:TX_VERSION=\"2\",TX_TAG=\"AD_2_00:20:d8:df:33:63_001_000_010_000_001_ME_1\",RX_VERSION=\"2\",RX_ACTUAL=\"AD_2_00:20:d8:df:37:bf_001_000_006_000_001_ME_1\",RX_EXPECTED=\"\",RECONFIG=DISABLE,RX_RELIABILITY=RELIABLE,MECHANISM=IIH"
   "ADJ-1-10-1:TYP-SH-SL-PRT,PHYS:TX_VERSION=\"2\",TX_TAG=\"Gn001A_OME01-1-10-1\",RX_VERSION=\"2\",RX_ACTUAL=\"\",RX_EXPECTED=\"\",RECONFIG=DISABLE,RX_RELIABILITY=UNRELIABLE,MECHANISM=DERIVED"
   "OC48-1-11-1:TYP-SH-SL-PRT,LINE:TX_VERSION=\"2\",TX_TAG=\"AD_2_00:20:d8:df:33:63_001_000_011_000_001_ME_1\",RX_VERSION=\"2\",RX_ACTUAL=\"AD_2_00:1b:25:2d:d8:84_001_000_009_000_001_ME_1\",RX_EXPECTED=\"\",RECONFIG=DISABLE,RX_RELIABILITY=RELIABLE,MECHANISM=IIH"
   "OC48-1-11-2:TYP-SH-SL-PRT,LINE:TX_VERSION=\"2\",TX_TAG=\"AD_2_00:20:d8:df:33:63_001_000_011_000_002_ME_1\",RX_VERSION=\"2\",RX_ACTUAL=\"AD_2_00:1b:25:2d:d8:84_001_000_009_000_002_ME_1\",RX_EXPECTED=\"\",RECONFIG=DISABLE,RX_RELIABILITY=RELIABLE,MECHANISM=IIH"
   "ADJ-1-14-1:TYP-SH-SL-PRT,PHYS:TX_VERSION=\"2\",TX_TAG=\"Gn001A_OME01-1-14-1\",RX_VERSION=\"2\",RX_ACTUAL=\"\",RX_EXPECTED=\"\",RECONFIG=DISABLE,RX_RELIABILITY=UNRELIABLE,MECHANISM=DERIVED"
   "ADJ-1-14-2:TYP-SH-SL-PRT,PHYS:TX_VERSION=\"2\",TX_TAG=\"Gn001A_OME01-1-14-2\",RX_VERSION=\"2\",RX_ACTUAL=\"\",RX_EXPECTED=\"\",RECONFIG=DISABLE,RX_RELIABILITY=UNRELIABLE,MECHANISM=DERIVED"
;RTRV-FFP-OC192:"Gn001A_OME01":OC192-1-ALL:23;
IP 23
<

   "Gn001A_OME01" 12-12-29 15:44:38
M  23 COMPLD
;

   "Gn001A_OME01" 12-12-29 15:45:10
A  0000151270 REPT EVT COM
   "SP-1-15:PMFTPI,TC,12-29,15-45-10,NEND,NA,,,:\"file 'sftp://sftpuser@145.145.64.26:22//opt/nortel/omea/NE_info/pmdata/0020D8DF3363/pm_Gn001A_OME01_20121229154507_date_201212291530.gz' has started\",NONE:0100000000-0000-0647,:YEAR=2012,MODE=NONE,SIGLAYER=\"\""
;

   "Gn001A_OME01" 12-12-29 15:45:29
A  0000151271 REPT EVT COM
   "SP-1-15:PMFTPC,TC,12-29,15-45-29,NEND,NA,,,:\"file 'sftp://sftpuser@145.145.64.26:22//opt/nortel/omea/NE_info/pmdata/0020D8DF3363/pm_Gn001A_OME01_20121229154507_date_201212291530.gz' has completed\",NONE:0100000000-0000-0648,:YEAR=2012,MODE=NONE,SIGLAYER=\"\""
;

   "Gn001A_OME01" 12-12-29 15:46:10
A  0000151272 REPT EVT LOG
   "DATE=12-12-29,TIME=15-46-10:USERID=SNSCRIPT,PRIORITY=GEN_TL1_CMD,STATUS=COMPLD:ACT-USER:SNSCRIPT:1::::"
;

   "Gn001A_OME01" 12-12-29 15:46:11
A  0000151273 REPT EVT LOG
   "DATE=12-12-29,TIME=15-46-11:USERID=SNSCRIPT,PRIORITY=GEN_TL1_CMD,STATUS=COMPLD:CANC-USER:SNSCRIPT:1::::"
;<<RTRV-HDR keep alive sent>>
IP 24
<

   "Gn001A_OME01" 12-12-29 15:46:14
M  24 COMPLD
;<<RTRV-HDR keep alive sent>>
IP 25
<

   "Gn001A_OME01" 12-12-29 15:48:14
M  25 COMPLD
;<<RTRV-HDR keep alive sent>>
IP 26
<

   "Gn001A_OME01" 12-12-29 15:50:14
M  26 COMPLD
;<<RTRV-HDR keep alive sent>>
IP 27
<

   "Gn001A_OME01" 12-12-29 15:52:15
M  27 COMPLD
;

   "Gn001A_OME01" 12-12-29 15:52:25
A  0000151274 REPT EVT LOG
   "DATE=12-12-29,TIME=15-52-25:USERID=SNSCRIPT,PRIORITY=GEN_TL1_CMD,STATUS=COMPLD:ACT-USER:SNSCRIPT:1::::"
;

   "Gn001A_OME01" 12-12-29 15:52:27
A  0000151275 REPT EVT LOG
   "DATE=12-12-29,TIME=15-52-27:USERID=SNSCRIPT,PRIORITY=GEN_TL1_CMD,STATUS=COMPLD:CANC-USER:SNSCRIPT:1::::"
;<<RTRV-HDR keep alive sent>>
IP 28
<

   "Gn001A_OME01" 12-12-29 15:54:15
M  28 COMPLD
;<<RTRV-HDR keep alive sent>>
IP 29
<

   "Gn001A_OME01" 12-12-29 15:56:16
M  29 COMPLD
;<<RTRV-HDR keep alive sent>>
IP 30
<

   "Gn001A_OME01" 12-12-29 15:58:15
M  30 COMPLD
;<<RTRV-HDR keep alive sent>>
IP 31
<

   "Gn001A_OME01" 12-12-29 16:00:16
M  31 COMPLD
;

   "Gn001A_OME01" 12-12-29 16:01:09
A  0000151276 REPT EVT LOG
   "DATE=12-12-29,TIME=16-01-09:USERID=SNSCRIPT,PRIORITY=GEN_TL1_CMD,STATUS=COMPLD:ACT-USER:SNSCRIPT:1::::"
;

   "Gn001A_OME01" 12-12-29 16:01:09
A  0000151277 REPT EVT LOG
   "DATE=12-12-29,TIME=16-01-09:USERID=SNSCRIPT,PRIORITY=GEN_TL1_CMD,STATUS=COMPLD:CANC-USER:SNSCRIPT:1::::"
;<<RTRV-HDR keep alive sent>>
IP 32
<

   "Gn001A_OME01" 12-12-29 16:02:17
M  32 COMPLD
;<<RTRV-HDR keep alive sent>>
IP 33
<

   "Gn001A_OME01" 12-12-29 16:04:18
M  33 COMPLD
;<<RTRV-HDR keep alive sent>>
IP 34
<

   "Gn001A_OME01" 12-12-29 16:06:19
M  34 COMPLD
;<<RTRV-HDR keep alive sent>>
IP 35
<

   "Gn001A_OME01" 12-12-29 16:08:18
M  35 COMPLD
;<<RTRV-HDR keep alive sent>>
IP 36
<

   "Gn001A_OME01" 12-12-29 16:10:19
M  36 COMPLD
;<<RTRV-HDR keep alive sent>>
IP 37
<

   "Gn001A_OME01" 12-12-29 16:12:19
M  37 COMPLD
;<<RTRV-HDR keep alive sent>>
IP 38
<

   "Gn001A_OME01" 12-12-29 16:14:20
M  38 COMPLD
;

   "Gn001A_OME01" 12-12-29 16:14:31
A  0000151278 REPT EVT LOG
   "DATE=12-12-29,TIME=16-14-31:USERID=SNSCRIPT,PRIORITY=GEN_TL1_CMD,STATUS=COMPLD:ACT-USER:SNSCRIPT:1::::"
;

   "Gn001A_OME01" 12-12-29 16:14:32
A  0000151279 REPT EVT LOG
   "DATE=12-12-29,TIME=16-14-32:USERID=SNSCRIPT,PRIORITY=GEN_TL1_CMD,STATUS=COMPLD:CANC-USER:SNSCRIPT:1::::"
;

   "Gn001A_OME01" 12-12-29 16:16:10
A  0000151280 REPT EVT LOG
   "DATE=12-12-29,TIME=16-16-10:USERID=SNSCRIPT,PRIORITY=GEN_TL1_CMD,STATUS=COMPLD:ACT-USER:SNSCRIPT:1::::"
;

   "Gn001A_OME01" 12-12-29 16:16:10
A  0000151281 REPT EVT LOG
   "DATE=12-12-29,TIME=16-16-10:USERID=SNSCRIPT,PRIORITY=GEN_TL1_CMD,STATUS=COMPLD:CANC-USER:SNSCRIPT:1::::"
;<<RTRV-HDR keep alive sent>>
IP 39
<

   "Gn001A_OME01" 12-12-29 16:16:19
M  39 COMPLD
;<<RTRV-HDR keep alive sent>>
IP 40
<

   "Gn001A_OME01" 12-12-29 16:18:20
M  40 COMPLD
;<<RTRV-HDR keep alive sent>>
IP 41
<

   "Gn001A_OME01" 12-12-29 16:20:20
M  41 COMPLD
;<<RTRV-HDR keep alive sent>>
IP 42
<

   "Gn001A_OME01" 12-12-29 16:22:21
M  42 COMPLD
;<<RTRV-HDR keep alive sent>>
IP 43
<

   "Gn001A_OME01" 12-12-29 16:24:21
M  43 COMPLD
;<<RTRV-HDR keep alive sent>>
IP 44
<

   "Gn001A_OME01" 12-12-29 16:26:21
M  44 COMPLD
;<<RTRV-HDR keep alive sent>>
IP 45
<

   "Gn001A_OME01" 12-12-29 16:28:21
M  45 COMPLD
;<<RTRV-HDR keep alive sent>>
IP 46
<

   "Gn001A_OME01" 12-12-29 16:30:22
M  46 COMPLD
;

   "Gn001A_OME01" 12-12-29 16:31:12
A  0000151282 REPT EVT LOG
   "DATE=12-12-29,TIME=16-31-12:USERID=SNSCRIPT,PRIORITY=GEN_TL1_CMD,STATUS=COMPLD:ACT-USER:SNSCRIPT:1::::"
;

   "Gn001A_OME01" 12-12-29 16:31:12
A  0000151283 REPT EVT LOG
   "DATE=12-12-29,TIME=16-31-12:USERID=SNSCRIPT,PRIORITY=GEN_TL1_CMD,STATUS=COMPLD:CANC-USER:SNSCRIPT:1::::"
;<<RTRV-HDR keep alive sent>>
IP 47
<

   "Gn001A_OME01" 12-12-29 16:32:23
M  47 COMPLD
;<<RTRV-HDR keep alive sent>>
IP 48
<

   "Gn001A_OME01" 12-12-29 16:34:23
M  48 COMPLD
;<<RTRV-HDR keep alive sent>>
IP 49
<

   "Gn001A_OME01" 12-12-29 16:36:23
M  49 COMPLD
;<<RTRV-HDR keep alive sent>>
IP 50
<

   "Gn001A_OME01" 12-12-29 16:38:23
M  50 COMPLD
;<<RTRV-HDR keep alive sent>>
IP 51
<

   "Gn001A_OME01" 12-12-29 16:40:24
M  51 COMPLD
;<<RTRV-HDR keep alive sent>>
IP 52
<

   "Gn001A_OME01" 12-12-29 16:42:24
M  52 COMPLD
;<<RTRV-HDR keep alive sent>>
IP 53
<

   "Gn001A_OME01" 12-12-29 16:44:24
M  53 COMPLD
;

   "Gn001A_OME01" 12-12-29 16:46:12
A  0000151284 REPT EVT LOG
   "DATE=12-12-29,TIME=16-46-12:USERID=SNSCRIPT,PRIORITY=GEN_TL1_CMD,STATUS=COMPLD:ACT-USER:SNSCRIPT:1::::"
;

   "Gn001A_OME01" 12-12-29 16:46:12
A  0000151285 REPT EVT LOG
   "DATE=12-12-29,TIME=16-46-12:USERID=SNSCRIPT,PRIORITY=GEN_TL1_CMD,STATUS=COMPLD:CANC-USER:SNSCRIPT:1::::"
;<<RTRV-HDR keep alive sent>>
IP 54
<

   "Gn001A_OME01" 12-12-29 16:46:24
M  54 COMPLD
;<<RTRV-HDR keep alive sent>>
IP 55
<

   "Gn001A_OME01" 12-12-29 16:48:25
M  55 COMPLD
;<<RTRV-HDR keep alive sent>>
IP 56
<

   "Gn001A_OME01" 12-12-29 16:50:25
M  56 COMPLD
;<<RTRV-HDR keep alive sent>>
IP 57
<

   "Gn001A_OME01" 12-12-29 16:52:26
M  57 COMPLD
;<<RTRV-HDR keep alive sent>>
IP 58
<

   "Gn001A_OME01" 12-12-29 16:54:25
M  58 COMPLD
;

   "Gn001A_OME01" 12-12-29 16:54:56
A  0000151286 REPT EVT COM
   "SHELF-1:BKUPI,SC,12-29,16-54-56,NEND,NA,,,:\"Database Auto Save in Progress \",NONE:0100001286-6075-1047,:YEAR=2012,MODE=NONE"
;

   "Gn001A_OME01" 12-12-29 16:55:48
A  0000151287 REPT EVT COM
   "SHELF-1:BKUPI,CL,12-29,16-55-48,NEND,NA,,,:\"Database Auto Save in Progress \",NONE:0100001286-6075-1047,:YEAR=2012,MODE=NONE"
;

   "Gn001A_OME01" 12-12-29 16:55:48
A  0000151288 REPT EVT COM
   "SHELF-1:BKUPC,TC,12-29,16-55-48,NEND,NA,,,:\"Database Save Completed\",NONE:0100000000-0000-0196,:YEAR=2012,MODE=NONE"
;<<RTRV-HDR keep alive sent>>
IP 59
<

   "Gn001A_OME01" 12-12-29 16:56:26
M  59 COMPLD
;