***** (re)Starting logger at Sat Dec 29 10:44:19 EST 2012*****


**** TL1 session opened at Sat Dec 29 10:44:19 EST 2012 ****


<<RTRV-HDR keep alive sent>>
ÿûÿûÿý

WARNING! This computer system and network is PRIVATE and PROPRIETARY of
[SURFnet] and may only be accesses by authorized users. Unauthorized use of
this computer system or network is strictly prohibited and may be subject
to criminal prosecution, employee discipline up to and including discharge,
or the termination of the vendor/service contracts. The owner, or its
agents, may monitor any activity or communication on the computer system or
NETWORK.

--- Copyright (c) 2000 - 2011 Ciena (R) Corporation. All Rights Reserved ---
|  NOTICE: This is a private computer system.                              |
|  Unauthorized access or use may lead to prosecution.                     |
|                                                                          |
|  Ciena 6500 OPTICAL                                                      |
----------------------------------------------------------------------------

/*
 * Starting Interactive TL1 Command Mode.
 * Type ? for help while constructing TL1 commands.
 * Type .? for specific parameter/keyword help.
 */


IP 2
<

   "Mt001A_OME01" 12-12-29 15:44:20
M  2 DENY
   PLNA
   /*Privilege, Login Not Active*/
;<<ACT-USER sent, password hidden>>
IP 3
<

   "Mt001A_OME01" 12-12-29 15:44:23
M  3 COMPLD
;RTRV-NETYPE:"Mt001A_OME01"::4;
IP 4
<

   "Mt001A_OME01" 12-12-29 15:44:23
M  4 COMPLD
   "CIENA,\"6500 OPTICAL\",OCP,\"REL0810Z.HD\""
;RTRV-SW-VER:"Mt001A_OME01"::5;
IP 5
<

   "Mt001A_OME01" 12-12-29 15:44:24
M  5 COMPLD
   "SHELF-1:REL0810Z.HD"
;RTRV-RTG-INFO:"Mt001A_OME01"::6:::NAME="Mt001A_OME01";
IP 6
<

   "Mt001A_OME01" 12-12-29 15:45:00
M  6 COMPLD
   "SHELF-1::,\"Mt001A_OME01\",0020D8DF37C9|145.145.74.72,00001600,YES"
;RTRV-SYS:"Mt001A_OME01"::7;
IP 7
<

   "Mt001A_OME01" 12-12-29 15:45:01
M  7 COMPLD
   "SHELF-1::ACTUALCOOLING=LOWFLOW,ACTUALPOWER=797,AINSTIMEOUT=00-05,ALMCORR=OFF,ALMHO=2.5,BAYFICINAO=FALSE,BITSMODE=SDH,CSFMCASTMAC=0180C2880001,EQPTCURRENT=40,ETHEERTH=20,ETHGFPRFI=ENABLED,ETHGFPRFIUPI=128,ETHSDTH=1,FCEERTH=20,FCSDTH=1,FIBERLOSSDETECTION=DISABLED,FILLERMGMT=ENABLED,GCC0MODE=IISIS,GCC1MODE=DISABLED,LASEROFFFARENDFAIL=DISABLED,LINEPEVSTAT=MAN&AUTO,MAJORDEGRADETHRESH=6.00,MINCOOLING=LOWFLOW,MINORDEGRADETHRESH=3.00,MONITORFAN=ENABLED,NEMODE=SDH,OSCMODE=OSPF,PATHEBERTH=3,PATHPEVSTAT=MAN,PATHSDTH=6,PATHSWCRIT=UNEQ&SD&EBER&AIS&LOP,PROVCURRENT=40,PTHAISINSERT=AIS&LOP,SHELFSYNCH=NO,STATE=NORMAL,WANFREERTH=20,WANFRSDTH=1,WANTREERTH=20,WANTRSDTH=1"
;ALW-MSG-BROADCAST:"Mt001A_OME01":ALL:8;
IP 8
<

   "Mt001A_OME01" 12-12-29 15:45:01
M  8 COMPLD
;RTRV-EQPT:"Mt001A_OME01":ALL:9;
IP 9
<

   "Mt001A_OME01" 12-12-29 15:45:02
M  9 COMPLD
   "GE-1-1::PROVPEC=NTK535LA,CTYPE=\"GE EPL 4 Port SFP\",SNMPINDEX=671220736,PEC=NTK535LA,REL= 03 ,CLEI=WMOTAJ4JAC,SER=NNTM0151D3SJN,MDAT=2004-42,AGE=06-358-21-31,ONSC=02-159-09-28:IS,ACT"
   "PGEFC-1-1-1::PROVPEC=NTTP01AF,CTYPE=\"GE SX/FC100 Mx 850nm LC SFP\",SNMPINDEX=671220737,PEC=NTTP01AF,REL=01,CLEI=SOC3NNFCAA,SER=AGLTMY00001C57  :IS,ACT"
   "PGEFC-1-1-2::PROVPEC=NTTP01CF,CTYPE=\"GE LX [10k]/FC100 SM 1310nm LC SFP\",SNMPINDEX=671220738,PEC=NTTP01CF,REL=01,CLEI=WMOTAH1JAA,SER=EXLGJPM5T5030164:IS,IDLE"
   "PGEFC-1-1-3::PROVPEC=NTTP01CF,CTYPE=\"GE LX [10k]/FC100 SM 1310nm LC SFP\",SNMPINDEX=671220739,PEC=NTTP01CF,REL=01,CLEI=WMOTAH1JAA,SER=EXLGJPM6E6850060:IS,ACT"
   "PGEFC-1-1-4::PROVPEC=NTTP01CF,CTYPE=\"GE LX [10k]/FC100 SM 1310nm LC SFP\",SNMPINDEX=671220740,PEC=NTTP01CF,REL=01,CLEI=WMOTAH1JAA,SER=EXLGJP8851590701:IS,ACT"
   "GE-1-2::PROVPEC=NTK535LA,CTYPE=\"GE EPL 4 Port SFP\",SNMPINDEX=671221760,PEC=NTK535LA,REL= 03 ,CLEI=WMOTAJ4JAC,SER=NNTMH870005R5,MDAT=2005-25,AGE=06-359-23-00,ONSC=02-159-09-33:IS,ACT"
   "PGEFC-1-2-1::PROVPEC=NTTP01CF,CTYPE=\"GE LX [10k]/FC100 SM 1310nm LC SFP\",SNMPINDEX=671221761,PEC=NTTP01CF,REL=04,CLEI=WMOTCWWJAB,SER=EXLGCN0864400403:IS,IDLE"
   "PGEFC-1-2-2::PROVPEC=NTTP01AF,CTYPE=\"GE SX/FC100 Mx 850nm LC SFP\",SNMPINDEX=671221762,PEC=NTTP01AF,REL=01,CLEI=SOC3NNFCAA,SER=AGLTMY00003XB7  :IS,IDLE"
   "PGEFC-1-2-3::PROVPEC=NTTP01CF,CTYPE=\"GE LX [10k]/FC100 SM 1310nm LC SFP\",SNMPINDEX=671221763,PEC=NTTP01CF,REL=01,CLEI=WMOTAH1JAA,SER=EXLGJPM6E6850055:IS,ACT"
   "PGEFC-1-2-4::PROVPEC=NTTP01CF,CTYPE=\"GE LX [10k]/FC100 SM 1310nm LC SFP\",SNMPINDEX=671221764,PEC=NTTP01CF,REL=01,CLEI=WMOTAH1JAA,SER=EXLGJPD751590499:IS,ACT"
>

   "Mt001A_OME01" 12-12-29 15:45:02
M  9 COMPLD
   "GE-1-3::PROVPEC=NTK535LA,CTYPE=\"GE EPL 4 Port SFP\",SNMPINDEX=671222784,PEC=NTK535LA,REL= 02 ,CLEI=WMOTAJ4JAB,SER=NNTM01G1D3NCE,MDAT=2004-39,AGE=06-314-00-15,ONSC=01-093-08-56:IS,ACT"
   "PGEFC200-1-3-2::PROVPEC=NTTP06CF,CTYPE=\"GE LX [10k]/FC100/FC200 SM 1310nm LC SFP\",SNMPINDEX=671222786,PEC=NTTP06CF,REL=05,CLEI=WMOTCWUJAA,SER=BP1037820635    :IS,ACT"
   "PGEFC200-1-3-3::PROVPEC=NTTP06CF,CTYPE=\"GE LX [10k]/FC100/FC200 SM 1310nm LC SFP\",SNMPINDEX=671222787,PEC=NTTP06CF,REL=05,CLEI=WMOTCWUJAA,SER=BP1037080900    :IS,ACT"
   "PGEFC200-1-3-4::PROVPEC=NTTP06CF,CTYPE=\"GE LX [10k]/FC100/FC200 SM 1310nm LC SFP\",SNMPINDEX=671222788,PEC=NTTP06CF,REL=05,CLEI=WMOTCWUJAA,SER=BP1037080865    :IS,ACT"
   "10GELWT-1-4::PROVPEC=NTK530AB,CTYPE=\"NGM WT 1x10GE LAN 1x11.1G DWDM\",SNMPINDEX=671223808,PEC=NTK530AB,REL= 25 ,CLEI=WMOPBZWLAD,SER=NNTMH8R001NKD,MDAT=2007-26,AGE=03-204-11-29,ONSC=00-251-16-33:IS,ACT"
   "P10GSOEL-1-4-2::PROVPEC=NTTP84BA,CTYPE=\"OC192 SR1/I64.1 10G LR/LW OTU2/10GFC 1200SMLLL 100m 1310 nm XFP\",SNMPINDEX=671223810,PEC=NTTP84BA,REL= 02,CLEI=WOTRANAKAB,SER=EXLGJP99E6190364:IS,ACT"
   "10G-1-5::PROVPEC=NTK523DA,CTYPE=\"OC-192/STM-64 STS-1/HO 1 Port IR-2/S-64.2\",SNMPINDEX=671224832,PEC=NTK523DA,REL= 04 ,CLEI=WMOTAGXJAB,SER=NNTMH820003WP,MDAT=2005-19,AGE=01-296-00-10,ONSC=01-296-00-10:IS,ACT"
   "10G-1-6::PROVPEC=NTK526KE,CTYPE=\"OC-192/STM-64 STS-1/HO 1 Port G.709 DWDM 1530.33nm\",SNMPINDEX=671225856,PEC=NTK526KE,REL= 05 ,CLEI=WMOTBDSJAA,SER=NNTM01F1D470C,MDAT=2004-50,AGE=01-296-00-07,ONSC=01-296-00-07:IS,ACT"
   "XC-1-7::PROVPEC=NTK557BA,CTYPE=\"X-Conn 160G+ STS-1/VC-3 Sync-ST3\",SNMPINDEX=671226880,PEC=NTK557BA,REL= 05 ,CLEI=WMIXCE0BAC,SER=NNTMGP6Z008FU,MDAT=2004-38,AGE=01-204-10-56,ONSC=01-092-08-49:IS,WRKTRAF&WRKSYNC"
   "XC-1-8::PROVPEC=NTK557BA,CTYPE=\"X-Conn 160G+ STS-1/VC-3 Sync-ST3\",SNMPINDEX=671227904,PEC=NTK557BA,REL= 11 ,CLEI=WMIXCE0BAG,SER=NNTMH11102FTP,MDAT=2008-30,AGE=01-227-21-12,ONSC=01-093-08-07:IS,STBYH"
>

   "Mt001A_OME01" 12-12-29 15:45:02
M  9 COMPLD
   "10G-1-9::PROVPEC=NTK526KE,CTYPE=\"OC-192/STM-64 STS-1/HO 1 Port G.709 DWDM 1530.33nm\",SNMPINDEX=671228928,PEC=NTK526KE,REL= 05 ,CLEI=WMOTBDSJAA,SER=NNTM01P1D45E2,MDAT=2004-50,AGE=01-296-00-12,ONSC=01-296-00-12:IS,ACT"
   "10G-1-10::PROVPEC=NTK526JA,CTYPE=\"OC-192/STM-64 STS-1/HO 1 Port G.709 DWDM C-Band AM1/AM2\",SNMPINDEX=671229952,PEC=NTK526JA,REL= 03A,CLEI=WMOTCM0JAB,SER=NNTMH11103MKX,MDAT=2010-12,AGE=01-091-12-43,ONSC=01-086-16-09:IS,ACT"
   "10GELWT-1-11::PROVPEC=NTK530BB,CTYPE=\"NGM WT 1x10GE LAN 1x11.1G DWDM Reg\",SNMPINDEX=671230976,PEC=NTK530BB,REL= 25 ,CLEI=BAC650NJAB,SER=NNTMH8N0038OI,MDAT=2007-35,AGE=03-197-12-43,ONSC=00-251-16-26:IS,ACT"
   "P10GSOEL-1-11-2::PROVPEC=NTTP84BA,CTYPE=\"OC192 SR1/I64.1 10G LR/LW OTU2/10GFC 1200SMLLL 100m 1310 nm XFP\",SNMPINDEX=671230978,PEC=NTTP84BA,REL= 02,CLEI=WOTRANAKAB,SER=EXLGJP99E6190369:IS,ACT"
   "10G-1-12::PROVPEC=NTK526JA,CTYPE=\"OC-192/STM-64 STS-1/HO 1 Port G.709 DWDM C-Band AM1/AM2\",SNMPINDEX=671232000,PEC=NTK526JA,REL= 03A,CLEI=WMOTCM0JAB,SER=NNTMH1H103MRR,MDAT=2010-12,AGE=01-093-07-08,ONSC=01-093-07-08:IS,ACT"
   "GE-1-13::PROVPEC=NTK535LA,CTYPE=\"GE EPL 4 Port SFP\",SNMPINDEX=671233024,PEC=NTK535LA,REL=06  ,CLEI=WMOTAJ4JAD,SER=NNTMH1C100H35,MDAT=2007-39,AGE=04-154-16-15,ONSC=01-093-08-47:IS,ACT"
   "PGEFC200-1-13-1::PROVPEC=NTTP06CF,CTYPE=\"GE LX [10k]/FC100/FC200 SM 1310nm LC SFP\",SNMPINDEX=671233025,PEC=NTTP06CF,REL=05,CLEI=WMOTCWUJAA,SER=BP0936890041    :IS,ACT"
   "PGEFC200-1-13-2::PROVPEC=NTTP06CF,CTYPE=\"GE LX [10k]/FC100/FC200 SM 1310nm LC SFP\",SNMPINDEX=671233026,PEC=NTTP06CF,REL=05,CLEI=WMOTCWUJAA,SER=BP1040140129    :IS,ACT"
   "PGEFC200-1-13-3::PROVPEC=NTTP06CF,CTYPE=\"GE LX [10k]/FC100/FC200 SM 1310nm LC SFP\",SNMPINDEX=671233027,PEC=NTTP06CF,REL=05,CLEI=WMOTCWUJAA,SER=BP1037820998    :IS,ACT"
   "PGEFC200-1-13-4::PROVPEC=NTTP06CF,CTYPE=\"GE LX [10k]/FC100/FC200 SM 1310nm LC SFP\",SNMPINDEX=671233028,PEC=NTTP06CF,REL=05,CLEI=WMOTCWUJAA,SER=BP0936890007    :IS,ACT"
>

   "Mt001A_OME01" 12-12-29 15:45:02
M  9 COMPLD
   "10GELWT-1-14::PROVPEC=NTK530BB,CTYPE=\"NGM WT 1x10GE LAN 1x11.1G DWDM Reg\",SNMPINDEX=671234048,PEC=NTK530BB,REL= 30 ,CLEI=WMOPBEXLAE,SER=NNTMGY9005ZUL,MDAT=2008-44,AGE=00-338-14-07,ONSC=00-338-08-09:IS,ACT"
   "P10GSOEL-1-14-2::PROVPEC=NTTP84BA,CTYPE=\"OC192 SR1/I64.1 10G LR/LW OTU2/10GFC 1200SMLLL 100m 1310 nm XFP\",SNMPINDEX=671234050,PEC=NTTP84BA,REL= 03,CLEI=WOTRANAKAC,SER=EXLGCN1X16791022:IS,ACT"
   "SP-1-15::PROVPEC=NTK555AA,CTYPE=\"Processor SP\",SNMPINDEX=671235072,PEC=NTK555AA,REL= 05 ,CLEI=WMUCAJFAAB,SER=NNTM01V1D3PEH,MDAT=2004-43,AGE=07-109-20-32,ONSC=02-159-09-49,TCUR=21,TAVG=22:IS,"
;RTRV-OC3:"Mt001A_OME01":OC3-1-ALL:10;
IP 10
<

   "Mt001A_OME01" 12-12-29 15:45:04
M  10 COMPLD
;RTRV-OC12:"Mt001A_OME01":OC12-1-ALL:11;
IP 11
<

   "Mt001A_OME01" 12-12-29 15:45:04
M  11 COMPLD
;RTRV-OC48:"Mt001A_OME01":OC48-1-ALL:12;
IP 12
<

   "Mt001A_OME01" 12-12-29 15:45:04
M  12 COMPLD
;RTRV-OC192:"Mt001A_OME01":OC192-1-ALL:13;
IP 13
<

   "Mt001A_OME01" 12-12-29 15:45:05
M  13 COMPLD
   "OC192-1-5-1::TMGREF=N,DCC=Y,,SDTH=6,,,,,ALS=DISABLED,DUSOVERRIDE=DISABLED,EBERTH=3,PORTMODE=SDH,UNEQMODE=VC4,,,,CLFI=\"\":IS,"
   "OC192-1-6-1::TMGREF=Y,DCC=Y,,SDTH=6,,,,,ALS=DISABLED,DUSOVERRIDE=DISABLED,EBERTH=3,PORTMODE=SDH,UNEQMODE=VC4,,,,CLFI=\"\":IS,"
   "OC192-1-9-1::TMGREF=Y,DCC=Y,,SDTH=6,,,,,ALS=ENABLED,DUSOVERRIDE=DISABLED,EBERTH=3,PORTMODE=SDH,UNEQMODE=VC4,,,,CLFI=\"\":IS,"
   "OC192-1-10-1::TMGREF=N,DCC=Y,,SDTH=6,,,,,ALS=DISABLED,DUSOVERRIDE=DISABLED,EBERTH=3,PORTMODE=SDH,UNEQMODE=VC4,,,,CLFI=\"\":IS,"
   "OC192-1-12-1::TMGREF=N,DCC=Y,,SDTH=6,,,,,ALS=DISABLED,DUSOVERRIDE=DISABLED,EBERTH=3,PORTMODE=SDH,UNEQMODE=VC4,,,,CLFI=\"\":IS,"
;RTRV-ETH:"Mt001A_OME01":ETH-1-ALL:14;
IP 14
<

   "Mt001A_OME01" 12-12-29 15:45:05
A  0001263737 REPT EVT COM
   "SP-1-15:PMFTPI,TC,12-29,15-45-05,NEND,NA,,,:\"file 'sftp://sftpuser@145.145.64.26:22//opt/nortel/omea/NE_info/pmdata/0020D8DF37C9/pm_Mt001A_OME01_20121229154503_date_201212291530.gz' has started\",NONE:0100000000-0000-0647,:YEAR=2012,MODE=NONE,SIGLAYER=\"\""
;

   "Mt001A_OME01" 12-12-29 15:45:08
M  14 COMPLD
   "ETH-1-1-1::AN=ENABLE,ANSTATUS=COMPLETED,ANETHDPX=FULL,ANSPEED=1000,ANPAUSETX=DISABLE,ANPAUSERX=DISABLE,ADVETHDPX=FULL,ADVSPEED=1000,ADVFLOWCTRL=NONE,ETHDPX=FULL,SPEED=1000,FLOWCTRL=NONE,PAUSETX=DISABLE,PAUSERX=DISABLE,PAUSERXOVERRIDE=ENABLE,MTU=9600,TXCON=ENABLE,PASSCTRL=DISABLE,PAUSETXOVERRIDE=DISABLE,RXIDLE=0,CFPRF=CFPRF-1-4,PHYSADDR=001158FF5297,CLFI=\"\":IS"
   "ETH-1-1-3::AN=ENABLE,ANSTATUS=COMPLETED,ANETHDPX=FULL,ANSPEED=1000,ANPAUSETX=DISABLE,ANPAUSERX=DISABLE,ADVETHDPX=FULL,ADVSPEED=1000,ADVFLOWCTRL=NONE,ETHDPX=FULL,SPEED=1000,FLOWCTRL=NONE,PAUSETX=DISABLE,PAUSERX=DISABLE,PAUSERXOVERRIDE=ENABLE,MTU=9600,TXCON=ENABLE,PASSCTRL=DISABLE,PAUSETXOVERRIDE=DISABLE,RXIDLE=0,CFPRF=CFPRF-1-4,PHYSADDR=001158FF5299,CLFI=\"ODF01_P3\":IS"
   "ETH-1-1-4::AN=ENABLE,ANSTATUS=COMPLETED,ANETHDPX=FULL,ANSPEED=1000,ANPAUSETX=DISABLE,ANPAUSERX=DISABLE,ADVETHDPX=FULL,ADVSPEED=1000,ADVFLOWCTRL=SYM,ETHDPX=FULL,SPEED=1000,FLOWCTRL=NONE,PAUSETX=DISABLE,PAUSERX=DISABLE,PAUSERXOVERRIDE=ENABLE,MTU=9600,TXCON=ENABLE,PASSCTRL=DISABLE,PAUSETXOVERRIDE=DISABLE,RXIDLE=0,CFPRF=CFPRF-1-4,PHYSADDR=001158FF529A,CLFI=\"\":IS"
   "ETH-1-2-1::AN=ENABLE,ANSTATUS=INPROGRESS,ANETHDPX=UNKNOWN,ANSPEED=UNKNOWN,ANPAUSETX=UNKNOWN,ANPAUSERX=UNKNOWN,ADVETHDPX=UNKNOWN,ADVSPEED=UNKNOWN,ADVFLOWCTRL=UNKNOWN,ETHDPX=FULL,SPEED=1000,FLOWCTRL=NONE,PAUSETX=DISABLE,PAUSERX=DISABLE,PAUSERXOVERRIDE=ENABLE,MTU=9600,TXCON=ENABLE,PASSCTRL=DISABLE,PAUSETXOVERRIDE=DISABLE,RXIDLE=0,CFPRF=CFPRF-1-4,PHYSADDR=001158FF6FB2,CLFI=\"\":OOS-MA,DISCD"
>

   "Mt001A_OME01" 12-12-29 15:45:08
M  14 COMPLD
   "ETH-1-2-2::AN=ENABLE,ANSTATUS=INPROGRESS,ANETHDPX=UNKNOWN,ANSPEED=UNKNOWN,ANPAUSETX=UNKNOWN,ANPAUSERX=UNKNOWN,ADVETHDPX=UNKNOWN,ADVSPEED=UNKNOWN,ADVFLOWCTRL=UNKNOWN,ETHDPX=FULL,SPEED=1000,FLOWCTRL=NONE,PAUSETX=DISABLE,PAUSERX=DISABLE,PAUSERXOVERRIDE=ENABLE,MTU=9600,TXCON=ENABLE,PASSCTRL=DISABLE,PAUSETXOVERRIDE=DISABLE,RXIDLE=0,CFPRF=CFPRF-1-4,PHYSADDR=001158FF6FB3,CLFI=\"\":OOS-MA,DISCD"
   "ETH-1-2-3::AN=ENABLE,ANSTATUS=COMPLETED,ANETHDPX=FULL,ANSPEED=1000,ANPAUSETX=DISABLE,ANPAUSERX=DISABLE,ADVETHDPX=FULL,ADVSPEED=1000,ADVFLOWCTRL=NONE,ETHDPX=FULL,SPEED=1000,FLOWCTRL=NONE,PAUSETX=DISABLE,PAUSERX=DISABLE,PAUSERXOVERRIDE=ENABLE,MTU=9600,TXCON=ENABLE,PASSCTRL=DISABLE,PAUSETXOVERRIDE=DISABLE,RXIDLE=0,CFPRF=CFPRF-1-4,PHYSADDR=001158FF6FB4,CLFI=\"\":IS"
   "ETH-1-2-4::AN=ENABLE,ANSTATUS=COMPLETED,ANETHDPX=FULL,ANSPEED=1000,ANPAUSETX=DISABLE,ANPAUSERX=DISABLE,ADVETHDPX=FULL,ADVSPEED=1000,ADVFLOWCTRL=SYM,ETHDPX=FULL,SPEED=1000,FLOWCTRL=NONE,PAUSETX=DISABLE,PAUSERX=DISABLE,PAUSERXOVERRIDE=ENABLE,MTU=9600,TXCON=ENABLE,PASSCTRL=DISABLE,PAUSETXOVERRIDE=DISABLE,RXIDLE=0,CFPRF=CFPRF-1-4,PHYSADDR=001158FF6FB5,CLFI=\"\":IS"
   "ETH-1-3-2::AN=ENABLE,ANSTATUS=COMPLETED,ANETHDPX=FULL,ANSPEED=1000,ANPAUSETX=DISABLE,ANPAUSERX=DISABLE,ADVETHDPX=FULL,ADVSPEED=1000,ADVFLOWCTRL=BOTH,ETHDPX=FULL,SPEED=1000,FLOWCTRL=NONE,PAUSETX=DISABLE,PAUSERX=DISABLE,PAUSERXOVERRIDE=ENABLE,MTU=9600,TXCON=ENABLE,PASSCTRL=DISABLE,PAUSETXOVERRIDE=DISABLE,RXIDLE=0,CFPRF=CFPRF-1-4,PHYSADDR=0020D8DF3DF1,CLFI=\"Mt001A_5410_02 S1P6\":IS"
>

   "Mt001A_OME01" 12-12-29 15:45:08
M  14 COMPLD
   "ETH-1-3-3::AN=ENABLE,ANSTATUS=COMPLETED,ANETHDPX=FULL,ANSPEED=1000,ANPAUSETX=DISABLE,ANPAUSERX=DISABLE,ADVETHDPX=FULL,ADVSPEED=1000,ADVFLOWCTRL=BOTH,ETHDPX=FULL,SPEED=1000,FLOWCTRL=NONE,PAUSETX=DISABLE,PAUSERX=DISABLE,PAUSERXOVERRIDE=ENABLE,MTU=9600,TXCON=ENABLE,PASSCTRL=DISABLE,PAUSETXOVERRIDE=DISABLE,RXIDLE=0,CFPRF=CFPRF-1-4,PHYSADDR=0020D8DF3DF2,CLFI=\"Mt001A_5410_01 S1P8\":IS"
   "ETH-1-3-4::AN=ENABLE,ANSTATUS=COMPLETED,ANETHDPX=FULL,ANSPEED=1000,ANPAUSETX=DISABLE,ANPAUSERX=DISABLE,ADVETHDPX=FULL,ADVSPEED=1000,ADVFLOWCTRL=BOTH,ETHDPX=FULL,SPEED=1000,FLOWCTRL=NONE,PAUSETX=DISABLE,PAUSERX=DISABLE,PAUSERXOVERRIDE=ENABLE,MTU=9600,TXCON=ENABLE,PASSCTRL=DISABLE,PAUSETXOVERRIDE=DISABLE,RXIDLE=0,CFPRF=CFPRF-1-4,PHYSADDR=0020D8DF3DF3,CLFI=\"Mt001A_5410_02 S1P4\":IS"
   "ETH-1-13-1::AN=ENABLE,ANSTATUS=COMPLETED,ANETHDPX=FULL,ANSPEED=1000,ANPAUSETX=DISABLE,ANPAUSERX=DISABLE,ADVETHDPX=FULL,ADVSPEED=1000,ADVFLOWCTRL=BOTH,ETHDPX=FULL,SPEED=1000,FLOWCTRL=NONE,PAUSETX=DISABLE,PAUSERX=DISABLE,PAUSERXOVERRIDE=ENABLE,MTU=9600,TXCON=ENABLE,PASSCTRL=DISABLE,PAUSETXOVERRIDE=DISABLE,RXIDLE=0,CFPRF=CFPRF-1-4,PHYSADDR=0019E1EF6D7E,CLFI=\"Mt001A_5410_01 S1P1\":IS"
   "ETH-1-13-2::AN=ENABLE,ANSTATUS=COMPLETED,ANETHDPX=FULL,ANSPEED=1000,ANPAUSETX=DISABLE,ANPAUSERX=DISABLE,ADVETHDPX=FULL,ADVSPEED=1000,ADVFLOWCTRL=BOTH,ETHDPX=FULL,SPEED=1000,FLOWCTRL=NONE,PAUSETX=DISABLE,PAUSERX=DISABLE,PAUSERXOVERRIDE=ENABLE,MTU=9600,TXCON=ENABLE,PASSCTRL=DISABLE,PAUSETXOVERRIDE=DISABLE,RXIDLE=0,CFPRF=CFPRF-1-4,PHYSADDR=0019E1EF6D7F,CLFI=\"Mt001A_5410_01 S1P6\":IS"
>

   "Mt001A_OME01" 12-12-29 15:45:08
M  14 COMPLD
   "ETH-1-13-3::AN=ENABLE,ANSTATUS=COMPLETED,ANETHDPX=FULL,ANSPEED=1000,ANPAUSETX=DISABLE,ANPAUSERX=DISABLE,ADVETHDPX=FULL,ADVSPEED=1000,ADVFLOWCTRL=BOTH,ETHDPX=FULL,SPEED=1000,FLOWCTRL=NONE,PAUSETX=DISABLE,PAUSERX=DISABLE,PAUSERXOVERRIDE=ENABLE,MTU=9600,TXCON=ENABLE,PASSCTRL=DISABLE,PAUSETXOVERRIDE=DISABLE,RXIDLE=0,CFPRF=CFPRF-1-4,PHYSADDR=0019E1EF6D80,CLFI=\"Mt001A_5410_01 S1P3\":IS"
   "ETH-1-13-4::AN=ENABLE,ANSTATUS=COMPLETED,ANETHDPX=FULL,ANSPEED=1000,ANPAUSETX=DISABLE,ANPAUSERX=DISABLE,ADVETHDPX=FULL,ADVSPEED=1000,ADVFLOWCTRL=BOTH,ETHDPX=FULL,SPEED=1000,FLOWCTRL=NONE,PAUSETX=DISABLE,PAUSERX=DISABLE,PAUSERXOVERRIDE=ENABLE,MTU=9600,TXCON=ENABLE,PASSCTRL=DISABLE,PAUSETXOVERRIDE=DISABLE,RXIDLE=0,CFPRF=CFPRF-1-4,PHYSADDR=0019E1EF6D81,CLFI=\"Mt001A_5410_01 S1P4\":IS"
;RTRV-ETH10G:"Mt001A_OME01":ETH10G-1-ALL:15;
IP 15
<

   "Mt001A_OME01" 12-12-29 15:45:10
M  15 COMPLD
   "ETH10G-1-4-2::LASEROFFFARENDFAIL=DISABLED,OCHTXACTPWR=\"-3.5\",OCHTXMINPWR=\"-8.0\",OCHTXMAXPWR=\"0.9\",OCHRXACTPWR=\"-6.7\",OCHRXMINPWR=\"-13.0\",OCHRXMAXPWR=\"0.4\",FLOWCTRL=NONE,CLFI=\"Mt001A_5410_01 S6P2\",,:IS"
   "ETH10G-1-11-2::LASEROFFFARENDFAIL=DISABLED,OCHTXACTPWR=\"-3.6\",OCHTXMINPWR=\"-8.0\",OCHTXMAXPWR=\"0.9\",OCHRXACTPWR=\"-7.7\",OCHRXMINPWR=\"-13.0\",OCHRXMAXPWR=\"0.4\",FLOWCTRL=NONE,CLFI=\"Mt001A_5410_02 S6P2\",,:IS"
   "ETH10G-1-14-2::LASEROFFFARENDFAIL=DISABLED,OCHTXACTPWR=\"-3.0\",OCHTXMINPWR=\"-8.0\",OCHTXMAXPWR=\"0.9\",OCHRXACTPWR=\"-3.8\",OCHRXMINPWR=\"-13.0\",OCHRXMAXPWR=\"0.4\",FLOWCTRL=NONE,CLFI=\"Belnet\",,:IS"
>

   "Mt001A_OME01" 12-12-29 15:45:10
M  15 COMPLD
;RTRV-ETH100:"Mt001A_OME01":ETH100-1-ALL:16;
IP 16
<

   "Mt001A_OME01" 12-12-29 15:45:10
M  16 COMPLD
;RTRV-WAN:"Mt001A_OME01":WAN-1-ALL:17;
IP 17
<

   "Mt001A_OME01" 12-12-29 15:45:13
M  17 COMPLD
   "WAN-1-1-1::MAPPING=GFP-F,RATE=STS3C,VCAT=ENABLE,LCAS=DISABLE,PROVUNITS=7,ACTUALUNITS=7,MAGICNUM=DISABLE,LCM=DISABLE,NCP=NONE,MODE=SDH,FCS=32,SCRAMBLE=ENABLE,LANFCS=ENABLE,RTDELAY=695,CONDTYPE=GFPCMF,GFPRFI=ENABLE,AVLBLRATE=STS3C,PROVRXUNITS=7,GFPRTDELAY=ENABLE,MAXVCDEL=14000,CURRVCDEL=0,ACTUALRXUNITS=7:IS"
   "WAN-1-1-3::MAPPING=GFP-F,RATE=STS3C,VCAT=ENABLE,LCAS=DISABLE,PROVUNITS=1,ACTUALUNITS=1,MAGICNUM=DISABLE,LCM=DISABLE,NCP=NONE,MODE=SDH,FCS=32,SCRAMBLE=ENABLE,LANFCS=ENABLE,RTDELAY=1553,CONDTYPE=GFPCMF,GFPRFI=ENABLE,AVLBLRATE=STS3C,PROVRXUNITS=1,GFPRTDELAY=ENABLE,MAXVCDEL=14000,CURRVCDEL=0,ACTUALRXUNITS=1:IS"
   "WAN-1-1-4::MAPPING=GFP-F,RATE=STS3C,VCAT=ENABLE,LCAS=DISABLE,PROVUNITS=2,ACTUALUNITS=2,MAGICNUM=DISABLE,LCM=DISABLE,NCP=NONE,MODE=SDH,FCS=32,SCRAMBLE=ENABLE,LANFCS=ENABLE,RTDELAY=5630,CONDTYPE=GFPCMF,GFPRFI=ENABLE,AVLBLRATE=STS3C,PROVRXUNITS=2,GFPRTDELAY=ENABLE,MAXVCDEL=14000,CURRVCDEL=0,ACTUALRXUNITS=2:IS"
   "WAN-1-2-1::MAPPING=GFP-F,RATE=NONE,VCAT=ENABLE,LCAS=DISABLE,PROVUNITS=0,ACTUALUNITS=0,MAGICNUM=DISABLE,LCM=DISABLE,NCP=NONE,MODE=SDH,FCS=32,SCRAMBLE=ENABLE,LANFCS=ENABLE,RTDELAY=UNKNOWN,CONDTYPE=GFPCMF,GFPRFI=ENABLE,AVLBLRATE=STS1HO/STS1LO/STS3C,PROVRXUNITS=0,GFPRTDELAY=ENABLE,MAXVCDEL=14000,CURRVCDEL=0,ACTUALRXUNITS=0:OOS-MA,DISCD"
   "WAN-1-2-2::MAPPING=GFP-F,RATE=NONE,VCAT=ENABLE,LCAS=DISABLE,PROVUNITS=0,ACTUALUNITS=0,MAGICNUM=DISABLE,LCM=DISABLE,NCP=NONE,MODE=SDH,FCS=32,SCRAMBLE=ENABLE,LANFCS=ENABLE,RTDELAY=UNKNOWN,CONDTYPE=GFPCMF,GFPRFI=ENABLE,AVLBLRATE=STS1HO/STS1LO/STS3C,PROVRXUNITS=0,GFPRTDELAY=ENABLE,MAXVCDEL=14000,CURRVCDEL=0,ACTUALRXUNITS=0:OOS-MA,DISCD"
>

   "Mt001A_OME01" 12-12-29 15:45:13
M  17 COMPLD
   "WAN-1-2-3::MAPPING=GFP-F,RATE=STS3C,VCAT=ENABLE,LCAS=DISABLE,PROVUNITS=1,ACTUALUNITS=1,MAGICNUM=DISABLE,LCM=DISABLE,NCP=NONE,MODE=SDH,FCS=32,SCRAMBLE=ENABLE,LANFCS=ENABLE,RTDELAY=1545,CONDTYPE=GFPCMF,GFPRFI=ENABLE,AVLBLRATE=STS3C,PROVRXUNITS=1,GFPRTDELAY=ENABLE,MAXVCDEL=14000,CURRVCDEL=0,ACTUALRXUNITS=1:IS"
   "WAN-1-2-4::MAPPING=GFP-F,RATE=STS3C,VCAT=ENABLE,LCAS=DISABLE,PROVUNITS=2,ACTUALUNITS=2,MAGICNUM=DISABLE,LCM=DISABLE,NCP=NONE,MODE=SDH,FCS=32,SCRAMBLE=ENABLE,LANFCS=ENABLE,RTDELAY=4391,CONDTYPE=GFPCMF,GFPRFI=ENABLE,AVLBLRATE=STS3C,PROVRXUNITS=2,GFPRTDELAY=ENABLE,MAXVCDEL=14000,CURRVCDEL=0,ACTUALRXUNITS=2:IS"
   "WAN-1-3-2::MAPPING=GFP-F,RATE=STS3C,VCAT=ENABLE,LCAS=DISABLE,PROVUNITS=7,ACTUALUNITS=7,MAGICNUM=DISABLE,LCM=DISABLE,NCP=NONE,MODE=SDH,FCS=32,SCRAMBLE=ENABLE,LANFCS=ENABLE,RTDELAY=590,CONDTYPE=GFPCMF,GFPRFI=ENABLE,AVLBLRATE=STS3C,PROVRXUNITS=7,GFPRTDELAY=ENABLE,MAXVCDEL=14000,CURRVCDEL=0,ACTUALRXUNITS=7:IS"
   "WAN-1-3-3::MAPPING=GFP-F,RATE=STS3C,VCAT=ENABLE,LCAS=DISABLE,PROVUNITS=7,ACTUALUNITS=7,MAGICNUM=DISABLE,LCM=DISABLE,NCP=NONE,MODE=SDH,FCS=32,SCRAMBLE=ENABLE,LANFCS=ENABLE,RTDELAY=584,CONDTYPE=GFPCMF,GFPRFI=ENABLE,AVLBLRATE=STS3C,PROVRXUNITS=7,GFPRTDELAY=ENABLE,MAXVCDEL=14000,CURRVCDEL=0,ACTUALRXUNITS=7:IS"
   "WAN-1-3-4::MAPPING=GFP-F,RATE=STS3C,VCAT=ENABLE,LCAS=DISABLE,PROVUNITS=7,ACTUALUNITS=7,MAGICNUM=DISABLE,LCM=DISABLE,NCP=NONE,MODE=SDH,FCS=32,SCRAMBLE=ENABLE,LANFCS=ENABLE,RTDELAY=587,CONDTYPE=GFPCMF,GFPRFI=ENABLE,AVLBLRATE=STS3C,PROVRXUNITS=7,GFPRTDELAY=ENABLE,MAXVCDEL=14000,CURRVCDEL=0,ACTUALRXUNITS=7:IS"
>

   "Mt001A_OME01" 12-12-29 15:45:13
M  17 COMPLD
   "WAN-1-13-1::MAPPING=GFP-F,RATE=STS3C,VCAT=ENABLE,LCAS=DISABLE,PROVUNITS=7,ACTUALUNITS=7,MAGICNUM=DISABLE,LCM=DISABLE,NCP=NONE,MODE=SDH,FCS=32,SCRAMBLE=ENABLE,LANFCS=ENABLE,RTDELAY=545,CONDTYPE=GFPCMF,GFPRFI=ENABLE,AVLBLRATE=STS3C,PROVRXUNITS=7,GFPRTDELAY=ENABLE,MAXVCDEL=14000,CURRVCDEL=0,ACTUALRXUNITS=7:IS"
   "WAN-1-13-2::MAPPING=GFP-F,RATE=STS3C,VCAT=ENABLE,LCAS=DISABLE,PROVUNITS=7,ACTUALUNITS=7,MAGICNUM=DISABLE,LCM=DISABLE,NCP=NONE,MODE=SDH,FCS=32,SCRAMBLE=ENABLE,LANFCS=ENABLE,RTDELAY=829,CONDTYPE=GFPCMF,GFPRFI=ENABLE,AVLBLRATE=STS3C,PROVRXUNITS=7,GFPRTDELAY=ENABLE,MAXVCDEL=14000,CURRVCDEL=125,ACTUALRXUNITS=7:IS"
   "WAN-1-13-3::MAPPING=GFP-F,RATE=STS3C,VCAT=ENABLE,LCAS=DISABLE,PROVUNITS=7,ACTUALUNITS=7,MAGICNUM=DISABLE,LCM=DISABLE,NCP=NONE,MODE=SDH,FCS=32,SCRAMBLE=ENABLE,LANFCS=ENABLE,RTDELAY=938,CONDTYPE=GFPCMF,GFPRFI=ENABLE,AVLBLRATE=STS3C,PROVRXUNITS=7,GFPRTDELAY=ENABLE,MAXVCDEL=14000,CURRVCDEL=0,ACTUALRXUNITS=7:IS"
   "WAN-1-13-4::MAPPING=GFP-F,RATE=STS3C,VCAT=ENABLE,LCAS=DISABLE,PROVUNITS=7,ACTUALUNITS=7,MAGICNUM=DISABLE,LCM=DISABLE,NCP=NONE,MODE=SDH,FCS=32,SCRAMBLE=ENABLE,LANFCS=ENABLE,RTDELAY=813,CONDTYPE=GFPCMF,GFPRFI=ENABLE,AVLBLRATE=STS3C,PROVRXUNITS=7,GFPRTDELAY=ENABLE,MAXVCDEL=14000,CURRVCDEL=125,ACTUALRXUNITS=7:IS"
;RTRV-VCS:"Mt001A_OME01":VCS-1-ALL:18;
IP 18
<

   "Mt001A_OME01" 12-12-29 15:45:14
M  18 COMPLD
;RTRV-VCE:"Mt001A_OME01":VCE-1-ALL:19;
IP 19
<

   "Mt001A_OME01" 12-12-29 15:45:14
M  19 COMPLD
;RTRV-VCEMAP:"Mt001A_OME01":VCEMAP-1-ALL:20;
IP 20
<

   "Mt001A_OME01" 12-12-29 15:45:15
M  20 COMPLD
;RTRV-CRS-ALL:"Mt001A_OME01"::21:::CKTID=ALL;
IP 21
<

   "Mt001A_OME01" 12-12-29 15:45:15
M  21 COMPLD
   "STS3C-1-6-1-25,STS3C-1-1-4-1:2WAY:PRIMARYXC=SHELF,PRIME=OSS,CKTID=\"2120LR1_Mt01-Asd01_RIVM-O13(SKSL@Mt09 DigiBob_OPN)\":STS3C:"
   "STS3C-1-6-1-28,STS3C-1-1-4-4:2WAY:PRIMARYXC=SHELF,PRIME=OSS,CKTID=\"2120LR1_Mt01-Asd01_RIVM-O13(SKSL@Mt09 DigiBob_OPN)\":STS3C:"
   "STS3C-1-9-1-4,STS3C-1-1-3-1:2WAYPR:SWMATE=STS3C-1-6-1-1,PRIMARYXC=SHELF,PRIME=OSS,CKTID=\"2185LP_Mt01-Ehv01_AZM-Veldhoven(Mt01-Vhn01)\":STS3C:"
   "STS3C-1-10-1-85,STS3C-1-1-1-1:2WAYPR:SWMATE=STS3C-1-12-1-85,PRIMARYXC=SHELF,PRIME=OSS,CKTID=\"DRAC-e5429191-1342184045009\":STS3C:"
   "STS3C-1-10-1-88,STS3C-1-1-1-4:2WAYPR:SWMATE=STS3C-1-12-1-88,PRIMARYXC=SHELF,PRIME=OSS,CKTID=\"DRAC-e5429191-1342184045009\":STS3C:"
   "STS3C-1-10-1-91,STS3C-1-1-1-7:2WAYPR:SWMATE=STS3C-1-12-1-91,PRIMARYXC=SHELF,PRIME=OSS,CKTID=\"DRAC-e5429191-1342184045009\":STS3C:"
   "STS3C-1-10-1-94,STS3C-1-1-1-10:2WAYPR:SWMATE=STS3C-1-12-1-94,PRIMARYXC=SHELF,PRIME=OSS,CKTID=\"DRAC-e5429191-1342184045009\":STS3C:"
   "STS3C-1-10-1-97,STS3C-1-1-1-13:2WAYPR:SWMATE=STS3C-1-12-1-97,PRIMARYXC=SHELF,PRIME=OSS,CKTID=\"DRAC-e5429191-1342184045009\":STS3C:"
   "STS3C-1-10-1-100,STS3C-1-1-1-16:2WAYPR:SWMATE=STS3C-1-12-1-100,PRIMARYXC=SHELF,PRIME=OSS,CKTID=\"DRAC-e5429191-1342184045009\":STS3C:"
   "STS3C-1-10-1-103,STS3C-1-1-1-19:2WAYPR:SWMATE=STS3C-1-12-1-103,PRIMARYXC=SHELF,PRIME=OSS,CKTID=\"DRAC-e5429191-1342184045009\":STS3C:"
   "STS3C-1-9-1-25,STS3C-1-2-4-1:2WAY:PRIMARYXC=SHELF,PRIME=OSS,CKTID=\"2120LR2_Mt01-Asd02_RIVM-O13(SKSL@Mt09 DigiBob_OPN)\":STS3C:"
   "STS3C-1-9-1-28,STS3C-1-2-4-4:2WAY:PRIMARYXC=SHELF,PRIME=OSS,CKTID=\"2120LR2_Mt01-Asd02_RIVM-O13(SKSL@Mt09 DigiBob_OPN)\":STS3C:"
   "STS3C-1-9-1-7,STS3C-1-2-3-1:2WAYPR:SWMATE=STS3C-1-6-1-4,PRIMARYXC=SHELF,PRIME=OSS,CKTID=\"2186LP_Mt01-Ehv01_AZM-Eindhoven(Mt01-Ehv16)\":STS3C:"
   "STS3C-1-12-1-64,STS3C-1-3-4-1:2WAY:PRIMARYXC=SHELF,PRIME=OSS,CKTID=\"0043IR1_Hrl01-Mt01_HSZuyd(@OU Hrl01)\":STS3C:"
   "STS3C-1-12-1-67,STS3C-1-3-4-4:2WAY:PRIMARYXC=SHELF,PRIME=OSS,CKTID=\"0043IR1_Hrl01-Mt01_HSZuyd(@OU Hrl01)\":STS3C:"
   "STS3C-1-12-1-70,STS3C-1-3-4-7:2WAY:PRIMARYXC=SHELF,PRIME=OSS,CKTID=\"0043IR1_Hrl01-Mt01_HSZuyd(@OU Hrl01)\":STS3C:"
   "STS3C-1-12-1-73,STS3C-1-3-4-10:2WAY:PRIMARYXC=SHELF,PRIME=OSS,CKTID=\"0043IR1_Hrl01-Mt01_HSZuyd(@OU Hrl01)\":STS3C:"
   "STS3C-1-12-1-76,STS3C-1-3-4-13:2WAY:PRIMARYXC=SHELF,PRIME=OSS,CKTID=\"0043IR1_Hrl01-Mt01_HSZuyd(@OU Hrl01)\":STS3C:"
>

   "Mt001A_OME01" 12-12-29 15:45:15
M  21 COMPLD
   "STS3C-1-12-1-79,STS3C-1-3-4-16:2WAY:PRIMARYXC=SHELF,PRIME=OSS,CKTID=\"0043IR1_Hrl01-Mt01_HSZuyd(@OU Hrl01)\":STS3C:"
   "STS3C-1-12-1-82,STS3C-1-3-4-19:2WAY:PRIMARYXC=SHELF,PRIME=OSS,CKTID=\"0043IR1_Hrl01-Mt01_HSZuyd(@OU Hrl01)\":STS3C:"
   "STS3C-1-12-1-1,STS3C-1-3-3-1:2WAY:PRIMARYXC=SHELF,PRIME=OSS,CKTID=\"0041IR1_Hrl01-Mt01_SVOPL(@OU Hrl01)\":STS3C:"
   "STS3C-1-12-1-4,STS3C-1-3-3-4:2WAY:PRIMARYXC=SHELF,PRIME=OSS,CKTID=\"0041IR1_Hrl01-Mt01_SVOPL(@OU Hrl01)\":STS3C:"
   "STS3C-1-12-1-7,STS3C-1-3-3-7:2WAY:PRIMARYXC=SHELF,PRIME=OSS,CKTID=\"0041IR1_Hrl01-Mt01_SVOPL(@OU Hrl01)\":STS3C:"
   "STS3C-1-12-1-10,STS3C-1-3-3-10:2WAY:PRIMARYXC=SHELF,PRIME=OSS,CKTID=\"0041IR1_Hrl01-Mt01_SVOPL(@OU Hrl01)\":STS3C:"
   "STS3C-1-12-1-13,STS3C-1-3-3-13:2WAY:PRIMARYXC=SHELF,PRIME=OSS,CKTID=\"0041IR1_Hrl01-Mt01_SVOPL(@OU Hrl01)\":STS3C:"
   "STS3C-1-12-1-16,STS3C-1-3-3-16:2WAY:PRIMARYXC=SHELF,PRIME=OSS,CKTID=\"0041IR1_Hrl01-Mt01_SVOPL(@OU Hrl01)\":STS3C:"
   "STS3C-1-12-1-19,STS3C-1-3-3-19:2WAY:PRIMARYXC=SHELF,PRIME=OSS,CKTID=\"0041IR1_Hrl01-Mt01_SVOPL(@OU Hrl01)\":STS3C:"
   "STS3C-1-12-1-22,STS3C-1-3-2-1:2WAY:PRIMARYXC=SHELF,PRIME=OSS,CKTID=\"0042IR1_Hrl01-Mt01_OU\":STS3C:"
   "STS3C-1-12-1-25,STS3C-1-3-2-4:2WAY:PRIMARYXC=SHELF,PRIME=OSS,CKTID=\"0042IR1_Hrl01-Mt01_OU\":STS3C:"
   "STS3C-1-12-1-28,STS3C-1-3-2-7:2WAY:PRIMARYXC=SHELF,PRIME=OSS,CKTID=\"0042IR1_Hrl01-Mt01_OU\":STS3C:"
   "STS3C-1-12-1-31,STS3C-1-3-2-10:2WAY:PRIMARYXC=SHELF,PRIME=OSS,CKTID=\"0042IR1_Hrl01-Mt01_OU\":STS3C:"
   "STS3C-1-12-1-34,STS3C-1-3-2-13:2WAY:PRIMARYXC=SHELF,PRIME=OSS,CKTID=\"0042IR1_Hrl01-Mt01_OU\":STS3C:"
   "STS3C-1-12-1-37,STS3C-1-3-2-16:2WAY:PRIMARYXC=SHELF,PRIME=OSS,CKTID=\"0042IR1_Hrl01-Mt01_OU\":STS3C:"
   "STS3C-1-12-1-40,STS3C-1-3-2-19:2WAY:PRIMARYXC=SHELF,PRIME=OSS,CKTID=\"0042IR1_Hrl01-Mt01_OU\":STS3C:"
   "STS3C-1-9-1-43,STS3C-1-5-1-1:2WAY:PRIMARYXC=SHELF,PRIME=OSS,CKTID=\"2011LR2_Mt07-Asd02_OU-O15(Mt-OPN)\":STS3C:"
   "STS3C-1-9-1-46,STS3C-1-5-1-4:2WAY:PRIMARYXC=SHELF,PRIME=OSS,CKTID=\"2011LR2_Mt07-Asd02_OU-O15(Mt-OPN)\":STS3C:"
>

   "Mt001A_OME01" 12-12-29 15:45:15
M  21 COMPLD
   "STS3C-1-9-1-49,STS3C-1-5-1-7:2WAY:PRIMARYXC=SHELF,PRIME=OSS,CKTID=\"2011LR2_Mt07-Asd02_OU-O15(Mt-OPN)\":STS3C:"
   "STS3C-1-9-1-52,STS3C-1-5-1-10:2WAY:PRIMARYXC=SHELF,PRIME=OSS,CKTID=\"2011LR2_Mt07-Asd02_OU-O15(Mt-OPN)\":STS3C:"
   "STS3C-1-9-1-55,STS3C-1-5-1-13:2WAY:PRIMARYXC=SHELF,PRIME=OSS,CKTID=\"2011LR2_Mt07-Asd02_OU-O15(Mt-OPN)\":STS3C:"
   "STS3C-1-9-1-58,STS3C-1-5-1-16:2WAY:PRIMARYXC=SHELF,PRIME=OSS,CKTID=\"2011LR2_Mt07-Asd02_OU-O15(Mt-OPN)\":STS3C:"
   "STS3C-1-9-1-61,STS3C-1-5-1-19:2WAY:PRIMARYXC=SHELF,PRIME=OSS,CKTID=\"2011LR2_Mt07-Asd02_OU-O15(Mt-OPN)\":STS3C:"
   "STS3C-1-9-1-127,STS3C-1-5-1-22:2WAY:PRIMARYXC=SHELF,PRIME=OSS,CKTID=\"2057LP_Std01-Ehv01_FONTYS-O06(Std-OPN)\":STS3C:"
   "STS3C-1-9-1-130,STS3C-1-5-1-25:2WAY:PRIMARYXC=SHELF,PRIME=OSS,CKTID=\"2057LP_Std01-Ehv01_FONTYS-O06(Std-OPN)\":STS3C:"
   "STS3C-1-9-1-133,STS3C-1-5-1-28:2WAY:PRIMARYXC=SHELF,PRIME=OSS,CKTID=\"2057LP_Std01-Ehv01_FONTYS-O06(Std-OPN)\":STS3C:"
   "STS3C-1-9-1-136,STS3C-1-5-1-31:2WAY:PRIMARYXC=SHELF,PRIME=OSS,CKTID=\"2057LP_Std01-Ehv01_FONTYS-O06(Std-OPN)\":STS3C:"
   "STS3C-1-9-1-139,STS3C-1-5-1-34:2WAY:PRIMARYXC=SHELF,PRIME=OSS,CKTID=\"2057LP_Std01-Ehv01_FONTYS-O06(Std-OPN)\":STS3C:"
   "STS3C-1-9-1-142,STS3C-1-5-1-37:2WAY:PRIMARYXC=SHELF,PRIME=OSS,CKTID=\"2057LP_Std01-Ehv01_FONTYS-O06(Std-OPN)\":STS3C:"
   "STS3C-1-9-1-145,STS3C-1-5-1-40:2WAY:PRIMARYXC=SHELF,PRIME=OSS,CKTID=\"2057LP_Std01-Ehv01_FONTYS-O06(Std-OPN)\":STS3C:"
   "STS3C-1-9-1-1,STS3C-1-5-1-43:2WAY:PRIMARYXC=SHELF,PRIME=OSS,CKTID=\"T2086LR1_Ah01A-Dt08A_TNO(Ap04)\":STS3C:"
   "STS3C-1-9-1-31,STS3C-1-5-1-64:2WAY:PRIMARYXC=SHELF,PRIME=OSS,CKTID=\"2113LR2_Vl02-Asd02_RIVM-O13(BOBZ@Vl03 DigiBob_OPN)\":STS3C:"
   "STS3C-1-9-1-34,STS3C-1-5-1-67:2WAY:PRIMARYXC=SHELF,PRIME=OSS,CKTID=\"2113LR2_Vl02-Asd02_RIVM-O13(BOBZ@Vl03 DigiBob_OPN)\":STS3C:"
   "STS3C-1-9-1-169,STS3C-1-5-1-169:2WAY:PRIMARYXC=SHELF,PRIME=OSS,CKTID=\"2052LP_Vl02-Ehv01_FONTYS-O06(Vl02-OPN)\":STS3C:"
   "STS3C-1-9-1-172,STS3C-1-5-1-172:2WAY:PRIMARYXC=SHELF,PRIME=OSS,CKTID=\"2052LP_Vl02-Ehv01_FONTYS-O06(Vl02-OPN)\":STS3C:"
   "STS3C-1-9-1-175,STS3C-1-5-1-175:2WAY:PRIMARYXC=SHELF,PRIME=OSS,CKTID=\"2052LP_Vl02-Ehv01_FONTYS-O06(Vl02-OPN)\":STS3C:"
>

   "Mt001A_OME01" 12-12-29 15:45:15
M  21 COMPLD
   "STS3C-1-9-1-178,STS3C-1-5-1-178:2WAY:PRIMARYXC=SHELF,PRIME=OSS,CKTID=\"2052LP_Vl02-Ehv01_FONTYS-O06(Vl02-OPN)\":STS3C:"
   "STS3C-1-9-1-181,STS3C-1-5-1-181:2WAY:PRIMARYXC=SHELF,PRIME=OSS,CKTID=\"2052LP_Vl02-Ehv01_FONTYS-O06(Vl02-OPN)\":STS3C:"
   "STS3C-1-9-1-184,STS3C-1-5-1-184:2WAY:PRIMARYXC=SHELF,PRIME=OSS,CKTID=\"2052LP_Vl02-Ehv01_FONTYS-O06(Vl02-OPN)\":STS3C:"
   "STS3C-1-9-1-187,STS3C-1-5-1-187:2WAY:PRIMARYXC=SHELF,PRIME=OSS,CKTID=\"2052LP_Vl02-Ehv01_FONTYS-O06(Vl02-OPN)\":STS3C:"
   "STS3C-1-9-1-10,STS3C-1-6-1-22:2WAY:PRIMARYXC=SHELF,PRIME=OSS,CKTID=\"T2117LR2_Ap01-Rt01_LSOP-O14(Rt05)\":STS3C:"
   "STS3C-1-12-1-43,STS3C-1-6-1-64:2WAY:PRIMARYXC=SHELF,PRIME=OSS,CKTID=\"2012LR2_Hrl01-Asd02_OU-O15\":STS3C:"
   "STS3C-1-12-1-46,STS3C-1-6-1-67:2WAY:PRIMARYXC=SHELF,PRIME=OSS,CKTID=\"2012LR2_Hrl01-Asd02_OU-O15\":STS3C:"
   "STS3C-1-12-1-49,STS3C-1-6-1-70:2WAY:PRIMARYXC=SHELF,PRIME=OSS,CKTID=\"2012LR2_Hrl01-Asd02_OU-O15\":STS3C:"
   "STS3C-1-12-1-52,STS3C-1-6-1-73:2WAY:PRIMARYXC=SHELF,PRIME=OSS,CKTID=\"2012LR2_Hrl01-Asd02_OU-O15\":STS3C:"
   "STS3C-1-12-1-55,STS3C-1-6-1-76:2WAY:PRIMARYXC=SHELF,PRIME=OSS,CKTID=\"2012LR2_Hrl01-Asd02_OU-O15\":STS3C:"
   "STS3C-1-12-1-58,STS3C-1-6-1-79:2WAY:PRIMARYXC=SHELF,PRIME=OSS,CKTID=\"2012LR2_Hrl01-Asd02_OU-O15\":STS3C:"
   "STS3C-1-12-1-61,STS3C-1-6-1-82:2WAY:PRIMARYXC=SHELF,PRIME=OSS,CKTID=\"2012LR2_Hrl01-Asd02_OU-O15\":STS3C:"
   "STS3C-1-10-1-43,STS3C-1-9-1-64:2WAY:PRIMARYXC=SHELF,PRIME=OSS,CKTID=\"2012LR1_Hrl02-Asd01_OU-O15(@HSZuyd)\":STS3C:"
   "STS3C-1-10-1-46,STS3C-1-9-1-67:2WAY:PRIMARYXC=SHELF,PRIME=OSS,CKTID=\"2012LR1_Hrl02-Asd01_OU-O15(@HSZuyd)\":STS3C:"
   "STS3C-1-10-1-49,STS3C-1-9-1-70:2WAY:PRIMARYXC=SHELF,PRIME=OSS,CKTID=\"2012LR1_Hrl02-Asd01_OU-O15(@HSZuyd)\":STS3C:"
   "STS3C-1-10-1-52,STS3C-1-9-1-73:2WAY:PRIMARYXC=SHELF,PRIME=OSS,CKTID=\"2012LR1_Hrl02-Asd01_OU-O15(@HSZuyd)\":STS3C:"
   "STS3C-1-10-1-55,STS3C-1-9-1-76:2WAY:PRIMARYXC=SHELF,PRIME=OSS,CKTID=\"2012LR1_Hrl02-Asd01_OU-O15(@HSZuyd)\":STS3C:"
   "STS3C-1-10-1-58,STS3C-1-9-1-79:2WAY:PRIMARYXC=SHELF,PRIME=OSS,CKTID=\"2012LR1_Hrl02-Asd01_OU-O15(@HSZuyd)\":STS3C:"
>

   "Mt001A_OME01" 12-12-29 15:45:15
M  21 COMPLD
   "STS3C-1-10-1-61,STS3C-1-9-1-82:2WAY:PRIMARYXC=SHELF,PRIME=OSS,CKTID=\"2012LR1_Hrl02-Asd01_OU-O15(@HSZuyd)\":STS3C:"
   "STS3C-1-13-3-1,STS3C-1-10-1-1:2WAY:PRIMARYXC=SHELF,PRIME=OSS,CKTID=\"0041IR2_Hrl01-Mt01_SVOPL(@OU Hrl01)\":STS3C:"
   "STS3C-1-13-3-4,STS3C-1-10-1-4:2WAY:PRIMARYXC=SHELF,PRIME=OSS,CKTID=\"0041IR2_Hrl01-Mt01_SVOPL(@OU Hrl01)\":STS3C:"
   "STS3C-1-13-3-7,STS3C-1-10-1-7:2WAY:PRIMARYXC=SHELF,PRIME=OSS,CKTID=\"0041IR2_Hrl01-Mt01_SVOPL(@OU Hrl01)\":STS3C:"
   "STS3C-1-13-3-10,STS3C-1-10-1-10:2WAY:PRIMARYXC=SHELF,PRIME=OSS,CKTID=\"0041IR2_Hrl01-Mt01_SVOPL(@OU Hrl01)\":STS3C:"
   "STS3C-1-13-3-13,STS3C-1-10-1-13:2WAY:PRIMARYXC=SHELF,PRIME=OSS,CKTID=\"0041IR2_Hrl01-Mt01_SVOPL(@OU Hrl01)\":STS3C:"
   "STS3C-1-13-3-16,STS3C-1-10-1-16:2WAY:PRIMARYXC=SHELF,PRIME=OSS,CKTID=\"0041IR2_Hrl01-Mt01_SVOPL(@OU Hrl01)\":STS3C:"
   "STS3C-1-13-3-19,STS3C-1-10-1-19:2WAY:PRIMARYXC=SHELF,PRIME=OSS,CKTID=\"0041IR2_Hrl01-Mt01_SVOPL(@OU Hrl01)\":STS3C:"
   "STS3C-1-13-2-1,STS3C-1-10-1-22:2WAY:PRIMARYXC=SHELF,PRIME=OSS,CKTID=\"0042IR2_Hrl02-Mt01_OU(@HSZuyd)\":STS3C:"
   "STS3C-1-13-2-4,STS3C-1-10-1-25:2WAY:PRIMARYXC=SHELF,PRIME=OSS,CKTID=\"0042IR2_Hrl02-Mt01_OU(@HSZuyd)\":STS3C:"
   "STS3C-1-13-2-7,STS3C-1-10-1-28:2WAY:PRIMARYXC=SHELF,PRIME=OSS,CKTID=\"0042IR2_Hrl02-Mt01_OU(@HSZuyd)\":STS3C:"
   "STS3C-1-13-2-10,STS3C-1-10-1-31:2WAY:PRIMARYXC=SHELF,PRIME=OSS,CKTID=\"0042IR2_Hrl02-Mt01_OU(@HSZuyd)\":STS3C:"
   "STS3C-1-13-2-13,STS3C-1-10-1-34:2WAY:PRIMARYXC=SHELF,PRIME=OSS,CKTID=\"0042IR2_Hrl02-Mt01_OU(@HSZuyd)\":STS3C:"
   "STS3C-1-13-2-16,STS3C-1-10-1-37:2WAY:PRIMARYXC=SHELF,PRIME=OSS,CKTID=\"0042IR2_Hrl02-Mt01_OU(@HSZuyd)\":STS3C:"
   "STS3C-1-13-2-19,STS3C-1-10-1-40:2WAY:PRIMARYXC=SHELF,PRIME=OSS,CKTID=\"0042IR2_Hrl02-Mt01_OU(@HSZuyd)\":STS3C:"
   "STS3C-1-13-4-1,STS3C-1-10-1-64:2WAY:PRIMARYXC=SHELF,PRIME=OSS,CKTID=\"0043IR2_Hrl02-Mt01_HSZuyd\":STS3C:"
   "STS3C-1-13-4-4,STS3C-1-10-1-67:2WAY:PRIMARYXC=SHELF,PRIME=OSS,CKTID=\"0043IR2_Hrl02-Mt01_HSZuyd\":STS3C:"
   "STS3C-1-13-4-7,STS3C-1-10-1-70:2WAY:PRIMARYXC=SHELF,PRIME=OSS,CKTID=\"0043IR2_Hrl02-Mt01_HSZuyd\":STS3C:"
>

   "Mt001A_OME01" 12-12-29 15:45:15
M  21 COMPLD
   "STS3C-1-13-4-10,STS3C-1-10-1-73:2WAY:PRIMARYXC=SHELF,PRIME=OSS,CKTID=\"0043IR2_Hrl02-Mt01_HSZuyd\":STS3C:"
   "STS3C-1-13-4-13,STS3C-1-10-1-76:2WAY:PRIMARYXC=SHELF,PRIME=OSS,CKTID=\"0043IR2_Hrl02-Mt01_HSZuyd\":STS3C:"
   "STS3C-1-13-4-16,STS3C-1-10-1-79:2WAY:PRIMARYXC=SHELF,PRIME=OSS,CKTID=\"0043IR2_Hrl02-Mt01_HSZuyd\":STS3C:"
   "STS3C-1-13-4-19,STS3C-1-10-1-82:2WAY:PRIMARYXC=SHELF,PRIME=OSS,CKTID=\"0043IR2_Hrl02-Mt01_HSZuyd\":STS3C:"
   "STS3C-1-12-1-106,STS3C-1-13-1-1:2WAYPR:SWMATE=STS3C-1-10-1-106,PRIMARYXC=SHELF,PRIME=OSS,CKTID=\"2183LP_Hrl01-Mt01_Arcus\":STS3C:"
   "STS3C-1-12-1-109,STS3C-1-13-1-4:2WAYPR:SWMATE=STS3C-1-10-1-109,PRIMARYXC=SHELF,PRIME=OSS,CKTID=\"2183LP_Hrl01-Mt01_Arcus\":STS3C:"
   "STS3C-1-12-1-112,STS3C-1-13-1-7:2WAYPR:SWMATE=STS3C-1-10-1-112,PRIMARYXC=SHELF,PRIME=OSS,CKTID=\"2183LP_Hrl01-Mt01_Arcus\":STS3C:"
   "STS3C-1-12-1-115,STS3C-1-13-1-10:2WAYPR:SWMATE=STS3C-1-10-1-115,PRIMARYXC=SHELF,PRIME=OSS,CKTID=\"2183LP_Hrl01-Mt01_Arcus\":STS3C:"
   "STS3C-1-12-1-118,STS3C-1-13-1-13:2WAYPR:SWMATE=STS3C-1-10-1-118,PRIMARYXC=SHELF,PRIME=OSS,CKTID=\"2183LP_Hrl01-Mt01_Arcus\":STS3C:"
   "STS3C-1-12-1-121,STS3C-1-13-1-16:2WAYPR:SWMATE=STS3C-1-10-1-121,PRIMARYXC=SHELF,PRIME=OSS,CKTID=\"2183LP_Hrl01-Mt01_Arcus\":STS3C:"
   "STS3C-1-12-1-124,STS3C-1-13-1-19:2WAYPR:SWMATE=STS3C-1-10-1-124,PRIMARYXC=SHELF,PRIME=OSS,CKTID=\"2183LP_Hrl01-Mt01_Arcus\":STS3C:"
;RTRV-AD-ALL:"Mt001A_OME01"::22;
IP 22
<

   "Mt001A_OME01" 12-12-29 15:45:16
M  22 COMPLD
   "ADJ-1-4-1:TYP-SH-SL-PRT,PHYS:TX_VERSION=\"2\",TX_TAG=\"Mt001A_OME01-1-4-1\",RX_VERSION=\"2\",RX_ACTUAL=\"\",RX_EXPECTED=\"\",RECONFIG=DISABLE,RX_RELIABILITY=UNRELIABLE,MECHANISM=DERIVED"
   "ADJ-1-4-2:TYP-SH-SL-PRT,PHYS:TX_VERSION=\"2\",TX_TAG=\"Mt001A_OME01-1-4-2\",RX_VERSION=\"2\",RX_ACTUAL=\"\",RX_EXPECTED=\"\",RECONFIG=DISABLE,RX_RELIABILITY=UNRELIABLE,MECHANISM=DERIVED"
   "OC192-1-5-1:TYP-SH-SL-PRT,LINE:TX_VERSION=\"2\",TX_TAG=\"AD_2_00:20:d8:df:37:c9_001_000_005_000_001_ME_1\",RX_VERSION=\"2\",RX_ACTUAL=\"AD_2_00:20:d8:df:30:ae_001_000_006_000_001_ME_1\",RX_EXPECTED=\"\",RECONFIG=DISABLE,RX_RELIABILITY=RELIABLE,MECHANISM=IIH"
   "OC192-1-6-1:TYP-SH-SL-PRT,LINE:TX_VERSION=\"2\",TX_TAG=\"AD_2_00:20:d8:df:37:c9_001_000_006_000_001_ME_1\",RX_VERSION=\"2\",RX_ACTUAL=\"AD_2_80:17:7d:e7:d5:49_001_000_031_000_001_ME_1\",RX_EXPECTED=\"\",RECONFIG=DISABLE,RX_RELIABILITY=RELIABLE,MECHANISM=IIH"
   "OC192-1-9-1:TYP-SH-SL-PRT,LINE:TX_VERSION=\"2\",TX_TAG=\"AD_2_00:20:d8:df:37:c9_001_000_009_000_001_ME_1\",RX_VERSION=\"2\",RX_ACTUAL=\"AD_2_80:17:7d:e7:74:8a_001_000_031_000_001_ME_1\",RX_EXPECTED=\"\",RECONFIG=DISABLE,RX_RELIABILITY=RELIABLE,MECHANISM=IIH"
   "OC192-1-10-1:TYP-SH-SL-PRT,LINE:TX_VERSION=\"2\",TX_TAG=\"AD_2_00:20:d8:df:37:c9_001_000_010_000_001_ME_1\",RX_VERSION=\"2\",RX_ACTUAL=\"AD_2_00:20:d8:df:3c:46_001_000_009_000_001_ME_1\",RX_EXPECTED=\"\",RECONFIG=DISABLE,RX_RELIABILITY=RELIABLE,MECHANISM=IIH"
   "ADJ-1-10-1:TYP-SH-SL-PRT,PHYS:TX_VERSION=\"2\",TX_TAG=\"Mt001A_OME01-1-10-1\",RX_VERSION=\"2\",RX_ACTUAL=\"\",RX_EXPECTED=\"\",RECONFIG=DISABLE,RX_RELIABILITY=UNRELIABLE,MECHANISM=DERIVED"
   "ADJ-1-11-1:TYP-SH-SL-PRT,PHYS:TX_VERSION=\"2\",TX_TAG=\"Mt001A_OME01-1-11-1\",RX_VERSION=\"2\",RX_ACTUAL=\"\",RX_EXPECTED=\"\",RECONFIG=DISABLE,RX_RELIABILITY=UNRELIABLE,MECHANISM=DERIVED"
   "ADJ-1-11-2:TYP-SH-SL-PRT,PHYS:TX_VERSION=\"2\",TX_TAG=\"Mt001A_OME01-1-11-2\",RX_VERSION=\"2\",RX_ACTUAL=\"\",RX_EXPECTED=\"\",RECONFIG=DISABLE,RX_RELIABILITY=UNRELIABLE,MECHANISM=DERIVED"
   "OC192-1-12-1:TYP-SH-SL-PRT,LINE:TX_VERSION=\"2\",TX_TAG=\"AD_2_00:20:d8:df:37:c9_001_000_012_000_001_ME_1\",RX_VERSION=\"2\",RX_ACTUAL=\"AD_2_00:20:d8:df:3c:32_001_000_006_000_001_ME_1\",RX_EXPECTED=\"\",RECONFIG=DISABLE,RX_RELIABILITY=RELIABLE,MECHANISM=IIH"
   "ADJ-1-12-1:TYP-SH-SL-PRT,PHYS:TX_VERSION=\"2\",TX_TAG=\"Mt001A_OME01-1-12-1\",RX_VERSION=\"2\",RX_ACTUAL=\"\",RX_EXPECTED=\"\",RECONFIG=DISABLE,RX_RELIABILITY=UNRELIABLE,MECHANISM=DERIVED"
   "ADJ-1-14-1:TYP-SH-SL-PRT,PHYS:TX_VERSION=\"2\",TX_TAG=\"Mt001A_OME01-1-14-1\",RX_VERSION=\"2\",RX_ACTUAL=\"\",RX_EXPECTED=\"\",RECONFIG=DISABLE,RX_RELIABILITY=UNRELIABLE,MECHANISM=DERIVED"
   "ADJ-1-14-2:TYP-SH-SL-PRT,PHYS:TX_VERSION=\"2\",TX_TAG=\"Mt001A_OME01-1-14-2\",RX_VERSION=\"2\",RX_ACTUAL=\"\",RX_EXPECTED=\"\",RECONFIG=DISABLE,RX_RELIABILITY=UNRELIABLE,MECHANISM=DERIVED"
;RTRV-FFP-OC192:"Mt001A_OME01":OC192-1-ALL:23;
IP 23
<

   "Mt001A_OME01" 12-12-29 15:45:16
M  23 COMPLD
;

   "Mt001A_OME01" 12-12-29 15:45:37
A  0001263738 REPT EVT COM
   "SP-1-15:PMFTPC,TC,12-29,15-45-37,NEND,NA,,,:\"file 'sftp://sftpuser@145.145.64.26:22//opt/nortel/omea/NE_info/pmdata/0020D8DF37C9/pm_Mt001A_OME01_20121229154503_date_201212291530.gz' has completed\",NONE:0100000000-0000-0648,:YEAR=2012,MODE=NONE,SIGLAYER=\"\""
;<<RTRV-HDR keep alive sent>>
IP 24
<

   "Mt001A_OME01" 12-12-29 15:46:24
M  24 COMPLD
;

   "Mt001A_OME01" 12-12-29 15:46:51
A  0001263739 REPT EVT LOG
   "DATE=12-12-29,TIME=15-46-51:USERID=SNSCRIPT,PRIORITY=GEN_TL1_CMD,STATUS=COMPLD:ACT-USER:SNSCRIPT:1::::"
;

   "Mt001A_OME01" 12-12-29 15:46:52
A  0001263740 REPT EVT LOG
   "DATE=12-12-29,TIME=15-46-52:USERID=SNSCRIPT,PRIORITY=GEN_TL1_CMD,STATUS=COMPLD:CANC-USER:SNSCRIPT:1::::"
;<<RTRV-HDR keep alive sent>>
IP 25
<

   "Mt001A_OME01" 12-12-29 15:48:24
M  25 COMPLD
;<<RTRV-HDR keep alive sent>>
IP 26
<

   "Mt001A_OME01" 12-12-29 15:50:24
M  26 COMPLD
;<<RTRV-HDR keep alive sent>>
IP 27
<

   "Mt001A_OME01" 12-12-29 15:52:24
M  27 COMPLD
;

   "Mt001A_OME01" 12-12-29 15:53:30
A  0001263741 REPT EVT LOG
   "DATE=12-12-29,TIME=15-53-30:USERID=SNSCRIPT,PRIORITY=GEN_TL1_CMD,STATUS=COMPLD:ACT-USER:SNSCRIPT:1::::"
;

   "Mt001A_OME01" 12-12-29 15:53:31
A  0001263742 REPT EVT LOG
   "DATE=12-12-29,TIME=15-53-31:USERID=SNSCRIPT,PRIORITY=GEN_TL1_CMD,STATUS=COMPLD:CANC-USER:SNSCRIPT:1::::"
;<<RTRV-HDR keep alive sent>>
IP 28
<

   "Mt001A_OME01" 12-12-29 15:54:25
M  28 COMPLD
;<<RTRV-HDR keep alive sent>>
IP 29
<

   "Mt001A_OME01" 12-12-29 15:56:25
M  29 COMPLD
;<<RTRV-HDR keep alive sent>>
IP 30
<

   "Mt001A_OME01" 12-12-29 15:58:26
M  30 COMPLD
;<<RTRV-HDR keep alive sent>>
IP 31
<

   "Mt001A_OME01" 12-12-29 16:00:26
M  31 COMPLD
;

   "Mt001A_OME01" 12-12-29 16:01:49
A  0001263743 REPT EVT LOG
   "DATE=12-12-29,TIME=16-01-49:USERID=SNSCRIPT,PRIORITY=GEN_TL1_CMD,STATUS=COMPLD:ACT-USER:SNSCRIPT:1::::"
;

   "Mt001A_OME01" 12-12-29 16:01:50
A  0001263744 REPT EVT LOG
   "DATE=12-12-29,TIME=16-01-49:USERID=SNSCRIPT,PRIORITY=GEN_TL1_CMD,STATUS=COMPLD:CANC-USER:SNSCRIPT:1::::"
;<<RTRV-HDR keep alive sent>>
IP 32
<

   "Mt001A_OME01" 12-12-29 16:02:27
M  32 COMPLD
;<<RTRV-HDR keep alive sent>>
IP 33
<

   "Mt001A_OME01" 12-12-29 16:04:27
M  33 COMPLD
;<<RTRV-HDR keep alive sent>>
IP 34
<

   "Mt001A_OME01" 12-12-29 16:06:28
M  34 COMPLD
;<<RTRV-HDR keep alive sent>>
IP 35
<

   "Mt001A_OME01" 12-12-29 16:08:28
M  35 COMPLD
;<<RTRV-HDR keep alive sent>>
IP 36
<

   "Mt001A_OME01" 12-12-29 16:10:28
M  36 COMPLD
;<<RTRV-HDR keep alive sent>>
IP 37
<

   "Mt001A_OME01" 12-12-29 16:12:28
M  37 COMPLD
;<<RTRV-HDR keep alive sent>>
IP 38
<

   "Mt001A_OME01" 12-12-29 16:14:29
M  38 COMPLD
;

   "Mt001A_OME01" 12-12-29 16:15:35
A  0001263745 REPT EVT LOG
   "DATE=12-12-29,TIME=16-15-35:USERID=SNSCRIPT,PRIORITY=GEN_TL1_CMD,STATUS=COMPLD:ACT-USER:SNSCRIPT:1::::"
;

   "Mt001A_OME01" 12-12-29 16:15:36
A  0001263746 REPT EVT LOG
   "DATE=12-12-29,TIME=16-15-36:USERID=SNSCRIPT,PRIORITY=GEN_TL1_CMD,STATUS=COMPLD:CANC-USER:SNSCRIPT:1::::"
;<<RTRV-HDR keep alive sent>>
IP 39
<

   "Mt001A_OME01" 12-12-29 16:16:30
M  39 COMPLD
;

   "Mt001A_OME01" 12-12-29 16:16:50
A  0001263747 REPT EVT LOG
   "DATE=12-12-29,TIME=16-16-50:USERID=SNSCRIPT,PRIORITY=GEN_TL1_CMD,STATUS=COMPLD:ACT-USER:SNSCRIPT:1::::"
;

   "Mt001A_OME01" 12-12-29 16:16:51
A  0001263748 REPT EVT LOG
   "DATE=12-12-29,TIME=16-16-51:USERID=SNSCRIPT,PRIORITY=GEN_TL1_CMD,STATUS=COMPLD:CANC-USER:SNSCRIPT:1::::"
;<<RTRV-HDR keep alive sent>>
IP 40
<

   "Mt001A_OME01" 12-12-29 16:18:29
M  40 COMPLD
;<<RTRV-HDR keep alive sent>>
IP 41
<

   "Mt001A_OME01" 12-12-29 16:20:30
M  41 COMPLD
;<<RTRV-HDR keep alive sent>>
IP 42
<

   "Mt001A_OME01" 12-12-29 16:22:30
M  42 COMPLD
;<<RTRV-HDR keep alive sent>>
IP 43
<

   "Mt001A_OME01" 12-12-29 16:24:31
M  43 COMPLD
;<<RTRV-HDR keep alive sent>>
IP 44
<

   "Mt001A_OME01" 12-12-29 16:26:31
M  44 COMPLD
;<<RTRV-HDR keep alive sent>>
IP 45
<

   "Mt001A_OME01" 12-12-29 16:28:31
M  45 COMPLD
;<<RTRV-HDR keep alive sent>>
IP 46
<

   "Mt001A_OME01" 12-12-29 16:30:32
M  46 COMPLD
;

   "Mt001A_OME01" 12-12-29 16:31:52
A  0001263749 REPT EVT LOG
   "DATE=12-12-29,TIME=16-31-52:USERID=SNSCRIPT,PRIORITY=GEN_TL1_CMD,STATUS=COMPLD:ACT-USER:SNSCRIPT:1::::"
;

   "Mt001A_OME01" 12-12-29 16:31:52
A  0001263750 REPT EVT LOG
   "DATE=12-12-29,TIME=16-31-52:USERID=SNSCRIPT,PRIORITY=GEN_TL1_CMD,STATUS=COMPLD:CANC-USER:SNSCRIPT:1::::"
;<<RTRV-HDR keep alive sent>>
IP 47
<

   "Mt001A_OME01" 12-12-29 16:32:32
M  47 COMPLD
;<<RTRV-HDR keep alive sent>>
IP 48
<

   "Mt001A_OME01" 12-12-29 16:34:33
M  48 COMPLD
;<<RTRV-HDR keep alive sent>>
IP 49
<

   "Mt001A_OME01" 12-12-29 16:36:33
M  49 COMPLD
;<<RTRV-HDR keep alive sent>>
IP 50
<

   "Mt001A_OME01" 12-12-29 16:38:33
M  50 COMPLD
;<<RTRV-HDR keep alive sent>>
IP 51
<

   "Mt001A_OME01" 12-12-29 16:40:33
M  51 COMPLD
;<<RTRV-HDR keep alive sent>>
IP 52
<

   "Mt001A_OME01" 12-12-29 16:42:34
M  52 COMPLD
;<<RTRV-HDR keep alive sent>>
IP 53
<

   "Mt001A_OME01" 12-12-29 16:44:35
M  53 COMPLD
;<<RTRV-HDR keep alive sent>>
IP 54
<

   "Mt001A_OME01" 12-12-29 16:46:35
M  54 COMPLD
;

   "Mt001A_OME01" 12-12-29 16:46:55
A  0001263751 REPT EVT LOG
   "DATE=12-12-29,TIME=16-46-55:USERID=SNSCRIPT,PRIORITY=GEN_TL1_CMD,STATUS=COMPLD:ACT-USER:SNSCRIPT:1::::"
;

   "Mt001A_OME01" 12-12-29 16:46:56
A  0001263752 REPT EVT LOG
   "DATE=12-12-29,TIME=16-46-56:USERID=SNSCRIPT,PRIORITY=GEN_TL1_CMD,STATUS=COMPLD:CANC-USER:SNSCRIPT:1::::"
;

   "Mt001A_OME01" 12-12-29 16:47:43
A  0001263753 REPT EVT LOG
   "DATE=12-12-29,TIME=16-47-43:USERID=OMEAMAN,PRIORITY=GEN_TL1_CMD,STATUS=COMPLD:ACT-USER:OMEAMAN:3::::"
;

   "Mt001A_OME01" 12-12-29 16:47:44
A  0001263754 REPT EVT LOG
   "DATE=12-12-29,TIME=16-47-44:USERID=OMEAMAN,PRIORITY=GEN_TL1_CMD,STATUS=COMPLD:CANC-USER:OMEAMAN:9::::"
;

   "Mt001A_OME01" 12-12-29 16:47:46
A  0001263755 REPT EVT LOG
   "DATE=12-12-29,TIME=16-47-46:USERID=OMEAMAN,PRIORITY=GEN_TL1_CMD,STATUS=COMPLD:ACT-USER:OMEAMAN:2::::"
;

   "Mt001A_OME01" 12-12-29 16:47:47
A  0001263756 REPT EVT LOG
   "DATE=12-12-29,TIME=16-47-47:USERID=OMEAMAN,PRIORITY=GEN_TL1_CMD,STATUS=COMPLD:RTRV-ATTR-CSA::8::::"
;<<RTRV-HDR keep alive sent>>
IP 55
<

   "Mt001A_OME01" 12-12-29 16:48:35
M  55 COMPLD
;<<RTRV-HDR keep alive sent>>
IP 56
<

   "Mt001A_OME01" 12-12-29 16:50:36
M  56 COMPLD
;<<RTRV-HDR keep alive sent>>
IP 57
<

   "Mt001A_OME01" 12-12-29 16:52:36
M  57 COMPLD
;<<RTRV-HDR keep alive sent>>
IP 58
<

   "Mt001A_OME01" 12-12-29 16:54:37
M  58 COMPLD
;<<RTRV-HDR keep alive sent>>
IP 59
<

   "Mt001A_OME01" 12-12-29 16:56:36
M  59 COMPLD
;