***** (re)Starting logger at Sat Dec 29 10:44:16 EST 2012*****


**** TL1 session opened at Sat Dec 29 10:44:16 EST 2012 ****


<<RTRV-HDR keep alive sent>>
ÿûÿûÿý

WARNING! This computer system and network is PRIVATE and PROPRIETARY of
[SURFnet] and may only be accesses by authorized users. Unauthorized use of
this computer system or network is strictly prohibited and may be subject
to criminal prosecution, employee discipline up to and including discharge,
or the termination of the vendor/service contracts. The owner, or its
agents, may monitor any activity or communication on the computer system or
NETWORK.

--- Copyright (c) 2000 - 2011 Ciena (R) Corporation. All Rights Reserved ---
|  NOTICE: This is a private computer system.                              |
|  Unauthorized access or use may lead to prosecution.                     |
|                                                                          |
|  Ciena 6500 OPTICAL                                                      |
----------------------------------------------------------------------------

/*
 * Starting Interactive TL1 Command Mode.
 * Type ? for help while constructing TL1 commands.
 * Type .? for specific parameter/keyword help.
 */


IP 2
<

   "Asd006A_OME01" 12-12-29 15:44:17
M  2 DENY
   PLNA
   /*Privilege, Login Not Active*/
;<<ACT-USER sent, password hidden>>
IP 3
<

   "Asd006A_OME01" 12-12-29 15:44:18
M  3 COMPLD
;RTRV-NETYPE:"Asd006A_OME01"::4;
IP 4
<

   "Asd006A_OME01" 12-12-29 15:44:18
M  4 COMPLD
   "CIENA,\"6500 OPTICAL\",OCP,\"REL0810Z.HD\""
;RTRV-SW-VER:"Asd006A_OME01"::5;
IP 5
<

   "Asd006A_OME01" 12-12-29 15:44:19
M  5 COMPLD
   "SHELF-1:REL0810Z.HD"
;RTRV-RTG-INFO:"Asd006A_OME01"::6:::NAME="Asd006A_OME01";
IP 6
<

   "Asd006A_OME01" 12-12-29 15:44:37
M  6 COMPLD
   "SHELF-1::,\"Asd006A_OME01\",0021E1D91B90|145.145.68.2,00001600,YES"
;RTRV-SYS:"Asd006A_OME01"::7;
IP 7
<

   "Asd006A_OME01" 12-12-29 15:44:37
M  7 COMPLD
   "SHELF-1::ACTUALCOOLING=HIGHFLOW,ACTUALPOWER=381,AINSTIMEOUT=00-05,ALMCORR=OFF,ALMHO=2.5,BAYFICINAO=FALSE,BITSMODE=SDH,CSFMCASTMAC=0180C2880001,EQPTCURRENT=60,ETHEERTH=20,ETHGFPRFI=ENABLED,ETHGFPRFIUPI=128,ETHSDTH=1,FCEERTH=20,FCSDTH=1,FIBERLOSSDETECTION=DISABLED,FILLERMGMT=ENABLED,GCC0MODE=IISIS,GCC1MODE=DISABLED,LASEROFFFARENDFAIL=DISABLED,LINEPEVSTAT=MAN&AUTO,MAJORDEGRADETHRESH=6.00,MINCOOLING=LOWFLOW,MINORDEGRADETHRESH=3.00,MONITORFAN=ENABLED,NEMODE=SDH,OSCMODE=OSPF,PATHEBERTH=3,PATHPEVSTAT=MAN,PATHSDTH=6,PATHSWCRIT=UNEQ&SD&EBER&AIS&LOP,PROVCURRENT=40,PTHAISINSERT=AIS&LOP,SHELFSYNCH=NO,STATE=NORMAL,WANFREERTH=20,WANFRSDTH=1,WANTREERTH=20,WANTRSDTH=1"
;ALW-MSG-BROADCAST:"Asd006A_OME01":ALL:8;
IP 8
<

   "Asd006A_OME01" 12-12-29 15:44:38
M  8 COMPLD
;RTRV-EQPT:"Asd006A_OME01":ALL:9;
IP 9
<

   "Asd006A_OME01" 12-12-29 15:44:38
M  9 COMPLD
   "GE-1-1::PROVPEC=NTK535LA,CTYPE=\"GE EPL 4 Port SFP\",SNMPINDEX=671220736,PEC=NTK535LA,REL=07  ,CLEI=WMOTAJ4JAE,SER=NNTMH18102EAJ,MDAT=2009-29,AGE=02-322-10-34,ONSC=02-227-01-36:IS,ACT"
   "PGEFC-1-1-1::PROVPEC=NTTP01AF,CTYPE=\"GE SX/FC100 Mx 850nm LC SFP\",SNMPINDEX=671220737,PEC=NTTP01AF,REL=01,CLEI=SOC3NNFCAA,SER=AGLTMY00003XBX  :IS,ACT"
   "PGEFC-1-1-2::PROVPEC=NTK591LB,CTYPE=\"Trcvr,1.25Gb/s,24dB,CWDM,1471nm\",SNMPINDEX=671220738,PEC=NTK591LB,REL=02,CLEI=WMOTBKDJAA,SER=EXLGJPF7E3490031:IS,ACT"
   "PGEFC-1-1-3::PROVPEC=NTK591MB,CTYPE=\"Trcvr,1.25Gb/s,24dB,CWDM,1491nm\",SNMPINDEX=671220739,PEC=NTK591MB,REL=02,CLEI=WMOTBKEJAA,SER=EXLGJPF3E3480006:IS,IDLE"
   "PGEFC-1-1-4::PROVPEC=NTTP01CF,CTYPE=\"GE LX [10k]/FC100 SM 1310nm LC SFP\",SNMPINDEX=671220740,PEC=NTTP01CF,REL=01,CLEI=WMOTAH1JAA,SER=EXLGJPM8E8290407:IS,ACT"
   "GE-1-2::PROVPEC=NTK535LA,CTYPE=\"GE EPL 4 Port SFP\",SNMPINDEX=671221760,PEC=NTK535LA,REL=07  ,CLEI=WMOTAJ4JAE,SER=NNTMH1M102YH2,MDAT=2009-40,AGE=02-227-01-33,ONSC=02-227-01-33:IS,ACT"
   "PGEFC-1-2-1::PROVPEC=NTTP01CF,CTYPE=\"GE LX [10k]/FC100 SM 1310nm LC SFP\",SNMPINDEX=671221761,PEC=NTTP01CF,REL=01,CLEI=WMOTAH1JAA,SER=EXLGJP8851590811:IS,ACT"
   "PGEFC-1-2-2::PROVPEC=NTTP01CF,CTYPE=\"GE LX [10k]/FC100 SM 1310nm LC SFP\",SNMPINDEX=671221762,PEC=NTTP01CF,REL=01,CLEI=WMOTAH1JAA,SER=EXLGJPM4E4260051:IS,ACT"
   "PGEFC200-1-2-3::PROVPEC=NTTP06CF,CTYPE=\"GE LX [10k]/FC100/FC200 SM 1310nm LC SFP\",SNMPINDEX=671221763,PEC=NTTP06CF,REL=05,CLEI=WMOTCWUJAA,SER=BP1037080616    :IS,ACT"
   "2G5-1-4::PROVPEC=NTK519BA,CTYPE=\"OC-48/STM-16 STS-1/HO 2 Port DPO\",SNMPINDEX=671223808,PEC=NTK519BA,REL= 01 ,CLEI=WMOTAHZJAA,SER=NNTM01X1D4JXX,MDAT=2005-08,AGE=01-309-03-57,ONSC=01-309-03-57:IS,ACT"
>

   "Asd006A_OME01" 12-12-29 15:44:38
M  9 COMPLD
   "P2G5-1-4-1::PROVPEC=NTK580AJ,CTYPE=\"Trcvr,2.5Gb/s,175km,1531.90nm,DWDM\",SNMPINDEX=671223809,PEC=NTK580AJ,REL=,CLEI=WMOTAMJJAA,SER=NNTM72DP000338  :IS,ACT"
   "P2G5-1-4-2::PROVPEC=NTK580CJ,CTYPE=\"Trcvr,2.5Gb/s,175km,1550.92nm,DWDM\",SNMPINDEX=671223810,PEC=NTK580CJ,REL=,CLEI=WMOTAMWJAA,SER=NNTM72DP000016  :IS,ACT"
   "XC-1-7::PROVPEC=NTK557AA,CTYPE=\"X-Conn 80G STS-1/VC-3 Sync-ST3\",SNMPINDEX=671226880,PEC=NTK557AA,REL= 11 ,CLEI=WMIXCC0BAH,SER=NNTMH1010432T,MDAT=2010-25,AGE=00-240-07-33,ONSC=00-240-07-33:IS,WRKTRAF&WRKSYNC"
   "XC-1-8::PROVPEC=NTK557AA,CTYPE=\"X-Conn 80G STS-1/VC-3 Sync-ST3\",SNMPINDEX=671227904,PEC=NTK557AA,REL= 06A,CLEI=WMIXCC0BAE,SER=NNTM01I1D4LO1,MDAT=2005-42,AGE=02-192-01-32,ONSC=02-192-01-32:IS,STBYH"
   "2G5-1-11::PROVPEC=NTK519BA,CTYPE=\"OC-48/STM-16 STS-1/HO 2 Port DPO\",SNMPINDEX=671230976,PEC=NTK519BA,REL= 02 ,CLEI=WMOTAHZJAB,SER=NNTMH8T0004JK,MDAT=2005-20,AGE=01-309-03-50,ONSC=01-309-03-50:IS,ACT"
   "P2G5-1-11-1::PROVPEC=NTK580AJ,CTYPE=\"Trcvr,2.5Gb/s,175km,1531.90nm,DWDM\",SNMPINDEX=671230977,PEC=NTK580AJ,REL=,CLEI=WMOTAMJJAA,SER=NNTM72DP000984  :IS,ACT"
   "P2G5-1-11-2::PROVPEC=NTK580CJ,CTYPE=\"Trcvr,2.5Gb/s,175km,1550.92nm,DWDM\",SNMPINDEX=671230978,PEC=NTK580CJ,REL=,CLEI=WMOTAMWJAA,SER=NNTM72DP001033  :IS,ACT"
   "SP-1-15::PROVPEC=NTK555AA,CTYPE=\"Processor SP\",SNMPINDEX=671235072,PEC=NTK555AA,REL= 05 ,CLEI=WMUCAJFAAB,SER=NNTM01R1D3PED,MDAT=2004-44,AGE=02-227-03-06,ONSC=02-227-03-06,TCUR=18,TAVG=18:IS,"
;RTRV-OC3:"Asd006A_OME01":OC3-1-ALL:10;
IP 10
<

   "Asd006A_OME01" 12-12-29 15:44:40
M  10 COMPLD
;RTRV-OC12:"Asd006A_OME01":OC12-1-ALL:11;
IP 11
<

   "Asd006A_OME01" 12-12-29 15:44:40
M  11 COMPLD
;RTRV-OC48:"Asd006A_OME01":OC48-1-ALL:12;
IP 12
<

   "Asd006A_OME01" 12-12-29 15:44:40
M  12 COMPLD
   "OC48-1-4-1::TMGREF=Y,DCC=Y,,SDTH=6,,,,,ALS=DISABLED,DUSOVERRIDE=DISABLED,EBERTH=3,PORTMODE=SDH,UNEQMODE=VC4,,,,CLFI=\"\":IS,"
   "OC48-1-4-2::TMGREF=N,DCC=Y,,SDTH=6,,,,,ALS=DISABLED,DUSOVERRIDE=DISABLED,EBERTH=3,PORTMODE=SDH,UNEQMODE=VC4,,,,CLFI=\"\":IS,"
   "OC48-1-11-1::TMGREF=Y,DCC=Y,,SDTH=6,,,,,ALS=DISABLED,DUSOVERRIDE=DISABLED,EBERTH=3,PORTMODE=SDH,UNEQMODE=VC4,,,,CLFI=\"\":IS,"
   "OC48-1-11-2::TMGREF=N,DCC=Y,,SDTH=6,,,,,ALS=DISABLED,DUSOVERRIDE=DISABLED,EBERTH=3,PORTMODE=SDH,UNEQMODE=VC4,,,,CLFI=\"\":IS,"
;RTRV-OC192:"Asd006A_OME01":OC192-1-ALL:13;
IP 13
<

   "Asd006A_OME01" 12-12-29 15:44:42
M  13 COMPLD
;RTRV-ETH:"Asd006A_OME01":ETH-1-ALL:14;
IP 14
<

   "Asd006A_OME01" 12-12-29 15:44:44
M  14 COMPLD
   "ETH-1-1-1::AN=ENABLE,ANSTATUS=COMPLETED,ANETHDPX=FULL,ANSPEED=1000,ANPAUSETX=DISABLE,ANPAUSERX=DISABLE,ADVETHDPX=FULL,ADVSPEED=1000,ADVFLOWCTRL=SYM,ETHDPX=FULL,SPEED=1000,FLOWCTRL=ASYM,PAUSETX=ENABLE,PAUSERX=DISABLE,PAUSERXOVERRIDE=ENABLE,MTU=9600,TXCON=ENABLE,PASSCTRL=DISABLE,PAUSETXOVERRIDE=DISABLE,RXIDLE=0,CFPRF=CFPRF-1-4,PHYSADDR=0016CA40C242,CLFI=\"\":IS"
   "ETH-1-1-2::AN=ENABLE,ANSTATUS=COMPLETED,ANETHDPX=FULL,ANSPEED=1000,ANPAUSETX=DISABLE,ANPAUSERX=DISABLE,ADVETHDPX=FULL,ADVSPEED=1000,ADVFLOWCTRL=NONE,ETHDPX=FULL,SPEED=1000,FLOWCTRL=ASYM,PAUSETX=ENABLE,PAUSERX=DISABLE,PAUSERXOVERRIDE=ENABLE,MTU=9600,TXCON=ENABLE,PASSCTRL=DISABLE,PAUSETXOVERRIDE=DISABLE,RXIDLE=0,CFPRF=CFPRF-1-4,PHYSADDR=0016CA40C243,CLFI=\"\":IS"
   "ETH-1-1-3::AN=ENABLE,ANSTATUS=INPROGRESS,ANETHDPX=UNKNOWN,ANSPEED=UNKNOWN,ANPAUSETX=UNKNOWN,ANPAUSERX=UNKNOWN,ADVETHDPX=UNKNOWN,ADVSPEED=UNKNOWN,ADVFLOWCTRL=UNKNOWN,ETHDPX=FULL,SPEED=1000,FLOWCTRL=NONE,PAUSETX=DISABLE,PAUSERX=DISABLE,PAUSERXOVERRIDE=ENABLE,MTU=9600,TXCON=ENABLE,PASSCTRL=DISABLE,PAUSETXOVERRIDE=DISABLE,RXIDLE=0,CFPRF=CFPRF-1-4,PHYSADDR=0016CA40C244,CLFI=\"\":OOS-MA,DISCD"
   "ETH-1-1-4::AN=ENABLE,ANSTATUS=COMPLETED,ANETHDPX=FULL,ANSPEED=1000,ANPAUSETX=DISABLE,ANPAUSERX=DISABLE,ADVETHDPX=FULL,ADVSPEED=1000,ADVFLOWCTRL=NONE,ETHDPX=FULL,SPEED=1000,FLOWCTRL=NONE,PAUSETX=ENABLE,PAUSERX=DISABLE,PAUSERXOVERRIDE=ENABLE,MTU=9600,TXCON=ENABLE,PASSCTRL=DISABLE,PAUSETXOVERRIDE=DISABLE,RXIDLE=0,CFPRF=CFPRF-1-4,PHYSADDR=0016CA40C245,CLFI=\"\":IS"
>

   "Asd006A_OME01" 12-12-29 15:44:44
M  14 COMPLD
   "ETH-1-2-1::AN=ENABLE,ANSTATUS=COMPLETED,ANETHDPX=FULL,ANSPEED=1000,ANPAUSETX=DISABLE,ANPAUSERX=DISABLE,ADVETHDPX=FULL,ADVSPEED=1000,ADVFLOWCTRL=NONE,ETHDPX=FULL,SPEED=1000,FLOWCTRL=ASYM,PAUSETX=ENABLE,PAUSERX=DISABLE,PAUSERXOVERRIDE=ENABLE,MTU=9600,TXCON=ENABLE,PASSCTRL=DISABLE,PAUSETXOVERRIDE=DISABLE,RXIDLE=0,CFPRF=CFPRF-1-4,PHYSADDR=0025C3BE37E9,CLFI=\"\":IS"
   "ETH-1-2-2::AN=ENABLE,ANSTATUS=COMPLETED,ANETHDPX=FULL,ANSPEED=1000,ANPAUSETX=DISABLE,ANPAUSERX=DISABLE,ADVETHDPX=FULL,ADVSPEED=1000,ADVFLOWCTRL=SYM,ETHDPX=FULL,SPEED=1000,FLOWCTRL=ASYM,PAUSETX=ENABLE,PAUSERX=DISABLE,PAUSERXOVERRIDE=ENABLE,MTU=9600,TXCON=ENABLE,PASSCTRL=DISABLE,PAUSETXOVERRIDE=DISABLE,RXIDLE=0,CFPRF=CFPRF-1-4,PHYSADDR=0025C3BE37EA,CLFI=\"\":IS"
   "ETH-1-2-3::AN=ENABLE,ANSTATUS=INPROGRESS,ANETHDPX=UNKNOWN,ANSPEED=UNKNOWN,ANPAUSETX=UNKNOWN,ANPAUSERX=UNKNOWN,ADVETHDPX=UNKNOWN,ADVSPEED=UNKNOWN,ADVFLOWCTRL=UNKNOWN,ETHDPX=FULL,SPEED=1000,FLOWCTRL=NONE,PAUSETX=ENABLE,PAUSERX=DISABLE,PAUSERXOVERRIDE=ENABLE,MTU=9600,TXCON=ENABLE,PASSCTRL=DISABLE,PAUSETXOVERRIDE=ENABLE,RXIDLE=0,CFPRF=CFPRF-1-4,PHYSADDR=0025C3BE37EB,CLFI=\"\":OOS-AU,FLT"
;RTRV-ETH10G:"Asd006A_OME01":ETH10G-1-ALL:15;
IP 15
<

   "Asd006A_OME01" 12-12-29 15:44:44
M  15 COMPLD
;RTRV-ETH100:"Asd006A_OME01":ETH100-1-ALL:16;
IP 16
<

   "Asd006A_OME01" 12-12-29 15:44:45
M  16 COMPLD
;RTRV-WAN:"Asd006A_OME01":WAN-1-ALL:17;
IP 17
<

   "Asd006A_OME01" 12-12-29 15:44:47
M  17 COMPLD
   "WAN-1-1-1::MAPPING=GFP-F,RATE=STS3C,VCAT=ENABLE,LCAS=DISABLE,PROVUNITS=7,ACTUALUNITS=7,MAGICNUM=DISABLE,LCM=DISABLE,NCP=NONE,MODE=SDH,FCS=32,SCRAMBLE=ENABLE,LANFCS=ENABLE,RTDELAY=100,CONDTYPE=GFPCMF,GFPRFI=ENABLE,AVLBLRATE=STS3C,PROVRXUNITS=7,GFPRTDELAY=ENABLE,MAXVCDEL=14000,CURRVCDEL=0,ACTUALRXUNITS=7:IS"
   "WAN-1-1-2::MAPPING=GFP-F,RATE=STS3C,VCAT=ENABLE,LCAS=DISABLE,PROVUNITS=1,ACTUALUNITS=1,MAGICNUM=DISABLE,LCM=DISABLE,NCP=NONE,MODE=SDH,FCS=32,SCRAMBLE=ENABLE,LANFCS=ENABLE,RTDELAY=134,CONDTYPE=GFPCMF,GFPRFI=ENABLE,AVLBLRATE=STS3C,PROVRXUNITS=1,GFPRTDELAY=ENABLE,MAXVCDEL=14000,CURRVCDEL=0,ACTUALRXUNITS=1:IS"
   "WAN-1-1-3::MAPPING=GFP-F,RATE=NONE,VCAT=ENABLE,LCAS=DISABLE,PROVUNITS=0,ACTUALUNITS=0,MAGICNUM=DISABLE,LCM=DISABLE,NCP=NONE,MODE=SDH,FCS=32,SCRAMBLE=ENABLE,LANFCS=ENABLE,RTDELAY=UNKNOWN,CONDTYPE=GFPCMF,GFPRFI=ENABLE,AVLBLRATE=STS3C,PROVRXUNITS=0,GFPRTDELAY=ENABLE,MAXVCDEL=14000,CURRVCDEL=0,ACTUALRXUNITS=0:OOS-MA,DISCD"
   "WAN-1-1-4::MAPPING=GFP-F,RATE=STS3C,VCAT=ENABLE,LCAS=DISABLE,PROVUNITS=7,ACTUALUNITS=UNKNOWN,MAGICNUM=DISABLE,LCM=DISABLE,NCP=NONE,MODE=SDH,FCS=32,SCRAMBLE=ENABLE,LANFCS=ENABLE,RTDELAY=UNKNOWN,CONDTYPE=GFPCMF,GFPRFI=ENABLE,AVLBLRATE=STS3C,PROVRXUNITS=7,GFPRTDELAY=ENABLE,MAXVCDEL=UNKNOWN,CURRVCDEL=UNKNOWN,ACTUALRXUNITS=UNKNOWN:IS"
   "WAN-1-2-1::MAPPING=GFP-F,RATE=STS3C,VCAT=ENABLE,LCAS=DISABLE,PROVUNITS=7,ACTUALUNITS=7,MAGICNUM=DISABLE,LCM=DISABLE,NCP=NONE,MODE=SDH,FCS=32,SCRAMBLE=ENABLE,LANFCS=ENABLE,RTDELAY=202,CONDTYPE=GFPCMF,GFPRFI=ENABLE,AVLBLRATE=STS3C,PROVRXUNITS=7,GFPRTDELAY=ENABLE,MAXVCDEL=14000,CURRVCDEL=0,ACTUALRXUNITS=7:IS"
>

   "Asd006A_OME01" 12-12-29 15:44:47
M  17 COMPLD
   "WAN-1-2-2::MAPPING=GFP-F,RATE=STS3C,VCAT=ENABLE,LCAS=DISABLE,PROVUNITS=7,ACTUALUNITS=7,MAGICNUM=DISABLE,LCM=DISABLE,NCP=NONE,MODE=SDH,FCS=32,SCRAMBLE=ENABLE,LANFCS=ENABLE,RTDELAY=288,CONDTYPE=GFPCMF,GFPRFI=ENABLE,AVLBLRATE=STS3C,PROVRXUNITS=7,GFPRTDELAY=ENABLE,MAXVCDEL=14000,CURRVCDEL=0,ACTUALRXUNITS=7:IS"
   "WAN-1-2-3::MAPPING=GFP-F,RATE=STS3C,VCAT=ENABLE,LCAS=DISABLE,PROVUNITS=1,ACTUALUNITS=UNKNOWN,MAGICNUM=DISABLE,LCM=DISABLE,NCP=NONE,MODE=SDH,FCS=32,SCRAMBLE=ENABLE,LANFCS=ENABLE,RTDELAY=UNKNOWN,CONDTYPE=GFPCMF,GFPRFI=ENABLE,AVLBLRATE=STS3C,PROVRXUNITS=1,GFPRTDELAY=ENABLE,MAXVCDEL=UNKNOWN,CURRVCDEL=UNKNOWN,ACTUALRXUNITS=UNKNOWN:IS"
;RTRV-VCS:"Asd006A_OME01":VCS-1-ALL:18;
IP 18
<

   "Asd006A_OME01" 12-12-29 15:44:48
M  18 COMPLD
;RTRV-VCE:"Asd006A_OME01":VCE-1-ALL:19;
IP 19
<

   "Asd006A_OME01" 12-12-29 15:44:48
M  19 COMPLD
;RTRV-VCEMAP:"Asd006A_OME01":VCEMAP-1-ALL:20;
IP 20
<

   "Asd006A_OME01" 12-12-29 15:44:49
M  20 COMPLD
;RTRV-CRS-ALL:"Asd006A_OME01"::21:::CKTID=ALL;
IP 21
<

   "Asd006A_OME01" 12-12-29 15:44:49
M  21 COMPLD
   "STS3C-1-4-2-22,STS3C-1-1-4-1:2WAY:PRIMARYXC=SHELF,PRIME=OSS,CKTID=\"0005IP2_Asd06-Asd02_AMC\":STS3C:"
   "STS3C-1-4-2-25,STS3C-1-1-4-4:2WAY:PRIMARYXC=SHELF,PRIME=OSS,CKTID=\"0005IP2_Asd06-Asd02_AMC\":STS3C:"
   "STS3C-1-4-2-28,STS3C-1-1-4-7:2WAY:PRIMARYXC=SHELF,PRIME=OSS,CKTID=\"0005IP2_Asd06-Asd02_AMC\":STS3C:"
   "STS3C-1-4-2-31,STS3C-1-1-4-10:2WAY:PRIMARYXC=SHELF,PRIME=OSS,CKTID=\"0005IP2_Asd06-Asd02_AMC\":STS3C:"
   "STS3C-1-4-2-34,STS3C-1-1-4-13:2WAY:PRIMARYXC=SHELF,PRIME=OSS,CKTID=\"0005IP2_Asd06-Asd02_AMC\":STS3C:"
   "STS3C-1-4-2-37,STS3C-1-1-4-16:2WAY:PRIMARYXC=SHELF,PRIME=OSS,CKTID=\"0005IP2_Asd06-Asd02_AMC\":STS3C:"
   "STS3C-1-4-2-40,STS3C-1-1-4-19:2WAY:PRIMARYXC=SHELF,PRIME=OSS,CKTID=\"0005IP2_Asd06-Asd02_AMC\":STS3C:"
   "STS3C-1-11-2-22,STS3C-1-1-2-1:2WAY:PRIMARYXC=SHELF,PRIME=OSS,CKTID=\"2004LE3_Asd01-Asd06_OU-O15(NR_Asd02-Asd08)\":STS3C:"
   "STS3C-1-4-1-22,STS3C-1-1-1-1:2WAYPR:SWMATE=STS3C-1-11-1-22,PRIMARYXC=SHELF,PRIME=OSS,CKTID=\"0004IP_Asd06-Asd01_AMC\":STS3C:"
   "STS3C-1-4-1-25,STS3C-1-1-1-4:2WAYPR:SWMATE=STS3C-1-11-1-25,PRIMARYXC=SHELF,PRIME=OSS,CKTID=\"0004IP_Asd06-Asd01_AMC\":STS3C:"
   "STS3C-1-4-1-28,STS3C-1-1-1-7:2WAYPR:SWMATE=STS3C-1-11-1-28,PRIMARYXC=SHELF,PRIME=OSS,CKTID=\"0004IP_Asd06-Asd01_AMC\":STS3C:"
   "STS3C-1-4-1-31,STS3C-1-1-1-10:2WAYPR:SWMATE=STS3C-1-11-1-31,PRIMARYXC=SHELF,PRIME=OSS,CKTID=\"0004IP_Asd06-Asd01_AMC\":STS3C:"
   "STS3C-1-4-1-34,STS3C-1-1-1-13:2WAYPR:SWMATE=STS3C-1-11-1-34,PRIMARYXC=SHELF,PRIME=OSS,CKTID=\"0004IP_Asd06-Asd01_AMC\":STS3C:"
   "STS3C-1-4-1-37,STS3C-1-1-1-16:2WAYPR:SWMATE=STS3C-1-11-1-37,PRIMARYXC=SHELF,PRIME=OSS,CKTID=\"0004IP_Asd06-Asd01_AMC\":STS3C:"
   "STS3C-1-4-1-40,STS3C-1-1-1-19:2WAYPR:SWMATE=STS3C-1-11-1-40,PRIMARYXC=SHELF,PRIME=OSS,CKTID=\"0004IP_Asd06-Asd01_AMC\":STS3C:"
   "STS3C-1-2-3-1,STS3C-1-2-3-1:1WAY:PRIMARYXC=SHELF,PRIME=OSS,CKTID=\"DRAC-loopback\":STS3C:"
   "STS3C-1-11-2-25,STS3C-1-2-2-1:2WAYPR:SWMATE=STS3C-1-4-1-1,PRIMARYXC=SHELF,PRIME=OSS,CKTID=\"2000LP_Asd06-Asd01_AMC-SARA\":STS3C:"
   "STS3C-1-11-2-28,STS3C-1-2-2-4:2WAYPR:SWMATE=STS3C-1-4-1-4,PRIMARYXC=SHELF,PRIME=OSS,CKTID=\"2000LP_Asd06-Asd01_AMC-SARA\":STS3C:"
>

   "Asd006A_OME01" 12-12-29 15:44:50
M  21 COMPLD
   "STS3C-1-11-2-31,STS3C-1-2-2-7:2WAYPR:SWMATE=STS3C-1-4-1-7,PRIMARYXC=SHELF,PRIME=OSS,CKTID=\"2000LP_Asd06-Asd01_AMC-SARA\":STS3C:"
   "STS3C-1-11-2-34,STS3C-1-2-2-10:2WAYPR:SWMATE=STS3C-1-4-1-10,PRIMARYXC=SHELF,PRIME=OSS,CKTID=\"2000LP_Asd06-Asd01_AMC-SARA\":STS3C:"
   "STS3C-1-11-2-37,STS3C-1-2-2-13:2WAYPR:SWMATE=STS3C-1-4-1-13,PRIMARYXC=SHELF,PRIME=OSS,CKTID=\"2000LP_Asd06-Asd01_AMC-SARA\":STS3C:"
   "STS3C-1-11-2-40,STS3C-1-2-2-16:2WAYPR:SWMATE=STS3C-1-4-1-16,PRIMARYXC=SHELF,PRIME=OSS,CKTID=\"2000LP_Asd06-Asd01_AMC-SARA\":STS3C:"
   "STS3C-1-11-2-43,STS3C-1-2-2-19:2WAYPR:SWMATE=STS3C-1-4-1-19,PRIMARYXC=SHELF,PRIME=OSS,CKTID=\"2000LP_Asd06-Asd01_AMC-SARA\":STS3C:"
   "STS3C-1-11-1-1,STS3C-1-2-1-1:2WAY:PRIMARYXC=SHELF,PRIME=OSS,CKTID=\"0004IP2_Asd06A-Asd01A_AMC\":STS3C:"
   "STS3C-1-11-1-4,STS3C-1-2-1-4:2WAY:PRIMARYXC=SHELF,PRIME=OSS,CKTID=\"0004IP2_Asd06A-Asd01A_AMC\":STS3C:"
   "STS3C-1-11-1-7,STS3C-1-2-1-7:2WAY:PRIMARYXC=SHELF,PRIME=OSS,CKTID=\"0004IP2_Asd06A-Asd01A_AMC\":STS3C:"
   "STS3C-1-11-1-10,STS3C-1-2-1-10:2WAY:PRIMARYXC=SHELF,PRIME=OSS,CKTID=\"0004IP2_Asd06A-Asd01A_AMC\":STS3C:"
   "STS3C-1-11-1-13,STS3C-1-2-1-13:2WAY:PRIMARYXC=SHELF,PRIME=OSS,CKTID=\"0004IP2_Asd06A-Asd01A_AMC\":STS3C:"
   "STS3C-1-11-1-16,STS3C-1-2-1-16:2WAY:PRIMARYXC=SHELF,PRIME=OSS,CKTID=\"0004IP2_Asd06A-Asd01A_AMC\":STS3C:"
   "STS3C-1-11-1-19,STS3C-1-2-1-19:2WAY:PRIMARYXC=SHELF,PRIME=OSS,CKTID=\"0004IP2_Asd06A-Asd01A_AMC\":STS3C:"
;RTRV-AD-ALL:"Asd006A_OME01"::22;
IP 22
<

   "Asd006A_OME01" 12-12-29 15:44:52
M  22 COMPLD
   "OC48-1-4-1:TYP-SH-SL-PRT,LINE:TX_VERSION=\"2\",TX_TAG=\"AD_2_00:21:e1:d9:1b:90_001_000_004_000_001_ME_1\",RX_VERSION=\"2\",RX_ACTUAL=\"AD_2_00:11:58:ff:87:91_001_000_011_000_001_ME_1\",RX_EXPECTED=\"\",RECONFIG=DISABLE,RX_RELIABILITY=RELIABLE,MECHANISM=IIH"
   "OC48-1-4-2:TYP-SH-SL-PRT,LINE:TX_VERSION=\"2\",TX_TAG=\"AD_2_00:21:e1:d9:1b:90_001_000_004_000_002_ME_1\",RX_VERSION=\"2\",RX_ACTUAL=\"AD_2_00:11:58:ff:87:91_001_000_011_000_002_ME_1\",RX_EXPECTED=\"\",RECONFIG=DISABLE,RX_RELIABILITY=RELIABLE,MECHANISM=IIH"
   "OC48-1-11-1:TYP-SH-SL-PRT,LINE:TX_VERSION=\"2\",TX_TAG=\"AD_2_00:21:e1:d9:1b:90_001_000_011_000_001_ME_1\",RX_VERSION=\"2\",RX_ACTUAL=\"AD_2_00:11:58:ff:88:59_001_000_010_000_001_ME_1\",RX_EXPECTED=\"\",RECONFIG=DISABLE,RX_RELIABILITY=RELIABLE,MECHANISM=IIH"
   "OC48-1-11-2:TYP-SH-SL-PRT,LINE:TX_VERSION=\"2\",TX_TAG=\"AD_2_00:21:e1:d9:1b:90_001_000_011_000_002_ME_1\",RX_VERSION=\"2\",RX_ACTUAL=\"AD_2_00:11:58:ff:88:59_001_000_010_000_002_ME_1\",RX_EXPECTED=\"\",RECONFIG=DISABLE,RX_RELIABILITY=RELIABLE,MECHANISM=IIH"
;RTRV-FFP-OC192:"Asd006A_OME01":OC192-1-ALL:23;
IP 23
<

   "Asd006A_OME01" 12-12-29 15:44:54
M  23 COMPLD
;

   "Asd006A_OME01" 12-12-29 15:45:10
A  0001119892 REPT EVT COM
   "SP-1-15:PMFTPI,TC,12-29,15-45-10,NEND,NA,,,:\"file 'sftp://sftpuser@145.145.64.26:22//opt/nortel/omea/NE_info/pmdata/0021E1D91B90/pm_Asd006A_OME01_20121229154508_date_201212291530.gz' has started\",NONE:0100000000-0000-0647,:YEAR=2012,MODE=NONE,SIGLAYER=\"\""
;

   "Asd006A_OME01" 12-12-29 15:45:10
A  0001119893 REPT EVT COM
   "SP-1-15:PMFTPF,TC,12-29,15-45-10,NEND,NA,,,:\"file 'sftp://sftpuser@145.145.64.26:22//opt/nortel/omea/NE_info/pmdata/0021E1D91B90/pm_Asd006A_OME01_20121229154508_date_201212291530.gz' has failed\",NONE:0100000000-0000-0649,:YEAR=2012,MODE=NONE,SIGLAYER=\"\""
;

   "Asd006A_OME01" 12-12-29 15:45:14
A  0001119894 REPT EVT ETH
   "ETH-1-2-3:T-UAS-E,TC,12-29,15-45-14,NEND,RCV,10,10,15-MIN:\"T-UAS-E\":0100000000-0000-0000,:YEAR=2012,MODE=NONE"
;RTRV-ALM-ALL:"Asd006A_OME01"::24::;
IP 24
<

   "Asd006A_OME01" 12-12-29 15:45:14
M  24 COMPLD
   "ETH-1-2-3,ETH:CR,LOSSLNK,SA,12-06,09-50-11,NEND,RCV:\"Link Down\",NONE:0100000194-6000-0333,:YEAR=2012,MODE=NONE"
   "ETH-1-2-3,ETH:CR,LOS,SA,12-06,09-50-11,NEND,RCV:\"Loss Of Signal\",NONE:0100000195-0008-0347,:YEAR=2012,MODE=NONE"
   "ETH-1-2-3,ETH:CR,FECRF,SA,12-06,09-50-22,FEND,NA:\"Far End Client Signal Fail\",NONE:0100000198-6271-0349,:YEAR=2012,MODE=NONE"
;

   "Asd006A_OME01" 12-12-29 15:45:23
A  0001119895 REPT EVT COM
   "SP-1-15:PMFTPI,TC,12-29,15-45-23,NEND,NA,,,:\"file 'sftp://sftpuser@145.145.64.26:22//opt/nortel/omea/NE_info/pmdata/0021E1D91B90/pm_Asd006A_OME01_20121229154508_date_201212291530.gz' has started\",NONE:0100000000-0000-0647,:YEAR=2012,MODE=NONE,SIGLAYER=\"\""
;

   "Asd006A_OME01" 12-12-29 15:45:33
A  0001119896 REPT EVT LOG
   "DATE=12-12-29,TIME=15-45-33:USERID=SNSCRIPT,PRIORITY=GEN_TL1_CMD,STATUS=COMPLD:ACT-USER:SNSCRIPT:1::::"
;

   "Asd006A_OME01" 12-12-29 15:45:34
A  0001119897 REPT EVT LOG
   "DATE=12-12-29,TIME=15-45-34:USERID=SNSCRIPT,PRIORITY=GEN_TL1_CMD,STATUS=COMPLD:CANC-USER:SNSCRIPT:1::::"
;

   "Asd006A_OME01" 12-12-29 15:45:35
A  0001119898 REPT EVT COM
   "SP-1-15:PMFTPC,TC,12-29,15-45-35,NEND,NA,,,:\"file 'sftp://sftpuser@145.145.64.26:22//opt/nortel/omea/NE_info/pmdata/0021E1D91B90/pm_Asd006A_OME01_20121229154508_date_201212291530.gz' has completed\",NONE:0100000000-0000-0648,:YEAR=2012,MODE=NONE,SIGLAYER=\"\""
;<<RTRV-HDR keep alive sent>>
IP 25
<

   "Asd006A_OME01" 12-12-29 15:46:19
M  25 COMPLD
;<<RTRV-HDR keep alive sent>>
IP 26
<

   "Asd006A_OME01" 12-12-29 15:48:19
M  26 COMPLD
;<<RTRV-HDR keep alive sent>>
IP 27
<

   "Asd006A_OME01" 12-12-29 15:50:19
M  27 COMPLD
;

   "Asd006A_OME01" 12-12-29 15:51:31
A  0001119899 REPT EVT LOG
   "DATE=12-12-29,TIME=15-51-31:USERID=SNSCRIPT,PRIORITY=GEN_TL1_CMD,STATUS=COMPLD:ACT-USER:SNSCRIPT:1::::"
;

   "Asd006A_OME01" 12-12-29 15:51:32
A  0001119900 REPT EVT LOG
   "DATE=12-12-29,TIME=15-51-32:USERID=SNSCRIPT,PRIORITY=GEN_TL1_CMD,STATUS=COMPLD:CANC-USER:SNSCRIPT:1::::"
;<<RTRV-HDR keep alive sent>>
IP 28
<

   "Asd006A_OME01" 12-12-29 15:52:19
M  28 COMPLD
;<<RTRV-HDR keep alive sent>>
IP 29
<

   "Asd006A_OME01" 12-12-29 15:54:20
M  29 COMPLD
;<<RTRV-HDR keep alive sent>>
IP 30
<

   "Asd006A_OME01" 12-12-29 15:56:20
M  30 COMPLD
;<<RTRV-HDR keep alive sent>>
IP 31
<

   "Asd006A_OME01" 12-12-29 15:58:21
M  31 COMPLD
;

   "Asd006A_OME01" 12-12-29 16:00:14
A  0001119901 REPT EVT ETH
   "ETH-1-2-3:T-UAS-E,TC,12-29,16-00-14,NEND,RCV,10,10,15-MIN:\"T-UAS-E\":0100000000-0000-0000,:YEAR=2012,MODE=NONE"
;<<RTRV-HDR keep alive sent>>
IP 32
<

   "Asd006A_OME01" 12-12-29 16:00:22
M  32 COMPLD
;

   "Asd006A_OME01" 12-12-29 16:00:33
A  0001119902 REPT EVT LOG
   "DATE=12-12-29,TIME=16-00-33:USERID=SNSCRIPT,PRIORITY=GEN_TL1_CMD,STATUS=COMPLD:ACT-USER:SNSCRIPT:1::::"
;

   "Asd006A_OME01" 12-12-29 16:00:33
A  0001119903 REPT EVT LOG
   "DATE=12-12-29,TIME=16-00-33:USERID=SNSCRIPT,PRIORITY=GEN_TL1_CMD,STATUS=COMPLD:CANC-USER:SNSCRIPT:1::::"
;<<RTRV-HDR keep alive sent>>
IP 33
<

   "Asd006A_OME01" 12-12-29 16:02:22
M  33 COMPLD
;<<RTRV-HDR keep alive sent>>
IP 34
<

   "Asd006A_OME01" 12-12-29 16:04:23
M  34 COMPLD
;<<RTRV-HDR keep alive sent>>
IP 35
<

   "Asd006A_OME01" 12-12-29 16:06:23
M  35 COMPLD
;<<RTRV-HDR keep alive sent>>
IP 36
<

   "Asd006A_OME01" 12-12-29 16:08:23
M  36 COMPLD
;<<RTRV-HDR keep alive sent>>
IP 37
<

   "Asd006A_OME01" 12-12-29 16:10:23
M  37 COMPLD
;<<RTRV-HDR keep alive sent>>
IP 38
<

   "Asd006A_OME01" 12-12-29 16:12:24
M  38 COMPLD
;

   "Asd006A_OME01" 12-12-29 16:13:37
A  0001119904 REPT EVT LOG
   "DATE=12-12-29,TIME=16-13-37:USERID=SNSCRIPT,PRIORITY=GEN_TL1_CMD,STATUS=COMPLD:ACT-USER:SNSCRIPT:1::::"
;

   "Asd006A_OME01" 12-12-29 16:13:38
A  0001119905 REPT EVT LOG
   "DATE=12-12-29,TIME=16-13-38:USERID=SNSCRIPT,PRIORITY=GEN_TL1_CMD,STATUS=COMPLD:CANC-USER:SNSCRIPT:1::::"
;<<RTRV-HDR keep alive sent>>
IP 39
<

   "Asd006A_OME01" 12-12-29 16:14:24
M  39 COMPLD
;

   "Asd006A_OME01" 12-12-29 16:15:15
A  0001119906 REPT EVT ETH
   "ETH-1-2-3:T-UAS-E,TC,12-29,16-15-15,NEND,RCV,10,10,15-MIN:\"T-UAS-E\":0100000000-0000-0000,:YEAR=2012,MODE=NONE"
;

   "Asd006A_OME01" 12-12-29 16:15:33
A  0001119907 REPT EVT LOG
   "DATE=12-12-29,TIME=16-15-33:USERID=SNSCRIPT,PRIORITY=GEN_TL1_CMD,STATUS=COMPLD:ACT-USER:SNSCRIPT:1::::"
;

   "Asd006A_OME01" 12-12-29 16:15:33
A  0001119908 REPT EVT LOG
   "DATE=12-12-29,TIME=16-15-33:USERID=SNSCRIPT,PRIORITY=GEN_TL1_CMD,STATUS=COMPLD:CANC-USER:SNSCRIPT:1::::"
;<<RTRV-HDR keep alive sent>>
IP 40
<

   "Asd006A_OME01" 12-12-29 16:16:25
M  40 COMPLD
;<<RTRV-HDR keep alive sent>>
IP 41
<

   "Asd006A_OME01" 12-12-29 16:18:24
M  41 COMPLD
;<<RTRV-HDR keep alive sent>>
IP 42
<

   "Asd006A_OME01" 12-12-29 16:20:25
M  42 COMPLD
;<<RTRV-HDR keep alive sent>>
IP 43
<

   "Asd006A_OME01" 12-12-29 16:22:26
M  43 COMPLD
;<<RTRV-HDR keep alive sent>>
IP 44
<

   "Asd006A_OME01" 12-12-29 16:24:26
M  44 COMPLD
;<<RTRV-HDR keep alive sent>>
IP 45
<

   "Asd006A_OME01" 12-12-29 16:26:26
M  45 COMPLD
;<<RTRV-HDR keep alive sent>>
IP 46
<

   "Asd006A_OME01" 12-12-29 16:28:26
M  46 COMPLD
;

   "Asd006A_OME01" 12-12-29 16:30:15
A  0001119909 REPT EVT ETH
   "ETH-1-2-3:T-UAS-E,TC,12-29,16-30-15,NEND,RCV,10,10,15-MIN:\"T-UAS-E\":0100000000-0000-0000,:YEAR=2012,MODE=NONE"
;<<RTRV-HDR keep alive sent>>
IP 47
<

   "Asd006A_OME01" 12-12-29 16:30:27
M  47 COMPLD
;

   "Asd006A_OME01" 12-12-29 16:30:35
A  0001119910 REPT EVT LOG
   "DATE=12-12-29,TIME=16-30-35:USERID=SNSCRIPT,PRIORITY=GEN_TL1_CMD,STATUS=COMPLD:ACT-USER:SNSCRIPT:1::::"
;

   "Asd006A_OME01" 12-12-29 16:30:35
A  0001119911 REPT EVT LOG
   "DATE=12-12-29,TIME=16-30-35:USERID=SNSCRIPT,PRIORITY=GEN_TL1_CMD,STATUS=COMPLD:CANC-USER:SNSCRIPT:1::::"
;<<RTRV-HDR keep alive sent>>
IP 48
<

   "Asd006A_OME01" 12-12-29 16:32:27
M  48 COMPLD
;<<RTRV-HDR keep alive sent>>
IP 49
<

   "Asd006A_OME01" 12-12-29 16:34:28
M  49 COMPLD
;<<RTRV-HDR keep alive sent>>
IP 50
<

   "Asd006A_OME01" 12-12-29 16:36:27
M  50 COMPLD
;<<RTRV-HDR keep alive sent>>
IP 51
<

   "Asd006A_OME01" 12-12-29 16:38:28
M  51 COMPLD
;<<RTRV-HDR keep alive sent>>
IP 52
<

   "Asd006A_OME01" 12-12-29 16:40:28
M  52 COMPLD
;<<RTRV-HDR keep alive sent>>
IP 53
<

   "Asd006A_OME01" 12-12-29 16:42:29
M  53 COMPLD
;<<RTRV-HDR keep alive sent>>
IP 54
<

   "Asd006A_OME01" 12-12-29 16:44:29
M  54 COMPLD
;RTRV-ALM-ALL:"Asd006A_OME01"::55::;


   "Asd006A_OME01" 12-12-29 16:45:14
A  0001119912 REPT EVT ETH
   "ETH-1-2-3:T-UAS-E,TC,12-29,16-45-14,NEND,RCV,10,10,15-MIN:\"T-UAS-E\":0100000000-0000-0000,:YEAR=2012,MODE=NONE"
;IP 55
<

   "Asd006A_OME01" 12-12-29 16:45:14
M  55 COMPLD
   "ETH-1-2-3,ETH:CR,LOSSLNK,SA,12-06,09-50-11,NEND,RCV:\"Link Down\",NONE:0100000194-6000-0333,:YEAR=2012,MODE=NONE"
   "ETH-1-2-3,ETH:CR,LOS,SA,12-06,09-50-11,NEND,RCV:\"Loss Of Signal\",NONE:0100000195-0008-0347,:YEAR=2012,MODE=NONE"
   "ETH-1-2-3,ETH:CR,FECRF,SA,12-06,09-50-22,FEND,NA:\"Far End Client Signal Fail\",NONE:0100000198-6271-0349,:YEAR=2012,MODE=NONE"
;

   "Asd006A_OME01" 12-12-29 16:45:32
A  0001119913 REPT EVT LOG
   "DATE=12-12-29,TIME=16-45-32:USERID=SNSCRIPT,PRIORITY=GEN_TL1_CMD,STATUS=COMPLD:ACT-USER:SNSCRIPT:1::::"
;

   "Asd006A_OME01" 12-12-29 16:45:32
A  0001119914 REPT EVT LOG
   "DATE=12-12-29,TIME=16-45-32:USERID=SNSCRIPT,PRIORITY=GEN_TL1_CMD,STATUS=COMPLD:CANC-USER:SNSCRIPT:1::::"
;<<RTRV-HDR keep alive sent>>
IP 56
<

   "Asd006A_OME01" 12-12-29 16:46:29
M  56 COMPLD
;<<RTRV-HDR keep alive sent>>
IP 57
<

   "Asd006A_OME01" 12-12-29 16:48:29
M  57 COMPLD
;<<RTRV-HDR keep alive sent>>
IP 58
<

   "Asd006A_OME01" 12-12-29 16:50:30
M  58 COMPLD
;<<RTRV-HDR keep alive sent>>
IP 59
<

   "Asd006A_OME01" 12-12-29 16:52:30
M  59 COMPLD
;<<RTRV-HDR keep alive sent>>
IP 60
<

   "Asd006A_OME01" 12-12-29 16:54:30
M  60 COMPLD
;<<RTRV-HDR keep alive sent>>
IP 61
<

   "Asd006A_OME01" 12-12-29 16:56:30
M  61 COMPLD
;