***** (re)Starting logger at Sat Dec 29 10:44:19 EST 2012*****


**** TL1 session opened at Sat Dec 29 10:44:19 EST 2012 ****


<<RTRV-HDR keep alive sent>>
ÿûÿûÿý

WARNING! This computer system and network is PRIVATE and PROPRIETARY of [SUR
Fnet] and may only be accesses by authorized users.  Unauthorized use of th
is computer system or network is strictly prohibited and may be subject to 
criminal prosecution, employee discipline up to and including discharge, or
 the termination of the vendor/service contracts.  The owner, or its agents
, may monitor any activity or communication on the computer system or netwo
RK.

--- Copyright (c) 2000 - 2011 Ciena (R) Corporation. All Rights Reserved ---
|  NOTICE: This is a private computer system.                              |
|  Unauthorized access or use may lead to prosecution.                     |
|                                                                          |
|  Ciena 6500 OPTICAL                                                      |
----------------------------------------------------------------------------

/*
 * Starting Interactive TL1 Command Mode.
 * Type ? for help while constructing TL1 commands.
 * Type .? for specific parameter/keyword help.
 */


IP 2
<

   "Wg001A_OME01" 12-12-29 15:44:20
M  2 DENY
   PLNA
   /*Privilege, Login Not Active*/
;<<ACT-USER sent, password hidden>>
IP 3
<

   "Wg001A_OME01" 12-12-29 15:44:22
M  3 COMPLD
;RTRV-NETYPE:"Wg001A_OME01"::4;
IP 4
<

   "Wg001A_OME01" 12-12-29 15:44:22
M  4 COMPLD
   "CIENA,\"6500 OPTICAL\",OCP,\"REL0810Z.HD\""
;RTRV-SW-VER:"Wg001A_OME01"::5;
IP 5
<

   "Wg001A_OME01" 12-12-29 15:44:22
M  5 COMPLD
   "SHELF-1:REL0810Z.HD"
;RTRV-RTG-INFO:"Wg001A_OME01"::6:::NAME="Wg001A_OME01";
IP 6
<

   "Wg001A_OME01" 12-12-29 15:44:59
M  6 COMPLD
   "SHELF-1::,\"Wg001A_OME01\",0020D8DF37EC|145.145.74.96,00001600,YES"
;RTRV-SYS:"Wg001A_OME01"::7;
IP 7
<

   "Wg001A_OME01" 12-12-29 15:44:59
M  7 COMPLD
   "SHELF-1::ACTUALCOOLING=LOWFLOW,ACTUALPOWER=435,AINSTIMEOUT=00-05,ALMCORR=OFF,ALMHO=2.5,BAYFICINAO=FALSE,BITSMODE=SDH,CSFMCASTMAC=0180C2880001,EQPTCURRENT=40,ETHEERTH=20,ETHGFPRFI=ENABLED,ETHGFPRFIUPI=128,ETHSDTH=1,FCEERTH=20,FCSDTH=1,FIBERLOSSDETECTION=DISABLED,FILLERMGMT=ENABLED,GCC0MODE=IISIS,GCC1MODE=DISABLED,LASEROFFFARENDFAIL=DISABLED,LINEPEVSTAT=MAN&AUTO,MAJORDEGRADETHRESH=6.00,MINCOOLING=LOWFLOW,MINORDEGRADETHRESH=3.00,MONITORFAN=ENABLED,NEMODE=SDH,OSCMODE=OSPF,PATHEBERTH=3,PATHPEVSTAT=MAN,PATHSDTH=6,PATHSWCRIT=UNEQ&SD&EBER&AIS&LOP,PROVCURRENT=40,PTHAISINSERT=AIS&LOP,SHELFSYNCH=NO,STATE=NORMAL,WANFREERTH=20,WANFRSDTH=1,WANTREERTH=20,WANTRSDTH=1"
;ALW-MSG-BROADCAST:"Wg001A_OME01":ALL:8;
IP 8
<

   "Wg001A_OME01" 12-12-29 15:45:00
M  8 COMPLD
;RTRV-EQPT:"Wg001A_OME01":ALL:9;
IP 9
<

   "Wg001A_OME01" 12-12-29 15:45:00
M  9 COMPLD
   "GE-1-1::PROVPEC=NTK535LA,CTYPE=\"GE EPL 4 Port SFP\",SNMPINDEX=671220736,PEC=NTK535LA,REL= 03 ,CLEI=WMOTAJ4JAC,SER=NNTM0171D3SNH,MDAT=2004-42,AGE=06-362-05-32,ONSC=06-362-05-32:IS,ACT"
   "PGEFC-1-1-1::PROVPEC=NTTP01CF,CTYPE=\"GE LX [10k]/FC100 SM 1310nm LC SFP\",SNMPINDEX=671220737,PEC=NTTP01CF,REL=01,CLEI=WMOTAH1JAA,SER=EXLGJPM6T5030227:IS,ACT"
   "PGEFC-1-1-2::PROVPEC=NTTP01AF,CTYPE=\"GE SX/FC100 Mx 850nm LC SFP\",SNMPINDEX=671220738,PEC=NTTP01AF,REL=01,CLEI=SOC3NNFCAA,SER=AGLTMY0000179L  :IS,ACT"
   "PGEFC-1-1-3::PROVPEC=NTTP01CF,CTYPE=\"GE LX [10k]/FC100 SM 1310nm LC SFP\",SNMPINDEX=671220739,PEC=NTTP01CF,REL=01,CLEI=WMOTAH1JAA,SER=EXLGJPM6E6850081:IS,ACT"
   "PGEFC-1-1-4::PROVPEC=NTTP01AF,CTYPE=\"GE SX/FC100 Mx 850nm LC SFP\",SNMPINDEX=671220740,PEC=NTTP01AF,REL=01,CLEI=SOC3NNFCAA,SER=AGLTMY00003V81  :IS,ACT"
   "GE-1-2::PROVPEC=NTK535LA,CTYPE=\"GE EPL 4 Port SFP\",SNMPINDEX=671221760,PEC=NTK535LA,REL= 03 ,CLEI=WMOTAJ4JAC,SER=NNTM01P1D3SY4,MDAT=2004-42,AGE=06-362-05-32,ONSC=06-362-05-32:IS,ACT"
   "PGEFC-1-2-1::PROVPEC=NTTP01AF,CTYPE=\"GE SX/FC100 Mx 850nm LC SFP\",SNMPINDEX=671221761,PEC=NTTP01AF,REL=01,CLEI=SOC3NNFCAA,SER=AGLTMY00000W0Z  :IS,ACT"
   "PGEFC-1-2-2::PROVPEC=NTTP01AF,CTYPE=\"GE SX/FC100 Mx 850nm LC SFP\",SNMPINDEX=671221762,PEC=NTTP01AF,REL=01,CLEI=SOC3NNFCAA,SER=AGLTMY00007A7A  :IS,ACT"
   "PGEFC-1-2-3::PROVPEC=NTTP01CF,CTYPE=\"GE LX [10k]/FC100 SM 1310nm LC SFP\",SNMPINDEX=671221763,PEC=NTTP01CF,REL=01,CLEI=WMOTAH1JAA,SER=EXLGJPM6E6850086:IS,ACT"
   "PGEFC-1-2-4::PROVPEC=NTTP01CF,CTYPE=\"GE LX [10k]/FC100 SM 1310nm LC SFP\",SNMPINDEX=671221764,PEC=NTTP01CF,REL=01,CLEI=WMOTAH1JAA,SER=EXLGJPM6E6850088:IS,ACT"
>

   "Wg001A_OME01" 12-12-29 15:45:00
M  9 COMPLD
   "GE-1-3::PROVPEC=NTK535LA,CTYPE=\"GE EPL 4 Port SFP\",SNMPINDEX=671222784,PEC=NTK535LA,REL= 02 ,CLEI=WMOTAJ4JAB,SER=NNTM01P1D3JR0,MDAT=2004-37,AGE=03-298-19-49,ONSC=00-296-05-50:IS,ACT"
   "PGEFC200-1-3-1::PROVPEC=NTTP06AF,CTYPE=\"GE SX/FC100/FC200 Mx 850nm LC SFP\",SNMPINDEX=671222785,PEC=NTTP06AF,REL=05,CLEI=WMOTCWVJAA,SER=BP1047961103    :IS,ACT"
   "2G5-1-4::PROVPEC=NTK516BA,CTYPE=\"OC-48/STM-16 STS-1/HO 2 Port SFP\",SNMPINDEX=671223808,PEC=NTK516BA,REL= 01 ,CLEI=WMOTAG6JAA,SER=NNTM01L1D4926,MDAT=2004-52,AGE=01-296-04-32,ONSC=01-296-04-32:IS,ACT"
   "P2G5-1-4-1::PROVPEC=NTTP03FF,CTYPE=\"OC-48 LR-2/L-16.2,1550nm,3.3V,-10/+85C,SFP,20pins,LC,EMSA\",SNMPINDEX=671223809,PEC=NTTP03FF,REL=01,CLEI=WMOTAJAJAA,SER=EXLGJPBZEZ460004:IS,ACT"
   "10G-1-6::PROVPEC=NTK526MN,CTYPE=\"OC-192/STM-64 STS-1/HO 1 Port G.709 DWDM 1552.52nm\",SNMPINDEX=671225856,PEC=NTK526MN,REL= 05 ,CLEI=WMOTBEFJAA,SER=NNTM01V1D499T,MDAT=2004-52,AGE=01-296-04-38,ONSC=01-296-04-38:IS,ACT"
   "XC-1-7::PROVPEC=NTK557BA,CTYPE=\"X-Conn 160G+ STS-1/VC-3 Sync-ST3\",SNMPINDEX=671226880,PEC=NTK557BA,REL= 05 ,CLEI=WMIXCE0BAC,SER=NNTMGPFZ00CI8,MDAT=2004-48,AGE=02-192-01-48,ONSC=02-192-01-48:IS,WRKTRAF&WRKSYNC"
   "XC-1-8::PROVPEC=NTK557BA,CTYPE=\"X-Conn 160G+ STS-1/VC-3 Sync-ST3\",SNMPINDEX=671227904,PEC=NTK557BA,REL= 05 ,CLEI=WMIXCE0BAC,SER=NNTMGP0Z0079V,MDAT=2004-49,AGE=02-192-01-51,ONSC=02-192-01-51:IS,STBYH"
   "10G-1-9::PROVPEC=NTK526MN,CTYPE=\"OC-192/STM-64 STS-1/HO 1 Port G.709 DWDM 1552.52nm\",SNMPINDEX=671228928,PEC=NTK526MN,REL= 05 ,CLEI=WMOTBEFJAA,SER=NNTM0161D48C2,MDAT=2004-51,AGE=01-296-04-41,ONSC=01-296-04-41:IS,ACT"
   "SP-1-15::PROVPEC=NTK555AA,CTYPE=\"Processor SP\",SNMPINDEX=671235072,PEC=NTK555AA,REL= 05 ,CLEI=WMUCAJFAAB,SER=NNTM01E1D3ZAM,MDAT=2004-46,AGE=07-280-07-01,ONSC=02-191-11-18,TCUR=25,TAVG=24:IS,"
;RTRV-OC3:"Wg001A_OME01":OC3-1-ALL:10;
IP 10
<

   "Wg001A_OME01" 12-12-29 15:45:01
M  10 COMPLD
;RTRV-OC12:"Wg001A_OME01":OC12-1-ALL:11;
IP 11
<

   "Wg001A_OME01" 12-12-29 15:45:01
M  11 COMPLD
;RTRV-OC48:"Wg001A_OME01":OC48-1-ALL:12;
IP 12
<

   "Wg001A_OME01" 12-12-29 15:45:01
M  12 COMPLD
   "OC48-1-4-1::TMGREF=Y,DCC=Y,,SDTH=6,,,,,ALS=DISABLED,DUSOVERRIDE=DISABLED,EBERTH=3,PORTMODE=SDH,UNEQMODE=VC4,,,,CLFI=\"\":IS,"
;RTRV-OC192:"Wg001A_OME01":OC192-1-ALL:13;
IP 13
<

   "Wg001A_OME01" 12-12-29 15:45:02
M  13 COMPLD
   "OC192-1-6-1::TMGREF=Y,DCC=Y,,SDTH=6,,,,,ALS=DISABLED,DUSOVERRIDE=DISABLED,EBERTH=3,PORTMODE=SDH,UNEQMODE=VC4,,,,CLFI=\"\":IS,"
   "OC192-1-9-1::TMGREF=Y,DCC=Y,,SDTH=6,,,,,ALS=DISABLED,DUSOVERRIDE=DISABLED,EBERTH=3,PORTMODE=SDH,UNEQMODE=VC4,,,,CLFI=\"\":IS,"
;RTRV-ETH:"Wg001A_OME01":ETH-1-ALL:14;
IP 14
<

   "Wg001A_OME01" 12-12-29 15:45:06
M  14 COMPLD
   "ETH-1-1-1::AN=ENABLE,ANSTATUS=COMPLETED,ANETHDPX=FULL,ANSPEED=1000,ANPAUSETX=DISABLE,ANPAUSERX=DISABLE,ADVETHDPX=FULL,ADVSPEED=1000,ADVFLOWCTRL=SYM,ETHDPX=FULL,SPEED=1000,FLOWCTRL=NONE,PAUSETX=DISABLE,PAUSERX=DISABLE,PAUSERXOVERRIDE=ENABLE,MTU=9600,TXCON=ENABLE,PASSCTRL=DISABLE,PAUSETXOVERRIDE=DISABLE,RXIDLE=0,CFPRF=CFPRF-1-4,PHYSADDR=001158FF52DD,CLFI=\"\":IS"
   "ETH-1-1-2::AN=ENABLE,ANSTATUS=COMPLETED,ANETHDPX=FULL,ANSPEED=1000,ANPAUSETX=DISABLE,ANPAUSERX=DISABLE,ADVETHDPX=FULL,ADVSPEED=1000,ADVFLOWCTRL=ASYM,ETHDPX=FULL,SPEED=1000,FLOWCTRL=NONE,PAUSETX=DISABLE,PAUSERX=DISABLE,PAUSERXOVERRIDE=ENABLE,MTU=9600,TXCON=ENABLE,PASSCTRL=DISABLE,PAUSETXOVERRIDE=DISABLE,RXIDLE=0,CFPRF=CFPRF-1-4,PHYSADDR=001158FF52DE,CLFI=\"\":IS"
   "ETH-1-1-3::AN=DISABLE,ANSTATUS=DISABLED,ANETHDPX=UNKNOWN,ANSPEED=UNKNOWN,ANPAUSETX=UNKNOWN,ANPAUSERX=UNKNOWN,ADVETHDPX=UNKNOWN,ADVSPEED=UNKNOWN,ADVFLOWCTRL=UNKNOWN,ETHDPX=FULL,SPEED=1000,FLOWCTRL=NONE,PAUSETX=DISABLE,PAUSERX=DISABLE,PAUSERXOVERRIDE=ENABLE,MTU=9600,TXCON=ENABLE,PASSCTRL=DISABLE,PAUSETXOVERRIDE=DISABLE,RXIDLE=0,CFPRF=CFPRF-1-4,PHYSADDR=001158FF52DF,CLFI=\"\":IS"
   "ETH-1-1-4::AN=ENABLE,ANSTATUS=COMPLETED,ANETHDPX=FULL,ANSPEED=1000,ANPAUSETX=DISABLE,ANPAUSERX=DISABLE,ADVETHDPX=FULL,ADVSPEED=1000,ADVFLOWCTRL=ASYM,ETHDPX=FULL,SPEED=1000,FLOWCTRL=NONE,PAUSETX=DISABLE,PAUSERX=DISABLE,PAUSERXOVERRIDE=ENABLE,MTU=9600,TXCON=ENABLE,PASSCTRL=DISABLE,PAUSETXOVERRIDE=DISABLE,RXIDLE=0,CFPRF=CFPRF-1-4,PHYSADDR=001158FF52E0,CLFI=\"\":IS"
>

   "Wg001A_OME01" 12-12-29 15:45:06
M  14 COMPLD
   "ETH-1-2-1::AN=ENABLE,ANSTATUS=COMPLETED,ANETHDPX=FULL,ANSPEED=1000,ANPAUSETX=DISABLE,ANPAUSERX=DISABLE,ADVETHDPX=FULL,ADVSPEED=1000,ADVFLOWCTRL=ASYM,ETHDPX=FULL,SPEED=1000,FLOWCTRL=NONE,PAUSETX=DISABLE,PAUSERX=DISABLE,PAUSERXOVERRIDE=ENABLE,MTU=9600,TXCON=ENABLE,PASSCTRL=DISABLE,PAUSETXOVERRIDE=DISABLE,RXIDLE=0,CFPRF=CFPRF-1-4,PHYSADDR=001158FF530D,CLFI=\"\":IS"
   "ETH-1-2-2::AN=ENABLE,ANSTATUS=COMPLETED,ANETHDPX=FULL,ANSPEED=1000,ANPAUSETX=DISABLE,ANPAUSERX=DISABLE,ADVETHDPX=FULL,ADVSPEED=1000,ADVFLOWCTRL=ASYM,ETHDPX=FULL,SPEED=1000,FLOWCTRL=NONE,PAUSETX=DISABLE,PAUSERX=DISABLE,PAUSERXOVERRIDE=ENABLE,MTU=9600,TXCON=ENABLE,PASSCTRL=DISABLE,PAUSETXOVERRIDE=DISABLE,RXIDLE=0,CFPRF=CFPRF-1-4,PHYSADDR=001158FF530E,CLFI=\"\":IS"
   "ETH-1-2-3::AN=DISABLE,ANSTATUS=DISABLED,ANETHDPX=UNKNOWN,ANSPEED=UNKNOWN,ANPAUSETX=UNKNOWN,ANPAUSERX=UNKNOWN,ADVETHDPX=UNKNOWN,ADVSPEED=UNKNOWN,ADVFLOWCTRL=UNKNOWN,ETHDPX=FULL,SPEED=1000,FLOWCTRL=NONE,PAUSETX=DISABLE,PAUSERX=DISABLE,PAUSERXOVERRIDE=ENABLE,MTU=9600,TXCON=ENABLE,PASSCTRL=DISABLE,PAUSETXOVERRIDE=DISABLE,RXIDLE=0,CFPRF=CFPRF-1-4,PHYSADDR=001158FF530F,CLFI=\"\":IS"
   "ETH-1-2-4::AN=DISABLE,ANSTATUS=DISABLED,ANETHDPX=UNKNOWN,ANSPEED=UNKNOWN,ANPAUSETX=UNKNOWN,ANPAUSERX=UNKNOWN,ADVETHDPX=UNKNOWN,ADVSPEED=UNKNOWN,ADVFLOWCTRL=UNKNOWN,ETHDPX=FULL,SPEED=1000,FLOWCTRL=NONE,PAUSETX=DISABLE,PAUSERX=DISABLE,PAUSERXOVERRIDE=ENABLE,MTU=9600,TXCON=ENABLE,PASSCTRL=DISABLE,PAUSETXOVERRIDE=DISABLE,RXIDLE=0,CFPRF=CFPRF-1-4,PHYSADDR=001158FF5310,CLFI=\"\":IS"
>

   "Wg001A_OME01" 12-12-29 15:45:06
M  14 COMPLD
   "ETH-1-3-1::AN=ENABLE,ANSTATUS=COMPLETED,ANETHDPX=FULL,ANSPEED=1000,ANPAUSETX=DISABLE,ANPAUSERX=DISABLE,ADVETHDPX=FULL,ADVSPEED=1000,ADVFLOWCTRL=NONE,ETHDPX=FULL,SPEED=1000,FLOWCTRL=NONE,PAUSETX=DISABLE,PAUSERX=DISABLE,PAUSERXOVERRIDE=ENABLE,MTU=9600,TXCON=ENABLE,PASSCTRL=DISABLE,PAUSETXOVERRIDE=DISABLE,RXIDLE=0,CFPRF=CFPRF-1-4,PHYSADDR=0020D8DF3AC8,CLFI=\"DLP\":IS"
;RTRV-ETH10G:"Wg001A_OME01":ETH10G-1-ALL:15;
IP 15
<

   "Wg001A_OME01" 12-12-29 15:45:07
M  15 COMPLD
;RTRV-ETH100:"Wg001A_OME01":ETH100-1-ALL:16;
IP 16
<

   "Wg001A_OME01" 12-12-29 15:45:07
M  16 COMPLD
;RTRV-WAN:"Wg001A_OME01":WAN-1-ALL:17;
IP 17
<

   "Wg001A_OME01" 12-12-29 15:45:10
M  17 COMPLD
   "WAN-1-1-1::MAPPING=GFP-F,RATE=STS3C,VCAT=ENABLE,LCAS=DISABLE,PROVUNITS=4,ACTUALUNITS=4,MAGICNUM=DISABLE,LCM=DISABLE,NCP=NONE,MODE=SDH,FCS=32,SCRAMBLE=ENABLE,LANFCS=ENABLE,RTDELAY=4546,CONDTYPE=GFPCMF,GFPRFI=ENABLE,AVLBLRATE=STS3C,PROVRXUNITS=4,GFPRTDELAY=ENABLE,MAXVCDEL=14000,CURRVCDEL=0,ACTUALRXUNITS=4:IS"
   "WAN-1-1-2::MAPPING=GFP-F,RATE=STS3C,VCAT=ENABLE,LCAS=DISABLE,PROVUNITS=1,ACTUALUNITS=1,MAGICNUM=DISABLE,LCM=DISABLE,NCP=NONE,MODE=SDH,FCS=32,SCRAMBLE=ENABLE,LANFCS=ENABLE,RTDELAY=6152,CONDTYPE=GFPCMF,GFPRFI=ENABLE,AVLBLRATE=STS3C,PROVRXUNITS=1,GFPRTDELAY=ENABLE,MAXVCDEL=14000,CURRVCDEL=0,ACTUALRXUNITS=1:IS"
   "WAN-1-1-3::MAPPING=GFP-F,RATE=STS3C,VCAT=ENABLE,LCAS=DISABLE,PROVUNITS=7,ACTUALUNITS=7,MAGICNUM=DISABLE,LCM=DISABLE,NCP=NONE,MODE=SDH,FCS=32,SCRAMBLE=ENABLE,LANFCS=ENABLE,RTDELAY=4544,CONDTYPE=GFPCMF,GFPRFI=ENABLE,AVLBLRATE=STS3C,PROVRXUNITS=7,GFPRTDELAY=ENABLE,MAXVCDEL=14000,CURRVCDEL=0,ACTUALRXUNITS=7:IS"
   "WAN-1-1-4::MAPPING=GFP-F,RATE=STS3C,VCAT=ENABLE,LCAS=DISABLE,PROVUNITS=7,ACTUALUNITS=7,MAGICNUM=DISABLE,LCM=DISABLE,NCP=NONE,MODE=SDH,FCS=32,SCRAMBLE=ENABLE,LANFCS=ENABLE,RTDELAY=3171,CONDTYPE=GFPCMF,GFPRFI=ENABLE,AVLBLRATE=STS3C,PROVRXUNITS=7,GFPRTDELAY=ENABLE,MAXVCDEL=14000,CURRVCDEL=0,ACTUALRXUNITS=7:IS"
   "WAN-1-2-1::MAPPING=GFP-F,RATE=STS3C,VCAT=ENABLE,LCAS=DISABLE,PROVUNITS=7,ACTUALUNITS=7,MAGICNUM=DISABLE,LCM=DISABLE,NCP=NONE,MODE=SDH,FCS=32,SCRAMBLE=ENABLE,LANFCS=ENABLE,RTDELAY=5200,CONDTYPE=GFPCMF,GFPRFI=ENABLE,AVLBLRATE=STS3C,PROVRXUNITS=7,GFPRTDELAY=ENABLE,MAXVCDEL=14000,CURRVCDEL=0,ACTUALRXUNITS=7:IS"
>

   "Wg001A_OME01" 12-12-29 15:45:10
M  17 COMPLD
   "WAN-1-2-2::MAPPING=GFP-F,RATE=STS3C,VCAT=ENABLE,LCAS=DISABLE,PROVUNITS=7,ACTUALUNITS=7,MAGICNUM=DISABLE,LCM=DISABLE,NCP=NONE,MODE=SDH,FCS=32,SCRAMBLE=ENABLE,LANFCS=ENABLE,RTDELAY=3259,CONDTYPE=GFPCMF,GFPRFI=ENABLE,AVLBLRATE=STS3C,PROVRXUNITS=7,GFPRTDELAY=ENABLE,MAXVCDEL=14000,CURRVCDEL=0,ACTUALRXUNITS=7:IS"
   "WAN-1-2-3::MAPPING=GFP-F,RATE=STS3C,VCAT=ENABLE,LCAS=DISABLE,PROVUNITS=7,ACTUALUNITS=7,MAGICNUM=DISABLE,LCM=DISABLE,NCP=NONE,MODE=SDH,FCS=32,SCRAMBLE=ENABLE,LANFCS=ENABLE,RTDELAY=2832,CONDTYPE=GFPCMF,GFPRFI=ENABLE,AVLBLRATE=STS3C,PROVRXUNITS=7,GFPRTDELAY=ENABLE,MAXVCDEL=14000,CURRVCDEL=0,ACTUALRXUNITS=7:IS"
   "WAN-1-2-4::MAPPING=GFP-F,RATE=STS3C,VCAT=ENABLE,LCAS=DISABLE,PROVUNITS=1,ACTUALUNITS=1,MAGICNUM=DISABLE,LCM=DISABLE,NCP=NONE,MODE=SDH,FCS=32,SCRAMBLE=ENABLE,LANFCS=ENABLE,RTDELAY=4868,CONDTYPE=GFPCMF,GFPRFI=ENABLE,AVLBLRATE=STS3C,PROVRXUNITS=1,GFPRTDELAY=ENABLE,MAXVCDEL=14000,CURRVCDEL=0,ACTUALRXUNITS=1:IS"
   "WAN-1-3-1::MAPPING=GFP-F,RATE=STS3C,VCAT=ENABLE,LCAS=DISABLE,PROVUNITS=1,ACTUALUNITS=1,MAGICNUM=DISABLE,LCM=DISABLE,NCP=NONE,MODE=SDH,FCS=32,SCRAMBLE=ENABLE,LANFCS=ENABLE,RTDELAY=121,CONDTYPE=GFPCMF,GFPRFI=ENABLE,AVLBLRATE=STS3C,PROVRXUNITS=1,GFPRTDELAY=ENABLE,MAXVCDEL=14000,CURRVCDEL=0,ACTUALRXUNITS=1:IS"
;RTRV-VCS:"Wg001A_OME01":VCS-1-ALL:18;
IP 18
<

   "Wg001A_OME01" 12-12-29 15:45:11
M  18 COMPLD
;RTRV-VCE:"Wg001A_OME01":VCE-1-ALL:19;
IP 19
<

   "Wg001A_OME01" 12-12-29 15:45:11
M  19 COMPLD
;RTRV-VCEMAP:"Wg001A_OME01":VCEMAP-1-ALL:20;
IP 20
<

   "Wg001A_OME01" 12-12-29 15:45:11
M  20 COMPLD
;RTRV-CRS-ALL:"Wg001A_OME01"::21:::CKTID=ALL;
IP 21
<

   "Wg001A_OME01" 12-12-29 15:45:12
M  21 COMPLD
   "STS3C-1-6-1-22,STS3C-1-1-4-1:2WAYPR:SWMATE=STS3C-1-9-1-22,PRIMARYXC=SHELF,PRIME=OSS,CKTID=\"2035LP_Wg01-Gv01_WUR-O27(Gv37-Wg01)\":STS3C:"
   "STS3C-1-6-1-25,STS3C-1-1-4-4:2WAYPR:SWMATE=STS3C-1-9-1-25,PRIMARYXC=SHELF,PRIME=OSS,CKTID=\"2035LP_Wg01-Gv01_WUR-O27(Gv37-Wg01)\":STS3C:"
   "STS3C-1-6-1-28,STS3C-1-1-4-7:2WAYPR:SWMATE=STS3C-1-9-1-28,PRIMARYXC=SHELF,PRIME=OSS,CKTID=\"2035LP_Wg01-Gv01_WUR-O27(Gv37-Wg01)\":STS3C:"
   "STS3C-1-6-1-31,STS3C-1-1-4-10:2WAYPR:SWMATE=STS3C-1-9-1-31,PRIMARYXC=SHELF,PRIME=OSS,CKTID=\"2035LP_Wg01-Gv01_WUR-O27(Gv37-Wg01)\":STS3C:"
   "STS3C-1-6-1-34,STS3C-1-1-4-13:2WAYPR:SWMATE=STS3C-1-9-1-34,PRIMARYXC=SHELF,PRIME=OSS,CKTID=\"2035LP_Wg01-Gv01_WUR-O27(Gv37-Wg01)\":STS3C:"
   "STS3C-1-6-1-37,STS3C-1-1-4-16:2WAYPR:SWMATE=STS3C-1-9-1-37,PRIMARYXC=SHELF,PRIME=OSS,CKTID=\"2035LP_Wg01-Gv01_WUR-O27(Gv37-Wg01)\":STS3C:"
   "STS3C-1-6-1-40,STS3C-1-1-4-19:2WAYPR:SWMATE=STS3C-1-9-1-40,PRIMARYXC=SHELF,PRIME=OSS,CKTID=\"2035LP_Wg01-Gv01_WUR-O27(Gv37-Wg01)\":STS3C:"
   "STS3C-1-6-1-43,STS3C-1-1-3-1:2WAY:PRIMARYXC=SHELF,PRIME=OSS,CKTID=\"2037LE3_Asd01-Wg01_WUR-O27(NP_Lis02-Wg01)\":STS3C:"
   "STS3C-1-6-1-46,STS3C-1-1-3-4:2WAY:PRIMARYXC=SHELF,PRIME=OSS,CKTID=\"2037LE3_Asd01-Wg01_WUR-O27(NP_Lis02-Wg01)\":STS3C:"
   "STS3C-1-6-1-49,STS3C-1-1-3-7:2WAY:PRIMARYXC=SHELF,PRIME=OSS,CKTID=\"2037LE3_Asd01-Wg01_WUR-O27(NP_Lis02-Wg01)\":STS3C:"
   "STS3C-1-6-1-52,STS3C-1-1-3-10:2WAY:PRIMARYXC=SHELF,PRIME=OSS,CKTID=\"2037LE3_Asd01-Wg01_WUR-O27(NP_Lis02-Wg01)\":STS3C:"
   "STS3C-1-6-1-55,STS3C-1-1-3-13:2WAY:PRIMARYXC=SHELF,PRIME=OSS,CKTID=\"2037LE3_Asd01-Wg01_WUR-O27(NP_Lis02-Wg01)\":STS3C:"
   "STS3C-1-6-1-58,STS3C-1-1-3-16:2WAY:PRIMARYXC=SHELF,PRIME=OSS,CKTID=\"2037LE3_Asd01-Wg01_WUR-O27(NP_Lis02-Wg01)\":STS3C:"
   "STS3C-1-6-1-61,STS3C-1-1-3-19:2WAY:PRIMARYXC=SHELF,PRIME=OSS,CKTID=\"2037LE3_Asd01-Wg01_WUR-O27(NP_Lis02-Wg01)\":STS3C:"
   "STS3C-1-9-1-190,STS3C-1-1-2-1:2WAYPR:SWMATE=STS3C-1-6-1-190,PRIMARYXC=SHELF,PRIME=OSS,CKTID=\"2045LP_Lw01-Wg01_WUR-O27(Lw03-OPN)\":STS3C:"
   "STS3C-1-6-1-4,STS3C-1-1-1-1:2WAY:PRIMARYXC=SHELF,PRIME=OSS,CKTID=\"2155LR1_Wg01-Asd01_NIOO(Wg06)\":STS3C:"
   "STS3C-1-6-1-7,STS3C-1-1-1-4:2WAY:PRIMARYXC=SHELF,PRIME=OSS,CKTID=\"2155LR1_Wg01-Asd01_NIOO(Wg06)\":STS3C:"
   "STS3C-1-6-1-10,STS3C-1-1-1-7:2WAY:PRIMARYXC=SHELF,PRIME=OSS,CKTID=\"2155LR1_Wg01-Asd01_NIOO(Wg06)\":STS3C:"
>

   "Wg001A_OME01" 12-12-29 15:45:12
M  21 COMPLD
   "STS3C-1-6-1-13,STS3C-1-1-1-10:2WAY:PRIMARYXC=SHELF,PRIME=OSS,CKTID=\"2155LR1_Wg01-Asd01_NIOO(Wg06)\":STS3C:"
   "STS3C-1-6-1-1,STS3C-1-2-4-1:2WAY:PRIMARYXC=SHELF,PRIME=OSS,CKTID=\"2119LR2_Amf01-Hvs01_METEOCON(@Wg03)\":STS3C:"
   "STS3C-1-9-1-43,STS3C-1-2-3-1:2WAY:PRIMARYXC=SHELF,PRIME=OSS,CKTID=\"2037LE4_Ledn01-Wg01_WUR-O27(NP_Lis02-Wg01)\":STS3C:"
   "STS3C-1-9-1-46,STS3C-1-2-3-4:2WAY:PRIMARYXC=SHELF,PRIME=OSS,CKTID=\"2037LE4_Ledn01-Wg01_WUR-O27(NP_Lis02-Wg01)\":STS3C:"
   "STS3C-1-9-1-49,STS3C-1-2-3-7:2WAY:PRIMARYXC=SHELF,PRIME=OSS,CKTID=\"2037LE4_Ledn01-Wg01_WUR-O27(NP_Lis02-Wg01)\":STS3C:"
   "STS3C-1-9-1-52,STS3C-1-2-3-10:2WAY:PRIMARYXC=SHELF,PRIME=OSS,CKTID=\"2037LE4_Ledn01-Wg01_WUR-O27(NP_Lis02-Wg01)\":STS3C:"
   "STS3C-1-9-1-55,STS3C-1-2-3-13:2WAY:PRIMARYXC=SHELF,PRIME=OSS,CKTID=\"2037LE4_Ledn01-Wg01_WUR-O27(NP_Lis02-Wg01)\":STS3C:"
   "STS3C-1-9-1-58,STS3C-1-2-3-16:2WAY:PRIMARYXC=SHELF,PRIME=OSS,CKTID=\"2037LE4_Ledn01-Wg01_WUR-O27(NP_Lis02-Wg01)\":STS3C:"
   "STS3C-1-9-1-61,STS3C-1-2-3-19:2WAY:PRIMARYXC=SHELF,PRIME=OSS,CKTID=\"2037LE4_Ledn01-Wg01_WUR-O27(NP_Lis02-Wg01)\":STS3C:"
   "STS3C-1-9-1-169,STS3C-1-2-2-1:2WAYPR:SWMATE=STS3C-1-6-1-169,PRIMARYXC=SHELF,PRIME=OSS,CKTID=\"2036LP_Lls01-Wg01_WUR-O27(Lls-OPN)\":STS3C:"
   "STS3C-1-9-1-172,STS3C-1-2-2-4:2WAYPR:SWMATE=STS3C-1-6-1-172,PRIMARYXC=SHELF,PRIME=OSS,CKTID=\"2036LP_Lls01-Wg01_WUR-O27(Lls-OPN)\":STS3C:"
   "STS3C-1-9-1-175,STS3C-1-2-2-7:2WAYPR:SWMATE=STS3C-1-6-1-175,PRIMARYXC=SHELF,PRIME=OSS,CKTID=\"2036LP_Lls01-Wg01_WUR-O27(Lls-OPN)\":STS3C:"
   "STS3C-1-9-1-178,STS3C-1-2-2-10:2WAYPR:SWMATE=STS3C-1-6-1-178,PRIMARYXC=SHELF,PRIME=OSS,CKTID=\"2036LP_Lls01-Wg01_WUR-O27(Lls-OPN)\":STS3C:"
   "STS3C-1-9-1-181,STS3C-1-2-2-13:2WAYPR:SWMATE=STS3C-1-6-1-181,PRIMARYXC=SHELF,PRIME=OSS,CKTID=\"2036LP_Lls01-Wg01_WUR-O27(Lls-OPN)\":STS3C:"
   "STS3C-1-9-1-184,STS3C-1-2-2-16:2WAYPR:SWMATE=STS3C-1-6-1-184,PRIMARYXC=SHELF,PRIME=OSS,CKTID=\"2036LP_Lls01-Wg01_WUR-O27(Lls-OPN)\":STS3C:"
   "STS3C-1-9-1-187,STS3C-1-2-2-19:2WAYPR:SWMATE=STS3C-1-6-1-187,PRIMARYXC=SHELF,PRIME=OSS,CKTID=\"2036LP_Lls01-Wg01_WUR-O27(Lls-OPN)\":STS3C:"
   "STS3C-1-9-1-64,STS3C-1-2-1-1:2WAYPR:SWMATE=STS3C-1-6-1-64,PRIMARYXC=SHELF,PRIME=OSS,CKTID=\"2044LP_Ah01-Wg01_WUR-O27(Ah04-OPN)\":STS3C:"
   "STS3C-1-9-1-67,STS3C-1-2-1-4:2WAYPR:SWMATE=STS3C-1-6-1-67,PRIMARYXC=SHELF,PRIME=OSS,CKTID=\"2044LP_Ah01-Wg01_WUR-O27(Ah04-OPN)\":STS3C:"
>

   "Wg001A_OME01" 12-12-29 15:45:12
M  21 COMPLD
   "STS3C-1-9-1-70,STS3C-1-2-1-7:2WAYPR:SWMATE=STS3C-1-6-1-70,PRIMARYXC=SHELF,PRIME=OSS,CKTID=\"2044LP_Ah01-Wg01_WUR-O27(Ah04-OPN)\":STS3C:"
   "STS3C-1-9-1-73,STS3C-1-2-1-10:2WAYPR:SWMATE=STS3C-1-6-1-73,PRIMARYXC=SHELF,PRIME=OSS,CKTID=\"2044LP_Ah01-Wg01_WUR-O27(Ah04-OPN)\":STS3C:"
   "STS3C-1-9-1-76,STS3C-1-2-1-13:2WAYPR:SWMATE=STS3C-1-6-1-76,PRIMARYXC=SHELF,PRIME=OSS,CKTID=\"2044LP_Ah01-Wg01_WUR-O27(Ah04-OPN)\":STS3C:"
   "STS3C-1-9-1-79,STS3C-1-2-1-16:2WAYPR:SWMATE=STS3C-1-6-1-79,PRIMARYXC=SHELF,PRIME=OSS,CKTID=\"2044LP_Ah01-Wg01_WUR-O27(Ah04-OPN)\":STS3C:"
   "STS3C-1-9-1-82,STS3C-1-2-1-19:2WAYPR:SWMATE=STS3C-1-6-1-82,PRIMARYXC=SHELF,PRIME=OSS,CKTID=\"2044LP_Ah01-Wg01_WUR-O27(Ah04-OPN)\":STS3C:"
   "STS3C-1-3-1-1,STS3C-1-3-1-1:1WAY:PRIMARYXC=SHELF,PRIME=OSS,CKTID=\"DRAC-loopback\":STS3C:"
   "STS3C-1-6-1-85,STS3C-1-4-1-22:2WAY:PRIMARYXC=SHELF,PRIME=OSS,CKTID=\"1008IR1_Ed01-Asd01_L2SS\":STS3C:"
   "STS3C-1-6-1-88,STS3C-1-4-1-25:2WAY:PRIMARYXC=SHELF,PRIME=OSS,CKTID=\"1008IR1_Ed01-Asd01_L2SS\":STS3C:"
   "STS3C-1-6-1-91,STS3C-1-4-1-28:2WAY:PRIMARYXC=SHELF,PRIME=OSS,CKTID=\"1008IR1_Ed01-Asd01_L2SS\":STS3C:"
   "STS3C-1-6-1-94,STS3C-1-4-1-31:2WAY:PRIMARYXC=SHELF,PRIME=OSS,CKTID=\"1008IR1_Ed01-Asd01_L2SS\":STS3C:"
   "STS3C-1-6-1-97,STS3C-1-4-1-34:2WAY:PRIMARYXC=SHELF,PRIME=OSS,CKTID=\"1008IR1_Ed01-Asd01_L2SS\":STS3C:"
   "STS3C-1-6-1-100,STS3C-1-4-1-37:2WAY:PRIMARYXC=SHELF,PRIME=OSS,CKTID=\"1008IR1_Ed01-Asd01_L2SS\":STS3C:"
   "STS3C-1-6-1-103,STS3C-1-4-1-40:2WAY:PRIMARYXC=SHELF,PRIME=OSS,CKTID=\"1008IR1_Ed01-Asd01_L2SS\":STS3C:"
;RTRV-AD-ALL:"Wg001A_OME01"::22;
IP 22
<

   "Wg001A_OME01" 12-12-29 15:45:13
M  22 COMPLD
   "OC48-1-4-1:TYP-SH-SL-PRT,LINE:TX_VERSION=\"2\",TX_TAG=\"AD_2_00:20:d8:df:37:ec_001_000_004_000_001_ME_1\",RX_VERSION=\"2\",RX_ACTUAL=\"AD_2_00:20:d8:df:37:ce_001_000_006_000_001_ME_1\",RX_EXPECTED=\"\",RECONFIG=DISABLE,RX_RELIABILITY=RELIABLE,MECHANISM=IIH"
   "OC192-1-6-1:TYP-SH-SL-PRT,LINE:TX_VERSION=\"2\",TX_TAG=\"AD_2_00:20:d8:df:37:ec_001_000_006_000_001_ME_1\",RX_VERSION=\"2\",RX_ACTUAL=\"AD_2_00:21:e1:d9:ac:20_001_000_008_000_001_ME_1\",RX_EXPECTED=\"\",RECONFIG=DISABLE,RX_RELIABILITY=RELIABLE,MECHANISM=IIH"
   "OC192-1-9-1:TYP-SH-SL-PRT,LINE:TX_VERSION=\"2\",TX_TAG=\"AD_2_00:20:d8:df:37:ec_001_000_009_000_001_ME_1\",RX_VERSION=\"2\",RX_ACTUAL=\"AD_2_00:21:e1:d9:aa:1b_001_000_008_000_001_ME_1\",RX_EXPECTED=\"\",RECONFIG=DISABLE,RX_RELIABILITY=RELIABLE,MECHANISM=IIH"
;RTRV-FFP-OC192:"Wg001A_OME01":OC192-1-ALL:23;
IP 23
<

   "Wg001A_OME01" 12-12-29 15:45:14
M  23 COMPLD
;<<RTRV-HDR keep alive sent>>
IP 24
<

   "Wg001A_OME01" 12-12-29 15:46:22
M  24 COMPLD
;

   "Wg001A_OME01" 12-12-29 15:47:24
A  0000678513 REPT EVT LOG
   "DATE=12-12-29,TIME=15-47-24:USERID=SNSCRIPT,PRIORITY=GEN_TL1_CMD,STATUS=COMPLD:ACT-USER:SNSCRIPT:1::::"
;

   "Wg001A_OME01" 12-12-29 15:47:24
A  0000678514 REPT EVT LOG
   "DATE=12-12-29,TIME=15-47-24:USERID=SNSCRIPT,PRIORITY=GEN_TL1_CMD,STATUS=COMPLD:CANC-USER:SNSCRIPT:1::::"
;<<RTRV-HDR keep alive sent>>
IP 25
<

   "Wg001A_OME01" 12-12-29 15:48:23
M  25 COMPLD
;<<RTRV-HDR keep alive sent>>
IP 26
<

   "Wg001A_OME01" 12-12-29 15:50:23
M  26 COMPLD
;<<RTRV-HDR keep alive sent>>
IP 27
<

   "Wg001A_OME01" 12-12-29 15:52:23
M  27 COMPLD
;

   "Wg001A_OME01" 12-12-29 15:54:10
A  0000678515 REPT EVT LOG
   "DATE=12-12-29,TIME=15-54-10:USERID=SNSCRIPT,PRIORITY=GEN_TL1_CMD,STATUS=COMPLD:ACT-USER:SNSCRIPT:1::::"
;

   "Wg001A_OME01" 12-12-29 15:54:11
A  0000678516 REPT EVT LOG
   "DATE=12-12-29,TIME=15-54-11:USERID=SNSCRIPT,PRIORITY=GEN_TL1_CMD,STATUS=COMPLD:CANC-USER:SNSCRIPT:1::::"
;<<RTRV-HDR keep alive sent>>
IP 28
<

   "Wg001A_OME01" 12-12-29 15:54:24
M  28 COMPLD
;<<RTRV-HDR keep alive sent>>
IP 29
<

   "Wg001A_OME01" 12-12-29 15:56:24
M  29 COMPLD
;<<RTRV-HDR keep alive sent>>
IP 30
<

   "Wg001A_OME01" 12-12-29 15:58:25
M  30 COMPLD
;<<RTRV-HDR keep alive sent>>
IP 31
<

   "Wg001A_OME01" 12-12-29 16:00:25
M  31 COMPLD
;

   "Wg001A_OME01" 12-12-29 16:02:14
A  0000678517 REPT EVT LOG
   "DATE=12-12-29,TIME=16-02-14:USERID=SNSCRIPT,PRIORITY=GEN_TL1_CMD,STATUS=COMPLD:ACT-USER:SNSCRIPT:1::::"
;

   "Wg001A_OME01" 12-12-29 16:02:14
A  0000678518 REPT EVT LOG
   "DATE=12-12-29,TIME=16-02-14:USERID=SNSCRIPT,PRIORITY=GEN_TL1_CMD,STATUS=COMPLD:CANC-USER:SNSCRIPT:1::::"
;<<RTRV-HDR keep alive sent>>
IP 32
<

   "Wg001A_OME01" 12-12-29 16:02:26
M  32 COMPLD
;<<RTRV-HDR keep alive sent>>
IP 33
<

   "Wg001A_OME01" 12-12-29 16:04:26
M  33 COMPLD
;<<RTRV-HDR keep alive sent>>
IP 34
<

   "Wg001A_OME01" 12-12-29 16:06:27
M  34 COMPLD
;<<RTRV-HDR keep alive sent>>
IP 35
<

   "Wg001A_OME01" 12-12-29 16:08:27
M  35 COMPLD
;<<RTRV-HDR keep alive sent>>
IP 36
<

   "Wg001A_OME01" 12-12-29 16:10:27
M  36 COMPLD
;<<RTRV-HDR keep alive sent>>
IP 37
<

   "Wg001A_OME01" 12-12-29 16:12:27
M  37 COMPLD
;<<RTRV-HDR keep alive sent>>
IP 38
<

   "Wg001A_OME01" 12-12-29 16:14:28
M  38 COMPLD
;

   "Wg001A_OME01" 12-12-29 16:16:16
A  0000678519 REPT EVT LOG
   "DATE=12-12-29,TIME=16-16-16:USERID=SNSCRIPT,PRIORITY=GEN_TL1_CMD,STATUS=COMPLD:ACT-USER:SNSCRIPT:1::::"
;

   "Wg001A_OME01" 12-12-29 16:16:17
A  0000678520 REPT EVT LOG
   "DATE=12-12-29,TIME=16-16-17:USERID=SNSCRIPT,PRIORITY=GEN_TL1_CMD,STATUS=COMPLD:CANC-USER:SNSCRIPT:1::::"
;<<RTRV-HDR keep alive sent>>
IP 39
<

   "Wg001A_OME01" 12-12-29 16:16:28
M  39 COMPLD
;

   "Wg001A_OME01" 12-12-29 16:17:14
A  0000678521 REPT EVT LOG
   "DATE=12-12-29,TIME=16-17-14:USERID=SNSCRIPT,PRIORITY=GEN_TL1_CMD,STATUS=COMPLD:ACT-USER:SNSCRIPT:1::::"
;

   "Wg001A_OME01" 12-12-29 16:17:14
A  0000678522 REPT EVT LOG
   "DATE=12-12-29,TIME=16-17-14:USERID=SNSCRIPT,PRIORITY=GEN_TL1_CMD,STATUS=COMPLD:CANC-USER:SNSCRIPT:1::::"
;<<RTRV-HDR keep alive sent>>
IP 40
<

   "Wg001A_OME01" 12-12-29 16:18:28
M  40 COMPLD
;<<RTRV-HDR keep alive sent>>
IP 41
<

   "Wg001A_OME01" 12-12-29 16:20:29
M  41 COMPLD
;<<RTRV-HDR keep alive sent>>
IP 42
<

   "Wg001A_OME01" 12-12-29 16:22:29
M  42 COMPLD
;<<RTRV-HDR keep alive sent>>
IP 43
<

   "Wg001A_OME01" 12-12-29 16:24:30
M  43 COMPLD
;<<RTRV-HDR keep alive sent>>
IP 44
<

   "Wg001A_OME01" 12-12-29 16:26:30
M  44 COMPLD
;<<RTRV-HDR keep alive sent>>
IP 45
<

   "Wg001A_OME01" 12-12-29 16:28:30
M  45 COMPLD
;<<RTRV-HDR keep alive sent>>
IP 46
<

   "Wg001A_OME01" 12-12-29 16:30:30
M  46 COMPLD
;

   "Wg001A_OME01" 12-12-29 16:32:16
A  0000678523 REPT EVT LOG
   "DATE=12-12-29,TIME=16-32-16:USERID=SNSCRIPT,PRIORITY=GEN_TL1_CMD,STATUS=COMPLD:ACT-USER:SNSCRIPT:1::::"
;

   "Wg001A_OME01" 12-12-29 16:32:16
A  0000678524 REPT EVT LOG
   "DATE=12-12-29,TIME=16-32-16:USERID=SNSCRIPT,PRIORITY=GEN_TL1_CMD,STATUS=COMPLD:CANC-USER:SNSCRIPT:1::::"
;<<RTRV-HDR keep alive sent>>
IP 47
<

   "Wg001A_OME01" 12-12-29 16:32:31
M  47 COMPLD
;<<RTRV-HDR keep alive sent>>
IP 48
<

   "Wg001A_OME01" 12-12-29 16:34:31
M  48 COMPLD
;<<RTRV-HDR keep alive sent>>
IP 49
<

   "Wg001A_OME01" 12-12-29 16:36:31
M  49 COMPLD
;<<RTRV-HDR keep alive sent>>
IP 50
<

   "Wg001A_OME01" 12-12-29 16:38:31
M  50 COMPLD
;<<RTRV-HDR keep alive sent>>
IP 51
<

   "Wg001A_OME01" 12-12-29 16:40:32
M  51 COMPLD
;<<RTRV-HDR keep alive sent>>
IP 52
<

   "Wg001A_OME01" 12-12-29 16:42:32
M  52 COMPLD
;<<RTRV-HDR keep alive sent>>
IP 53
<

   "Wg001A_OME01" 12-12-29 16:44:34
M  53 COMPLD
;<<RTRV-HDR keep alive sent>>
IP 54
<

   "Wg001A_OME01" 12-12-29 16:46:34
M  54 COMPLD
;

   "Wg001A_OME01" 12-12-29 16:47:18
A  0000678525 REPT EVT LOG
   "DATE=12-12-29,TIME=16-47-18:USERID=SNSCRIPT,PRIORITY=GEN_TL1_CMD,STATUS=COMPLD:ACT-USER:SNSCRIPT:1::::"
;

   "Wg001A_OME01" 12-12-29 16:47:18
A  0000678526 REPT EVT LOG
   "DATE=12-12-29,TIME=16-47-18:USERID=SNSCRIPT,PRIORITY=GEN_TL1_CMD,STATUS=COMPLD:CANC-USER:SNSCRIPT:1::::"
;<<RTRV-HDR keep alive sent>>
IP 55
<

   "Wg001A_OME01" 12-12-29 16:48:34
M  55 COMPLD
;<<RTRV-HDR keep alive sent>>
IP 56
<

   "Wg001A_OME01" 12-12-29 16:50:35
M  56 COMPLD
;<<RTRV-HDR keep alive sent>>
IP 57
<

   "Wg001A_OME01" 12-12-29 16:52:36
M  57 COMPLD
;<<RTRV-HDR keep alive sent>>
IP 58
<

   "Wg001A_OME01" 12-12-29 16:54:36
M  58 COMPLD
;<<RTRV-HDR keep alive sent>>
IP 59
<

   "Wg001A_OME01" 12-12-29 16:56:36
M  59 COMPLD
;